dtt modefreq=1


tOF : 11:55:20:529
wavfile=SR2_20151112_160702_000.wav
c:
g=10
sfte=192000
cF
cN
sD: 
dP
sP
end of file treatment


tOF : 11:55:20:623
wavfile=SR2_20151112_174034_159.wav
c:
g=10
sfte=192000
cF
cN
sD: 
dP
sP
end of file treatment


tOF : 11:55:20:686
wavfile=SR2_20151112_180226_529.wav
c:
g=10
sfte=192000
cF
cN
sD: 
dP
sP
end of file treatment


tOF : 11:55:20:781
wavfile=SR2_20151112_180304_025.wav
c:
g=10
sfte=192000
cF
cN
sD: 
dP
sP
end of file treatment


tOF : 11:55:20:890
wavfile=SR2_20151112_180330_565.wav
c:
g=10
sfte=192000
cF
cN
sD: 
dP
sP
end of file treatment


tOF : 11:55:21:015
wavfile=SR2_20151112_180400_795.wav
c:
g=10
sfte=192000
cF
cN
sD: 
dP
sP
end of file treatment


tOF : 11:55:21:094
wavfile=SR2_20151112_180431_049.wav
c:
g=10
sfte=192000
cF
cN
sD: 
dP
sP
end of file treatment


tOF : 11:55:21:312
wavfile=SR2_20151112_180509_979.wav
c:
g=10
sfte=192000
cF
cN
sD: 
dP
sP
end of file treatment


tOF : 11:55:21:406
wavfile=SR2_20151112_180630_183.wav
c:
g=10
sfte=192000
cF
cN
sD: 
dP
sP
end of file treatment


tOF : 11:55:21:531
wavfile=SR2_20151112_180705_000.wav
c:
g=10
sfte=192000
cF
cN
sD: 
dP
sP
end of file treatment


tOF : 11:55:21:625
wavfile=SR2_20151112_180730_300.wav
c:
g=10
sfte=192000
cF
cN
sD: 
dP
sP
end of file treatment


tOF : 11:55:21:703
wavfile=SR2_20151112_180804_188.wav
c:
g=10
sfte=192000
cF
cN
sD: 
dP
sP
end of file treatment


tOF : 11:55:21:795
wavfile=SR2_20151112_180900_332.wav
c:
g=10
sfte=192000
cF
cN
sD: 
dP
sP
end of file treatment


tOF : 11:55:21:920
wavfile=SR2_20151112_181046_195.wav
c:
g=10
sfte=192000
cF
cN
sD: 
dP
sP
end of file treatment


tOF : 11:55:22:030
wavfile=SR2_20151112_183706_000.wav
c:
g=10
sfte=192000
cF
cN
sD: 
dP
sP
end of file treatment


tOF : 11:55:22:108
wavfile=SR2_20151112_200704_000.wav
c:
g=10
sfte=192000
cF
cN
sD: 
dP
sP
end of file treatment


tOF : 11:55:22:233
wavfile=SR2_20151112_211118_327.wav
c:
g=10
sfte=192000
cF
cN
sD: 
dP
sP
end of file treatment


tOF : 11:55:22:420
wavfile=SR2_20151112_221953_936.wav
c:
g=10
sfte=192000
cF
cN
sD: 
dP
sP
end of file treatment


tOF : 11:55:22:530
wavfile=SR2_20151113_000704_000.wav
c:
g=10
sfte=192000
cF
cN
sD: 
dP
sP
end of file treatment


tOF : 11:55:22:645
wavfile=SR2_20151113_011130_157.wav
c:
g=10
sfte=192000
cF
cN
sD: 
dP
sP
end of file treatment


tOF : 11:55:22:768
wavfile=SR2_20151113_011309_495.wav
c:
g=10
sfte=192000
cF
cN
sD: 
dP
sP
end of file treatment


tOF : 11:55:22:885
wavfile=SR2_20151113_011337_011.wav
c:
g=10
sfte=192000
cF
cN
sD: 
dP
sP
end of file treatment


tOF : 11:55:22:993
wavfile=SR2_20151113_011421_161.wav
c:
g=10
sfte=192000
cF
cN
sD: 
dP
sP
end of file treatment


tOF : 11:55:23:166
wavfile=SR2_20151113_011441_368.wav
c:
g=10
sfte=192000
cF
cN
sD: 
dP
sP
end of file treatment


tOF : 11:55:23:318
wavfile=SR2_20151113_011506_171.wav
c:
g=10
sfte=192000
cF
cN
sD: 
dP
sP
end of file treatment


tOF : 11:55:23:458
wavfile=SR2_20151113_011522_181.wav
c:
g=10
sfte=192000
cF
cN
sD: 
dP
sP
end of file treatment


tOF : 11:55:23:566
wavfile=SR2_20151113_011536_469.wav
c:
g=10
sfte=192000
cF
cN
sD: 
dP
sP
end of file treatment


tOF : 11:55:23:660
wavfile=SR2_20151113_011620_317.wav
c:
g=10
sfte=192000
cF
cN
sD: 
dP
sP
end of file treatment


tOF : 11:55:23:817
wavfile=SR2_20151113_011657_461.wav
c:
g=10
sfte=192000
cF
cN
sD: 
dP
sP
end of file treatment


tOF : 11:55:23:936
wavfile=SR2_20151113_011711_932.wav
c:
g=10
sfte=192000
cF
cN
sD: 
dP
sP
end of file treatment


tOF : 11:55:24:095
wavfile=SR2_20151113_011734_053.wav
c:
g=10
sfte=192000
cF
cN
sD: 
dP
sP
end of file treatment


tOF : 11:55:24:325
wavfile=SR2_20151113_011749_447.wav
c:
g=10
sfte=192000
cF
cN
sD: 
dP
sP
end of file treatment


tOF : 11:55:24:503
wavfile=SR2_20151113_011814_333.wav
c:
g=10
sfte=192000
cF
cN
sD: 
dP
sP
end of file treatment


tOF : 11:55:24:603
wavfile=SR2_20151113_011832_988.wav
c:
g=10
sfte=192000
cF
cN
sD: 
dP
sP
end of file treatment


tOF : 11:55:24:710
wavfile=SR2_20151113_011850_621.wav
c:
g=10
sfte=192000
cF
cN
sD: 
dP
sP
end of file treatment


tOF : 11:55:24:808
wavfile=SR2_20151113_012537_317.wav
c:
g=10
sfte=192000
cF
cN
sD: 
dP
sP
end of file treatment


tOF : 11:55:24:951
wavfile=SR2_20151113_012653_636.wav
c:
g=10
sfte=192000
cF
cN
sD: 
dP
sP
end of file treatment


tOF : 11:55:25:028
wavfile=SR2_20151113_013109_693.wav
c:
g=10
sfte=192000
cF
cN
sD: 
dP
sP
end of file treatment


tOF : 11:55:25:091
wavfile=SR2_20151113_013339_301.wav
c:
g=10
sfte=192000
cF
cN
sD: 
dP
sP
end of file treatment


tOF : 11:55:25:224
wavfile=SR2_20151113_013401_219.wav
c:
g=10
sfte=192000
cF
cN
sD: 
dP
sP
end of file treatment


tOF : 11:55:25:289
wavfile=SR2_20151113_013419_877.wav
c:
g=10
sfte=192000
cF
cN
sD: 
dP
sP
end of file treatment


tOF : 11:55:25:354
wavfile=SR2_20151113_013529_661.wav
c:
g=10
sfte=192000
cF
cN
sD: 
dP
sP
end of file treatment


tOF : 11:55:25:471
wavfile=SR2_20151113_013553_105.wav
c:
g=10
sfte=192000
cF
cN
sD: 
dP
sP
end of file treatment


tOF : 11:55:25:663
wavfile=SR2_20151113_013616_629.wav
c:
g=10
sfte=192000
cF
cN
sD: 
dP
sP
end of file treatment


tOF : 11:55:25:746
wavfile=SR2_20151113_013640_292.wav
c:
g=10
sfte=192000
cF
cN
sD: 
dP
sP
end of file treatment


tOF : 11:55:25:851
wavfile=SR2_20151113_013803_485.wav
c:
g=10
sfte=192000
cF
cN
sD: 
dP
sP
end of file treatment


tOF : 11:55:26:000
wavfile=SR2_20151113_013950_036.wav
c:
g=10
sfte=192000
cF
cN
sD: 
dP
sP
end of file treatment


tOF : 11:55:26:121
wavfile=SR2_20151113_014042_795.wav
c:
g=10
sfte=192000
cF
cN
sD: 
dP
sP
end of file treatment


tOF : 11:55:26:288
wavfile=SR2_20151113_023709_388.wav
c:
g=10
sfte=192000
cF
cN
sD: 
dP
sP
end of file treatment


tOF : 11:55:26:573
wavfile=SR2_20151113_040704_000.wav
c:
g=10
sfte=192000
cF
cN
sD: 
dP
sP
end of file treatment


tOF : 11:55:26:692
wavfile=SR2_20151113_053704_000.wav
c:
g=10
sfte=192000
cF
cN
sD: 
dP
sP
end of file treatment


tOF : 11:55:26:794
wavfile=SR2_20151113_062745_968.wav
c:
g=10
sfte=192000
cF
cN
sD: 
dP
sP
end of file treatment


tOF : 11:55:26:938
wavfile=SR2_20151113_062805_849.wav
c:
g=10
sfte=192000
cF
cN
sD: 
dP
sP
end of file treatment


tOF : 11:55:27:168
wavfile=SR2_20151113_063704_000.wav
c:
g=10
sfte=192000
cF
cN
sD: 
dP
sP
end of file treatment


tOF : 11:55:27:263
wavfile=SR2_20151113_160502_000.wav
c:
g=10
sfte=192000
cF
cN
sD: 
dP
sP
end of file treatment


tOF : 11:55:27:335
wavfile=SR2_20151122_154029_157.wav
c:
g=10
sfte=192000
cF
cN
sD: 
dP
sP
end of file treatment


tOF : 11:55:27:473
wavfile=SR2_20151122_162304_000.wav
c:
g=10
sfte=192000
cF
cN
sD: 
dP
sP
end of file treatment


tOF : 11:55:27:637
wavfile=SR2_20151122_164242_595.wav
c:
g=10
sfte=192000
cF
cN
sD: 
dP
sP
end of file treatment


tOF : 11:55:27:749
wavfile=SR2_20151122_172716_975.wav
c:
g=10
sfte=192000
cF
cN
sD: 
dP
sP
end of file treatment


tOF : 11:55:28:042
wavfile=SR2_20151122_192304_000.wav
c:
g=10
sfte=192000
cF
cN
sD: 
dP
sP
end of file treatment


tOF : 11:55:28:161
wavfile=SR2_20151122_202304_000.wav
c:
g=10
sfte=192000
cF
cN
sD: 
dP
sP
end of file treatment


tOF : 11:55:28:308
wavfile=SR2_20151122_204104_589.wav
c:
g=10
sfte=192000
cF
cN
sD: 
dP
sP
end of file treatment


tOF : 11:55:28:390
wavfile=SR2_20151122_204905_737.wav
c:
g=10
sfte=192000
cF
cN
sD: 
dP
sP
end of file treatment


tOF : 11:55:28:480
wavfile=SR2_20151122_210717_524.wav
c:
g=10
sfte=192000
cF
cN
sD: 
dP
sP
end of file treatment


tOF : 11:55:28:605
wavfile=SR2_20151122_212305_000.wav
c:
g=10
sfte=192000
cF
cN
sD: 
dP
sP
end of file treatment


tOF : 11:55:28:690
wavfile=SR2_20151122_214447_016.wav
c:
g=10
sfte=192000
cF
cN
sD: 
dP
sP
end of file treatment


tOF : 11:55:28:786
wavfile=SR2_20151122_222304_000.wav
c:
g=10
sfte=192000
cF
cN
sD: 
dP
sP
end of file treatment


tOF : 11:55:28:872
wavfile=SR2_20151122_224004_097.wav
c:
g=10
sfte=192000
cF
cN
sD: 
dP
sP
end of file treatment


tOF : 11:55:28:942
wavfile=SR2_20151122_230521_403.wav
c:
g=10
sfte=192000
cF
cN
sD: 
dP
sP
end of file treatment


tOF : 11:55:29:006
wavfile=SR2_20151122_233233_019.wav
c:
g=10
sfte=192000
cF
cN
sD: 
dP
sP
end of file treatment


tOF : 11:55:29:056
wavfile=SR2_20151123_012304_000.wav
c:
g=10
sfte=192000
cF
cN
sD: 
dP
sP
end of file treatment


tOF : 11:55:29:111
wavfile=SR2_20151123_024124_648.wav
c:
g=10
sfte=192000
cF
cN
sD: 
dP
sP
end of file treatment


tOF : 11:55:29:184
wavfile=SR2_20151123_024213_695.wav
c:
g=10
sfte=192000
cF
cN
sD: 
dP
sP
end of file treatment


tOF : 11:55:29:283
wavfile=SR2_20151123_024226_157.wav
c:
g=10
sfte=192000
cF
cN
sD: 
dP
sP
end of file treatment


tOF : 11:55:29:362
wavfile=SR2_20151123_024250_845.wav
c:
g=10
sfte=192000
cF
cN
sD: 
dP
sP
end of file treatment


tOF : 11:55:29:486
wavfile=SR2_20151123_024310_279.wav
c:
g=10
sfte=192000
cF
cN
sD: 
dP
sP
end of file treatment


tOF : 11:55:29:585
wavfile=SR2_20151123_024335_981.wav
c:
g=10
sfte=192000
cF
cN
sD: 
dP
sP
end of file treatment


tOF : 11:55:29:668
wavfile=SR2_20151123_025251_223.wav
c:
g=10
sfte=192000
cF
cN
sD: 
dP
sP
end of file treatment


tOF : 11:55:29:725
wavfile=SR2_20151123_041432_655.wav
c:
g=10
sfte=192000
cF
cN
sD: 
dP
sP
end of file treatment


tOF : 11:55:29:801
wavfile=SR2_20151123_055304_000.wav
c:
g=10
sfte=192000
cF
cN
sD: 
dP
sP
end of file treatment


tOF : 11:55:29:862
wavfile=SR2_20151123_075304_000.wav
c:
g=10
sfte=192000
cF
cN
sD: 
dP
sP
end of file treatment


tOF : 11:55:29:945
wavfile=SR2_20151123_162204_000.wav
c:
g=10
sfte=192000
cF
cN
sD: 
dP
sP
end of file treatment


tOF : 11:55:29:995
wavfile=SR2_20151123_180749_087.wav
c:
g=10
sfte=192000
cF
cN
sD: 
dP
sP
end of file treatment


tOF : 11:55:30:143
wavfile=SR2_20151123_191530_564.wav
c:
g=10
sfte=192000
cF
cN
sD: 
dP
sP
end of file treatment


tOF : 11:55:30:299
wavfile=SR2_20151123_202204_000.wav
c:
g=10
sfte=192000
cF
cN
sD: 
dP
sP
end of file treatment


tOF : 11:55:30:466
wavfile=SR2_20151123_212752_364.wav
c:
g=10
sfte=192000
cF
cN
sD: 
dP
sP
end of file treatment


tOF : 11:55:30:610
wavfile=SR2_20151123_213242_189.wav
c:
g=10
sfte=192000
cF
cN
sD: 
dP
sP
end of file treatment


tOF : 11:55:30:683
wavfile=SR2_20151123_214143_348.wav
c:
g=10
sfte=192000
cF
cN
sD: 
dP
sP
end of file treatment


tOF : 11:55:30:868
wavfile=SR2_20151123_214418_583.wav
c:
g=10
sfte=192000
cF
cN
sD: 
dP
sP
end of file treatment


tOF : 11:55:31:013
wavfile=SR2_20151123_214651_607.wav
c:
g=10
sfte=192000
cF
cN
sD: 
dP
sP
end of file treatment


tOF : 11:55:31:404
wavfile=SR2_20151123_214851_860.wav
c:
g=10
sfte=192000
cF
cN
sD: 
dP
sP
end of file treatment


tOF : 11:55:31:591
wavfile=SR2_20151123_215112_939.wav
c:
g=10
sfte=192000
cF
cN
sD: 
dP
sP
end of file treatment


tOF : 11:55:31:814
wavfile=SR2_20151123_215327_012.wav
c:
g=10
sfte=192000
cF
cN
sD: 
dP
sP
end of file treatment


tOF : 11:55:31:967
wavfile=SR2_20151123_215616_200.wav
c:
g=10
sfte=192000
cF
cN
sD: 
dP
sP
end of file treatment


tOF : 11:55:32:088
wavfile=SR2_20151123_215656_699.wav
c:
g=10
sfte=192000
cF
cN
sD: 
dP
sP
end of file treatment


tOF : 11:55:32:202
wavfile=SR2_20151123_220001_744.wav
c:
g=10
sfte=192000
cF
cN
sD: 
dP
sP
end of file treatment


tOF : 11:55:32:358
wavfile=SR2_20151123_220135_651.wav
c:
g=10
sfte=192000
cF
cN
sD: 
dP
sP
end of file treatment


tOF : 11:55:32:610
wavfile=SR2_20151123_220408_573.wav
c:
g=10
sfte=192000
cF
cN
sD: 
dP
sP
end of file treatment


tOF : 11:55:32:707
wavfile=SR2_20151123_220604_080.wav
c:
g=10
sfte=192000
cF
cN
sD: 
dP
sP
end of file treatment


tOF : 11:55:32:864
wavfile=SR2_20151123_220657_849.wav
c:
g=10
sfte=192000
cF
cN
sD: 
dP
sP
end of file treatment


tOF : 11:55:33:043
wavfile=SR2_20151123_220849_147.wav
c:
g=10
sfte=192000
cF
cN
sD: 
dP
sP
end of file treatment


tOF : 11:55:33:277
wavfile=SR2_20151123_221019_357.wav
c:
g=10
sfte=192000
cF
cN
sD: 
dP
sP
end of file treatment


tOF : 11:55:33:443
wavfile=SR2_20151123_221228_367.wav
c:
g=10
sfte=192000
cF
cN
sD: 
dP
sP
end of file treatment


tOF : 11:55:33:608
wavfile=SR2_20151123_221436_300.wav
c:
g=10
sfte=192000
cF
cN
sD: 
dP
sP
end of file treatment


tOF : 11:55:33:795
wavfile=SR2_20151123_221546_567.wav
c:
g=10
sfte=192000
cF
cN
sD: 
dP
sP
end of file treatment


tOF : 11:55:34:002
wavfile=SR2_20151123_221605_172.wav
c:
g=10
sfte=192000
cF
cN
sD: 
dP
sP
end of file treatment


tOF : 11:55:34:090
wavfile=SR2_20151123_221710_657.wav
c:
g=10
sfte=192000
cF
cN
sD: 
dP
sP
end of file treatment


tOF : 11:55:34:222
wavfile=SR2_20151123_221826_633.wav
c:
g=10
sfte=192000
cF
cN
sD: 
dP
sP
end of file treatment


tOF : 11:55:34:291
wavfile=SR2_20151123_222039_663.wav
c:
g=10
sfte=192000
cF
cN
sD: 
dP
sP
end of file treatment


tOF : 11:55:34:363
wavfile=SR2_20151123_222318_165.wav
c:
g=10
sfte=192000
cF
cN
sD: 
dP
sP
end of file treatment


tOF : 11:55:34:479
wavfile=SR2_20151123_222427_691.wav
c:
g=10
sfte=192000
cF
cN
sD: 
dP
sP
end of file treatment


tOF : 11:55:34:563
wavfile=SR2_20151123_222547_256.wav
c:
g=10
sfte=192000
cF
cN
sD: 
dP
sP
end of file treatment


tOF : 11:55:34:710
wavfile=SR2_20151123_222658_287.wav
c:
g=10
sfte=192000
cF
cN
sD: 
dP
sP
end of file treatment


tOF : 11:55:34:909
wavfile=SR2_20151123_222744_996.wav
c:
g=10
sfte=192000
cF
cN
sD: 
dP
sP
end of file treatment


tOF : 11:55:35:046
wavfile=SR2_20151123_222802_343.wav
c:
g=10
sfte=192000
cF
cN
sD: 
dP
sP
end of file treatment


tOF : 11:55:35:187
wavfile=SR2_20151123_223007_075.wav
c:
g=10
sfte=192000
cF
cN
sD: 
dP
sP
end of file treatment


tOF : 11:55:35:317
wavfile=SR2_20151123_223110_031.wav
c:
g=10
sfte=192000
cF
cN
sD: 
dP
sP
end of file treatment


tOF : 11:55:35:502
wavfile=SR2_20151123_223240_457.wav
c:
g=10
sfte=192000
cF
cN
sD: 
dP
sP
end of file treatment


tOF : 11:55:35:708
wavfile=SR2_20151123_223420_709.wav
c:
g=10
sfte=192000
cF
cN
sD: 
dP
sP
end of file treatment


tOF : 11:55:35:924
wavfile=SR2_20151123_223505_173.wav
c:
g=10
sfte=192000
cF
cN
sD: 
dP
sP
end of file treatment


tOF : 11:55:36:038
wavfile=SR2_20151123_223558_195.wav
c:
g=10
sfte=192000
cF
cN
sD: 
dP
sP
end of file treatment


tOF : 11:55:36:128
wavfile=SR2_20151123_223910_503.wav
c:
g=10
sfte=192000
cF
cN
sD: 
dP
sP
end of file treatment


tOF : 11:55:36:325
wavfile=SR2_20151123_224009_355.wav
c:
g=10
sfte=192000
cF
cN
sD: 
dP
sP
end of file treatment


tOF : 11:55:36:478
wavfile=SR2_20151123_224159_015.wav
c:
g=10
sfte=192000
cF
cN
sD: 
dP
sP
end of file treatment


tOF : 11:55:36:560
wavfile=SR2_20151123_224300_296.wav
c:
g=10
sfte=192000
cF
cN
sD: 
dP
sP
end of file treatment


tOF : 11:55:36:739
wavfile=SR2_20151123_224424_740.wav
c:
g=10
sfte=192000
cF
cN
sD: 
dP
sP
end of file treatment


tOF : 11:55:36:831
wavfile=SR2_20151123_224507_200.wav
c:
g=10
sfte=192000
cF
cN
sD: 
dP
sP
end of file treatment


tOF : 11:55:36:927
wavfile=SR2_20151123_224615_129.wav
c:
g=10
sfte=192000
cF
cN
sD: 
dP
sP
end of file treatment


tOF : 11:55:37:047
wavfile=SR2_20151123_224744_027.wav
c:
g=10
sfte=192000
cF
cN
sD: 
dP
sP
end of file treatment


tOF : 11:55:37:141
wavfile=SR2_20151123_224906_315.wav
c:
g=10
sfte=192000
cF
cN
sD: 
dP
sP
end of file treatment


tOF : 11:55:37:241
wavfile=SR2_20151123_224949_577.wav
c:
g=10
sfte=192000
cF
cN
sD: 
dP
sP
end of file treatment


tOF : 11:55:37:311
wavfile=SR2_20151123_225206_000.wav
c:
g=10
sfte=192000
cF
cN
sD: 
dP
sP
end of file treatment


tOF : 11:55:37:501
wavfile=SR2_20151123_225714_845.wav
c:
g=10
sfte=192000
cF
cN
sD: 
dP
sP
end of file treatment


tOF : 11:55:37:683
wavfile=SR2_20151123_225837_820.wav
c:
g=10
sfte=192000
cF
cN
sD: 
dP
sP
end of file treatment


tOF : 11:55:37:834
wavfile=SR2_20151123_230221_144.wav
c:
g=10
sfte=192000
cF
cN
sD: 
dP
sP
end of file treatment


tOF : 11:55:37:959
wavfile=SR2_20151123_230245_727.wav
c:
g=10
sfte=192000
cF
cN
sD: 
dP
sP
end of file treatment


tOF : 11:55:38:155
wavfile=SR2_20151123_230420_707.wav
c:
g=10
sfte=192000
cF
cN
sD: 
dP
sP
end of file treatment


tOF : 11:55:38:328
wavfile=SR2_20151123_230617_777.wav
c:
g=10
sfte=192000
cF
cN
sD: 
dP
sP
end of file treatment


tOF : 11:55:38:458
wavfile=SR2_20151123_230916_857.wav
c:
g=10
sfte=192000
cF
cN
sD: 
dP
sP
end of file treatment


tOF : 11:55:38:715
wavfile=SR2_20151123_231027_196.wav
c:
g=10
sfte=192000
cF
cN
sD: 
dP
sP
end of file treatment


tOF : 11:55:38:873
wavfile=SR2_20151123_231139_888.wav
c:
g=10
sfte=192000
cF
cN
sD: 
dP
sP
end of file treatment


tOF : 11:55:38:970
wavfile=SR2_20151123_231340_095.wav
c:
g=10
sfte=192000
cF
cN
sD: 
dP
sP
end of file treatment


tOF : 11:55:39:053
wavfile=SR2_20151123_231429_865.wav
c:
g=10
sfte=192000
cF
cN
sD: 
dP
sP
end of file treatment


tOF : 11:55:39:127
wavfile=SR2_20151123_231659_703.wav
c:
g=10
sfte=192000
cF
cN
sD: 
dP
sP
end of file treatment


tOF : 11:55:39:269
wavfile=SR2_20151123_232205_000.wav
c:
g=10
sfte=192000
cF
cN
sD: 
dP
sP
end of file treatment


tOF : 11:55:39:409
wavfile=SR2_20151123_232256_421.wav
c:
g=10
sfte=192000
cF
cN
sD: 
dP
sP
end of file treatment


tOF : 11:55:39:663
wavfile=SR2_20151123_232436_597.wav
c:
g=10
sfte=192000
cF
cN
sD: 
dP
sP
end of file treatment


tOF : 11:55:39:917
wavfile=SR2_20151123_232552_749.wav
c:
g=10
sfte=192000
cF
cN
sD: 
dP
sP
end of file treatment


tOF : 11:55:40:137
wavfile=SR2_20151123_232809_777.wav
c:
g=10
sfte=192000
cF
cN
sD: 
dP
sP
end of file treatment


tOF : 11:55:40:270
wavfile=SR2_20151123_233120_881.wav
c:
g=10
sfte=192000
cF
cN
sD: 
dP
sP
end of file treatment


tOF : 11:55:40:411
wavfile=SR2_20151123_233232_580.wav
c:
g=10
sfte=192000
cF
cN
sD: 
dP
sP
end of file treatment


tOF : 11:55:40:508
wavfile=SR2_20151123_233449_663.wav
c:
g=10
sfte=192000
cF
cN
sD: 
dP
sP
end of file treatment


tOF : 11:55:40:694
wavfile=SR2_20151123_233613_819.wav
c:
g=10
sfte=192000
cF
cN
sD: 
dP
sP
end of file treatment


tOF : 11:55:40:951
wavfile=SR2_20151123_233742_039.wav
c:
g=10
sfte=192000
cF
cN
sD: 
dP
sP
end of file treatment


tOF : 11:55:41:150
wavfile=SR2_20151123_233855_525.wav
c:
g=10
sfte=192000
cF
cN
sD: 
dP
sP
end of file treatment


tOF : 11:55:41:271
wavfile=SR2_20151123_234117_985.wav
c:
g=10
sfte=192000
cF
cN
sD: 
dP
sP
end of file treatment


tOF : 11:55:41:377
wavfile=SR2_20151123_234349_301.wav
c:
g=10
sfte=192000
cF
cN
sD: 
dP
sP
end of file treatment


tOF : 11:55:41:496
wavfile=SR2_20151123_234540_372.wav
c:
g=10
sfte=192000
cF
cN
sD: 
dP
sP
end of file treatment


tOF : 11:55:41:585
wavfile=SR2_20151123_234909_856.wav
c:
g=10
sfte=192000
cF
cN
sD: 
dP
sP
end of file treatment


tOF : 11:55:41:661
wavfile=SR2_20151123_235206_000.wav
c:
g=10
sfte=192000
cF
cN
sD: 
dP
sP
end of file treatment


tOF : 11:55:41:770
wavfile=SR2_20151123_235407_900.wav
c:
g=10
sfte=192000
cF
cN
sD: 
dP
sP
end of file treatment


tOF : 11:55:41:871
wavfile=SR2_20151124_000042_280.wav
c:
g=10
sfte=192000
cF
cN
sD: 
dP
sP
end of file treatment


tOF : 11:55:42:016
wavfile=SR2_20151124_000201_496.wav
c:
g=10
sfte=192000
cF
cN
sD: 
dP
sP
end of file treatment


tOF : 11:55:42:148
wavfile=SR2_20151124_000650_217.wav
c:
g=10
sfte=192000
cF
cN
sD: 
dP
sP
end of file treatment


tOF : 11:55:42:210
wavfile=SR2_20151124_001023_961.wav
c:
g=10
sfte=192000
cF
cN
sD: 
dP
sP
end of file treatment


tOF : 11:55:42:345
wavfile=SR2_20151124_001153_672.wav
c:
g=10
sfte=192000
cF
cN
sD: 
dP
sP
end of file treatment


tOF : 11:55:42:475
wavfile=SR2_20151124_001522_699.wav
c:
g=10
sfte=192000
cF
cN
sD: 
dP
sP
end of file treatment


tOF : 11:55:42:627
wavfile=SR2_20151124_001612_039.wav
c:
g=10
sfte=192000
cF
cN
sD: 
dP
sP
end of file treatment


tOF : 11:55:42:743
wavfile=SR2_20151124_001735_601.wav
c:
g=10
sfte=192000
cF
cN
sD: 
dP
sP
end of file treatment


tOF : 11:55:42:838
wavfile=SR2_20151124_002100_037.wav
c:
g=10
sfte=192000
cF
cN
sD: 
dP
sP
end of file treatment


tOF : 11:55:42:896
wavfile=SR2_20151124_002145_447.wav
c:
g=10
sfte=192000
cF
cN
sD: 
dP
sP
end of file treatment


tOF : 11:55:42:979
wavfile=SR2_20151124_002228_676.wav
c:
g=10
sfte=192000
cF
cN
sD: 
dP
sP
end of file treatment


tOF : 11:55:43:112
wavfile=SR2_20151124_002433_812.wav
c:
g=10
sfte=192000
cF
cN
sD: 
dP
sP
end of file treatment


tOF : 11:55:43:186
wavfile=SR2_20151124_002508_280.wav
c:
g=10
sfte=192000
cF
cN
sD: 
dP
sP
end of file treatment


tOF : 11:55:43:236
wavfile=SR2_20151124_002708_145.wav
c:
g=10
sfte=192000
cF
cN
sD: 
dP
sP
end of file treatment


tOF : 11:55:43:306
wavfile=SR2_20151124_003446_289.wav
c:
g=10
sfte=192000
cF
cN
sD: 
dP
sP
end of file treatment


tOF : 11:55:43:388
wavfile=SR2_20151124_003714_233.wav
c:
g=10
sfte=192000
cF
cN
sD: 
dP
sP
end of file treatment


tOF : 11:55:43:481
wavfile=SR2_20151124_004003_241.wav
c:
g=10
sfte=192000
cF
cN
sD: 
dP
sP
end of file treatment


tOF : 11:55:43:768
wavfile=SR2_20151124_005206_000.wav
c:
g=10
sfte=192000
cF
cN
sD: 
dP
sP
end of file treatment


tOF : 11:55:43:855
wavfile=SR2_20151124_005952_951.wav
c:
g=10
sfte=192000
cF
cN
sD: 
dP
sP
end of file treatment


tOF : 11:55:43:966
wavfile=SR2_20151124_011701_869.wav
c:
g=10
sfte=192000
cF
cN
sD: 
dP
sP
end of file treatment


tOF : 11:55:44:041
wavfile=SR2_20151124_013751_080.wav
c:
g=10
sfte=192000
cF
cN
sD: 
dP
sP
end of file treatment


tOF : 11:55:44:118
wavfile=SR2_20151124_014112_892.wav
c:
g=10
sfte=192000
cF
cN
sD: 
dP
sP
end of file treatment


tOF : 11:55:44:167
wavfile=SR2_20151124_015204_000.wav
c:
g=10
sfte=192000
cF
cN
sD: 
dP
sP
end of file treatment


tOF : 11:55:44:234
wavfile=SR2_20151124_020822_332.wav
c:
g=10
sfte=192000
cF
cN
sD: 
dP
sP
end of file treatment


tOF : 11:55:44:325
wavfile=SR2_20151124_022103_275.wav
c:
g=10
sfte=192000
cF
cN
sD: 
dP
sP
end of file treatment


tOF : 11:55:44:387
wavfile=SR2_20151124_023045_293.wav
c:
g=10
sfte=192000
cF
cN
sD: 
dP
sP
end of file treatment


tOF : 11:55:44:471
wavfile=SR2_20151124_023931_300.wav
c:
g=10
sfte=192000
cF
cN
sD: 
dP
sP
end of file treatment


tOF : 11:55:44:670
wavfile=SR2_20151124_024140_136.wav
c:
g=10
sfte=192000
cF
cN
sD: 
dP
sP
end of file treatment


tOF : 11:55:44:742
wavfile=SR2_20151124_025204_000.wav
c:
g=10
sfte=192000
cF
cN
sD: 
dP
sP
end of file treatment


tOF : 11:55:44:851
wavfile=SR2_20151124_030144_607.wav
c:
g=10
sfte=192000
cF
cN
sD: 
dP
sP
end of file treatment


tOF : 11:55:44:915
wavfile=SR2_20151124_032019_540.wav
c:
g=10
sfte=192000
cF
cN
sD: 
dP
sP
end of file treatment


tOF : 11:55:45:007
wavfile=SR2_20151124_035204_000.wav
c:
g=10
sfte=192000
cF
cN
sD: 
dP
sP
end of file treatment


tOF : 11:55:45:058
wavfile=SR2_20151124_042538_351.wav
c:
g=10
sfte=192000
cF
cN
sD: 
dP
sP
end of file treatment


tOF : 11:55:45:133
wavfile=SR2_20151124_043441_436.wav
c:
g=10
sfte=192000
cF
cN
sD: 
dP
sP
end of file treatment


tOF : 11:55:45:184
wavfile=SR2_20151124_044300_489.wav
c:
g=10
sfte=192000
cF
cN
sD: 
dP
sP
end of file treatment


tOF : 11:55:45:275
wavfile=SR2_20151124_053939_127.wav
c:
g=10
sfte=192000
cF
cN
sD: 
dP
sP
end of file treatment


tOF : 11:55:45:365
wavfile=SR2_20151124_065204_000.wav
c:
g=10
sfte=192000
cF
cN
sD: 
dP
sP
end of file treatment


tOF : 11:55:45:456
wavfile=SR2_20151124_153829_797.wav
c:
g=10
sfte=192000
cF
cN
sD: 
dP
sP
end of file treatment


tOF : 11:55:45:534
wavfile=SR2_20151124_160420_975.wav
c:
g=10
sfte=192000
cF
cN
sD: 
dP
sP
end of file treatment


tOF : 11:55:45:593
wavfile=SR2_20151124_164203_253.wav
c:
g=10
sfte=192000
cF
cN
sD: 
dP
sP
end of file treatment


tOF : 11:55:45:751
wavfile=SR2_20151124_172252_548.wav
c:
g=10
sfte=192000
cF
cN
sD: 
dP
sP
end of file treatment


tOF : 11:55:45:984
wavfile=SR2_20151124_192104_000.wav
c:
g=10
sfte=192000
cF
cN
sD: 
dP
sP
end of file treatment


tOF : 11:55:46:053
wavfile=SR2_20151124_212104_000.wav
c:
g=10
sfte=192000
cF
cN
sD: 
dP
sP
end of file treatment


tOF : 11:55:46:126
wavfile=SR2_20151124_232104_000.wav
c:
g=10
sfte=192000
cF
cN
sD: 
dP
sP
end of file treatment


tOF : 11:55:46:193
wavfile=SR2_20151125_012104_000.wav
c:
g=10
sfte=192000
cF
cN
sD: 
dP
sP
end of file treatment


tOF : 11:55:46:272
wavfile=SR2_20151125_032104_000.wav
c:
g=10
sfte=192000
cF
cN
sD: 
dP
sP
end of file treatment


tOF : 11:55:46:355
wavfile=SR2_20151125_045104_000.wav
c:
g=10
sfte=192000
cF
cN
sD: 
dP
sP
end of file treatment


tOF : 11:55:46:406
wavfile=SR2_20151125_065104_000.wav
c:
g=10
sfte=192000
cF
cN
sD: 
dP
sP
end of file treatment


tOF : 11:55:46:462
wavfile=SR2_20151125_152000_000.wav
c:
g=10
sfte=192000
cF
cN
sD: 
dP
sP
end of file treatment


tOF : 11:55:46:540
wavfile=SR2_20151125_152030_247.wav
c:
g=10
sfte=192000
cF
cN
sD: 
dP
sP
end of file treatment


tOF : 11:55:46:645
wavfile=SR2_20151125_152946_601.wav
c:
g=10
sfte=192000
cF
cN
sD: 
dP
sP
end of file treatment


tOF : 11:55:46:730
wavfile=SR2_20151125_153229_360.wav
c:
g=10
sfte=192000
cF
cN
sD: 
dP
sP
end of file treatment


tOF : 11:55:46:879
wavfile=SR2_20151125_153248_225.wav
c:
g=10
sfte=192000
cF
cN
sD: 
dP
sP
end of file treatment


tOF : 11:55:46:949
wavfile=SR2_20151125_165004_000.wav
c:
g=10
sfte=192000
cF
cN
sD: 
dP
sP
end of file treatment


tOF : 11:55:47:025
wavfile=SR2_20151125_173719_403.wav
c:
g=10
sfte=192000
cF
cN
sD: 
dP
sP
end of file treatment


tOF : 11:55:47:114
wavfile=SR2_20151125_182904_081.wav
c:
g=10
sfte=192000
cF
cN
sD: 
dP
sP
end of file treatment


tOF : 11:55:47:173
wavfile=SR2_20151125_182909_825.wav
c:
g=10
sfte=192000
cF
cN
sD: 
dP
sP
end of file treatment


tOF : 11:55:47:251
wavfile=SR2_20151125_182922_875.wav
c:
g=10
sfte=192000
cF
cN
sD: 
dP
sP
end of file treatment


tOF : 11:55:47:582
wavfile=SR2_20151125_182941_745.wav
c:
g=10
sfte=192000
cF
cN
sD: 
dP
sP
end of file treatment


tOF : 11:55:47:750
wavfile=SR2_20151125_182958_567.wav
c:
g=10
sfte=192000
cF
cN
sD: 
dP
sP
end of file treatment


tOF : 11:55:47:867
wavfile=SR2_20151125_183014_200.wav
c:
g=10
sfte=192000
cF
cN
sD: 
dP
sP
end of file treatment


tOF : 11:55:47:963
wavfile=SR2_20151125_183037_012.wav
c:
g=10
sfte=192000
cF
cN
sD: 
dP
sP
end of file treatment


tOF : 11:55:48:106
wavfile=SR2_20151125_185006_000.wav
c:
g=10
sfte=192000
cF
cN
sD: 
dP
sP
end of file treatment


tOF : 11:55:48:216
wavfile=SR2_20151125_202004_000.wav
c:
g=10
sfte=192000
cF
cN
sD: 
dP
sP
end of file treatment


tOF : 11:55:48:291
wavfile=SR2_20151125_212004_000.wav
c:
g=10
sfte=192000
cF
cN
sD: 
dP
sP
end of file treatment


tOF : 11:55:48:385
wavfile=SR2_20151125_212751_252.wav
c:
g=10
sfte=192000
cF
cN
sD: 
dP
sP
end of file treatment


tOF : 11:55:48:464
wavfile=SR2_20151125_212830_291.wav
c:
g=10
sfte=192000
cF
cN
sD: 
dP
sP
end of file treatment


tOF : 11:55:48:534
wavfile=SR2_20151125_212851_927.wav
c:
g=10
sfte=192000
cF
cN
sD: 
dP
sP
end of file treatment


tOF : 11:55:48:673
wavfile=SR2_20151125_212910_252.wav
c:
g=10
sfte=192000
cF
cN
sD: 
dP
sP
end of file treatment


tOF : 11:55:48:747
wavfile=SR2_20151125_212930_537.wav
c:
g=10
sfte=192000
cF
cN
sD: 
dP
sP
end of file treatment


tOF : 11:55:48:846
wavfile=SR2_20151125_212947_593.wav
c:
g=10
sfte=192000
cF
cN
sD: 
dP
sP
end of file treatment


tOF : 11:55:49:009
wavfile=SR2_20151125_213004_723.wav
c:
g=10
sfte=192000
cF
cN
sD: 
dP
sP
end of file treatment


tOF : 11:55:49:166
wavfile=SR2_20151125_213016_169.wav
c:
g=10
sfte=192000
cF
cN
sD: 
dP
sP
end of file treatment


tOF : 11:55:49:306
wavfile=SR2_20151125_213039_644.wav
c:
g=10
sfte=192000
cF
cN
sD: 
dP
sP
end of file treatment


tOF : 11:55:49:527
wavfile=SR2_20151125_213058_521.wav
c:
g=10
sfte=192000
cF
cN
sD: 
dP
sP
end of file treatment


tOF : 11:55:49:669
wavfile=SR2_20151125_213106_588.wav
c:
g=10
sfte=192000
cF
cN
sD: 
dP
sP
end of file treatment


tOF : 11:55:49:834
wavfile=SR2_20151125_213117_281.wav
c:
g=10
sfte=192000
cF
cN
sD: 
dP
sP
end of file treatment


tOF : 11:55:49:951
wavfile=SR2_20151125_213129_739.wav
c:
g=10
sfte=192000
cF
cN
sD: 
dP
sP
end of file treatment


tOF : 11:55:50:230
wavfile=SR2_20151125_213145_636.wav
c:
g=10
sfte=192000
cF
cN
sD: 
dP
sP
end of file treatment


tOF : 11:55:50:384
wavfile=SR2_20151125_213222_353.wav
c:
g=10
sfte=192000
cF
cN
sD: 
dP
sP
end of file treatment


tOF : 11:55:50:516
wavfile=SR2_20151125_213247_495.wav
c:
g=10
sfte=192000
cF
cN
sD: 
dP
sP
end of file treatment


tOF : 11:55:50:713
wavfile=SR2_20151125_213301_083.wav
c:
g=10
sfte=192000
cF
cN
sD: 
dP
sP
end of file treatment


tOF : 11:55:50:938
wavfile=SR2_20151125_213335_079.wav
c:
g=10
sfte=192000
cF
cN
sD: 
dP
sP
end of file treatment


tOF : 11:55:51:064
wavfile=SR2_20151125_213405_529.wav
c:
g=10
sfte=192000
cF
cN
sD: 
dP
sP
end of file treatment


tOF : 11:55:51:590
wavfile=SR2_20151125_213425_157.wav
c:
g=10
sfte=192000
cF
cN
sD: 
dP
sP
end of file treatment


tOF : 11:55:51:915
wavfile=SR2_20151125_213434_312.wav
c:
g=10
sfte=192000
cF
cN
sD: 
dP
sP
end of file treatment


tOF : 11:55:52:179
wavfile=SR2_20151125_213442_735.wav
c:
g=10
sfte=192000
cF
cN
sD: 
dP
sP
end of file treatment


tOF : 11:55:52:318
wavfile=SR2_20151125_213456_947.wav
c:
g=10
sfte=192000
cF
cN
sD: 
dP
sP
end of file treatment


tOF : 11:55:52:454
wavfile=SR2_20151125_213515_393.wav
c:
g=10
sfte=192000
cF
cN
sD: 
dP
sP
end of file treatment


tOF : 11:55:52:534
wavfile=SR2_20151125_213525_821.wav
c:
g=10
sfte=192000
cF
cN
sD: 
dP
sP
end of file treatment


tOF : 11:55:52:662
wavfile=SR2_20151125_213533_675.wav
c:
g=10
sfte=192000
cF
cN
sD: 
dP
sP
end of file treatment


tOF : 11:55:52:799
wavfile=SR2_20151125_213546_063.wav
c:
g=10
sfte=192000
cF
cN
sD: 
dP
sP
end of file treatment


tOF : 11:55:52:899
wavfile=SR2_20151125_213559_265.wav
c:
g=10
sfte=192000
cF
cN
sD: 
dP
sP
end of file treatment


tOF : 11:55:53:036
wavfile=SR2_20151125_213607_836.wav
c:
g=10
sfte=192000
cF
cN
sD: 
dP
sP
end of file treatment


tOF : 11:55:53:124
wavfile=SR2_20151125_213622_104.wav
c:
g=10
sfte=192000
cF
cN
sD: 
dP
sP
end of file treatment


tOF : 11:55:53:216
wavfile=SR2_20151125_213645_404.wav
c:
g=10
sfte=192000
cF
cN
sD: 
dP
sP
end of file treatment


tOF : 11:55:53:337
wavfile=SR2_20151125_213707_241.wav
c:
g=10
sfte=192000
cF
cN
sD: 
dP
sP
end of file treatment


tOF : 11:55:53:470
wavfile=SR2_20151125_213753_525.wav
c:
g=10
sfte=192000
cF
cN
sD: 
dP
sP
end of file treatment


tOF : 11:55:53:630
wavfile=SR2_20151125_213836_701.wav
c:
g=10
sfte=192000
cF
cN
sD: 
dP
sP
end of file treatment


tOF : 11:55:53:856
wavfile=SR2_20151125_213902_468.wav
c:
g=10
sfte=192000
cF
cN
sD: 
dP
sP
end of file treatment


tOF : 11:55:53:963
wavfile=SR2_20151125_213927_809.wav
c:
g=10
sfte=192000
cF
cN
sD: 
dP
sP
end of file treatment


tOF : 11:55:54:051
wavfile=SR2_20151125_214008_808.wav
c:
g=10
sfte=192000
cF
cN
sD: 
dP
sP
end of file treatment


tOF : 11:55:54:249
wavfile=SR2_20151125_214056_372.wav
c:
g=10
sfte=192000
cF
cN
sD: 
dP
sP
end of file treatment


tOF : 11:55:54:396
wavfile=SR2_20151125_214144_051.wav
c:
g=10
sfte=192000
cF
cN
sD: 
dP
sP
end of file treatment


tOF : 11:55:54:473
wavfile=SR2_20151125_214307_292.wav
c:
g=10
sfte=192000
cF
cN
sD: 
dP
sP
end of file treatment


tOF : 11:55:54:546
wavfile=SR2_20151125_214343_757.wav
c:
g=10
sfte=192000
cF
cN
sD: 
dP
sP
end of file treatment


tOF : 11:55:54:635
wavfile=SR2_20151125_214409_900.wav
c:
g=10
sfte=192000
cF
cN
sD: 
dP
sP
end of file treatment


tOF : 11:55:54:745
wavfile=SR2_20151125_214823_769.wav
c:
g=10
sfte=192000
cF
cN
sD: 
dP
sP
end of file treatment


tOF : 11:55:54:842
wavfile=SR2_20151125_214944_057.wav
c:
g=10
sfte=192000
cF
cN
sD: 
dP
sP
end of file treatment


tOF : 11:55:54:916
wavfile=SR2_20151125_215126_635.wav
c:
g=10
sfte=192000
cF
cN
sD: 
dP
sP
end of file treatment


tOF : 11:55:54:982
wavfile=SR2_20151125_215151_475.wav
c:
g=10
sfte=192000
cF
cN
sD: 
dP
sP
end of file treatment


tOF : 11:55:55:051
wavfile=SR2_20151125_215224_540.wav
c:
g=10
sfte=192000
cF
cN
sD: 
dP
sP
end of file treatment


tOF : 11:55:55:136
wavfile=SR2_20151125_215339_475.wav
c:
g=10
sfte=192000
cF
cN
sD: 
dP
sP
end of file treatment


tOF : 11:55:55:225
wavfile=SR2_20151125_215410_296.wav
c:
g=10
sfte=192000
cF
cN
sD: 
dP
sP
end of file treatment


tOF : 11:55:55:299
wavfile=SR2_20151125_215437_095.wav
c:
g=10
sfte=192000
cF
cN
sD: 
dP
sP
end of file treatment


tOF : 11:55:55:458
wavfile=SR2_20151125_215549_385.wav
c:
g=10
sfte=192000
cF
cN
sD: 
dP
sP
end of file treatment


tOF : 11:55:55:621
wavfile=SR2_20151125_215718_820.wav
c:
g=10
sfte=192000
cF
cN
sD: 
dP
sP
end of file treatment


tOF : 11:55:55:733
wavfile=SR2_20151125_215746_459.wav
c:
g=10
sfte=192000
cF
cN
sD: 
dP
sP
end of file treatment


tOF : 11:55:55:837
wavfile=SR2_20151125_215932_851.wav
c:
g=10
sfte=192000
cF
cN
sD: 
dP
sP
end of file treatment


tOF : 11:55:55:973
wavfile=SR2_20151125_222005_000.wav
c:
g=10
sfte=192000
cF
cN
sD: 
dP
sP
end of file treatment


tOF : 11:55:56:035
wavfile=SR2_20151125_231522_813.wav
c:
g=10
sfte=192000
cF
cN
sD: 
dP
sP
end of file treatment


tOF : 11:55:56:149
wavfile=SR2_20151125_231656_284.wav
c:
g=10
sfte=192000
cF
cN
sD: 
dP
sP
end of file treatment


tOF : 11:55:56:265
wavfile=SR2_20151125_234025_821.wav
c:
g=10
sfte=192000
cF
cN
sD: 
dP
sP
end of file treatment


tOF : 11:55:56:418
wavfile=SR2_20151126_005004_000.wav
c:
g=10
sfte=192000
cF
cN
sD: 
dP
sP
end of file treatment


tOF : 11:55:56:552
wavfile=SR2_20151126_014511_559.wav
c:
g=10
sfte=192000
cF
cN
sD: 
dP
sP
end of file treatment


tOF : 11:55:56:662
wavfile=SR2_20151126_014612_960.wav
c:
g=10
sfte=192000
cF
cN
sD: 
dP
sP
end of file treatment


tOF : 11:55:56:791
wavfile=SR2_20151126_015004_000.wav
c:
g=10
sfte=192000
cF
cN
sD: 
dP
sP
end of file treatment


tOF : 11:55:56:925
wavfile=SR2_20151126_015140_515.wav
c:
g=10
sfte=192000
cF
cN
sD: 
dP
sP
end of file treatment


tOF : 11:55:57:105
wavfile=SR2_20151126_015213_524.wav
c:
g=10
sfte=192000
cF
cN
sD: 
dP
sP
end of file treatment


tOF : 11:55:57:326
wavfile=SR2_20151126_015404_680.wav
c:
g=10
sfte=192000
cF
cN
sD: 
dP
sP
end of file treatment


tOF : 11:55:57:407
wavfile=SR2_20151126_015446_935.wav
c:
g=10
sfte=192000
cF
cN
sD: 
dP
sP
end of file treatment


tOF : 11:55:57:686
wavfile=SR2_20151126_015941_081.wav
c:
g=10
sfte=192000
cF
cN
sD: 
dP
sP
end of file treatment


tOF : 11:55:57:809
wavfile=SR2_20151126_020753_605.wav
c:
g=10
sfte=192000
cF
cN
sD: 
dP
sP
end of file treatment


tOF : 11:55:57:938
wavfile=SR2_20151126_022006_000.wav
c:
g=10
sfte=192000
cF
cN
sD: 
dP
sP
end of file treatment


tOF : 11:55:58:019
wavfile=SR2_20151126_022740_807.wav
c:
g=10
sfte=192000
cF
cN
sD: 
dP
sP
end of file treatment


tOF : 11:55:58:218
wavfile=SR2_20151126_022934_331.wav
c:
g=10
sfte=192000
cF
cN
sD: 
dP
sP
end of file treatment


tOF : 11:55:58:385
wavfile=SR2_20151126_023508_560.wav
c:
g=10
sfte=192000
cF
cN
sD: 
dP
sP
end of file treatment


tOF : 11:55:58:607
wavfile=SR2_20151126_035419_068.wav
c:
g=10
sfte=192000
cF
cN
sD: 
dP
sP
end of file treatment


tOF : 11:55:58:704
wavfile=SR2_20151126_035531_201.wav
c:
g=10
sfte=192000
cF
cN
sD: 
dP
sP
end of file treatment


tOF : 11:55:58:820
wavfile=SR2_20151126_035559_363.wav
c:
g=10
sfte=192000
cF
cN
sD: 
dP
sP
end of file treatment


tOF : 11:55:58:918
wavfile=SR2_20151126_035653_344.wav
c:
g=10
sfte=192000
cF
cN
sD: 
dP
sP
end of file treatment


tOF : 11:55:59:110
wavfile=SR2_20151126_035734_319.wav
c:
g=10
sfte=192000
cF
cN
sD: 
dP
sP
end of file treatment


tOF : 11:55:59:339
wavfile=SR2_20151126_035756_839.wav
c:
g=10
sfte=192000
cF
cN
sD: 
dP
sP
end of file treatment


tOF : 11:55:59:510
wavfile=SR2_20151126_035913_261.wav
c:
g=10
sfte=192000
cF
cN
sD: 
dP
sP
end of file treatment


tOF : 11:55:59:741
wavfile=SR2_20151126_040002_404.wav
c:
g=10
sfte=192000
cF
cN
sD: 
dP
sP
end of file treatment


tOF : 11:55:59:942
wavfile=SR2_20151126_041254_897.wav
c:
g=10
sfte=192000
cF
cN
sD: 
dP
sP
end of file treatment


tOF : 11:56:00:079
wavfile=SR2_20151126_041722_752.wav
c:
g=10
sfte=192000
cF
cN
sD: 
dP
sP
end of file treatment


tOF : 11:56:00:310
wavfile=SR2_20151126_041948_325.wav
c:
g=10
sfte=192000
cF
cN
sD: 
dP
sP
end of file treatment


tOF : 11:56:00:438
wavfile=SR2_20151126_042006_000.wav
c:
g=10
sfte=192000
cF
cN
sD: 
dP
sP
end of file treatment


tOF : 11:56:00:570
wavfile=SR2_20151126_042029_831.wav
c:
g=10
sfte=192000
cF
cN
sD: 
dP
sP
end of file treatment


tOF : 11:56:00:760
wavfile=SR2_20151126_042059_208.wav
c:
g=10
sfte=192000
cF
cN
sD: 
dP
sP
end of file treatment


tOF : 11:56:00:880
wavfile=SR2_20151126_042202_409.wav
c:
g=10
sfte=192000
cF
cN
sD: 
dP
sP
end of file treatment


tOF : 11:56:01:046
wavfile=SR2_20151126_042356_828.wav
c:
g=10
sfte=192000
cF
cN
sD: 
dP
sP
end of file treatment


tOF : 11:56:01:165
wavfile=SR2_20151126_050324_372.wav
c:
g=10
sfte=192000
cF
cN
sD: 
dP
sP
end of file treatment


tOF : 11:56:01:371
wavfile=SR2_20151126_050557_517.wav
c:
g=10
sfte=192000
cF
cN
sD: 
dP
sP
end of file treatment


tOF : 11:56:01:468
wavfile=SR2_20151126_054546_909.wav
c:
g=10
sfte=192000
cF
cN
sD: 
dP
sP
end of file treatment


tOF : 11:56:01:594
wavfile=SR2_20151126_054852_397.wav
c:
g=10
sfte=192000
cF
cN
sD: 
dP
sP
end of file treatment


tOF : 11:56:01:866
wavfile=SR2_20151126_055011_448.wav
c:
g=10
sfte=192000
cF
cN
sD: 
dP
sP
end of file treatment


tOF : 11:56:02:059
wavfile=SR2_20151126_055217_821.wav
c:
g=10
sfte=192000
cF
cN
sD: 
dP
sP
end of file treatment


tOF : 11:56:02:245
wavfile=SR2_20151126_060226_316.wav
c:
g=10
sfte=192000
cF
cN
sD: 
dP
sP
end of file treatment


tOF : 11:56:02:429
wavfile=SR2_20151126_060253_132.wav
c:
g=10
sfte=192000
cF
cN
sD: 
dP
sP
end of file treatment


tOF : 11:56:02:553
wavfile=SR2_20151126_060527_592.wav
c:
g=10
sfte=192000
cF
cN
sD: 
dP
sP
end of file treatment


tOF : 11:56:02:717
wavfile=SR2_20151126_061016_535.wav
c:
g=10
sfte=192000
cF
cN
sD: 
dP
sP
end of file treatment


tOF : 11:56:02:853
wavfile=SR2_20151126_062005_000.wav
c:
g=10
sfte=192000
cF
cN
sD: 
dP
sP
end of file treatment


tOF : 11:56:02:964
wavfile=SR2_20151126_064626_763.wav
c:
g=10
sfte=192000
cF
cN
sD: 
dP
sP
end of file treatment


tOF : 11:56:03:077
wavfile=SR2_20151126_070336_977.wav
c:
g=10
sfte=192000
cF
cN
sD: 
dP
sP
end of file treatment


tOF : 11:56:03:166
wavfile=SR2_20151126_151900_000.wav
c:
g=10
sfte=192000
cF
cN
sD: 
dP
sP
end of file treatment


tOF : 11:56:03:291
wavfile=SR2_20151126_171904_000.wav
c:
g=10
sfte=192000
cF
cN
sD: 
dP
sP
end of file treatment


tOF : 11:56:03:384
wavfile=SR2_20151126_191904_000.wav
c:
g=10
sfte=192000
cF
cN
sD: 
dP
sP
end of file treatment


tOF : 11:56:03:514
wavfile=SR2_20151126_211904_000.wav
c:
g=10
sfte=192000
cF
cN
sD: 
dP
sP
end of file treatment


tOF : 11:56:03:654
wavfile=SR2_20151126_215552_744.wav
c:
g=10
sfte=192000
cF
cN
sD: 
dP
sP
end of file treatment


tOF : 11:56:03:816
wavfile=SR2_20151126_231904_000.wav
c:
g=10
sfte=192000
cF
cN
sD: 
dP
sP
end of file treatment


tOF : 11:56:03:953
wavfile=SR2_20151127_004904_000.wav
c:
g=10
sfte=192000
cF
cN
sD: 
dP
sP
end of file treatment


tOF : 11:56:04:098
wavfile=SR2_20151127_021904_000.wav
c:
g=10
sfte=192000
cF
cN
sD: 
dP
sP
end of file treatment


tOF : 11:56:04:211
wavfile=SR2_20151127_041904_000.wav
c:
g=10
sfte=192000
cF
cN
sD: 
dP
sP
end of file treatment


tOF : 11:56:04:328
wavfile=SR2_20151127_061904_000.wav
c:
g=10
sfte=192000
cF
cN
sD: 
dP
sP
end of file treatment


tOF : 11:56:04:472
wavfile=SR2_20151127_071904_000.wav
c:
g=10
sfte=192000
cF
cN
sD: 
dP
sP
end of file treatment


tOF : 11:56:04:569
wavfile=SR2_20151127_154802_000.wav
c:
g=10
sfte=192000
cF
cN
sD: 
dP
sP
end of file treatment


tOF : 11:56:04:684
wavfile=SR2_20151127_161804_000.wav
c:
g=10
sfte=192000
cF
cN
sD: 
dP
sP
end of file treatment


tOF : 11:56:04:922
wavfile=SR2_20151127_164226_993.wav
c:
g=10
sfte=192000
cF
cN
sD: 
dP
sP
end of file treatment


tOF : 11:56:05:071
wavfile=SR2_20151127_172420_193.wav
c:
g=10
sfte=192000
cF
cN
sD: 
dP
sP
end of file treatment


tOF : 11:56:05:380
wavfile=SR2_20151127_174541_585.wav
c:
g=10
sfte=192000
cF
cN
sD: 
dP
sP
end of file treatment


tOF : 11:56:05:459
wavfile=SR2_20151127_180354_288.wav
c:
g=10
sfte=192000
cF
cN
sD: 
dP
sP
end of file treatment


tOF : 11:56:05:638
wavfile=SR2_20151127_181804_000.wav
c:
g=10
sfte=192000
cF
cN
sD: 
dP
sP
end of file treatment


tOF : 11:56:05:707
wavfile=SR2_20151127_190038_644.wav
c:
g=10
sfte=192000
cF
cN
sD: 
dP
sP
end of file treatment


tOF : 11:56:05:897
wavfile=SR2_20151127_192914_625.wav
c:
g=10
sfte=192000
cF
cN
sD: 
dP
sP
end of file treatment


tOF : 11:56:06:048
wavfile=SR2_20151127_194804_000.wav
c:
g=10
sfte=192000
cF
cN
sD: 
dP
sP
end of file treatment


tOF : 11:56:06:129
wavfile=SR2_20151127_202012_275.wav
c:
g=10
sfte=192000
cF
cN
sD: 
dP
sP
end of file treatment


tOF : 11:56:06:249
wavfile=SR2_20151127_202707_192.wav
c:
g=10
sfte=192000
cF
cN
sD: 
dP
sP
end of file treatment


tOF : 11:56:06:332
wavfile=SR2_20151127_202718_945.wav
c:
g=10
sfte=192000
cF
cN
sD: 
dP
sP
end of file treatment


tOF : 11:56:06:443
wavfile=SR2_20151127_202940_167.wav
c:
g=10
sfte=192000
cF
cN
sD: 
dP
sP
end of file treatment


tOF : 11:56:06:545
wavfile=SR2_20151127_202958_299.wav
c:
g=10
sfte=192000
cF
cN
sD: 
dP
sP
end of file treatment


tOF : 11:56:06:619
wavfile=SR2_20151127_203013_604.wav
c:
g=10
sfte=192000
cF
cN
sD: 
dP
sP
end of file treatment


tOF : 11:56:06:814
wavfile=SR2_20151127_203024_951.wav
c:
g=10
sfte=192000
cF
cN
sD: 
dP
sP
end of file treatment


tOF : 11:56:07:035
wavfile=SR2_20151127_203143_603.wav
c:
g=10
sfte=192000
cF
cN
sD: 
dP
sP
end of file treatment


tOF : 11:56:07:194
wavfile=SR2_20151127_203243_116.wav
c:
g=10
sfte=192000
cF
cN
sD: 
dP
sP
end of file treatment


tOF : 11:56:07:330
wavfile=SR2_20151127_203309_781.wav
c:
g=10
sfte=192000
cF
cN
sD: 
dP
sP
end of file treatment


tOF : 11:56:07:439
wavfile=SR2_20151127_203347_221.wav
c:
g=10
sfte=192000
cF
cN
sD: 
dP
sP
end of file treatment


tOF : 11:56:07:666
wavfile=SR2_20151127_203418_041.wav
c:
g=10
sfte=192000
cF
cN
sD: 
dP
sP
end of file treatment


tOF : 11:56:07:871
wavfile=SR2_20151127_203438_169.wav
c:
g=10
sfte=192000
cF
cN
sD: 
dP
sP
end of file treatment


tOF : 11:56:08:018
wavfile=SR2_20151127_203507_933.wav
c:
g=10
sfte=192000
cF
cN
sD: 
dP
sP
end of file treatment


tOF : 11:56:08:159
wavfile=SR2_20151127_203548_132.wav
c:
g=10
sfte=192000
cF
cN
sD: 
dP
sP
end of file treatment


tOF : 11:56:08:322
wavfile=SR2_20151127_203617_741.wav
c:
g=10
sfte=192000
cF
cN
sD: 
dP
sP
end of file treatment


tOF : 11:56:08:438
wavfile=SR2_20151127_203719_699.wav
c:
g=10
sfte=192000
cF
cN
sD: 
dP
sP
end of file treatment


tOF : 11:56:08:572
wavfile=SR2_20151127_203832_152.wav
c:
g=10
sfte=192000
cF
cN
sD: 
dP
sP
end of file treatment


tOF : 11:56:08:682
wavfile=SR2_20151127_203902_085.wav
c:
g=10
sfte=192000
cF
cN
sD: 
dP
sP
end of file treatment


tOF : 11:56:08:844
wavfile=SR2_20151127_204014_619.wav
c:
g=10
sfte=192000
cF
cN
sD: 
dP
sP
end of file treatment


tOF : 11:56:09:067
wavfile=SR2_20151127_204305_279.wav
c:
g=10
sfte=192000
cF
cN
sD: 
dP
sP
end of file treatment


tOF : 11:56:09:186
wavfile=SR2_20151127_204317_849.wav
c:
g=10
sfte=192000
cF
cN
sD: 
dP
sP
end of file treatment


tOF : 11:56:09:493
wavfile=SR2_20151127_204407_388.wav
c:
g=10
sfte=192000
cF
cN
sD: 
dP
sP
end of file treatment


tOF : 11:56:09:635
wavfile=SR2_20151127_204427_745.wav
c:
g=10
sfte=192000
cF
cN
sD: 
dP
sP
end of file treatment


tOF : 11:56:09:837
wavfile=SR2_20151127_204601_991.wav
c:
g=10
sfte=192000
cF
cN
sD: 
dP
sP
end of file treatment


tOF : 11:56:10:028
wavfile=SR2_20151127_204644_565.wav
c:
g=10
sfte=192000
cF
cN
sD: 
dP
sP
end of file treatment


tOF : 11:56:10:453
wavfile=SR2_20151127_204704_040.wav
c:
g=10
sfte=192000
cF
cN
sD: 
dP
sP
end of file treatment


tOF : 11:56:10:593
wavfile=SR2_20151127_204746_973.wav
c:
g=10
sfte=192000
cF
cN
sD: 
dP
sP
end of file treatment


tOF : 11:56:10:777
wavfile=SR2_20151127_204756_984.wav
c:
g=10
sfte=192000
cF
cN
sD: 
dP
sP
end of file treatment


tOF : 11:56:11:274
wavfile=SR2_20151127_204811_348.wav
c:
g=10
sfte=192000
cF
cN
sD: 
dP
sP
end of file treatment


tOF : 11:56:11:402
wavfile=SR2_20151127_204841_043.wav
c:
g=10
sfte=192000
cF
cN
sD: 
dP
sP
end of file treatment


tOF : 11:56:11:471
wavfile=SR2_20151127_204915_123.wav
c:
g=10
sfte=192000
cF
cN
sD: 
dP
sP
end of file treatment


tOF : 11:56:11:695
wavfile=SR2_20151127_204959_515.wav
c:
g=10
sfte=192000
cF
cN
sD: 
dP
sP
end of file treatment


tOF : 11:56:11:872
wavfile=SR2_20151127_205026_189.wav
c:
g=10
sfte=192000
cF
cN
sD: 
dP
sP
end of file treatment


tOF : 11:56:12:071
wavfile=SR2_20151127_205042_764.wav
c:
g=10
sfte=192000
cF
cN
sD: 
dP
sP
end of file treatment


tOF : 11:56:12:255
wavfile=SR2_20151127_205055_841.wav
c:
g=10
sfte=192000
cF
cN
sD: 
dP
sP
end of file treatment


tOF : 11:56:12:475
wavfile=SR2_20151127_205224_455.wav
c:
g=10
sfte=192000
cF
cN
sD: 
dP
sP
end of file treatment


tOF : 11:56:12:620
wavfile=SR2_20151127_205408_331.wav
c:
g=10
sfte=192000
cF
cN
sD: 
dP
sP
end of file treatment


tOF : 11:56:12:881
wavfile=SR2_20151127_205429_087.wav
c:
g=10
sfte=192000
cF
cN
sD: 
dP
sP
end of file treatment


tOF : 11:56:12:988
wavfile=SR2_20151127_205452_709.wav
c:
g=10
sfte=192000
cF
cN
sD: 
dP
sP
end of file treatment


tOF : 11:56:13:199
wavfile=SR2_20151127_205537_567.wav
c:
g=10
sfte=192000
cF
cN
sD: 
dP
sP
end of file treatment


tOF : 11:56:13:331
wavfile=SR2_20151127_205706_519.wav
c:
g=10
sfte=192000
cF
cN
sD: 
dP
sP
end of file treatment


tOF : 11:56:13:511
wavfile=SR2_20151127_205835_429.wav
c:
g=10
sfte=192000
cF
cN
sD: 
dP
sP
end of file treatment


tOF : 11:56:13:670
wavfile=SR2_20151127_205959_320.wav
c:
g=10
sfte=192000
cF
cN
sD: 
dP
sP
end of file treatment


tOF : 11:56:13:894
wavfile=SR2_20151127_210106_489.wav
c:
g=10
sfte=192000
cF
cN
sD: 
dP
sP
end of file treatment


tOF : 11:56:14:014
wavfile=SR2_20151127_210454_604.wav
c:
g=10
sfte=192000
cF
cN
sD: 
dP
sP
end of file treatment


tOF : 11:56:14:166
wavfile=SR2_20151127_210632_713.wav
c:
g=10
sfte=192000
cF
cN
sD: 
dP
sP
end of file treatment


tOF : 11:56:14:289
wavfile=SR2_20151127_210722_328.wav
c:
g=10
sfte=192000
cF
cN
sD: 
dP
sP
end of file treatment


tOF : 11:56:14:532
wavfile=SR2_20151127_211035_308.wav
c:
g=10
sfte=192000
cF
cN
sD: 
dP
sP
end of file treatment


tOF : 11:56:14:658
wavfile=SR2_20151127_211123_112.wav
c:
g=10
sfte=192000
cF
cN
sD: 
dP
sP
end of file treatment


tOF : 11:56:14:822
wavfile=SR2_20151127_211141_165.wav
c:
g=10
sfte=192000
cF
cN
sD: 
dP
sP
end of file treatment


tOF : 11:56:14:973
wavfile=SR2_20151127_211331_669.wav
c:
g=10
sfte=192000
cF
cN
sD: 
dP
sP
end of file treatment


tOF : 11:56:15:104
wavfile=SR2_20151127_211400_165.wav
c:
g=10
sfte=192000
cF
cN
sD: 
dP
sP
end of file treatment


tOF : 11:56:15:188
wavfile=SR2_20151127_211433_692.wav
c:
g=10
sfte=192000
cF
cN
sD: 
dP
sP
end of file treatment


tOF : 11:56:15:266
wavfile=SR2_20151127_211457_672.wav
c:
g=10
sfte=192000
cF
cN
sD: 
dP
sP
end of file treatment


tOF : 11:56:15:439
wavfile=SR2_20151127_211509_987.wav
c:
g=10
sfte=192000
cF
cN
sD: 
dP
sP
end of file treatment


tOF : 11:56:15:546
wavfile=SR2_20151127_211545_908.wav
c:
g=10
sfte=192000
cF
cN
sD: 
dP
sP
end of file treatment


tOF : 11:56:15:611
wavfile=SR2_20151127_211556_237.wav
c:
g=10
sfte=192000
cF
cN
sD: 
dP
sP
end of file treatment


tOF : 11:56:15:777
wavfile=SR2_20151127_211623_667.wav
c:
g=10
sfte=192000
cF
cN
sD: 
dP
sP
end of file treatment


tOF : 11:56:15:871
wavfile=SR2_20151127_211638_695.wav
c:
g=10
sfte=192000
cF
cN
sD: 
dP
sP
end of file treatment


tOF : 11:56:16:209
wavfile=SR2_20151127_211704_521.wav
c:
g=10
sfte=192000
cF
cN
sD: 
dP
sP
end of file treatment


tOF : 11:56:16:317
wavfile=SR2_20151127_211751_272.wav
c:
g=10
sfte=192000
cF
cN
sD: 
dP
sP
end of file treatment


tOF : 11:56:16:623
wavfile=SR2_20151127_211800_163.wav
c:
g=10
sfte=192000
cF
cN
sD: 
dP
sP
end of file treatment


tOF : 11:56:16:759
wavfile=SR2_20151127_211918_080.wav
c:
g=10
sfte=192000
cF
cN
sD: 
dP
sP
end of file treatment


tOF : 11:56:16:883
wavfile=SR2_20151127_212037_237.wav
c:
g=10
sfte=192000
cF
cN
sD: 
dP
sP
end of file treatment


tOF : 11:56:17:003
wavfile=SR2_20151127_212056_243.wav
c:
g=10
sfte=192000
cF
cN
sD: 
dP
sP
end of file treatment


tOF : 11:56:17:198
wavfile=SR2_20151127_212140_785.wav
c:
g=10
sfte=192000
cF
cN
sD: 
dP
sP
end of file treatment


tOF : 11:56:17:270
wavfile=SR2_20151127_212212_267.wav
c:
g=10
sfte=192000
cF
cN
sD: 
dP
sP
end of file treatment


tOF : 11:56:17:465
wavfile=SR2_20151127_212313_348.wav
c:
g=10
sfte=192000
cF
cN
sD: 
dP
sP
end of file treatment


tOF : 11:56:17:619
wavfile=SR2_20151127_212420_512.wav
c:
g=10
sfte=192000
cF
cN
sD: 
dP
sP
end of file treatment


tOF : 11:56:17:756
wavfile=SR2_20151127_212513_404.wav
c:
g=10
sfte=192000
cF
cN
sD: 
dP
sP
end of file treatment


tOF : 11:56:17:942
wavfile=SR2_20151127_212559_704.wav
c:
g=10
sfte=192000
cF
cN
sD: 
dP
sP
end of file treatment


tOF : 11:56:18:079
wavfile=SR2_20151127_212620_501.wav
c:
g=10
sfte=192000
cF
cN
sD: 
dP
sP
end of file treatment


tOF : 11:56:18:174
wavfile=SR2_20151127_212643_888.wav
c:
g=10
sfte=192000
cF
cN
sD: 
dP
sP
end of file treatment


tOF : 11:56:18:380
wavfile=SR2_20151127_212806_107.wav
c:
g=10
sfte=192000
cF
cN
sD: 
dP
sP
end of file treatment


tOF : 11:56:18:532
wavfile=SR2_20151127_212813_839.wav
c:
g=10
sfte=192000
cF
cN
sD: 
dP
sP
end of file treatment


tOF : 11:56:18:758
wavfile=SR2_20151127_212854_417.wav
c:
g=10
sfte=192000
cF
cN
sD: 
dP
sP
end of file treatment


tOF : 11:56:18:948
wavfile=SR2_20151127_212913_277.wav
c:
g=10
sfte=192000
cF
cN
sD: 
dP
sP
end of file treatment


tOF : 11:56:19:159
wavfile=SR2_20151127_212952_117.wav
c:
g=10
sfte=192000
cF
cN
sD: 
dP
sP
end of file treatment


tOF : 11:56:19:272
wavfile=SR2_20151127_213019_165.wav
c:
g=10
sfte=192000
cF
cN
sD: 
dP
sP
end of file treatment


tOF : 11:56:19:441
wavfile=SR2_20151127_213046_795.wav
c:
g=10
sfte=192000
cF
cN
sD: 
dP
sP
end of file treatment


tOF : 11:56:19:508
wavfile=SR2_20151127_213117_465.wav
c:
g=10
sfte=192000
cF
cN
sD: 
dP
sP
end of file treatment


tOF : 11:56:19:622
wavfile=SR2_20151127_213156_503.wav
c:
g=10
sfte=192000
cF
cN
sD: 
dP
sP
end of file treatment


tOF : 11:56:19:778
wavfile=SR2_20151127_213206_239.wav
c:
g=10
sfte=192000
cF
cN
sD: 
dP
sP
end of file treatment


tOF : 11:56:19:851
wavfile=SR2_20151127_213223_764.wav
c:
g=10
sfte=192000
cF
cN
sD: 
dP
sP
end of file treatment


tOF : 11:56:19:981
wavfile=SR2_20151127_213244_691.wav
c:
g=10
sfte=192000
cF
cN
sD: 
dP
sP
end of file treatment


tOF : 11:56:20:062
wavfile=SR2_20151127_213304_615.wav
c:
g=10
sfte=192000
cF
cN
sD: 
dP
sP
end of file treatment


tOF : 11:56:20:188
wavfile=SR2_20151127_213329_140.wav
c:
g=10
sfte=192000
cF
cN
sD: 
dP
sP
end of file treatment


tOF : 11:56:20:319
wavfile=SR2_20151127_213346_092.wav
c:
g=10
sfte=192000
cF
cN
sD: 
dP
sP
end of file treatment


tOF : 11:56:20:728
wavfile=SR2_20151127_213407_145.wav
c:
g=10
sfte=192000
cF
cN
sD: 
dP
sP
end of file treatment


tOF : 11:56:20:825
wavfile=SR2_20151127_213454_541.wav
c:
g=10
sfte=192000
cF
cN
sD: 
dP
sP
end of file treatment


tOF : 11:56:21:039
wavfile=SR2_20151127_213538_409.wav
c:
g=10
sfte=192000
cF
cN
sD: 
dP
sP
end of file treatment


tOF : 11:56:21:154
wavfile=SR2_20151127_213654_736.wav
c:
g=10
sfte=192000
cF
cN
sD: 
dP
sP
end of file treatment


tOF : 11:56:21:274
wavfile=SR2_20151127_213726_671.wav
c:
g=10
sfte=192000
cF
cN
sD: 
dP
sP
end of file treatment


tOF : 11:56:21:448
wavfile=SR2_20151127_213807_700.wav
c:
g=10
sfte=192000
cF
cN
sD: 
dP
sP
end of file treatment


tOF : 11:56:21:535
wavfile=SR2_20151127_213825_043.wav
c:
g=10
sfte=192000
cF
cN
sD: 
dP
sP
end of file treatment


tOF : 11:56:21:620
wavfile=SR2_20151127_213851_844.wav
c:
g=10
sfte=192000
cF
cN
sD: 
dP
sP
end of file treatment


tOF : 11:56:21:727
wavfile=SR2_20151127_213922_141.wav
c:
g=10
sfte=192000
cF
cN
sD: 
dP
sP
end of file treatment


tOF : 11:56:21:916
wavfile=SR2_20151127_213950_589.wav
c:
g=10
sfte=192000
cF
cN
sD: 
dP
sP
end of file treatment


tOF : 11:56:22:033
wavfile=SR2_20151127_214002_047.wav
c:
g=10
sfte=192000
cF
cN
sD: 
dP
sP
end of file treatment


tOF : 11:56:22:136
wavfile=SR2_20151127_214029_680.wav
c:
g=10
sfte=192000
cF
cN
sD: 
dP
sP
end of file treatment


tOF : 11:56:22:282
wavfile=SR2_20151127_214101_989.wav
c:
g=10
sfte=192000
cF
cN
sD: 
dP
sP
end of file treatment


tOF : 11:56:22:422
wavfile=SR2_20151127_214138_348.wav
c:
g=10
sfte=192000
cF
cN
sD: 
dP
sP
end of file treatment


tOF : 11:56:22:551
wavfile=SR2_20151127_214155_560.wav
c:
g=10
sfte=192000
cF
cN
sD: 
dP
sP
end of file treatment


tOF : 11:56:22:679
wavfile=SR2_20151127_214229_980.wav
c:
g=10
sfte=192000
cF
cN
sD: 
dP
sP
end of file treatment


tOF : 11:56:22:821
wavfile=SR2_20151127_214240_599.wav
c:
g=10
sfte=192000
cF
cN
sD: 
dP
sP
end of file treatment


tOF : 11:56:22:987
wavfile=SR2_20151127_214322_584.wav
c:
g=10
sfte=192000
cF
cN
sD: 
dP
sP
end of file treatment


tOF : 11:56:23:370
wavfile=SR2_20151127_214353_137.wav
c:
g=10
sfte=192000
cF
cN
sD: 
dP
sP
end of file treatment


tOF : 11:56:23:620
wavfile=SR2_20151127_214445_621.wav
c:
g=10
sfte=192000
cF
cN
sD: 
dP
sP
end of file treatment


tOF : 11:56:23:902
wavfile=SR2_20151127_214506_591.wav
c:
g=10
sfte=192000
cF
cN
sD: 
dP
sP
end of file treatment


tOF : 11:56:24:163
wavfile=SR2_20151127_214522_163.wav
c:
g=10
sfte=192000
cF
cN
sD: 
dP
sP
end of file treatment


tOF : 11:56:24:298
wavfile=SR2_20151127_214536_404.wav
c:
g=10
sfte=192000
cF
cN
sD: 
dP
sP
end of file treatment


tOF : 11:56:24:503
wavfile=SR2_20151127_214603_100.wav
c:
g=10
sfte=192000
cF
cN
sD: 
dP
sP
end of file treatment


tOF : 11:56:24:777
wavfile=SR2_20151127_214620_149.wav
c:
g=10
sfte=192000
cF
cN
sD: 
dP
sP
end of file treatment


tOF : 11:56:24:995
wavfile=SR2_20151127_214659_468.wav
c:
g=10
sfte=192000
cF
cN
sD: 
dP
sP
end of file treatment


tOF : 11:56:25:230
wavfile=SR2_20151127_214723_955.wav
c:
g=10
sfte=192000
cF
cN
sD: 
dP
sP
end of file treatment


tOF : 11:56:25:347
wavfile=SR2_20151127_214757_436.wav
c:
g=10
sfte=192000
cF
cN
sD: 
dP
sP
end of file treatment


tOF : 11:56:25:483
wavfile=SR2_20151127_214819_205.wav
c:
g=10
sfte=192000
cF
cN
sD: 
dP
sP
end of file treatment


tOF : 11:56:25:678
wavfile=SR2_20151127_214833_845.wav
c:
g=10
sfte=192000
cF
cN
sD: 
dP
sP
end of file treatment


tOF : 11:56:25:774
wavfile=SR2_20151127_214844_392.wav
c:
g=10
sfte=192000
cF
cN
sD: 
dP
sP
end of file treatment


tOF : 11:56:25:990
wavfile=SR2_20151127_214853_652.wav
c:
g=10
sfte=192000
cF
cN
sD: 
dP
sP
end of file treatment


tOF : 11:56:26:162
wavfile=SR2_20151127_214915_899.wav
c:
g=10
sfte=192000
cF
cN
sD: 
dP
sP
end of file treatment


tOF : 11:56:26:289
wavfile=SR2_20151127_214937_684.wav
c:
g=10
sfte=192000
cF
cN
sD: 
dP
sP
end of file treatment


tOF : 11:56:26:469
wavfile=SR2_20151127_214947_303.wav
c:
g=10
sfte=192000
cF
cN
sD: 
dP
sP
end of file treatment


tOF : 11:56:26:676
wavfile=SR2_20151127_215023_889.wav
c:
g=10
sfte=192000
cF
cN
sD: 
dP
sP
end of file treatment


tOF : 11:56:27:072
wavfile=SR2_20151127_215047_420.wav
c:
g=10
sfte=192000
cF
cN
sD: 
dP
sP
end of file treatment


tOF : 11:56:27:254
wavfile=SR2_20151127_215126_464.wav
c:
g=10
sfte=192000
cF
cN
sD: 
dP
sP
end of file treatment


tOF : 11:56:27:438
wavfile=SR2_20151127_215228_167.wav
c:
g=10
sfte=192000
cF
cN
sD: 
dP
sP
end of file treatment


tOF : 11:56:27:594
wavfile=SR2_20151127_215307_068.wav
c:
g=10
sfte=192000
cF
cN
sD: 
dP
sP
end of file treatment


tOF : 11:56:27:799
wavfile=SR2_20151127_215436_632.wav
c:
g=10
sfte=192000
cF
cN
sD: 
dP
sP
end of file treatment


tOF : 11:56:27:970
wavfile=SR2_20151127_215500_931.wav
c:
g=10
sfte=192000
cF
cN
sD: 
dP
sP
end of file treatment


tOF : 11:56:28:048
wavfile=SR2_20151127_215528_049.wav
c:
g=10
sfte=192000
cF
cN
sD: 
dP
sP
end of file treatment


tOF : 11:56:28:139
wavfile=SR2_20151127_215542_208.wav
c:
g=10
sfte=192000
cF
cN
sD: 
dP
sP
end of file treatment


tOF : 11:56:28:249
wavfile=SR2_20151127_215616_420.wav
c:
g=10
sfte=192000
cF
cN
sD: 
dP
sP
end of file treatment


tOF : 11:56:28:520
wavfile=SR2_20151127_215655_919.wav
c:
g=10
sfte=192000
cF
cN
sD: 
dP
sP
end of file treatment


tOF : 11:56:28:691
wavfile=SR2_20151127_215704_988.wav
c:
g=10
sfte=192000
cF
cN
sD: 
dP
sP
end of file treatment


tOF : 11:56:28:759
wavfile=SR2_20151127_215749_088.wav
c:
g=10
sfte=192000
cF
cN
sD: 
dP
sP
end of file treatment


tOF : 11:56:28:840
wavfile=SR2_20151127_215826_109.wav
c:
g=10
sfte=192000
cF
cN
sD: 
dP
sP
end of file treatment


tOF : 11:56:28:966
wavfile=SR2_20151127_215854_712.wav
c:
g=10
sfte=192000
cF
cN
sD: 
dP
sP
end of file treatment


tOF : 11:56:29:115
wavfile=SR2_20151127_215930_464.wav
c:
g=10
sfte=192000
cF
cN
sD: 
dP
sP
end of file treatment


tOF : 11:56:29:227
wavfile=SR2_20151127_215942_868.wav
c:
g=10
sfte=192000
cF
cN
sD: 
dP
sP
end of file treatment


tOF : 11:56:29:376
wavfile=SR2_20151127_220001_729.wav
c:
g=10
sfte=192000
cF
cN
sD: 
dP
sP
end of file treatment


tOF : 11:56:29:513
wavfile=SR2_20151127_220015_437.wav
c:
g=10
sfte=192000
cF
cN
sD: 
dP
sP
end of file treatment


tOF : 11:56:29:639
wavfile=SR2_20151127_220046_239.wav
c:
g=10
sfte=192000
cF
cN
sD: 
dP
sP
end of file treatment


tOF : 11:56:29:849
wavfile=SR2_20151127_220136_305.wav
c:
g=10
sfte=192000
cF
cN
sD: 
dP
sP
end of file treatment


tOF : 11:56:29:940
wavfile=SR2_20151127_220227_725.wav
c:
g=10
sfte=192000
cF
cN
sD: 
dP
sP
end of file treatment


tOF : 11:56:30:085
wavfile=SR2_20151127_220306_684.wav
c:
g=10
sfte=192000
cF
cN
sD: 
dP
sP
end of file treatment


tOF : 11:56:30:188
wavfile=SR2_20151127_220351_715.wav
c:
g=10
sfte=192000
cF
cN
sD: 
dP
sP
end of file treatment


tOF : 11:56:30:347
wavfile=SR2_20151127_220400_892.wav
c:
g=10
sfte=192000
cF
cN
sD: 
dP
sP
end of file treatment


tOF : 11:56:30:516
wavfile=SR2_20151127_220435_583.wav
c:
g=10
sfte=192000
cF
cN
sD: 
dP
sP
end of file treatment


tOF : 11:56:30:648
wavfile=SR2_20151127_220455_563.wav
c:
g=10
sfte=192000
cF
cN
sD: 
dP
sP
end of file treatment


tOF : 11:56:30:856
wavfile=SR2_20151127_220513_297.wav
c:
g=10
sfte=192000
cF
cN
sD: 
dP
sP
end of file treatment


tOF : 11:56:30:958
wavfile=SR2_20151127_220611_616.wav
c:
g=10
sfte=192000
cF
cN
sD: 
dP
sP
end of file treatment


tOF : 11:56:31:092
wavfile=SR2_20151127_220623_071.wav
c:
g=10
sfte=192000
cF
cN
sD: 
dP
sP
end of file treatment


tOF : 11:56:31:236
wavfile=SR2_20151127_220632_573.wav
c:
g=10
sfte=192000
cF
cN
sD: 
dP
sP
end of file treatment


tOF : 11:56:31:303
wavfile=SR2_20151127_220700_677.wav
c:
g=10
sfte=192000
cF
cN
sD: 
dP
sP
end of file treatment


tOF : 11:56:31:383
wavfile=SR2_20151127_220720_691.wav
c:
g=10
sfte=192000
cF
cN
sD: 
dP
sP
end of file treatment


tOF : 11:56:31:459
wavfile=SR2_20151127_220739_252.wav
c:
g=10
sfte=192000
cF
cN
sD: 
dP
sP
end of file treatment


tOF : 11:56:31:551
wavfile=SR2_20151127_220801_637.wav
c:
g=10
sfte=192000
cF
cN
sD: 
dP
sP
end of file treatment


tOF : 11:56:31:816
wavfile=SR2_20151127_220823_003.wav
c:
g=10
sfte=192000
cF
cN
sD: 
dP
sP
end of file treatment


tOF : 11:56:31:935
wavfile=SR2_20151127_220909_288.wav
c:
g=10
sfte=192000
cF
cN
sD: 
dP
sP
end of file treatment


tOF : 11:56:32:180
wavfile=SR2_20151127_220941_556.wav
c:
g=10
sfte=192000
cF
cN
sD: 
dP
sP
end of file treatment


tOF : 11:56:32:672
wavfile=SR2_20151127_221123_248.wav
c:
g=10
sfte=192000
cF
cN
sD: 
dP
sP
end of file treatment


tOF : 11:56:32:871
wavfile=SR2_20151127_221147_112.wav
c:
g=10
sfte=192000
cF
cN
sD: 
dP
sP
end of file treatment


tOF : 11:56:33:067
wavfile=SR2_20151127_221238_872.wav
c:
g=10
sfte=192000
cF
cN
sD: 
dP
sP
end of file treatment


tOF : 11:56:33:425
wavfile=SR2_20151127_221410_568.wav
c:
g=10
sfte=192000
cF
cN
sD: 
dP
sP
end of file treatment


tOF : 11:56:33:579
wavfile=SR2_20151127_221807_000.wav
c:
g=10
sfte=192000
cF
cN
sD: 
dP
sP
end of file treatment


tOF : 11:56:33:724
wavfile=SR2_20151127_221957_105.wav
c:
g=10
sfte=192000
cF
cN
sD: 
dP
sP
end of file treatment


tOF : 11:56:33:968
wavfile=SR2_20151127_222114_865.wav
c:
g=10
sfte=192000
cF
cN
sD: 
dP
sP
end of file treatment


tOF : 11:56:34:045
wavfile=SR2_20151127_222140_509.wav
c:
g=10
sfte=192000
cF
cN
sD: 
dP
sP
end of file treatment


tOF : 11:56:34:190
wavfile=SR2_20151127_222232_061.wav
c:
g=10
sfte=192000
cF
cN
sD: 
dP
sP
end of file treatment


tOF : 11:56:34:374
wavfile=SR2_20151127_222343_072.wav
c:
g=10
sfte=192000
cF
cN
sD: 
dP
sP
end of file treatment


tOF : 11:56:34:629
wavfile=SR2_20151127_222401_101.wav
c:
g=10
sfte=192000
cF
cN
sD: 
dP
sP
end of file treatment


tOF : 11:56:34:743
wavfile=SR2_20151127_222436_653.wav
c:
g=10
sfte=192000
cF
cN
sD: 
dP
sP
end of file treatment


tOF : 11:56:34:912
wavfile=SR2_20151127_222511_323.wav
c:
g=10
sfte=192000
cF
cN
sD: 
dP
sP
end of file treatment


tOF : 11:56:34:978
wavfile=SR2_20151127_222531_317.wav
c:
g=10
sfte=192000
cF
cN
sD: 
dP
sP
end of file treatment


tOF : 11:56:35:122
wavfile=SR2_20151127_222559_253.wav
c:
g=10
sfte=192000
cF
cN
sD: 
dP
sP
end of file treatment


tOF : 11:56:35:218
wavfile=SR2_20151127_222726_815.wav
c:
g=10
sfte=192000
cF
cN
sD: 
dP
sP
end of file treatment


tOF : 11:56:35:337
wavfile=SR2_20151127_222759_865.wav
c:
g=10
sfte=192000
cF
cN
sD: 
dP
sP
end of file treatment


tOF : 11:56:35:464
wavfile=SR2_20151127_222841_532.wav
c:
g=10
sfte=192000
cF
cN
sD: 
dP
sP
end of file treatment


tOF : 11:56:35:585
wavfile=SR2_20151127_222911_672.wav
c:
g=10
sfte=192000
cF
cN
sD: 
dP
sP
end of file treatment


tOF : 11:56:35:830
wavfile=SR2_20151127_222924_789.wav
c:
g=10
sfte=192000
cF
cN
sD: 
dP
sP
end of file treatment


tOF : 11:56:35:930
wavfile=SR2_20151127_222938_729.wav
c:
g=10
sfte=192000
cF
cN
sD: 
dP
sP
end of file treatment


tOF : 11:56:36:021
wavfile=SR2_20151127_223013_783.wav
c:
g=10
sfte=192000
cF
cN
sD: 
dP
sP
end of file treatment


tOF : 11:56:36:097
wavfile=SR2_20151127_223123_148.wav
c:
g=10
sfte=192000
cF
cN
sD: 
dP
sP
end of file treatment


tOF : 11:56:36:239
wavfile=SR2_20151127_223141_753.wav
c:
g=10
sfte=192000
cF
cN
sD: 
dP
sP
end of file treatment


tOF : 11:56:36:614
wavfile=SR2_20151127_223154_841.wav
c:
g=10
sfte=192000
cF
cN
sD: 
dP
sP
end of file treatment


tOF : 11:56:36:801
wavfile=SR2_20151127_223215_717.wav
c:
g=10
sfte=192000
cF
cN
sD: 
dP
sP
end of file treatment


tOF : 11:56:36:978
wavfile=SR2_20151127_223325_221.wav
c:
g=10
sfte=192000
cF
cN
sD: 
dP
sP
end of file treatment


tOF : 11:56:37:099
wavfile=SR2_20151127_223359_405.wav
c:
g=10
sfte=192000
cF
cN
sD: 
dP
sP
end of file treatment


tOF : 11:56:37:385
wavfile=SR2_20151127_223446_927.wav
c:
g=10
sfte=192000
cF
cN
sD: 
dP
sP
end of file treatment


tOF : 11:56:37:534
wavfile=SR2_20151127_223606_876.wav
c:
g=10
sfte=192000
cF
cN
sD: 
dP
sP
end of file treatment


tOF : 11:56:37:610
wavfile=SR2_20151127_223659_873.wav
c:
g=10
sfte=192000
cF
cN
sD: 
dP
sP
end of file treatment


tOF : 11:56:37:703
wavfile=SR2_20151127_223707_284.wav
c:
g=10
sfte=192000
cF
cN
sD: 
dP
sP
end of file treatment


tOF : 11:56:37:901
wavfile=SR2_20151127_223747_313.wav
c:
g=10
sfte=192000
cF
cN
sD: 
dP
sP
end of file treatment


tOF : 11:56:38:089
wavfile=SR2_20151127_223753_833.wav
c:
g=10
sfte=192000
cF
cN
sD: 
dP
sP
end of file treatment


tOF : 11:56:38:205
wavfile=SR2_20151127_223815_969.wav
c:
g=10
sfte=192000
cF
cN
sD: 
dP
sP
end of file treatment


tOF : 11:56:38:366
wavfile=SR2_20151127_223827_932.wav
c:
g=10
sfte=192000
cF
cN
sD: 
dP
sP
end of file treatment


tOF : 11:56:38:461
wavfile=SR2_20151127_223858_884.wav
c:
g=10
sfte=192000
cF
cN
sD: 
dP
sP
end of file treatment


tOF : 11:56:38:543
wavfile=SR2_20151127_223954_545.wav
c:
g=10
sfte=192000
cF
cN
sD: 
dP
sP
end of file treatment


tOF : 11:56:38:632
wavfile=SR2_20151127_224031_748.wav
c:
g=10
sfte=192000
cF
cN
sD: 
dP
sP
end of file treatment


tOF : 11:56:38:777
wavfile=SR2_20151127_224108_791.wav
c:
g=10
sfte=192000
cF
cN
sD: 
dP
sP
end of file treatment


tOF : 11:56:38:925
wavfile=SR2_20151127_224137_811.wav
c:
g=10
sfte=192000
cF
cN
sD: 
dP
sP
end of file treatment


tOF : 11:56:39:020
wavfile=SR2_20151127_224157_537.wav
c:
g=10
sfte=192000
cF
cN
sD: 
dP
sP
end of file treatment


tOF : 11:56:39:154
wavfile=SR2_20151127_224205_051.wav
c:
g=10
sfte=192000
cF
cN
sD: 
dP
sP
end of file treatment


tOF : 11:56:39:288
wavfile=SR2_20151127_224213_660.wav
c:
g=10
sfte=192000
cF
cN
sD: 
dP
sP
end of file treatment


tOF : 11:56:39:419
wavfile=SR2_20151127_224232_667.wav
c:
g=10
sfte=192000
cF
cN
sD: 
dP
sP
end of file treatment


tOF : 11:56:39:587
wavfile=SR2_20151127_224254_769.wav
c:
g=10
sfte=192000
cF
cN
sD: 
dP
sP
end of file treatment


tOF : 11:56:39:737
wavfile=SR2_20151127_224411_369.wav
c:
g=10
sfte=192000
cF
cN
sD: 
dP
sP
end of file treatment


tOF : 11:56:39:837
wavfile=SR2_20151127_224433_949.wav
c:
g=10
sfte=192000
cF
cN
sD: 
dP
sP
end of file treatment


tOF : 11:56:39:947
wavfile=SR2_20151127_224529_204.wav
c:
g=10
sfte=192000
cF
cN
sD: 
dP
sP
end of file treatment


tOF : 11:56:40:151
wavfile=SR2_20151127_224545_708.wav
c:
g=10
sfte=192000
cF
cN
sD: 
dP
sP
end of file treatment


tOF : 11:56:40:376
wavfile=SR2_20151127_224600_829.wav
c:
g=10
sfte=192000
cF
cN
sD: 
dP
sP
end of file treatment


tOF : 11:56:40:566
wavfile=SR2_20151127_224638_109.wav
c:
g=10
sfte=192000
cF
cN
sD: 
dP
sP
end of file treatment


tOF : 11:56:40:748
wavfile=SR2_20151127_224651_508.wav
c:
g=10
sfte=192000
cF
cN
sD: 
dP
sP
end of file treatment


tOF : 11:56:40:848
wavfile=SR2_20151127_224713_337.wav
c:
g=10
sfte=192000
cF
cN
sD: 
dP
sP
end of file treatment


tOF : 11:56:41:035
wavfile=SR2_20151127_224734_680.wav
c:
g=10
sfte=192000
cF
cN
sD: 
dP
sP
end of file treatment


tOF : 11:56:41:114
wavfile=SR2_20151127_224748_049.wav
c:
g=10
sfte=192000
cF
cN
sD: 
dP
sP
end of file treatment


tOF : 11:56:41:370
wavfile=SR2_20151127_224811_483.wav
c:
g=10
sfte=192000
cF
cN
sD: 
dP
sP
end of file treatment


tOF : 11:56:41:465
wavfile=SR2_20151127_224834_603.wav
c:
g=10
sfte=192000
cF
cN
sD: 
dP
sP
end of file treatment


tOF : 11:56:41:567
wavfile=SR2_20151127_224846_076.wav
c:
g=10
sfte=192000
cF
cN
sD: 
dP
sP
end of file treatment


tOF : 11:56:41:806
wavfile=SR2_20151127_224900_137.wav
c:
g=10
sfte=192000
cF
cN
sD: 
dP
sP
end of file treatment


tOF : 11:56:41:964
wavfile=SR2_20151127_224941_949.wav
c:
g=10
sfte=192000
cF
cN
sD: 
dP
sP
end of file treatment


tOF : 11:56:42:117
wavfile=SR2_20151127_225011_999.wav
c:
g=10
sfte=192000
cF
cN
sD: 
dP
sP
end of file treatment


tOF : 11:56:42:242
wavfile=SR2_20151127_225033_020.wav
c:
g=10
sfte=192000
cF
cN
sD: 
dP
sP
end of file treatment


tOF : 11:56:42:342
wavfile=SR2_20151127_225112_003.wav
c:
g=10
sfte=192000
cF
cN
sD: 
dP
sP
end of file treatment


tOF : 11:56:42:578
wavfile=SR2_20151127_225219_000.wav
c:
g=10
sfte=192000
cF
cN
sD: 
dP
sP
end of file treatment


tOF : 11:56:42:908
wavfile=SR2_20151127_225240_136.wav
c:
g=10
sfte=192000
cF
cN
sD: 
dP
sP
end of file treatment


tOF : 11:56:43:029
wavfile=SR2_20151127_225255_445.wav
c:
g=10
sfte=192000
cF
cN
sD: 
dP
sP
end of file treatment


tOF : 11:56:43:216
wavfile=SR2_20151127_225307_704.wav
c:
g=10
sfte=192000
cF
cN
sD: 
dP
sP
end of file treatment


tOF : 11:56:43:397
wavfile=SR2_20151127_225349_775.wav
c:
g=10
sfte=192000
cF
cN
sD: 
dP
sP
end of file treatment


tOF : 11:56:43:496
wavfile=SR2_20151127_225417_259.wav
c:
g=10
sfte=192000
cF
cN
sD: 
dP
sP
end of file treatment


tOF : 11:56:43:643
wavfile=SR2_20151127_225435_692.wav
c:
g=10
sfte=192000
cF
cN
sD: 
dP
sP
end of file treatment


tOF : 11:56:43:789
wavfile=SR2_20151127_225503_997.wav
c:
g=10
sfte=192000
cF
cN
sD: 
dP
sP
end of file treatment


tOF : 11:56:43:898
wavfile=SR2_20151127_225605_041.wav
c:
g=10
sfte=192000
cF
cN
sD: 
dP
sP
end of file treatment


tOF : 11:56:44:128
wavfile=SR2_20151127_225620_192.wav
c:
g=10
sfte=192000
cF
cN
sD: 
dP
sP
end of file treatment


tOF : 11:56:44:364
wavfile=SR2_20151127_225659_263.wav
c:
g=10
sfte=192000
cF
cN
sD: 
dP
sP
end of file treatment


tOF : 11:56:44:592
wavfile=SR2_20151127_225719_961.wav
c:
g=10
sfte=192000
cF
cN
sD: 
dP
sP
end of file treatment


tOF : 11:56:44:728
wavfile=SR2_20151127_225743_255.wav
c:
g=10
sfte=192000
cF
cN
sD: 
dP
sP
end of file treatment


tOF : 11:56:44:966
wavfile=SR2_20151127_225804_477.wav
c:
g=10
sfte=192000
cF
cN
sD: 
dP
sP
end of file treatment


tOF : 11:56:45:101
wavfile=SR2_20151127_225836_549.wav
c:
g=10
sfte=192000
cF
cN
sD: 
dP
sP
end of file treatment


tOF : 11:56:45:303
wavfile=SR2_20151127_225905_421.wav
c:
g=10
sfte=192000
cF
cN
sD: 
dP
sP
end of file treatment


tOF : 11:56:45:415
wavfile=SR2_20151127_225939_455.wav
c:
g=10
sfte=192000
cF
cN
sD: 
dP
sP
end of file treatment


tOF : 11:56:45:730
wavfile=SR2_20151127_225959_184.wav
c:
g=10
sfte=192000
cF
cN
sD: 
dP
sP
end of file treatment


tOF : 11:56:45:836
wavfile=SR2_20151127_230007_201.wav
c:
g=10
sfte=192000
cF
cN
sD: 
dP
sP
end of file treatment


tOF : 11:56:46:031
wavfile=SR2_20151127_230041_789.wav
c:
g=10
sfte=192000
cF
cN
sD: 
dP
sP
end of file treatment


tOF : 11:56:46:176
wavfile=SR2_20151127_230113_187.wav
c:
g=10
sfte=192000
cF
cN
sD: 
dP
sP
end of file treatment


tOF : 11:56:46:459
wavfile=SR2_20151127_230134_944.wav
c:
g=10
sfte=192000
cF
cN
sD: 
dP
sP
end of file treatment


tOF : 11:56:46:830
wavfile=SR2_20151127_230148_737.wav
c:
g=10
sfte=192000
cF
cN
sD: 
dP
sP
end of file treatment


tOF : 11:56:47:044
wavfile=SR2_20151127_230220_119.wav
c:
g=10
sfte=192000
cF
cN
sD: 
dP
sP
end of file treatment


tOF : 11:56:47:221
wavfile=SR2_20151127_230228_328.wav
c:
g=10
sfte=192000
cF
cN
sD: 
dP
sP
end of file treatment


tOF : 11:56:47:407
wavfile=SR2_20151127_230238_544.wav
c:
g=10
sfte=192000
cF
cN
sD: 
dP
sP
end of file treatment


tOF : 11:56:47:915
wavfile=SR2_20151127_230300_553.wav
c:
g=10
sfte=192000
cF
cN
sD: 
dP
sP
end of file treatment


tOF : 11:56:48:126
wavfile=SR2_20151127_230314_208.wav
c:
g=10
sfte=192000
cF
cN
sD: 
dP
sP
end of file treatment


tOF : 11:56:48:347
wavfile=SR2_20151127_230321_932.wav
c:
g=10
sfte=192000
cF
cN
sD: 
dP
sP
end of file treatment


tOF : 11:56:48:527
wavfile=SR2_20151127_230330_355.wav
c:
g=10
sfte=192000
cF
cN
sD: 
dP
sP
end of file treatment


tOF : 11:56:48:744
wavfile=SR2_20151127_230344_679.wav
c:
g=10
sfte=192000
cF
cN
sD: 
dP
sP
end of file treatment


tOF : 11:56:49:176
wavfile=SR2_20151127_230408_565.wav
c:
g=10
sfte=192000
cF
cN
sD: 
dP
sP
end of file treatment


tOF : 11:56:49:298
wavfile=SR2_20151127_230458_199.wav
c:
g=10
sfte=192000
cF
cN
sD: 
dP
sP
end of file treatment


tOF : 11:56:49:440
wavfile=SR2_20151127_230531_839.wav
c:
g=10
sfte=192000
cF
cN
sD: 
dP
sP
end of file treatment


tOF : 11:56:49:579
wavfile=SR2_20151127_230557_164.wav
c:
g=10
sfte=192000
cF
cN
sD: 
dP
sP
end of file treatment


tOF : 11:56:49:878
wavfile=SR2_20151127_230613_345.wav
c:
g=10
sfte=192000
cF
cN
sD: 
dP
sP
end of file treatment


tOF : 11:56:50:085
wavfile=SR2_20151127_230623_073.wav
c:
g=10
sfte=192000
cF
cN
sD: 
dP
sP
end of file treatment


tOF : 11:56:50:244
wavfile=SR2_20151127_230638_121.wav
c:
g=10
sfte=192000
cF
cN
sD: 
dP
sP
end of file treatment


tOF : 11:56:50:488
wavfile=SR2_20151127_230701_792.wav
c:
g=10
sfte=192000
cF
cN
sD: 
dP
sP
end of file treatment


tOF : 11:56:50:623
wavfile=SR2_20151127_230717_312.wav
c:
g=10
sfte=192000
cF
cN
sD: 
dP
sP
end of file treatment


tOF : 11:56:50:795
wavfile=SR2_20151127_230732_140.wav
c:
g=10
sfte=192000
cF
cN
sD: 
dP
sP
end of file treatment


tOF : 11:56:50:938
wavfile=SR2_20151127_230749_905.wav
c:
g=10
sfte=192000
cF
cN
sD: 
dP
sP
end of file treatment


tOF : 11:56:51:145
wavfile=SR2_20151127_230812_497.wav
c:
g=10
sfte=192000
cF
cN
sD: 
dP
sP
end of file treatment


tOF : 11:56:51:468
wavfile=SR2_20151127_230839_193.wav
c:
g=10
sfte=192000
cF
cN
sD: 
dP
sP
end of file treatment


tOF : 11:56:51:568
wavfile=SR2_20151127_230900_345.wav
c:
g=10
sfte=192000
cF
cN
sD: 
dP
sP
end of file treatment


tOF : 11:56:51:693
wavfile=SR2_20151127_230908_463.wav
c:
g=10
sfte=192000
cF
cN
sD: 
dP
sP
end of file treatment


tOF : 11:56:52:019
wavfile=SR2_20151127_230919_879.wav
c:
g=10
sfte=192000
cF
cN
sD: 
dP
sP
end of file treatment


tOF : 11:56:52:205
wavfile=SR2_20151127_230931_875.wav
c:
g=10
sfte=192000
cF
cN
sD: 
dP
sP
end of file treatment


tOF : 11:56:52:334
wavfile=SR2_20151127_231014_304.wav
c:
g=10
sfte=192000
cF
cN
sD: 
dP
sP
end of file treatment


tOF : 11:56:52:435
wavfile=SR2_20151127_231023_127.wav
c:
g=10
sfte=192000
cF
cN
sD: 
dP
sP
end of file treatment


tOF : 11:56:52:568
wavfile=SR2_20151127_231036_149.wav
c:
g=10
sfte=192000
cF
cN
sD: 
dP
sP
end of file treatment


tOF : 11:56:52:759
wavfile=SR2_20151127_231045_360.wav
c:
g=10
sfte=192000
cF
cN
sD: 
dP
sP
end of file treatment


tOF : 11:56:52:982
wavfile=SR2_20151127_231057_808.wav
c:
g=10
sfte=192000
cF
cN
sD: 
dP
sP
end of file treatment


tOF : 11:56:53:096
wavfile=SR2_20151127_231108_137.wav
c:
g=10
sfte=192000
cF
cN
sD: 
dP
sP
end of file treatment


tOF : 11:56:53:270
wavfile=SR2_20151127_231135_621.wav
c:
g=10
sfte=192000
cF
cN
sD: 
dP
sP
end of file treatment


tOF : 11:56:53:356
wavfile=SR2_20151127_231157_361.wav
c:
g=10
sfte=192000
cF
cN
sD: 
dP
sP
end of file treatment


tOF : 11:56:53:445
wavfile=SR2_20151127_231208_671.wav
c:
g=10
sfte=192000
cF
cN
sD: 
dP
sP
end of file treatment


tOF : 11:56:53:584
wavfile=SR2_20151127_231238_757.wav
c:
g=10
sfte=192000
cF
cN
sD: 
dP
sP
end of file treatment


tOF : 11:56:53:724
wavfile=SR2_20151127_231251_512.wav
c:
g=10
sfte=192000
cF
cN
sD: 
dP
sP
end of file treatment


tOF : 11:56:53:894
wavfile=SR2_20151127_231258_569.wav
c:
g=10
sfte=192000
cF
cN
sD: 
dP
sP
end of file treatment


tOF : 11:56:54:001
wavfile=SR2_20151127_231313_452.wav
c:
g=10
sfte=192000
cF
cN
sD: 
dP
sP
end of file treatment


tOF : 11:56:54:489
wavfile=SR2_20151127_231323_144.wav
c:
g=10
sfte=192000
cF
cN
sD: 
dP
sP
end of file treatment


tOF : 11:56:54:646
wavfile=SR2_20151127_231346_937.wav
c:
g=10
sfte=192000
cF
cN
sD: 
dP
sP
end of file treatment


tOF : 11:56:54:929
wavfile=SR2_20151127_231410_331.wav
c:
g=10
sfte=192000
cF
cN
sD: 
dP
sP
end of file treatment


tOF : 11:56:55:030
wavfile=SR2_20151127_231434_485.wav
c:
g=10
sfte=192000
cF
cN
sD: 
dP
sP
end of file treatment


tOF : 11:56:55:238
wavfile=SR2_20151127_231518_951.wav
c:
g=10
sfte=192000
cF
cN
sD: 
dP
sP
end of file treatment


tOF : 11:56:55:340
wavfile=SR2_20151127_231550_399.wav
c:
g=10
sfte=192000
cF
cN
sD: 
dP
sP
end of file treatment


tOF : 11:56:55:433
wavfile=SR2_20151127_231622_279.wav
c:
g=10
sfte=192000
cF
cN
sD: 
dP
sP
end of file treatment


tOF : 11:56:55:627
wavfile=SR2_20151127_231659_193.wav
c:
g=10
sfte=192000
cF
cN
sD: 
dP
sP
end of file treatment


tOF : 11:56:55:847
wavfile=SR2_20151127_231715_676.wav
c:
g=10
sfte=192000
cF
cN
sD: 
dP
sP
end of file treatment


tOF : 11:56:55:969
wavfile=SR2_20151127_231724_772.wav
c:
g=10
sfte=192000
cF
cN
sD: 
dP
sP
end of file treatment


tOF : 11:56:56:082
wavfile=SR2_20151127_231730_976.wav
c:
g=10
sfte=192000
cF
cN
sD: 
dP
sP
end of file treatment


tOF : 11:56:56:228
wavfile=SR2_20151127_231846_216.wav
c:
g=10
sfte=192000
cF
cN
sD: 
dP
sP
end of file treatment


tOF : 11:56:56:401
wavfile=SR2_20151127_231938_151.wav
c:
g=10
sfte=192000
cF
cN
sD: 
dP
sP
end of file treatment


tOF : 11:56:56:536
wavfile=SR2_20151127_231949_991.wav
c:
g=10
sfte=192000
cF
cN
sD: 
dP
sP
end of file treatment


tOF : 11:56:56:734
wavfile=SR2_20151127_232002_311.wav
c:
g=10
sfte=192000
cF
cN
sD: 
dP
sP
end of file treatment


tOF : 11:56:56:876
wavfile=SR2_20151127_232021_565.wav
c:
g=10
sfte=192000
cF
cN
sD: 
dP
sP
end of file treatment


tOF : 11:56:57:053
wavfile=SR2_20151127_232035_612.wav
c:
g=10
sfte=192000
cF
cN
sD: 
dP
sP
end of file treatment


tOF : 11:56:57:188
wavfile=SR2_20151127_232120_127.wav
c:
g=10
sfte=192000
cF
cN
sD: 
dP
sP
end of file treatment


tOF : 11:56:57:357
wavfile=SR2_20151127_232229_129.wav
c:
g=10
sfte=192000
cF
cN
sD: 
dP
sP
end of file treatment


tOF : 11:56:57:423
wavfile=SR2_20151127_232326_276.wav
c:
g=10
sfte=192000
cF
cN
sD: 
dP
sP
end of file treatment


tOF : 11:56:57:487
wavfile=SR2_20151127_232345_713.wav
c:
g=10
sfte=192000
cF
cN
sD: 
dP
sP
end of file treatment


tOF : 11:56:57:782
wavfile=SR2_20151127_232432_435.wav
c:
g=10
sfte=192000
cF
cN
sD: 
dP
sP
end of file treatment


tOF : 11:56:57:953
wavfile=SR2_20151127_232454_129.wav
c:
g=10
sfte=192000
cF
cN
sD: 
dP
sP
end of file treatment


tOF : 11:56:58:161
wavfile=SR2_20151127_232520_577.wav
c:
g=10
sfte=192000
cF
cN
sD: 
dP
sP
end of file treatment


tOF : 11:56:58:396
wavfile=SR2_20151127_232534_975.wav
c:
g=10
sfte=192000
cF
cN
sD: 
dP
sP
end of file treatment


tOF : 11:56:58:621
wavfile=SR2_20151127_232551_032.wav
c:
g=10
sfte=192000
cF
cN
sD: 
dP
sP
end of file treatment


tOF : 11:56:58:838
wavfile=SR2_20151127_232649_945.wav
c:
g=10
sfte=192000
cF
cN
sD: 
dP
sP
end of file treatment


tOF : 11:56:59:018
wavfile=SR2_20151127_232713_595.wav
c:
g=10
sfte=192000
cF
cN
sD: 
dP
sP
end of file treatment


tOF : 11:56:59:217
wavfile=SR2_20151127_232747_963.wav
c:
g=10
sfte=192000
cF
cN
sD: 
dP
sP
end of file treatment


tOF : 11:56:59:392
wavfile=SR2_20151127_232814_780.wav
c:
g=10
sfte=192000
cF
cN
sD: 
dP
sP
end of file treatment


tOF : 11:56:59:480
wavfile=SR2_20151127_233006_752.wav
c:
g=10
sfte=192000
cF
cN
sD: 
dP
sP
end of file treatment


tOF : 11:56:59:723
wavfile=SR2_20151127_233041_992.wav
c:
g=10
sfte=192000
cF
cN
sD: 
dP
sP
end of file treatment


tOF : 11:56:59:851
wavfile=SR2_20151127_233120_948.wav
c:
g=10
sfte=192000
cF
cN
sD: 
dP
sP
end of file treatment


tOF : 11:56:59:937
wavfile=SR2_20151128_004804_000.wav
c:
g=10
sfte=192000
cF
cN
sD: 
dP
sP
end of file treatment


tOF : 11:57:00:085
wavfile=SR2_20151128_024804_000.wav
c:
g=10
sfte=192000
cF
cN
sD: 
dP
sP
end of file treatment


tOF : 11:57:00:179
wavfile=SR2_20151128_044804_000.wav
c:
g=10
sfte=192000
cF
cN
sD: 
dP
sP
end of file treatment


tOF : 11:57:00:404
wavfile=SR2_20151128_064804_000.wav
c:
g=10
sfte=192000
cF
cN
sD: 
dP
sP
end of file treatment


tOF : 11:57:00:560
wavfile=SR2_20151128_151721_780.wav
c:
g=10
sfte=192000
cF
cN
sD: 
dP
sP
end of file treatment


tOF : 11:57:00:661
wavfile=SR2_20151128_162733_603.wav
c:
g=10
sfte=192000
cF
cN
sD: 
dP
sP
end of file treatment


tOF : 11:57:00:801
wavfile=SR2_20151128_165453_109.wav
c:
g=10
sfte=192000
cF
cN
sD: 
dP
sP
end of file treatment


tOF : 11:57:00:958
wavfile=SR2_20151128_170034_793.wav
c:
g=10
sfte=192000
cF
cN
sD: 
dP
sP
end of file treatment


tOF : 11:57:01:145
wavfile=SR2_20151128_170600_759.wav
c:
g=10
sfte=192000
cF
cN
sD: 
dP
sP
end of file treatment


tOF : 11:57:01:238
wavfile=SR2_20151128_180018_229.wav
c:
g=10
sfte=192000
cF
cN
sD: 
dP
sP
end of file treatment


tOF : 11:57:01:396
wavfile=SR2_20151128_181704_000.wav
c:
g=10
sfte=192000
cF
cN
sD: 
dP
sP
end of file treatment


tOF : 11:57:01:546
wavfile=SR2_20151128_182941_891.wav
c:
g=10
sfte=192000
cF
cN
sD: 
dP
sP
end of file treatment


tOF : 11:57:01:622
wavfile=SR2_20151128_184312_672.wav
c:
g=10
sfte=192000
cF
cN
sD: 
dP
sP
end of file treatment


tOF : 11:57:01:782
wavfile=SR2_20151128_185811_761.wav
c:
g=10
sfte=192000
cF
cN
sD: 
dP
sP
end of file treatment


tOF : 11:57:01:968
wavfile=SR2_20151128_191118_899.wav
c:
g=10
sfte=192000
cF
cN
sD: 
dP
sP
end of file treatment


tOF : 11:57:02:100
wavfile=SR2_20151128_191704_000.wav
c:
g=10
sfte=192000
cF
cN
sD: 
dP
sP
end of file treatment


tOF : 11:57:02:253
wavfile=SR2_20151128_192322_840.wav
c:
g=10
sfte=192000
cF
cN
sD: 
dP
sP
end of file treatment


tOF : 11:57:02:429
wavfile=SR2_20151128_192413_477.wav
c:
g=10
sfte=192000
cF
cN
sD: 
dP
sP
end of file treatment


tOF : 11:57:02:631
wavfile=SR2_20151128_192458_540.wav
c:
g=10
sfte=192000
cF
cN
sD: 
dP
sP
end of file treatment


tOF : 11:57:02:796
wavfile=SR2_20151128_192523_232.wav
c:
g=10
sfte=192000
cF
cN
sD: 
dP
sP
end of file treatment


tOF : 11:57:03:048
wavfile=SR2_20151128_192609_771.wav
c:
g=10
sfte=192000
cF
cN
sD: 
dP
sP
end of file treatment


tOF : 11:57:03:195
wavfile=SR2_20151128_192638_023.wav
c:
g=10
sfte=192000
cF
cN
sD: 
dP
sP
end of file treatment


tOF : 11:57:03:270
wavfile=SR2_20151128_204704_000.wav
c:
g=10
sfte=192000
cF
cN
sD: 
dP
sP
end of file treatment


tOF : 11:57:03:482
wavfile=SR2_20151128_224704_000.wav
c:
g=10
sfte=192000
cF
cN
sD: 
dP
sP
end of file treatment


tOF : 11:57:03:628
wavfile=SR2_20151129_001704_000.wav
c:
g=10
sfte=192000
cF
cN
sD: 
dP
sP
end of file treatment


tOF : 11:57:03:755
wavfile=SR2_20151129_014704_000.wav
c:
g=10
sfte=192000
cF
cN
sD: 
dP
sP
end of file treatment


tOF : 11:57:03:903
wavfile=SR2_20151129_031704_000.wav
c:
g=10
sfte=192000
cF
cN
sD: 
dP
sP
end of file treatment


tOF : 11:57:04:078
wavfile=SR2_20151129_051704_000.wav
c:
g=10
sfte=192000
cF
cN
sD: 
dP
sP
end of file treatment


tOF : 11:57:04:231
wavfile=SR2_20151129_071704_000.wav
c:
g=10
sfte=192000
cF
cN
sD: 
dP
sP
end of file treatment


tOF : 11:57:04:319
wavfile=SR2_20151129_153748_512.wav
c:
g=10
sfte=192000
cF
cN
sD: 
dP
sP
end of file treatment


tOF : 11:57:04:469
wavfile=SR2_20151129_155631_045.wav
c:
g=10
sfte=192000
cF
cN
sD: 
dP
sP
end of file treatment


tOF : 11:57:04:631
wavfile=SR2_20151129_155651_704.wav
c:
g=10
sfte=192000
cF
cN
sD: 
dP
sP
end of file treatment


tOF : 11:57:04:865
wavfile=SR2_20151129_155717_807.wav
c:
g=10
sfte=192000
cF
cN
sD: 
dP
sP
end of file treatment


tOF : 11:57:05:091
wavfile=SR2_20151129_155737_851.wav
c:
g=10
sfte=192000
cF
cN
sD: 
dP
sP
end of file treatment


tOF : 11:57:05:259
wavfile=SR2_20151129_155753_360.wav
c:
g=10
sfte=192000
cF
cN
sD: 
dP
sP
end of file treatment


tOF : 11:57:05:388
wavfile=SR2_20151129_155805_096.wav
c:
g=10
sfte=192000
cF
cN
sD: 
dP
sP
end of file treatment


tOF : 11:57:05:527
wavfile=SR2_20151129_155812_823.wav
c:
g=10
sfte=192000
cF
cN
sD: 
dP
sP
end of file treatment


tOF : 11:57:05:728
wavfile=SR2_20151129_155824_780.wav
c:
g=10
sfte=192000
cF
cN
sD: 
dP
sP
end of file treatment


tOF : 11:57:05:946
wavfile=SR2_20151129_155836_017.wav
c:
g=10
sfte=192000
cF
cN
sD: 
dP
sP
end of file treatment


tOF : 11:57:06:033
wavfile=SR2_20151129_155843_357.wav
c:
g=10
sfte=192000
cF
cN
sD: 
dP
sP
end of file treatment


tOF : 11:57:06:498
wavfile=SR2_20151129_155852_877.wav
c:
g=10
sfte=192000
cF
cN
sD: 
dP
sP
end of file treatment


tOF : 11:57:06:668
wavfile=SR2_20151129_155912_661.wav
c:
g=10
sfte=192000
cF
cN
sD: 
dP
sP
end of file treatment


tOF : 11:57:06:799
wavfile=SR2_20151129_155925_703.wav
c:
g=10
sfte=192000
cF
cN
sD: 
dP
sP
end of file treatment


tOF : 11:57:06:903
wavfile=SR2_20151129_155939_364.wav
c:
g=10
sfte=192000
cF
cN
sD: 
dP
sP
end of file treatment


tOF : 11:57:07:349
wavfile=SR2_20151129_155950_721.wav
c:
g=10
sfte=192000
cF
cN
sD: 
dP
sP
end of file treatment


tOF : 11:57:07:529
wavfile=SR2_20151129_160008_057.wav
c:
g=10
sfte=192000
cF
cN
sD: 
dP
sP
end of file treatment


tOF : 11:57:07:809
wavfile=SR2_20151129_160017_935.wav
c:
g=10
sfte=192000
cF
cN
sD: 
dP
sP
end of file treatment


tOF : 11:57:08:174
wavfile=SR2_20151129_160033_955.wav
c:
g=10
sfte=192000
cF
cN
sD: 
dP
sP
end of file treatment


tOF : 11:57:08:447
wavfile=SR2_20151129_160044_585.wav
c:
g=10
sfte=192000
cF
cN
sD: 
dP
sP
end of file treatment


tOF : 11:57:08:616
wavfile=SR2_20151129_160100_907.wav
c:
g=10
sfte=192000
cF
cN
sD: 
dP
sP
end of file treatment


tOF : 11:57:08:751
wavfile=SR2_20151129_160108_823.wav
c:
g=10
sfte=192000
cF
cN
sD: 
dP
sP
end of file treatment


tOF : 11:57:08:922
wavfile=SR2_20151129_160122_289.wav
c:
g=10
sfte=192000
cF
cN
sD: 
dP
sP
end of file treatment


tOF : 11:57:09:261
wavfile=SR2_20151129_160134_223.wav
c:
g=10
sfte=192000
cF
cN
sD: 
dP
sP
end of file treatment


tOF : 11:57:09:685
wavfile=SR2_20151129_160155_400.wav
c:
g=10
sfte=192000
cF
cN
sD: 
dP
sP
end of file treatment


tOF : 11:57:09:877
wavfile=SR2_20151129_160206_679.wav
c:
g=10
sfte=192000
cF
cN
sD: 
dP
sP
end of file treatment


tOF : 11:57:10:090
wavfile=SR2_20151129_160215_408.wav
c:
g=10
sfte=192000
cF
cN
sD: 
dP
sP
end of file treatment


tOF : 11:57:10:278
wavfile=SR2_20151129_160224_827.wav
c:
g=10
sfte=192000
cF
cN
sD: 
dP
sP
end of file treatment


tOF : 11:57:10:702
wavfile=SR2_20151129_160234_139.wav
c:
g=10
sfte=192000
cF
cN
sD: 
dP
sP
end of file treatment


tOF : 11:57:10:836
wavfile=SR2_20151129_160244_387.wav
c:
g=10
sfte=192000
cF
cN
sD: 
dP
sP
end of file treatment


tOF : 11:57:10:980
wavfile=SR2_20151129_160257_963.wav
c:
g=10
sfte=192000
cF
cN
sD: 
dP
sP
end of file treatment


tOF : 11:57:11:077
wavfile=SR2_20151129_160313_348.wav
c:
g=10
sfte=192000
cF
cN
sD: 
dP
sP
end of file treatment


tOF : 11:57:11:175
wavfile=SR2_20151129_160321_100.wav
c:
g=10
sfte=192000
cF
cN
sD: 
dP
sP
end of file treatment


tOF : 11:57:11:321
wavfile=SR2_20151129_160337_452.wav
c:
g=10
sfte=192000
cF
cN
sD: 
dP
sP
end of file treatment


tOF : 11:57:11:435
wavfile=SR2_20151129_160350_640.wav
c:
g=10
sfte=192000
cF
cN
sD: 
dP
sP
end of file treatment


tOF : 11:57:11:763
wavfile=SR2_20151129_160401_441.wav
c:
g=10
sfte=192000
cF
cN
sD: 
dP
sP
end of file treatment


tOF : 11:57:11:982
wavfile=SR2_20151129_160411_493.wav
c:
g=10
sfte=192000
cF
cN
sD: 
dP
sP
end of file treatment


tOF : 11:57:12:138
wavfile=SR2_20151129_160423_496.wav
c:
g=10
sfte=192000
cF
cN
sD: 
dP
sP
end of file treatment


tOF : 11:57:12:273
wavfile=SR2_20151129_160437_308.wav
c:
g=10
sfte=192000
cF
cN
sD: 
dP
sP
end of file treatment


tOF : 11:57:12:474
wavfile=SR2_20151129_160455_413.wav
c:
g=10
sfte=192000
cF
cN
sD: 
dP
sP
end of file treatment


tOF : 11:57:12:693
wavfile=SR2_20151129_160511_112.wav
c:
g=10
sfte=192000
cF
cN
sD: 
dP
sP
end of file treatment


tOF : 11:57:12:872
wavfile=SR2_20151129_160519_216.wav
c:
g=10
sfte=192000
cF
cN
sD: 
dP
sP
end of file treatment


tOF : 11:57:13:241
wavfile=SR2_20151129_160528_759.wav
c:
g=10
sfte=192000
cF
cN
sD: 
dP
sP
end of file treatment


tOF : 11:57:13:476
wavfile=SR2_20151129_160544_931.wav
c:
g=10
sfte=192000
cF
cN
sD: 
dP
sP
end of file treatment


tOF : 11:57:13:685
wavfile=SR2_20151129_160624_465.wav
c:
g=10
sfte=192000
cF
cN
sD: 
dP
sP
end of file treatment


tOF : 11:57:13:804
wavfile=SR2_20151129_160822_432.wav
c:
g=10
sfte=192000
cF
cN
sD: 
dP
sP
end of file treatment


tOF : 11:57:13:986
wavfile=SR2_20151129_161107_493.wav
c:
g=10
sfte=192000
cF
cN
sD: 
dP
sP
end of file treatment


tOF : 11:57:14:218
wavfile=SR2_20151129_161535_677.wav
c:
g=10
sfte=192000
cF
cN
sD: 
dP
sP
end of file treatment


tOF : 11:57:14:477
wavfile=SR2_20151129_164704_000.wav
c:
g=10
sfte=192000
cF
cN
sD: 
dP
sP
end of file treatment


tOF : 11:57:14:601
wavfile=SR2_20151129_173743_073.wav
c:
g=10
sfte=192000
cF
cN
sD: 
dP
sP
end of file treatment


tOF : 11:57:14:723
wavfile=SR2_20151129_181704_000.wav
c:
g=10
sfte=192000
cF
cN
sD: 
dP
sP
end of file treatment


tOF : 11:57:14:886
wavfile=SR2_20151129_190305_759.wav
c:
g=10
sfte=192000
cF
cN
sD: 
dP
sP
end of file treatment


tOF : 11:57:15:239
wavfile=SR2_20151129_191852_972.wav
c:
g=10
sfte=192000
cF
cN
sD: 
dP
sP
end of file treatment


tOF : 11:57:15:412
wavfile=SR2_20151129_193540_351.wav
c:
g=10
sfte=192000
cF
cN
sD: 
dP
sP
end of file treatment


tOF : 11:57:15:567
wavfile=SR2_20151129_200515_216.wav
c:
g=10
sfte=192000
cF
cN
sD: 
dP
sP
end of file treatment


tOF : 11:57:15:685
wavfile=SR2_20151129_202735_192.wav
c:
g=10
sfte=192000
cF
cN
sD: 
dP
sP
end of file treatment


tOF : 11:57:15:844
wavfile=SR2_20151129_210349_681.wav
c:
g=10
sfte=192000
cF
cN
sD: 
dP
sP
end of file treatment


tOF : 11:57:16:241
wavfile=SR2_20151129_212330_832.wav
c:
g=10
sfte=192000
cF
cN
sD: 
dP
sP
end of file treatment


tOF : 11:57:16:404
wavfile=SR2_20151129_213853_667.wav
c:
g=10
sfte=192000
cF
cN
sD: 
dP
sP
end of file treatment


tOF : 11:57:16:532
wavfile=SR2_20151129_224704_000.wav
c:
g=10
sfte=192000
cF
cN
sD: 
dP
sP
end of file treatment


tOF : 11:57:16:637
wavfile=SR2_20151130_004704_000.wav
c:
g=10
sfte=192000
cF
cN
sD: 
dP
sP
end of file treatment


tOF : 11:57:16:717
wavfile=SR2_20151130_011704_000.wav
c:
g=10
sfte=192000
cF
cN
sD: 
dP
sP
end of file treatment
endDetec  IThread = 1
