dtt modefreq=1


tOF : 11:55:20:561
wavfile=SR2_20151112_170704_000.wav
c:
g=10
sfte=192000
cF
cN
sD: 
dP
sP
end of file treatment


tOF : 11:55:20:670
wavfile=SR2_20151112_180204_824.wav
c:
g=10
sfte=192000
cF
cN
sD: 
dP
sP
end of file treatment


tOF : 11:55:20:797
wavfile=SR2_20151112_180236_943.wav
c:
g=10
sfte=192000
cF
cN
sD: 
dP
sP
end of file treatment


tOF : 11:55:20:906
wavfile=SR2_20151112_180315_207.wav
c:
g=10
sfte=192000
cF
cN
sD: 
dP
sP
end of file treatment


tOF : 11:55:21:047
wavfile=SR2_20151112_180348_432.wav
c:
g=10
sfte=192000
cF
cN
sD: 
dP
sP
end of file treatment


tOF : 11:55:21:281
wavfile=SR2_20151112_180413_527.wav
c:
g=10
sfte=192000
cF
cN
sD: 
dP
sP
end of file treatment


tOF : 11:55:21:390
wavfile=SR2_20151112_180444_569.wav
c:
g=10
sfte=192000
cF
cN
sD: 
dP
sP
end of file treatment


tOF : 11:55:21:531
wavfile=SR2_20151112_180535_545.wav
c:
g=10
sfte=192000
cF
cN
sD: 
dP
sP
end of file treatment


tOF : 11:55:21:656
wavfile=SR2_20151112_180643_620.wav
c:
g=10
sfte=192000
cF
cN
sD: 
dP
sP
end of file treatment


tOF : 11:55:21:780
wavfile=SR2_20151112_180718_045.wav
c:
g=10
sfte=192000
cF
cN
sD: 
dP
sP
end of file treatment


tOF : 11:55:21:952
wavfile=SR2_20151112_180747_732.wav
c:
g=10
sfte=192000
cF
cN
sD: 
dP
sP
end of file treatment


tOF : 11:55:22:077
wavfile=SR2_20151112_180832_867.wav
c:
g=10
sfte=192000
cF
cN
sD: 
dP
sP
end of file treatment


tOF : 11:55:22:202
wavfile=SR2_20151112_180917_547.wav
c:
g=10
sfte=192000
cF
cN
sD: 
dP
sP
end of file treatment


tOF : 11:55:22:327
wavfile=SR2_20151112_181703_953.wav
c:
g=10
sfte=192000
cF
cN
sD: 
dP
sP
end of file treatment


tOF : 11:55:22:436
wavfile=SR2_20151112_190704_000.wav
c:
g=10
sfte=192000
cF
cN
sD: 
dP
sP
end of file treatment


tOF : 11:55:22:582
wavfile=SR2_20151112_204758_879.wav
c:
g=10
sfte=192000
cF
cN
sD: 
dP
sP
end of file treatment


tOF : 11:55:22:726
wavfile=SR2_20151112_220118_512.wav
c:
g=10
sfte=192000
cF
cN
sD: 
dP
sP
end of file treatment


tOF : 11:55:22:836
wavfile=SR2_20151112_230704_000.wav
c:
g=10
sfte=192000
cF
cN
sD: 
dP
sP
end of file treatment


tOF : 11:55:22:994
wavfile=SR2_20151113_010704_000.wav
c:
g=10
sfte=192000
cF
cN
sD: 
dP
sP
end of file treatment


tOF : 11:55:23:159
wavfile=SR2_20151113_011225_068.wav
c:
g=10
sfte=192000
cF
cN
sD: 
dP
sP
end of file treatment


tOF : 11:55:23:273
wavfile=SR2_20151113_011332_015.wav
c:
g=10
sfte=192000
cF
cN
sD: 
dP
sP
end of file treatment


tOF : 11:55:23:429
wavfile=SR2_20151113_011348_329.wav
c:
g=10
sfte=192000
cF
cN
sD: 
dP
sP
end of file treatment


tOF : 11:55:23:513
wavfile=SR2_20151113_011429_352.wav
c:
g=10
sfte=192000
cF
cN
sD: 
dP
sP
end of file treatment


tOF : 11:55:23:665
wavfile=SR2_20151113_011450_348.wav
c:
g=10
sfte=192000
cF
cN
sD: 
dP
sP
end of file treatment


tOF : 11:55:23:808
wavfile=SR2_20151113_011512_463.wav
c:
g=10
sfte=192000
cF
cN
sD: 
dP
sP
end of file treatment


tOF : 11:55:23:888
wavfile=SR2_20151113_011525_884.wav
c:
g=10
sfte=192000
cF
cN
sD: 
dP
sP
end of file treatment


tOF : 11:55:23:967
wavfile=SR2_20151113_011603_088.wav
c:
g=10
sfte=192000
cF
cN
sD: 
dP
sP
end of file treatment


tOF : 11:55:24:101
wavfile=SR2_20151113_011639_739.wav
c:
g=10
sfte=192000
cF
cN
sD: 
dP
sP
end of file treatment


tOF : 11:55:24:278
wavfile=SR2_20151113_011707_768.wav
c:
g=10
sfte=192000
cF
cN
sD: 
dP
sP
end of file treatment


tOF : 11:55:24:435
wavfile=SR2_20151113_011723_303.wav
c:
g=10
sfte=192000
cF
cN
sD: 
dP
sP
end of file treatment


tOF : 11:55:24:541
wavfile=SR2_20151113_011742_233.wav
c:
g=10
sfte=192000
cF
cN
sD: 
dP
sP
end of file treatment


tOF : 11:55:24:648
wavfile=SR2_20151113_011756_027.wav
c:
g=10
sfte=192000
cF
cN
sD: 
dP
sP
end of file treatment


tOF : 11:55:24:821
wavfile=SR2_20151113_011819_321.wav
c:
g=10
sfte=192000
cF
cN
sD: 
dP
sP
end of file treatment


tOF : 11:55:25:075
wavfile=SR2_20151113_011841_933.wav
c:
g=10
sfte=192000
cF
cN
sD: 
dP
sP
end of file treatment


tOF : 11:55:25:229
wavfile=SR2_20151113_012012_275.wav
c:
g=10
sfte=192000
cF
cN
sD: 
dP
sP
end of file treatment


tOF : 11:55:25:323
wavfile=SR2_20151113_012624_768.wav
c:
g=10
sfte=192000
cF
cN
sD: 
dP
sP
end of file treatment


tOF : 11:55:25:384
wavfile=SR2_20151113_012751_435.wav
c:
g=10
sfte=192000
cF
cN
sD: 
dP
sP
end of file treatment


tOF : 11:55:25:490
wavfile=SR2_20151113_013248_755.wav
c:
g=10
sfte=192000
cF
cN
sD: 
dP
sP
end of file treatment


tOF : 11:55:25:568
wavfile=SR2_20151113_013356_247.wav
c:
g=10
sfte=192000
cF
cN
sD: 
dP
sP
end of file treatment


tOF : 11:55:25:632
wavfile=SR2_20151113_013406_633.wav
c:
g=10
sfte=192000
cF
cN
sD: 
dP
sP
end of file treatment


tOF : 11:55:25:740
wavfile=SR2_20151113_013526_867.wav
c:
g=10
sfte=192000
cF
cN
sD: 
dP
sP
end of file treatment


tOF : 11:55:25:795
wavfile=SR2_20151113_013546_528.wav
c:
g=10
sfte=192000
cF
cN
sD: 
dP
sP
end of file treatment


tOF : 11:55:25:970
wavfile=SR2_20151113_013611_515.wav
c:
g=10
sfte=192000
cF
cN
sD: 
dP
sP
end of file treatment


tOF : 11:55:26:093
wavfile=SR2_20151113_013625_369.wav
c:
g=10
sfte=192000
cF
cN
sD: 
dP
sP
end of file treatment


tOF : 11:55:26:210
wavfile=SR2_20151113_013725_963.wav
c:
g=10
sfte=192000
cF
cN
sD: 
dP
sP
end of file treatment


tOF : 11:55:26:315
wavfile=SR2_20151113_013831_344.wav
c:
g=10
sfte=192000
cF
cN
sD: 
dP
sP
end of file treatment


tOF : 11:55:26:414
wavfile=SR2_20151113_014027_176.wav
c:
g=10
sfte=192000
cF
cN
sD: 
dP
sP
end of file treatment


tOF : 11:55:26:510
wavfile=SR2_20151113_023109_619.wav
c:
g=10
sfte=192000
cF
cN
sD: 
dP
sP
end of file treatment


tOF : 11:55:26:648
wavfile=SR2_20151113_031739_604.wav
c:
g=10
sfte=192000
cF
cN
sD: 
dP
sP
end of file treatment


tOF : 11:55:26:768
wavfile=SR2_20151113_043704_000.wav
c:
g=10
sfte=192000
cF
cN
sD: 
dP
sP
end of file treatment


tOF : 11:55:26:838
wavfile=SR2_20151113_062740_361.wav
c:
g=10
sfte=192000
cF
cN
sD: 
dP
sP
end of file treatment


tOF : 11:55:26:958
wavfile=SR2_20151113_062757_003.wav
c:
g=10
sfte=192000
cF
cN
sD: 
dP
sP
end of file treatment


tOF : 11:55:27:143
wavfile=SR2_20151113_062820_352.wav
c:
g=10
sfte=192000
cF
cN
sD: 
dP
sP
end of file treatment


tOF : 11:55:27:320
wavfile=SR2_20151113_073704_000.wav
c:
g=10
sfte=192000
cF
cN
sD: 
dP
sP
end of file treatment


tOF : 11:55:27:438
wavfile=SR2_20151113_170504_000.wav
c:
g=10
sfte=192000
cF
cN
sD: 
dP
sP
end of file treatment


tOF : 11:55:27:516
wavfile=SR2_20151122_154053_461.wav
c:
g=10
sfte=192000
cF
cN
sD: 
dP
sP
end of file treatment


tOF : 11:55:27:671
wavfile=SR2_20151122_164239_945.wav
c:
g=10
sfte=192000
cF
cN
sD: 
dP
sP
end of file treatment


tOF : 11:55:27:767
wavfile=SR2_20151122_165304_000.wav
c:
g=10
sfte=192000
cF
cN
sD: 
dP
sP
end of file treatment


tOF : 11:55:28:023
wavfile=SR2_20151122_182304_000.wav
c:
g=10
sfte=192000
cF
cN
sD: 
dP
sP
end of file treatment


tOF : 11:55:28:157
wavfile=SR2_20151122_195304_000.wav
c:
g=10
sfte=192000
cF
cN
sD: 
dP
sP
end of file treatment


tOF : 11:55:28:333
wavfile=SR2_20151122_203119_236.wav
c:
g=10
sfte=192000
cF
cN
sD: 
dP
sP
end of file treatment


tOF : 11:55:28:442
wavfile=SR2_20151122_204554_304.wav
c:
g=10
sfte=192000
cF
cN
sD: 
dP
sP
end of file treatment


tOF : 11:55:28:520
wavfile=SR2_20151122_205717_263.wav
c:
g=10
sfte=192000
cF
cN
sD: 
dP
sP
end of file treatment


tOF : 11:55:28:595
wavfile=SR2_20151122_211125_420.wav
c:
g=10
sfte=192000
cF
cN
sD: 
dP
sP
end of file treatment


tOF : 11:55:28:701
wavfile=SR2_20151122_212702_783.wav
c:
g=10
sfte=192000
cF
cN
sD: 
dP
sP
end of file treatment


tOF : 11:55:28:786
wavfile=SR2_20151122_215304_000.wav
c:
g=10
sfte=192000
cF
cN
sD: 
dP
sP
end of file treatment


tOF : 11:55:28:837
wavfile=SR2_20151122_223750_757.wav
c:
g=10
sfte=192000
cF
cN
sD: 
dP
sP
end of file treatment


tOF : 11:55:28:962
wavfile=SR2_20151122_225429_175.wav
c:
g=10
sfte=192000
cF
cN
sD: 
dP
sP
end of file treatment


tOF : 11:55:29:029
wavfile=SR2_20151122_232304_000.wav
c:
g=10
sfte=192000
cF
cN
sD: 
dP
sP
end of file treatment


tOF : 11:55:29:101
wavfile=SR2_20151123_002304_000.wav
c:
g=10
sfte=192000
cF
cN
sD: 
dP
sP
end of file treatment


tOF : 11:55:29:176
wavfile=SR2_20151123_022304_000.wav
c:
g=10
sfte=192000
cF
cN
sD: 
dP
sP
end of file treatment


tOF : 11:55:29:251
wavfile=SR2_20151123_024150_169.wav
c:
g=10
sfte=192000
cF
cN
sD: 
dP
sP
end of file treatment


tOF : 11:55:29:341
wavfile=SR2_20151123_024220_659.wav
c:
g=10
sfte=192000
cF
cN
sD: 
dP
sP
end of file treatment


tOF : 11:55:29:432
wavfile=SR2_20151123_024243_432.wav
c:
g=10
sfte=192000
cF
cN
sD: 
dP
sP
end of file treatment


tOF : 11:55:29:507
wavfile=SR2_20151123_024259_065.wav
c:
g=10
sfte=192000
cF
cN
sD: 
dP
sP
end of file treatment


tOF : 11:55:29:631
wavfile=SR2_20151123_024315_108.wav
c:
g=10
sfte=192000
cF
cN
sD: 
dP
sP
end of file treatment


tOF : 11:55:29:709
wavfile=SR2_20151123_024348_968.wav
c:
g=10
sfte=192000
cF
cN
sD: 
dP
sP
end of file treatment


tOF : 11:55:29:803
wavfile=SR2_20151123_032304_000.wav
c:
g=10
sfte=192000
cF
cN
sD: 
dP
sP
end of file treatment


tOF : 11:55:29:906
wavfile=SR2_20151123_045304_000.wav
c:
g=10
sfte=192000
cF
cN
sD: 
dP
sP
end of file treatment


tOF : 11:55:30:035
wavfile=SR2_20151123_065304_000.wav
c:
g=10
sfte=192000
cF
cN
sD: 
dP
sP
end of file treatment


tOF : 11:55:30:085
wavfile=SR2_20151123_155202_000.wav
c:
g=10
sfte=192000
cF
cN
sD: 
dP
sP
end of file treatment


tOF : 11:55:30:142
wavfile=SR2_20151123_172204_000.wav
c:
g=10
sfte=192000
cF
cN
sD: 
dP
sP
end of file treatment


tOF : 11:55:30:317
wavfile=SR2_20151123_182204_000.wav
c:
g=10
sfte=192000
cF
cN
sD: 
dP
sP
end of file treatment


tOF : 11:55:30:529
wavfile=SR2_20151123_195204_000.wav
c:
g=10
sfte=192000
cF
cN
sD: 
dP
sP
end of file treatment


tOF : 11:55:30:641
wavfile=SR2_20151123_205204_000.wav
c:
g=10
sfte=192000
cF
cN
sD: 
dP
sP
end of file treatment


tOF : 11:55:30:811
wavfile=SR2_20151123_213207_235.wav
c:
g=10
sfte=192000
cF
cN
sD: 
dP
sP
end of file treatment


tOF : 11:55:31:080
wavfile=SR2_20151123_213922_891.wav
c:
g=10
sfte=192000
cF
cN
sD: 
dP
sP
end of file treatment


tOF : 11:55:31:202
wavfile=SR2_20151123_214341_993.wav
c:
g=10
sfte=192000
cF
cN
sD: 
dP
sP
end of file treatment


tOF : 11:55:31:442
wavfile=SR2_20151123_214629_996.wav
c:
g=10
sfte=192000
cF
cN
sD: 
dP
sP
end of file treatment


tOF : 11:55:31:688
wavfile=SR2_20151123_214823_805.wav
c:
g=10
sfte=192000
cF
cN
sD: 
dP
sP
end of file treatment


tOF : 11:55:31:822
wavfile=SR2_20151123_214932_579.wav
c:
g=10
sfte=192000
cF
cN
sD: 
dP
sP
end of file treatment


tOF : 11:55:31:966
wavfile=SR2_20151123_215206_000.wav
c:
g=10
sfte=192000
cF
cN
sD: 
dP
sP
end of file treatment


tOF : 11:55:32:037
wavfile=SR2_20151123_215424_937.wav
c:
g=10
sfte=192000
cF
cN
sD: 
dP
sP
end of file treatment


tOF : 11:55:32:163
wavfile=SR2_20151123_215628_628.wav
c:
g=10
sfte=192000
cF
cN
sD: 
dP
sP
end of file treatment


tOF : 11:55:32:338
wavfile=SR2_20151123_215805_608.wav
c:
g=10
sfte=192000
cF
cN
sD: 
dP
sP
end of file treatment


tOF : 11:55:32:442
wavfile=SR2_20151123_220039_728.wav
c:
g=10
sfte=192000
cF
cN
sD: 
dP
sP
end of file treatment


tOF : 11:55:32:589
wavfile=SR2_20151123_220144_200.wav
c:
g=10
sfte=192000
cF
cN
sD: 
dP
sP
end of file treatment


tOF : 11:55:32:781
wavfile=SR2_20151123_220511_137.wav
c:
g=10
sfte=192000
cF
cN
sD: 
dP
sP
end of file treatment


tOF : 11:55:32:870
wavfile=SR2_20151123_220619_763.wav
c:
g=10
sfte=192000
cF
cN
sD: 
dP
sP
end of file treatment


tOF : 11:55:33:169
wavfile=SR2_20151123_220737_728.wav
c:
g=10
sfte=192000
cF
cN
sD: 
dP
sP
end of file treatment


tOF : 11:55:33:518
wavfile=SR2_20151123_220904_033.wav
c:
g=10
sfte=192000
cF
cN
sD: 
dP
sP
end of file treatment


tOF : 11:55:33:777
wavfile=SR2_20151123_221129_387.wav
c:
g=10
sfte=192000
cF
cN
sD: 
dP
sP
end of file treatment


tOF : 11:55:33:933
wavfile=SR2_20151123_221356_956.wav
c:
g=10
sfte=192000
cF
cN
sD: 
dP
sP
end of file treatment


tOF : 11:55:34:057
wavfile=SR2_20151123_221526_532.wav
c:
g=10
sfte=192000
cF
cN
sD: 
dP
sP
end of file treatment


tOF : 11:55:34:190
wavfile=SR2_20151123_221552_733.wav
c:
g=10
sfte=192000
cF
cN
sD: 
dP
sP
end of file treatment


tOF : 11:55:34:285
wavfile=SR2_20151123_221631_775.wav
c:
g=10
sfte=192000
cF
cN
sD: 
dP
sP
end of file treatment


tOF : 11:55:34:443
wavfile=SR2_20151123_221758_304.wav
c:
g=10
sfte=192000
cF
cN
sD: 
dP
sP
end of file treatment


tOF : 11:55:34:533
wavfile=SR2_20151123_222025_692.wav
c:
g=10
sfte=192000
cF
cN
sD: 
dP
sP
end of file treatment


tOF : 11:55:34:698
wavfile=SR2_20151123_222206_000.wav
c:
g=10
sfte=192000
cF
cN
sD: 
dP
sP
end of file treatment


tOF : 11:55:34:861
wavfile=SR2_20151123_222347_471.wav
c:
g=10
sfte=192000
cF
cN
sD: 
dP
sP
end of file treatment


tOF : 11:55:34:983
wavfile=SR2_20151123_222529_217.wav
c:
g=10
sfte=192000
cF
cN
sD: 
dP
sP
end of file treatment


tOF : 11:55:35:381
wavfile=SR2_20151123_222637_563.wav
c:
g=10
sfte=192000
cF
cN
sD: 
dP
sP
end of file treatment


tOF : 11:55:35:599
wavfile=SR2_20151123_222705_853.wav
c:
g=10
sfte=192000
cF
cN
sD: 
dP
sP
end of file treatment


tOF : 11:55:35:744
wavfile=SR2_20151123_222756_303.wav
c:
g=10
sfte=192000
cF
cN
sD: 
dP
sP
end of file treatment


tOF : 11:55:35:868
wavfile=SR2_20151123_222935_777.wav
c:
g=10
sfte=192000
cF
cN
sD: 
dP
sP
end of file treatment


tOF : 11:55:35:999
wavfile=SR2_20151123_223015_209.wav
c:
g=10
sfte=192000
cF
cN
sD: 
dP
sP
end of file treatment


tOF : 11:55:36:175
wavfile=SR2_20151123_223146_312.wav
c:
g=10
sfte=192000
cF
cN
sD: 
dP
sP
end of file treatment


tOF : 11:55:36:329
wavfile=SR2_20151123_223307_080.wav
c:
g=10
sfte=192000
cF
cN
sD: 
dP
sP
end of file treatment


tOF : 11:55:36:443
wavfile=SR2_20151123_223458_220.wav
c:
g=10
sfte=192000
cF
cN
sD: 
dP
sP
end of file treatment


tOF : 11:55:36:547
wavfile=SR2_20151123_223532_273.wav
c:
g=10
sfte=192000
cF
cN
sD: 
dP
sP
end of file treatment


tOF : 11:55:36:657
wavfile=SR2_20151123_223834_248.wav
c:
g=10
sfte=192000
cF
cN
sD: 
dP
sP
end of file treatment


tOF : 11:55:36:763
wavfile=SR2_20151123_224006_264.wav
c:
g=10
sfte=192000
cF
cN
sD: 
dP
sP
end of file treatment


tOF : 11:55:36:852
wavfile=SR2_20151123_224057_289.wav
c:
g=10
sfte=192000
cF
cN
sD: 
dP
sP
end of file treatment


tOF : 11:55:36:946
wavfile=SR2_20151123_224238_228.wav
c:
g=10
sfte=192000
cF
cN
sD: 
dP
sP
end of file treatment


tOF : 11:55:37:038
wavfile=SR2_20151123_224320_379.wav
c:
g=10
sfte=192000
cF
cN
sD: 
dP
sP
end of file treatment


tOF : 11:55:37:110
wavfile=SR2_20151123_224432_949.wav
c:
g=10
sfte=192000
cF
cN
sD: 
dP
sP
end of file treatment


tOF : 11:55:37:243
wavfile=SR2_20151123_224551_952.wav
c:
g=10
sfte=192000
cF
cN
sD: 
dP
sP
end of file treatment


tOF : 11:55:37:414
wavfile=SR2_20151123_224726_865.wav
c:
g=10
sfte=192000
cF
cN
sD: 
dP
sP
end of file treatment


tOF : 11:55:37:525
wavfile=SR2_20151123_224805_180.wav
c:
g=10
sfte=192000
cF
cN
sD: 
dP
sP
end of file treatment


tOF : 11:55:37:662
wavfile=SR2_20151123_224935_163.wav
c:
g=10
sfte=192000
cF
cN
sD: 
dP
sP
end of file treatment


tOF : 11:55:37:751
wavfile=SR2_20151123_225105_613.wav
c:
g=10
sfte=192000
cF
cN
sD: 
dP
sP
end of file treatment


tOF : 11:55:37:923
wavfile=SR2_20151123_225322_933.wav
c:
g=10
sfte=192000
cF
cN
sD: 
dP
sP
end of file treatment


tOF : 11:55:38:109
wavfile=SR2_20151123_225809_501.wav
c:
g=10
sfte=192000
cF
cN
sD: 
dP
sP
end of file treatment


tOF : 11:55:38:327
wavfile=SR2_20151123_230204_300.wav
c:
g=10
sfte=192000
cF
cN
sD: 
dP
sP
end of file treatment


tOF : 11:55:38:537
wavfile=SR2_20151123_230225_881.wav
c:
g=10
sfte=192000
cF
cN
sD: 
dP
sP
end of file treatment


tOF : 11:55:38:731
wavfile=SR2_20151123_230315_975.wav
c:
g=10
sfte=192000
cF
cN
sD: 
dP
sP
end of file treatment


tOF : 11:55:38:903
wavfile=SR2_20151123_230518_451.wav
c:
g=10
sfte=192000
cF
cN
sD: 
dP
sP
end of file treatment


tOF : 11:55:39:068
wavfile=SR2_20151123_230825_264.wav
c:
g=10
sfte=192000
cF
cN
sD: 
dP
sP
end of file treatment


tOF : 11:55:39:273
wavfile=SR2_20151123_230944_937.wav
c:
g=10
sfte=192000
cF
cN
sD: 
dP
sP
end of file treatment


tOF : 11:55:39:486
wavfile=SR2_20151123_231108_595.wav
c:
g=10
sfte=192000
cF
cN
sD: 
dP
sP
end of file treatment


tOF : 11:55:39:673
wavfile=SR2_20151123_231300_227.wav
c:
g=10
sfte=192000
cF
cN
sD: 
dP
sP
end of file treatment


tOF : 11:55:39:899
wavfile=SR2_20151123_231344_637.wav
c:
g=10
sfte=192000
cF
cN
sD: 
dP
sP
end of file treatment


tOF : 11:55:40:016
wavfile=SR2_20151123_231632_745.wav
c:
g=10
sfte=192000
cF
cN
sD: 
dP
sP
end of file treatment


tOF : 11:55:40:104
wavfile=SR2_20151123_232022_064.wav
c:
g=10
sfte=192000
cF
cN
sD: 
dP
sP
end of file treatment


tOF : 11:55:40:240
wavfile=SR2_20151123_232241_777.wav
c:
g=10
sfte=192000
cF
cN
sD: 
dP
sP
end of file treatment


tOF : 11:55:40:424
wavfile=SR2_20151123_232405_244.wav
c:
g=10
sfte=192000
cF
cN
sD: 
dP
sP
end of file treatment


tOF : 11:55:40:548
wavfile=SR2_20151123_232501_301.wav
c:
g=10
sfte=192000
cF
cN
sD: 
dP
sP
end of file treatment


tOF : 11:55:40:658
wavfile=SR2_20151123_232628_885.wav
c:
g=10
sfte=192000
cF
cN
sD: 
dP
sP
end of file treatment


tOF : 11:55:40:812
wavfile=SR2_20151123_232924_281.wav
c:
g=10
sfte=192000
cF
cN
sD: 
dP
sP
end of file treatment


tOF : 11:55:41:030
wavfile=SR2_20151123_233203_360.wav
c:
g=10
sfte=192000
cF
cN
sD: 
dP
sP
end of file treatment


tOF : 11:55:41:156
wavfile=SR2_20151123_233307_343.wav
c:
g=10
sfte=192000
cF
cN
sD: 
dP
sP
end of file treatment


tOF : 11:55:41:308
wavfile=SR2_20151123_233455_231.wav
c:
g=10
sfte=192000
cF
cN
sD: 
dP
sP
end of file treatment


tOF : 11:55:41:464
wavfile=SR2_20151123_233710_231.wav
c:
g=10
sfte=192000
cF
cN
sD: 
dP
sP
end of file treatment


tOF : 11:55:41:544
wavfile=SR2_20151123_233841_628.wav
c:
g=10
sfte=192000
cF
cN
sD: 
dP
sP
end of file treatment


tOF : 11:55:41:628
wavfile=SR2_20151123_234034_157.wav
c:
g=10
sfte=192000
cF
cN
sD: 
dP
sP
end of file treatment


tOF : 11:55:41:726
wavfile=SR2_20151123_234257_832.wav
c:
g=10
sfte=192000
cF
cN
sD: 
dP
sP
end of file treatment


tOF : 11:55:41:873
wavfile=SR2_20151123_234439_472.wav
c:
g=10
sfte=192000
cF
cN
sD: 
dP
sP
end of file treatment


tOF : 11:55:42:002
wavfile=SR2_20151123_234710_333.wav
c:
g=10
sfte=192000
cF
cN
sD: 
dP
sP
end of file treatment


tOF : 11:55:42:122
wavfile=SR2_20151123_235117_005.wav
c:
g=10
sfte=192000
cF
cN
sD: 
dP
sP
end of file treatment


tOF : 11:55:42:230
wavfile=SR2_20151123_235252_628.wav
c:
g=10
sfte=192000
cF
cN
sD: 
dP
sP
end of file treatment


tOF : 11:55:42:391
wavfile=SR2_20151123_235857_333.wav
c:
g=10
sfte=192000
cF
cN
sD: 
dP
sP
end of file treatment


tOF : 11:55:42:500
wavfile=SR2_20151124_000053_665.wav
c:
g=10
sfte=192000
cF
cN
sD: 
dP
sP
end of file treatment


tOF : 11:55:42:616
wavfile=SR2_20151124_000342_245.wav
c:
g=10
sfte=192000
cF
cN
sD: 
dP
sP
end of file treatment


tOF : 11:55:42:695
wavfile=SR2_20151124_000955_341.wav
c:
g=10
sfte=192000
cF
cN
sD: 
dP
sP
end of file treatment


tOF : 11:55:42:764
wavfile=SR2_20151124_001133_863.wav
c:
g=10
sfte=192000
cF
cN
sD: 
dP
sP
end of file treatment


tOF : 11:55:42:852
wavfile=SR2_20151124_001348_987.wav
c:
g=10
sfte=192000
cF
cN
sD: 
dP
sP
end of file treatment


tOF : 11:55:42:983
wavfile=SR2_20151124_001528_019.wav
c:
g=10
sfte=192000
cF
cN
sD: 
dP
sP
end of file treatment


tOF : 11:55:43:079
wavfile=SR2_20151124_001701_997.wav
c:
g=10
sfte=192000
cF
cN
sD: 
dP
sP
end of file treatment


tOF : 11:55:43:144
wavfile=SR2_20151124_001833_163.wav
c:
g=10
sfte=192000
cF
cN
sD: 
dP
sP
end of file treatment


tOF : 11:55:43:270
wavfile=SR2_20151124_002124_132.wav
c:
g=10
sfte=192000
cF
cN
sD: 
dP
sP
end of file treatment


tOF : 11:55:43:406
wavfile=SR2_20151124_002148_040.wav
c:
g=10
sfte=192000
cF
cN
sD: 
dP
sP
end of file treatment


tOF : 11:55:43:518
wavfile=SR2_20151124_002310_520.wav
c:
g=10
sfte=192000
cF
cN
sD: 
dP
sP
end of file treatment


tOF : 11:55:43:728
wavfile=SR2_20151124_002451_675.wav
c:
g=10
sfte=192000
cF
cN
sD: 
dP
sP
end of file treatment


tOF : 11:55:43:857
wavfile=SR2_20151124_002646_935.wav
c:
g=10
sfte=192000
cF
cN
sD: 
dP
sP
end of file treatment


tOF : 11:55:43:980
wavfile=SR2_20151124_002816_915.wav
c:
g=10
sfte=192000
cF
cN
sD: 
dP
sP
end of file treatment


tOF : 11:55:44:047
wavfile=SR2_20151124_003543_935.wav
c:
g=10
sfte=192000
cF
cN
sD: 
dP
sP
end of file treatment


tOF : 11:55:44:147
wavfile=SR2_20151124_003846_143.wav
c:
g=10
sfte=192000
cF
cN
sD: 
dP
sP
end of file treatment


tOF : 11:55:44:224
wavfile=SR2_20151124_004424_140.wav
c:
g=10
sfte=192000
cF
cN
sD: 
dP
sP
end of file treatment


tOF : 11:55:44:300
wavfile=SR2_20151124_005556_087.wav
c:
g=10
sfte=192000
cF
cN
sD: 
dP
sP
end of file treatment


tOF : 11:55:44:355
wavfile=SR2_20151124_011510_188.wav
c:
g=10
sfte=192000
cF
cN
sD: 
dP
sP
end of file treatment


tOF : 11:55:44:463
wavfile=SR2_20151124_012204_000.wav
c:
g=10
sfte=192000
cF
cN
sD: 
dP
sP
end of file treatment


tOF : 11:55:44:639
wavfile=SR2_20151124_013904_009.wav
c:
g=10
sfte=192000
cF
cN
sD: 
dP
sP
end of file treatment


tOF : 11:55:44:708
wavfile=SR2_20151124_014707_291.wav
c:
g=10
sfte=192000
cF
cN
sD: 
dP
sP
end of file treatment


tOF : 11:55:44:815
wavfile=SR2_20151124_020512_531.wav
c:
g=10
sfte=192000
cF
cN
sD: 
dP
sP
end of file treatment


tOF : 11:55:44:893
wavfile=SR2_20151124_021241_583.wav
c:
g=10
sfte=192000
cF
cN
sD: 
dP
sP
end of file treatment


tOF : 11:55:44:968
wavfile=SR2_20151124_022553_740.wav
c:
g=10
sfte=192000
cF
cN
sD: 
dP
sP
end of file treatment


tOF : 11:55:45:053
wavfile=SR2_20151124_023816_755.wav
c:
g=10
sfte=192000
cF
cN
sD: 
dP
sP
end of file treatment


tOF : 11:55:45:161
wavfile=SR2_20151124_024106_425.wav
c:
g=10
sfte=192000
cF
cN
sD: 
dP
sP
end of file treatment


tOF : 11:55:45:212
wavfile=SR2_20151124_024438_220.wav
c:
g=10
sfte=192000
cF
cN
sD: 
dP
sP
end of file treatment


tOF : 11:55:45:298
wavfile=SR2_20151124_025457_253.wav
c:
g=10
sfte=192000
cF
cN
sD: 
dP
sP
end of file treatment


tOF : 11:55:45:367
wavfile=SR2_20151124_030442_083.wav
c:
g=10
sfte=192000
cF
cN
sD: 
dP
sP
end of file treatment


tOF : 11:55:45:468
wavfile=SR2_20151124_033513_855.wav
c:
g=10
sfte=192000
cF
cN
sD: 
dP
sP
end of file treatment


tOF : 11:55:45:535
wavfile=SR2_20151124_041622_609.wav
c:
g=10
sfte=192000
cF
cN
sD: 
dP
sP
end of file treatment


tOF : 11:55:45:607
wavfile=SR2_20151124_043006_572.wav
c:
g=10
sfte=192000
cF
cN
sD: 
dP
sP
end of file treatment


tOF : 11:55:45:704
wavfile=SR2_20151124_044228_308.wav
c:
g=10
sfte=192000
cF
cN
sD: 
dP
sP
end of file treatment


tOF : 11:55:45:756
wavfile=SR2_20151124_045308_332.wav
c:
g=10
sfte=192000
cF
cN
sD: 
dP
sP
end of file treatment


tOF : 11:55:45:840
wavfile=SR2_20151124_062153_815.wav
c:
g=10
sfte=192000
cF
cN
sD: 
dP
sP
end of file treatment


tOF : 11:55:45:973
wavfile=SR2_20151124_075204_000.wav
c:
g=10
sfte=192000
cF
cN
sD: 
dP
sP
end of file treatment


tOF : 11:55:46:049
wavfile=SR2_20151124_155132_945.wav
c:
g=10
sfte=192000
cF
cN
sD: 
dP
sP
end of file treatment


tOF : 11:55:46:105
wavfile=SR2_20151124_161050_252.wav
c:
g=10
sfte=192000
cF
cN
sD: 
dP
sP
end of file treatment


tOF : 11:55:46:200
wavfile=SR2_20151124_165104_000.wav
c:
g=10
sfte=192000
cF
cN
sD: 
dP
sP
end of file treatment


tOF : 11:55:46:268
wavfile=SR2_20151124_182104_000.wav
c:
g=10
sfte=192000
cF
cN
sD: 
dP
sP
end of file treatment


tOF : 11:55:46:319
wavfile=SR2_20151124_202104_000.wav
c:
g=10
sfte=192000
cF
cN
sD: 
dP
sP
end of file treatment


tOF : 11:55:46:379
wavfile=SR2_20151124_222104_000.wav
c:
g=10
sfte=192000
cF
cN
sD: 
dP
sP
end of file treatment


tOF : 11:55:46:435
wavfile=SR2_20151125_002104_000.wav
c:
g=10
sfte=192000
cF
cN
sD: 
dP
sP
end of file treatment


tOF : 11:55:46:488
wavfile=SR2_20151125_022104_000.wav
c:
g=10
sfte=192000
cF
cN
sD: 
dP
sP
end of file treatment


tOF : 11:55:46:568
wavfile=SR2_20151125_041733_756.wav
c:
g=10
sfte=192000
cF
cN
sD: 
dP
sP
end of file treatment


tOF : 11:55:46:637
wavfile=SR2_20151125_055104_000.wav
c:
g=10
sfte=192000
cF
cN
sD: 
dP
sP
end of file treatment


tOF : 11:55:46:709
wavfile=SR2_20151125_072104_000.wav
c:
g=10
sfte=192000
cF
cN
sD: 
dP
sP
end of file treatment


tOF : 11:55:46:770
wavfile=SR2_20151125_152014_475.wav
c:
g=10
sfte=192000
cF
cN
sD: 
dP
sP
end of file treatment


tOF : 11:55:46:908
wavfile=SR2_20151125_152034_977.wav
c:
g=10
sfte=192000
cF
cN
sD: 
dP
sP
end of file treatment


tOF : 11:55:46:981
wavfile=SR2_20151125_153004_291.wav
c:
g=10
sfte=192000
cF
cN
sD: 
dP
sP
end of file treatment


tOF : 11:55:47:195
wavfile=SR2_20151125_153243_137.wav
c:
g=10
sfte=192000
cF
cN
sD: 
dP
sP
end of file treatment


tOF : 11:55:47:283
wavfile=SR2_20151125_160950_551.wav
c:
g=10
sfte=192000
cF
cN
sD: 
dP
sP
end of file treatment


tOF : 11:55:47:374
wavfile=SR2_20151125_172004_000.wav
c:
g=10
sfte=192000
cF
cN
sD: 
dP
sP
end of file treatment


tOF : 11:55:47:454
wavfile=SR2_20151125_182004_000.wav
c:
g=10
sfte=192000
cF
cN
sD: 
dP
sP
end of file treatment


tOF : 11:55:47:538
wavfile=SR2_20151125_182907_009.wav
c:
g=10
sfte=192000
cF
cN
sD: 
dP
sP
end of file treatment


tOF : 11:55:47:626
wavfile=SR2_20151125_182916_249.wav
c:
g=10
sfte=192000
cF
cN
sD: 
dP
sP
end of file treatment


tOF : 11:55:47:747
wavfile=SR2_20151125_182938_416.wav
c:
g=10
sfte=192000
cF
cN
sD: 
dP
sP
end of file treatment


tOF : 11:55:47:949
wavfile=SR2_20151125_182951_651.wav
c:
g=10
sfte=192000
cF
cN
sD: 
dP
sP
end of file treatment


tOF : 11:55:48:064
wavfile=SR2_20151125_183002_811.wav
c:
g=10
sfte=192000
cF
cN
sD: 
dP
sP
end of file treatment


tOF : 11:55:48:295
wavfile=SR2_20151125_183030_577.wav
c:
g=10
sfte=192000
cF
cN
sD: 
dP
sP
end of file treatment


tOF : 11:55:48:396
wavfile=SR2_20151125_183135_125.wav
c:
g=10
sfte=192000
cF
cN
sD: 
dP
sP
end of file treatment


tOF : 11:55:48:501
wavfile=SR2_20151125_194323_409.wav
c:
g=10
sfte=192000
cF
cN
sD: 
dP
sP
end of file treatment


tOF : 11:55:48:566
wavfile=SR2_20151125_205004_000.wav
c:
g=10
sfte=192000
cF
cN
sD: 
dP
sP
end of file treatment


tOF : 11:55:48:649
wavfile=SR2_20151125_212742_224.wav
c:
g=10
sfte=192000
cF
cN
sD: 
dP
sP
end of file treatment


tOF : 11:55:48:782
wavfile=SR2_20151125_212822_901.wav
c:
g=10
sfte=192000
cF
cN
sD: 
dP
sP
end of file treatment


tOF : 11:55:48:889
wavfile=SR2_20151125_212837_709.wav
c:
g=10
sfte=192000
cF
cN
sD: 
dP
sP
end of file treatment


tOF : 11:55:49:080
wavfile=SR2_20151125_212859_317.wav
c:
g=10
sfte=192000
cF
cN
sD: 
dP
sP
end of file treatment


tOF : 11:55:49:222
wavfile=SR2_20151125_212922_699.wav
c:
g=10
sfte=192000
cF
cN
sD: 
dP
sP
end of file treatment


tOF : 11:55:49:530
wavfile=SR2_20151125_212933_736.wav
c:
g=10
sfte=192000
cF
cN
sD: 
dP
sP
end of file treatment


tOF : 11:55:49:724
wavfile=SR2_20151125_212955_064.wav
c:
g=10
sfte=192000
cF
cN
sD: 
dP
sP
end of file treatment


tOF : 11:55:49:844
wavfile=SR2_20151125_213010_677.wav
c:
g=10
sfte=192000
cF
cN
sD: 
dP
sP
end of file treatment


tOF : 11:55:50:029
wavfile=SR2_20151125_213028_355.wav
c:
g=10
sfte=192000
cF
cN
sD: 
dP
sP
end of file treatment


tOF : 11:55:50:273
wavfile=SR2_20151125_213052_536.wav
c:
g=10
sfte=192000
cF
cN
sD: 
dP
sP
end of file treatment


tOF : 11:55:50:488
wavfile=SR2_20151125_213102_297.wav
c:
g=10
sfte=192000
cF
cN
sD: 
dP
sP
end of file treatment


tOF : 11:55:50:613
wavfile=SR2_20151125_213110_764.wav
c:
g=10
sfte=192000
cF
cN
sD: 
dP
sP
end of file treatment


tOF : 11:55:50:756
wavfile=SR2_20151125_213122_249.wav
c:
g=10
sfte=192000
cF
cN
sD: 
dP
sP
end of file treatment


tOF : 11:55:50:895
wavfile=SR2_20151125_213135_107.wav
c:
g=10
sfte=192000
cF
cN
sD: 
dP
sP
end of file treatment


tOF : 11:55:51:324
wavfile=SR2_20151125_213153_095.wav
c:
g=10
sfte=192000
cF
cN
sD: 
dP
sP
end of file treatment


tOF : 11:55:51:476
wavfile=SR2_20151125_213239_879.wav
c:
g=10
sfte=192000
cF
cN
sD: 
dP
sP
end of file treatment


tOF : 11:55:51:566
wavfile=SR2_20151125_213253_963.wav
c:
g=10
sfte=192000
cF
cN
sD: 
dP
sP
end of file treatment


tOF : 11:55:51:753
wavfile=SR2_20151125_213307_372.wav
c:
g=10
sfte=192000
cF
cN
sD: 
dP
sP
end of file treatment


tOF : 11:55:51:925
wavfile=SR2_20151125_213358_279.wav
c:
g=10
sfte=192000
cF
cN
sD: 
dP
sP
end of file treatment


tOF : 11:55:52:110
wavfile=SR2_20151125_213418_129.wav
c:
g=10
sfte=192000
cF
cN
sD: 
dP
sP
end of file treatment


tOF : 11:55:52:218
wavfile=SR2_20151125_213430_348.wav
c:
g=10
sfte=192000
cF
cN
sD: 
dP
sP
end of file treatment


tOF : 11:55:52:376
wavfile=SR2_20151125_213438_343.wav
c:
g=10
sfte=192000
cF
cN
sD: 
dP
sP
end of file treatment


tOF : 11:55:52:507
wavfile=SR2_20151125_213448_497.wav
c:
g=10
sfte=192000
cF
cN
sD: 
dP
sP
end of file treatment


tOF : 11:55:52:646
wavfile=SR2_20151125_213502_956.wav
c:
g=10
sfte=192000
cF
cN
sD: 
dP
sP
end of file treatment


tOF : 11:55:52:760
wavfile=SR2_20151125_213519_483.wav
c:
g=10
sfte=192000
cF
cN
sD: 
dP
sP
end of file treatment


tOF : 11:55:52:949
wavfile=SR2_20151125_213529_784.wav
c:
g=10
sfte=192000
cF
cN
sD: 
dP
sP
end of file treatment


tOF : 11:55:53:098
wavfile=SR2_20151125_213540_780.wav
c:
g=10
sfte=192000
cF
cN
sD: 
dP
sP
end of file treatment


tOF : 11:55:53:227
wavfile=SR2_20151125_213551_984.wav
c:
g=10
sfte=192000
cF
cN
sD: 
dP
sP
end of file treatment


tOF : 11:55:53:429
wavfile=SR2_20151125_213603_064.wav
c:
g=10
sfte=192000
cF
cN
sD: 
dP
sP
end of file treatment


tOF : 11:55:53:591
wavfile=SR2_20151125_213618_503.wav
c:
g=10
sfte=192000
cF
cN
sD: 
dP
sP
end of file treatment


tOF : 11:55:53:856
wavfile=SR2_20151125_213629_016.wav
c:
g=10
sfte=192000
cF
cN
sD: 
dP
sP
end of file treatment


tOF : 11:55:53:979
wavfile=SR2_20151125_213700_240.wav
c:
g=10
sfte=192000
cF
cN
sD: 
dP
sP
end of file treatment


tOF : 11:55:54:109
wavfile=SR2_20151125_213723_467.wav
c:
g=10
sfte=192000
cF
cN
sD: 
dP
sP
end of file treatment


tOF : 11:55:54:277
wavfile=SR2_20151125_213807_928.wav
c:
g=10
sfte=192000
cF
cN
sD: 
dP
sP
end of file treatment


tOF : 11:55:54:347
wavfile=SR2_20151125_213841_629.wav
c:
g=10
sfte=192000
cF
cN
sD: 
dP
sP
end of file treatment


tOF : 11:55:54:421
wavfile=SR2_20151125_213921_660.wav
c:
g=10
sfte=192000
cF
cN
sD: 
dP
sP
end of file treatment


tOF : 11:55:54:483
wavfile=SR2_20151125_213935_563.wav
c:
g=10
sfte=192000
cF
cN
sD: 
dP
sP
end of file treatment


tOF : 11:55:54:588
wavfile=SR2_20151125_214047_715.wav
c:
g=10
sfte=192000
cF
cN
sD: 
dP
sP
end of file treatment


tOF : 11:55:54:718
wavfile=SR2_20151125_214112_992.wav
c:
g=10
sfte=192000
cF
cN
sD: 
dP
sP
end of file treatment


tOF : 11:55:54:931
wavfile=SR2_20151125_214223_929.wav
c:
g=10
sfte=192000
cF
cN
sD: 
dP
sP
end of file treatment


tOF : 11:55:55:009
wavfile=SR2_20151125_214311_765.wav
c:
g=10
sfte=192000
cF
cN
sD: 
dP
sP
end of file treatment


tOF : 11:55:55:112
wavfile=SR2_20151125_214357_412.wav
c:
g=10
sfte=192000
cF
cN
sD: 
dP
sP
end of file treatment


tOF : 11:55:55:240
wavfile=SR2_20151125_214455_333.wav
c:
g=10
sfte=192000
cF
cN
sD: 
dP
sP
end of file treatment


tOF : 11:55:55:342
wavfile=SR2_20151125_214849_975.wav
c:
g=10
sfte=192000
cF
cN
sD: 
dP
sP
end of file treatment


tOF : 11:55:55:483
wavfile=SR2_20151125_215028_321.wav
c:
g=10
sfte=192000
cF
cN
sD: 
dP
sP
end of file treatment


tOF : 11:55:55:638
wavfile=SR2_20151125_215142_713.wav
c:
g=10
sfte=192000
cF
cN
sD: 
dP
sP
end of file treatment


tOF : 11:55:55:789
wavfile=SR2_20151125_215217_576.wav
c:
g=10
sfte=192000
cF
cN
sD: 
dP
sP
end of file treatment


tOF : 11:55:55:932
wavfile=SR2_20151125_215256_011.wav
c:
g=10
sfte=192000
cF
cN
sD: 
dP
sP
end of file treatment


tOF : 11:55:56:058
wavfile=SR2_20151125_215402_737.wav
c:
g=10
sfte=192000
cF
cN
sD: 
dP
sP
end of file treatment


tOF : 11:55:56:254
wavfile=SR2_20151125_215420_805.wav
c:
g=10
sfte=192000
cF
cN
sD: 
dP
sP
end of file treatment


tOF : 11:55:56:379
wavfile=SR2_20151125_215527_679.wav
c:
g=10
sfte=192000
cF
cN
sD: 
dP
sP
end of file treatment


tOF : 11:55:56:502
wavfile=SR2_20151125_215658_019.wav
c:
g=10
sfte=192000
cF
cN
sD: 
dP
sP
end of file treatment


tOF : 11:55:56:611
wavfile=SR2_20151125_215740_384.wav
c:
g=10
sfte=192000
cF
cN
sD: 
dP
sP
end of file treatment


tOF : 11:55:56:744
wavfile=SR2_20151125_215822_404.wav
c:
g=10
sfte=192000
cF
cN
sD: 
dP
sP
end of file treatment


tOF : 11:55:56:877
wavfile=SR2_20151125_220025_660.wav
c:
g=10
sfte=192000
cF
cN
sD: 
dP
sP
end of file treatment


tOF : 11:55:57:099
wavfile=SR2_20151125_230923_539.wav
c:
g=10
sfte=192000
cF
cN
sD: 
dP
sP
end of file treatment


tOF : 11:55:57:294
wavfile=SR2_20151125_231552_053.wav
c:
g=10
sfte=192000
cF
cN
sD: 
dP
sP
end of file treatment


tOF : 11:55:57:369
wavfile=SR2_20151125_232004_000.wav
c:
g=10
sfte=192000
cF
cN
sD: 
dP
sP
end of file treatment


tOF : 11:55:57:441
wavfile=SR2_20151126_002004_000.wav
c:
g=10
sfte=192000
cF
cN
sD: 
dP
sP
end of file treatment


tOF : 11:55:57:659
wavfile=SR2_20151126_014400_100.wav
c:
g=10
sfte=192000
cF
cN
sD: 
dP
sP
end of file treatment


tOF : 11:55:57:792
wavfile=SR2_20151126_014558_381.wav
c:
g=10
sfte=192000
cF
cN
sD: 
dP
sP
end of file treatment


tOF : 11:55:57:934
wavfile=SR2_20151126_014627_907.wav
c:
g=10
sfte=192000
cF
cN
sD: 
dP
sP
end of file treatment


tOF : 11:55:58:083
wavfile=SR2_20151126_015106_028.wav
c:
g=10
sfte=192000
cF
cN
sD: 
dP
sP
end of file treatment


tOF : 11:55:58:233
wavfile=SR2_20151126_015205_300.wav
c:
g=10
sfte=192000
cF
cN
sD: 
dP
sP
end of file treatment


tOF : 11:55:58:385
wavfile=SR2_20151126_015322_477.wav
c:
g=10
sfte=192000
cF
cN
sD: 
dP
sP
end of file treatment


tOF : 11:55:58:550
wavfile=SR2_20151126_015440_177.wav
c:
g=10
sfte=192000
cF
cN
sD: 
dP
sP
end of file treatment


tOF : 11:55:58:626
wavfile=SR2_20151126_015454_128.wav
c:
g=10
sfte=192000
cF
cN
sD: 
dP
sP
end of file treatment


tOF : 11:55:58:770
wavfile=SR2_20151126_015952_729.wav
c:
g=10
sfte=192000
cF
cN
sD: 
dP
sP
end of file treatment


tOF : 11:55:58:914
wavfile=SR2_20151126_021007_739.wav
c:
g=10
sfte=192000
cF
cN
sD: 
dP
sP
end of file treatment


tOF : 11:55:59:073
wavfile=SR2_20151126_022512_231.wav
c:
g=10
sfte=192000
cF
cN
sD: 
dP
sP
end of file treatment


tOF : 11:55:59:160
wavfile=SR2_20151126_022857_959.wav
c:
g=10
sfte=192000
cF
cN
sD: 
dP
sP
end of file treatment


tOF : 11:55:59:348
wavfile=SR2_20151126_022950_455.wav
c:
g=10
sfte=192000
cF
cN
sD: 
dP
sP
end of file treatment


tOF : 11:55:59:489
wavfile=SR2_20151126_032004_000.wav
c:
g=10
sfte=192000
cF
cN
sD: 
dP
sP
end of file treatment


tOF : 11:55:59:635
wavfile=SR2_20151126_035443_016.wav
c:
g=10
sfte=192000
cF
cN
sD: 
dP
sP
end of file treatment


tOF : 11:55:59:735
wavfile=SR2_20151126_035547_897.wav
c:
g=10
sfte=192000
cF
cN
sD: 
dP
sP
end of file treatment


tOF : 11:55:59:886
wavfile=SR2_20151126_035647_484.wav
c:
g=10
sfte=192000
cF
cN
sD: 
dP
sP
end of file treatment


tOF : 11:56:00:048
wavfile=SR2_20151126_035720_381.wav
c:
g=10
sfte=192000
cF
cN
sD: 
dP
sP
end of file treatment


tOF : 11:56:00:297
wavfile=SR2_20151126_035751_195.wav
c:
g=10
sfte=192000
cF
cN
sD: 
dP
sP
end of file treatment


tOF : 11:56:00:394
wavfile=SR2_20151126_035900_100.wav
c:
g=10
sfte=192000
cF
cN
sD: 
dP
sP
end of file treatment


tOF : 11:56:00:550
wavfile=SR2_20151126_035940_035.wav
c:
g=10
sfte=192000
cF
cN
sD: 
dP
sP
end of file treatment


tOF : 11:56:00:679
wavfile=SR2_20151126_041113_784.wav
c:
g=10
sfte=192000
cF
cN
sD: 
dP
sP
end of file treatment


tOF : 11:56:00:773
wavfile=SR2_20151126_041538_112.wav
c:
g=10
sfte=192000
cF
cN
sD: 
dP
sP
end of file treatment


tOF : 11:56:00:941
wavfile=SR2_20151126_041929_137.wav
c:
g=10
sfte=192000
cF
cN
sD: 
dP
sP
end of file treatment


tOF : 11:56:01:056
wavfile=SR2_20151126_041952_939.wav
c:
g=10
sfte=192000
cF
cN
sD: 
dP
sP
end of file treatment


tOF : 11:56:01:163
wavfile=SR2_20151126_042024_089.wav
c:
g=10
sfte=192000
cF
cN
sD: 
dP
sP
end of file treatment


tOF : 11:56:01:371
wavfile=SR2_20151126_042040_329.wav
c:
g=10
sfte=192000
cF
cN
sD: 
dP
sP
end of file treatment


tOF : 11:56:01:489
wavfile=SR2_20151126_042126_857.wav
c:
g=10
sfte=192000
cF
cN
sD: 
dP
sP
end of file treatment


tOF : 11:56:01:616
wavfile=SR2_20151126_042226_879.wav
c:
g=10
sfte=192000
cF
cN
sD: 
dP
sP
end of file treatment


tOF : 11:56:01:767
wavfile=SR2_20151126_050244_680.wav
c:
g=10
sfte=192000
cF
cN
sD: 
dP
sP
end of file treatment


tOF : 11:56:01:886
wavfile=SR2_20151126_050523_097.wav
c:
g=10
sfte=192000
cF
cN
sD: 
dP
sP
end of file treatment


tOF : 11:56:02:085
wavfile=SR2_20151126_052004_000.wav
c:
g=10
sfte=192000
cF
cN
sD: 
dP
sP
end of file treatment


tOF : 11:56:02:246
wavfile=SR2_20151126_054823_023.wav
c:
g=10
sfte=192000
cF
cN
sD: 
dP
sP
end of file treatment


tOF : 11:56:02:369
wavfile=SR2_20151126_054916_169.wav
c:
g=10
sfte=192000
cF
cN
sD: 
dP
sP
end of file treatment


tOF : 11:56:02:490
wavfile=SR2_20151126_055030_784.wav
c:
g=10
sfte=192000
cF
cN
sD: 
dP
sP
end of file treatment


tOF : 11:56:02:626
wavfile=SR2_20151126_060206_560.wav
c:
g=10
sfte=192000
cF
cN
sD: 
dP
sP
end of file treatment


tOF : 11:56:02:749
wavfile=SR2_20151126_060240_763.wav
c:
g=10
sfte=192000
cF
cN
sD: 
dP
sP
end of file treatment


tOF : 11:56:02:990
wavfile=SR2_20151126_060402_347.wav
c:
g=10
sfte=192000
cF
cN
sD: 
dP
sP
end of file treatment


tOF : 11:56:03:110
wavfile=SR2_20151126_060941_871.wav
c:
g=10
sfte=192000
cF
cN
sD: 
dP
sP
end of file treatment


tOF : 11:56:03:234
wavfile=SR2_20151126_061125_121.wav
c:
g=10
sfte=192000
cF
cN
sD: 
dP
sP
end of file treatment


tOF : 11:56:03:344
wavfile=SR2_20151126_064350_091.wav
c:
g=10
sfte=192000
cF
cN
sD: 
dP
sP
end of file treatment


tOF : 11:56:03:494
wavfile=SR2_20151126_070327_668.wav
c:
g=10
sfte=192000
cF
cN
sD: 
dP
sP
end of file treatment


tOF : 11:56:03:654
wavfile=SR2_20151126_072158_415.wav
c:
g=10
sfte=192000
cF
cN
sD: 
dP
sP
end of file treatment


tOF : 11:56:03:768
wavfile=SR2_20151126_161904_000.wav
c:
g=10
sfte=192000
cF
cN
sD: 
dP
sP
end of file treatment


tOF : 11:56:03:943
wavfile=SR2_20151126_181904_000.wav
c:
g=10
sfte=192000
cF
cN
sD: 
dP
sP
end of file treatment


tOF : 11:56:04:068
wavfile=SR2_20151126_201904_000.wav
c:
g=10
sfte=192000
cF
cN
sD: 
dP
sP
end of file treatment


tOF : 11:56:04:178
wavfile=SR2_20151126_212445_900.wav
c:
g=10
sfte=192000
cF
cN
sD: 
dP
sP
end of file treatment


tOF : 11:56:04:341
wavfile=SR2_20151126_221904_000.wav
c:
g=10
sfte=192000
cF
cN
sD: 
dP
sP
end of file treatment


tOF : 11:56:04:452
wavfile=SR2_20151127_001904_000.wav
c:
g=10
sfte=192000
cF
cN
sD: 
dP
sP
end of file treatment


tOF : 11:56:04:548
wavfile=SR2_20151127_014904_000.wav
c:
g=10
sfte=192000
cF
cN
sD: 
dP
sP
end of file treatment


tOF : 11:56:04:652
wavfile=SR2_20151127_031904_000.wav
c:
g=10
sfte=192000
cF
cN
sD: 
dP
sP
end of file treatment


tOF : 11:56:04:733
wavfile=SR2_20151127_051904_000.wav
c:
g=10
sfte=192000
cF
cN
sD: 
dP
sP
end of file treatment


tOF : 11:56:04:972
wavfile=SR2_20151127_065453_112.wav
c:
g=10
sfte=192000
cF
cN
sD: 
dP
sP
end of file treatment


tOF : 11:56:05:072
wavfile=SR2_20151127_151800_000.wav
c:
g=10
sfte=192000
cF
cN
sD: 
dP
sP
end of file treatment


tOF : 11:56:05:169
wavfile=SR2_20151127_160726_052.wav
c:
g=10
sfte=192000
cF
cN
sD: 
dP
sP
end of file treatment


tOF : 11:56:05:285
wavfile=SR2_20151127_163451_651.wav
c:
g=10
sfte=192000
cF
cN
sD: 
dP
sP
end of file treatment


tOF : 11:56:05:363
wavfile=SR2_20151127_170502_365.wav
c:
g=10
sfte=192000
cF
cN
sD: 
dP
sP
end of file treatment


tOF : 11:56:05:456
wavfile=SR2_20151127_173208_297.wav
c:
g=10
sfte=192000
cF
cN
sD: 
dP
sP
end of file treatment


tOF : 11:56:05:537
wavfile=SR2_20151127_175901_691.wav
c:
g=10
sfte=192000
cF
cN
sD: 
dP
sP
end of file treatment


tOF : 11:56:05:592
wavfile=SR2_20151127_180413_543.wav
c:
g=10
sfte=192000
cF
cN
sD: 
dP
sP
end of file treatment


tOF : 11:56:05:668
wavfile=SR2_20151127_184804_000.wav
c:
g=10
sfte=192000
cF
cN
sD: 
dP
sP
end of file treatment


tOF : 11:56:05:926
wavfile=SR2_20151127_191804_000.wav
c:
g=10
sfte=192000
cF
cN
sD: 
dP
sP
end of file treatment


tOF : 11:56:05:990
wavfile=SR2_20151127_192922_600.wav
c:
g=10
sfte=192000
cF
cN
sD: 
dP
sP
end of file treatment


tOF : 11:56:06:215
wavfile=SR2_20151127_195844_189.wav
c:
g=10
sfte=192000
cF
cN
sD: 
dP
sP
end of file treatment


tOF : 11:56:06:297
wavfile=SR2_20151127_202655_167.wav
c:
g=10
sfte=192000
cF
cN
sD: 
dP
sP
end of file treatment


tOF : 11:56:06:477
wavfile=SR2_20151127_202714_265.wav
c:
g=10
sfte=192000
cF
cN
sD: 
dP
sP
end of file treatment


tOF : 11:56:06:654
wavfile=SR2_20151127_202900_885.wav
c:
g=10
sfte=192000
cF
cN
sD: 
dP
sP
end of file treatment


tOF : 11:56:06:884
wavfile=SR2_20151127_202950_500.wav
c:
g=10
sfte=192000
cF
cN
sD: 
dP
sP
end of file treatment


tOF : 11:56:07:128
wavfile=SR2_20151127_203007_799.wav
c:
g=10
sfte=192000
cF
cN
sD: 
dP
sP
end of file treatment


tOF : 11:56:07:380
wavfile=SR2_20151127_203018_437.wav
c:
g=10
sfte=192000
cF
cN
sD: 
dP
sP
end of file treatment


tOF : 11:56:07:523
wavfile=SR2_20151127_203040_877.wav
c:
g=10
sfte=192000
cF
cN
sD: 
dP
sP
end of file treatment


tOF : 11:56:07:760
wavfile=SR2_20151127_203153_320.wav
c:
g=10
sfte=192000
cF
cN
sD: 
dP
sP
end of file treatment


tOF : 11:56:07:978
wavfile=SR2_20151127_203257_948.wav
c:
g=10
sfte=192000
cF
cN
sD: 
dP
sP
end of file treatment


tOF : 11:56:08:151
wavfile=SR2_20151127_203320_665.wav
c:
g=10
sfte=192000
cF
cN
sD: 
dP
sP
end of file treatment


tOF : 11:56:08:277
wavfile=SR2_20151127_203402_747.wav
c:
g=10
sfte=192000
cF
cN
sD: 
dP
sP
end of file treatment


tOF : 11:56:08:446
wavfile=SR2_20151127_203427_156.wav
c:
g=10
sfte=192000
cF
cN
sD: 
dP
sP
end of file treatment


tOF : 11:56:08:816
wavfile=SR2_20151127_203452_203.wav
c:
g=10
sfte=192000
cF
cN
sD: 
dP
sP
end of file treatment


tOF : 11:56:08:994
wavfile=SR2_20151127_203541_049.wav
c:
g=10
sfte=192000
cF
cN
sD: 
dP
sP
end of file treatment


tOF : 11:56:09:171
wavfile=SR2_20151127_203555_873.wav
c:
g=10
sfte=192000
cF
cN
sD: 
dP
sP
end of file treatment


tOF : 11:56:09:341
wavfile=SR2_20151127_203709_816.wav
c:
g=10
sfte=192000
cF
cN
sD: 
dP
sP
end of file treatment


tOF : 11:56:09:489
wavfile=SR2_20151127_203817_056.wav
c:
g=10
sfte=192000
cF
cN
sD: 
dP
sP
end of file treatment


tOF : 11:56:09:607
wavfile=SR2_20151127_203850_540.wav
c:
g=10
sfte=192000
cF
cN
sD: 
dP
sP
end of file treatment


tOF : 11:56:09:734
wavfile=SR2_20151127_203930_957.wav
c:
g=10
sfte=192000
cF
cN
sD: 
dP
sP
end of file treatment


tOF : 11:56:09:906
wavfile=SR2_20151127_204125_704.wav
c:
g=10
sfte=192000
cF
cN
sD: 
dP
sP
end of file treatment


tOF : 11:56:10:068
wavfile=SR2_20151127_204309_700.wav
c:
g=10
sfte=192000
cF
cN
sD: 
dP
sP
end of file treatment


tOF : 11:56:10:199
wavfile=SR2_20151127_204346_277.wav
c:
g=10
sfte=192000
cF
cN
sD: 
dP
sP
end of file treatment


tOF : 11:56:10:317
wavfile=SR2_20151127_204410_717.wav
c:
g=10
sfte=192000
cF
cN
sD: 
dP
sP
end of file treatment


tOF : 11:56:10:576
wavfile=SR2_20151127_204532_436.wav
c:
g=10
sfte=192000
cF
cN
sD: 
dP
sP
end of file treatment


tOF : 11:56:10:714
wavfile=SR2_20151127_204615_307.wav
c:
g=10
sfte=192000
cF
cN
sD: 
dP
sP
end of file treatment


tOF : 11:56:11:135
wavfile=SR2_20151127_204659_985.wav
c:
g=10
sfte=192000
cF
cN
sD: 
dP
sP
end of file treatment


tOF : 11:56:11:341
wavfile=SR2_20151127_204718_033.wav
c:
g=10
sfte=192000
cF
cN
sD: 
dP
sP
end of file treatment


tOF : 11:56:11:565
wavfile=SR2_20151127_204752_499.wav
c:
g=10
sfte=192000
cF
cN
sD: 
dP
sP
end of file treatment


tOF : 11:56:11:947
wavfile=SR2_20151127_204806_000.wav
c:
g=10
sfte=192000
cF
cN
sD: 
dP
sP
end of file treatment


tOF : 11:56:12:070
wavfile=SR2_20151127_204836_865.wav
c:
g=10
sfte=192000
cF
cN
sD: 
dP
sP
end of file treatment


tOF : 11:56:12:225
wavfile=SR2_20151127_204847_621.wav
c:
g=10
sfte=192000
cF
cN
sD: 
dP
sP
end of file treatment


tOF : 11:56:12:320
wavfile=SR2_20151127_204947_577.wav
c:
g=10
sfte=192000
cF
cN
sD: 
dP
sP
end of file treatment


tOF : 11:56:12:519
wavfile=SR2_20151127_205016_796.wav
c:
g=10
sfte=192000
cF
cN
sD: 
dP
sP
end of file treatment


tOF : 11:56:12:622
wavfile=SR2_20151127_205029_879.wav
c:
g=10
sfte=192000
cF
cN
sD: 
dP
sP
end of file treatment


tOF : 11:56:12:886
wavfile=SR2_20151127_205047_365.wav
c:
g=10
sfte=192000
cF
cN
sD: 
dP
sP
end of file treatment


tOF : 11:56:13:034
wavfile=SR2_20151127_205104_747.wav
c:
g=10
sfte=192000
cF
cN
sD: 
dP
sP
end of file treatment


tOF : 11:56:13:245
wavfile=SR2_20151127_205347_700.wav
c:
g=10
sfte=192000
cF
cN
sD: 
dP
sP
end of file treatment


tOF : 11:56:13:393
wavfile=SR2_20151127_205415_067.wav
c:
g=10
sfte=192000
cF
cN
sD: 
dP
sP
end of file treatment


tOF : 11:56:13:631
wavfile=SR2_20151127_205433_423.wav
c:
g=10
sfte=192000
cF
cN
sD: 
dP
sP
end of file treatment


tOF : 11:56:13:742
wavfile=SR2_20151127_205456_983.wav
c:
g=10
sfte=192000
cF
cN
sD: 
dP
sP
end of file treatment


tOF : 11:56:13:983
wavfile=SR2_20151127_205659_515.wav
c:
g=10
sfte=192000
cF
cN
sD: 
dP
sP
end of file treatment


tOF : 11:56:14:135
wavfile=SR2_20151127_205812_416.wav
c:
g=10
sfte=192000
cF
cN
sD: 
dP
sP
end of file treatment


tOF : 11:56:14:311
wavfile=SR2_20151127_205905_971.wav
c:
g=10
sfte=192000
cF
cN
sD: 
dP
sP
end of file treatment


tOF : 11:56:14:565
wavfile=SR2_20151127_210035_389.wav
c:
g=10
sfte=192000
cF
cN
sD: 
dP
sP
end of file treatment


tOF : 11:56:14:678
wavfile=SR2_20151127_210223_620.wav
c:
g=10
sfte=192000
cF
cN
sD: 
dP
sP
end of file treatment


tOF : 11:56:14:814
wavfile=SR2_20151127_210501_303.wav
c:
g=10
sfte=192000
cF
cN
sD: 
dP
sP
end of file treatment


tOF : 11:56:14:907
wavfile=SR2_20151127_210705_924.wav
c:
g=10
sfte=192000
cF
cN
sD: 
dP
sP
end of file treatment


tOF : 11:56:15:014
wavfile=SR2_20151127_210734_689.wav
c:
g=10
sfte=192000
cF
cN
sD: 
dP
sP
end of file treatment


tOF : 11:56:15:147
wavfile=SR2_20151127_211110_992.wav
c:
g=10
sfte=192000
cF
cN
sD: 
dP
sP
end of file treatment


tOF : 11:56:15:218
wavfile=SR2_20151127_211132_067.wav
c:
g=10
sfte=192000
cF
cN
sD: 
dP
sP
end of file treatment


tOF : 11:56:15:300
wavfile=SR2_20151127_211314_491.wav
c:
g=10
sfte=192000
cF
cN
sD: 
dP
sP
end of file treatment


tOF : 11:56:15:428
wavfile=SR2_20151127_211346_287.wav
c:
g=10
sfte=192000
cF
cN
sD: 
dP
sP
end of file treatment


tOF : 11:56:15:575
wavfile=SR2_20151127_211419_468.wav
c:
g=10
sfte=192000
cF
cN
sD: 
dP
sP
end of file treatment


tOF : 11:56:15:681
wavfile=SR2_20151127_211444_743.wav
c:
g=10
sfte=192000
cF
cN
sD: 
dP
sP
end of file treatment


tOF : 11:56:15:770
wavfile=SR2_20151127_211504_119.wav
c:
g=10
sfte=192000
cF
cN
sD: 
dP
sP
end of file treatment


tOF : 11:56:15:870
wavfile=SR2_20151127_211515_148.wav
c:
g=10
sfte=192000
cF
cN
sD: 
dP
sP
end of file treatment


tOF : 11:56:16:096
wavfile=SR2_20151127_211550_212.wav
c:
g=10
sfte=192000
cF
cN
sD: 
dP
sP
end of file treatment


tOF : 11:56:16:169
wavfile=SR2_20151127_211608_111.wav
c:
g=10
sfte=192000
cF
cN
sD: 
dP
sP
end of file treatment


tOF : 11:56:16:428
wavfile=SR2_20151127_211628_675.wav
c:
g=10
sfte=192000
cF
cN
sD: 
dP
sP
end of file treatment


tOF : 11:56:16:622
wavfile=SR2_20151127_211653_429.wav
c:
g=10
sfte=192000
cF
cN
sD: 
dP
sP
end of file treatment


tOF : 11:56:16:747
wavfile=SR2_20151127_211715_920.wav
c:
g=10
sfte=192000
cF
cN
sD: 
dP
sP
end of file treatment


tOF : 11:56:16:895
wavfile=SR2_20151127_211756_839.wav
c:
g=10
sfte=192000
cF
cN
sD: 
dP
sP
end of file treatment


tOF : 11:56:17:091
wavfile=SR2_20151127_211812_368.wav
c:
g=10
sfte=192000
cF
cN
sD: 
dP
sP
end of file treatment


tOF : 11:56:17:188
wavfile=SR2_20151127_212032_799.wav
c:
g=10
sfte=192000
cF
cN
sD: 
dP
sP
end of file treatment


tOF : 11:56:17:302
wavfile=SR2_20151127_212042_997.wav
c:
g=10
sfte=192000
cF
cN
sD: 
dP
sP
end of file treatment


tOF : 11:56:17:418
wavfile=SR2_20151127_212121_501.wav
c:
g=10
sfte=192000
cF
cN
sD: 
dP
sP
end of file treatment


tOF : 11:56:17:496
wavfile=SR2_20151127_212202_395.wav
c:
g=10
sfte=192000
cF
cN
sD: 
dP
sP
end of file treatment


tOF : 11:56:17:724
wavfile=SR2_20151127_212227_436.wav
c:
g=10
sfte=192000
cF
cN
sD: 
dP
sP
end of file treatment


tOF : 11:56:17:928
wavfile=SR2_20151127_212350_432.wav
c:
g=10
sfte=192000
cF
cN
sD: 
dP
sP
end of file treatment


tOF : 11:56:18:088
wavfile=SR2_20151127_212508_956.wav
c:
g=10
sfte=192000
cF
cN
sD: 
dP
sP
end of file treatment


tOF : 11:56:18:230
wavfile=SR2_20151127_212522_851.wav
c:
g=10
sfte=192000
cF
cN
sD: 
dP
sP
end of file treatment


tOF : 11:56:18:399
wavfile=SR2_20151127_212604_644.wav
c:
g=10
sfte=192000
cF
cN
sD: 
dP
sP
end of file treatment


tOF : 11:56:18:651
wavfile=SR2_20151127_212632_701.wav
c:
g=10
sfte=192000
cF
cN
sD: 
dP
sP
end of file treatment


tOF : 11:56:18:827
wavfile=SR2_20151127_212759_035.wav
c:
g=10
sfte=192000
cF
cN
sD: 
dP
sP
end of file treatment


tOF : 11:56:18:945
wavfile=SR2_20151127_212808_740.wav
c:
g=10
sfte=192000
cF
cN
sD: 
dP
sP
end of file treatment


tOF : 11:56:19:140
wavfile=SR2_20151127_212835_540.wav
c:
g=10
sfte=192000
cF
cN
sD: 
dP
sP
end of file treatment


tOF : 11:56:19:234
wavfile=SR2_20151127_212900_317.wav
c:
g=10
sfte=192000
cF
cN
sD: 
dP
sP
end of file treatment


tOF : 11:56:19:332
wavfile=SR2_20151127_212928_672.wav
c:
g=10
sfte=192000
cF
cN
sD: 
dP
sP
end of file treatment


tOF : 11:56:19:455
wavfile=SR2_20151127_213016_141.wav
c:
g=10
sfte=192000
cF
cN
sD: 
dP
sP
end of file treatment


tOF : 11:56:19:532
wavfile=SR2_20151127_213034_311.wav
c:
g=10
sfte=192000
cF
cN
sD: 
dP
sP
end of file treatment


tOF : 11:56:19:641
wavfile=SR2_20151127_213101_525.wav
c:
g=10
sfte=192000
cF
cN
sD: 
dP
sP
end of file treatment


tOF : 11:56:19:795
wavfile=SR2_20151127_213138_268.wav
c:
g=10
sfte=192000
cF
cN
sD: 
dP
sP
end of file treatment


tOF : 11:56:19:958
wavfile=SR2_20151127_213203_115.wav
c:
g=10
sfte=192000
cF
cN
sD: 
dP
sP
end of file treatment


tOF : 11:56:20:075
wavfile=SR2_20151127_213211_728.wav
c:
g=10
sfte=192000
cF
cN
sD: 
dP
sP
end of file treatment


tOF : 11:56:20:194
wavfile=SR2_20151127_213238_547.wav
c:
g=10
sfte=192000
cF
cN
sD: 
dP
sP
end of file treatment


tOF : 11:56:20:406
wavfile=SR2_20151127_213252_159.wav
c:
g=10
sfte=192000
cF
cN
sD: 
dP
sP
end of file treatment


tOF : 11:56:20:691
wavfile=SR2_20151127_213312_029.wav
c:
g=10
sfte=192000
cF
cN
sD: 
dP
sP
end of file treatment


tOF : 11:56:20:779
wavfile=SR2_20151127_213335_805.wav
c:
g=10
sfte=192000
cF
cN
sD: 
dP
sP
end of file treatment


tOF : 11:56:20:855
wavfile=SR2_20151127_213351_229.wav
c:
g=10
sfte=192000
cF
cN
sD: 
dP
sP
end of file treatment


tOF : 11:56:20:965
wavfile=SR2_20151127_213442_799.wav
c:
g=10
sfte=192000
cF
cN
sD: 
dP
sP
end of file treatment


tOF : 11:56:21:040
wavfile=SR2_20151127_213503_145.wav
c:
g=10
sfte=192000
cF
cN
sD: 
dP
sP
end of file treatment


tOF : 11:56:21:124
wavfile=SR2_20151127_213615_463.wav
c:
g=10
sfte=192000
cF
cN
sD: 
dP
sP
end of file treatment


tOF : 11:56:21:269
wavfile=SR2_20151127_213717_368.wav
c:
g=10
sfte=192000
cF
cN
sD: 
dP
sP
end of file treatment


tOF : 11:56:21:405
wavfile=SR2_20151127_213731_921.wav
c:
g=10
sfte=192000
cF
cN
sD: 
dP
sP
end of file treatment


tOF : 11:56:21:501
wavfile=SR2_20151127_213813_175.wav
c:
g=10
sfte=192000
cF
cN
sD: 
dP
sP
end of file treatment


tOF : 11:56:21:769
wavfile=SR2_20151127_213843_609.wav
c:
g=10
sfte=192000
cF
cN
sD: 
dP
sP
end of file treatment


tOF : 11:56:21:973
wavfile=SR2_20151127_213908_712.wav
c:
g=10
sfte=192000
cF
cN
sD: 
dP
sP
end of file treatment


tOF : 11:56:22:097
wavfile=SR2_20151127_213932_868.wav
c:
g=10
sfte=192000
cF
cN
sD: 
dP
sP
end of file treatment


tOF : 11:56:22:195
wavfile=SR2_20151127_213953_540.wav
c:
g=10
sfte=192000
cF
cN
sD: 
dP
sP
end of file treatment


tOF : 11:56:22:308
wavfile=SR2_20151127_214017_977.wav
c:
g=10
sfte=192000
cF
cN
sD: 
dP
sP
end of file treatment


tOF : 11:56:22:409
wavfile=SR2_20151127_214032_145.wav
c:
g=10
sfte=192000
cF
cN
sD: 
dP
sP
end of file treatment


tOF : 11:56:22:587
wavfile=SR2_20151127_214132_435.wav
c:
g=10
sfte=192000
cF
cN
sD: 
dP
sP
end of file treatment


tOF : 11:56:22:801
wavfile=SR2_20151127_214145_241.wav
c:
g=10
sfte=192000
cF
cN
sD: 
dP
sP
end of file treatment


tOF : 11:56:22:964
wavfile=SR2_20151127_214222_903.wav
c:
g=10
sfte=192000
cF
cN
sD: 
dP
sP
end of file treatment


tOF : 11:56:23:098
wavfile=SR2_20151127_214233_523.wav
c:
g=10
sfte=192000
cF
cN
sD: 
dP
sP
end of file treatment


tOF : 11:56:23:204
wavfile=SR2_20151127_214303_613.wav
c:
g=10
sfte=192000
cF
cN
sD: 
dP
sP
end of file treatment


tOF : 11:56:23:380
wavfile=SR2_20151127_214332_165.wav
c:
g=10
sfte=192000
cF
cN
sD: 
dP
sP
end of file treatment


tOF : 11:56:23:581
wavfile=SR2_20151127_214407_404.wav
c:
g=10
sfte=192000
cF
cN
sD: 
dP
sP
end of file treatment


tOF : 11:56:23:713
wavfile=SR2_20151127_214453_657.wav
c:
g=10
sfte=192000
cF
cN
sD: 
dP
sP
end of file treatment


tOF : 11:56:23:866
wavfile=SR2_20151127_214511_020.wav
c:
g=10
sfte=192000
cF
cN
sD: 
dP
sP
end of file treatment


tOF : 11:56:24:080
wavfile=SR2_20151127_214529_993.wav
c:
g=10
sfte=192000
cF
cN
sD: 
dP
sP
end of file treatment


tOF : 11:56:24:260
wavfile=SR2_20151127_214539_548.wav
c:
g=10
sfte=192000
cF
cN
sD: 
dP
sP
end of file treatment


tOF : 11:56:24:485
wavfile=SR2_20151127_214609_236.wav
c:
g=10
sfte=192000
cF
cN
sD: 
dP
sP
end of file treatment


tOF : 11:56:24:651
wavfile=SR2_20151127_214641_076.wav
c:
g=10
sfte=192000
cF
cN
sD: 
dP
sP
end of file treatment


tOF : 11:56:24:886
wavfile=SR2_20151127_214711_847.wav
c:
g=10
sfte=192000
cF
cN
sD: 
dP
sP
end of file treatment


tOF : 11:56:25:006
wavfile=SR2_20151127_214736_084.wav
c:
g=10
sfte=192000
cF
cN
sD: 
dP
sP
end of file treatment


tOF : 11:56:25:266
wavfile=SR2_20151127_214809_813.wav
c:
g=10
sfte=192000
cF
cN
sD: 
dP
sP
end of file treatment


tOF : 11:56:25:385
wavfile=SR2_20151127_214825_901.wav
c:
g=10
sfte=192000
cF
cN
sD: 
dP
sP
end of file treatment


tOF : 11:56:25:491
wavfile=SR2_20151127_214839_595.wav
c:
g=10
sfte=192000
cF
cN
sD: 
dP
sP
end of file treatment


tOF : 11:56:25:744
wavfile=SR2_20151127_214848_905.wav
c:
g=10
sfte=192000
cF
cN
sD: 
dP
sP
end of file treatment


tOF : 11:56:26:056
wavfile=SR2_20151127_214900_323.wav
c:
g=10
sfte=192000
cF
cN
sD: 
dP
sP
end of file treatment


tOF : 11:56:26:217
wavfile=SR2_20151127_214927_331.wav
c:
g=10
sfte=192000
cF
cN
sD: 
dP
sP
end of file treatment


tOF : 11:56:26:384
wavfile=SR2_20151127_214943_520.wav
c:
g=10
sfte=192000
cF
cN
sD: 
dP
sP
end of file treatment


tOF : 11:56:26:567
wavfile=SR2_20151127_215009_080.wav
c:
g=10
sfte=192000
cF
cN
sD: 
dP
sP
end of file treatment


tOF : 11:56:26:729
wavfile=SR2_20151127_215031_703.wav
c:
g=10
sfte=192000
cF
cN
sD: 
dP
sP
end of file treatment


tOF : 11:56:27:154
wavfile=SR2_20151127_215057_389.wav
c:
g=10
sfte=192000
cF
cN
sD: 
dP
sP
end of file treatment


tOF : 11:56:27:256
wavfile=SR2_20151127_215218_035.wav
c:
g=10
sfte=192000
cF
cN
sD: 
dP
sP
end of file treatment


tOF : 11:56:27:710
wavfile=SR2_20151127_215236_103.wav
c:
g=10
sfte=192000
cF
cN
sD: 
dP
sP
end of file treatment


tOF : 11:56:27:836
wavfile=SR2_20151127_215422_151.wav
c:
g=10
sfte=192000
cF
cN
sD: 
dP
sP
end of file treatment


tOF : 11:56:27:970
wavfile=SR2_20151127_215455_260.wav
c:
g=10
sfte=192000
cF
cN
sD: 
dP
sP
end of file treatment


tOF : 11:56:28:069
wavfile=SR2_20151127_215523_235.wav
c:
g=10
sfte=192000
cF
cN
sD: 
dP
sP
end of file treatment


tOF : 11:56:28:353
wavfile=SR2_20151127_215538_176.wav
c:
g=10
sfte=192000
cF
cN
sD: 
dP
sP
end of file treatment


tOF : 11:56:28:451
wavfile=SR2_20151127_215546_031.wav
c:
g=10
sfte=192000
cF
cN
sD: 
dP
sP
end of file treatment


tOF : 11:56:28:588
wavfile=SR2_20151127_215627_607.wav
c:
g=10
sfte=192000
cF
cN
sD: 
dP
sP
end of file treatment


tOF : 11:56:28:743
wavfile=SR2_20151127_215702_209.wav
c:
g=10
sfte=192000
cF
cN
sD: 
dP
sP
end of file treatment


tOF : 11:56:28:822
wavfile=SR2_20151127_215714_969.wav
c:
g=10
sfte=192000
cF
cN
sD: 
dP
sP
end of file treatment


tOF : 11:56:28:898
wavfile=SR2_20151127_215804_872.wav
c:
g=10
sfte=192000
cF
cN
sD: 
dP
sP
end of file treatment


tOF : 11:56:28:963
wavfile=SR2_20151127_215849_887.wav
c:
g=10
sfte=192000
cF
cN
sD: 
dP
sP
end of file treatment


tOF : 11:56:29:050
wavfile=SR2_20151127_215920_507.wav
c:
g=10
sfte=192000
cF
cN
sD: 
dP
sP
end of file treatment


tOF : 11:56:29:445
wavfile=SR2_20151127_215936_929.wav
c:
g=10
sfte=192000
cF
cN
sD: 
dP
sP
end of file treatment


tOF : 11:56:29:697
wavfile=SR2_20151127_215948_259.wav
c:
g=10
sfte=192000
cF
cN
sD: 
dP
sP
end of file treatment


tOF : 11:56:29:799
wavfile=SR2_20151127_220011_081.wav
c:
g=10
sfte=192000
cF
cN
sD: 
dP
sP
end of file treatment


tOF : 11:56:29:934
wavfile=SR2_20151127_220038_585.wav
c:
g=10
sfte=192000
cF
cN
sD: 
dP
sP
end of file treatment


tOF : 11:56:30:074
wavfile=SR2_20151127_220059_225.wav
c:
g=10
sfte=192000
cF
cN
sD: 
dP
sP
end of file treatment


tOF : 11:56:30:154
wavfile=SR2_20151127_220209_277.wav
c:
g=10
sfte=192000
cF
cN
sD: 
dP
sP
end of file treatment


tOF : 11:56:30:253
wavfile=SR2_20151127_220247_256.wav
c:
g=10
sfte=192000
cF
cN
sD: 
dP
sP
end of file treatment


tOF : 11:56:30:391
wavfile=SR2_20151127_220343_261.wav
c:
g=10
sfte=192000
cF
cN
sD: 
dP
sP
end of file treatment


tOF : 11:56:30:545
wavfile=SR2_20151127_220355_377.wav
c:
g=10
sfte=192000
cF
cN
sD: 
dP
sP
end of file treatment


tOF : 11:56:30:648
wavfile=SR2_20151127_220408_899.wav
c:
g=10
sfte=192000
cF
cN
sD: 
dP
sP
end of file treatment


tOF : 11:56:30:735
wavfile=SR2_20151127_220449_989.wav
c:
g=10
sfte=192000
cF
cN
sD: 
dP
sP
end of file treatment


tOF : 11:56:30:821
wavfile=SR2_20151127_220502_595.wav
c:
g=10
sfte=192000
cF
cN
sD: 
dP
sP
end of file treatment


tOF : 11:56:30:920
wavfile=SR2_20151127_220606_635.wav
c:
g=10
sfte=192000
cF
cN
sD: 
dP
sP
end of file treatment


tOF : 11:56:31:070
wavfile=SR2_20151127_220619_285.wav
c:
g=10
sfte=192000
cF
cN
sD: 
dP
sP
end of file treatment


tOF : 11:56:31:148
wavfile=SR2_20151127_220628_721.wav
c:
g=10
sfte=192000
cF
cN
sD: 
dP
sP
end of file treatment


tOF : 11:56:31:245
wavfile=SR2_20151127_220645_852.wav
c:
g=10
sfte=192000
cF
cN
sD: 
dP
sP
end of file treatment


tOF : 11:56:31:371
wavfile=SR2_20151127_220707_084.wav
c:
g=10
sfte=192000
cF
cN
sD: 
dP
sP
end of file treatment


tOF : 11:56:31:513
wavfile=SR2_20151127_220728_317.wav
c:
g=10
sfte=192000
cF
cN
sD: 
dP
sP
end of file treatment


tOF : 11:56:31:587
wavfile=SR2_20151127_220753_376.wav
c:
g=10
sfte=192000
cF
cN
sD: 
dP
sP
end of file treatment


tOF : 11:56:31:823
wavfile=SR2_20151127_220818_083.wav
c:
g=10
sfte=192000
cF
cN
sD: 
dP
sP
end of file treatment


tOF : 11:56:32:180
wavfile=SR2_20151127_220838_901.wav
c:
g=10
sfte=192000
cF
cN
sD: 
dP
sP
end of file treatment


tOF : 11:56:32:575
wavfile=SR2_20151127_220919_941.wav
c:
g=10
sfte=192000
cF
cN
sD: 
dP
sP
end of file treatment


tOF : 11:56:32:812
wavfile=SR2_20151127_221035_948.wav
c:
g=10
sfte=192000
cF
cN
sD: 
dP
sP
end of file treatment


tOF : 11:56:32:965
wavfile=SR2_20151127_221139_180.wav
c:
g=10
sfte=192000
cF
cN
sD: 
dP
sP
end of file treatment


tOF : 11:56:33:167
wavfile=SR2_20151127_221213_613.wav
c:
g=10
sfte=192000
cF
cN
sD: 
dP
sP
end of file treatment


tOF : 11:56:33:455
wavfile=SR2_20151127_221340_500.wav
c:
g=10
sfte=192000
cF
cN
sD: 
dP
sP
end of file treatment


tOF : 11:56:33:587
wavfile=SR2_20151127_221616_357.wav
c:
g=10
sfte=192000
cF
cN
sD: 
dP
sP
end of file treatment


tOF : 11:56:33:720
wavfile=SR2_20151127_221948_797.wav
c:
g=10
sfte=192000
cF
cN
sD: 
dP
sP
end of file treatment


tOF : 11:56:33:810
wavfile=SR2_20151127_222103_573.wav
c:
g=10
sfte=192000
cF
cN
sD: 
dP
sP
end of file treatment


tOF : 11:56:33:944
wavfile=SR2_20151127_222120_381.wav
c:
g=10
sfte=192000
cF
cN
sD: 
dP
sP
end of file treatment


tOF : 11:56:34:030
wavfile=SR2_20151127_222146_307.wav
c:
g=10
sfte=192000
cF
cN
sD: 
dP
sP
end of file treatment


tOF : 11:56:34:160
wavfile=SR2_20151127_222317_283.wav
c:
g=10
sfte=192000
cF
cN
sD: 
dP
sP
end of file treatment


tOF : 11:56:34:349
wavfile=SR2_20151127_222351_017.wav
c:
g=10
sfte=192000
cF
cN
sD: 
dP
sP
end of file treatment


tOF : 11:56:34:550
wavfile=SR2_20151127_222406_221.wav
c:
g=10
sfte=192000
cF
cN
sD: 
dP
sP
end of file treatment


tOF : 11:56:34:727
wavfile=SR2_20151127_222442_577.wav
c:
g=10
sfte=192000
cF
cN
sD: 
dP
sP
end of file treatment


tOF : 11:56:34:946
wavfile=SR2_20151127_222526_535.wav
c:
g=10
sfte=192000
cF
cN
sD: 
dP
sP
end of file treatment


tOF : 11:56:35:134
wavfile=SR2_20151127_222547_792.wav
c:
g=10
sfte=192000
cF
cN
sD: 
dP
sP
end of file treatment


tOF : 11:56:35:247
wavfile=SR2_20151127_222617_863.wav
c:
g=10
sfte=192000
cF
cN
sD: 
dP
sP
end of file treatment


tOF : 11:56:35:409
wavfile=SR2_20151127_222740_576.wav
c:
g=10
sfte=192000
cF
cN
sD: 
dP
sP
end of file treatment


tOF : 11:56:35:592
wavfile=SR2_20151127_222822_439.wav
c:
g=10
sfte=192000
cF
cN
sD: 
dP
sP
end of file treatment


tOF : 11:56:35:878
wavfile=SR2_20151127_222905_305.wav
c:
g=10
sfte=192000
cF
cN
sD: 
dP
sP
end of file treatment


tOF : 11:56:36:077
wavfile=SR2_20151127_222921_628.wav
c:
g=10
sfte=192000
cF
cN
sD: 
dP
sP
end of file treatment


tOF : 11:56:36:234
wavfile=SR2_20151127_222930_809.wav
c:
g=10
sfte=192000
cF
cN
sD: 
dP
sP
end of file treatment


tOF : 11:56:36:367
wavfile=SR2_20151127_222944_920.wav
c:
g=10
sfte=192000
cF
cN
sD: 
dP
sP
end of file treatment


tOF : 11:56:36:518
wavfile=SR2_20151127_223055_253.wav
c:
g=10
sfte=192000
cF
cN
sD: 
dP
sP
end of file treatment


tOF : 11:56:36:627
wavfile=SR2_20151127_223135_445.wav
c:
g=10
sfte=192000
cF
cN
sD: 
dP
sP
end of file treatment


tOF : 11:56:36:826
wavfile=SR2_20151127_223150_320.wav
c:
g=10
sfte=192000
cF
cN
sD: 
dP
sP
end of file treatment


tOF : 11:56:36:988
wavfile=SR2_20151127_223159_935.wav
c:
g=10
sfte=192000
cF
cN
sD: 
dP
sP
end of file treatment


tOF : 11:56:37:168
wavfile=SR2_20151127_223254_428.wav
c:
g=10
sfte=192000
cF
cN
sD: 
dP
sP
end of file treatment


tOF : 11:56:37:293
wavfile=SR2_20151127_223339_431.wav
c:
g=10
sfte=192000
cF
cN
sD: 
dP
sP
end of file treatment


tOF : 11:56:37:372
wavfile=SR2_20151127_223421_237.wav
c:
g=10
sfte=192000
cF
cN
sD: 
dP
sP
end of file treatment


tOF : 11:56:37:465
wavfile=SR2_20151127_223501_083.wav
c:
g=10
sfte=192000
cF
cN
sD: 
dP
sP
end of file treatment


tOF : 11:56:37:552
wavfile=SR2_20151127_223622_584.wav
c:
g=10
sfte=192000
cF
cN
sD: 
dP
sP
end of file treatment


tOF : 11:56:37:657
wavfile=SR2_20151127_223703_548.wav
c:
g=10
sfte=192000
cF
cN
sD: 
dP
sP
end of file treatment


tOF : 11:56:37:730
wavfile=SR2_20151127_223737_463.wav
c:
g=10
sfte=192000
cF
cN
sD: 
dP
sP
end of file treatment


tOF : 11:56:37:798
wavfile=SR2_20151127_223749_929.wav
c:
g=10
sfte=192000
cF
cN
sD: 
dP
sP
end of file treatment


tOF : 11:56:38:131
wavfile=SR2_20151127_223808_200.wav
c:
g=10
sfte=192000
cF
cN
sD: 
dP
sP
end of file treatment


tOF : 11:56:38:229
wavfile=SR2_20151127_223819_904.wav
c:
g=10
sfte=192000
cF
cN
sD: 
dP
sP
end of file treatment


tOF : 11:56:38:329
wavfile=SR2_20151127_223830_791.wav
c:
g=10
sfte=192000
cF
cN
sD: 
dP
sP
end of file treatment


tOF : 11:56:38:484
wavfile=SR2_20151127_223933_011.wav
c:
g=10
sfte=192000
cF
cN
sD: 
dP
sP
end of file treatment


tOF : 11:56:38:575
wavfile=SR2_20151127_224026_147.wav
c:
g=10
sfte=192000
cF
cN
sD: 
dP
sP
end of file treatment


tOF : 11:56:38:758
wavfile=SR2_20151127_224035_337.wav
c:
g=10
sfte=192000
cF
cN
sD: 
dP
sP
end of file treatment


tOF : 11:56:39:071
wavfile=SR2_20151127_224130_612.wav
c:
g=10
sfte=192000
cF
cN
sD: 
dP
sP
end of file treatment


tOF : 11:56:39:325
wavfile=SR2_20151127_224144_517.wav
c:
g=10
sfte=192000
cF
cN
sD: 
dP
sP
end of file treatment


tOF : 11:56:39:549
wavfile=SR2_20151127_224201_509.wav
c:
g=10
sfte=192000
cF
cN
sD: 
dP
sP
end of file treatment


tOF : 11:56:39:780
wavfile=SR2_20151127_224207_449.wav
c:
g=10
sfte=192000
cF
cN
sD: 
dP
sP
end of file treatment


tOF : 11:56:39:939
wavfile=SR2_20151127_224224_200.wav
c:
g=10
sfte=192000
cF
cN
sD: 
dP
sP
end of file treatment


tOF : 11:56:40:318
wavfile=SR2_20151127_224247_860.wav
c:
g=10
sfte=192000
cF
cN
sD: 
dP
sP
end of file treatment


tOF : 11:56:40:545
wavfile=SR2_20151127_224303_919.wav
c:
g=10
sfte=192000
cF
cN
sD: 
dP
sP
end of file treatment


tOF : 11:56:40:649
wavfile=SR2_20151127_224418_197.wav
c:
g=10
sfte=192000
cF
cN
sD: 
dP
sP
end of file treatment


tOF : 11:56:40:771
wavfile=SR2_20151127_224504_096.wav
c:
g=10
sfte=192000
cF
cN
sD: 
dP
sP
end of file treatment


tOF : 11:56:40:978
wavfile=SR2_20151127_224536_283.wav
c:
g=10
sfte=192000
cF
cN
sD: 
dP
sP
end of file treatment


tOF : 11:56:41:107
wavfile=SR2_20151127_224556_085.wav
c:
g=10
sfte=192000
cF
cN
sD: 
dP
sP
end of file treatment


tOF : 11:56:41:254
wavfile=SR2_20151127_224617_116.wav
c:
g=10
sfte=192000
cF
cN
sD: 
dP
sP
end of file treatment


tOF : 11:56:41:374
wavfile=SR2_20151127_224645_711.wav
c:
g=10
sfte=192000
cF
cN
sD: 
dP
sP
end of file treatment


tOF : 11:56:41:555
wavfile=SR2_20151127_224709_063.wav
c:
g=10
sfte=192000
cF
cN
sD: 
dP
sP
end of file treatment


tOF : 11:56:41:776
wavfile=SR2_20151127_224719_263.wav
c:
g=10
sfte=192000
cF
cN
sD: 
dP
sP
end of file treatment


tOF : 11:56:41:897
wavfile=SR2_20151127_224744_728.wav
c:
g=10
sfte=192000
cF
cN
sD: 
dP
sP
end of file treatment


tOF : 11:56:42:001
wavfile=SR2_20151127_224807_000.wav
c:
g=10
sfte=192000
cF
cN
sD: 
dP
sP
end of file treatment


tOF : 11:56:42:148
wavfile=SR2_20151127_224828_375.wav
c:
g=10
sfte=192000
cF
cN
sD: 
dP
sP
end of file treatment


tOF : 11:56:42:287
wavfile=SR2_20151127_224839_924.wav
c:
g=10
sfte=192000
cF
cN
sD: 
dP
sP
end of file treatment


tOF : 11:56:42:364
wavfile=SR2_20151127_224851_955.wav
c:
g=10
sfte=192000
cF
cN
sD: 
dP
sP
end of file treatment


tOF : 11:56:42:608
wavfile=SR2_20151127_224914_395.wav
c:
g=10
sfte=192000
cF
cN
sD: 
dP
sP
end of file treatment


tOF : 11:56:42:692
wavfile=SR2_20151127_225001_120.wav
c:
g=10
sfte=192000
cF
cN
sD: 
dP
sP
end of file treatment


tOF : 11:56:42:870
wavfile=SR2_20151127_225024_464.wav
c:
g=10
sfte=192000
cF
cN
sD: 
dP
sP
end of file treatment


tOF : 11:56:43:019
wavfile=SR2_20151127_225042_280.wav
c:
g=10
sfte=192000
cF
cN
sD: 
dP
sP
end of file treatment


tOF : 11:56:43:159
wavfile=SR2_20151127_225135_857.wav
c:
g=10
sfte=192000
cF
cN
sD: 
dP
sP
end of file treatment


tOF : 11:56:43:236
wavfile=SR2_20151127_225225_049.wav
c:
g=10
sfte=192000
cF
cN
sD: 
dP
sP
end of file treatment


tOF : 11:56:43:431
wavfile=SR2_20151127_225244_065.wav
c:
g=10
sfte=192000
cF
cN
sD: 
dP
sP
end of file treatment


tOF : 11:56:43:566
wavfile=SR2_20151127_225300_677.wav
c:
g=10
sfte=192000
cF
cN
sD: 
dP
sP
end of file treatment


tOF : 11:56:43:689
wavfile=SR2_20151127_225343_317.wav
c:
g=10
sfte=192000
cF
cN
sD: 
dP
sP
end of file treatment


tOF : 11:56:43:913
wavfile=SR2_20151127_225412_963.wav
c:
g=10
sfte=192000
cF
cN
sD: 
dP
sP
end of file treatment


tOF : 11:56:44:149
wavfile=SR2_20151127_225425_663.wav
c:
g=10
sfte=192000
cF
cN
sD: 
dP
sP
end of file treatment


tOF : 11:56:44:302
wavfile=SR2_20151127_225449_212.wav
c:
g=10
sfte=192000
cF
cN
sD: 
dP
sP
end of file treatment


tOF : 11:56:44:520
wavfile=SR2_20151127_225542_377.wav
c:
g=10
sfte=192000
cF
cN
sD: 
dP
sP
end of file treatment


tOF : 11:56:44:615
wavfile=SR2_20151127_225616_704.wav
c:
g=10
sfte=192000
cF
cN
sD: 
dP
sP
end of file treatment


tOF : 11:56:44:767
wavfile=SR2_20151127_225630_635.wav
c:
g=10
sfte=192000
cF
cN
sD: 
dP
sP
end of file treatment


tOF : 11:56:44:927
wavfile=SR2_20151127_225703_161.wav
c:
g=10
sfte=192000
cF
cN
sD: 
dP
sP
end of file treatment


tOF : 11:56:45:120
wavfile=SR2_20151127_225733_424.wav
c:
g=10
sfte=192000
cF
cN
sD: 
dP
sP
end of file treatment


tOF : 11:56:45:259
wavfile=SR2_20151127_225756_917.wav
c:
g=10
sfte=192000
cF
cN
sD: 
dP
sP
end of file treatment


tOF : 11:56:45:414
wavfile=SR2_20151127_225806_671.wav
c:
g=10
sfte=192000
cF
cN
sD: 
dP
sP
end of file treatment


tOF : 11:56:45:618
wavfile=SR2_20151127_225855_617.wav
c:
g=10
sfte=192000
cF
cN
sD: 
dP
sP
end of file treatment


tOF : 11:56:45:795
wavfile=SR2_20151127_225935_633.wav
c:
g=10
sfte=192000
cF
cN
sD: 
dP
sP
end of file treatment


tOF : 11:56:46:005
wavfile=SR2_20151127_225954_473.wav
c:
g=10
sfte=192000
cF
cN
sD: 
dP
sP
end of file treatment


tOF : 11:56:46:163
wavfile=SR2_20151127_230004_673.wav
c:
g=10
sfte=192000
cF
cN
sD: 
dP
sP
end of file treatment


tOF : 11:56:46:361
wavfile=SR2_20151127_230036_608.wav
c:
g=10
sfte=192000
cF
cN
sD: 
dP
sP
end of file treatment


tOF : 11:56:46:565
wavfile=SR2_20151127_230101_336.wav
c:
g=10
sfte=192000
cF
cN
sD: 
dP
sP
end of file treatment


tOF : 11:56:46:752
wavfile=SR2_20151127_230124_888.wav
c:
g=10
sfte=192000
cF
cN
sD: 
dP
sP
end of file treatment


tOF : 11:56:46:966
wavfile=SR2_20151127_230141_249.wav
c:
g=10
sfte=192000
cF
cN
sD: 
dP
sP
end of file treatment


tOF : 11:56:47:132
wavfile=SR2_20151127_230200_045.wav
c:
g=10
sfte=192000
cF
cN
sD: 
dP
sP
end of file treatment


tOF : 11:56:47:278
wavfile=SR2_20151127_230224_876.wav
c:
g=10
sfte=192000
cF
cN
sD: 
dP
sP
end of file treatment


tOF : 11:56:47:406
wavfile=SR2_20151127_230232_593.wav
c:
g=10
sfte=192000
cF
cN
sD: 
dP
sP
end of file treatment


tOF : 11:56:47:929
wavfile=SR2_20151127_230248_821.wav
c:
g=10
sfte=192000
cF
cN
sD: 
dP
sP
end of file treatment


tOF : 11:56:48:162
wavfile=SR2_20151127_230304_905.wav
c:
g=10
sfte=192000
cF
cN
sD: 
dP
sP
end of file treatment


tOF : 11:56:48:372
wavfile=SR2_20151127_230319_547.wav
c:
g=10
sfte=192000
cF
cN
sD: 
dP
sP
end of file treatment


tOF : 11:56:48:510
wavfile=SR2_20151127_230327_376.wav
c:
g=10
sfte=192000
cF
cN
sD: 
dP
sP
end of file treatment


tOF : 11:56:48:723
wavfile=SR2_20151127_230332_971.wav
c:
g=10
sfte=192000
cF
cN
sD: 
dP
sP
end of file treatment


tOF : 11:56:48:835
wavfile=SR2_20151127_230348_183.wav
c:
g=10
sfte=192000
cF
cN
sD: 
dP
sP
end of file treatment


tOF : 11:56:48:987
wavfile=SR2_20151127_230432_968.wav
c:
g=10
sfte=192000
cF
cN
sD: 
dP
sP
end of file treatment


tOF : 11:56:49:261
wavfile=SR2_20151127_230514_811.wav
c:
g=10
sfte=192000
cF
cN
sD: 
dP
sP
end of file treatment


tOF : 11:56:49:381
wavfile=SR2_20151127_230546_420.wav
c:
g=10
sfte=192000
cF
cN
sD: 
dP
sP
end of file treatment


tOF : 11:56:49:517
wavfile=SR2_20151127_230608_056.wav
c:
g=10
sfte=192000
cF
cN
sD: 
dP
sP
end of file treatment


tOF : 11:56:49:784
wavfile=SR2_20151127_230617_317.wav
c:
g=10
sfte=192000
cF
cN
sD: 
dP
sP
end of file treatment


tOF : 11:56:49:915
wavfile=SR2_20151127_230626_619.wav
c:
g=10
sfte=192000
cF
cN
sD: 
dP
sP
end of file treatment


tOF : 11:56:50:280
wavfile=SR2_20151127_230647_925.wav
c:
g=10
sfte=192000
cF
cN
sD: 
dP
sP
end of file treatment


tOF : 11:56:50:463
wavfile=SR2_20151127_230713_808.wav
c:
g=10
sfte=192000
cF
cN
sD: 
dP
sP
end of file treatment


tOF : 11:56:50:588
wavfile=SR2_20151127_230724_177.wav
c:
g=10
sfte=192000
cF
cN
sD: 
dP
sP
end of file treatment


tOF : 11:56:50:747
wavfile=SR2_20151127_230739_379.wav
c:
g=10
sfte=192000
cF
cN
sD: 
dP
sP
end of file treatment


tOF : 11:56:50:842
wavfile=SR2_20151127_230806_717.wav
c:
g=10
sfte=192000
cF
cN
sD: 
dP
sP
end of file treatment


tOF : 11:56:50:977
wavfile=SR2_20151127_230815_891.wav
c:
g=10
sfte=192000
cF
cN
sD: 
dP
sP
end of file treatment


tOF : 11:56:51:197
wavfile=SR2_20151127_230851_895.wav
c:
g=10
sfte=192000
cF
cN
sD: 
dP
sP
end of file treatment


tOF : 11:56:51:502
wavfile=SR2_20151127_230904_243.wav
c:
g=10
sfte=192000
cF
cN
sD: 
dP
sP
end of file treatment


tOF : 11:56:51:745
wavfile=SR2_20151127_230914_161.wav
c:
g=10
sfte=192000
cF
cN
sD: 
dP
sP
end of file treatment


tOF : 11:56:51:959
wavfile=SR2_20151127_230927_765.wav
c:
g=10
sfte=192000
cF
cN
sD: 
dP
sP
end of file treatment


tOF : 11:56:52:121
wavfile=SR2_20151127_230955_065.wav
c:
g=10
sfte=192000
cF
cN
sD: 
dP
sP
end of file treatment


tOF : 11:56:52:238
wavfile=SR2_20151127_231017_957.wav
c:
g=10
sfte=192000
cF
cN
sD: 
dP
sP
end of file treatment


tOF : 11:56:52:432
wavfile=SR2_20151127_231027_331.wav
c:
g=10
sfte=192000
cF
cN
sD: 
dP
sP
end of file treatment


tOF : 11:56:52:625
wavfile=SR2_20151127_231040_344.wav
c:
g=10
sfte=192000
cF
cN
sD: 
dP
sP
end of file treatment


tOF : 11:56:52:827
wavfile=SR2_20151127_231052_349.wav
c:
g=10
sfte=192000
cF
cN
sD: 
dP
sP
end of file treatment


tOF : 11:56:52:963
wavfile=SR2_20151127_231103_717.wav
c:
g=10
sfte=192000
cF
cN
sD: 
dP
sP
end of file treatment


tOF : 11:56:53:132
wavfile=SR2_20151127_231117_459.wav
c:
g=10
sfte=192000
cF
cN
sD: 
dP
sP
end of file treatment


tOF : 11:56:53:270
wavfile=SR2_20151127_231144_825.wav
c:
g=10
sfte=192000
cF
cN
sD: 
dP
sP
end of file treatment


tOF : 11:56:53:458
wavfile=SR2_20151127_231203_787.wav
c:
g=10
sfte=192000
cF
cN
sD: 
dP
sP
end of file treatment


tOF : 11:56:53:550
wavfile=SR2_20151127_231214_201.wav
c:
g=10
sfte=192000
cF
cN
sD: 
dP
sP
end of file treatment


tOF : 11:56:53:651
wavfile=SR2_20151127_231244_736.wav
c:
g=10
sfte=192000
cF
cN
sD: 
dP
sP
end of file treatment


tOF : 11:56:53:957
wavfile=SR2_20151127_231254_551.wav
c:
g=10
sfte=192000
cF
cN
sD: 
dP
sP
end of file treatment


tOF : 11:56:54:099
wavfile=SR2_20151127_231306_253.wav
c:
g=10
sfte=192000
cF
cN
sD: 
dP
sP
end of file treatment


tOF : 11:56:54:385
wavfile=SR2_20151127_231319_195.wav
c:
g=10
sfte=192000
cF
cN
sD: 
dP
sP
end of file treatment


tOF : 11:56:54:658
wavfile=SR2_20151127_231337_353.wav
c:
g=10
sfte=192000
cF
cN
sD: 
dP
sP
end of file treatment


tOF : 11:56:54:974
wavfile=SR2_20151127_231405_228.wav
c:
g=10
sfte=192000
cF
cN
sD: 
dP
sP
end of file treatment


tOF : 11:56:55:080
wavfile=SR2_20151127_231413_757.wav
c:
g=10
sfte=192000
cF
cN
sD: 
dP
sP
end of file treatment


tOF : 11:56:55:239
wavfile=SR2_20151127_231439_921.wav
c:
g=10
sfte=192000
cF
cN
sD: 
dP
sP
end of file treatment


tOF : 11:56:55:417
wavfile=SR2_20151127_231545_451.wav
c:
g=10
sfte=192000
cF
cN
sD: 
dP
sP
end of file treatment


tOF : 11:56:55:573
wavfile=SR2_20151127_231556_928.wav
c:
g=10
sfte=192000
cF
cN
sD: 
dP
sP
end of file treatment


tOF : 11:56:55:726
wavfile=SR2_20151127_231653_581.wav
c:
g=10
sfte=192000
cF
cN
sD: 
dP
sP
end of file treatment


tOF : 11:56:55:820
wavfile=SR2_20151127_231711_247.wav
c:
g=10
sfte=192000
cF
cN
sD: 
dP
sP
end of file treatment


tOF : 11:56:56:032
wavfile=SR2_20151127_231718_317.wav
c:
g=10
sfte=192000
cF
cN
sD: 
dP
sP
end of file treatment


tOF : 11:56:56:161
wavfile=SR2_20151127_231727_976.wav
c:
g=10
sfte=192000
cF
cN
sD: 
dP
sP
end of file treatment


tOF : 11:56:56:320
wavfile=SR2_20151127_231749_701.wav
c:
g=10
sfte=192000
cF
cN
sD: 
dP
sP
end of file treatment


tOF : 11:56:56:453
wavfile=SR2_20151127_231917_104.wav
c:
g=10
sfte=192000
cF
cN
sD: 
dP
sP
end of file treatment


tOF : 11:56:56:788
wavfile=SR2_20151127_231941_245.wav
c:
g=10
sfte=192000
cF
cN
sD: 
dP
sP
end of file treatment


tOF : 11:56:56:923
wavfile=SR2_20151127_231954_744.wav
c:
g=10
sfte=192000
cF
cN
sD: 
dP
sP
end of file treatment


tOF : 11:56:57:240
wavfile=SR2_20151127_232007_021.wav
c:
g=10
sfte=192000
cF
cN
sD: 
dP
sP
end of file treatment


tOF : 11:56:57:457
wavfile=SR2_20151127_232026_391.wav
c:
g=10
sfte=192000
cF
cN
sD: 
dP
sP
end of file treatment


tOF : 11:56:57:542
wavfile=SR2_20151127_232055_696.wav
c:
g=10
sfte=192000
cF
cN
sD: 
dP
sP
end of file treatment


tOF : 11:56:57:631
wavfile=SR2_20151127_232220_901.wav
c:
g=10
sfte=192000
cF
cN
sD: 
dP
sP
end of file treatment


tOF : 11:56:57:806
wavfile=SR2_20151127_232307_881.wav
c:
g=10
sfte=192000
cF
cN
sD: 
dP
sP
end of file treatment


tOF : 11:56:57:905
wavfile=SR2_20151127_232339_873.wav
c:
g=10
sfte=192000
cF
cN
sD: 
dP
sP
end of file treatment


tOF : 11:56:58:027
wavfile=SR2_20151127_232418_823.wav
c:
g=10
sfte=192000
cF
cN
sD: 
dP
sP
end of file treatment


tOF : 11:56:58:189
wavfile=SR2_20151127_232445_516.wav
c:
g=10
sfte=192000
cF
cN
sD: 
dP
sP
end of file treatment


tOF : 11:56:58:479
wavfile=SR2_20151127_232515_432.wav
c:
g=10
sfte=192000
cF
cN
sD: 
dP
sP
end of file treatment


tOF : 11:56:58:667
wavfile=SR2_20151127_232526_837.wav
c:
g=10
sfte=192000
cF
cN
sD: 
dP
sP
end of file treatment


tOF : 11:56:58:908
wavfile=SR2_20151127_232541_655.wav
c:
g=10
sfte=192000
cF
cN
sD: 
dP
sP
end of file treatment


tOF : 11:56:59:271
wavfile=SR2_20151127_232559_409.wav
c:
g=10
sfte=192000
cF
cN
sD: 
dP
sP
end of file treatment


tOF : 11:56:59:411
wavfile=SR2_20151127_232658_173.wav
c:
g=10
sfte=192000
cF
cN
sD: 
dP
sP
end of file treatment


tOF : 11:56:59:571
wavfile=SR2_20151127_232732_040.wav
c:
g=10
sfte=192000
cF
cN
sD: 
dP
sP
end of file treatment


tOF : 11:56:59:793
wavfile=SR2_20151127_232754_087.wav
c:
g=10
sfte=192000
cF
cN
sD: 
dP
sP
end of file treatment


tOF : 11:56:59:896
wavfile=SR2_20151127_232924_667.wav
c:
g=10
sfte=192000
cF
cN
sD: 
dP
sP
end of file treatment


tOF : 11:57:00:097
wavfile=SR2_20151127_233029_824.wav
c:
g=10
sfte=192000
cF
cN
sD: 
dP
sP
end of file treatment


tOF : 11:57:00:347
wavfile=SR2_20151127_233107_188.wav
c:
g=10
sfte=192000
cF
cN
sD: 
dP
sP
end of file treatment


tOF : 11:57:00:524
wavfile=SR2_20151127_234806_000.wav
c:
g=10
sfte=192000
cF
cN
sD: 
dP
sP
end of file treatment


tOF : 11:57:00:631
wavfile=SR2_20151128_014804_000.wav
c:
g=10
sfte=192000
cF
cN
sD: 
dP
sP
end of file treatment


tOF : 11:57:00:790
wavfile=SR2_20151128_034804_000.wav
c:
g=10
sfte=192000
cF
cN
sD: 
dP
sP
end of file treatment


tOF : 11:57:01:012
wavfile=SR2_20151128_054804_000.wav
c:
g=10
sfte=192000
cF
cN
sD: 
dP
sP
end of file treatment


tOF : 11:57:01:185
wavfile=SR2_20151128_074804_000.wav
c:
g=10
sfte=192000
cF
cN
sD: 
dP
sP
end of file treatment


tOF : 11:57:01:299
wavfile=SR2_20151128_161704_000.wav
c:
g=10
sfte=192000
cF
cN
sD: 
dP
sP
end of file treatment


tOF : 11:57:01:436
wavfile=SR2_20151128_165202_688.wav
c:
g=10
sfte=192000
cF
cN
sD: 
dP
sP
end of file treatment


tOF : 11:57:01:517
wavfile=SR2_20151128_165659_437.wav
c:
g=10
sfte=192000
cF
cN
sD: 
dP
sP
end of file treatment


tOF : 11:57:01:586
wavfile=SR2_20151128_170111_063.wav
c:
g=10
sfte=192000
cF
cN
sD: 
dP
sP
end of file treatment


tOF : 11:57:01:798
wavfile=SR2_20151128_174436_132.wav
c:
g=10
sfte=192000
cF
cN
sD: 
dP
sP
end of file treatment


tOF : 11:57:01:919
wavfile=SR2_20151128_181221_359.wav
c:
g=10
sfte=192000
cF
cN
sD: 
dP
sP
end of file treatment


tOF : 11:57:02:051
wavfile=SR2_20151128_182417_324.wav
c:
g=10
sfte=192000
cF
cN
sD: 
dP
sP
end of file treatment


tOF : 11:57:02:142
wavfile=SR2_20151128_183456_279.wav
c:
g=10
sfte=192000
cF
cN
sD: 
dP
sP
end of file treatment


tOF : 11:57:02:284
wavfile=SR2_20151128_184704_000.wav
c:
g=10
sfte=192000
cF
cN
sD: 
dP
sP
end of file treatment


tOF : 11:57:02:443
wavfile=SR2_20151128_190105_033.wav
c:
g=10
sfte=192000
cF
cN
sD: 
dP
sP
end of file treatment


tOF : 11:57:02:575
wavfile=SR2_20151128_191626_744.wav
c:
g=10
sfte=192000
cF
cN
sD: 
dP
sP
end of file treatment


tOF : 11:57:02:714
wavfile=SR2_20151128_192237_269.wav
c:
g=10
sfte=192000
cF
cN
sD: 
dP
sP
end of file treatment


tOF : 11:57:02:908
wavfile=SR2_20151128_192402_208.wav
c:
g=10
sfte=192000
cF
cN
sD: 
dP
sP
end of file treatment


tOF : 11:57:03:004
wavfile=SR2_20151128_192435_440.wav
c:
g=10
sfte=192000
cF
cN
sD: 
dP
sP
end of file treatment


tOF : 11:57:03:205
wavfile=SR2_20151128_192508_493.wav
c:
g=10
sfte=192000
cF
cN
sD: 
dP
sP
end of file treatment


tOF : 11:57:03:437
wavfile=SR2_20151128_192547_567.wav
c:
g=10
sfte=192000
cF
cN
sD: 
dP
sP
end of file treatment


tOF : 11:57:03:681
wavfile=SR2_20151128_192622_532.wav
c:
g=10
sfte=192000
cF
cN
sD: 
dP
sP
end of file treatment


tOF : 11:57:03:796
wavfile=SR2_20151128_194705_000.wav
c:
g=10
sfte=192000
cF
cN
sD: 
dP
sP
end of file treatment


tOF : 11:57:03:990
wavfile=SR2_20151128_214704_000.wav
c:
g=10
sfte=192000
cF
cN
sD: 
dP
sP
end of file treatment


tOF : 11:57:04:276
wavfile=SR2_20151128_231704_000.wav
c:
g=10
sfte=192000
cF
cN
sD: 
dP
sP
end of file treatment


tOF : 11:57:04:435
wavfile=SR2_20151129_004704_000.wav
c:
g=10
sfte=192000
cF
cN
sD: 
dP
sP
end of file treatment


tOF : 11:57:04:627
wavfile=SR2_20151129_024704_000.wav
c:
g=10
sfte=192000
cF
cN
sD: 
dP
sP
end of file treatment


tOF : 11:57:04:867
wavfile=SR2_20151129_041704_000.wav
c:
g=10
sfte=192000
cF
cN
sD: 
dP
sP
end of file treatment


tOF : 11:57:05:147
wavfile=SR2_20151129_061704_000.wav
c:
g=10
sfte=192000
cF
cN
sD: 
dP
sP
end of file treatment


tOF : 11:57:05:316
wavfile=SR2_20151129_151700_000.wav
c:
g=10
sfte=192000
cF
cN
sD: 
dP
sP
end of file treatment


tOF : 11:57:05:498
wavfile=SR2_20151129_154702_000.wav
c:
g=10
sfte=192000
cF
cN
sD: 
dP
sP
end of file treatment


tOF : 11:57:05:660
wavfile=SR2_20151129_155649_129.wav
c:
g=10
sfte=192000
cF
cN
sD: 
dP
sP
end of file treatment


tOF : 11:57:05:791
wavfile=SR2_20151129_155710_203.wav
c:
g=10
sfte=192000
cF
cN
sD: 
dP
sP
end of file treatment


tOF : 11:57:06:004
wavfile=SR2_20151129_155722_643.wav
c:
g=10
sfte=192000
cF
cN
sD: 
dP
sP
end of file treatment


tOF : 11:57:06:553
wavfile=SR2_20151129_155745_420.wav
c:
g=10
sfte=192000
cF
cN
sD: 
dP
sP
end of file treatment


tOF : 11:57:06:687
wavfile=SR2_20151129_155757_323.wav
c:
g=10
sfte=192000
cF
cN
sD: 
dP
sP
end of file treatment


tOF : 11:57:06:939
wavfile=SR2_20151129_155810_356.wav
c:
g=10
sfte=192000
cF
cN
sD: 
dP
sP
end of file treatment


tOF : 11:57:07:066
wavfile=SR2_20151129_155819_592.wav
c:
g=10
sfte=192000
cF
cN
sD: 
dP
sP
end of file treatment


tOF : 11:57:07:184
wavfile=SR2_20151129_155832_955.wav
c:
g=10
sfte=192000
cF
cN
sD: 
dP
sP
end of file treatment


tOF : 11:57:07:298
wavfile=SR2_20151129_155839_473.wav
c:
g=10
sfte=192000
cF
cN
sD: 
dP
sP
end of file treatment


tOF : 11:57:07:480
wavfile=SR2_20151129_155846_169.wav
c:
g=10
sfte=192000
cF
cN
sD: 
dP
sP
end of file treatment


tOF : 11:57:07:789
wavfile=SR2_20151129_155900_751.wav
c:
g=10
sfte=192000
cF
cN
sD: 
dP
sP
end of file treatment


tOF : 11:57:08:125
wavfile=SR2_20151129_155919_263.wav
c:
g=10
sfte=192000
cF
cN
sD: 
dP
sP
end of file treatment


tOF : 11:57:08:279
wavfile=SR2_20151129_155933_079.wav
c:
g=10
sfte=192000
cF
cN
sD: 
dP
sP
end of file treatment


tOF : 11:57:08:824
wavfile=SR2_20151129_155945_632.wav
c:
g=10
sfte=192000
cF
cN
sD: 
dP
sP
end of file treatment


tOF : 11:57:09:248
wavfile=SR2_20151129_155958_464.wav
c:
g=10
sfte=192000
cF
cN
sD: 
dP
sP
end of file treatment


tOF : 11:57:09:839
wavfile=SR2_20151129_160012_044.wav
c:
g=10
sfte=192000
cF
cN
sD: 
dP
sP
end of file treatment


tOF : 11:57:10:333
wavfile=SR2_20151129_160027_523.wav
c:
g=10
sfte=192000
cF
cN
sD: 
dP
sP
end of file treatment


tOF : 11:57:10:530
wavfile=SR2_20151129_160038_253.wav
c:
g=10
sfte=192000
cF
cN
sD: 
dP
sP
end of file treatment


tOF : 11:57:11:177
wavfile=SR2_20151129_160051_343.wav
c:
g=10
sfte=192000
cF
cN
sD: 
dP
sP
end of file treatment


tOF : 11:57:11:337
wavfile=SR2_20151129_160104_328.wav
c:
g=10
sfte=192000
cF
cN
sD: 
dP
sP
end of file treatment


tOF : 11:57:11:489
wavfile=SR2_20151129_160113_249.wav
c:
g=10
sfte=192000
cF
cN
sD: 
dP
sP
end of file treatment


tOF : 11:57:12:218
wavfile=SR2_20151129_160129_917.wav
c:
g=10
sfte=192000
cF
cN
sD: 
dP
sP
end of file treatment


tOF : 11:57:12:375
wavfile=SR2_20151129_160143_467.wav
c:
g=10
sfte=192000
cF
cN
sD: 
dP
sP
end of file treatment


tOF : 11:57:12:530
wavfile=SR2_20151129_160159_364.wav
c:
g=10
sfte=192000
cF
cN
sD: 
dP
sP
end of file treatment


tOF : 11:57:12:701
wavfile=SR2_20151129_160212_605.wav
c:
g=10
sfte=192000
cF
cN
sD: 
dP
sP
end of file treatment


tOF : 11:57:12:919
wavfile=SR2_20151129_160219_131.wav
c:
g=10
sfte=192000
cF
cN
sD: 
dP
sP
end of file treatment


tOF : 11:57:13:134
wavfile=SR2_20151129_160230_292.wav
c:
g=10
sfte=192000
cF
cN
sD: 
dP
sP
end of file treatment


tOF : 11:57:13:298
wavfile=SR2_20151129_160238_247.wav
c:
g=10
sfte=192000
cF
cN
sD: 
dP
sP
end of file treatment


tOF : 11:57:13:453
wavfile=SR2_20151129_160253_561.wav
c:
g=10
sfte=192000
cF
cN
sD: 
dP
sP
end of file treatment


tOF : 11:57:13:610
wavfile=SR2_20151129_160306_527.wav
c:
g=10
sfte=192000
cF
cN
sD: 
dP
sP
end of file treatment


tOF : 11:57:13:945
wavfile=SR2_20151129_160318_129.wav
c:
g=10
sfte=192000
cF
cN
sD: 
dP
sP
end of file treatment


tOF : 11:57:14:073
wavfile=SR2_20151129_160327_975.wav
c:
g=10
sfte=192000
cF
cN
sD: 
dP
sP
end of file treatment


tOF : 11:57:14:272
wavfile=SR2_20151129_160343_528.wav
c:
g=10
sfte=192000
cF
cN
sD: 
dP
sP
end of file treatment


tOF : 11:57:14:605
wavfile=SR2_20151129_160355_695.wav
c:
g=10
sfte=192000
cF
cN
sD: 
dP
sP
end of file treatment


tOF : 11:57:14:876
wavfile=SR2_20151129_160405_253.wav
c:
g=10
sfte=192000
cF
cN
sD: 
dP
sP
end of file treatment


tOF : 11:57:15:196
wavfile=SR2_20151129_160415_555.wav
c:
g=10
sfte=192000
cF
cN
sD: 
dP
sP
end of file treatment


tOF : 11:57:15:764
wavfile=SR2_20151129_160429_117.wav
c:
g=10
sfte=192000
cF
cN
sD: 
dP
sP
end of file treatment


tOF : 11:57:15:932
wavfile=SR2_20151129_160444_140.wav
c:
g=10
sfte=192000
cF
cN
sD: 
dP
sP
end of file treatment


tOF : 11:57:16:253
wavfile=SR2_20151129_160502_976.wav
c:
g=10
sfte=192000
cF
cN
sD: 
dP
sP
end of file treatment


tOF : 11:57:16:558
wavfile=SR2_20151129_160515_668.wav
c:
g=10
sfte=192000
cF
cN
sD: 
dP
sP
end of file treatment


tOF : 11:57:16:702
wavfile=SR2_20151129_160525_073.wav
c:
g=10
sfte=192000
cF
cN
sD: 
dP
sP
end of file treatment


tOF : 11:57:16:784
wavfile=SR2_20151129_160533_919.wav
c:
g=10
sfte=192000
cF
cN
sD: 
dP
sP
end of file treatment


tOF : 11:57:16:986
wavfile=SR2_20151129_160554_148.wav
c:
g=10
sfte=192000
cF
cN
sD: 
dP
sP
end of file treatment


tOF : 11:57:17:140
wavfile=SR2_20151129_160717_701.wav
c:
g=10
sfte=192000
cF
cN
sD: 
dP
sP
end of file treatment


tOF : 11:57:17:229
wavfile=SR2_20151129_161005_081.wav
c:
g=10
sfte=192000
cF
cN
sD: 
dP
sP
end of file treatment


tOF : 11:57:17:330
wavfile=SR2_20151129_161316_221.wav
c:
g=10
sfte=192000
cF
cN
sD: 
dP
sP
end of file treatment


tOF : 11:57:17:516
wavfile=SR2_20151129_162742_740.wav
c:
g=10
sfte=192000
cF
cN
sD: 
dP
sP
end of file treatment


tOF : 11:57:17:620
wavfile=SR2_20151129_170540_344.wav
c:
g=10
sfte=192000
cF
cN
sD: 
dP
sP
end of file treatment


tOF : 11:57:17:702
wavfile=SR2_20151129_175408_320.wav
c:
g=10
sfte=192000
cF
cN
sD: 
dP
sP
end of file treatment


tOF : 11:57:17:797
wavfile=SR2_20151129_184704_000.wav
c:
g=10
sfte=192000
cF
cN
sD: 
dP
sP
end of file treatment


tOF : 11:57:17:923
wavfile=SR2_20151129_191704_000.wav
c:
g=10
sfte=192000
cF
cN
sD: 
dP
sP
end of file treatment


tOF : 11:57:18:009
wavfile=SR2_20151129_192648_144.wav
c:
g=10
sfte=192000
cF
cN
sD: 
dP
sP
end of file treatment


tOF : 11:57:18:090
wavfile=SR2_20151129_200036_588.wav
c:
g=10
sfte=192000
cF
cN
sD: 
dP
sP
end of file treatment


tOF : 11:57:18:182
wavfile=SR2_20151129_201704_000.wav
c:
g=10
sfte=192000
cF
cN
sD: 
dP
sP
end of file treatment


tOF : 11:57:18:266
wavfile=SR2_20151129_204834_113.wav
c:
g=10
sfte=192000
cF
cN
sD: 
dP
sP
end of file treatment


tOF : 11:57:18:357
wavfile=SR2_20151129_211704_000.wav
c:
g=10
sfte=192000
cF
cN
sD: 
dP
sP
end of file treatment


tOF : 11:57:18:439
wavfile=SR2_20151129_213818_672.wav
c:
g=10
sfte=192000
cF
cN
sD: 
dP
sP
end of file treatment


tOF : 11:57:18:720
wavfile=SR2_20151129_221704_000.wav
c:
g=10
sfte=192000
cF
cN
sD: 
dP
sP
end of file treatment


tOF : 11:57:18:786
wavfile=SR2_20151129_234704_000.wav
c:
g=10
sfte=192000
cF
cN
sD: 
dP
sP
end of file treatment


tOF : 11:57:18:863
wavfile=SR2_20151130_011435_809.wav
c:
g=10
sfte=192000
cF
cN
sD: 
dP
sP
end of file treatment


tOF : 11:57:18:931
wavfile=SR2_20151130_015236_372.wav
c:
g=10
sfte=192000
cF
cN
sD: 
dP
sP
end of file treatment
endDetec  IThread = 3
