dtt modefreq=1


tOF : 11:55:20:545
wavfile=SR2_20151112_163704_000.wav
c:
g=10
sfte=192000
cF
cN
sD: 
dP
sP
end of file treatment


tOF : 11:55:20:639
wavfile=SR2_20151112_180157_412.wav
c:
g=10
sfte=192000
cF
cN
sD: 
dP
sP
end of file treatment


tOF : 11:55:20:717
wavfile=SR2_20151112_180231_369.wav
c:
g=10
sfte=192000
cF
cN
sD: 
dP
sP
end of file treatment


tOF : 11:55:20:844
wavfile=SR2_20151112_180308_199.wav
c:
g=10
sfte=192000
cF
cN
sD: 
dP
sP
end of file treatment


tOF : 11:55:20:922
wavfile=SR2_20151112_180338_500.wav
c:
g=10
sfte=192000
cF
cN
sD: 
dP
sP
end of file treatment


tOF : 11:55:21:047
wavfile=SR2_20151112_180406_328.wav
c:
g=10
sfte=192000
cF
cN
sD: 
dP
sP
end of file treatment


tOF : 11:55:21:125
wavfile=SR2_20151112_180436_993.wav
c:
g=10
sfte=192000
cF
cN
sD: 
dP
sP
end of file treatment


tOF : 11:55:21:312
wavfile=SR2_20151112_180523_933.wav
c:
g=10
sfte=192000
cF
cN
sD: 
dP
sP
end of file treatment


tOF : 11:55:21:422
wavfile=SR2_20151112_180635_981.wav
c:
g=10
sfte=192000
cF
cN
sD: 
dP
sP
end of file treatment


tOF : 11:55:21:547
wavfile=SR2_20151112_180709_268.wav
c:
g=10
sfte=192000
cF
cN
sD: 
dP
sP
end of file treatment


tOF : 11:55:21:609
wavfile=SR2_20151112_180739_260.wav
c:
g=10
sfte=192000
cF
cN
sD: 
dP
sP
end of file treatment


tOF : 11:55:21:672
wavfile=SR2_20151112_180822_716.wav
c:
g=10
sfte=192000
cF
cN
sD: 
dP
sP
end of file treatment


tOF : 11:55:21:780
wavfile=SR2_20151112_180904_697.wav
c:
g=10
sfte=192000
cF
cN
sD: 
dP
sP
end of file treatment


tOF : 11:55:21:936
wavfile=SR2_20151112_181052_728.wav
c:
g=10
sfte=192000
cF
cN
sD: 
dP
sP
end of file treatment


tOF : 11:55:22:061
wavfile=SR2_20151112_185951_260.wav
c:
g=10
sfte=192000
cF
cN
sD: 
dP
sP
end of file treatment


tOF : 11:55:22:155
wavfile=SR2_20151112_203704_000.wav
c:
g=10
sfte=192000
cF
cN
sD: 
dP
sP
end of file treatment


tOF : 11:55:22:249
wavfile=SR2_20151112_213704_000.wav
c:
g=10
sfte=192000
cF
cN
sD: 
dP
sP
end of file treatment


tOF : 11:55:22:358
wavfile=SR2_20151112_223704_000.wav
c:
g=10
sfte=192000
cF
cN
sD: 
dP
sP
end of file treatment


tOF : 11:55:22:467
wavfile=SR2_20151113_003704_000.wav
c:
g=10
sfte=192000
cF
cN
sD: 
dP
sP
end of file treatment


tOF : 11:55:22:582
wavfile=SR2_20151113_011134_397.wav
c:
g=10
sfte=192000
cF
cN
sD: 
dP
sP
end of file treatment


tOF : 11:55:22:707
wavfile=SR2_20151113_011313_260.wav
c:
g=10
sfte=192000
cF
cN
sD: 
dP
sP
end of file treatment


tOF : 11:55:22:840
wavfile=SR2_20151113_011339_639.wav
c:
g=10
sfte=192000
cF
cN
sD: 
dP
sP
end of file treatment


tOF : 11:55:22:983
wavfile=SR2_20151113_011427_421.wav
c:
g=10
sfte=192000
cF
cN
sD: 
dP
sP
end of file treatment


tOF : 11:55:23:146
wavfile=SR2_20151113_011446_865.wav
c:
g=10
sfte=192000
cF
cN
sD: 
dP
sP
end of file treatment


tOF : 11:55:23:325
wavfile=SR2_20151113_011509_665.wav
c:
g=10
sfte=192000
cF
cN
sD: 
dP
sP
end of file treatment


tOF : 11:55:23:516
wavfile=SR2_20151113_011523_393.wav
c:
g=10
sfte=192000
cF
cN
sD: 
dP
sP
end of file treatment


tOF : 11:55:23:604
wavfile=SR2_20151113_011554_136.wav
c:
g=10
sfte=192000
cF
cN
sD: 
dP
sP
end of file treatment


tOF : 11:55:23:734
wavfile=SR2_20151113_011633_888.wav
c:
g=10
sfte=192000
cF
cN
sD: 
dP
sP
end of file treatment


tOF : 11:55:23:845
wavfile=SR2_20151113_011704_035.wav
c:
g=10
sfte=192000
cF
cN
sD: 
dP
sP
end of file treatment


tOF : 11:55:23:967
wavfile=SR2_20151113_011715_667.wav
c:
g=10
sfte=192000
cF
cN
sD: 
dP
sP
end of file treatment


tOF : 11:55:24:113
wavfile=SR2_20151113_011740_652.wav
c:
g=10
sfte=192000
cF
cN
sD: 
dP
sP
end of file treatment


tOF : 11:55:24:299
wavfile=SR2_20151113_011753_152.wav
c:
g=10
sfte=192000
cF
cN
sD: 
dP
sP
end of file treatment


tOF : 11:55:24:513
wavfile=SR2_20151113_011815_853.wav
c:
g=10
sfte=192000
cF
cN
sD: 
dP
sP
end of file treatment


tOF : 11:55:24:623
wavfile=SR2_20151113_011838_744.wav
c:
g=10
sfte=192000
cF
cN
sD: 
dP
sP
end of file treatment


tOF : 11:55:24:696
wavfile=SR2_20151113_011910_480.wav
c:
g=10
sfte=192000
cF
cN
sD: 
dP
sP
end of file treatment


tOF : 11:55:24:815
wavfile=SR2_20151113_012611_035.wav
c:
g=10
sfte=192000
cF
cN
sD: 
dP
sP
end of file treatment


tOF : 11:55:24:894
wavfile=SR2_20151113_012737_368.wav
c:
g=10
sfte=192000
cF
cN
sD: 
dP
sP
end of file treatment


tOF : 11:55:24:977
wavfile=SR2_20151113_013246_239.wav
c:
g=10
sfte=192000
cF
cN
sD: 
dP
sP
end of file treatment


tOF : 11:55:25:067
wavfile=SR2_20151113_013355_185.wav
c:
g=10
sfte=192000
cF
cN
sD: 
dP
sP
end of file treatment


tOF : 11:55:25:245
wavfile=SR2_20151113_013404_073.wav
c:
g=10
sfte=192000
cF
cN
sD: 
dP
sP
end of file treatment


tOF : 11:55:25:339
wavfile=SR2_20151113_013442_945.wav
c:
g=10
sfte=192000
cF
cN
sD: 
dP
sP
end of file treatment


tOF : 11:55:25:402
wavfile=SR2_20151113_013538_496.wav
c:
g=10
sfte=192000
cF
cN
sD: 
dP
sP
end of file treatment


tOF : 11:55:25:526
wavfile=SR2_20151113_013555_527.wav
c:
g=10
sfte=192000
cF
cN
sD: 
dP
sP
end of file treatment


tOF : 11:55:25:647
wavfile=SR2_20151113_013620_759.wav
c:
g=10
sfte=192000
cF
cN
sD: 
dP
sP
end of file treatment


tOF : 11:55:25:846
wavfile=SR2_20151113_013706_000.wav
c:
g=10
sfte=192000
cF
cN
sD: 
dP
sP
end of file treatment


tOF : 11:55:26:009
wavfile=SR2_20151113_013821_205.wav
c:
g=10
sfte=192000
cF
cN
sD: 
dP
sP
end of file treatment


tOF : 11:55:26:148
wavfile=SR2_20151113_013954_988.wav
c:
g=10
sfte=192000
cF
cN
sD: 
dP
sP
end of file treatment


tOF : 11:55:26:232
wavfile=SR2_20151113_020704_000.wav
c:
g=10
sfte=192000
cF
cN
sD: 
dP
sP
end of file treatment


tOF : 11:55:26:324
wavfile=SR2_20151113_030704_000.wav
c:
g=10
sfte=192000
cF
cN
sD: 
dP
sP
end of file treatment


tOF : 11:55:26:484
wavfile=SR2_20151113_043009_628.wav
c:
g=10
sfte=192000
cF
cN
sD: 
dP
sP
end of file treatment


tOF : 11:55:26:640
wavfile=SR2_20151113_060704_000.wav
c:
g=10
sfte=192000
cF
cN
sD: 
dP
sP
end of file treatment


tOF : 11:55:26:779
wavfile=SR2_20151113_062752_380.wav
c:
g=10
sfte=192000
cF
cN
sD: 
dP
sP
end of file treatment


tOF : 11:55:26:929
wavfile=SR2_20151113_062809_811.wav
c:
g=10
sfte=192000
cF
cN
sD: 
dP
sP
end of file treatment


tOF : 11:55:27:140
wavfile=SR2_20151113_070704_000.wav
c:
g=10
sfte=192000
cF
cN
sD: 
dP
sP
end of file treatment


tOF : 11:55:27:251
wavfile=SR2_20151113_163504_000.wav
c:
g=10
sfte=192000
cF
cN
sD: 
dP
sP
end of file treatment


tOF : 11:55:27:316
wavfile=SR2_20151122_154031_388.wav
c:
g=10
sfte=192000
cF
cN
sD: 
dP
sP
end of file treatment


tOF : 11:55:27:481
wavfile=SR2_20151122_164235_776.wav
c:
g=10
sfte=192000
cF
cN
sD: 
dP
sP
end of file treatment


tOF : 11:55:27:626
wavfile=SR2_20151122_164243_944.wav
c:
g=10
sfte=192000
cF
cN
sD: 
dP
sP
end of file treatment


tOF : 11:55:27:788
wavfile=SR2_20151122_175304_000.wav
c:
g=10
sfte=192000
cF
cN
sD: 
dP
sP
end of file treatment


tOF : 11:55:28:023
wavfile=SR2_20151122_194028_560.wav
c:
g=10
sfte=192000
cF
cN
sD: 
dP
sP
end of file treatment


tOF : 11:55:28:159
wavfile=SR2_20151122_203107_443.wav
c:
g=10
sfte=192000
cF
cN
sD: 
dP
sP
end of file treatment


tOF : 11:55:28:299
wavfile=SR2_20151122_204203_981.wav
c:
g=10
sfte=192000
cF
cN
sD: 
dP
sP
end of file treatment


tOF : 11:55:28:368
wavfile=SR2_20151122_205304_000.wav
c:
g=10
sfte=192000
cF
cN
sD: 
dP
sP
end of file treatment


tOF : 11:55:28:428
wavfile=SR2_20151122_210803_560.wav
c:
g=10
sfte=192000
cF
cN
sD: 
dP
sP
end of file treatment


tOF : 11:55:28:478
wavfile=SR2_20151122_212426_537.wav
c:
g=10
sfte=192000
cF
cN
sD: 
dP
sP
end of file treatment


tOF : 11:55:28:579
wavfile=SR2_20151122_215137_627.wav
c:
g=10
sfte=192000
cF
cN
sD: 
dP
sP
end of file treatment


tOF : 11:55:28:662
wavfile=SR2_20151122_223658_253.wav
c:
g=10
sfte=192000
cF
cN
sD: 
dP
sP
end of file treatment


tOF : 11:55:28:719
wavfile=SR2_20151122_225304_000.wav
c:
g=10
sfte=192000
cF
cN
sD: 
dP
sP
end of file treatment


tOF : 11:55:28:808
wavfile=SR2_20151122_231757_296.wav
c:
g=10
sfte=192000
cF
cN
sD: 
dP
sP
end of file treatment


tOF : 11:55:28:893
wavfile=SR2_20151122_235304_000.wav
c:
g=10
sfte=192000
cF
cN
sD: 
dP
sP
end of file treatment


tOF : 11:55:28:970
wavfile=SR2_20151123_015304_000.wav
c:
g=10
sfte=192000
cF
cN
sD: 
dP
sP
end of file treatment


tOF : 11:55:29:084
wavfile=SR2_20151123_024146_289.wav
c:
g=10
sfte=192000
cF
cN
sD: 
dP
sP
end of file treatment


tOF : 11:55:29:176
wavfile=SR2_20151123_024216_777.wav
c:
g=10
sfte=192000
cF
cN
sD: 
dP
sP
end of file treatment


tOF : 11:55:29:340
wavfile=SR2_20151123_024240_273.wav
c:
g=10
sfte=192000
cF
cN
sD: 
dP
sP
end of file treatment


tOF : 11:55:29:447
wavfile=SR2_20151123_024255_572.wav
c:
g=10
sfte=192000
cF
cN
sD: 
dP
sP
end of file treatment


tOF : 11:55:29:611
wavfile=SR2_20151123_024313_187.wav
c:
g=10
sfte=192000
cF
cN
sD: 
dP
sP
end of file treatment


tOF : 11:55:29:743
wavfile=SR2_20151123_024337_397.wav
c:
g=10
sfte=192000
cF
cN
sD: 
dP
sP
end of file treatment


tOF : 11:55:29:809
wavfile=SR2_20151123_025306_000.wav
c:
g=10
sfte=192000
cF
cN
sD: 
dP
sP
end of file treatment


tOF : 11:55:29:915
wavfile=SR2_20151123_042304_000.wav
c:
g=10
sfte=192000
cF
cN
sD: 
dP
sP
end of file treatment


tOF : 11:55:30:049
wavfile=SR2_20151123_062304_000.wav
c:
g=10
sfte=192000
cF
cN
sD: 
dP
sP
end of file treatment


tOF : 11:55:30:143
wavfile=SR2_20151123_152200_000.wav
c:
g=10
sfte=192000
cF
cN
sD: 
dP
sP
end of file treatment


tOF : 11:55:30:316
wavfile=SR2_20151123_165204_000.wav
c:
g=10
sfte=192000
cF
cN
sD: 
dP
sP
end of file treatment


tOF : 11:55:30:366
wavfile=SR2_20151123_181047_356.wav
c:
g=10
sfte=192000
cF
cN
sD: 
dP
sP
end of file treatment


tOF : 11:55:30:637
wavfile=SR2_20151123_192204_000.wav
c:
g=10
sfte=192000
cF
cN
sD: 
dP
sP
end of file treatment


tOF : 11:55:30:762
wavfile=SR2_20151123_202515_973.wav
c:
g=10
sfte=192000
cF
cN
sD: 
dP
sP
end of file treatment


tOF : 11:55:30:935
wavfile=SR2_20151123_213001_424.wav
c:
g=10
sfte=192000
cF
cN
sD: 
dP
sP
end of file treatment


tOF : 11:55:31:012
wavfile=SR2_20151123_213704_275.wav
c:
g=10
sfte=192000
cF
cN
sD: 
dP
sP
end of file treatment


tOF : 11:55:31:207
wavfile=SR2_20151123_214209_820.wav
c:
g=10
sfte=192000
cF
cN
sD: 
dP
sP
end of file treatment


tOF : 11:55:31:399
wavfile=SR2_20151123_214613_253.wav
c:
g=10
sfte=192000
cF
cN
sD: 
dP
sP
end of file treatment


tOF : 11:55:31:595
wavfile=SR2_20151123_214819_119.wav
c:
g=10
sfte=192000
cF
cN
sD: 
dP
sP
end of file treatment


tOF : 11:55:31:753
wavfile=SR2_20151123_214856_268.wav
c:
g=10
sfte=192000
cF
cN
sD: 
dP
sP
end of file treatment


tOF : 11:55:31:871
wavfile=SR2_20151123_215117_139.wav
c:
g=10
sfte=192000
cF
cN
sD: 
dP
sP
end of file treatment


tOF : 11:55:32:007
wavfile=SR2_20151123_215421_053.wav
c:
g=10
sfte=192000
cF
cN
sD: 
dP
sP
end of file treatment


tOF : 11:55:32:207
wavfile=SR2_20151123_215627_499.wav
c:
g=10
sfte=192000
cF
cN
sD: 
dP
sP
end of file treatment


tOF : 11:55:32:353
wavfile=SR2_20151123_215739_045.wav
c:
g=10
sfte=192000
cF
cN
sD: 
dP
sP
end of file treatment


tOF : 11:55:32:648
wavfile=SR2_20151123_220034_948.wav
c:
g=10
sfte=192000
cF
cN
sD: 
dP
sP
end of file treatment


tOF : 11:55:32:820
wavfile=SR2_20151123_220142_672.wav
c:
g=10
sfte=192000
cF
cN
sD: 
dP
sP
end of file treatment


tOF : 11:55:33:006
wavfile=SR2_20151123_220448_235.wav
c:
g=10
sfte=192000
cF
cN
sD: 
dP
sP
end of file treatment


tOF : 11:55:33:169
wavfile=SR2_20151123_220607_683.wav
c:
g=10
sfte=192000
cF
cN
sD: 
dP
sP
end of file treatment


tOF : 11:55:33:440
wavfile=SR2_20151123_220722_055.wav
c:
g=10
sfte=192000
cF
cN
sD: 
dP
sP
end of file treatment


tOF : 11:55:33:673
wavfile=SR2_20151123_220856_809.wav
c:
g=10
sfte=192000
cF
cN
sD: 
dP
sP
end of file treatment


tOF : 11:55:33:877
wavfile=SR2_20151123_221045_715.wav
c:
g=10
sfte=192000
cF
cN
sD: 
dP
sP
end of file treatment


tOF : 11:55:34:036
wavfile=SR2_20151123_221230_085.wav
c:
g=10
sfte=192000
cF
cN
sD: 
dP
sP
end of file treatment


tOF : 11:55:34:137
wavfile=SR2_20151123_221503_761.wav
c:
g=10
sfte=192000
cF
cN
sD: 
dP
sP
end of file treatment


tOF : 11:55:34:246
wavfile=SR2_20151123_221550_877.wav
c:
g=10
sfte=192000
cF
cN
sD: 
dP
sP
end of file treatment


tOF : 11:55:34:320
wavfile=SR2_20151123_221621_111.wav
c:
g=10
sfte=192000
cF
cN
sD: 
dP
sP
end of file treatment


tOF : 11:55:34:424
wavfile=SR2_20151123_221743_560.wav
c:
g=10
sfte=192000
cF
cN
sD: 
dP
sP
end of file treatment


tOF : 11:55:34:536
wavfile=SR2_20151123_221907_284.wav
c:
g=10
sfte=192000
cF
cN
sD: 
dP
sP
end of file treatment


tOF : 11:55:34:610
wavfile=SR2_20151123_222153_989.wav
c:
g=10
sfte=192000
cF
cN
sD: 
dP
sP
end of file treatment


tOF : 11:55:34:712
wavfile=SR2_20151123_222323_497.wav
c:
g=10
sfte=192000
cF
cN
sD: 
dP
sP
end of file treatment


tOF : 11:55:34:892
wavfile=SR2_20151123_222507_027.wav
c:
g=10
sfte=192000
cF
cN
sD: 
dP
sP
end of file treatment


tOF : 11:55:35:030
wavfile=SR2_20151123_222558_235.wav
c:
g=10
sfte=192000
cF
cN
sD: 
dP
sP
end of file treatment


tOF : 11:55:35:222
wavfile=SR2_20151123_222659_925.wav
c:
g=10
sfte=192000
cF
cN
sD: 
dP
sP
end of file treatment


tOF : 11:55:35:364
wavfile=SR2_20151123_222746_600.wav
c:
g=10
sfte=192000
cF
cN
sD: 
dP
sP
end of file treatment


tOF : 11:55:35:479
wavfile=SR2_20151123_222805_120.wav
c:
g=10
sfte=192000
cF
cN
sD: 
dP
sP
end of file treatment


tOF : 11:55:35:719
wavfile=SR2_20151123_223012_051.wav
c:
g=10
sfte=192000
cF
cN
sD: 
dP
sP
end of file treatment


tOF : 11:55:35:883
wavfile=SR2_20151123_223126_900.wav
c:
g=10
sfte=192000
cF
cN
sD: 
dP
sP
end of file treatment


tOF : 11:55:36:019
wavfile=SR2_20151123_223301_409.wav
c:
g=10
sfte=192000
cF
cN
sD: 
dP
sP
end of file treatment


tOF : 11:55:36:190
wavfile=SR2_20151123_223426_008.wav
c:
g=10
sfte=192000
cF
cN
sD: 
dP
sP
end of file treatment


tOF : 11:55:36:337
wavfile=SR2_20151123_223525_036.wav
c:
g=10
sfte=192000
cF
cN
sD: 
dP
sP
end of file treatment


tOF : 11:55:36:433
wavfile=SR2_20151123_223646_908.wav
c:
g=10
sfte=192000
cF
cN
sD: 
dP
sP
end of file treatment


tOF : 11:55:36:509
wavfile=SR2_20151123_223936_808.wav
c:
g=10
sfte=192000
cF
cN
sD: 
dP
sP
end of file treatment


tOF : 11:55:36:636
wavfile=SR2_20151123_224035_249.wav
c:
g=10
sfte=192000
cF
cN
sD: 
dP
sP
end of file treatment


tOF : 11:55:36:712
wavfile=SR2_20151123_224210_391.wav
c:
g=10
sfte=192000
cF
cN
sD: 
dP
sP
end of file treatment


tOF : 11:55:36:786
wavfile=SR2_20151123_224308_657.wav
c:
g=10
sfte=192000
cF
cN
sD: 
dP
sP
end of file treatment


tOF : 11:55:36:888
wavfile=SR2_20151123_224431_161.wav
c:
g=10
sfte=192000
cF
cN
sD: 
dP
sP
end of file treatment


tOF : 11:55:37:029
wavfile=SR2_20151123_224525_040.wav
c:
g=10
sfte=192000
cF
cN
sD: 
dP
sP
end of file treatment


tOF : 11:55:37:149
wavfile=SR2_20151123_224723_377.wav
c:
g=10
sfte=192000
cF
cN
sD: 
dP
sP
end of file treatment


tOF : 11:55:37:310
wavfile=SR2_20151123_224750_548.wav
c:
g=10
sfte=192000
cF
cN
sD: 
dP
sP
end of file treatment


tOF : 11:55:37:486
wavfile=SR2_20151123_224914_999.wav
c:
g=10
sfte=192000
cF
cN
sD: 
dP
sP
end of file treatment


tOF : 11:55:37:563
wavfile=SR2_20151123_225055_635.wav
c:
g=10
sfte=192000
cF
cN
sD: 
dP
sP
end of file treatment


tOF : 11:55:37:668
wavfile=SR2_20151123_225246_431.wav
c:
g=10
sfte=192000
cF
cN
sD: 
dP
sP
end of file treatment


tOF : 11:55:37:879
wavfile=SR2_20151123_225722_845.wav
c:
g=10
sfte=192000
cF
cN
sD: 
dP
sP
end of file treatment


tOF : 11:55:38:065
wavfile=SR2_20151123_225900_751.wav
c:
g=10
sfte=192000
cF
cN
sD: 
dP
sP
end of file treatment


tOF : 11:55:38:173
wavfile=SR2_20151123_230223_115.wav
c:
g=10
sfte=192000
cF
cN
sD: 
dP
sP
end of file treatment


tOF : 11:55:38:317
wavfile=SR2_20151123_230254_384.wav
c:
g=10
sfte=192000
cF
cN
sD: 
dP
sP
end of file treatment


tOF : 11:55:38:470
wavfile=SR2_20151123_230444_008.wav
c:
g=10
sfte=192000
cF
cN
sD: 
dP
sP
end of file treatment


tOF : 11:55:38:732
wavfile=SR2_20151123_230806_436.wav
c:
g=10
sfte=192000
cF
cN
sD: 
dP
sP
end of file treatment


tOF : 11:55:38:907
wavfile=SR2_20151123_230938_023.wav
c:
g=10
sfte=192000
cF
cN
sD: 
dP
sP
end of file treatment


tOF : 11:55:39:102
wavfile=SR2_20151123_231104_987.wav
c:
g=10
sfte=192000
cF
cN
sD: 
dP
sP
end of file treatment


tOF : 11:55:39:247
wavfile=SR2_20151123_231228_535.wav
c:
g=10
sfte=192000
cF
cN
sD: 
dP
sP
end of file treatment


tOF : 11:55:39:361
wavfile=SR2_20151123_231342_056.wav
c:
g=10
sfte=192000
cF
cN
sD: 
dP
sP
end of file treatment


tOF : 11:55:39:568
wavfile=SR2_20151123_231507_915.wav
c:
g=10
sfte=192000
cF
cN
sD: 
dP
sP
end of file treatment


tOF : 11:55:39:690
wavfile=SR2_20151123_231831_885.wav
c:
g=10
sfte=192000
cF
cN
sD: 
dP
sP
end of file treatment


tOF : 11:55:39:916
wavfile=SR2_20151123_232239_609.wav
c:
g=10
sfte=192000
cF
cN
sD: 
dP
sP
end of file treatment


tOF : 11:55:40:177
wavfile=SR2_20151123_232312_344.wav
c:
g=10
sfte=192000
cF
cN
sD: 
dP
sP
end of file treatment


tOF : 11:55:40:391
wavfile=SR2_20151123_232457_155.wav
c:
g=10
sfte=192000
cF
cN
sD: 
dP
sP
end of file treatment


tOF : 11:55:40:505
wavfile=SR2_20151123_232555_768.wav
c:
g=10
sfte=192000
cF
cN
sD: 
dP
sP
end of file treatment


tOF : 11:55:40:660
wavfile=SR2_20151123_232833_276.wav
c:
g=10
sfte=192000
cF
cN
sD: 
dP
sP
end of file treatment


tOF : 11:55:40:812
wavfile=SR2_20151123_233200_889.wav
c:
g=10
sfte=192000
cF
cN
sD: 
dP
sP
end of file treatment


tOF : 11:55:40:943
wavfile=SR2_20151123_233244_057.wav
c:
g=10
sfte=192000
cF
cN
sD: 
dP
sP
end of file treatment


tOF : 11:55:41:083
wavfile=SR2_20151123_233451_765.wav
c:
g=10
sfte=192000
cF
cN
sD: 
dP
sP
end of file treatment


tOF : 11:55:41:274
wavfile=SR2_20151123_233639_841.wav
c:
g=10
sfte=192000
cF
cN
sD: 
dP
sP
end of file treatment


tOF : 11:55:41:439
wavfile=SR2_20151123_233819_291.wav
c:
g=10
sfte=192000
cF
cN
sD: 
dP
sP
end of file treatment


tOF : 11:55:41:520
wavfile=SR2_20151123_233918_349.wav
c:
g=10
sfte=192000
cF
cN
sD: 
dP
sP
end of file treatment


tOF : 11:55:41:602
wavfile=SR2_20151123_234213_813.wav
c:
g=10
sfte=192000
cF
cN
sD: 
dP
sP
end of file treatment


tOF : 11:55:41:699
wavfile=SR2_20151123_234409_201.wav
c:
g=10
sfte=192000
cF
cN
sD: 
dP
sP
end of file treatment


tOF : 11:55:41:779
wavfile=SR2_20151123_234706_416.wav
c:
g=10
sfte=192000
cF
cN
sD: 
dP
sP
end of file treatment


tOF : 11:55:41:869
wavfile=SR2_20151123_234949_059.wav
c:
g=10
sfte=192000
cF
cN
sD: 
dP
sP
end of file treatment


tOF : 11:55:41:992
wavfile=SR2_20151123_235216_208.wav
c:
g=10
sfte=192000
cF
cN
sD: 
dP
sP
end of file treatment


tOF : 11:55:42:106
wavfile=SR2_20151123_235759_799.wav
c:
g=10
sfte=192000
cF
cN
sD: 
dP
sP
end of file treatment


tOF : 11:55:42:235
wavfile=SR2_20151124_000051_268.wav
c:
g=10
sfte=192000
cF
cN
sD: 
dP
sP
end of file treatment


tOF : 11:55:42:401
wavfile=SR2_20151124_000249_383.wav
c:
g=10
sfte=192000
cF
cN
sD: 
dP
sP
end of file treatment


tOF : 11:55:42:518
wavfile=SR2_20151124_000953_076.wav
c:
g=10
sfte=192000
cF
cN
sD: 
dP
sP
end of file treatment


tOF : 11:55:42:613
wavfile=SR2_20151124_001033_575.wav
c:
g=10
sfte=192000
cF
cN
sD: 
dP
sP
end of file treatment


tOF : 11:55:42:746
wavfile=SR2_20151124_001200_591.wav
c:
g=10
sfte=192000
cF
cN
sD: 
dP
sP
end of file treatment


tOF : 11:55:42:843
wavfile=SR2_20151124_001526_333.wav
c:
g=10
sfte=192000
cF
cN
sD: 
dP
sP
end of file treatment


tOF : 11:55:42:932
wavfile=SR2_20151124_001647_403.wav
c:
g=10
sfte=192000
cF
cN
sD: 
dP
sP
end of file treatment


tOF : 11:55:42:998
wavfile=SR2_20151124_001813_192.wav
c:
g=10
sfte=192000
cF
cN
sD: 
dP
sP
end of file treatment


tOF : 11:55:43:111
wavfile=SR2_20151124_002121_577.wav
c:
g=10
sfte=192000
cF
cN
sD: 
dP
sP
end of file treatment


tOF : 11:55:43:224
wavfile=SR2_20151124_002146_799.wav
c:
g=10
sfte=192000
cF
cN
sD: 
dP
sP
end of file treatment


tOF : 11:55:43:300
wavfile=SR2_20151124_002236_068.wav
c:
g=10
sfte=192000
cF
cN
sD: 
dP
sP
end of file treatment


tOF : 11:55:43:387
wavfile=SR2_20151124_002447_152.wav
c:
g=10
sfte=192000
cF
cN
sD: 
dP
sP
end of file treatment


tOF : 11:55:43:462
wavfile=SR2_20151124_002551_577.wav
c:
g=10
sfte=192000
cF
cN
sD: 
dP
sP
end of file treatment


tOF : 11:55:43:520
wavfile=SR2_20151124_002814_480.wav
c:
g=10
sfte=192000
cF
cN
sD: 
dP
sP
end of file treatment


tOF : 11:55:43:759
wavfile=SR2_20151124_003507_284.wav
c:
g=10
sfte=192000
cF
cN
sD: 
dP
sP
end of file treatment


tOF : 11:55:43:859
wavfile=SR2_20151124_003749_000.wav
c:
g=10
sfte=192000
cF
cN
sD: 
dP
sP
end of file treatment


tOF : 11:55:44:003
wavfile=SR2_20151124_004340_116.wav
c:
g=10
sfte=192000
cF
cN
sD: 
dP
sP
end of file treatment


tOF : 11:55:44:069
wavfile=SR2_20151124_005253_376.wav
c:
g=10
sfte=192000
cF
cN
sD: 
dP
sP
end of file treatment


tOF : 11:55:44:131
wavfile=SR2_20151124_011415_536.wav
c:
g=10
sfte=192000
cF
cN
sD: 
dP
sP
end of file treatment


tOF : 11:55:44:235
wavfile=SR2_20151124_011721_473.wav
c:
g=10
sfte=192000
cF
cN
sD: 
dP
sP
end of file treatment


tOF : 11:55:44:337
wavfile=SR2_20151124_013816_440.wav
c:
g=10
sfte=192000
cF
cN
sD: 
dP
sP
end of file treatment


tOF : 11:55:44:417
wavfile=SR2_20151124_014603_797.wav
c:
g=10
sfte=192000
cF
cN
sD: 
dP
sP
end of file treatment


tOF : 11:55:44:470
wavfile=SR2_20151124_015754_007.wav
c:
g=10
sfte=192000
cF
cN
sD: 
dP
sP
end of file treatment


tOF : 11:55:44:584
wavfile=SR2_20151124_021145_557.wav
c:
g=10
sfte=192000
cF
cN
sD: 
dP
sP
end of file treatment


tOF : 11:55:44:648
wavfile=SR2_20151124_022204_000.wav
c:
g=10
sfte=192000
cF
cN
sD: 
dP
sP
end of file treatment


tOF : 11:55:44:701
wavfile=SR2_20151124_023359_163.wav
c:
g=10
sfte=192000
cF
cN
sD: 
dP
sP
end of file treatment


tOF : 11:55:44:806
wavfile=SR2_20151124_023958_145.wav
c:
g=10
sfte=192000
cF
cN
sD: 
dP
sP
end of file treatment


tOF : 11:55:44:885
wavfile=SR2_20151124_024143_325.wav
c:
g=10
sfte=192000
cF
cN
sD: 
dP
sP
end of file treatment


tOF : 11:55:45:000
wavfile=SR2_20151124_025425_856.wav
c:
g=10
sfte=192000
cF
cN
sD: 
dP
sP
end of file treatment


tOF : 11:55:45:071
wavfile=SR2_20151124_030430_372.wav
c:
g=10
sfte=192000
cF
cN
sD: 
dP
sP
end of file treatment


tOF : 11:55:45:130
wavfile=SR2_20151124_032204_000.wav
c:
g=10
sfte=192000
cF
cN
sD: 
dP
sP
end of file treatment


tOF : 11:55:45:203
wavfile=SR2_20151124_035553_141.wav
c:
g=10
sfte=192000
cF
cN
sD: 
dP
sP
end of file treatment


tOF : 11:55:45:253
wavfile=SR2_20151124_042637_464.wav
c:
g=10
sfte=192000
cF
cN
sD: 
dP
sP
end of file treatment


tOF : 11:55:45:330
wavfile=SR2_20151124_043444_852.wav
c:
g=10
sfte=192000
cF
cN
sD: 
dP
sP
end of file treatment


tOF : 11:55:45:399
wavfile=SR2_20151124_045204_000.wav
c:
g=10
sfte=192000
cF
cN
sD: 
dP
sP
end of file treatment


tOF : 11:55:45:499
wavfile=SR2_20151124_055204_000.wav
c:
g=10
sfte=192000
cF
cN
sD: 
dP
sP
end of file treatment


tOF : 11:55:45:562
wavfile=SR2_20151124_072204_000.wav
c:
g=10
sfte=192000
cF
cN
sD: 
dP
sP
end of file treatment


tOF : 11:55:45:678
wavfile=SR2_20151124_155102_000.wav
c:
g=10
sfte=192000
cF
cN
sD: 
dP
sP
end of file treatment


tOF : 11:55:45:730
wavfile=SR2_20151124_160956_017.wav
c:
g=10
sfte=192000
cF
cN
sD: 
dP
sP
end of file treatment


tOF : 11:55:45:780
wavfile=SR2_20151124_164230_261.wav
c:
g=10
sfte=192000
cF
cN
sD: 
dP
sP
end of file treatment


tOF : 11:55:45:863
wavfile=SR2_20151124_175104_000.wav
c:
g=10
sfte=192000
cF
cN
sD: 
dP
sP
end of file treatment


tOF : 11:55:45:939
wavfile=SR2_20151124_195104_000.wav
c:
g=10
sfte=192000
cF
cN
sD: 
dP
sP
end of file treatment


tOF : 11:55:46:011
wavfile=SR2_20151124_215104_000.wav
c:
g=10
sfte=192000
cF
cN
sD: 
dP
sP
end of file treatment


tOF : 11:55:46:100
wavfile=SR2_20151124_235104_000.wav
c:
g=10
sfte=192000
cF
cN
sD: 
dP
sP
end of file treatment


tOF : 11:55:46:150
wavfile=SR2_20151125_015104_000.wav
c:
g=10
sfte=192000
cF
cN
sD: 
dP
sP
end of file treatment


tOF : 11:55:46:218
wavfile=SR2_20151125_035104_000.wav
c:
g=10
sfte=192000
cF
cN
sD: 
dP
sP
end of file treatment


tOF : 11:55:46:293
wavfile=SR2_20151125_052104_000.wav
c:
g=10
sfte=192000
cF
cN
sD: 
dP
sP
end of file treatment


tOF : 11:55:46:368
wavfile=SR2_20151125_071712_183.wav
c:
g=10
sfte=192000
cF
cN
sD: 
dP
sP
end of file treatment


tOF : 11:55:46:483
wavfile=SR2_20151125_152004_433.wav
c:
g=10
sfte=192000
cF
cN
sD: 
dP
sP
end of file treatment


tOF : 11:55:46:536
wavfile=SR2_20151125_152031_979.wav
c:
g=10
sfte=192000
cF
cN
sD: 
dP
sP
end of file treatment


tOF : 11:55:46:601
wavfile=SR2_20151125_153002_043.wav
c:
g=10
sfte=192000
cF
cN
sD: 
dP
sP
end of file treatment


tOF : 11:55:46:670
wavfile=SR2_20151125_153240_037.wav
c:
g=10
sfte=192000
cF
cN
sD: 
dP
sP
end of file treatment


tOF : 11:55:46:735
wavfile=SR2_20151125_155002_000.wav
c:
g=10
sfte=192000
cF
cN
sD: 
dP
sP
end of file treatment


tOF : 11:55:46:848
wavfile=SR2_20151125_165543_756.wav
c:
g=10
sfte=192000
cF
cN
sD: 
dP
sP
end of file treatment


tOF : 11:55:46:958
wavfile=SR2_20151125_175004_000.wav
c:
g=10
sfte=192000
cF
cN
sD: 
dP
sP
end of file treatment


tOF : 11:55:47:026
wavfile=SR2_20151125_182905_461.wav
c:
g=10
sfte=192000
cF
cN
sD: 
dP
sP
end of file treatment


tOF : 11:55:47:151
wavfile=SR2_20151125_182912_928.wav
c:
g=10
sfte=192000
cF
cN
sD: 
dP
sP
end of file treatment


tOF : 11:55:47:278
wavfile=SR2_20151125_182927_016.wav
c:
g=10
sfte=192000
cF
cN
sD: 
dP
sP
end of file treatment


tOF : 11:55:47:395
wavfile=SR2_20151125_182943_971.wav
c:
g=10
sfte=192000
cF
cN
sD: 
dP
sP
end of file treatment


tOF : 11:55:47:502
wavfile=SR2_20151125_183001_111.wav
c:
g=10
sfte=192000
cF
cN
sD: 
dP
sP
end of file treatment


tOF : 11:55:47:619
wavfile=SR2_20151125_183024_203.wav
c:
g=10
sfte=192000
cF
cN
sD: 
dP
sP
end of file treatment


tOF : 11:55:47:746
wavfile=SR2_20151125_183117_404.wav
c:
g=10
sfte=192000
cF
cN
sD: 
dP
sP
end of file treatment


tOF : 11:55:47:872
wavfile=SR2_20151125_192004_000.wav
c:
g=10
sfte=192000
cF
cN
sD: 
dP
sP
end of file treatment


tOF : 11:55:48:077
wavfile=SR2_20151125_204620_921.wav
c:
g=10
sfte=192000
cF
cN
sD: 
dP
sP
end of file treatment


tOF : 11:55:48:164
wavfile=SR2_20151125_212107_601.wav
c:
g=10
sfte=192000
cF
cN
sD: 
dP
sP
end of file treatment


tOF : 11:55:48:251
wavfile=SR2_20151125_212818_875.wav
c:
g=10
sfte=192000
cF
cN
sD: 
dP
sP
end of file treatment


tOF : 11:55:48:429
wavfile=SR2_20151125_212832_637.wav
c:
g=10
sfte=192000
cF
cN
sD: 
dP
sP
end of file treatment


tOF : 11:55:48:519
wavfile=SR2_20151125_212855_347.wav
c:
g=10
sfte=192000
cF
cN
sD: 
dP
sP
end of file treatment


tOF : 11:55:48:706
wavfile=SR2_20151125_212918_541.wav
c:
g=10
sfte=192000
cF
cN
sD: 
dP
sP
end of file treatment


tOF : 11:55:48:905
wavfile=SR2_20151125_212932_285.wav
c:
g=10
sfte=192000
cF
cN
sD: 
dP
sP
end of file treatment


tOF : 11:55:49:094
wavfile=SR2_20151125_212948_939.wav
c:
g=10
sfte=192000
cF
cN
sD: 
dP
sP
end of file treatment


tOF : 11:55:49:310
wavfile=SR2_20151125_213006_801.wav
c:
g=10
sfte=192000
cF
cN
sD: 
dP
sP
end of file treatment


tOF : 11:55:49:420
wavfile=SR2_20151125_213022_177.wav
c:
g=10
sfte=192000
cF
cN
sD: 
dP
sP
end of file treatment


tOF : 11:55:49:531
wavfile=SR2_20151125_213041_543.wav
c:
g=10
sfte=192000
cF
cN
sD: 
dP
sP
end of file treatment


tOF : 11:55:49:766
wavfile=SR2_20151125_213059_947.wav
c:
g=10
sfte=192000
cF
cN
sD: 
dP
sP
end of file treatment


tOF : 11:55:49:908
wavfile=SR2_20151125_213109_207.wav
c:
g=10
sfte=192000
cF
cN
sD: 
dP
sP
end of file treatment


tOF : 11:55:50:030
wavfile=SR2_20151125_213120_224.wav
c:
g=10
sfte=192000
cF
cN
sD: 
dP
sP
end of file treatment


tOF : 11:55:50:243
wavfile=SR2_20151125_213132_553.wav
c:
g=10
sfte=192000
cF
cN
sD: 
dP
sP
end of file treatment


tOF : 11:55:50:480
wavfile=SR2_20151125_213149_460.wav
c:
g=10
sfte=192000
cF
cN
sD: 
dP
sP
end of file treatment


tOF : 11:55:50:595
wavfile=SR2_20151125_213238_047.wav
c:
g=10
sfte=192000
cF
cN
sD: 
dP
sP
end of file treatment


tOF : 11:55:50:708
wavfile=SR2_20151125_213252_729.wav
c:
g=10
sfte=192000
cF
cN
sD: 
dP
sP
end of file treatment


tOF : 11:55:50:819
wavfile=SR2_20151125_213302_381.wav
c:
g=10
sfte=192000
cF
cN
sD: 
dP
sP
end of file treatment


tOF : 11:55:50:959
wavfile=SR2_20151125_213348_245.wav
c:
g=10
sfte=192000
cF
cN
sD: 
dP
sP
end of file treatment


tOF : 11:55:51:323
wavfile=SR2_20151125_213407_689.wav
c:
g=10
sfte=192000
cF
cN
sD: 
dP
sP
end of file treatment


tOF : 11:55:51:592
wavfile=SR2_20151125_213427_689.wav
c:
g=10
sfte=192000
cF
cN
sD: 
dP
sP
end of file treatment


tOF : 11:55:51:847
wavfile=SR2_20151125_213436_995.wav
c:
g=10
sfte=192000
cF
cN
sD: 
dP
sP
end of file treatment


tOF : 11:55:51:962
wavfile=SR2_20151125_213444_275.wav
c:
g=10
sfte=192000
cF
cN
sD: 
dP
sP
end of file treatment


tOF : 11:55:52:182
wavfile=SR2_20151125_213458_839.wav
c:
g=10
sfte=192000
cF
cN
sD: 
dP
sP
end of file treatment


tOF : 11:55:52:366
wavfile=SR2_20151125_213517_676.wav
c:
g=10
sfte=192000
cF
cN
sD: 
dP
sP
end of file treatment


tOF : 11:55:52:499
wavfile=SR2_20151125_213527_732.wav
c:
g=10
sfte=192000
cF
cN
sD: 
dP
sP
end of file treatment


tOF : 11:55:52:646
wavfile=SR2_20151125_213537_101.wav
c:
g=10
sfte=192000
cF
cN
sD: 
dP
sP
end of file treatment


tOF : 11:55:52:832
wavfile=SR2_20151125_213548_436.wav
c:
g=10
sfte=192000
cF
cN
sD: 
dP
sP
end of file treatment


tOF : 11:55:53:062
wavfile=SR2_20151125_213601_248.wav
c:
g=10
sfte=192000
cF
cN
sD: 
dP
sP
end of file treatment


tOF : 11:55:53:190
wavfile=SR2_20151125_213610_484.wav
c:
g=10
sfte=192000
cF
cN
sD: 
dP
sP
end of file treatment


tOF : 11:55:53:260
wavfile=SR2_20151125_213625_741.wav
c:
g=10
sfte=192000
cF
cN
sD: 
dP
sP
end of file treatment


tOF : 11:55:53:367
wavfile=SR2_20151125_213658_477.wav
c:
g=10
sfte=192000
cF
cN
sD: 
dP
sP
end of file treatment


tOF : 11:55:53:514
wavfile=SR2_20151125_213714_560.wav
c:
g=10
sfte=192000
cF
cN
sD: 
dP
sP
end of file treatment


tOF : 11:55:53:623
wavfile=SR2_20151125_213802_855.wav
c:
g=10
sfte=192000
cF
cN
sD: 
dP
sP
end of file treatment


tOF : 11:55:53:858
wavfile=SR2_20151125_213839_516.wav
c:
g=10
sfte=192000
cF
cN
sD: 
dP
sP
end of file treatment


tOF : 11:55:54:005
wavfile=SR2_20151125_213917_072.wav
c:
g=10
sfte=192000
cF
cN
sD: 
dP
sP
end of file treatment


tOF : 11:55:54:085
wavfile=SR2_20151125_213932_425.wav
c:
g=10
sfte=192000
cF
cN
sD: 
dP
sP
end of file treatment


tOF : 11:55:54:250
wavfile=SR2_20151125_214040_769.wav
c:
g=10
sfte=192000
cF
cN
sD: 
dP
sP
end of file treatment


tOF : 11:55:54:359
wavfile=SR2_20151125_214108_177.wav
c:
g=10
sfte=192000
cF
cN
sD: 
dP
sP
end of file treatment


tOF : 11:55:54:487
wavfile=SR2_20151125_214211_221.wav
c:
g=10
sfte=192000
cF
cN
sD: 
dP
sP
end of file treatment


tOF : 11:55:54:589
wavfile=SR2_20151125_214309_493.wav
c:
g=10
sfte=192000
cF
cN
sD: 
dP
sP
end of file treatment


tOF : 11:55:54:712
wavfile=SR2_20151125_214350_227.wav
c:
g=10
sfte=192000
cF
cN
sD: 
dP
sP
end of file treatment


tOF : 11:55:54:898
wavfile=SR2_20151125_214424_352.wav
c:
g=10
sfte=192000
cF
cN
sD: 
dP
sP
end of file treatment


tOF : 11:55:55:004
wavfile=SR2_20151125_214838_824.wav
c:
g=10
sfte=192000
cF
cN
sD: 
dP
sP
end of file treatment


tOF : 11:55:55:089
wavfile=SR2_20151125_215007_000.wav
c:
g=10
sfte=192000
cF
cN
sD: 
dP
sP
end of file treatment


tOF : 11:55:55:191
wavfile=SR2_20151125_215131_940.wav
c:
g=10
sfte=192000
cF
cN
sD: 
dP
sP
end of file treatment


tOF : 11:55:55:274
wavfile=SR2_20151125_215159_989.wav
c:
g=10
sfte=192000
cF
cN
sD: 
dP
sP
end of file treatment


tOF : 11:55:55:357
wavfile=SR2_20151125_215234_105.wav
c:
g=10
sfte=192000
cF
cN
sD: 
dP
sP
end of file treatment


tOF : 11:55:55:474
wavfile=SR2_20151125_215347_511.wav
c:
g=10
sfte=192000
cF
cN
sD: 
dP
sP
end of file treatment


tOF : 11:55:55:559
wavfile=SR2_20151125_215419_053.wav
c:
g=10
sfte=192000
cF
cN
sD: 
dP
sP
end of file treatment


tOF : 11:55:55:669
wavfile=SR2_20151125_215445_189.wav
c:
g=10
sfte=192000
cF
cN
sD: 
dP
sP
end of file treatment


tOF : 11:55:55:791
wavfile=SR2_20151125_215651_572.wav
c:
g=10
sfte=192000
cF
cN
sD: 
dP
sP
end of file treatment


tOF : 11:55:55:914
wavfile=SR2_20151125_215734_729.wav
c:
g=10
sfte=192000
cF
cN
sD: 
dP
sP
end of file treatment


tOF : 11:55:56:045
wavfile=SR2_20151125_215813_761.wav
c:
g=10
sfte=192000
cF
cN
sD: 
dP
sP
end of file treatment


tOF : 11:55:56:253
wavfile=SR2_20151125_220020_120.wav
c:
g=10
sfte=192000
cF
cN
sD: 
dP
sP
end of file treatment


tOF : 11:55:56:417
wavfile=SR2_20151125_225004_000.wav
c:
g=10
sfte=192000
cF
cN
sD: 
dP
sP
end of file treatment


tOF : 11:55:56:536
wavfile=SR2_20151125_231527_719.wav
c:
g=10
sfte=192000
cF
cN
sD: 
dP
sP
end of file treatment


tOF : 11:55:56:625
wavfile=SR2_20151125_231902_376.wav
c:
g=10
sfte=192000
cF
cN
sD: 
dP
sP
end of file treatment


tOF : 11:55:56:749
wavfile=SR2_20151125_235004_000.wav
c:
g=10
sfte=192000
cF
cN
sD: 
dP
sP
end of file treatment


tOF : 11:55:56:883
wavfile=SR2_20151126_012004_000.wav
c:
g=10
sfte=192000
cF
cN
sD: 
dP
sP
end of file treatment


tOF : 11:55:57:065
wavfile=SR2_20151126_014522_176.wav
c:
g=10
sfte=192000
cF
cN
sD: 
dP
sP
end of file treatment


tOF : 11:55:57:243
wavfile=SR2_20151126_014622_771.wav
c:
g=10
sfte=192000
cF
cN
sD: 
dP
sP
end of file treatment


tOF : 11:55:57:351
wavfile=SR2_20151126_015103_221.wav
c:
g=10
sfte=192000
cF
cN
sD: 
dP
sP
end of file treatment


tOF : 11:55:57:428
wavfile=SR2_20151126_015154_223.wav
c:
g=10
sfte=192000
cF
cN
sD: 
dP
sP
end of file treatment


tOF : 11:55:57:686
wavfile=SR2_20151126_015317_833.wav
c:
g=10
sfte=192000
cF
cN
sD: 
dP
sP
end of file treatment


tOF : 11:55:57:818
wavfile=SR2_20151126_015410_197.wav
c:
g=10
sfte=192000
cF
cN
sD: 
dP
sP
end of file treatment


tOF : 11:55:57:988
wavfile=SR2_20151126_015450_316.wav
c:
g=10
sfte=192000
cF
cN
sD: 
dP
sP
end of file treatment


tOF : 11:55:58:184
wavfile=SR2_20151126_015951_037.wav
c:
g=10
sfte=192000
cF
cN
sD: 
dP
sP
end of file treatment


tOF : 11:55:58:305
wavfile=SR2_20151126_020832_616.wav
c:
g=10
sfte=192000
cF
cN
sD: 
dP
sP
end of file treatment


tOF : 11:55:58:582
wavfile=SR2_20151126_022452_345.wav
c:
g=10
sfte=192000
cF
cN
sD: 
dP
sP
end of file treatment


tOF : 11:55:58:670
wavfile=SR2_20151126_022844_668.wav
c:
g=10
sfte=192000
cF
cN
sD: 
dP
sP
end of file treatment


tOF : 11:55:58:803
wavfile=SR2_20151126_022947_540.wav
c:
g=10
sfte=192000
cF
cN
sD: 
dP
sP
end of file treatment


tOF : 11:55:58:978
wavfile=SR2_20151126_025004_000.wav
c:
g=10
sfte=192000
cF
cN
sD: 
dP
sP
end of file treatment


tOF : 11:55:59:094
wavfile=SR2_20151126_035425_740.wav
c:
g=10
sfte=192000
cF
cN
sD: 
dP
sP
end of file treatment


tOF : 11:55:59:192
wavfile=SR2_20151126_035537_956.wav
c:
g=10
sfte=192000
cF
cN
sD: 
dP
sP
end of file treatment


tOF : 11:55:59:353
wavfile=SR2_20151126_035609_471.wav
c:
g=10
sfte=192000
cF
cN
sD: 
dP
sP
end of file treatment


tOF : 11:55:59:568
wavfile=SR2_20151126_035708_803.wav
c:
g=10
sfte=192000
cF
cN
sD: 
dP
sP
end of file treatment


tOF : 11:55:59:743
wavfile=SR2_20151126_035742_083.wav
c:
g=10
sfte=192000
cF
cN
sD: 
dP
sP
end of file treatment


tOF : 11:55:59:899
wavfile=SR2_20151126_035819_364.wav
c:
g=10
sfte=192000
cF
cN
sD: 
dP
sP
end of file treatment


tOF : 11:56:00:058
wavfile=SR2_20151126_035921_220.wav
c:
g=10
sfte=192000
cF
cN
sD: 
dP
sP
end of file treatment


tOF : 11:56:00:287
wavfile=SR2_20151126_040844_943.wav
c:
g=10
sfte=192000
cF
cN
sD: 
dP
sP
end of file treatment


tOF : 11:56:00:381
wavfile=SR2_20151126_041530_013.wav
c:
g=10
sfte=192000
cF
cN
sD: 
dP
sP
end of file treatment


tOF : 11:56:00:469
wavfile=SR2_20151126_041830_172.wav
c:
g=10
sfte=192000
cF
cN
sD: 
dP
sP
end of file treatment


tOF : 11:56:00:586
wavfile=SR2_20151126_041949_483.wav
c:
g=10
sfte=192000
cF
cN
sD: 
dP
sP
end of file treatment


tOF : 11:56:00:730
wavfile=SR2_20151126_042021_873.wav
c:
g=10
sfte=192000
cF
cN
sD: 
dP
sP
end of file treatment


tOF : 11:56:00:840
wavfile=SR2_20151126_042035_944.wav
c:
g=10
sfte=192000
cF
cN
sD: 
dP
sP
end of file treatment


tOF : 11:56:00:993
wavfile=SR2_20151126_042101_813.wav
c:
g=10
sfte=192000
cF
cN
sD: 
dP
sP
end of file treatment


tOF : 11:56:01:170
wavfile=SR2_20151126_042213_820.wav
c:
g=10
sfte=192000
cF
cN
sD: 
dP
sP
end of file treatment


tOF : 11:56:01:356
wavfile=SR2_20151126_045006_000.wav
c:
g=10
sfte=192000
cF
cN
sD: 
dP
sP
end of file treatment


tOF : 11:56:01:432
wavfile=SR2_20151126_050439_357.wav
c:
g=10
sfte=192000
cF
cN
sD: 
dP
sP
end of file treatment


tOF : 11:56:01:587
wavfile=SR2_20151126_051525_436.wav
c:
g=10
sfte=192000
cF
cN
sD: 
dP
sP
end of file treatment


tOF : 11:56:01:871
wavfile=SR2_20151126_054740_064.wav
c:
g=10
sfte=192000
cF
cN
sD: 
dP
sP
end of file treatment


tOF : 11:56:02:097
wavfile=SR2_20151126_054910_123.wav
c:
g=10
sfte=192000
cF
cN
sD: 
dP
sP
end of file treatment


tOF : 11:56:02:236
wavfile=SR2_20151126_055013_240.wav
c:
g=10
sfte=192000
cF
cN
sD: 
dP
sP
end of file treatment


tOF : 11:56:02:411
wavfile=SR2_20151126_060031_584.wav
c:
g=10
sfte=192000
cF
cN
sD: 
dP
sP
end of file treatment


tOF : 11:56:02:552
wavfile=SR2_20151126_060235_971.wav
c:
g=10
sfte=192000
cF
cN
sD: 
dP
sP
end of file treatment


tOF : 11:56:02:746
wavfile=SR2_20151126_060313_075.wav
c:
g=10
sfte=192000
cF
cN
sD: 
dP
sP
end of file treatment


tOF : 11:56:02:886
wavfile=SR2_20151126_060532_036.wav
c:
g=10
sfte=192000
cF
cN
sD: 
dP
sP
end of file treatment


tOF : 11:56:02:993
wavfile=SR2_20151126_061035_056.wav
c:
g=10
sfte=192000
cF
cN
sD: 
dP
sP
end of file treatment


tOF : 11:56:03:109
wavfile=SR2_20151126_064239_169.wav
c:
g=10
sfte=192000
cF
cN
sD: 
dP
sP
end of file treatment


tOF : 11:56:03:274
wavfile=SR2_20151126_065004_000.wav
c:
g=10
sfte=192000
cF
cN
sD: 
dP
sP
end of file treatment


tOF : 11:56:03:498
wavfile=SR2_20151126_072004_000.wav
c:
g=10
sfte=192000
cF
cN
sD: 
dP
sP
end of file treatment


tOF : 11:56:03:616
wavfile=SR2_20151126_154902_000.wav
c:
g=10
sfte=192000
cF
cN
sD: 
dP
sP
end of file treatment


tOF : 11:56:03:713
wavfile=SR2_20151126_174904_000.wav
c:
g=10
sfte=192000
cF
cN
sD: 
dP
sP
end of file treatment


tOF : 11:56:03:906
wavfile=SR2_20151126_194904_000.wav
c:
g=10
sfte=192000
cF
cN
sD: 
dP
sP
end of file treatment


tOF : 11:56:04:082
wavfile=SR2_20151126_212443_505.wav
c:
g=10
sfte=192000
cF
cN
sD: 
dP
sP
end of file treatment


tOF : 11:56:04:297
wavfile=SR2_20151126_215612_327.wav
c:
g=10
sfte=192000
cF
cN
sD: 
dP
sP
end of file treatment


tOF : 11:56:04:402
wavfile=SR2_20151126_234904_000.wav
c:
g=10
sfte=192000
cF
cN
sD: 
dP
sP
end of file treatment


tOF : 11:56:04:510
wavfile=SR2_20151127_011904_000.wav
c:
g=10
sfte=192000
cF
cN
sD: 
dP
sP
end of file treatment


tOF : 11:56:04:580
wavfile=SR2_20151127_024904_000.wav
c:
g=10
sfte=192000
cF
cN
sD: 
dP
sP
end of file treatment


tOF : 11:56:04:676
wavfile=SR2_20151127_044904_000.wav
c:
g=10
sfte=192000
cF
cN
sD: 
dP
sP
end of file treatment


tOF : 11:56:04:933
wavfile=SR2_20151127_064904_000.wav
c:
g=10
sfte=192000
cF
cN
sD: 
dP
sP
end of file treatment


tOF : 11:56:05:107
wavfile=SR2_20151127_074904_000.wav
c:
g=10
sfte=192000
cF
cN
sD: 
dP
sP
end of file treatment


tOF : 11:56:05:246
wavfile=SR2_20151127_155335_631.wav
c:
g=10
sfte=192000
cF
cN
sD: 
dP
sP
end of file treatment


tOF : 11:56:05:332
wavfile=SR2_20151127_162152_407.wav
c:
g=10
sfte=192000
cF
cN
sD: 
dP
sP
end of file treatment


tOF : 11:56:05:465
wavfile=SR2_20151127_164804_000.wav
c:
g=10
sfte=192000
cF
cN
sD: 
dP
sP
end of file treatment


tOF : 11:56:05:557
wavfile=SR2_20151127_172721_059.wav
c:
g=10
sfte=192000
cF
cN
sD: 
dP
sP
end of file treatment


tOF : 11:56:05:614
wavfile=SR2_20151127_174804_000.wav
c:
g=10
sfte=192000
cF
cN
sD: 
dP
sP
end of file treatment


tOF : 11:56:05:685
wavfile=SR2_20151127_180358_455.wav
c:
g=10
sfte=192000
cF
cN
sD: 
dP
sP
end of file treatment


tOF : 11:56:05:890
wavfile=SR2_20151127_184146_071.wav
c:
g=10
sfte=192000
cF
cN
sD: 
dP
sP
end of file treatment


tOF : 11:56:06:178
wavfile=SR2_20151127_191755_707.wav
c:
g=10
sfte=192000
cF
cN
sD: 
dP
sP
end of file treatment


tOF : 11:56:06:250
wavfile=SR2_20151127_192918_463.wav
c:
g=10
sfte=192000
cF
cN
sD: 
dP
sP
end of file treatment


tOF : 11:56:06:382
wavfile=SR2_20151127_195422_683.wav
c:
g=10
sfte=192000
cF
cN
sD: 
dP
sP
end of file treatment


tOF : 11:56:06:468
wavfile=SR2_20151127_202645_436.wav
c:
g=10
sfte=192000
cF
cN
sD: 
dP
sP
end of file treatment


tOF : 11:56:06:596
wavfile=SR2_20151127_202709_037.wav
c:
g=10
sfte=192000
cF
cN
sD: 
dP
sP
end of file treatment


tOF : 11:56:06:764
wavfile=SR2_20151127_202723_271.wav
c:
g=10
sfte=192000
cF
cN
sD: 
dP
sP
end of file treatment


tOF : 11:56:06:864
wavfile=SR2_20151127_202943_591.wav
c:
g=10
sfte=192000
cF
cN
sD: 
dP
sP
end of file treatment


tOF : 11:56:07:018
wavfile=SR2_20151127_203005_529.wav
c:
g=10
sfte=192000
cF
cN
sD: 
dP
sP
end of file treatment


tOF : 11:56:07:127
wavfile=SR2_20151127_203014_869.wav
c:
g=10
sfte=192000
cF
cN
sD: 
dP
sP
end of file treatment


tOF : 11:56:07:369
wavfile=SR2_20151127_203031_827.wav
c:
g=10
sfte=192000
cF
cN
sD: 
dP
sP
end of file treatment


tOF : 11:56:07:486
wavfile=SR2_20151127_203149_503.wav
c:
g=10
sfte=192000
cF
cN
sD: 
dP
sP
end of file treatment


tOF : 11:56:07:710
wavfile=SR2_20151127_203255_973.wav
c:
g=10
sfte=192000
cF
cN
sD: 
dP
sP
end of file treatment


tOF : 11:56:08:041
wavfile=SR2_20151127_203319_148.wav
c:
g=10
sfte=192000
cF
cN
sD: 
dP
sP
end of file treatment


tOF : 11:56:08:210
wavfile=SR2_20151127_203357_131.wav
c:
g=10
sfte=192000
cF
cN
sD: 
dP
sP
end of file treatment


tOF : 11:56:08:383
wavfile=SR2_20151127_203421_648.wav
c:
g=10
sfte=192000
cF
cN
sD: 
dP
sP
end of file treatment


tOF : 11:56:08:791
wavfile=SR2_20151127_203446_511.wav
c:
g=10
sfte=192000
cF
cN
sD: 
dP
sP
end of file treatment


tOF : 11:56:08:962
wavfile=SR2_20151127_203534_747.wav
c:
g=10
sfte=192000
cF
cN
sD: 
dP
sP
end of file treatment


tOF : 11:56:09:143
wavfile=SR2_20151127_203552_760.wav
c:
g=10
sfte=192000
cF
cN
sD: 
dP
sP
end of file treatment


tOF : 11:56:09:297
wavfile=SR2_20151127_203649_901.wav
c:
g=10
sfte=192000
cF
cN
sD: 
dP
sP
end of file treatment


tOF : 11:56:09:481
wavfile=SR2_20151127_203747_399.wav
c:
g=10
sfte=192000
cF
cN
sD: 
dP
sP
end of file treatment


tOF : 11:56:09:608
wavfile=SR2_20151127_203843_175.wav
c:
g=10
sfte=192000
cF
cN
sD: 
dP
sP
end of file treatment


tOF : 11:56:09:721
wavfile=SR2_20151127_203911_477.wav
c:
g=10
sfte=192000
cF
cN
sD: 
dP
sP
end of file treatment


tOF : 11:56:09:898
wavfile=SR2_20151127_204038_569.wav
c:
g=10
sfte=192000
cF
cN
sD: 
dP
sP
end of file treatment


tOF : 11:56:10:046
wavfile=SR2_20151127_204306_536.wav
c:
g=10
sfte=192000
cF
cN
sD: 
dP
sP
end of file treatment


tOF : 11:56:10:195
wavfile=SR2_20151127_204325_621.wav
c:
g=10
sfte=192000
cF
cN
sD: 
dP
sP
end of file treatment


tOF : 11:56:10:560
wavfile=SR2_20151127_204409_397.wav
c:
g=10
sfte=192000
cF
cN
sD: 
dP
sP
end of file treatment


tOF : 11:56:10:631
wavfile=SR2_20151127_204529_136.wav
c:
g=10
sfte=192000
cF
cN
sD: 
dP
sP
end of file treatment


tOF : 11:56:10:713
wavfile=SR2_20151127_204603_459.wav
c:
g=10
sfte=192000
cF
cN
sD: 
dP
sP
end of file treatment


tOF : 11:56:11:025
wavfile=SR2_20151127_204657_761.wav
c:
g=10
sfte=192000
cF
cN
sD: 
dP
sP
end of file treatment


tOF : 11:56:11:357
wavfile=SR2_20151127_204710_295.wav
c:
g=10
sfte=192000
cF
cN
sD: 
dP
sP
end of file treatment


tOF : 11:56:11:692
wavfile=SR2_20151127_204751_023.wav
c:
g=10
sfte=192000
cF
cN
sD: 
dP
sP
end of file treatment


tOF : 11:56:11:900
wavfile=SR2_20151127_204758_552.wav
c:
g=10
sfte=192000
cF
cN
sD: 
dP
sP
end of file treatment


tOF : 11:56:12:178
wavfile=SR2_20151127_204835_688.wav
c:
g=10
sfte=192000
cF
cN
sD: 
dP
sP
end of file treatment


tOF : 11:56:12:258
wavfile=SR2_20151127_204843_679.wav
c:
g=10
sfte=192000
cF
cN
sD: 
dP
sP
end of file treatment


tOF : 11:56:12:336
wavfile=SR2_20151127_204937_531.wav
c:
g=10
sfte=192000
cF
cN
sD: 
dP
sP
end of file treatment


tOF : 11:56:12:426
wavfile=SR2_20151127_205006_121.wav
c:
g=10
sfte=192000
cF
cN
sD: 
dP
sP
end of file treatment


tOF : 11:56:12:500
wavfile=SR2_20151127_205028_168.wav
c:
g=10
sfte=192000
cF
cN
sD: 
dP
sP
end of file treatment


tOF : 11:56:12:634
wavfile=SR2_20151127_205043_903.wav
c:
g=10
sfte=192000
cF
cN
sD: 
dP
sP
end of file treatment


tOF : 11:56:12:853
wavfile=SR2_20151127_205057_112.wav
c:
g=10
sfte=192000
cF
cN
sD: 
dP
sP
end of file treatment


tOF : 11:56:13:006
wavfile=SR2_20151127_205317_137.wav
c:
g=10
sfte=192000
cF
cN
sD: 
dP
sP
end of file treatment


tOF : 11:56:13:242
wavfile=SR2_20151127_205411_244.wav
c:
g=10
sfte=192000
cF
cN
sD: 
dP
sP
end of file treatment


tOF : 11:56:13:385
wavfile=SR2_20151127_205430_157.wav
c:
g=10
sfte=192000
cF
cN
sD: 
dP
sP
end of file treatment


tOF : 11:56:13:544
wavfile=SR2_20151127_205454_563.wav
c:
g=10
sfte=192000
cF
cN
sD: 
dP
sP
end of file treatment


tOF : 11:56:13:702
wavfile=SR2_20151127_205618_636.wav
c:
g=10
sfte=192000
cF
cN
sD: 
dP
sP
end of file treatment


tOF : 11:56:13:911
wavfile=SR2_20151127_205806_372.wav
c:
g=10
sfte=192000
cF
cN
sD: 
dP
sP
end of file treatment


tOF : 11:56:14:124
wavfile=SR2_20151127_205843_269.wav
c:
g=10
sfte=192000
cF
cN
sD: 
dP
sP
end of file treatment


tOF : 11:56:14:303
wavfile=SR2_20151127_210002_941.wav
c:
g=10
sfte=192000
cF
cN
sD: 
dP
sP
end of file treatment


tOF : 11:56:14:455
wavfile=SR2_20151127_210203_823.wav
c:
g=10
sfte=192000
cF
cN
sD: 
dP
sP
end of file treatment


tOF : 11:56:14:646
wavfile=SR2_20151127_210456_113.wav
c:
g=10
sfte=192000
cF
cN
sD: 
dP
sP
end of file treatment


tOF : 11:56:14:788
wavfile=SR2_20151127_210639_841.wav
c:
g=10
sfte=192000
cF
cN
sD: 
dP
sP
end of file treatment


tOF : 11:56:14:871
wavfile=SR2_20151127_210726_575.wav
c:
g=10
sfte=192000
cF
cN
sD: 
dP
sP
end of file treatment


tOF : 11:56:14:965
wavfile=SR2_20151127_211055_499.wav
c:
g=10
sfte=192000
cF
cN
sD: 
dP
sP
end of file treatment


tOF : 11:56:15:063
wavfile=SR2_20151127_211125_475.wav
c:
g=10
sfte=192000
cF
cN
sD: 
dP
sP
end of file treatment


tOF : 11:56:15:230
wavfile=SR2_20151127_211151_389.wav
c:
g=10
sfte=192000
cF
cN
sD: 
dP
sP
end of file treatment


tOF : 11:56:15:324
wavfile=SR2_20151127_211341_128.wav
c:
g=10
sfte=192000
cF
cN
sD: 
dP
sP
end of file treatment


tOF : 11:56:15:430
wavfile=SR2_20151127_211412_273.wav
c:
g=10
sfte=192000
cF
cN
sD: 
dP
sP
end of file treatment


tOF : 11:56:15:585
wavfile=SR2_20151127_211434_736.wav
c:
g=10
sfte=192000
cF
cN
sD: 
dP
sP
end of file treatment


tOF : 11:56:15:728
wavfile=SR2_20151127_211501_273.wav
c:
g=10
sfte=192000
cF
cN
sD: 
dP
sP
end of file treatment


tOF : 11:56:15:872
wavfile=SR2_20151127_211513_304.wav
c:
g=10
sfte=192000
cF
cN
sD: 
dP
sP
end of file treatment


tOF : 11:56:16:113
wavfile=SR2_20151127_211547_628.wav
c:
g=10
sfte=192000
cF
cN
sD: 
dP
sP
end of file treatment


tOF : 11:56:16:198
wavfile=SR2_20151127_211558_171.wav
c:
g=10
sfte=192000
cF
cN
sD: 
dP
sP
end of file treatment


tOF : 11:56:16:281
wavfile=SR2_20151127_211627_015.wav
c:
g=10
sfte=192000
cF
cN
sD: 
dP
sP
end of file treatment


tOF : 11:56:16:461
wavfile=SR2_20151127_211640_289.wav
c:
g=10
sfte=192000
cF
cN
sD: 
dP
sP
end of file treatment


tOF : 11:56:16:565
wavfile=SR2_20151127_211707_024.wav
c:
g=10
sfte=192000
cF
cN
sD: 
dP
sP
end of file treatment


tOF : 11:56:16:702
wavfile=SR2_20151127_211752_553.wav
c:
g=10
sfte=192000
cF
cN
sD: 
dP
sP
end of file treatment


tOF : 11:56:16:868
wavfile=SR2_20151127_211807_000.wav
c:
g=10
sfte=192000
cF
cN
sD: 
dP
sP
end of file treatment


tOF : 11:56:17:086
wavfile=SR2_20151127_212030_651.wav
c:
g=10
sfte=192000
cF
cN
sD: 
dP
sP
end of file treatment


tOF : 11:56:17:251
wavfile=SR2_20151127_212040_891.wav
c:
g=10
sfte=192000
cF
cN
sD: 
dP
sP
end of file treatment


tOF : 11:56:17:382
wavfile=SR2_20151127_212057_719.wav
c:
g=10
sfte=192000
cF
cN
sD: 
dP
sP
end of file treatment


tOF : 11:56:17:506
wavfile=SR2_20151127_212154_829.wav
c:
g=10
sfte=192000
cF
cN
sD: 
dP
sP
end of file treatment


tOF : 11:56:17:621
wavfile=SR2_20151127_212218_593.wav
c:
g=10
sfte=192000
cF
cN
sD: 
dP
sP
end of file treatment


tOF : 11:56:17:769
wavfile=SR2_20151127_212342_115.wav
c:
g=10
sfte=192000
cF
cN
sD: 
dP
sP
end of file treatment


tOF : 11:56:17:927
wavfile=SR2_20151127_212506_296.wav
c:
g=10
sfte=192000
cF
cN
sD: 
dP
sP
end of file treatment


tOF : 11:56:18:038
wavfile=SR2_20151127_212521_169.wav
c:
g=10
sfte=192000
cF
cN
sD: 
dP
sP
end of file treatment


tOF : 11:56:18:210
wavfile=SR2_20151127_212601_320.wav
c:
g=10
sfte=192000
cF
cN
sD: 
dP
sP
end of file treatment


tOF : 11:56:18:388
wavfile=SR2_20151127_212631_147.wav
c:
g=10
sfte=192000
cF
cN
sD: 
dP
sP
end of file treatment


tOF : 11:56:18:593
wavfile=SR2_20151127_212651_665.wav
c:
g=10
sfte=192000
cF
cN
sD: 
dP
sP
end of file treatment


tOF : 11:56:18:715
wavfile=SR2_20151127_212807_247.wav
c:
g=10
sfte=192000
cF
cN
sD: 
dP
sP
end of file treatment


tOF : 11:56:18:840
wavfile=SR2_20151127_212824_521.wav
c:
g=10
sfte=192000
cF
cN
sD: 
dP
sP
end of file treatment


tOF : 11:56:18:956
wavfile=SR2_20151127_212856_857.wav
c:
g=10
sfte=192000
cF
cN
sD: 
dP
sP
end of file treatment


tOF : 11:56:19:170
wavfile=SR2_20151127_212917_439.wav
c:
g=10
sfte=192000
cF
cN
sD: 
dP
sP
end of file treatment


tOF : 11:56:19:282
wavfile=SR2_20151127_213011_003.wav
c:
g=10
sfte=192000
cF
cN
sD: 
dP
sP
end of file treatment


tOF : 11:56:19:374
wavfile=SR2_20151127_213022_136.wav
c:
g=10
sfte=192000
cF
cN
sD: 
dP
sP
end of file treatment


tOF : 11:56:19:564
wavfile=SR2_20151127_213057_879.wav
c:
g=10
sfte=192000
cF
cN
sD: 
dP
sP
end of file treatment


tOF : 11:56:19:671
wavfile=SR2_20151127_213128_379.wav
c:
g=10
sfte=192000
cF
cN
sD: 
dP
sP
end of file treatment


tOF : 11:56:19:760
wavfile=SR2_20151127_213157_700.wav
c:
g=10
sfte=192000
cF
cN
sD: 
dP
sP
end of file treatment


tOF : 11:56:19:934
wavfile=SR2_20151127_213208_519.wav
c:
g=10
sfte=192000
cF
cN
sD: 
dP
sP
end of file treatment


tOF : 11:56:20:033
wavfile=SR2_20151127_213235_520.wav
c:
g=10
sfte=192000
cF
cN
sD: 
dP
sP
end of file treatment


tOF : 11:56:20:146
wavfile=SR2_20151127_213247_240.wav
c:
g=10
sfte=192000
cF
cN
sD: 
dP
sP
end of file treatment


tOF : 11:56:20:218
wavfile=SR2_20151127_213306_857.wav
c:
g=10
sfte=192000
cF
cN
sD: 
dP
sP
end of file treatment


tOF : 11:56:20:328
wavfile=SR2_20151127_213331_176.wav
c:
g=10
sfte=192000
cF
cN
sD: 
dP
sP
end of file treatment


tOF : 11:56:20:582
wavfile=SR2_20151127_213349_661.wav
c:
g=10
sfte=192000
cF
cN
sD: 
dP
sP
end of file treatment


tOF : 11:56:20:738
wavfile=SR2_20151127_213417_741.wav
c:
g=10
sfte=192000
cF
cN
sD: 
dP
sP
end of file treatment


tOF : 11:56:20:819
wavfile=SR2_20151127_213459_693.wav
c:
g=10
sfte=192000
cF
cN
sD: 
dP
sP
end of file treatment


tOF : 11:56:20:987
wavfile=SR2_20151127_213609_127.wav
c:
g=10
sfte=192000
cF
cN
sD: 
dP
sP
end of file treatment


tOF : 11:56:21:119
wavfile=SR2_20151127_213702_115.wav
c:
g=10
sfte=192000
cF
cN
sD: 
dP
sP
end of file treatment


tOF : 11:56:21:272
wavfile=SR2_20151127_213727_863.wav
c:
g=10
sfte=192000
cF
cN
sD: 
dP
sP
end of file treatment


tOF : 11:56:21:429
wavfile=SR2_20151127_213809_588.wav
c:
g=10
sfte=192000
cF
cN
sD: 
dP
sP
end of file treatment


tOF : 11:56:21:618
wavfile=SR2_20151127_213838_731.wav
c:
g=10
sfte=192000
cF
cN
sD: 
dP
sP
end of file treatment


tOF : 11:56:21:771
wavfile=SR2_20151127_213857_651.wav
c:
g=10
sfte=192000
cF
cN
sD: 
dP
sP
end of file treatment


tOF : 11:56:21:901
wavfile=SR2_20151127_213924_121.wav
c:
g=10
sfte=192000
cF
cN
sD: 
dP
sP
end of file treatment


tOF : 11:56:21:986
wavfile=SR2_20151127_213951_716.wav
c:
g=10
sfte=192000
cF
cN
sD: 
dP
sP
end of file treatment


tOF : 11:56:22:135
wavfile=SR2_20151127_214015_437.wav
c:
g=10
sfte=192000
cF
cN
sD: 
dP
sP
end of file treatment


tOF : 11:56:22:241
wavfile=SR2_20151127_214031_005.wav
c:
g=10
sfte=192000
cF
cN
sD: 
dP
sP
end of file treatment


tOF : 11:56:22:316
wavfile=SR2_20151127_214125_703.wav
c:
g=10
sfte=192000
cF
cN
sD: 
dP
sP
end of file treatment


tOF : 11:56:22:446
wavfile=SR2_20151127_214142_823.wav
c:
g=10
sfte=192000
cF
cN
sD: 
dP
sP
end of file treatment


tOF : 11:56:22:550
wavfile=SR2_20151127_214201_505.wav
c:
g=10
sfte=192000
cF
cN
sD: 
dP
sP
end of file treatment


tOF : 11:56:22:726
wavfile=SR2_20151127_214231_800.wav
c:
g=10
sfte=192000
cF
cN
sD: 
dP
sP
end of file treatment


tOF : 11:56:22:847
wavfile=SR2_20151127_214244_263.wav
c:
g=10
sfte=192000
cF
cN
sD: 
dP
sP
end of file treatment


tOF : 11:56:23:014
wavfile=SR2_20151127_214327_287.wav
c:
g=10
sfte=192000
cF
cN
sD: 
dP
sP
end of file treatment


tOF : 11:56:23:283
wavfile=SR2_20151127_214354_383.wav
c:
g=10
sfte=192000
cF
cN
sD: 
dP
sP
end of file treatment


tOF : 11:56:23:497
wavfile=SR2_20151127_214450_683.wav
c:
g=10
sfte=192000
cF
cN
sD: 
dP
sP
end of file treatment


tOF : 11:56:23:777
wavfile=SR2_20151127_214508_364.wav
c:
g=10
sfte=192000
cF
cN
sD: 
dP
sP
end of file treatment


tOF : 11:56:24:027
wavfile=SR2_20151127_214526_203.wav
c:
g=10
sfte=192000
cF
cN
sD: 
dP
sP
end of file treatment


tOF : 11:56:24:218
wavfile=SR2_20151127_214538_100.wav
c:
g=10
sfte=192000
cF
cN
sD: 
dP
sP
end of file treatment


tOF : 11:56:24:350
wavfile=SR2_20151127_214606_387.wav
c:
g=10
sfte=192000
cF
cN
sD: 
dP
sP
end of file treatment


tOF : 11:56:24:574
wavfile=SR2_20151127_214626_277.wav
c:
g=10
sfte=192000
cF
cN
sD: 
dP
sP
end of file treatment


tOF : 11:56:24:804
wavfile=SR2_20151127_214706_471.wav
c:
g=10
sfte=192000
cF
cN
sD: 
dP
sP
end of file treatment


tOF : 11:56:25:059
wavfile=SR2_20151127_214725_359.wav
c:
g=10
sfte=192000
cF
cN
sD: 
dP
sP
end of file treatment


tOF : 11:56:25:338
wavfile=SR2_20151127_214807_000.wav
c:
g=10
sfte=192000
cF
cN
sD: 
dP
sP
end of file treatment


tOF : 11:56:25:487
wavfile=SR2_20151127_214822_693.wav
c:
g=10
sfte=192000
cF
cN
sD: 
dP
sP
end of file treatment


tOF : 11:56:25:664
wavfile=SR2_20151127_214837_891.wav
c:
g=10
sfte=192000
cF
cN
sD: 
dP
sP
end of file treatment


tOF : 11:56:25:829
wavfile=SR2_20151127_214845_891.wav
c:
g=10
sfte=192000
cF
cN
sD: 
dP
sP
end of file treatment


tOF : 11:56:26:060
wavfile=SR2_20151127_214857_329.wav
c:
g=10
sfte=192000
cF
cN
sD: 
dP
sP
end of file treatment


tOF : 11:56:26:233
wavfile=SR2_20151127_214919_099.wav
c:
g=10
sfte=192000
cF
cN
sD: 
dP
sP
end of file treatment


tOF : 11:56:26:333
wavfile=SR2_20151127_214940_415.wav
c:
g=10
sfte=192000
cF
cN
sD: 
dP
sP
end of file treatment


tOF : 11:56:26:454
wavfile=SR2_20151127_214954_041.wav
c:
g=10
sfte=192000
cF
cN
sD: 
dP
sP
end of file treatment


tOF : 11:56:26:675
wavfile=SR2_20151127_215028_489.wav
c:
g=10
sfte=192000
cF
cN
sD: 
dP
sP
end of file treatment


tOF : 11:56:27:105
wavfile=SR2_20151127_215054_948.wav
c:
g=10
sfte=192000
cF
cN
sD: 
dP
sP
end of file treatment


tOF : 11:56:27:206
wavfile=SR2_20151127_215148_747.wav
c:
g=10
sfte=192000
cF
cN
sD: 
dP
sP
end of file treatment


tOF : 11:56:27:350
wavfile=SR2_20151127_215231_195.wav
c:
g=10
sfte=192000
cF
cN
sD: 
dP
sP
end of file treatment


tOF : 11:56:27:561
wavfile=SR2_20151127_215315_419.wav
c:
g=10
sfte=192000
cF
cN
sD: 
dP
sP
end of file treatment


tOF : 11:56:27:672
wavfile=SR2_20151127_215451_500.wav
c:
g=10
sfte=192000
cF
cN
sD: 
dP
sP
end of file treatment


tOF : 11:56:27:814
wavfile=SR2_20151127_215522_152.wav
c:
g=10
sfte=192000
cF
cN
sD: 
dP
sP
end of file treatment


tOF : 11:56:27:985
wavfile=SR2_20151127_215530_145.wav
c:
g=10
sfte=192000
cF
cN
sD: 
dP
sP
end of file treatment


tOF : 11:56:28:083
wavfile=SR2_20151127_215543_984.wav
c:
g=10
sfte=192000
cF
cN
sD: 
dP
sP
end of file treatment


tOF : 11:56:28:157
wavfile=SR2_20151127_215621_420.wav
c:
g=10
sfte=192000
cF
cN
sD: 
dP
sP
end of file treatment


tOF : 11:56:28:192
wavfile=SR2_20151127_215657_771.wav
c:
g=10
sfte=192000
cF
cN
sD: 
dP
sP
end of file treatment


tOF : 11:56:28:316
wavfile=SR2_20151127_215709_795.wav
c:
g=10
sfte=192000
cF
cN
sD: 
dP
sP
end of file treatment


tOF : 11:56:28:403
wavfile=SR2_20151127_215757_511.wav
c:
g=10
sfte=192000
cF
cN
sD: 
dP
sP
end of file treatment


tOF : 11:56:28:549
wavfile=SR2_20151127_215842_984.wav
c:
g=10
sfte=192000
cF
cN
sD: 
dP
sP
end of file treatment


tOF : 11:56:28:637
wavfile=SR2_20151127_215859_829.wav
c:
g=10
sfte=192000
cF
cN
sD: 
dP
sP
end of file treatment


tOF : 11:56:28:729
wavfile=SR2_20151127_215935_649.wav
c:
g=10
sfte=192000
cF
cN
sD: 
dP
sP
end of file treatment


tOF : 11:56:28:855
wavfile=SR2_20151127_215944_651.wav
c:
g=10
sfte=192000
cF
cN
sD: 
dP
sP
end of file treatment


tOF : 11:56:28:984
wavfile=SR2_20151127_220004_676.wav
c:
g=10
sfte=192000
cF
cN
sD: 
dP
sP
end of file treatment


tOF : 11:56:29:098
wavfile=SR2_20151127_220034_132.wav
c:
g=10
sfte=192000
cF
cN
sD: 
dP
sP
end of file treatment


tOF : 11:56:29:174
wavfile=SR2_20151127_220053_413.wav
c:
g=10
sfte=192000
cF
cN
sD: 
dP
sP
end of file treatment


tOF : 11:56:29:344
wavfile=SR2_20151127_220141_255.wav
c:
g=10
sfte=192000
cF
cN
sD: 
dP
sP
end of file treatment


tOF : 11:56:29:565
wavfile=SR2_20151127_220229_141.wav
c:
g=10
sfte=192000
cF
cN
sD: 
dP
sP
end of file treatment


tOF : 11:56:29:829
wavfile=SR2_20151127_220322_617.wav
c:
g=10
sfte=192000
cF
cN
sD: 
dP
sP
end of file treatment


tOF : 11:56:29:916
wavfile=SR2_20151127_220354_041.wav
c:
g=10
sfte=192000
cF
cN
sD: 
dP
sP
end of file treatment


tOF : 11:56:30:038
wavfile=SR2_20151127_220403_923.wav
c:
g=10
sfte=192000
cF
cN
sD: 
dP
sP
end of file treatment


tOF : 11:56:30:251
wavfile=SR2_20151127_220448_557.wav
c:
g=10
sfte=192000
cF
cN
sD: 
dP
sP
end of file treatment


tOF : 11:56:30:390
wavfile=SR2_20151127_220459_283.wav
c:
g=10
sfte=192000
cF
cN
sD: 
dP
sP
end of file treatment


tOF : 11:56:30:527
wavfile=SR2_20151127_220600_784.wav
c:
g=10
sfte=192000
cF
cN
sD: 
dP
sP
end of file treatment


tOF : 11:56:30:680
wavfile=SR2_20151127_220612_705.wav
c:
g=10
sfte=192000
cF
cN
sD: 
dP
sP
end of file treatment


tOF : 11:56:30:806
wavfile=SR2_20151127_220625_355.wav
c:
g=10
sfte=192000
cF
cN
sD: 
dP
sP
end of file treatment


tOF : 11:56:30:880
wavfile=SR2_20151127_220633_853.wav
c:
g=10
sfte=192000
cF
cN
sD: 
dP
sP
end of file treatment


tOF : 11:56:31:065
wavfile=SR2_20151127_220702_700.wav
c:
g=10
sfte=192000
cF
cN
sD: 
dP
sP
end of file treatment


tOF : 11:56:31:199
wavfile=SR2_20151127_220721_949.wav
c:
g=10
sfte=192000
cF
cN
sD: 
dP
sP
end of file treatment


tOF : 11:56:31:277
wavfile=SR2_20151127_220744_615.wav
c:
g=10
sfte=192000
cF
cN
sD: 
dP
sP
end of file treatment


tOF : 11:56:31:392
wavfile=SR2_20151127_220804_305.wav
c:
g=10
sfte=192000
cF
cN
sD: 
dP
sP
end of file treatment


tOF : 11:56:31:584
wavfile=SR2_20151127_220834_525.wav
c:
g=10
sfte=192000
cF
cN
sD: 
dP
sP
end of file treatment


tOF : 11:56:31:826
wavfile=SR2_20151127_220912_956.wav
c:
g=10
sfte=192000
cF
cN
sD: 
dP
sP
end of file treatment


tOF : 11:56:32:058
wavfile=SR2_20151127_220946_597.wav
c:
g=10
sfte=192000
cF
cN
sD: 
dP
sP
end of file treatment


tOF : 11:56:32:419
wavfile=SR2_20151127_221137_153.wav
c:
g=10
sfte=192000
cF
cN
sD: 
dP
sP
end of file treatment


tOF : 11:56:32:573
wavfile=SR2_20151127_221148_859.wav
c:
g=10
sfte=192000
cF
cN
sD: 
dP
sP
end of file treatment


tOF : 11:56:32:727
wavfile=SR2_20151127_221240_971.wav
c:
g=10
sfte=192000
cF
cN
sD: 
dP
sP
end of file treatment


tOF : 11:56:32:905
wavfile=SR2_20151127_221421_307.wav
c:
g=10
sfte=192000
cF
cN
sD: 
dP
sP
end of file treatment


tOF : 11:56:33:011
wavfile=SR2_20151127_221941_353.wav
c:
g=10
sfte=192000
cF
cN
sD: 
dP
sP
end of file treatment


tOF : 11:56:33:130
wavfile=SR2_20151127_222024_647.wav
c:
g=10
sfte=192000
cF
cN
sD: 
dP
sP
end of file treatment


tOF : 11:56:33:264
wavfile=SR2_20151127_222119_147.wav
c:
g=10
sfte=192000
cF
cN
sD: 
dP
sP
end of file treatment


tOF : 11:56:33:372
wavfile=SR2_20151127_222144_736.wav
c:
g=10
sfte=192000
cF
cN
sD: 
dP
sP
end of file treatment


tOF : 11:56:33:497
wavfile=SR2_20151127_222235_241.wav
c:
g=10
sfte=192000
cF
cN
sD: 
dP
sP
end of file treatment


tOF : 11:56:33:738
wavfile=SR2_20151127_222347_125.wav
c:
g=10
sfte=192000
cF
cN
sD: 
dP
sP
end of file treatment


tOF : 11:56:33:910
wavfile=SR2_20151127_222404_556.wav
c:
g=10
sfte=192000
cF
cN
sD: 
dP
sP
end of file treatment


tOF : 11:56:33:993
wavfile=SR2_20151127_222438_164.wav
c:
g=10
sfte=192000
cF
cN
sD: 
dP
sP
end of file treatment


tOF : 11:56:34:168
wavfile=SR2_20151127_222523_893.wav
c:
g=10
sfte=192000
cF
cN
sD: 
dP
sP
end of file treatment


tOF : 11:56:34:394
wavfile=SR2_20151127_222544_509.wav
c:
g=10
sfte=192000
cF
cN
sD: 
dP
sP
end of file treatment


tOF : 11:56:34:551
wavfile=SR2_20151127_222600_411.wav
c:
g=10
sfte=192000
cF
cN
sD: 
dP
sP
end of file treatment


tOF : 11:56:34:778
wavfile=SR2_20151127_222734_059.wav
c:
g=10
sfte=192000
cF
cN
sD: 
dP
sP
end of file treatment


tOF : 11:56:34:927
wavfile=SR2_20151127_222817_213.wav
c:
g=10
sfte=192000
cF
cN
sD: 
dP
sP
end of file treatment


tOF : 11:56:35:091
wavfile=SR2_20151127_222849_617.wav
c:
g=10
sfte=192000
cF
cN
sD: 
dP
sP
end of file treatment


tOF : 11:56:35:174
wavfile=SR2_20151127_222913_459.wav
c:
g=10
sfte=192000
cF
cN
sD: 
dP
sP
end of file treatment


tOF : 11:56:35:585
wavfile=SR2_20151127_222926_647.wav
c:
g=10
sfte=192000
cF
cN
sD: 
dP
sP
end of file treatment


tOF : 11:56:35:872
wavfile=SR2_20151127_222942_859.wav
c:
g=10
sfte=192000
cF
cN
sD: 
dP
sP
end of file treatment


tOF : 11:56:35:980
wavfile=SR2_20151127_223028_943.wav
c:
g=10
sfte=192000
cF
cN
sD: 
dP
sP
end of file treatment


tOF : 11:56:36:125
wavfile=SR2_20151127_223128_288.wav
c:
g=10
sfte=192000
cF
cN
sD: 
dP
sP
end of file treatment


tOF : 11:56:36:219
wavfile=SR2_20151127_223147_380.wav
c:
g=10
sfte=192000
cF
cN
sD: 
dP
sP
end of file treatment


tOF : 11:56:36:347
wavfile=SR2_20151127_223157_211.wav
c:
g=10
sfte=192000
cF
cN
sD: 
dP
sP
end of file treatment


tOF : 11:56:36:511
wavfile=SR2_20151127_223227_215.wav
c:
g=10
sfte=192000
cF
cN
sD: 
dP
sP
end of file treatment


tOF : 11:56:36:640
wavfile=SR2_20151127_223327_435.wav
c:
g=10
sfte=192000
cF
cN
sD: 
dP
sP
end of file treatment


tOF : 11:56:36:716
wavfile=SR2_20151127_223405_817.wav
c:
g=10
sfte=192000
cF
cN
sD: 
dP
sP
end of file treatment


tOF : 11:56:36:820
wavfile=SR2_20151127_223455_269.wav
c:
g=10
sfte=192000
cF
cN
sD: 
dP
sP
end of file treatment


tOF : 11:56:37:095
wavfile=SR2_20151127_223620_609.wav
c:
g=10
sfte=192000
cF
cN
sD: 
dP
sP
end of file treatment


tOF : 11:56:37:279
wavfile=SR2_20151127_223702_109.wav
c:
g=10
sfte=192000
cF
cN
sD: 
dP
sP
end of file treatment


tOF : 11:56:37:351
wavfile=SR2_20151127_223715_288.wav
c:
g=10
sfte=192000
cF
cN
sD: 
dP
sP
end of file treatment


tOF : 11:56:37:423
wavfile=SR2_20151127_223748_487.wav
c:
g=10
sfte=192000
cF
cN
sD: 
dP
sP
end of file treatment


tOF : 11:56:37:521
wavfile=SR2_20151127_223755_008.wav
c:
g=10
sfte=192000
cF
cN
sD: 
dP
sP
end of file treatment


tOF : 11:56:37:784
wavfile=SR2_20151127_223818_383.wav
c:
g=10
sfte=192000
cF
cN
sD: 
dP
sP
end of file treatment


tOF : 11:56:38:078
wavfile=SR2_20151127_223829_336.wav
c:
g=10
sfte=192000
cF
cN
sD: 
dP
sP
end of file treatment


tOF : 11:56:38:157
wavfile=SR2_20151127_223919_192.wav
c:
g=10
sfte=192000
cF
cN
sD: 
dP
sP
end of file treatment


tOF : 11:56:38:240
wavfile=SR2_20151127_224006_317.wav
c:
g=10
sfte=192000
cF
cN
sD: 
dP
sP
end of file treatment


tOF : 11:56:38:385
wavfile=SR2_20151127_224034_005.wav
c:
g=10
sfte=192000
cF
cN
sD: 
dP
sP
end of file treatment


tOF : 11:56:38:463
wavfile=SR2_20151127_224114_911.wav
c:
g=10
sfte=192000
cF
cN
sD: 
dP
sP
end of file treatment


tOF : 11:56:38:576
wavfile=SR2_20151127_224140_015.wav
c:
g=10
sfte=192000
cF
cN
sD: 
dP
sP
end of file treatment


tOF : 11:56:38:761
wavfile=SR2_20151127_224200_108.wav
c:
g=10
sfte=192000
cF
cN
sD: 
dP
sP
end of file treatment


tOF : 11:56:38:855
wavfile=SR2_20151127_224206_385.wav
c:
g=10
sfte=192000
cF
cN
sD: 
dP
sP
end of file treatment


tOF : 11:56:38:982
wavfile=SR2_20151127_224219_664.wav
c:
g=10
sfte=192000
cF
cN
sD: 
dP
sP
end of file treatment


tOF : 11:56:39:072
wavfile=SR2_20151127_224244_815.wav
c:
g=10
sfte=192000
cF
cN
sD: 
dP
sP
end of file treatment


tOF : 11:56:39:223
wavfile=SR2_20151127_224257_432.wav
c:
g=10
sfte=192000
cF
cN
sD: 
dP
sP
end of file treatment


tOF : 11:56:39:329
wavfile=SR2_20151127_224415_412.wav
c:
g=10
sfte=192000
cF
cN
sD: 
dP
sP
end of file treatment


tOF : 11:56:39:523
wavfile=SR2_20151127_224500_416.wav
c:
g=10
sfte=192000
cF
cN
sD: 
dP
sP
end of file treatment


tOF : 11:56:39:806
wavfile=SR2_20151127_224533_735.wav
c:
g=10
sfte=192000
cF
cN
sD: 
dP
sP
end of file treatment


tOF : 11:56:40:027
wavfile=SR2_20151127_224551_757.wav
c:
g=10
sfte=192000
cF
cN
sD: 
dP
sP
end of file treatment


tOF : 11:56:40:209
wavfile=SR2_20151127_224602_804.wav
c:
g=10
sfte=192000
cF
cN
sD: 
dP
sP
end of file treatment


tOF : 11:56:40:347
wavfile=SR2_20151127_224641_549.wav
c:
g=10
sfte=192000
cF
cN
sD: 
dP
sP
end of file treatment


tOF : 11:56:40:541
wavfile=SR2_20151127_224658_301.wav
c:
g=10
sfte=192000
cF
cN
sD: 
dP
sP
end of file treatment


tOF : 11:56:40:726
wavfile=SR2_20151127_224717_219.wav
c:
g=10
sfte=192000
cF
cN
sD: 
dP
sP
end of file treatment


tOF : 11:56:40:834
wavfile=SR2_20151127_224743_148.wav
c:
g=10
sfte=192000
cF
cN
sD: 
dP
sP
end of file treatment


tOF : 11:56:41:049
wavfile=SR2_20151127_224750_859.wav
c:
g=10
sfte=192000
cF
cN
sD: 
dP
sP
end of file treatment


tOF : 11:56:41:169
wavfile=SR2_20151127_224813_184.wav
c:
g=10
sfte=192000
cF
cN
sD: 
dP
sP
end of file treatment


tOF : 11:56:41:305
wavfile=SR2_20151127_224837_296.wav
c:
g=10
sfte=192000
cF
cN
sD: 
dP
sP
end of file treatment


tOF : 11:56:41:398
wavfile=SR2_20151127_224850_864.wav
c:
g=10
sfte=192000
cF
cN
sD: 
dP
sP
end of file treatment


tOF : 11:56:41:520
wavfile=SR2_20151127_224912_795.wav
c:
g=10
sfte=192000
cF
cN
sD: 
dP
sP
end of file treatment


tOF : 11:56:41:613
wavfile=SR2_20151127_224948_075.wav
c:
g=10
sfte=192000
cF
cN
sD: 
dP
sP
end of file treatment


tOF : 11:56:41:723
wavfile=SR2_20151127_225020_968.wav
c:
g=10
sfte=192000
cF
cN
sD: 
dP
sP
end of file treatment


tOF : 11:56:41:837
wavfile=SR2_20151127_225036_756.wav
c:
g=10
sfte=192000
cF
cN
sD: 
dP
sP
end of file treatment


tOF : 11:56:41:968
wavfile=SR2_20151127_225119_201.wav
c:
g=10
sfte=192000
cF
cN
sD: 
dP
sP
end of file treatment


tOF : 11:56:42:057
wavfile=SR2_20151127_225222_689.wav
c:
g=10
sfte=192000
cF
cN
sD: 
dP
sP
end of file treatment


tOF : 11:56:42:227
wavfile=SR2_20151127_225241_916.wav
c:
g=10
sfte=192000
cF
cN
sD: 
dP
sP
end of file treatment


tOF : 11:56:42:328
wavfile=SR2_20151127_225258_737.wav
c:
g=10
sfte=192000
cF
cN
sD: 
dP
sP
end of file treatment


tOF : 11:56:42:579
wavfile=SR2_20151127_225327_495.wav
c:
g=10
sfte=192000
cF
cN
sD: 
dP
sP
end of file treatment


tOF : 11:56:42:666
wavfile=SR2_20151127_225351_507.wav
c:
g=10
sfte=192000
cF
cN
sD: 
dP
sP
end of file treatment


tOF : 11:56:42:823
wavfile=SR2_20151127_225421_744.wav
c:
g=10
sfte=192000
cF
cN
sD: 
dP
sP
end of file treatment


tOF : 11:56:42:951
wavfile=SR2_20151127_225446_131.wav
c:
g=10
sfte=192000
cF
cN
sD: 
dP
sP
end of file treatment


tOF : 11:56:43:064
wavfile=SR2_20151127_225515_017.wav
c:
g=10
sfte=192000
cF
cN
sD: 
dP
sP
end of file treatment


tOF : 11:56:43:200
wavfile=SR2_20151127_225608_377.wav
c:
g=10
sfte=192000
cF
cN
sD: 
dP
sP
end of file treatment


tOF : 11:56:43:353
wavfile=SR2_20151127_225625_684.wav
c:
g=10
sfte=192000
cF
cN
sD: 
dP
sP
end of file treatment


tOF : 11:56:43:501
wavfile=SR2_20151127_225701_733.wav
c:
g=10
sfte=192000
cF
cN
sD: 
dP
sP
end of file treatment


tOF : 11:56:43:687
wavfile=SR2_20151127_225721_784.wav
c:
g=10
sfte=192000
cF
cN
sD: 
dP
sP
end of file treatment


tOF : 11:56:44:193
wavfile=SR2_20151127_225747_596.wav
c:
g=10
sfte=192000
cF
cN
sD: 
dP
sP
end of file treatment


tOF : 11:56:44:353
wavfile=SR2_20151127_225805_503.wav
c:
g=10
sfte=192000
cF
cN
sD: 
dP
sP
end of file treatment


tOF : 11:56:44:535
wavfile=SR2_20151127_225843_835.wav
c:
g=10
sfte=192000
cF
cN
sD: 
dP
sP
end of file treatment


tOF : 11:56:44:715
wavfile=SR2_20151127_225921_579.wav
c:
g=10
sfte=192000
cF
cN
sD: 
dP
sP
end of file treatment


tOF : 11:56:44:787
wavfile=SR2_20151127_225952_557.wav
c:
g=10
sfte=192000
cF
cN
sD: 
dP
sP
end of file treatment


tOF : 11:56:44:934
wavfile=SR2_20151127_230002_479.wav
c:
g=10
sfte=192000
cF
cN
sD: 
dP
sP
end of file treatment


tOF : 11:56:45:098
wavfile=SR2_20151127_230016_391.wav
c:
g=10
sfte=192000
cF
cN
sD: 
dP
sP
end of file treatment


tOF : 11:56:45:219
wavfile=SR2_20151127_230044_216.wav
c:
g=10
sfte=192000
cF
cN
sD: 
dP
sP
end of file treatment


tOF : 11:56:45:367
wavfile=SR2_20151127_230122_845.wav
c:
g=10
sfte=192000
cF
cN
sD: 
dP
sP
end of file treatment


tOF : 11:56:45:571
wavfile=SR2_20151127_230138_915.wav
c:
g=10
sfte=192000
cF
cN
sD: 
dP
sP
end of file treatment


tOF : 11:56:45:758
wavfile=SR2_20151127_230154_796.wav
c:
g=10
sfte=192000
cF
cN
sD: 
dP
sP
end of file treatment


tOF : 11:56:45:978
wavfile=SR2_20151127_230223_363.wav
c:
g=10
sfte=192000
cF
cN
sD: 
dP
sP
end of file treatment


tOF : 11:56:46:106
wavfile=SR2_20151127_230229_785.wav
c:
g=10
sfte=192000
cF
cN
sD: 
dP
sP
end of file treatment


tOF : 11:56:46:347
wavfile=SR2_20151127_230240_768.wav
c:
g=10
sfte=192000
cF
cN
sD: 
dP
sP
end of file treatment


tOF : 11:56:46:538
wavfile=SR2_20151127_230302_004.wav
c:
g=10
sfte=192000
cF
cN
sD: 
dP
sP
end of file treatment


tOF : 11:56:46:696
wavfile=SR2_20151127_230318_304.wav
c:
g=10
sfte=192000
cF
cN
sD: 
dP
sP
end of file treatment


tOF : 11:56:46:811
wavfile=SR2_20151127_230324_085.wav
c:
g=10
sfte=192000
cF
cN
sD: 
dP
sP
end of file treatment


tOF : 11:56:46:958
wavfile=SR2_20151127_230331_781.wav
c:
g=10
sfte=192000
cF
cN
sD: 
dP
sP
end of file treatment


tOF : 11:56:47:240
wavfile=SR2_20151127_230346_231.wav
c:
g=10
sfte=192000
cF
cN
sD: 
dP
sP
end of file treatment


tOF : 11:56:47:380
wavfile=SR2_20151127_230431_739.wav
c:
g=10
sfte=192000
cF
cN
sD: 
dP
sP
end of file treatment


tOF : 11:56:47:695
wavfile=SR2_20151127_230501_335.wav
c:
g=10
sfte=192000
cF
cN
sD: 
dP
sP
end of file treatment


tOF : 11:56:48:048
wavfile=SR2_20151127_230543_448.wav
c:
g=10
sfte=192000
cF
cN
sD: 
dP
sP
end of file treatment


tOF : 11:56:48:172
wavfile=SR2_20151127_230603_923.wav
c:
g=10
sfte=192000
cF
cN
sD: 
dP
sP
end of file treatment


tOF : 11:56:48:502
wavfile=SR2_20151127_230614_859.wav
c:
g=10
sfte=192000
cF
cN
sD: 
dP
sP
end of file treatment


tOF : 11:56:48:774
wavfile=SR2_20151127_230624_248.wav
c:
g=10
sfte=192000
cF
cN
sD: 
dP
sP
end of file treatment


tOF : 11:56:49:127
wavfile=SR2_20151127_230640_075.wav
c:
g=10
sfte=192000
cF
cN
sD: 
dP
sP
end of file treatment


tOF : 11:56:49:300
wavfile=SR2_20151127_230709_409.wav
c:
g=10
sfte=192000
cF
cN
sD: 
dP
sP
end of file treatment


tOF : 11:56:49:497
wavfile=SR2_20151127_230722_972.wav
c:
g=10
sfte=192000
cF
cN
sD: 
dP
sP
end of file treatment


tOF : 11:56:49:687
wavfile=SR2_20151127_230733_508.wav
c:
g=10
sfte=192000
cF
cN
sD: 
dP
sP
end of file treatment


tOF : 11:56:49:888
wavfile=SR2_20151127_230800_727.wav
c:
g=10
sfte=192000
cF
cN
sD: 
dP
sP
end of file treatment


tOF : 11:56:50:161
wavfile=SR2_20151127_230814_353.wav
c:
g=10
sfte=192000
cF
cN
sD: 
dP
sP
end of file treatment


tOF : 11:56:50:341
wavfile=SR2_20151127_230841_583.wav
c:
g=10
sfte=192000
cF
cN
sD: 
dP
sP
end of file treatment


tOF : 11:56:50:494
wavfile=SR2_20151127_230902_801.wav
c:
g=10
sfte=192000
cF
cN
sD: 
dP
sP
end of file treatment


tOF : 11:56:50:630
wavfile=SR2_20151127_230912_007.wav
c:
g=10
sfte=192000
cF
cN
sD: 
dP
sP
end of file treatment


tOF : 11:56:50:796
wavfile=SR2_20151127_230922_416.wav
c:
g=10
sfte=192000
cF
cN
sD: 
dP
sP
end of file treatment


tOF : 11:56:50:985
wavfile=SR2_20151127_230943_099.wav
c:
g=10
sfte=192000
cF
cN
sD: 
dP
sP
end of file treatment


tOF : 11:56:51:198
wavfile=SR2_20151127_231016_009.wav
c:
g=10
sfte=192000
cF
cN
sD: 
dP
sP
end of file treatment


tOF : 11:56:51:484
wavfile=SR2_20151127_231024_999.wav
c:
g=10
sfte=192000
cF
cN
sD: 
dP
sP
end of file treatment


tOF : 11:56:51:701
wavfile=SR2_20151127_231037_557.wav
c:
g=10
sfte=192000
cF
cN
sD: 
dP
sP
end of file treatment


tOF : 11:56:52:053
wavfile=SR2_20151127_231049_609.wav
c:
g=10
sfte=192000
cF
cN
sD: 
dP
sP
end of file treatment


tOF : 11:56:52:247
wavfile=SR2_20151127_231059_644.wav
c:
g=10
sfte=192000
cF
cN
sD: 
dP
sP
end of file treatment


tOF : 11:56:52:448
wavfile=SR2_20151127_231110_887.wav
c:
g=10
sfte=192000
cF
cN
sD: 
dP
sP
end of file treatment


tOF : 11:56:52:993
wavfile=SR2_20151127_231141_967.wav
c:
g=10
sfte=192000
cF
cN
sD: 
dP
sP
end of file treatment


tOF : 11:56:53:274
wavfile=SR2_20151127_231158_433.wav
c:
g=10
sfte=192000
cF
cN
sD: 
dP
sP
end of file treatment


tOF : 11:56:53:495
wavfile=SR2_20151127_231211_793.wav
c:
g=10
sfte=192000
cF
cN
sD: 
dP
sP
end of file treatment


tOF : 11:56:53:580
wavfile=SR2_20151127_231240_419.wav
c:
g=10
sfte=192000
cF
cN
sD: 
dP
sP
end of file treatment


tOF : 11:56:53:804
wavfile=SR2_20151127_231253_317.wav
c:
g=10
sfte=192000
cF
cN
sD: 
dP
sP
end of file treatment


tOF : 11:56:53:952
wavfile=SR2_20151127_231302_895.wav
c:
g=10
sfte=192000
cF
cN
sD: 
dP
sP
end of file treatment


tOF : 11:56:54:132
wavfile=SR2_20151127_231317_249.wav
c:
g=10
sfte=192000
cF
cN
sD: 
dP
sP
end of file treatment


tOF : 11:56:54:370
wavfile=SR2_20151127_231325_853.wav
c:
g=10
sfte=192000
cF
cN
sD: 
dP
sP
end of file treatment


tOF : 11:56:54:581
wavfile=SR2_20151127_231348_120.wav
c:
g=10
sfte=192000
cF
cN
sD: 
dP
sP
end of file treatment


tOF : 11:56:54:930
wavfile=SR2_20151127_231411_568.wav
c:
g=10
sfte=192000
cF
cN
sD: 
dP
sP
end of file treatment


tOF : 11:56:55:026
wavfile=SR2_20151127_231438_756.wav
c:
g=10
sfte=192000
cF
cN
sD: 
dP
sP
end of file treatment


tOF : 11:56:55:153
wavfile=SR2_20151127_231521_077.wav
c:
g=10
sfte=192000
cF
cN
sD: 
dP
sP
end of file treatment


tOF : 11:56:55:307
wavfile=SR2_20151127_231552_808.wav
c:
g=10
sfte=192000
cF
cN
sD: 
dP
sP
end of file treatment


tOF : 11:56:55:480
wavfile=SR2_20151127_231633_293.wav
c:
g=10
sfte=192000
cF
cN
sD: 
dP
sP
end of file treatment


tOF : 11:56:55:540
wavfile=SR2_20151127_231702_769.wav
c:
g=10
sfte=192000
cF
cN
sD: 
dP
sP
end of file treatment


tOF : 11:56:55:708
wavfile=SR2_20151127_231716_797.wav
c:
g=10
sfte=192000
cF
cN
sD: 
dP
sP
end of file treatment


tOF : 11:56:55:823
wavfile=SR2_20151127_231725_928.wav
c:
g=10
sfte=192000
cF
cN
sD: 
dP
sP
end of file treatment


tOF : 11:56:55:978
wavfile=SR2_20151127_231737_187.wav
c:
g=10
sfte=192000
cF
cN
sD: 
dP
sP
end of file treatment


tOF : 11:56:56:193
wavfile=SR2_20151127_231852_556.wav
c:
g=10
sfte=192000
cF
cN
sD: 
dP
sP
end of file treatment


tOF : 11:56:56:290
wavfile=SR2_20151127_231939_661.wav
c:
g=10
sfte=192000
cF
cN
sD: 
dP
sP
end of file treatment


tOF : 11:56:56:365
wavfile=SR2_20151127_231952_668.wav
c:
g=10
sfte=192000
cF
cN
sD: 
dP
sP
end of file treatment


tOF : 11:56:56:439
wavfile=SR2_20151127_232004_099.wav
c:
g=10
sfte=192000
cF
cN
sD: 
dP
sP
end of file treatment


tOF : 11:56:56:705
wavfile=SR2_20151127_232022_896.wav
c:
g=10
sfte=192000
cF
cN
sD: 
dP
sP
end of file treatment


tOF : 11:56:56:863
wavfile=SR2_20151127_232049_168.wav
c:
g=10
sfte=192000
cF
cN
sD: 
dP
sP
end of file treatment


tOF : 11:56:56:955
wavfile=SR2_20151127_232212_876.wav
c:
g=10
sfte=192000
cF
cN
sD: 
dP
sP
end of file treatment


tOF : 11:56:57:077
wavfile=SR2_20151127_232302_688.wav
c:
g=10
sfte=192000
cF
cN
sD: 
dP
sP
end of file treatment


tOF : 11:56:57:174
wavfile=SR2_20151127_232335_755.wav
c:
g=10
sfte=192000
cF
cN
sD: 
dP
sP
end of file treatment


tOF : 11:56:57:371
wavfile=SR2_20151127_232359_917.wav
c:
g=10
sfte=192000
cF
cN
sD: 
dP
sP
end of file treatment


tOF : 11:56:57:475
wavfile=SR2_20151127_232442_599.wav
c:
g=10
sfte=192000
cF
cN
sD: 
dP
sP
end of file treatment


tOF : 11:56:57:821
wavfile=SR2_20151127_232513_051.wav
c:
g=10
sfte=192000
cF
cN
sD: 
dP
sP
end of file treatment


tOF : 11:56:58:037
wavfile=SR2_20151127_232523_747.wav
c:
g=10
sfte=192000
cF
cN
sD: 
dP
sP
end of file treatment


tOF : 11:56:58:264
wavfile=SR2_20151127_232538_951.wav
c:
g=10
sfte=192000
cF
cN
sD: 
dP
sP
end of file treatment


tOF : 11:56:58:448
wavfile=SR2_20151127_232556_076.wav
c:
g=10
sfte=192000
cF
cN
sD: 
dP
sP
end of file treatment


tOF : 11:56:58:673
wavfile=SR2_20151127_232654_657.wav
c:
g=10
sfte=192000
cF
cN
sD: 
dP
sP
end of file treatment


tOF : 11:56:58:819
wavfile=SR2_20151127_232719_016.wav
c:
g=10
sfte=192000
cF
cN
sD: 
dP
sP
end of file treatment


tOF : 11:56:58:985
wavfile=SR2_20151127_232749_473.wav
c:
g=10
sfte=192000
cF
cN
sD: 
dP
sP
end of file treatment


tOF : 11:56:59:236
wavfile=SR2_20151127_232832_411.wav
c:
g=10
sfte=192000
cF
cN
sD: 
dP
sP
end of file treatment


tOF : 11:56:59:413
wavfile=SR2_20151127_233010_757.wav
c:
g=10
sfte=192000
cF
cN
sD: 
dP
sP
end of file treatment


tOF : 11:56:59:622
wavfile=SR2_20151127_233055_508.wav
c:
g=10
sfte=192000
cF
cN
sD: 
dP
sP
end of file treatment


tOF : 11:56:59:752
wavfile=SR2_20151127_233122_011.wav
c:
g=10
sfte=192000
cF
cN
sD: 
dP
sP
end of file treatment


tOF : 11:56:59:888
wavfile=SR2_20151128_011804_000.wav
c:
g=10
sfte=192000
cF
cN
sD: 
dP
sP
end of file treatment


tOF : 11:57:00:084
wavfile=SR2_20151128_031804_000.wav
c:
g=10
sfte=192000
cF
cN
sD: 
dP
sP
end of file treatment


tOF : 11:57:00:155
wavfile=SR2_20151128_051804_000.wav
c:
g=10
sfte=192000
cF
cN
sD: 
dP
sP
end of file treatment


tOF : 11:57:00:407
wavfile=SR2_20151128_071804_000.wav
c:
g=10
sfte=192000
cF
cN
sD: 
dP
sP
end of file treatment


tOF : 11:57:00:572
wavfile=SR2_20151128_154702_000.wav
c:
g=10
sfte=192000
cF
cN
sD: 
dP
sP
end of file treatment


tOF : 11:57:00:692
wavfile=SR2_20151128_164704_000.wav
c:
g=10
sfte=192000
cF
cN
sD: 
dP
sP
end of file treatment


tOF : 11:57:00:810
wavfile=SR2_20151128_165454_535.wav
c:
g=10
sfte=192000
cF
cN
sD: 
dP
sP
end of file treatment


tOF : 11:57:00:952
wavfile=SR2_20151128_170055_444.wav
c:
g=10
sfte=192000
cF
cN
sD: 
dP
sP
end of file treatment


tOF : 11:57:01:077
wavfile=SR2_20151128_171704_000.wav
c:
g=10
sfte=192000
cF
cN
sD: 
dP
sP
end of file treatment


tOF : 11:57:01:210
wavfile=SR2_20151128_181146_237.wav
c:
g=10
sfte=192000
cF
cN
sD: 
dP
sP
end of file treatment


tOF : 11:57:01:376
wavfile=SR2_20151128_182319_643.wav
c:
g=10
sfte=192000
cF
cN
sD: 
dP
sP
end of file treatment


tOF : 11:57:01:489
wavfile=SR2_20151128_183157_449.wav
c:
g=10
sfte=192000
cF
cN
sD: 
dP
sP
end of file treatment


tOF : 11:57:01:560
wavfile=SR2_20151128_184409_811.wav
c:
g=10
sfte=192000
cF
cN
sD: 
dP
sP
end of file treatment


tOF : 11:57:01:772
wavfile=SR2_20151128_190101_321.wav
c:
g=10
sfte=192000
cF
cN
sD: 
dP
sP
end of file treatment


tOF : 11:57:01:907
wavfile=SR2_20151128_191558_500.wav
c:
g=10
sfte=192000
cF
cN
sD: 
dP
sP
end of file treatment


tOF : 11:57:02:093
wavfile=SR2_20151128_192159_709.wav
c:
g=10
sfte=192000
cF
cN
sD: 
dP
sP
end of file treatment


tOF : 11:57:02:257
wavfile=SR2_20151128_192355_879.wav
c:
g=10
sfte=192000
cF
cN
sD: 
dP
sP
end of file treatment


tOF : 11:57:02:446
wavfile=SR2_20151128_192429_712.wav
c:
g=10
sfte=192000
cF
cN
sD: 
dP
sP
end of file treatment


tOF : 11:57:02:621
wavfile=SR2_20151128_192500_347.wav
c:
g=10
sfte=192000
cF
cN
sD: 
dP
sP
end of file treatment


tOF : 11:57:02:764
wavfile=SR2_20151128_192536_157.wav
c:
g=10
sfte=192000
cF
cN
sD: 
dP
sP
end of file treatment


tOF : 11:57:02:989
wavfile=SR2_20151128_192620_201.wav
c:
g=10
sfte=192000
cF
cN
sD: 
dP
sP
end of file treatment


tOF : 11:57:03:180
wavfile=SR2_20151128_192737_197.wav
c:
g=10
sfte=192000
cF
cN
sD: 
dP
sP
end of file treatment


tOF : 11:57:03:302
wavfile=SR2_20151128_211704_000.wav
c:
g=10
sfte=192000
cF
cN
sD: 
dP
sP
end of file treatment


tOF : 11:57:03:525
wavfile=SR2_20151128_230052_792.wav
c:
g=10
sfte=192000
cF
cN
sD: 
dP
sP
end of file treatment


tOF : 11:57:03:658
wavfile=SR2_20151129_003124_349.wav
c:
g=10
sfte=192000
cF
cN
sD: 
dP
sP
end of file treatment


tOF : 11:57:03:759
wavfile=SR2_20151129_021704_000.wav
c:
g=10
sfte=192000
cF
cN
sD: 
dP
sP
end of file treatment


tOF : 11:57:03:952
wavfile=SR2_20151129_034704_000.wav
c:
g=10
sfte=192000
cF
cN
sD: 
dP
sP
end of file treatment


tOF : 11:57:04:125
wavfile=SR2_20151129_054704_000.wav
c:
g=10
sfte=192000
cF
cN
sD: 
dP
sP
end of file treatment


tOF : 11:57:04:299
wavfile=SR2_20151129_074704_000.wav
c:
g=10
sfte=192000
cF
cN
sD: 
dP
sP
end of file treatment


tOF : 11:57:04:471
wavfile=SR2_20151129_153803_355.wav
c:
g=10
sfte=192000
cF
cN
sD: 
dP
sP
end of file treatment


tOF : 11:57:04:625
wavfile=SR2_20151129_155641_176.wav
c:
g=10
sfte=192000
cF
cN
sD: 
dP
sP
end of file treatment


tOF : 11:57:04:866
wavfile=SR2_20151129_155704_417.wav
c:
g=10
sfte=192000
cF
cN
sD: 
dP
sP
end of file treatment


tOF : 11:57:05:177
wavfile=SR2_20151129_155721_595.wav
c:
g=10
sfte=192000
cF
cN
sD: 
dP
sP
end of file treatment


tOF : 11:57:05:320
wavfile=SR2_20151129_155740_945.wav
c:
g=10
sfte=192000
cF
cN
sD: 
dP
sP
end of file treatment


tOF : 11:57:05:509
wavfile=SR2_20151129_155754_484.wav
c:
g=10
sfte=192000
cF
cN
sD: 
dP
sP
end of file treatment


tOF : 11:57:05:712
wavfile=SR2_20151129_155808_019.wav
c:
g=10
sfte=192000
cF
cN
sD: 
dP
sP
end of file treatment


tOF : 11:57:05:993
wavfile=SR2_20151129_155816_916.wav
c:
g=10
sfte=192000
cF
cN
sD: 
dP
sP
end of file treatment


tOF : 11:57:06:612
wavfile=SR2_20151129_155831_455.wav
c:
g=10
sfte=192000
cF
cN
sD: 
dP
sP
end of file treatment


tOF : 11:57:06:719
wavfile=SR2_20151129_155837_571.wav
c:
g=10
sfte=192000
cF
cN
sD: 
dP
sP
end of file treatment


tOF : 11:57:06:880
wavfile=SR2_20151129_155845_081.wav
c:
g=10
sfte=192000
cF
cN
sD: 
dP
sP
end of file treatment


tOF : 11:57:07:021
wavfile=SR2_20151129_155856_853.wav
c:
g=10
sfte=192000
cF
cN
sD: 
dP
sP
end of file treatment


tOF : 11:57:07:133
wavfile=SR2_20151129_155915_316.wav
c:
g=10
sfte=192000
cF
cN
sD: 
dP
sP
end of file treatment


tOF : 11:57:07:519
wavfile=SR2_20151129_155927_476.wav
c:
g=10
sfte=192000
cF
cN
sD: 
dP
sP
end of file treatment


tOF : 11:57:07:985
wavfile=SR2_20151129_155944_364.wav
c:
g=10
sfte=192000
cF
cN
sD: 
dP
sP
end of file treatment


tOF : 11:57:08:162
wavfile=SR2_20151129_155952_716.wav
c:
g=10
sfte=192000
cF
cN
sD: 
dP
sP
end of file treatment


tOF : 11:57:08:584
wavfile=SR2_20151129_160010_463.wav
c:
g=10
sfte=192000
cF
cN
sD: 
dP
sP
end of file treatment


tOF : 11:57:08:769
wavfile=SR2_20151129_160022_492.wav
c:
g=10
sfte=192000
cF
cN
sD: 
dP
sP
end of file treatment


tOF : 11:57:09:217
wavfile=SR2_20151129_160036_769.wav
c:
g=10
sfte=192000
cF
cN
sD: 
dP
sP
end of file treatment


tOF : 11:57:09:408
wavfile=SR2_20151129_160047_995.wav
c:
g=10
sfte=192000
cF
cN
sD: 
dP
sP
end of file treatment


tOF : 11:57:09:583
wavfile=SR2_20151129_160102_492.wav
c:
g=10
sfte=192000
cF
cN
sD: 
dP
sP
end of file treatment


tOF : 11:57:09:776
wavfile=SR2_20151129_160110_855.wav
c:
g=10
sfte=192000
cF
cN
sD: 
dP
sP
end of file treatment


tOF : 11:57:09:891
wavfile=SR2_20151129_160126_307.wav
c:
g=10
sfte=192000
cF
cN
sD: 
dP
sP
end of file treatment


tOF : 11:57:10:048
wavfile=SR2_20151129_160136_824.wav
c:
g=10
sfte=192000
cF
cN
sD: 
dP
sP
end of file treatment


tOF : 11:57:10:366
wavfile=SR2_20151129_160156_919.wav
c:
g=10
sfte=192000
cF
cN
sD: 
dP
sP
end of file treatment


tOF : 11:57:10:560
wavfile=SR2_20151129_160208_869.wav
c:
g=10
sfte=192000
cF
cN
sD: 
dP
sP
end of file treatment


tOF : 11:57:11:046
wavfile=SR2_20151129_160217_235.wav
c:
g=10
sfte=192000
cF
cN
sD: 
dP
sP
end of file treatment


tOF : 11:57:11:169
wavfile=SR2_20151129_160228_032.wav
c:
g=10
sfte=192000
cF
cN
sD: 
dP
sP
end of file treatment


tOF : 11:57:11:381
wavfile=SR2_20151129_160235_863.wav
c:
g=10
sfte=192000
cF
cN
sD: 
dP
sP
end of file treatment


tOF : 11:57:11:555
wavfile=SR2_20151129_160248_751.wav
c:
g=10
sfte=192000
cF
cN
sD: 
dP
sP
end of file treatment


tOF : 11:57:11:749
wavfile=SR2_20151129_160259_539.wav
c:
g=10
sfte=192000
cF
cN
sD: 
dP
sP
end of file treatment


tOF : 11:57:12:062
wavfile=SR2_20151129_160315_961.wav
c:
g=10
sfte=192000
cF
cN
sD: 
dP
sP
end of file treatment


tOF : 11:57:12:176
wavfile=SR2_20151129_160324_735.wav
c:
g=10
sfte=192000
cF
cN
sD: 
dP
sP
end of file treatment


tOF : 11:57:12:296
wavfile=SR2_20151129_160339_368.wav
c:
g=10
sfte=192000
cF
cN
sD: 
dP
sP
end of file treatment


tOF : 11:57:12:601
wavfile=SR2_20151129_160353_483.wav
c:
g=10
sfte=192000
cF
cN
sD: 
dP
sP
end of file treatment


tOF : 11:57:12:749
wavfile=SR2_20151129_160403_939.wav
c:
g=10
sfte=192000
cF
cN
sD: 
dP
sP
end of file treatment


tOF : 11:57:12:874
wavfile=SR2_20151129_160413_169.wav
c:
g=10
sfte=192000
cF
cN
sD: 
dP
sP
end of file treatment


tOF : 11:57:13:255
wavfile=SR2_20151129_160426_956.wav
c:
g=10
sfte=192000
cF
cN
sD: 
dP
sP
end of file treatment


tOF : 11:57:13:419
wavfile=SR2_20151129_160439_635.wav
c:
g=10
sfte=192000
cF
cN
sD: 
dP
sP
end of file treatment


tOF : 11:57:13:525
wavfile=SR2_20151129_160459_496.wav
c:
g=10
sfte=192000
cF
cN
sD: 
dP
sP
end of file treatment


tOF : 11:57:13:770
wavfile=SR2_20151129_160513_024.wav
c:
g=10
sfte=192000
cF
cN
sD: 
dP
sP
end of file treatment


tOF : 11:57:13:894
wavfile=SR2_20151129_160522_847.wav
c:
g=10
sfte=192000
cF
cN
sD: 
dP
sP
end of file treatment


tOF : 11:57:14:083
wavfile=SR2_20151129_160530_904.wav
c:
g=10
sfte=192000
cF
cN
sD: 
dP
sP
end of file treatment


tOF : 11:57:14:274
wavfile=SR2_20151129_160547_745.wav
c:
g=10
sfte=192000
cF
cN
sD: 
dP
sP
end of file treatment


tOF : 11:57:14:530
wavfile=SR2_20151129_160648_735.wav
c:
g=10
sfte=192000
cF
cN
sD: 
dP
sP
end of file treatment


tOF : 11:57:14:689
wavfile=SR2_20151129_160937_863.wav
c:
g=10
sfte=192000
cF
cN
sD: 
dP
sP
end of file treatment


tOF : 11:57:15:072
wavfile=SR2_20151129_161109_041.wav
c:
g=10
sfte=192000
cF
cN
sD: 
dP
sP
end of file treatment


tOF : 11:57:15:218
wavfile=SR2_20151129_161707_000.wav
c:
g=10
sfte=192000
cF
cN
sD: 
dP
sP
end of file treatment


tOF : 11:57:15:387
wavfile=SR2_20151129_170302_589.wav
c:
g=10
sfte=192000
cF
cN
sD: 
dP
sP
end of file treatment


tOF : 11:57:15:521
wavfile=SR2_20151129_174704_000.wav
c:
g=10
sfte=192000
cF
cN
sD: 
dP
sP
end of file treatment


tOF : 11:57:15:678
wavfile=SR2_20151129_182131_757.wav
c:
g=10
sfte=192000
cF
cN
sD: 
dP
sP
end of file treatment


tOF : 11:57:15:808
wavfile=SR2_20151129_190601_164.wav
c:
g=10
sfte=192000
cF
cN
sD: 
dP
sP
end of file treatment


tOF : 11:57:16:137
wavfile=SR2_20151129_192646_624.wav
c:
g=10
sfte=192000
cF
cN
sD: 
dP
sP
end of file treatment


tOF : 11:57:16:271
wavfile=SR2_20151129_194704_000.wav
c:
g=10
sfte=192000
cF
cN
sD: 
dP
sP
end of file treatment


tOF : 11:57:16:405
wavfile=SR2_20151129_200901_059.wav
c:
g=10
sfte=192000
cF
cN
sD: 
dP
sP
end of file treatment


tOF : 11:57:16:544
wavfile=SR2_20151129_204704_000.wav
c:
g=10
sfte=192000
cF
cN
sD: 
dP
sP
end of file treatment


tOF : 11:57:16:658
wavfile=SR2_20151129_210806_869.wav
c:
g=10
sfte=192000
cF
cN
sD: 
dP
sP
end of file treatment


tOF : 11:57:16:745
wavfile=SR2_20151129_212626_263.wav
c:
g=10
sfte=192000
cF
cN
sD: 
dP
sP
end of file treatment


tOF : 11:57:16:818
wavfile=SR2_20151129_214704_000.wav
c:
g=10
sfte=192000
cF
cN
sD: 
dP
sP
end of file treatment


tOF : 11:57:17:028
wavfile=SR2_20151129_231704_000.wav
c:
g=10
sfte=192000
cF
cN
sD: 
dP
sP
end of file treatment


tOF : 11:57:17:122
wavfile=SR2_20151130_005930_777.wav
c:
g=10
sfte=192000
cF
cN
sD: 
dP
sP
end of file treatment


tOF : 11:57:17:216
wavfile=SR2_20151130_014704_000.wav
c:
g=10
sfte=192000
cF
cN
sD: 
dP
sP
end of file treatment
endDetec  IThread = 2
