dtt modefreq=1


tOF : 12:17:36:227
wavfile=SR2_20160908_195706_000.wav
c:
g=10
sfte=192000
cF
cN
sD: 
dP
sP
end of file treatment


tOF : 12:17:36:382
wavfile=SR2_20160908_195944_000.wav
c:
g=10
sfte=192000
cF
cN
sD: 
dP
sP
end of file treatment


tOF : 12:17:36:476
wavfile=SR2_20160908_201529_000.wav
c:
g=10
sfte=192000
cF
cN
sD: 
dP
sP
end of file treatment


tOF : 12:17:36:699
wavfile=SR2_20160908_202931_000.wav
c:
g=10
sfte=192000
cF
cN
sD: 
dP
sP
end of file treatment


tOF : 12:17:36:798
wavfile=SR2_20160908_203957_000.wav
c:
g=10
sfte=192000
cF
cN
sD: 
dP
sP
end of file treatment


tOF : 12:17:37:001
wavfile=SR2_20160908_204306_000.wav
c:
g=10
sfte=192000
cF
cN
sD: 
dP
sP
end of file treatment


tOF : 12:17:37:298
wavfile=SR2_20160908_210608_000.wav
c:
g=10
sfte=192000
cF
cN
sD: 
dP
sP
end of file treatment


tOF : 12:17:37:557
wavfile=SR2_20160908_211445_000.wav
c:
g=10
sfte=192000
cF
cN
sD: 
dP
sP
end of file treatment


tOF : 12:17:37:767
wavfile=SR2_20160908_212354_000.wav
c:
g=10
sfte=192000
cF
cN
sD: 
dP
sP
end of file treatment


tOF : 12:17:37:846
wavfile=SR2_20160908_214320_000.wav
c:
g=10
sfte=192000
cF
cN
sD: 
dP
sP
end of file treatment


tOF : 12:17:37:987
wavfile=SR2_20160908_215334_000.wav
c:
g=10
sfte=192000
cF
cN
sD: 
dP
sP
end of file treatment


tOF : 12:17:38:096
wavfile=SR2_20160908_220028_000.wav
c:
g=10
sfte=192000
cF
cN
sD: 
dP
sP
end of file treatment


tOF : 12:17:38:286
wavfile=SR2_20160908_220242_000.wav
c:
g=10
sfte=192000
cF
cN
sD: 
dP
sP
end of file treatment


tOF : 12:17:38:463
wavfile=SR2_20160908_221137_000.wav
c:
g=10
sfte=192000
cF
cN
sD: 
dP
sP
end of file treatment


tOF : 12:17:38:603
wavfile=SR2_20160908_223051_000.wav
c:
g=10
sfte=192000
cF
cN
sD: 
dP
sP
end of file treatment


tOF : 12:17:38:822
wavfile=SR2_20160908_223712_000.wav
c:
g=10
sfte=192000
cF
cN
sD: 
dP
sP
end of file treatment


tOF : 12:17:38:955
wavfile=SR2_20160908_224658_000.wav
c:
g=10
sfte=192000
cF
cN
sD: 
dP
sP
end of file treatment


tOF : 12:17:39:121
wavfile=SR2_20160908_232927_000.wav
c:
g=10
sfte=192000
cF
cN
sD: 
dP
sP
end of file treatment


tOF : 12:17:39:207
wavfile=SR2_20160908_234544_000.wav
c:
g=10
sfte=192000
cF
cN
sD: 
dP
sP
end of file treatment


tOF : 12:17:39:333
wavfile=SR2_20160909_000648_000.wav
c:
g=10
sfte=192000
cF
cN
sD: 
dP
sP
end of file treatment


tOF : 12:17:39:472
wavfile=SR2_20160909_001409_000.wav
c:
g=10
sfte=192000
cF
cN
sD: 
dP
sP
end of file treatment


tOF : 12:17:39:721
wavfile=SR2_20160909_001949_000.wav
c:
g=10
sfte=192000
cF
cN
sD: 
dP
sP
end of file treatment


tOF : 12:17:39:824
wavfile=SR2_20160909_002650_000.wav
c:
g=10
sfte=192000
cF
cN
sD: 
dP
sP
end of file treatment


tOF : 12:17:39:963
wavfile=SR2_20160909_004247_000.wav
c:
g=10
sfte=192000
cF
cN
sD: 
dP
sP
end of file treatment


tOF : 12:17:40:205
wavfile=SR2_20160909_004400_000.wav
c:
g=10
sfte=192000
cF
cN
sD: 
dP
sP
end of file treatment


tOF : 12:17:40:429
wavfile=SR2_20160909_004457_000.wav
c:
g=10
sfte=192000
cF
cN
sD: 
dP
sP
end of file treatment


tOF : 12:17:40:518
wavfile=SR2_20160909_010746_000.wav
c:
g=10
sfte=192000
cF
cN
sD: 
dP
sP
end of file treatment


tOF : 12:17:40:755
wavfile=SR2_20160909_012337_000.wav
c:
g=10
sfte=192000
cF
cN
sD: 
dP
sP
end of file treatment


tOF : 12:17:40:925
wavfile=SR2_20160909_024022_000.wav
c:
g=10
sfte=192000
cF
cN
sD: 
dP
sP
end of file treatment


tOF : 12:17:41:215
wavfile=SR2_20160909_035336_000.wav
c:
g=10
sfte=192000
cF
cN
sD: 
dP
sP
end of file treatment


tOF : 12:17:41:308
wavfile=SR2_20160909_040624_000.wav
c:
g=10
sfte=192000
cF
cN
sD: 
dP
sP
end of file treatment


tOF : 12:17:41:498
wavfile=SR2_20160909_194544_000.wav
c:
g=10
sfte=192000
cF
cN
sD: 
dP
sP
end of file treatment


tOF : 12:17:41:663
wavfile=SR2_20160909_200450_000.wav
c:
g=10
sfte=192000
cF
cN
sD: 
dP
sP
end of file treatment


tOF : 12:17:41:761
wavfile=SR2_20160909_201958_000.wav
c:
g=10
sfte=192000
cF
cN
sD: 
dP
sP
end of file treatment


tOF : 12:17:41:883
wavfile=SR2_20160909_203657_000.wav
c:
g=10
sfte=192000
cF
cN
sD: 
dP
sP
end of file treatment


tOF : 12:17:42:219
wavfile=SR2_20160909_211324_000.wav
c:
g=10
sfte=192000
cF
cN
sD: 
dP
sP
end of file treatment


tOF : 12:17:42:416
wavfile=SR2_20160909_211935_000.wav
c:
g=10
sfte=192000
cF
cN
sD: 
dP
sP
end of file treatment


tOF : 12:17:42:542
wavfile=SR2_20160909_212258_000.wav
c:
g=10
sfte=192000
cF
cN
sD: 
dP
sP
end of file treatment


tOF : 12:17:42:743
wavfile=SR2_20160909_215334_000.wav
c:
g=10
sfte=192000
cF
cN
sD: 
dP
sP
end of file treatment


tOF : 12:17:42:930
wavfile=SR2_20160909_220334_000.wav
c:
g=10
sfte=192000
cF
cN
sD: 
dP
sP
end of file treatment


tOF : 12:17:43:059
wavfile=SR2_20160909_221741_000.wav
c:
g=10
sfte=192000
cF
cN
sD: 
dP
sP
end of file treatment


tOF : 12:17:43:140
wavfile=SR2_20160909_223044_000.wav
c:
g=10
sfte=192000
cF
cN
sD: 
dP
sP
end of file treatment


tOF : 12:17:43:277
wavfile=SR2_20160909_224257_000.wav
c:
g=10
sfte=192000
cF
cN
sD: 
dP
sP
end of file treatment


tOF : 12:17:43:399
wavfile=SR2_20160909_224939_000.wav
c:
g=10
sfte=192000
cF
cN
sD: 
dP
sP
end of file treatment


tOF : 12:17:43:498
wavfile=SR2_20160909_230913_000.wav
c:
g=10
sfte=192000
cF
cN
sD: 
dP
sP
end of file treatment


tOF : 12:17:43:692
wavfile=SR2_20160909_231325_000.wav
c:
g=10
sfte=192000
cF
cN
sD: 
dP
sP
end of file treatment


tOF : 12:17:43:817
wavfile=SR2_20160909_231803_000.wav
c:
g=10
sfte=192000
cF
cN
sD: 
dP
sP
end of file treatment


tOF : 12:17:43:944
wavfile=SR2_20160909_231935_000.wav
c:
g=10
sfte=192000
cF
cN
sD: 
dP
sP
end of file treatment


tOF : 12:17:44:091
wavfile=SR2_20160909_234605_000.wav
c:
g=10
sfte=192000
cF
cN
sD: 
dP
sP
end of file treatment


tOF : 12:17:44:180
wavfile=SR2_20160909_235417_000.wav
c:
g=10
sfte=192000
cF
cN
sD: 
dP
sP
end of file treatment


tOF : 12:17:44:285
wavfile=SR2_20160909_235823_000.wav
c:
g=10
sfte=192000
cF
cN
sD: 
dP
sP
end of file treatment


tOF : 12:17:44:343
wavfile=SR2_20160910_000646_000.wav
c:
g=10
sfte=192000
cF
cN
sD: 
dP
sP
end of file treatment


tOF : 12:17:44:444
wavfile=SR2_20160910_000904_000.wav
c:
g=10
sfte=192000
cF
cN
sD: 
dP
sP
end of file treatment


tOF : 12:17:44:516
wavfile=SR2_20160910_001613_000.wav
c:
g=10
sfte=192000
cF
cN
sD: 
dP
sP
end of file treatment


tOF : 12:17:44:612
wavfile=SR2_20160910_002626_000.wav
c:
g=10
sfte=192000
cF
cN
sD: 
dP
sP
end of file treatment


tOF : 12:17:44:709
wavfile=SR2_20160910_003020_000.wav
c:
g=10
sfte=192000
cF
cN
sD: 
dP
sP
end of file treatment


tOF : 12:17:44:774
wavfile=SR2_20160910_003419_000.wav
c:
g=10
sfte=192000
cF
cN
sD: 
dP
sP
end of file treatment


tOF : 12:17:44:882
wavfile=SR2_20160910_003713_000.wav
c:
g=10
sfte=192000
cF
cN
sD: 
dP
sP
end of file treatment


tOF : 12:17:45:038
wavfile=SR2_20160910_003809_000.wav
c:
g=10
sfte=192000
cF
cN
sD: 
dP
sP
end of file treatment


tOF : 12:17:45:100
wavfile=SR2_20160910_003837_000.wav
c:
g=10
sfte=192000
cF
cN
sD: 
dP
sP
end of file treatment


tOF : 12:17:45:188
wavfile=SR2_20160910_003942_000.wav
c:
g=10
sfte=192000
cF
cN
sD: 
dP
sP
end of file treatment


tOF : 12:17:45:296
wavfile=SR2_20160910_004029_000.wav
c:
g=10
sfte=192000
cF
cN
sD: 
dP
sP
end of file treatment


tOF : 12:17:45:422
wavfile=SR2_20160910_004121_000.wav
c:
g=10
sfte=192000
cF
cN
sD: 
dP
sP
end of file treatment


tOF : 12:17:45:513
wavfile=SR2_20160910_004248_000.wav
c:
g=10
sfte=192000
cF
cN
sD: 
dP
sP
end of file treatment


tOF : 12:17:45:650
wavfile=SR2_20160910_004331_000.wav
c:
g=10
sfte=192000
cF
cN
sD: 
dP
sP
end of file treatment


tOF : 12:17:45:762
wavfile=SR2_20160910_004435_000.wav
c:
g=10
sfte=192000
cF
cN
sD: 
dP
sP
end of file treatment


tOF : 12:17:45:946
wavfile=SR2_20160910_004513_000.wav
c:
g=10
sfte=192000
cF
cN
sD: 
dP
sP
end of file treatment


tOF : 12:17:46:026
wavfile=SR2_20160910_004609_000.wav
c:
g=10
sfte=192000
cF
cN
sD: 
dP
sP
end of file treatment


tOF : 12:17:46:119
wavfile=SR2_20160910_004634_000.wav
c:
g=10
sfte=192000
cF
cN
sD: 
dP
sP
end of file treatment


tOF : 12:17:46:219
wavfile=SR2_20160910_004711_000.wav
c:
g=10
sfte=192000
cF
cN
sD: 
dP
sP
end of file treatment


tOF : 12:17:46:320
wavfile=SR2_20160910_004744_000.wav
c:
g=10
sfte=192000
cF
cN
sD: 
dP
sP
end of file treatment


tOF : 12:17:46:401
wavfile=SR2_20160910_004824_000.wav
c:
g=10
sfte=192000
cF
cN
sD: 
dP
sP
end of file treatment


tOF : 12:17:46:517
wavfile=SR2_20160910_004903_000.wav
c:
g=10
sfte=192000
cF
cN
sD: 
dP
sP
end of file treatment


tOF : 12:17:46:613
wavfile=SR2_20160910_005048_000.wav
c:
g=10
sfte=192000
cF
cN
sD: 
dP
sP
end of file treatment


tOF : 12:17:46:763
wavfile=SR2_20160910_005220_000.wav
c:
g=10
sfte=192000
cF
cN
sD: 
dP
sP
end of file treatment


tOF : 12:17:46:858
wavfile=SR2_20160910_005338_000.wav
c:
g=10
sfte=192000
cF
cN
sD: 
dP
sP
end of file treatment


tOF : 12:17:47:005
wavfile=SR2_20160910_005409_000.wav
c:
g=10
sfte=192000
cF
cN
sD: 
dP
sP
end of file treatment


tOF : 12:17:47:109
wavfile=SR2_20160910_005453_000.wav
c:
g=10
sfte=192000
cF
cN
sD: 
dP
sP
end of file treatment


tOF : 12:17:47:192
wavfile=SR2_20160910_005548_000.wav
c:
g=10
sfte=192000
cF
cN
sD: 
dP
sP
end of file treatment


tOF : 12:17:47:272
wavfile=SR2_20160910_005627_000.wav
c:
g=10
sfte=192000
cF
cN
sD: 
dP
sP
end of file treatment


tOF : 12:17:47:338
wavfile=SR2_20160910_005743_000.wav
c:
g=10
sfte=192000
cF
cN
sD: 
dP
sP
end of file treatment


tOF : 12:17:47:481
wavfile=SR2_20160910_010033_000.wav
c:
g=10
sfte=192000
cF
cN
sD: 
dP
sP
end of file treatment


tOF : 12:17:47:621
wavfile=SR2_20160910_010241_000.wav
c:
g=10
sfte=192000
cF
cN
sD: 
dP
sP
end of file treatment


tOF : 12:17:47:744
wavfile=SR2_20160910_010654_000.wav
c:
g=10
sfte=192000
cF
cN
sD: 
dP
sP
end of file treatment


tOF : 12:17:47:873
wavfile=SR2_20160910_010944_000.wav
c:
g=10
sfte=192000
cF
cN
sD: 
dP
sP
end of file treatment


tOF : 12:17:47:992
wavfile=SR2_20160910_012325_000.wav
c:
g=10
sfte=192000
cF
cN
sD: 
dP
sP
end of file treatment


tOF : 12:17:48:504
wavfile=SR2_20160910_012745_000.wav
c:
g=10
sfte=192000
cF
cN
sD: 
dP
sP
end of file treatment


tOF : 12:17:48:615
wavfile=SR2_20160910_013012_000.wav
c:
g=10
sfte=192000
cF
cN
sD: 
dP
sP
end of file treatment


tOF : 12:17:48:718
wavfile=SR2_20160910_013206_000.wav
c:
g=10
sfte=192000
cF
cN
sD: 
dP
sP
end of file treatment


tOF : 12:17:48:915
wavfile=SR2_20160910_013452_000.wav
c:
g=10
sfte=192000
cF
cN
sD: 
dP
sP
end of file treatment


tOF : 12:17:48:974
wavfile=SR2_20160910_013535_000.wav
c:
g=10
sfte=192000
cF
cN
sD: 
dP
sP
end of file treatment


tOF : 12:17:49:047
wavfile=SR2_20160910_013638_000.wav
c:
g=10
sfte=192000
cF
cN
sD: 
dP
sP
end of file treatment


tOF : 12:17:49:138
wavfile=SR2_20160910_013852_000.wav
c:
g=10
sfte=192000
cF
cN
sD: 
dP
sP
end of file treatment


tOF : 12:17:49:234
wavfile=SR2_20160910_014332_000.wav
c:
g=10
sfte=192000
cF
cN
sD: 
dP
sP
end of file treatment


tOF : 12:17:49:391
wavfile=SR2_20160910_014507_000.wav
c:
g=10
sfte=192000
cF
cN
sD: 
dP
sP
end of file treatment


tOF : 12:17:49:455
wavfile=SR2_20160910_015054_000.wav
c:
g=10
sfte=192000
cF
cN
sD: 
dP
sP
end of file treatment


tOF : 12:17:49:674
wavfile=SR2_20160910_015428_000.wav
c:
g=10
sfte=192000
cF
cN
sD: 
dP
sP
end of file treatment


tOF : 12:17:49:767
wavfile=SR2_20160910_015744_000.wav
c:
g=10
sfte=192000
cF
cN
sD: 
dP
sP
end of file treatment


tOF : 12:17:49:879
wavfile=SR2_20160910_015933_000.wav
c:
g=10
sfte=192000
cF
cN
sD: 
dP
sP
end of file treatment


tOF : 12:17:50:027
wavfile=SR2_20160910_020039_000.wav
c:
g=10
sfte=192000
cF
cN
sD: 
dP
sP
end of file treatment


tOF : 12:17:50:116
wavfile=SR2_20160910_020128_000.wav
c:
g=10
sfte=192000
cF
cN
sD: 
dP
sP
end of file treatment


tOF : 12:17:50:195
wavfile=SR2_20160910_020205_000.wav
c:
g=10
sfte=192000
cF
cN
sD: 
dP
sP
end of file treatment


tOF : 12:17:50:371
wavfile=SR2_20160910_020218_000.wav
c:
g=10
sfte=192000
cF
cN
sD: 
dP
sP
end of file treatment


tOF : 12:17:50:514
wavfile=SR2_20160910_020326_000.wav
c:
g=10
sfte=192000
cF
cN
sD: 
dP
sP
end of file treatment


tOF : 12:17:50:616
wavfile=SR2_20160910_020344_000.wav
c:
g=10
sfte=192000
cF
cN
sD: 
dP
sP
end of file treatment


tOF : 12:17:50:740
wavfile=SR2_20160910_020507_000.wav
c:
g=10
sfte=192000
cF
cN
sD: 
dP
sP
end of file treatment


tOF : 12:17:50:832
wavfile=SR2_20160910_020618_000.wav
c:
g=10
sfte=192000
cF
cN
sD: 
dP
sP
end of file treatment


tOF : 12:17:50:948
wavfile=SR2_20160910_020732_000.wav
c:
g=10
sfte=192000
cF
cN
sD: 
dP
sP
end of file treatment


tOF : 12:17:51:039
wavfile=SR2_20160910_020756_000.wav
c:
g=10
sfte=192000
cF
cN
sD: 
dP
sP
end of file treatment


tOF : 12:17:51:124
wavfile=SR2_20160910_020904_000.wav
c:
g=10
sfte=192000
cF
cN
sD: 
dP
sP
end of file treatment


tOF : 12:17:51:218
wavfile=SR2_20160910_021001_000.wav
c:
g=10
sfte=192000
cF
cN
sD: 
dP
sP
end of file treatment


tOF : 12:17:51:309
wavfile=SR2_20160910_021207_000.wav
c:
g=10
sfte=192000
cF
cN
sD: 
dP
sP
end of file treatment


tOF : 12:17:51:377
wavfile=SR2_20160910_021253_000.wav
c:
g=10
sfte=192000
cF
cN
sD: 
dP
sP
end of file treatment


tOF : 12:17:51:474
wavfile=SR2_20160910_021340_000.wav
c:
g=10
sfte=192000
cF
cN
sD: 
dP
sP
end of file treatment


tOF : 12:17:51:523
wavfile=SR2_20160910_021424_000.wav
c:
g=10
sfte=192000
cF
cN
sD: 
dP
sP
end of file treatment


tOF : 12:17:51:616
wavfile=SR2_20160910_021501_000.wav
c:
g=10
sfte=192000
cF
cN
sD: 
dP
sP
end of file treatment


tOF : 12:17:51:707
wavfile=SR2_20160910_021602_000.wav
c:
g=10
sfte=192000
cF
cN
sD: 
dP
sP
end of file treatment


tOF : 12:17:51:814
wavfile=SR2_20160910_021627_000.wav
c:
g=10
sfte=192000
cF
cN
sD: 
dP
sP
end of file treatment


tOF : 12:17:51:877
wavfile=SR2_20160910_021720_000.wav
c:
g=10
sfte=192000
cF
cN
sD: 
dP
sP
end of file treatment


tOF : 12:17:52:004
wavfile=SR2_20160910_021810_000.wav
c:
g=10
sfte=192000
cF
cN
sD: 
dP
sP
end of file treatment


tOF : 12:17:52:170
wavfile=SR2_20160910_021921_000.wav
c:
g=10
sfte=192000
cF
cN
sD: 
dP
sP
end of file treatment


tOF : 12:17:52:255
wavfile=SR2_20160910_021943_000.wav
c:
g=10
sfte=192000
cF
cN
sD: 
dP
sP
end of file treatment


tOF : 12:17:52:328
wavfile=SR2_20160910_022007_000.wav
c:
g=10
sfte=192000
cF
cN
sD: 
dP
sP
end of file treatment


tOF : 12:17:52:408
wavfile=SR2_20160910_022039_000.wav
c:
g=10
sfte=192000
cF
cN
sD: 
dP
sP
end of file treatment


tOF : 12:17:52:502
wavfile=SR2_20160910_022059_000.wav
c:
g=10
sfte=192000
cF
cN
sD: 
dP
sP
end of file treatment


tOF : 12:17:52:583
wavfile=SR2_20160910_022133_000.wav
c:
g=10
sfte=192000
cF
cN
sD: 
dP
sP
end of file treatment


tOF : 12:17:52:661
wavfile=SR2_20160910_022226_000.wav
c:
g=10
sfte=192000
cF
cN
sD: 
dP
sP
end of file treatment


tOF : 12:17:52:750
wavfile=SR2_20160910_022308_000.wav
c:
g=10
sfte=192000
cF
cN
sD: 
dP
sP
end of file treatment


tOF : 12:17:52:838
wavfile=SR2_20160910_022443_000.wav
c:
g=10
sfte=192000
cF
cN
sD: 
dP
sP
end of file treatment


tOF : 12:17:52:888
wavfile=SR2_20160910_022518_000.wav
c:
g=10
sfte=192000
cF
cN
sD: 
dP
sP
end of file treatment


tOF : 12:17:52:984
wavfile=SR2_20160910_022621_000.wav
c:
g=10
sfte=192000
cF
cN
sD: 
dP
sP
end of file treatment


tOF : 12:17:53:044
wavfile=SR2_20160910_022815_000.wav
c:
g=10
sfte=192000
cF
cN
sD: 
dP
sP
end of file treatment


tOF : 12:17:53:106
wavfile=SR2_20160910_022937_000.wav
c:
g=10
sfte=192000
cF
cN
sD: 
dP
sP
end of file treatment


tOF : 12:17:53:210
wavfile=SR2_20160910_023023_000.wav
c:
g=10
sfte=192000
cF
cN
sD: 
dP
sP
end of file treatment


tOF : 12:17:53:284
wavfile=SR2_20160910_023122_000.wav
c:
g=10
sfte=192000
cF
cN
sD: 
dP
sP
end of file treatment


tOF : 12:17:53:360
wavfile=SR2_20160910_023153_000.wav
c:
g=10
sfte=192000
cF
cN
sD: 
dP
sP
end of file treatment


tOF : 12:17:53:478
wavfile=SR2_20160910_023234_000.wav
c:
g=10
sfte=192000
cF
cN
sD: 
dP
sP
end of file treatment


tOF : 12:17:53:590
wavfile=SR2_20160910_023305_000.wav
c:
g=10
sfte=192000
cF
cN
sD: 
dP
sP
end of file treatment


tOF : 12:17:53:646
wavfile=SR2_20160910_023335_000.wav
c:
g=10
sfte=192000
cF
cN
sD: 
dP
sP
end of file treatment


tOF : 12:17:53:696
wavfile=SR2_20160910_023357_000.wav
c:
g=10
sfte=192000
cF
cN
sD: 
dP
sP
end of file treatment


tOF : 12:17:53:764
wavfile=SR2_20160910_023458_000.wav
c:
g=10
sfte=192000
cF
cN
sD: 
dP
sP
end of file treatment


tOF : 12:17:53:871
wavfile=SR2_20160910_023532_000.wav
c:
g=10
sfte=192000
cF
cN
sD: 
dP
sP
end of file treatment


tOF : 12:17:53:985
wavfile=SR2_20160910_023634_000.wav
c:
g=10
sfte=192000
cF
cN
sD: 
dP
sP
end of file treatment


tOF : 12:17:54:035
wavfile=SR2_20160910_023705_000.wav
c:
g=10
sfte=192000
cF
cN
sD: 
dP
sP
end of file treatment


tOF : 12:17:54:135
wavfile=SR2_20160910_023732_000.wav
c:
g=10
sfte=192000
cF
cN
sD: 
dP
sP
end of file treatment


tOF : 12:17:54:229
wavfile=SR2_20160910_023758_000.wav
c:
g=10
sfte=192000
cF
cN
sD: 
dP
sP
end of file treatment


tOF : 12:17:54:307
wavfile=SR2_20160910_023823_000.wav
c:
g=10
sfte=192000
cF
cN
sD: 
dP
sP
end of file treatment


tOF : 12:17:54:358
wavfile=SR2_20160910_023840_000.wav
c:
g=10
sfte=192000
cF
cN
sD: 
dP
sP
end of file treatment


tOF : 12:17:54:443
wavfile=SR2_20160910_023906_000.wav
c:
g=10
sfte=192000
cF
cN
sD: 
dP
sP
end of file treatment


tOF : 12:17:54:558
wavfile=SR2_20160910_023950_000.wav
c:
g=10
sfte=192000
cF
cN
sD: 
dP
sP
end of file treatment


tOF : 12:17:54:649
wavfile=SR2_20160910_024035_000.wav
c:
g=10
sfte=192000
cF
cN
sD: 
dP
sP
end of file treatment


tOF : 12:17:54:700
wavfile=SR2_20160910_024059_000.wav
c:
g=10
sfte=192000
cF
cN
sD: 
dP
sP
end of file treatment


tOF : 12:17:54:791
wavfile=SR2_20160910_024152_000.wav
c:
g=10
sfte=192000
cF
cN
sD: 
dP
sP
end of file treatment


tOF : 12:17:54:925
wavfile=SR2_20160910_024232_000.wav
c:
g=10
sfte=192000
cF
cN
sD: 
dP
sP
end of file treatment


tOF : 12:17:54:984
wavfile=SR2_20160910_024358_000.wav
c:
g=10
sfte=192000
cF
cN
sD: 
dP
sP
end of file treatment


tOF : 12:17:55:067
wavfile=SR2_20160910_024450_000.wav
c:
g=10
sfte=192000
cF
cN
sD: 
dP
sP
end of file treatment


tOF : 12:17:55:160
wavfile=SR2_20160910_024634_000.wav
c:
g=10
sfte=192000
cF
cN
sD: 
dP
sP
end of file treatment


tOF : 12:17:55:232
wavfile=SR2_20160910_024701_000.wav
c:
g=10
sfte=192000
cF
cN
sD: 
dP
sP
end of file treatment


tOF : 12:17:55:294
wavfile=SR2_20160910_024753_000.wav
c:
g=10
sfte=192000
cF
cN
sD: 
dP
sP
end of file treatment


tOF : 12:17:55:484
wavfile=SR2_20160910_024822_000.wav
c:
g=10
sfte=192000
cF
cN
sD: 
dP
sP
end of file treatment


tOF : 12:17:55:630
wavfile=SR2_20160910_024900_000.wav
c:
g=10
sfte=192000
cF
cN
sD: 
dP
sP
end of file treatment


tOF : 12:17:55:702
wavfile=SR2_20160910_024940_000.wav
c:
g=10
sfte=192000
cF
cN
sD: 
dP
sP
end of file treatment


tOF : 12:17:55:902
wavfile=SR2_20160910_025008_000.wav
c:
g=10
sfte=192000
cF
cN
sD: 
dP
sP
end of file treatment


tOF : 12:17:56:103
wavfile=SR2_20160910_025045_000.wav
c:
g=10
sfte=192000
cF
cN
sD: 
dP
sP
end of file treatment


tOF : 12:17:56:201
wavfile=SR2_20160910_025217_000.wav
c:
g=10
sfte=192000
cF
cN
sD: 
dP
sP
end of file treatment


tOF : 12:17:56:319
wavfile=SR2_20160910_025301_000.wav
c:
g=10
sfte=192000
cF
cN
sD: 
dP
sP
end of file treatment


tOF : 12:17:56:391
wavfile=SR2_20160910_025517_000.wav
c:
g=10
sfte=192000
cF
cN
sD: 
dP
sP
end of file treatment


tOF : 12:17:56:483
wavfile=SR2_20160910_025621_000.wav
c:
g=10
sfte=192000
cF
cN
sD: 
dP
sP
end of file treatment


tOF : 12:17:56:554
wavfile=SR2_20160910_025659_000.wav
c:
g=10
sfte=192000
cF
cN
sD: 
dP
sP
end of file treatment


tOF : 12:17:56:647
wavfile=SR2_20160910_025802_000.wav
c:
g=10
sfte=192000
cF
cN
sD: 
dP
sP
end of file treatment


tOF : 12:17:56:706
wavfile=SR2_20160910_025938_000.wav
c:
g=10
sfte=192000
cF
cN
sD: 
dP
sP
end of file treatment


tOF : 12:17:56:755
wavfile=SR2_20160910_030033_000.wav
c:
g=10
sfte=192000
cF
cN
sD: 
dP
sP
end of file treatment


tOF : 12:17:56:872
wavfile=SR2_20160910_030112_000.wav
c:
g=10
sfte=192000
cF
cN
sD: 
dP
sP
end of file treatment


tOF : 12:17:56:936
wavfile=SR2_20160910_030144_000.wav
c:
g=10
sfte=192000
cF
cN
sD: 
dP
sP
end of file treatment


tOF : 12:17:56:988
wavfile=SR2_20160910_030244_000.wav
c:
g=10
sfte=192000
cF
cN
sD: 
dP
sP
end of file treatment


tOF : 12:17:57:593
wavfile=SR2_20160910_030336_000.wav
c:
g=10
sfte=192000
cF
cN
sD: 
dP
sP
end of file treatment


tOF : 12:17:57:716
wavfile=SR2_20160910_030408_000.wav
c:
g=10
sfte=192000
cF
cN
sD: 
dP
sP
end of file treatment


tOF : 12:17:57:865
wavfile=SR2_20160910_030444_000.wav
c:
g=10
sfte=192000
cF
cN
sD: 
dP
sP
end of file treatment


tOF : 12:17:58:012
wavfile=SR2_20160910_030507_000.wav
c:
g=10
sfte=192000
cF
cN
sD: 
dP
sP
end of file treatment


tOF : 12:17:58:217
wavfile=SR2_20160910_030556_000.wav
c:
g=10
sfte=192000
cF
cN
sD: 
dP
sP
end of file treatment


tOF : 12:17:58:300
wavfile=SR2_20160910_030625_000.wav
c:
g=10
sfte=192000
cF
cN
sD: 
dP
sP
end of file treatment


tOF : 12:17:58:400
wavfile=SR2_20160910_030746_000.wav
c:
g=10
sfte=192000
cF
cN
sD: 
dP
sP
end of file treatment


tOF : 12:17:58:506
wavfile=SR2_20160910_030812_000.wav
c:
g=10
sfte=192000
cF
cN
sD: 
dP
sP
end of file treatment


tOF : 12:17:58:600
wavfile=SR2_20160910_030855_000.wav
c:
g=10
sfte=192000
cF
cN
sD: 
dP
sP
end of file treatment


tOF : 12:17:58:676
wavfile=SR2_20160910_030927_000.wav
c:
g=10
sfte=192000
cF
cN
sD: 
dP
sP
end of file treatment


tOF : 12:17:58:822
wavfile=SR2_20160910_031107_000.wav
c:
g=10
sfte=192000
cF
cN
sD: 
dP
sP
end of file treatment


tOF : 12:17:58:904
wavfile=SR2_20160910_031200_000.wav
c:
g=10
sfte=192000
cF
cN
sD: 
dP
sP
end of file treatment


tOF : 12:17:58:978
wavfile=SR2_20160910_031304_000.wav
c:
g=10
sfte=192000
cF
cN
sD: 
dP
sP
end of file treatment


tOF : 12:17:59:104
wavfile=SR2_20160910_031402_000.wav
c:
g=10
sfte=192000
cF
cN
sD: 
dP
sP
end of file treatment


tOF : 12:17:59:155
wavfile=SR2_20160910_031433_000.wav
c:
g=10
sfte=192000
cF
cN
sD: 
dP
sP
end of file treatment


tOF : 12:17:59:253
wavfile=SR2_20160910_031452_000.wav
c:
g=10
sfte=192000
cF
cN
sD: 
dP
sP
end of file treatment


tOF : 12:17:59:344
wavfile=SR2_20160910_031533_000.wav
c:
g=10
sfte=192000
cF
cN
sD: 
dP
sP
end of file treatment


tOF : 12:17:59:392
wavfile=SR2_20160910_031609_000.wav
c:
g=10
sfte=192000
cF
cN
sD: 
dP
sP
end of file treatment


tOF : 12:17:59:462
wavfile=SR2_20160910_031641_000.wav
c:
g=10
sfte=192000
cF
cN
sD: 
dP
sP
end of file treatment


tOF : 12:17:59:545
wavfile=SR2_20160910_031727_000.wav
c:
g=10
sfte=192000
cF
cN
sD: 
dP
sP
end of file treatment


tOF : 12:17:59:608
wavfile=SR2_20160910_031805_000.wav
c:
g=10
sfte=192000
cF
cN
sD: 
dP
sP
end of file treatment


tOF : 12:17:59:704
wavfile=SR2_20160910_031825_000.wav
c:
g=10
sfte=192000
cF
cN
sD: 
dP
sP
end of file treatment


tOF : 12:17:59:772
wavfile=SR2_20160910_031920_000.wav
c:
g=10
sfte=192000
cF
cN
sD: 
dP
sP
end of file treatment


tOF : 12:17:59:822
wavfile=SR2_20160910_032004_000.wav
c:
g=10
sfte=192000
cF
cN
sD: 
dP
sP
end of file treatment


tOF : 12:17:59:904
wavfile=SR2_20160910_032044_000.wav
c:
g=10
sfte=192000
cF
cN
sD: 
dP
sP
end of file treatment


tOF : 12:17:59:968
wavfile=SR2_20160910_032121_000.wav
c:
g=10
sfte=192000
cF
cN
sD: 
dP
sP
end of file treatment


tOF : 12:18:00:017
wavfile=SR2_20160910_032228_000.wav
c:
g=10
sfte=192000
cF
cN
sD: 
dP
sP
end of file treatment


tOF : 12:18:00:142
wavfile=SR2_20160910_032805_000.wav
c:
g=10
sfte=192000
cF
cN
sD: 
dP
sP
end of file treatment


tOF : 12:18:00:220
wavfile=SR2_20160910_032948_000.wav
c:
g=10
sfte=192000
cF
cN
sD: 
dP
sP
end of file treatment


tOF : 12:18:00:269
wavfile=SR2_20160910_033049_000.wav
c:
g=10
sfte=192000
cF
cN
sD: 
dP
sP
end of file treatment


tOF : 12:18:00:373
wavfile=SR2_20160910_040939_000.wav
c:
g=10
sfte=192000
cF
cN
sD: 
dP
sP
end of file treatment


tOF : 12:18:00:459
wavfile=SR2_20160910_041456_000.wav
c:
g=10
sfte=192000
cF
cN
sD: 
dP
sP
end of file treatment


tOF : 12:18:00:532
wavfile=SR2_20160910_042714_000.wav
c:
g=10
sfte=192000
cF
cN
sD: 
dP
sP
end of file treatment


tOF : 12:18:00:582
wavfile=SR2_20160910_043423_000.wav
c:
g=10
sfte=192000
cF
cN
sD: 
dP
sP
end of file treatment


tOF : 12:18:00:672
wavfile=SR2_20160910_044105_000.wav
c:
g=10
sfte=192000
cF
cN
sD: 
dP
sP
end of file treatment


tOF : 12:18:00:761
wavfile=SR2_20160910_044242_000.wav
c:
g=10
sfte=192000
cF
cN
sD: 
dP
sP
end of file treatment


tOF : 12:18:00:842
wavfile=SR2_20160910_045049_000.wav
c:
g=10
sfte=192000
cF
cN
sD: 
dP
sP
end of file treatment


tOF : 12:18:00:941
wavfile=SR2_20160910_045218_000.wav
c:
g=10
sfte=192000
cF
cN
sD: 
dP
sP
end of file treatment


tOF : 12:18:00:991
wavfile=SR2_20160910_045808_000.wav
c:
g=10
sfte=192000
cF
cN
sD: 
dP
sP
end of file treatment


tOF : 12:18:01:067
wavfile=SR2_20160910_050031_000.wav
c:
g=10
sfte=192000
cF
cN
sD: 
dP
sP
end of file treatment


tOF : 12:18:01:148
wavfile=SR2_20160910_050323_000.wav
c:
g=10
sfte=192000
cF
cN
sD: 
dP
sP
end of file treatment


tOF : 12:18:01:271
wavfile=SR2_20160910_050725_000.wav
c:
g=10
sfte=192000
cF
cN
sD: 
dP
sP
end of file treatment


tOF : 12:18:01:331
wavfile=SR2_20160910_050937_000.wav
c:
g=10
sfte=192000
cF
cN
sD: 
dP
sP
end of file treatment


tOF : 12:18:01:380
wavfile=SR2_20160910_051038_000.wav
c:
g=10
sfte=192000
cF
cN
sD: 
dP
sP
end of file treatment


tOF : 12:18:01:446
wavfile=SR2_20160910_051233_000.wav
c:
g=10
sfte=192000
cF
cN
sD: 
dP
sP
end of file treatment


tOF : 12:18:01:518
wavfile=SR2_20160910_051331_000.wav
c:
g=10
sfte=192000
cF
cN
sD: 
dP
sP
end of file treatment


tOF : 12:18:01:568
wavfile=SR2_20160910_051723_000.wav
c:
g=10
sfte=192000
cF
cN
sD: 
dP
sP
end of file treatment


tOF : 12:18:01:617
wavfile=SR2_20160910_052200_000.wav
c:
g=10
sfte=192000
cF
cN
sD: 
dP
sP
end of file treatment


tOF : 12:18:01:683
wavfile=SR2_20160910_052346_000.wav
c:
g=10
sfte=192000
cF
cN
sD: 
dP
sP
end of file treatment


tOF : 12:18:01:734
wavfile=SR2_20160910_052513_000.wav
c:
g=10
sfte=192000
cF
cN
sD: 
dP
sP
end of file treatment


tOF : 12:18:01:783
wavfile=SR2_20160910_052644_000.wav
c:
g=10
sfte=192000
cF
cN
sD: 
dP
sP
end of file treatment


tOF : 12:18:01:905
wavfile=SR2_20160910_052728_000.wav
c:
g=10
sfte=192000
cF
cN
sD: 
dP
sP
end of file treatment


tOF : 12:18:01:956
wavfile=SR2_20160910_052807_000.wav
c:
g=10
sfte=192000
cF
cN
sD: 
dP
sP
end of file treatment


tOF : 12:18:02:042
wavfile=SR2_20160910_052855_000.wav
c:
g=10
sfte=192000
cF
cN
sD: 
dP
sP
end of file treatment


tOF : 12:18:02:118
wavfile=SR2_20160910_052942_000.wav
c:
g=10
sfte=192000
cF
cN
sD: 
dP
sP
end of file treatment


tOF : 12:18:02:206
wavfile=SR2_20160910_053051_000.wav
c:
g=10
sfte=192000
cF
cN
sD: 
dP
sP
end of file treatment


tOF : 12:18:02:325
wavfile=SR2_20160910_053137_000.wav
c:
g=10
sfte=192000
cF
cN
sD: 
dP
sP
end of file treatment


tOF : 12:18:02:452
wavfile=SR2_20160910_053250_000.wav
c:
g=10
sfte=192000
cF
cN
sD: 
dP
sP
end of file treatment


tOF : 12:18:02:556
wavfile=SR2_20160910_053351_000.wav
c:
g=10
sfte=192000
cF
cN
sD: 
dP
sP
end of file treatment


tOF : 12:18:02:828
wavfile=SR2_20160910_053422_000.wav
c:
g=10
sfte=192000
cF
cN
sD: 
dP
sP
end of file treatment


tOF : 12:18:02:991
wavfile=SR2_20160910_053504_000.wav
c:
g=10
sfte=192000
cF
cN
sD: 
dP
sP
end of file treatment


tOF : 12:18:03:128
wavfile=SR2_20160910_053541_000.wav
c:
g=10
sfte=192000
cF
cN
sD: 
dP
sP
end of file treatment


tOF : 12:18:03:317
wavfile=SR2_20160910_053656_000.wav
c:
g=10
sfte=192000
cF
cN
sD: 
dP
sP
end of file treatment


tOF : 12:18:03:399
wavfile=SR2_20160910_053824_000.wav
c:
g=10
sfte=192000
cF
cN
sD: 
dP
sP
end of file treatment


tOF : 12:18:03:534
wavfile=SR2_20160910_053925_000.wav
c:
g=10
sfte=192000
cF
cN
sD: 
dP
sP
end of file treatment


tOF : 12:18:03:753
wavfile=SR2_20160910_054009_000.wav
c:
g=10
sfte=192000
cF
cN
sD: 
dP
sP
end of file treatment


tOF : 12:18:03:881
wavfile=SR2_20160910_054041_000.wav
c:
g=10
sfte=192000
cF
cN
sD: 
dP
sP
end of file treatment


tOF : 12:18:04:049
wavfile=SR2_20160910_054101_000.wav
c:
g=10
sfte=192000
cF
cN
sD: 
dP
sP
end of file treatment


tOF : 12:18:04:120
wavfile=SR2_20160910_054152_000.wav
c:
g=10
sfte=192000
cF
cN
sD: 
dP
sP
end of file treatment


tOF : 12:18:04:248
wavfile=SR2_20160910_054212_000.wav
c:
g=10
sfte=192000
cF
cN
sD: 
dP
sP
end of file treatment


tOF : 12:18:04:330
wavfile=SR2_20160910_054301_000.wav
c:
g=10
sfte=192000
cF
cN
sD: 
dP
sP
end of file treatment


tOF : 12:18:04:380
wavfile=SR2_20160910_054548_000.wav
c:
g=10
sfte=192000
cF
cN
sD: 
dP
sP
end of file treatment


tOF : 12:18:04:433
wavfile=SR2_20160910_054652_000.wav
c:
g=10
sfte=192000
cF
cN
sD: 
dP
sP
end of file treatment


tOF : 12:18:04:490
wavfile=SR2_20160910_054845_000.wav
c:
g=10
sfte=192000
cF
cN
sD: 
dP
sP
end of file treatment


tOF : 12:18:04:563
wavfile=SR2_20160910_195043_000.wav
c:
g=10
sfte=192000
cF
cN
sD: 
dP
sP
end of file treatment


tOF : 12:18:04:674
wavfile=SR2_20160910_203021_000.wav
c:
g=10
sfte=192000
cF
cN
sD: 
dP
sP
end of file treatment


tOF : 12:18:04:786
wavfile=SR2_20160910_211912_000.wav
c:
g=10
sfte=192000
cF
cN
sD: 
dP
sP
end of file treatment


tOF : 12:18:04:865
wavfile=SR2_20160910_214046_000.wav
c:
g=10
sfte=192000
cF
cN
sD: 
dP
sP
end of file treatment


tOF : 12:18:04:934
wavfile=SR2_20160910_214235_000.wav
c:
g=10
sfte=192000
cF
cN
sD: 
dP
sP
end of file treatment


tOF : 12:18:04:991
wavfile=SR2_20160910_214331_000.wav
c:
g=10
sfte=192000
cF
cN
sD: 
dP
sP
end of file treatment


tOF : 12:18:05:086
wavfile=SR2_20160910_214352_000.wav
c:
g=10
sfte=192000
cF
cN
sD: 
dP
sP
end of file treatment


tOF : 12:18:05:149
wavfile=SR2_20160910_214453_000.wav
c:
g=10
sfte=192000
cF
cN
sD: 
dP
sP
end of file treatment


tOF : 12:18:05:258
wavfile=SR2_20160910_214648_000.wav
c:
g=10
sfte=192000
cF
cN
sD: 
dP
sP
end of file treatment


tOF : 12:18:05:339
wavfile=SR2_20160910_214741_000.wav
c:
g=10
sfte=192000
cF
cN
sD: 
dP
sP
end of file treatment


tOF : 12:18:05:415
wavfile=SR2_20160910_214820_000.wav
c:
g=10
sfte=192000
cF
cN
sD: 
dP
sP
end of file treatment


tOF : 12:18:05:469
wavfile=SR2_20160910_215142_000.wav
c:
g=10
sfte=192000
cF
cN
sD: 
dP
sP
end of file treatment


tOF : 12:18:05:614
wavfile=SR2_20160910_215329_000.wav
c:
g=10
sfte=192000
cF
cN
sD: 
dP
sP
end of file treatment


tOF : 12:18:05:665
wavfile=SR2_20160910_220327_000.wav
c:
g=10
sfte=192000
cF
cN
sD: 
dP
sP
end of file treatment


tOF : 12:18:05:727
wavfile=SR2_20160910_221338_000.wav
c:
g=10
sfte=192000
cF
cN
sD: 
dP
sP
end of file treatment


tOF : 12:18:05:794
wavfile=SR2_20160910_221456_000.wav
c:
g=10
sfte=192000
cF
cN
sD: 
dP
sP
end of file treatment


tOF : 12:18:05:859
wavfile=SR2_20160910_221544_000.wav
c:
g=10
sfte=192000
cF
cN
sD: 
dP
sP
end of file treatment


tOF : 12:18:05:959
wavfile=SR2_20160910_221723_000.wav
c:
g=10
sfte=192000
cF
cN
sD: 
dP
sP
end of file treatment


tOF : 12:18:06:103
wavfile=SR2_20160910_221859_000.wav
c:
g=10
sfte=192000
cF
cN
sD: 
dP
sP
end of file treatment


tOF : 12:18:06:336
wavfile=SR2_20160910_221948_000.wav
c:
g=10
sfte=192000
cF
cN
sD: 
dP
sP
end of file treatment


tOF : 12:18:06:425
wavfile=SR2_20160910_222029_000.wav
c:
g=10
sfte=192000
cF
cN
sD: 
dP
sP
end of file treatment


tOF : 12:18:06:531
wavfile=SR2_20160910_222124_000.wav
c:
g=10
sfte=192000
cF
cN
sD: 
dP
sP
end of file treatment


tOF : 12:18:06:609
wavfile=SR2_20160910_222246_000.wav
c:
g=10
sfte=192000
cF
cN
sD: 
dP
sP
end of file treatment


tOF : 12:18:06:684
wavfile=SR2_20160910_222438_000.wav
c:
g=10
sfte=192000
cF
cN
sD: 
dP
sP
end of file treatment


tOF : 12:18:06:782
wavfile=SR2_20160910_222535_000.wav
c:
g=10
sfte=192000
cF
cN
sD: 
dP
sP
end of file treatment


tOF : 12:18:06:845
wavfile=SR2_20160910_222632_000.wav
c:
g=10
sfte=192000
cF
cN
sD: 
dP
sP
end of file treatment


tOF : 12:18:06:927
wavfile=SR2_20160910_222725_000.wav
c:
g=10
sfte=192000
cF
cN
sD: 
dP
sP
end of file treatment


tOF : 12:18:07:031
wavfile=SR2_20160910_222808_000.wav
c:
g=10
sfte=192000
cF
cN
sD: 
dP
sP
end of file treatment


tOF : 12:18:07:119
wavfile=SR2_20160910_222919_000.wav
c:
g=10
sfte=192000
cF
cN
sD: 
dP
sP
end of file treatment


tOF : 12:18:07:235
wavfile=SR2_20160910_223024_000.wav
c:
g=10
sfte=192000
cF
cN
sD: 
dP
sP
end of file treatment


tOF : 12:18:07:309
wavfile=SR2_20160910_223204_000.wav
c:
g=10
sfte=192000
cF
cN
sD: 
dP
sP
end of file treatment


tOF : 12:18:07:390
wavfile=SR2_20160910_223231_000.wav
c:
g=10
sfte=192000
cF
cN
sD: 
dP
sP
end of file treatment


tOF : 12:18:07:530
wavfile=SR2_20160910_223332_000.wav
c:
g=10
sfte=192000
cF
cN
sD: 
dP
sP
end of file treatment


tOF : 12:18:07:699
wavfile=SR2_20160910_223524_000.wav
c:
g=10
sfte=192000
cF
cN
sD: 
dP
sP
end of file treatment


tOF : 12:18:07:874
wavfile=SR2_20160910_223615_000.wav
c:
g=10
sfte=192000
cF
cN
sD: 
dP
sP
end of file treatment


tOF : 12:18:07:951
wavfile=SR2_20160910_223730_000.wav
c:
g=10
sfte=192000
cF
cN
sD: 
dP
sP
end of file treatment


tOF : 12:18:08:029
wavfile=SR2_20160910_223827_000.wav
c:
g=10
sfte=192000
cF
cN
sD: 
dP
sP
end of file treatment


tOF : 12:18:08:123
wavfile=SR2_20160910_224026_000.wav
c:
g=10
sfte=192000
cF
cN
sD: 
dP
sP
end of file treatment


tOF : 12:18:08:174
wavfile=SR2_20160910_224557_000.wav
c:
g=10
sfte=192000
cF
cN
sD: 
dP
sP
end of file treatment


tOF : 12:18:08:252
wavfile=SR2_20160910_224709_000.wav
c:
g=10
sfte=192000
cF
cN
sD: 
dP
sP
end of file treatment


tOF : 12:18:08:303
wavfile=SR2_20160910_225103_000.wav
c:
g=10
sfte=192000
cF
cN
sD: 
dP
sP
end of file treatment


tOF : 12:18:08:363
wavfile=SR2_20160910_225544_000.wav
c:
g=10
sfte=192000
cF
cN
sD: 
dP
sP
end of file treatment


tOF : 12:18:08:464
wavfile=SR2_20160910_225749_000.wav
c:
g=10
sfte=192000
cF
cN
sD: 
dP
sP
end of file treatment


tOF : 12:18:08:514
wavfile=SR2_20160910_230001_000.wav
c:
g=10
sfte=192000
cF
cN
sD: 
dP
sP
end of file treatment


tOF : 12:18:08:585
wavfile=SR2_20160910_231629_000.wav
c:
g=10
sfte=192000
cF
cN
sD: 
dP
sP
end of file treatment


tOF : 12:18:08:653
wavfile=SR2_20160910_232939_000.wav
c:
g=10
sfte=192000
cF
cN
sD: 
dP
sP
end of file treatment


tOF : 12:18:08:727
wavfile=SR2_20160910_233648_000.wav
c:
g=10
sfte=192000
cF
cN
sD: 
dP
sP
end of file treatment


tOF : 12:18:08:843
wavfile=SR2_20160910_234150_000.wav
c:
g=10
sfte=192000
cF
cN
sD: 
dP
sP
end of file treatment


tOF : 12:18:08:931
wavfile=SR2_20160910_234455_000.wav
c:
g=10
sfte=192000
cF
cN
sD: 
dP
sP
end of file treatment


tOF : 12:18:09:012
wavfile=SR2_20160910_234528_000.wav
c:
g=10
sfte=192000
cF
cN
sD: 
dP
sP
end of file treatment


tOF : 12:18:09:061
wavfile=SR2_20160910_234731_000.wav
c:
g=10
sfte=192000
cF
cN
sD: 
dP
sP
end of file treatment


tOF : 12:18:09:138
wavfile=SR2_20160910_235119_000.wav
c:
g=10
sfte=192000
cF
cN
sD: 
dP
sP
end of file treatment


tOF : 12:18:09:215
wavfile=SR2_20160910_235314_000.wav
c:
g=10
sfte=192000
cF
cN
sD: 
dP
sP
end of file treatment


tOF : 12:18:09:274
wavfile=SR2_20160911_000120_000.wav
c:
g=10
sfte=192000
cF
cN
sD: 
dP
sP
end of file treatment


tOF : 12:18:09:422
wavfile=SR2_20160911_000357_000.wav
c:
g=10
sfte=192000
cF
cN
sD: 
dP
sP
end of file treatment


tOF : 12:18:09:484
wavfile=SR2_20160911_000524_000.wav
c:
g=10
sfte=192000
cF
cN
sD: 
dP
sP
end of file treatment


tOF : 12:18:09:583
wavfile=SR2_20160911_002914_000.wav
c:
g=10
sfte=192000
cF
cN
sD: 
dP
sP
end of file treatment


tOF : 12:18:09:655
wavfile=SR2_20160911_175131_000.wav
c:
g=10
sfte=192000
cF
cN
sD: 
dP
sP
end of file treatment


tOF : 12:18:09:716
wavfile=SR2_20160911_180123_000.wav
c:
g=10
sfte=192000
cF
cN
sD: 
dP
sP
end of file treatment


tOF : 12:18:09:788
wavfile=SR2_20160911_180725_000.wav
c:
g=10
sfte=192000
cF
cN
sD: 
dP
sP
end of file treatment


tOF : 12:18:09:868
wavfile=SR2_20160911_180848_000.wav
c:
g=10
sfte=192000
cF
cN
sD: 
dP
sP
end of file treatment


tOF : 12:18:09:916
wavfile=SR2_20160911_194748_000.wav
c:
g=10
sfte=192000
cF
cN
sD: 
dP
sP
end of file treatment


tOF : 12:18:09:977
wavfile=SR2_20160911_195002_000.wav
c:
g=10
sfte=192000
cF
cN
sD: 
dP
sP
end of file treatment


tOF : 12:18:10:054
wavfile=SR2_20160911_195121_000.wav
c:
g=10
sfte=192000
cF
cN
sD: 
dP
sP
end of file treatment


tOF : 12:18:10:104
wavfile=SR2_20160911_195347_000.wav
c:
g=10
sfte=192000
cF
cN
sD: 
dP
sP
end of file treatment


tOF : 12:18:10:158
wavfile=SR2_20160911_195834_000.wav
c:
g=10
sfte=192000
cF
cN
sD: 
dP
sP
end of file treatment


tOF : 12:18:10:225
wavfile=SR2_20160911_200226_000.wav
c:
g=10
sfte=192000
cF
cN
sD: 
dP
sP
end of file treatment


tOF : 12:18:10:310
wavfile=SR2_20160911_200515_000.wav
c:
g=10
sfte=192000
cF
cN
sD: 
dP
sP
end of file treatment


tOF : 12:18:10:360
wavfile=SR2_20160911_200647_000.wav
c:
g=10
sfte=192000
cF
cN
sD: 
dP
sP
end of file treatment


tOF : 12:18:10:431
wavfile=SR2_20160911_200745_000.wav
c:
g=10
sfte=192000
cF
cN
sD: 
dP
sP
end of file treatment


tOF : 12:18:10:521
wavfile=SR2_20160911_200827_000.wav
c:
g=10
sfte=192000
cF
cN
sD: 
dP
sP
end of file treatment


tOF : 12:18:10:596
wavfile=SR2_20160911_200918_000.wav
c:
g=10
sfte=192000
cF
cN
sD: 
dP
sP
end of file treatment


tOF : 12:18:10:699
wavfile=SR2_20160911_201017_000.wav
c:
g=10
sfte=192000
cF
cN
sD: 
dP
sP
end of file treatment


tOF : 12:18:10:749
wavfile=SR2_20160911_201132_000.wav
c:
g=10
sfte=192000
cF
cN
sD: 
dP
sP
end of file treatment


tOF : 12:18:10:806
wavfile=SR2_20160911_201243_000.wav
c:
g=10
sfte=192000
cF
cN
sD: 
dP
sP
end of file treatment


tOF : 12:18:10:883
wavfile=SR2_20160911_201356_000.wav
c:
g=10
sfte=192000
cF
cN
sD: 
dP
sP
end of file treatment


tOF : 12:18:10:951
wavfile=SR2_20160911_201654_000.wav
c:
g=10
sfte=192000
cF
cN
sD: 
dP
sP
end of file treatment


tOF : 12:18:11:031
wavfile=SR2_20160911_201819_000.wav
c:
g=10
sfte=192000
cF
cN
sD: 
dP
sP
end of file treatment


tOF : 12:18:11:176
wavfile=SR2_20160911_201957_000.wav
c:
g=10
sfte=192000
cF
cN
sD: 
dP
sP
end of file treatment


tOF : 12:18:11:242
wavfile=SR2_20160911_202033_000.wav
c:
g=10
sfte=192000
cF
cN
sD: 
dP
sP
end of file treatment


tOF : 12:18:11:312
wavfile=SR2_20160911_202120_000.wav
c:
g=10
sfte=192000
cF
cN
sD: 
dP
sP
end of file treatment


tOF : 12:18:11:375
wavfile=SR2_20160911_203233_000.wav
c:
g=10
sfte=192000
cF
cN
sD: 
dP
sP
end of file treatment


tOF : 12:18:11:434
wavfile=SR2_20160911_203326_000.wav
c:
g=10
sfte=192000
cF
cN
sD: 
dP
sP
end of file treatment


tOF : 12:18:11:538
wavfile=SR2_20160911_203544_000.wav
c:
g=10
sfte=192000
cF
cN
sD: 
dP
sP
end of file treatment


tOF : 12:18:11:633
wavfile=SR2_20160911_203620_000.wav
c:
g=10
sfte=192000
cF
cN
sD: 
dP
sP
end of file treatment


tOF : 12:18:11:745
wavfile=SR2_20160911_203652_000.wav
c:
g=10
sfte=192000
cF
cN
sD: 
dP
sP
end of file treatment


tOF : 12:18:11:812
wavfile=SR2_20160911_203803_000.wav
c:
g=10
sfte=192000
cF
cN
sD: 
dP
sP
end of file treatment


tOF : 12:18:11:863
wavfile=SR2_20160911_203958_000.wav
c:
g=10
sfte=192000
cF
cN
sD: 
dP
sP
end of file treatment


tOF : 12:18:11:983
wavfile=SR2_20160911_204041_000.wav
c:
g=10
sfte=192000
cF
cN
sD: 
dP
sP
end of file treatment


tOF : 12:18:12:238
wavfile=SR2_20160911_204311_000.wav
c:
g=10
sfte=192000
cF
cN
sD: 
dP
sP
end of file treatment


tOF : 12:18:12:327
wavfile=SR2_20160911_210330_000.wav
c:
g=10
sfte=192000
cF
cN
sD: 
dP
sP
end of file treatment


tOF : 12:18:12:561
wavfile=SR2_20160911_211703_000.wav
c:
g=10
sfte=192000
cF
cN
sD: 
dP
sP
end of file treatment


tOF : 12:18:12:649
wavfile=SR2_20160911_212102_000.wav
c:
g=10
sfte=192000
cF
cN
sD: 
dP
sP
end of file treatment


tOF : 12:18:12:708
wavfile=SR2_20160911_212408_000.wav
c:
g=10
sfte=192000
cF
cN
sD: 
dP
sP
end of file treatment


tOF : 12:18:12:811
wavfile=SR2_20160911_213229_000.wav
c:
g=10
sfte=192000
cF
cN
sD: 
dP
sP
end of file treatment


tOF : 12:18:12:946
wavfile=SR2_20160911_214111_000.wav
c:
g=10
sfte=192000
cF
cN
sD: 
dP
sP
end of file treatment


tOF : 12:18:13:122
wavfile=SR2_20160911_214522_000.wav
c:
g=10
sfte=192000
cF
cN
sD: 
dP
sP
end of file treatment


tOF : 12:18:13:446
wavfile=SR2_20160911_215015_000.wav
c:
g=10
sfte=192000
cF
cN
sD: 
dP
sP
end of file treatment


tOF : 12:18:13:678
wavfile=SR2_20160911_215246_000.wav
c:
g=10
sfte=192000
cF
cN
sD: 
dP
sP
end of file treatment


tOF : 12:18:13:846
wavfile=SR2_20160911_220233_000.wav
c:
g=10
sfte=192000
cF
cN
sD: 
dP
sP
end of file treatment


tOF : 12:18:13:946
wavfile=SR2_20160911_220630_000.wav
c:
g=10
sfte=192000
cF
cN
sD: 
dP
sP
end of file treatment


tOF : 12:18:14:144
wavfile=SR2_20160911_221037_000.wav
c:
g=10
sfte=192000
cF
cN
sD: 
dP
sP
end of file treatment


tOF : 12:18:14:277
wavfile=SR2_20160911_221131_000.wav
c:
g=10
sfte=192000
cF
cN
sD: 
dP
sP
end of file treatment


tOF : 12:18:14:464
wavfile=SR2_20160911_221258_000.wav
c:
g=10
sfte=192000
cF
cN
sD: 
dP
sP
end of file treatment


tOF : 12:18:14:578
wavfile=SR2_20160911_221505_000.wav
c:
g=10
sfte=192000
cF
cN
sD: 
dP
sP
end of file treatment


tOF : 12:18:14:685
wavfile=SR2_20160911_222117_000.wav
c:
g=10
sfte=192000
cF
cN
sD: 
dP
sP
end of file treatment


tOF : 12:18:14:823
wavfile=SR2_20160911_222349_000.wav
c:
g=10
sfte=192000
cF
cN
sD: 
dP
sP
end of file treatment


tOF : 12:18:14:958
wavfile=SR2_20160911_222742_000.wav
c:
g=10
sfte=192000
cF
cN
sD: 
dP
sP
end of file treatment


tOF : 12:18:15:047
wavfile=SR2_20160911_222947_000.wav
c:
g=10
sfte=192000
cF
cN
sD: 
dP
sP
end of file treatment


tOF : 12:18:15:151
wavfile=SR2_20160911_223057_000.wav
c:
g=10
sfte=192000
cF
cN
sD: 
dP
sP
end of file treatment


tOF : 12:18:15:269
wavfile=SR2_20160911_223220_000.wav
c:
g=10
sfte=192000
cF
cN
sD: 
dP
sP
end of file treatment


tOF : 12:18:15:507
wavfile=SR2_20160911_223304_000.wav
c:
g=10
sfte=192000
cF
cN
sD: 
dP
sP
end of file treatment


tOF : 12:18:15:594
wavfile=SR2_20160911_224225_000.wav
c:
g=10
sfte=192000
cF
cN
sD: 
dP
sP
end of file treatment


tOF : 12:18:15:680
wavfile=SR2_20160911_224436_000.wav
c:
g=10
sfte=192000
cF
cN
sD: 
dP
sP
end of file treatment


tOF : 12:18:15:745
wavfile=SR2_20160911_225121_000.wav
c:
g=10
sfte=192000
cF
cN
sD: 
dP
sP
end of file treatment


tOF : 12:18:15:829
wavfile=SR2_20160911_225448_000.wav
c:
g=10
sfte=192000
cF
cN
sD: 
dP
sP
end of file treatment


tOF : 12:18:15:879
wavfile=SR2_20160911_231620_000.wav
c:
g=10
sfte=192000
cF
cN
sD: 
dP
sP
end of file treatment


tOF : 12:18:15:969
wavfile=SR2_20160911_231934_000.wav
c:
g=10
sfte=192000
cF
cN
sD: 
dP
sP
end of file treatment


tOF : 12:18:16:076
wavfile=SR2_20160911_232544_000.wav
c:
g=10
sfte=192000
cF
cN
sD: 
dP
sP
end of file treatment


tOF : 12:18:16:125
wavfile=SR2_20160911_232814_000.wav
c:
g=10
sfte=192000
cF
cN
sD: 
dP
sP
end of file treatment


tOF : 12:18:16:215
wavfile=SR2_20160912_050822_000.wav
c:
g=10
sfte=192000
cF
cN
sD: 
dP
sP
end of file treatment


tOF : 12:18:16:396
wavfile=SR2_20160912_200706_000.wav
c:
g=10
sfte=192000
cF
cN
sD: 
dP
sP
end of file treatment


tOF : 12:18:16:429
wavfile=SR2_20160912_205521_000.wav
c:
g=10
sfte=192000
cF
cN
sD: 
dP
sP
end of file treatment


tOF : 12:18:16:606
wavfile=SR2_20160912_210539_000.wav
c:
g=10
sfte=192000
cF
cN
sD: 
dP
sP
end of file treatment


tOF : 12:18:16:751
wavfile=SR2_20160912_223831_000.wav
c:
g=10
sfte=192000
cF
cN
sD: 
dP
sP
end of file treatment


tOF : 12:18:16:991
wavfile=SR2_20160913_001401_000.wav
c:
g=10
sfte=192000
cF
cN
sD: 
dP
sP
end of file treatment


tOF : 12:18:17:305
wavfile=SR2_20160913_010313_000.wav
c:
g=10
sfte=192000
cF
cN
sD: 
dP
sP
end of file treatment


tOF : 12:18:17:407
wavfile=SR2_20160913_013009_000.wav
c:
g=10
sfte=192000
cF
cN
sD: 
dP
sP
end of file treatment


tOF : 12:18:17:573
wavfile=SR2_20160913_035718_000.wav
c:
g=10
sfte=192000
cF
cN
sD: 
dP
sP
end of file treatment


tOF : 12:18:17:802
wavfile=SR2_20160913_052238_000.wav
c:
g=10
sfte=192000
cF
cN
sD: 
dP
sP
end of file treatment


tOF : 12:18:18:222
wavfile=SR2_20160913_223614_000.wav
c:
g=10
sfte=192000
cF
cN
sD: 
dP
sP
end of file treatment


tOF : 12:18:18:391
wavfile=SR2_20160914_002300_000.wav
c:
g=10
sfte=192000
cF
cN
sD: 
dP
sP
end of file treatment


tOF : 12:18:18:552
wavfile=SR2_20160914_014124_000.wav
c:
g=10
sfte=192000
cF
cN
sD: 
dP
sP
end of file treatment


tOF : 12:18:18:685
wavfile=SR2_20160914_043844_000.wav
c:
g=10
sfte=192000
cF
cN
sD: 
dP
sP
end of file treatment


tOF : 12:18:18:813
wavfile=SR2_20160914_200216_000.wav
c:
g=10
sfte=192000
cF
cN
sD: 
dP
sP
end of file treatment


tOF : 12:18:18:921
wavfile=SR2_20160914_212952_000.wav
c:
g=10
sfte=192000
cF
cN
sD: 
dP
sP
end of file treatment


tOF : 12:18:19:129
wavfile=SR2_20160914_230514_000.wav
c:
g=10
sfte=192000
cF
cN
sD: 
dP
sP
end of file treatment


tOF : 12:18:19:210
wavfile=SR2_20160915_014726_000.wav
c:
g=10
sfte=192000
cF
cN
sD: 
dP
sP
end of file treatment


tOF : 12:18:19:378
wavfile=SR2_20160915_031952_000.wav
c:
g=10
sfte=192000
cF
cN
sD: 
dP
sP
end of file treatment


tOF : 12:18:19:538
wavfile=SR2_20160915_192339_000.wav
c:
g=10
sfte=192000
cF
cN
sD: 
dP
sP
end of file treatment


tOF : 12:18:19:857
wavfile=SR2_20160915_195027_000.wav
c:
g=10
sfte=192000
cF
cN
sD: 
dP
sP
end of file treatment


tOF : 12:18:20:100
wavfile=SR2_20160915_195120_000.wav
c:
g=10
sfte=192000
cF
cN
sD: 
dP
sP
end of file treatment


tOF : 12:18:20:270
wavfile=SR2_20160915_201846_000.wav
c:
g=10
sfte=192000
cF
cN
sD: 
dP
sP
end of file treatment


tOF : 12:18:20:479
wavfile=SR2_20160915_224153_000.wav
c:
g=10
sfte=192000
cF
cN
sD: 
dP
sP
end of file treatment


tOF : 12:18:20:600
wavfile=SR2_20160915_232216_000.wav
c:
g=10
sfte=192000
cF
cN
sD: 
dP
sP
end of file treatment


tOF : 12:18:20:722
wavfile=SR2_20160916_010758_000.wav
c:
g=10
sfte=192000
cF
cN
sD: 
dP
sP
end of file treatment


tOF : 12:18:20:949
wavfile=SR2_20160916_041349_000.wav
c:
g=10
sfte=192000
cF
cN
sD: 
dP
sP
end of file treatment


tOF : 12:18:21:171
wavfile=SR2_20160916_204504_000.wav
c:
g=10
sfte=192000
cF
cN
sD: 
dP
sP
end of file treatment


tOF : 12:18:21:464
wavfile=SR2_20160917_193649_000.wav
c:
g=10
sfte=192000
cF
cN
sD: 
dP
sP
end of file treatment


tOF : 12:18:21:496
wavfile=SR2_20160917_200610_000.wav
c:
g=10
sfte=192000
cF
cN
sD: 
dP
sP
end of file treatment


tOF : 12:18:21:677
wavfile=SR2_20160918_052549_000.wav
c:
g=10
sfte=192000
cF
cN
sD: 
dP
sP
end of file treatment


tOF : 12:18:21:826
wavfile=SR2_20160918_215011_000.wav
c:
g=10
sfte=192000
cF
cN
sD: 
dP
sP
end of file treatment


tOF : 12:18:22:019
wavfile=SR2_20160919_200804_000.wav
c:
g=10
sfte=192000
cF
cN
sD: 
dP
sP
end of file treatment


tOF : 12:18:22:302
wavfile=SR2_20160919_232855_000.wav
c:
g=10
sfte=192000
cF
cN
sD: 
dP
sP
end of file treatment


tOF : 12:18:22:507
wavfile=SR2_20160920_042802_000.wav
c:
g=10
sfte=192000
cF
cN
sD: 
dP
sP
end of file treatment


tOF : 12:18:22:691
wavfile=SR2_20160920_193835_000.wav
c:
g=10
sfte=192000
cF
cN
sD: 
dP
sP
end of file treatment


tOF : 12:18:22:935
wavfile=SR2_20160921_192408_000.wav
c:
g=10
sfte=192000
cF
cN
sD: 
dP
sP
end of file treatment


tOF : 12:18:23:079
wavfile=SR2_20160921_193510_000.wav
c:
g=10
sfte=192000
cF
cN
sD: 
dP
sP
end of file treatment


tOF : 12:18:23:215
wavfile=SR2_20160921_194018_000.wav
c:
g=10
sfte=192000
cF
cN
sD: 
dP
sP
end of file treatment


tOF : 12:18:23:358
wavfile=SR2_20160921_214403_000.wav
c:
g=10
sfte=192000
cF
cN
sD: 
dP
sP
end of file treatment


tOF : 12:18:23:560
wavfile=SR2_20160922_014652_000.wav
c:
g=10
sfte=192000
cF
cN
sD: 
dP
sP
end of file treatment


tOF : 12:18:23:882
wavfile=SR2_20160922_050431_000.wav
c:
g=10
sfte=192000
cF
cN
sD: 
dP
sP
end of file treatment


tOF : 12:18:23:989
wavfile=SR2_20160922_221220_000.wav
c:
g=10
sfte=192000
cF
cN
sD: 
dP
sP
end of file treatment


tOF : 12:18:24:154
wavfile=SR2_20160923_021147_000.wav
c:
g=10
sfte=192000
cF
cN
sD: 
dP
sP
end of file treatment


tOF : 12:18:24:441
wavfile=SR2_20160923_220316_000.wav
c:
g=10
sfte=192000
cF
cN
sD: 
dP
sP
end of file treatment


tOF : 12:18:24:817
wavfile=SR2_20160924_192020_000.wav
c:
g=10
sfte=192000
cF
cN
sD: 
dP
sP
end of file treatment


tOF : 12:18:24:916
wavfile=SR2_20160924_192116_000.wav
c:
g=10
sfte=192000
cF
cN
sD: 
dP
sP
end of file treatment


tOF : 12:18:25:058
wavfile=SR2_20160924_200529_000.wav
c:
g=10
sfte=192000
cF
cN
sD: 
dP
sP
end of file treatment


tOF : 12:18:25:230
wavfile=SR2_20160925_001717_000.wav
c:
g=10
sfte=192000
cF
cN
sD: 
dP
sP
end of file treatment


tOF : 12:18:25:440
wavfile=SR2_20160925_040937_000.wav
c:
g=10
sfte=192000
cF
cN
sD: 
dP
sP
end of file treatment


tOF : 12:18:25:736
wavfile=SR2_20160925_191704_000.wav
c:
g=10
sfte=192000
cF
cN
sD: 
dP
sP
end of file treatment


tOF : 12:18:25:990
wavfile=SR2_20160925_195015_000.wav
c:
g=10
sfte=192000
cF
cN
sD: 
dP
sP
end of file treatment


tOF : 12:18:26:216
wavfile=SR2_20160927_190400_000.wav
c:
g=10
sfte=192000
cF
cN
sD: 
dP
sP
end of file treatment


tOF : 12:18:26:377
wavfile=SR2_20160927_225204_000.wav
c:
g=10
sfte=192000
cF
cN
sD: 
dP
sP
end of file treatment


tOF : 12:18:26:459
wavfile=SR2_20160928_024005_000.wav
c:
g=10
sfte=192000
cF
cN
sD: 
dP
sP
end of file treatment


tOF : 12:18:26:533
wavfile=SR2_20160928_190905_000.wav
c:
g=10
sfte=192000
cF
cN
sD: 
dP
sP
end of file treatment


tOF : 12:18:26:625
wavfile=SR2_20160929_033204_000.wav
c:
g=10
sfte=192000
cF
cN
sD: 
dP
sP
end of file treatment


tOF : 12:18:26:778
wavfile=SR2_20160929_201715_000.wav
c:
g=10
sfte=192000
cF
cN
sD: 
dP
sP
end of file treatment


tOF : 12:18:27:242
wavfile=SR2_20160930_191024_000.wav
c:
g=10
sfte=192000
cF
cN
sD: 
dP
sP
end of file treatment


tOF : 12:18:27:334
wavfile=SR2_20161001_171908_000.wav
c:
g=10
sfte=192000
cF
cN
sD: 
dP
sP
end of file treatment


tOF : 12:18:27:436
wavfile=SR2_20161001_212347_000.wav
c:
g=10
sfte=192000
cF
cN
sD: 
dP
sP
end of file treatment


tOF : 12:18:27:694
wavfile=SR2_20161002_010803_000.wav
c:
g=10
sfte=192000
cF
cN
sD: 
dP
sP
end of file treatment


tOF : 12:18:27:851
wavfile=SR2_20161002_200144_000.wav
c:
g=10
sfte=192000
cF
cN
sD: 
dP
sP
end of file treatment


tOF : 12:18:28:084
wavfile=SR2_20161002_221708_000.wav
c:
g=10
sfte=192000
cF
cN
sD: 
dP
sP
end of file treatment


tOF : 12:18:28:313
wavfile=SR2_20161004_041833_000.wav
c:
g=10
sfte=192000
cF
cN
sD: 
dP
sP
end of file treatment


tOF : 12:18:28:503
wavfile=SR2_20161004_222159_000.wav
c:
g=10
sfte=192000
cF
cN
sD: 
dP
sP
end of file treatment


tOF : 12:18:28:774
wavfile=SR2_20161005_034110_000.wav
c:
g=10
sfte=192000
cF
cN
sD: 
dP
sP
end of file treatment


tOF : 12:18:28:947
wavfile=SR2_20161006_194750_000.wav
c:
g=10
sfte=192000
cF
cN
sD: 
dP
sP
end of file treatment


tOF : 12:18:29:072
wavfile=SR2_20161007_040447_000.wav
c:
g=10
sfte=192000
cF
cN
sD: 
dP
sP
end of file treatment


tOF : 12:18:29:205
wavfile=SR2_20161008_052713_000.wav
c:
g=10
sfte=192000
cF
cN
sD: 
dP
sP
end of file treatment


tOF : 12:18:29:391
wavfile=SR2_20161008_232610_000.wav
c:
g=10
sfte=192000
cF
cN
sD: 
dP
sP
end of file treatment


tOF : 12:18:29:627
wavfile=SR2_20161009_184919_000.wav
c:
g=10
sfte=192000
cF
cN
sD: 
dP
sP
end of file treatment


tOF : 12:18:29:950
wavfile=SR2_20161009_201941_000.wav
c:
g=10
sfte=192000
cF
cN
sD: 
dP
sP
end of file treatment


tOF : 12:18:30:138
wavfile=SR2_20161011_181637_000.wav
c:
g=10
sfte=192000
cF
cN
sD: 
dP
sP
end of file treatment


tOF : 12:18:30:195
wavfile=SR2_20161011_211913_000.wav
c:
g=10
sfte=192000
cF
cN
sD: 
dP
sP
end of file treatment


tOF : 12:18:30:347
wavfile=SR2_20161012_194251_000.wav
c:
g=10
sfte=192000
cF
cN
sD: 
dP
sP
end of file treatment


tOF : 12:18:30:512
wavfile=SR2_20161015_183655_000.wav
c:
g=10
sfte=192000
cF
cN
sD: 
dP
sP
end of file treatment


tOF : 12:18:30:979
wavfile=SR2_20161015_193741_000.wav
c:
g=10
sfte=192000
cF
cN
sD: 
dP
sP
end of file treatment


tOF : 12:18:31:146
wavfile=SR2_20161016_203508_000.wav
c:
g=10
sfte=192000
cF
cN
sD: 
dP
sP
end of file treatment
endDetec  IThread = 1
