dtt modefreq=1


tOF : 11:57:29:297
wavfile=SR2_20151218_162330_749.wav
c:
g=10
sfte=192000
cF
cN
sD: 
dP
sP
end of file treatment


tOF : 11:57:29:422
wavfile=SR2_20151218_162711_219.wav
c:
g=10
sfte=192000
cF
cN
sD: 
dP
sP
end of file treatment


tOF : 11:57:29:531
wavfile=SR2_20151219_164204_000.wav
c:
g=10
sfte=192000
cF
cN
sD: 
dP
sP
end of file treatment


tOF : 11:57:29:594
wavfile=SR2_20151219_171204_000.wav
c:
g=10
sfte=192000
cF
cN
sD: 
dP
sP
end of file treatment


tOF : 11:57:29:645
wavfile=SR2_20151219_182808_404.wav
c:
g=10
sfte=192000
cF
cN
sD: 
dP
sP
end of file treatment


tOF : 11:57:29:743
wavfile=SR2_20151219_191204_000.wav
c:
g=10
sfte=192000
cF
cN
sD: 
dP
sP
end of file treatment


tOF : 11:57:29:920
wavfile=SR2_20151219_201102_911.wav
c:
g=10
sfte=192000
cF
cN
sD: 
dP
sP
end of file treatment


tOF : 11:57:30:045
wavfile=SR2_20151219_211204_000.wav
c:
g=10
sfte=192000
cF
cN
sD: 
dP
sP
end of file treatment


tOF : 11:57:30:146
wavfile=SR2_20151219_220204_429.wav
c:
g=10
sfte=192000
cF
cN
sD: 
dP
sP
end of file treatment


tOF : 11:57:30:286
wavfile=SR2_20151219_231204_000.wav
c:
g=10
sfte=192000
cF
cN
sD: 
dP
sP
end of file treatment


tOF : 11:57:30:443
wavfile=SR2_20151220_004204_000.wav
c:
g=10
sfte=192000
cF
cN
sD: 
dP
sP
end of file treatment


tOF : 11:57:30:552
wavfile=SR2_20151220_024204_000.wav
c:
g=10
sfte=192000
cF
cN
sD: 
dP
sP
end of file treatment


tOF : 11:57:30:693
wavfile=SR2_20151220_044204_000.wav
c:
g=10
sfte=192000
cF
cN
sD: 
dP
sP
end of file treatment


tOF : 11:57:30:798
wavfile=SR2_20151220_064204_000.wav
c:
g=10
sfte=192000
cF
cN
sD: 
dP
sP
end of file treatment


tOF : 11:57:30:969
wavfile=SR2_20151220_074204_000.wav
c:
g=10
sfte=192000
cF
cN
sD: 
dP
sP
end of file treatment


tOF : 11:57:31:114
wavfile=SR2_20151220_154202_000.wav
c:
g=10
sfte=192000
cF
cN
sD: 
dP
sP
end of file treatment


tOF : 11:57:31:218
wavfile=SR2_20151220_154227_135.wav
c:
g=10
sfte=192000
cF
cN
sD: 
dP
sP
end of file treatment


tOF : 11:57:31:394
wavfile=SR2_20151220_164204_000.wav
c:
g=10
sfte=192000
cF
cN
sD: 
dP
sP
end of file treatment


tOF : 11:57:31:565
wavfile=SR2_20151220_171711_441.wav
c:
g=10
sfte=192000
cF
cN
sD: 
dP
sP
end of file treatment


tOF : 11:57:31:698
wavfile=SR2_20151220_184204_000.wav
c:
g=10
sfte=192000
cF
cN
sD: 
dP
sP
end of file treatment


tOF : 11:57:31:822
wavfile=SR2_20151220_204205_000.wav
c:
g=10
sfte=192000
cF
cN
sD: 
dP
sP
end of file treatment


tOF : 11:57:31:918
wavfile=SR2_20151220_224204_000.wav
c:
g=10
sfte=192000
cF
cN
sD: 
dP
sP
end of file treatment


tOF : 11:57:32:184
wavfile=SR2_20151221_004204_000.wav
c:
g=10
sfte=192000
cF
cN
sD: 
dP
sP
end of file treatment


tOF : 11:57:32:316
wavfile=SR2_20151221_024204_000.wav
c:
g=10
sfte=192000
cF
cN
sD: 
dP
sP
end of file treatment


tOF : 11:57:32:394
wavfile=SR2_20151221_041204_000.wav
c:
g=10
sfte=192000
cF
cN
sD: 
dP
sP
end of file treatment


tOF : 11:57:32:603
wavfile=SR2_20151221_061204_000.wav
c:
g=10
sfte=192000
cF
cN
sD: 
dP
sP
end of file treatment


tOF : 11:57:32:721
wavfile=SR2_20151221_074204_000.wav
c:
g=10
sfte=192000
cF
cN
sD: 
dP
sP
end of file treatment


tOF : 11:57:32:864
wavfile=SR2_20151221_151323_247.wav
c:
g=10
sfte=192000
cF
cN
sD: 
dP
sP
end of file treatment


tOF : 11:57:32:988
wavfile=SR2_20151221_153526_208.wav
c:
g=10
sfte=192000
cF
cN
sD: 
dP
sP
end of file treatment


tOF : 11:57:33:116
wavfile=SR2_20151221_164304_000.wav
c:
g=10
sfte=192000
cF
cN
sD: 
dP
sP
end of file treatment


tOF : 11:57:33:182
wavfile=SR2_20151221_184304_000.wav
c:
g=10
sfte=192000
cF
cN
sD: 
dP
sP
end of file treatment


tOF : 11:57:33:357
wavfile=SR2_20151221_204304_000.wav
c:
g=10
sfte=192000
cF
cN
sD: 
dP
sP
end of file treatment


tOF : 11:57:33:464
wavfile=SR2_20151221_224304_000.wav
c:
g=10
sfte=192000
cF
cN
sD: 
dP
sP
end of file treatment


tOF : 11:57:33:570
wavfile=SR2_20151222_004304_000.wav
c:
g=10
sfte=192000
cF
cN
sD: 
dP
sP
end of file treatment


tOF : 11:57:33:727
wavfile=SR2_20151222_022948_973.wav
c:
g=10
sfte=192000
cF
cN
sD: 
dP
sP
end of file treatment


tOF : 11:57:33:820
wavfile=SR2_20151222_024818_871.wav
c:
g=10
sfte=192000
cF
cN
sD: 
dP
sP
end of file treatment


tOF : 11:57:33:920
wavfile=SR2_20151222_030259_184.wav
c:
g=10
sfte=192000
cF
cN
sD: 
dP
sP
end of file treatment


tOF : 11:57:34:026
wavfile=SR2_20151222_031304_000.wav
c:
g=10
sfte=192000
cF
cN
sD: 
dP
sP
end of file treatment


tOF : 11:57:34:095
wavfile=SR2_20151222_032355_935.wav
c:
g=10
sfte=192000
cF
cN
sD: 
dP
sP
end of file treatment


tOF : 11:57:34:235
wavfile=SR2_20151222_032517_645.wav
c:
g=10
sfte=192000
cF
cN
sD: 
dP
sP
end of file treatment


tOF : 11:57:34:422
wavfile=SR2_20151222_032742_975.wav
c:
g=10
sfte=192000
cF
cN
sD: 
dP
sP
end of file treatment


tOF : 11:57:34:502
wavfile=SR2_20151222_033130_741.wav
c:
g=10
sfte=192000
cF
cN
sD: 
dP
sP
end of file treatment


tOF : 11:57:34:675
wavfile=SR2_20151222_034306_000.wav
c:
g=10
sfte=192000
cF
cN
sD: 
dP
sP
end of file treatment


tOF : 11:57:34:761
wavfile=SR2_20151222_053914_612.wav
c:
g=10
sfte=192000
cF
cN
sD: 
dP
sP
end of file treatment


tOF : 11:57:34:859
wavfile=SR2_20151222_065144_593.wav
c:
g=10
sfte=192000
cF
cN
sD: 
dP
sP
end of file treatment


tOF : 11:57:34:928
wavfile=SR2_20151222_074304_000.wav
c:
g=10
sfte=192000
cF
cN
sD: 
dP
sP
end of file treatment


tOF : 11:57:35:012
wavfile=SR2_20151222_082321_899.wav
c:
g=10
sfte=192000
cF
cN
sD: 
dP
sP
end of file treatment


tOF : 11:57:35:098
wavfile=SR2_20151222_164304_000.wav
c:
g=10
sfte=192000
cF
cN
sD: 
dP
sP
end of file treatment


tOF : 11:57:35:202
wavfile=SR2_20151222_181456_259.wav
c:
g=10
sfte=192000
cF
cN
sD: 
dP
sP
end of file treatment


tOF : 11:57:35:319
wavfile=SR2_20151222_194304_000.wav
c:
g=10
sfte=192000
cF
cN
sD: 
dP
sP
end of file treatment


tOF : 11:57:35:388
wavfile=SR2_20151222_202625_380.wav
c:
g=10
sfte=192000
cF
cN
sD: 
dP
sP
end of file treatment


tOF : 11:57:35:588
wavfile=SR2_20151222_202647_547.wav
c:
g=10
sfte=192000
cF
cN
sD: 
dP
sP
end of file treatment


tOF : 11:57:35:731
wavfile=SR2_20151222_203228_937.wav
c:
g=10
sfte=192000
cF
cN
sD: 
dP
sP
end of file treatment


tOF : 11:57:35:799
wavfile=SR2_20151222_203252_163.wav
c:
g=10
sfte=192000
cF
cN
sD: 
dP
sP
end of file treatment


tOF : 11:57:35:963
wavfile=SR2_20151222_203302_809.wav
c:
g=10
sfte=192000
cF
cN
sD: 
dP
sP
end of file treatment


tOF : 11:57:36:044
wavfile=SR2_20151222_203317_647.wav
c:
g=10
sfte=192000
cF
cN
sD: 
dP
sP
end of file treatment


tOF : 11:57:36:242
wavfile=SR2_20151222_203331_943.wav
c:
g=10
sfte=192000
cF
cN
sD: 
dP
sP
end of file treatment


tOF : 11:57:36:434
wavfile=SR2_20151222_203344_200.wav
c:
g=10
sfte=192000
cF
cN
sD: 
dP
sP
end of file treatment


tOF : 11:57:36:526
wavfile=SR2_20151222_203354_735.wav
c:
g=10
sfte=192000
cF
cN
sD: 
dP
sP
end of file treatment


tOF : 11:57:36:650
wavfile=SR2_20151222_203405_485.wav
c:
g=10
sfte=192000
cF
cN
sD: 
dP
sP
end of file treatment


tOF : 11:57:36:739
wavfile=SR2_20151222_203417_273.wav
c:
g=10
sfte=192000
cF
cN
sD: 
dP
sP
end of file treatment


tOF : 11:57:36:887
wavfile=SR2_20151222_203431_972.wav
c:
g=10
sfte=192000
cF
cN
sD: 
dP
sP
end of file treatment


tOF : 11:57:37:024
wavfile=SR2_20151222_203441_440.wav
c:
g=10
sfte=192000
cF
cN
sD: 
dP
sP
end of file treatment


tOF : 11:57:37:113
wavfile=SR2_20151222_203454_683.wav
c:
g=10
sfte=192000
cF
cN
sD: 
dP
sP
end of file treatment


tOF : 11:57:37:233
wavfile=SR2_20151222_203507_736.wav
c:
g=10
sfte=192000
cF
cN
sD: 
dP
sP
end of file treatment


tOF : 11:57:37:439
wavfile=SR2_20151222_203534_009.wav
c:
g=10
sfte=192000
cF
cN
sD: 
dP
sP
end of file treatment


tOF : 11:57:37:531
wavfile=SR2_20151222_203703_567.wav
c:
g=10
sfte=192000
cF
cN
sD: 
dP
sP
end of file treatment


tOF : 11:57:37:682
wavfile=SR2_20151222_204306_000.wav
c:
g=10
sfte=192000
cF
cN
sD: 
dP
sP
end of file treatment


tOF : 11:57:37:780
wavfile=SR2_20151222_204953_768.wav
c:
g=10
sfte=192000
cF
cN
sD: 
dP
sP
end of file treatment


tOF : 11:57:37:880
wavfile=SR2_20151222_210042_269.wav
c:
g=10
sfte=192000
cF
cN
sD: 
dP
sP
end of file treatment


tOF : 11:57:38:011
wavfile=SR2_20151222_213035_627.wav
c:
g=10
sfte=192000
cF
cN
sD: 
dP
sP
end of file treatment


tOF : 11:57:38:145
wavfile=SR2_20151222_213323_172.wav
c:
g=10
sfte=192000
cF
cN
sD: 
dP
sP
end of file treatment


tOF : 11:57:38:250
wavfile=SR2_20151222_213532_961.wav
c:
g=10
sfte=192000
cF
cN
sD: 
dP
sP
end of file treatment


tOF : 11:57:38:332
wavfile=SR2_20151222_214304_000.wav
c:
g=10
sfte=192000
cF
cN
sD: 
dP
sP
end of file treatment


tOF : 11:57:38:474
wavfile=SR2_20151222_214655_049.wav
c:
g=10
sfte=192000
cF
cN
sD: 
dP
sP
end of file treatment


tOF : 11:57:38:719
wavfile=SR2_20151222_221041_836.wav
c:
g=10
sfte=192000
cF
cN
sD: 
dP
sP
end of file treatment


tOF : 11:57:38:799
wavfile=SR2_20151222_221940_468.wav
c:
g=10
sfte=192000
cF
cN
sD: 
dP
sP
end of file treatment


tOF : 11:57:38:912
wavfile=SR2_20151222_222320_212.wav
c:
g=10
sfte=192000
cF
cN
sD: 
dP
sP
end of file treatment


tOF : 11:57:38:983
wavfile=SR2_20151222_223526_696.wav
c:
g=10
sfte=192000
cF
cN
sD: 
dP
sP
end of file treatment


tOF : 11:57:39:063
wavfile=SR2_20151222_224306_000.wav
c:
g=10
sfte=192000
cF
cN
sD: 
dP
sP
end of file treatment


tOF : 11:57:39:158
wavfile=SR2_20151222_224505_608.wav
c:
g=10
sfte=192000
cF
cN
sD: 
dP
sP
end of file treatment


tOF : 11:57:39:253
wavfile=SR2_20151222_225045_480.wav
c:
g=10
sfte=192000
cF
cN
sD: 
dP
sP
end of file treatment


tOF : 11:57:39:321
wavfile=SR2_20151222_225527_623.wav
c:
g=10
sfte=192000
cF
cN
sD: 
dP
sP
end of file treatment


tOF : 11:57:39:393
wavfile=SR2_20151222_230952_153.wav
c:
g=10
sfte=192000
cF
cN
sD: 
dP
sP
end of file treatment


tOF : 11:57:39:457
wavfile=SR2_20151222_231630_512.wav
c:
g=10
sfte=192000
cF
cN
sD: 
dP
sP
end of file treatment


tOF : 11:57:39:557
wavfile=SR2_20151222_232927_437.wav
c:
g=10
sfte=192000
cF
cN
sD: 
dP
sP
end of file treatment


tOF : 11:57:39:634
wavfile=SR2_20151223_002652_765.wav
c:
g=10
sfte=192000
cF
cN
sD: 
dP
sP
end of file treatment


tOF : 11:57:39:738
wavfile=SR2_20151223_010152_560.wav
c:
g=10
sfte=192000
cF
cN
sD: 
dP
sP
end of file treatment


tOF : 11:57:40:127
wavfile=SR2_20151223_021304_000.wav
c:
g=10
sfte=192000
cF
cN
sD: 
dP
sP
end of file treatment


tOF : 11:57:40:193
wavfile=SR2_20151223_041304_000.wav
c:
g=10
sfte=192000
cF
cN
sD: 
dP
sP
end of file treatment


tOF : 11:57:40:284
wavfile=SR2_20151223_051304_000.wav
c:
g=10
sfte=192000
cF
cN
sD: 
dP
sP
end of file treatment


tOF : 11:57:40:420
wavfile=SR2_20151223_064304_000.wav
c:
g=10
sfte=192000
cF
cN
sD: 
dP
sP
end of file treatment


tOF : 11:57:40:569
wavfile=SR2_20151223_072351_872.wav
c:
g=10
sfte=192000
cF
cN
sD: 
dP
sP
end of file treatment


tOF : 11:57:40:754
wavfile=SR2_20151223_151400_000.wav
c:
g=10
sfte=192000
cF
cN
sD: 
dP
sP
end of file treatment


tOF : 11:57:40:901
wavfile=SR2_20151223_164404_000.wav
c:
g=10
sfte=192000
cF
cN
sD: 
dP
sP
end of file treatment


tOF : 11:57:41:035
wavfile=SR2_20151223_184404_000.wav
c:
g=10
sfte=192000
cF
cN
sD: 
dP
sP
end of file treatment


tOF : 11:57:41:193
wavfile=SR2_20151223_204404_000.wav
c:
g=10
sfte=192000
cF
cN
sD: 
dP
sP
end of file treatment


tOF : 11:57:41:305
wavfile=SR2_20151223_224404_000.wav
c:
g=10
sfte=192000
cF
cN
sD: 
dP
sP
end of file treatment


tOF : 11:57:41:470
wavfile=SR2_20151224_004404_000.wav
c:
g=10
sfte=192000
cF
cN
sD: 
dP
sP
end of file treatment


tOF : 11:57:41:618
wavfile=SR2_20151224_024404_000.wav
c:
g=10
sfte=192000
cF
cN
sD: 
dP
sP
end of file treatment


tOF : 11:57:41:734
wavfile=SR2_20151224_044404_000.wav
c:
g=10
sfte=192000
cF
cN
sD: 
dP
sP
end of file treatment


tOF : 11:57:41:850
wavfile=SR2_20151224_064404_000.wav
c:
g=10
sfte=192000
cF
cN
sD: 
dP
sP
end of file treatment


tOF : 11:57:41:967
wavfile=SR2_20151224_151400_000.wav
c:
g=10
sfte=192000
cF
cN
sD: 
dP
sP
end of file treatment


tOF : 11:57:42:086
wavfile=SR2_20151224_154522_515.wav
c:
g=10
sfte=192000
cF
cN
sD: 
dP
sP
end of file treatment


tOF : 11:57:42:233
wavfile=SR2_20151224_154613_645.wav
c:
g=10
sfte=192000
cF
cN
sD: 
dP
sP
end of file treatment


tOF : 11:57:42:366
wavfile=SR2_20151224_154725_201.wav
c:
g=10
sfte=192000
cF
cN
sD: 
dP
sP
end of file treatment


tOF : 11:57:42:466
wavfile=SR2_20151224_154828_347.wav
c:
g=10
sfte=192000
cF
cN
sD: 
dP
sP
end of file treatment


tOF : 11:57:42:636
wavfile=SR2_20151224_154921_773.wav
c:
g=10
sfte=192000
cF
cN
sD: 
dP
sP
end of file treatment


tOF : 11:57:42:974
wavfile=SR2_20151224_164404_000.wav
c:
g=10
sfte=192000
cF
cN
sD: 
dP
sP
end of file treatment


tOF : 11:57:43:049
wavfile=SR2_20151224_181404_000.wav
c:
g=10
sfte=192000
cF
cN
sD: 
dP
sP
end of file treatment


tOF : 11:57:43:157
wavfile=SR2_20151224_201404_000.wav
c:
g=10
sfte=192000
cF
cN
sD: 
dP
sP
end of file treatment


tOF : 11:57:43:234
wavfile=SR2_20151224_221404_000.wav
c:
g=10
sfte=192000
cF
cN
sD: 
dP
sP
end of file treatment


tOF : 11:57:43:317
wavfile=SR2_20151225_001404_000.wav
c:
g=10
sfte=192000
cF
cN
sD: 
dP
sP
end of file treatment


tOF : 11:57:43:425
wavfile=SR2_20151225_021404_000.wav
c:
g=10
sfte=192000
cF
cN
sD: 
dP
sP
end of file treatment


tOF : 11:57:43:540
wavfile=SR2_20151225_041404_000.wav
c:
g=10
sfte=192000
cF
cN
sD: 
dP
sP
end of file treatment


tOF : 11:57:43:612
wavfile=SR2_20151225_061404_000.wav
c:
g=10
sfte=192000
cF
cN
sD: 
dP
sP
end of file treatment


tOF : 11:57:43:779
wavfile=SR2_20151225_073042_781.wav
c:
g=10
sfte=192000
cF
cN
sD: 
dP
sP
end of file treatment


tOF : 11:57:43:927
wavfile=SR2_20151225_152015_596.wav
c:
g=10
sfte=192000
cF
cN
sD: 
dP
sP
end of file treatment


tOF : 11:57:44:009
wavfile=SR2_20151225_171504_000.wav
c:
g=10
sfte=192000
cF
cN
sD: 
dP
sP
end of file treatment


tOF : 11:57:44:077
wavfile=SR2_20151225_184504_000.wav
c:
g=10
sfte=192000
cF
cN
sD: 
dP
sP
end of file treatment


tOF : 11:57:44:229
wavfile=SR2_20151225_201504_000.wav
c:
g=10
sfte=192000
cF
cN
sD: 
dP
sP
end of file treatment


tOF : 11:57:44:294
wavfile=SR2_20151225_215412_369.wav
c:
g=10
sfte=192000
cF
cN
sD: 
dP
sP
end of file treatment


tOF : 11:57:44:385
wavfile=SR2_20151225_224504_000.wav
c:
g=10
sfte=192000
cF
cN
sD: 
dP
sP
end of file treatment


tOF : 11:57:44:447
wavfile=SR2_20151226_004504_000.wav
c:
g=10
sfte=192000
cF
cN
sD: 
dP
sP
end of file treatment


tOF : 11:57:44:522
wavfile=SR2_20151226_011545_187.wav
c:
g=10
sfte=192000
cF
cN
sD: 
dP
sP
end of file treatment


tOF : 11:57:44:629
wavfile=SR2_20151226_011854_731.wav
c:
g=10
sfte=192000
cF
cN
sD: 
dP
sP
end of file treatment


tOF : 11:57:44:748
wavfile=SR2_20151226_014504_000.wav
c:
g=10
sfte=192000
cF
cN
sD: 
dP
sP
end of file treatment


tOF : 11:57:44:838
wavfile=SR2_20151226_031504_000.wav
c:
g=10
sfte=192000
cF
cN
sD: 
dP
sP
end of file treatment


tOF : 11:57:45:049
wavfile=SR2_20151226_051451_769.wav
c:
g=10
sfte=192000
cF
cN
sD: 
dP
sP
end of file treatment


tOF : 11:57:45:143
wavfile=SR2_20151226_064504_000.wav
c:
g=10
sfte=192000
cF
cN
sD: 
dP
sP
end of file treatment


tOF : 11:57:45:245
wavfile=SR2_20151226_074504_000.wav
c:
g=10
sfte=192000
cF
cN
sD: 
dP
sP
end of file treatment


tOF : 11:57:45:348
wavfile=SR2_20151226_152946_372.wav
c:
g=10
sfte=192000
cF
cN
sD: 
dP
sP
end of file treatment


tOF : 11:57:45:485
wavfile=SR2_20151226_164604_000.wav
c:
g=10
sfte=192000
cF
cN
sD: 
dP
sP
end of file treatment


tOF : 11:57:45:583
wavfile=SR2_20151226_174604_000.wav
c:
g=10
sfte=192000
cF
cN
sD: 
dP
sP
end of file treatment


tOF : 11:57:45:667
wavfile=SR2_20151226_194604_000.wav
c:
g=10
sfte=192000
cF
cN
sD: 
dP
sP
end of file treatment


tOF : 11:57:45:754
wavfile=SR2_20151226_212148_837.wav
c:
g=10
sfte=192000
cF
cN
sD: 
dP
sP
end of file treatment


tOF : 11:57:45:839
wavfile=SR2_20151226_224604_000.wav
c:
g=10
sfte=192000
cF
cN
sD: 
dP
sP
end of file treatment


tOF : 11:57:45:892
wavfile=SR2_20151227_001604_000.wav
c:
g=10
sfte=192000
cF
cN
sD: 
dP
sP
end of file treatment


tOF : 11:57:45:987
wavfile=SR2_20151227_021604_000.wav
c:
g=10
sfte=192000
cF
cN
sD: 
dP
sP
end of file treatment


tOF : 11:57:46:097
wavfile=SR2_20151227_041604_000.wav
c:
g=10
sfte=192000
cF
cN
sD: 
dP
sP
end of file treatment


tOF : 11:57:46:267
wavfile=SR2_20151227_041839_321.wav
c:
g=10
sfte=192000
cF
cN
sD: 
dP
sP
end of file treatment


tOF : 11:57:46:471
wavfile=SR2_20151227_041853_249.wav
c:
g=10
sfte=192000
cF
cN
sD: 
dP
sP
end of file treatment


tOF : 11:57:46:607
wavfile=SR2_20151227_041914_920.wav
c:
g=10
sfte=192000
cF
cN
sD: 
dP
sP
end of file treatment


tOF : 11:57:46:783
wavfile=SR2_20151227_042015_571.wav
c:
g=10
sfte=192000
cF
cN
sD: 
dP
sP
end of file treatment


tOF : 11:57:46:854
wavfile=SR2_20151227_042109_235.wav
c:
g=10
sfte=192000
cF
cN
sD: 
dP
sP
end of file treatment


tOF : 11:57:47:040
wavfile=SR2_20151227_042130_616.wav
c:
g=10
sfte=192000
cF
cN
sD: 
dP
sP
end of file treatment


tOF : 11:57:47:120
wavfile=SR2_20151227_042152_660.wav
c:
g=10
sfte=192000
cF
cN
sD: 
dP
sP
end of file treatment


tOF : 11:57:47:197
wavfile=SR2_20151227_042228_245.wav
c:
g=10
sfte=192000
cF
cN
sD: 
dP
sP
end of file treatment


tOF : 11:57:47:383
wavfile=SR2_20151227_042244_377.wav
c:
g=10
sfte=192000
cF
cN
sD: 
dP
sP
end of file treatment


tOF : 11:57:47:487
wavfile=SR2_20151227_042312_484.wav
c:
g=10
sfte=192000
cF
cN
sD: 
dP
sP
end of file treatment


tOF : 11:57:47:543
wavfile=SR2_20151227_042328_413.wav
c:
g=10
sfte=192000
cF
cN
sD: 
dP
sP
end of file treatment


tOF : 11:57:47:617
wavfile=SR2_20151227_042352_023.wav
c:
g=10
sfte=192000
cF
cN
sD: 
dP
sP
end of file treatment


tOF : 11:57:47:684
wavfile=SR2_20151227_042406_275.wav
c:
g=10
sfte=192000
cF
cN
sD: 
dP
sP
end of file treatment


tOF : 11:57:47:786
wavfile=SR2_20151227_042436_127.wav
c:
g=10
sfte=192000
cF
cN
sD: 
dP
sP
end of file treatment


tOF : 11:57:47:975
wavfile=SR2_20151227_042457_908.wav
c:
g=10
sfte=192000
cF
cN
sD: 
dP
sP
end of file treatment


tOF : 11:57:48:086
wavfile=SR2_20151227_042553_916.wav
c:
g=10
sfte=192000
cF
cN
sD: 
dP
sP
end of file treatment


tOF : 11:57:48:484
wavfile=SR2_20151227_042611_520.wav
c:
g=10
sfte=192000
cF
cN
sD: 
dP
sP
end of file treatment


tOF : 11:57:48:601
wavfile=SR2_20151227_042631_803.wav
c:
g=10
sfte=192000
cF
cN
sD: 
dP
sP
end of file treatment


tOF : 11:57:48:667
wavfile=SR2_20151227_042739_857.wav
c:
g=10
sfte=192000
cF
cN
sD: 
dP
sP
end of file treatment


tOF : 11:57:48:777
wavfile=SR2_20151227_043000_496.wav
c:
g=10
sfte=192000
cF
cN
sD: 
dP
sP
end of file treatment


tOF : 11:57:48:869
wavfile=SR2_20151227_043017_391.wav
c:
g=10
sfte=192000
cF
cN
sD: 
dP
sP
end of file treatment


tOF : 11:57:48:995
wavfile=SR2_20151227_043037_183.wav
c:
g=10
sfte=192000
cF
cN
sD: 
dP
sP
end of file treatment


tOF : 11:57:49:054
wavfile=SR2_20151227_043214_621.wav
c:
g=10
sfte=192000
cF
cN
sD: 
dP
sP
end of file treatment


tOF : 11:57:49:105
wavfile=SR2_20151227_043503_291.wav
c:
g=10
sfte=192000
cF
cN
sD: 
dP
sP
end of file treatment


tOF : 11:57:49:154
wavfile=SR2_20151227_043533_635.wav
c:
g=10
sfte=192000
cF
cN
sD: 
dP
sP
end of file treatment


tOF : 11:57:49:234
wavfile=SR2_20151227_043540_604.wav
c:
g=10
sfte=192000
cF
cN
sD: 
dP
sP
end of file treatment


tOF : 11:57:49:305
wavfile=SR2_20151227_043553_139.wav
c:
g=10
sfte=192000
cF
cN
sD: 
dP
sP
end of file treatment


tOF : 11:57:49:367
wavfile=SR2_20151227_043606_995.wav
c:
g=10
sfte=192000
cF
cN
sD: 
dP
sP
end of file treatment


tOF : 11:57:49:462
wavfile=SR2_20151227_043618_759.wav
c:
g=10
sfte=192000
cF
cN
sD: 
dP
sP
end of file treatment


tOF : 11:57:49:644
wavfile=SR2_20151227_043627_177.wav
c:
g=10
sfte=192000
cF
cN
sD: 
dP
sP
end of file treatment


tOF : 11:57:49:819
wavfile=SR2_20151227_043640_679.wav
c:
g=10
sfte=192000
cF
cN
sD: 
dP
sP
end of file treatment


tOF : 11:57:49:980
wavfile=SR2_20151227_043710_033.wav
c:
g=10
sfte=192000
cF
cN
sD: 
dP
sP
end of file treatment


tOF : 11:57:50:069
wavfile=SR2_20151227_043813_063.wav
c:
g=10
sfte=192000
cF
cN
sD: 
dP
sP
end of file treatment


tOF : 11:57:50:119
wavfile=SR2_20151227_043909_908.wav
c:
g=10
sfte=192000
cF
cN
sD: 
dP
sP
end of file treatment


tOF : 11:57:50:217
wavfile=SR2_20151227_044607_000.wav
c:
g=10
sfte=192000
cF
cN
sD: 
dP
sP
end of file treatment


tOF : 11:57:50:381
wavfile=SR2_20151227_045718_056.wav
c:
g=10
sfte=192000
cF
cN
sD: 
dP
sP
end of file treatment


tOF : 11:57:50:458
wavfile=SR2_20151227_050612_716.wav
c:
g=10
sfte=192000
cF
cN
sD: 
dP
sP
end of file treatment


tOF : 11:57:50:587
wavfile=SR2_20151227_051505_543.wav
c:
g=10
sfte=192000
cF
cN
sD: 
dP
sP
end of file treatment


tOF : 11:57:50:687
wavfile=SR2_20151227_051552_088.wav
c:
g=10
sfte=192000
cF
cN
sD: 
dP
sP
end of file treatment


tOF : 11:57:50:808
wavfile=SR2_20151227_051736_979.wav
c:
g=10
sfte=192000
cF
cN
sD: 
dP
sP
end of file treatment


tOF : 11:57:50:893
wavfile=SR2_20151227_052913_072.wav
c:
g=10
sfte=192000
cF
cN
sD: 
dP
sP
end of file treatment


tOF : 11:57:51:024
wavfile=SR2_20151227_053107_381.wav
c:
g=10
sfte=192000
cF
cN
sD: 
dP
sP
end of file treatment


tOF : 11:57:51:130
wavfile=SR2_20151227_053409_952.wav
c:
g=10
sfte=192000
cF
cN
sD: 
dP
sP
end of file treatment


tOF : 11:57:51:211
wavfile=SR2_20151227_053859_236.wav
c:
g=10
sfte=192000
cF
cN
sD: 
dP
sP
end of file treatment


tOF : 11:57:51:313
wavfile=SR2_20151227_054215_979.wav
c:
g=10
sfte=192000
cF
cN
sD: 
dP
sP
end of file treatment


tOF : 11:57:51:386
wavfile=SR2_20151227_054418_952.wav
c:
g=10
sfte=192000
cF
cN
sD: 
dP
sP
end of file treatment


tOF : 11:57:51:494
wavfile=SR2_20151227_054606_000.wav
c:
g=10
sfte=192000
cF
cN
sD: 
dP
sP
end of file treatment


tOF : 11:57:51:665
wavfile=SR2_20151227_054654_053.wav
c:
g=10
sfte=192000
cF
cN
sD: 
dP
sP
end of file treatment


tOF : 11:57:51:811
wavfile=SR2_20151227_054743_992.wav
c:
g=10
sfte=192000
cF
cN
sD: 
dP
sP
end of file treatment


tOF : 11:57:51:869
wavfile=SR2_20151227_055004_616.wav
c:
g=10
sfte=192000
cF
cN
sD: 
dP
sP
end of file treatment


tOF : 11:57:51:969
wavfile=SR2_20151227_055235_659.wav
c:
g=10
sfte=192000
cF
cN
sD: 
dP
sP
end of file treatment


tOF : 11:57:52:040
wavfile=SR2_20151227_055310_112.wav
c:
g=10
sfte=192000
cF
cN
sD: 
dP
sP
end of file treatment


tOF : 11:57:52:110
wavfile=SR2_20151227_055416_599.wav
c:
g=10
sfte=192000
cF
cN
sD: 
dP
sP
end of file treatment


tOF : 11:57:52:294
wavfile=SR2_20151227_055425_096.wav
c:
g=10
sfte=192000
cF
cN
sD: 
dP
sP
end of file treatment


tOF : 11:57:52:369
wavfile=SR2_20151227_055728_239.wav
c:
g=10
sfte=192000
cF
cN
sD: 
dP
sP
end of file treatment


tOF : 11:57:52:519
wavfile=SR2_20151227_055829_985.wav
c:
g=10
sfte=192000
cF
cN
sD: 
dP
sP
end of file treatment


tOF : 11:57:52:599
wavfile=SR2_20151227_060036_699.wav
c:
g=10
sfte=192000
cF
cN
sD: 
dP
sP
end of file treatment


tOF : 11:57:52:719
wavfile=SR2_20151227_060107_929.wav
c:
g=10
sfte=192000
cF
cN
sD: 
dP
sP
end of file treatment


tOF : 11:57:52:828
wavfile=SR2_20151227_060131_444.wav
c:
g=10
sfte=192000
cF
cN
sD: 
dP
sP
end of file treatment


tOF : 11:57:52:901
wavfile=SR2_20151227_060244_611.wav
c:
g=10
sfte=192000
cF
cN
sD: 
dP
sP
end of file treatment


tOF : 11:57:53:039
wavfile=SR2_20151227_060316_333.wav
c:
g=10
sfte=192000
cF
cN
sD: 
dP
sP
end of file treatment


tOF : 11:57:53:118
wavfile=SR2_20151227_060535_605.wav
c:
g=10
sfte=192000
cF
cN
sD: 
dP
sP
end of file treatment


tOF : 11:57:53:261
wavfile=SR2_20151227_061409_177.wav
c:
g=10
sfte=192000
cF
cN
sD: 
dP
sP
end of file treatment


tOF : 11:57:53:351
wavfile=SR2_20151227_061605_000.wav
c:
g=10
sfte=192000
cF
cN
sD: 
dP
sP
end of file treatment


tOF : 11:57:53:534
wavfile=SR2_20151227_061933_116.wav
c:
g=10
sfte=192000
cF
cN
sD: 
dP
sP
end of file treatment


tOF : 11:57:53:703
wavfile=SR2_20151227_062427_704.wav
c:
g=10
sfte=192000
cF
cN
sD: 
dP
sP
end of file treatment


tOF : 11:57:53:837
wavfile=SR2_20151227_063728_020.wav
c:
g=10
sfte=192000
cF
cN
sD: 
dP
sP
end of file treatment


tOF : 11:57:54:016
wavfile=SR2_20151227_065512_753.wav
c:
g=10
sfte=192000
cF
cN
sD: 
dP
sP
end of file treatment


tOF : 11:57:54:104
wavfile=SR2_20151227_072737_848.wav
c:
g=10
sfte=192000
cF
cN
sD: 
dP
sP
end of file treatment


tOF : 11:57:54:180
wavfile=SR2_20151227_072935_891.wav
c:
g=10
sfte=192000
cF
cN
sD: 
dP
sP
end of file treatment


tOF : 11:57:54:245
wavfile=SR2_20151227_074606_128.wav
c:
g=10
sfte=192000
cF
cN
sD: 
dP
sP
end of file treatment


tOF : 11:57:54:356
wavfile=SR2_20151227_081354_315.wav
c:
g=10
sfte=192000
cF
cN
sD: 
dP
sP
end of file treatment


tOF : 11:57:54:440
wavfile=SR2_20151227_151700_000.wav
c:
g=10
sfte=192000
cF
cN
sD: 
dP
sP
end of file treatment


tOF : 11:57:54:509
wavfile=SR2_20151227_170604_728.wav
c:
g=10
sfte=192000
cF
cN
sD: 
dP
sP
end of file treatment


tOF : 11:57:54:586
wavfile=SR2_20151227_172756_169.wav
c:
g=10
sfte=192000
cF
cN
sD: 
dP
sP
end of file treatment


tOF : 11:57:54:647
wavfile=SR2_20151227_184704_000.wav
c:
g=10
sfte=192000
cF
cN
sD: 
dP
sP
end of file treatment


tOF : 11:57:54:718
wavfile=SR2_20151227_204704_000.wav
c:
g=10
sfte=192000
cF
cN
sD: 
dP
sP
end of file treatment


tOF : 11:57:54:858
wavfile=SR2_20151227_224704_000.wav
c:
g=10
sfte=192000
cF
cN
sD: 
dP
sP
end of file treatment


tOF : 11:57:54:928
wavfile=SR2_20151228_001704_000.wav
c:
g=10
sfte=192000
cF
cN
sD: 
dP
sP
end of file treatment


tOF : 11:57:54:987
wavfile=SR2_20151228_021704_000.wav
c:
g=10
sfte=192000
cF
cN
sD: 
dP
sP
end of file treatment


tOF : 11:57:55:051
wavfile=SR2_20151228_041704_000.wav
c:
g=10
sfte=192000
cF
cN
sD: 
dP
sP
end of file treatment


tOF : 11:57:55:135
wavfile=SR2_20151228_061704_000.wav
c:
g=10
sfte=192000
cF
cN
sD: 
dP
sP
end of file treatment


tOF : 11:57:55:214
wavfile=SR2_20151228_075113_039.wav
c:
g=10
sfte=192000
cF
cN
sD: 
dP
sP
end of file treatment


tOF : 11:57:55:287
wavfile=SR2_20151228_154702_000.wav
c:
g=10
sfte=192000
cF
cN
sD: 
dP
sP
end of file treatment


tOF : 11:57:55:392
wavfile=SR2_20151228_174015_181.wav
c:
g=10
sfte=192000
cF
cN
sD: 
dP
sP
end of file treatment


tOF : 11:57:55:454
wavfile=SR2_20151228_191704_000.wav
c:
g=10
sfte=192000
cF
cN
sD: 
dP
sP
end of file treatment


tOF : 11:57:55:525
wavfile=SR2_20151228_200603_899.wav
c:
g=10
sfte=192000
cF
cN
sD: 
dP
sP
end of file treatment


tOF : 11:57:55:764
wavfile=SR2_20151228_211704_000.wav
c:
g=10
sfte=192000
cF
cN
sD: 
dP
sP
end of file treatment


tOF : 11:57:55:816
wavfile=SR2_20151228_231704_000.wav
c:
g=10
sfte=192000
cF
cN
sD: 
dP
sP
end of file treatment


tOF : 11:57:55:892
wavfile=SR2_20151229_004704_000.wav
c:
g=10
sfte=192000
cF
cN
sD: 
dP
sP
end of file treatment


tOF : 11:57:55:999
wavfile=SR2_20151229_024704_000.wav
c:
g=10
sfte=192000
cF
cN
sD: 
dP
sP
end of file treatment


tOF : 11:57:56:053
wavfile=SR2_20151229_044704_000.wav
c:
g=10
sfte=192000
cF
cN
sD: 
dP
sP
end of file treatment


tOF : 11:57:56:126
wavfile=SR2_20151229_064704_000.wav
c:
g=10
sfte=192000
cF
cN
sD: 
dP
sP
end of file treatment


tOF : 11:57:56:179
wavfile=SR2_20151229_151800_000.wav
c:
g=10
sfte=192000
cF
cN
sD: 
dP
sP
end of file treatment


tOF : 11:57:56:260
wavfile=SR2_20151229_164804_000.wav
c:
g=10
sfte=192000
cF
cN
sD: 
dP
sP
end of file treatment


tOF : 11:57:56:331
wavfile=SR2_20151229_181804_000.wav
c:
g=10
sfte=192000
cF
cN
sD: 
dP
sP
end of file treatment


tOF : 11:57:56:382
wavfile=SR2_20151229_200202_108.wav
c:
g=10
sfte=192000
cF
cN
sD: 
dP
sP
end of file treatment


tOF : 11:57:56:546
wavfile=SR2_20151229_214804_000.wav
c:
g=10
sfte=192000
cF
cN
sD: 
dP
sP
end of file treatment


tOF : 11:57:56:597
wavfile=SR2_20151229_234603_977.wav
c:
g=10
sfte=192000
cF
cN
sD: 
dP
sP
end of file treatment


tOF : 11:57:56:669
wavfile=SR2_20151230_011804_000.wav
c:
g=10
sfte=192000
cF
cN
sD: 
dP
sP
end of file treatment


tOF : 11:57:56:752
wavfile=SR2_20151230_021804_000.wav
c:
g=10
sfte=192000
cF
cN
sD: 
dP
sP
end of file treatment


tOF : 11:57:56:826
wavfile=SR2_20151230_031804_000.wav
c:
g=10
sfte=192000
cF
cN
sD: 
dP
sP
end of file treatment


tOF : 11:57:56:876
wavfile=SR2_20151230_044804_000.wav
c:
g=10
sfte=192000
cF
cN
sD: 
dP
sP
end of file treatment


tOF : 11:57:56:945
wavfile=SR2_20151230_061804_000.wav
c:
g=10
sfte=192000
cF
cN
sD: 
dP
sP
end of file treatment


tOF : 11:57:57:038
wavfile=SR2_20151230_071804_000.wav
c:
g=10
sfte=192000
cF
cN
sD: 
dP
sP
end of file treatment


tOF : 11:57:57:120
wavfile=SR2_20151230_081624_483.wav
c:
g=10
sfte=192000
cF
cN
sD: 
dP
sP
end of file treatment


tOF : 11:57:57:213
wavfile=SR2_20151230_154902_000.wav
c:
g=10
sfte=192000
cF
cN
sD: 
dP
sP
end of file treatment


tOF : 11:57:57:264
wavfile=SR2_20151230_171131_465.wav
c:
g=10
sfte=192000
cF
cN
sD: 
dP
sP
end of file treatment


tOF : 11:57:57:518
wavfile=SR2_20151230_181755_645.wav
c:
g=10
sfte=192000
cF
cN
sD: 
dP
sP
end of file treatment


tOF : 11:57:57:678
wavfile=SR2_20151230_185659_641.wav
c:
g=10
sfte=192000
cF
cN
sD: 
dP
sP
end of file treatment


tOF : 11:57:57:828
wavfile=SR2_20151230_190452_408.wav
c:
g=10
sfte=192000
cF
cN
sD: 
dP
sP
end of file treatment


tOF : 11:57:57:911
wavfile=SR2_20151230_191006_605.wav
c:
g=10
sfte=192000
cF
cN
sD: 
dP
sP
end of file treatment


tOF : 11:57:58:086
wavfile=SR2_20151230_191836_705.wav
c:
g=10
sfte=192000
cF
cN
sD: 
dP
sP
end of file treatment


tOF : 11:57:58:227
wavfile=SR2_20151230_191940_932.wav
c:
g=10
sfte=192000
cF
cN
sD: 
dP
sP
end of file treatment


tOF : 11:57:58:342
wavfile=SR2_20151230_192123_224.wav
c:
g=10
sfte=192000
cF
cN
sD: 
dP
sP
end of file treatment


tOF : 11:57:58:500
wavfile=SR2_20151230_192455_848.wav
c:
g=10
sfte=192000
cF
cN
sD: 
dP
sP
end of file treatment


tOF : 11:57:58:636
wavfile=SR2_20151230_194904_000.wav
c:
g=10
sfte=192000
cF
cN
sD: 
dP
sP
end of file treatment


tOF : 11:57:58:716
wavfile=SR2_20151230_201356_477.wav
c:
g=10
sfte=192000
cF
cN
sD: 
dP
sP
end of file treatment


tOF : 11:57:58:826
wavfile=SR2_20151230_204904_000.wav
c:
g=10
sfte=192000
cF
cN
sD: 
dP
sP
end of file treatment


tOF : 11:57:58:945
wavfile=SR2_20151230_211446_459.wav
c:
g=10
sfte=192000
cF
cN
sD: 
dP
sP
end of file treatment


tOF : 11:57:59:041
wavfile=SR2_20151230_211712_445.wav
c:
g=10
sfte=192000
cF
cN
sD: 
dP
sP
end of file treatment


tOF : 11:57:59:154
wavfile=SR2_20151230_212538_157.wav
c:
g=10
sfte=192000
cF
cN
sD: 
dP
sP
end of file treatment


tOF : 11:57:59:273
wavfile=SR2_20151230_214904_000.wav
c:
g=10
sfte=192000
cF
cN
sD: 
dP
sP
end of file treatment


tOF : 11:57:59:405
wavfile=SR2_20151230_215832_869.wav
c:
g=10
sfte=192000
cF
cN
sD: 
dP
sP
end of file treatment


tOF : 11:57:59:575
wavfile=SR2_20151230_215957_717.wav
c:
g=10
sfte=192000
cF
cN
sD: 
dP
sP
end of file treatment


tOF : 11:57:59:731
wavfile=SR2_20151230_220438_597.wav
c:
g=10
sfte=192000
cF
cN
sD: 
dP
sP
end of file treatment


tOF : 11:57:59:844
wavfile=SR2_20151230_220815_800.wav
c:
g=10
sfte=192000
cF
cN
sD: 
dP
sP
end of file treatment


tOF : 11:58:00:247
wavfile=SR2_20151230_221905_000.wav
c:
g=10
sfte=192000
cF
cN
sD: 
dP
sP
end of file treatment


tOF : 11:58:00:451
wavfile=SR2_20151230_222234_119.wav
c:
g=10
sfte=192000
cF
cN
sD: 
dP
sP
end of file treatment


tOF : 11:58:00:670
wavfile=SR2_20151230_222517_776.wav
c:
g=10
sfte=192000
cF
cN
sD: 
dP
sP
end of file treatment


tOF : 11:58:00:783
wavfile=SR2_20151230_222638_596.wav
c:
g=10
sfte=192000
cF
cN
sD: 
dP
sP
end of file treatment


tOF : 11:58:00:901
wavfile=SR2_20151230_222827_136.wav
c:
g=10
sfte=192000
cF
cN
sD: 
dP
sP
end of file treatment


tOF : 11:58:01:112
wavfile=SR2_20151230_222934_863.wav
c:
g=10
sfte=192000
cF
cN
sD: 
dP
sP
end of file treatment


tOF : 11:58:01:268
wavfile=SR2_20151230_223126_491.wav
c:
g=10
sfte=192000
cF
cN
sD: 
dP
sP
end of file treatment


tOF : 11:58:01:479
wavfile=SR2_20151230_223200_287.wav
c:
g=10
sfte=192000
cF
cN
sD: 
dP
sP
end of file treatment


tOF : 11:58:01:682
wavfile=SR2_20151230_223353_040.wav
c:
g=10
sfte=192000
cF
cN
sD: 
dP
sP
end of file treatment


tOF : 11:58:01:863
wavfile=SR2_20151230_223504_131.wav
c:
g=10
sfte=192000
cF
cN
sD: 
dP
sP
end of file treatment


tOF : 11:58:01:998
wavfile=SR2_20151230_223540_012.wav
c:
g=10
sfte=192000
cF
cN
sD: 
dP
sP
end of file treatment


tOF : 11:58:02:161
wavfile=SR2_20151230_223708_021.wav
c:
g=10
sfte=192000
cF
cN
sD: 
dP
sP
end of file treatment


tOF : 11:58:02:342
wavfile=SR2_20151230_223812_713.wav
c:
g=10
sfte=192000
cF
cN
sD: 
dP
sP
end of file treatment


tOF : 11:58:02:553
wavfile=SR2_20151230_223848_455.wav
c:
g=10
sfte=192000
cF
cN
sD: 
dP
sP
end of file treatment


tOF : 11:58:02:661
wavfile=SR2_20151230_224122_713.wav
c:
g=10
sfte=192000
cF
cN
sD: 
dP
sP
end of file treatment


tOF : 11:58:02:800
wavfile=SR2_20151230_224136_843.wav
c:
g=10
sfte=192000
cF
cN
sD: 
dP
sP
end of file treatment


tOF : 11:58:03:031
wavfile=SR2_20151230_224232_284.wav
c:
g=10
sfte=192000
cF
cN
sD: 
dP
sP
end of file treatment


tOF : 11:58:03:148
wavfile=SR2_20151230_224300_139.wav
c:
g=10
sfte=192000
cF
cN
sD: 
dP
sP
end of file treatment


tOF : 11:58:03:301
wavfile=SR2_20151230_224331_179.wav
c:
g=10
sfte=192000
cF
cN
sD: 
dP
sP
end of file treatment


tOF : 11:58:03:449
wavfile=SR2_20151230_224419_412.wav
c:
g=10
sfte=192000
cF
cN
sD: 
dP
sP
end of file treatment


tOF : 11:58:03:640
wavfile=SR2_20151230_224630_785.wav
c:
g=10
sfte=192000
cF
cN
sD: 
dP
sP
end of file treatment


tOF : 11:58:03:859
wavfile=SR2_20151230_224751_455.wav
c:
g=10
sfte=192000
cF
cN
sD: 
dP
sP
end of file treatment


tOF : 11:58:04:064
wavfile=SR2_20151230_224832_092.wav
c:
g=10
sfte=192000
cF
cN
sD: 
dP
sP
end of file treatment


tOF : 11:58:04:234
wavfile=SR2_20151230_224913_405.wav
c:
g=10
sfte=192000
cF
cN
sD: 
dP
sP
end of file treatment


tOF : 11:58:04:339
wavfile=SR2_20151230_225007_837.wav
c:
g=10
sfte=192000
cF
cN
sD: 
dP
sP
end of file treatment


tOF : 11:58:04:520
wavfile=SR2_20151230_225052_247.wav
c:
g=10
sfte=192000
cF
cN
sD: 
dP
sP
end of file treatment


tOF : 11:58:04:738
wavfile=SR2_20151230_225200_460.wav
c:
g=10
sfte=192000
cF
cN
sD: 
dP
sP
end of file treatment


tOF : 11:58:04:990
wavfile=SR2_20151230_225248_337.wav
c:
g=10
sfte=192000
cF
cN
sD: 
dP
sP
end of file treatment


tOF : 11:58:05:143
wavfile=SR2_20151230_225351_832.wav
c:
g=10
sfte=192000
cF
cN
sD: 
dP
sP
end of file treatment


tOF : 11:58:05:311
wavfile=SR2_20151230_225501_376.wav
c:
g=10
sfte=192000
cF
cN
sD: 
dP
sP
end of file treatment


tOF : 11:58:05:492
wavfile=SR2_20151230_225524_031.wav
c:
g=10
sfte=192000
cF
cN
sD: 
dP
sP
end of file treatment


tOF : 11:58:05:752
wavfile=SR2_20151230_225618_017.wav
c:
g=10
sfte=192000
cF
cN
sD: 
dP
sP
end of file treatment


tOF : 11:58:05:947
wavfile=SR2_20151230_225651_604.wav
c:
g=10
sfte=192000
cF
cN
sD: 
dP
sP
end of file treatment


tOF : 11:58:06:069
wavfile=SR2_20151230_225956_919.wav
c:
g=10
sfte=192000
cF
cN
sD: 
dP
sP
end of file treatment


tOF : 11:58:06:214
wavfile=SR2_20151230_230222_449.wav
c:
g=10
sfte=192000
cF
cN
sD: 
dP
sP
end of file treatment


tOF : 11:58:06:439
wavfile=SR2_20151230_230412_445.wav
c:
g=10
sfte=192000
cF
cN
sD: 
dP
sP
end of file treatment


tOF : 11:58:06:592
wavfile=SR2_20151230_230548_291.wav
c:
g=10
sfte=192000
cF
cN
sD: 
dP
sP
end of file treatment


tOF : 11:58:06:695
wavfile=SR2_20151230_230651_832.wav
c:
g=10
sfte=192000
cF
cN
sD: 
dP
sP
end of file treatment


tOF : 11:58:06:864
wavfile=SR2_20151230_231249_465.wav
c:
g=10
sfte=192000
cF
cN
sD: 
dP
sP
end of file treatment


tOF : 11:58:06:949
wavfile=SR2_20151230_231457_736.wav
c:
g=10
sfte=192000
cF
cN
sD: 
dP
sP
end of file treatment


tOF : 11:58:07:127
wavfile=SR2_20151230_231626_315.wav
c:
g=10
sfte=192000
cF
cN
sD: 
dP
sP
end of file treatment


tOF : 11:58:07:281
wavfile=SR2_20151230_231746_748.wav
c:
g=10
sfte=192000
cF
cN
sD: 
dP
sP
end of file treatment


tOF : 11:58:07:406
wavfile=SR2_20151230_231849_105.wav
c:
g=10
sfte=192000
cF
cN
sD: 
dP
sP
end of file treatment


tOF : 11:58:07:535
wavfile=SR2_20151230_231909_917.wav
c:
g=10
sfte=192000
cF
cN
sD: 
dP
sP
end of file treatment


tOF : 11:58:07:661
wavfile=SR2_20151230_232028_353.wav
c:
g=10
sfte=192000
cF
cN
sD: 
dP
sP
end of file treatment


tOF : 11:58:07:855
wavfile=SR2_20151230_232540_107.wav
c:
g=10
sfte=192000
cF
cN
sD: 
dP
sP
end of file treatment


tOF : 11:58:08:058
wavfile=SR2_20151230_234406_576.wav
c:
g=10
sfte=192000
cF
cN
sD: 
dP
sP
end of file treatment


tOF : 11:58:08:186
wavfile=SR2_20151231_004904_000.wav
c:
g=10
sfte=192000
cF
cN
sD: 
dP
sP
end of file treatment


tOF : 11:58:08:288
wavfile=SR2_20151231_011536_556.wav
c:
g=10
sfte=192000
cF
cN
sD: 
dP
sP
end of file treatment


tOF : 11:58:08:445
wavfile=SR2_20151231_021536_115.wav
c:
g=10
sfte=192000
cF
cN
sD: 
dP
sP
end of file treatment


tOF : 11:58:08:589
wavfile=SR2_20151231_034904_000.wav
c:
g=10
sfte=192000
cF
cN
sD: 
dP
sP
end of file treatment


tOF : 11:58:08:760
wavfile=SR2_20151231_051904_000.wav
c:
g=10
sfte=192000
cF
cN
sD: 
dP
sP
end of file treatment


tOF : 11:58:08:886
wavfile=SR2_20151231_061904_000.wav
c:
g=10
sfte=192000
cF
cN
sD: 
dP
sP
end of file treatment


tOF : 11:58:09:099
wavfile=SR2_20151231_073148_100.wav
c:
g=10
sfte=192000
cF
cN
sD: 
dP
sP
end of file treatment


tOF : 11:58:09:212
wavfile=SR2_20151231_081904_000.wav
c:
g=10
sfte=192000
cF
cN
sD: 
dP
sP
end of file treatment


tOF : 11:58:09:462
wavfile=SR2_20151231_155002_000.wav
c:
g=10
sfte=192000
cF
cN
sD: 
dP
sP
end of file treatment


tOF : 11:58:09:680
wavfile=SR2_20151231_175004_000.wav
c:
g=10
sfte=192000
cF
cN
sD: 
dP
sP
end of file treatment


tOF : 11:58:09:853
wavfile=SR2_20151231_185140_988.wav
c:
g=10
sfte=192000
cF
cN
sD: 
dP
sP
end of file treatment


tOF : 11:58:10:083
wavfile=SR2_20151231_185618_319.wav
c:
g=10
sfte=192000
cF
cN
sD: 
dP
sP
end of file treatment


tOF : 11:58:10:234
wavfile=SR2_20151231_190046_825.wav
c:
g=10
sfte=192000
cF
cN
sD: 
dP
sP
end of file treatment


tOF : 11:58:10:449
wavfile=SR2_20151231_190131_188.wav
c:
g=10
sfte=192000
cF
cN
sD: 
dP
sP
end of file treatment


tOF : 11:58:10:544
wavfile=SR2_20151231_190222_089.wav
c:
g=10
sfte=192000
cF
cN
sD: 
dP
sP
end of file treatment


tOF : 11:58:10:760
wavfile=SR2_20151231_190343_712.wav
c:
g=10
sfte=192000
cF
cN
sD: 
dP
sP
end of file treatment


tOF : 11:58:10:943
wavfile=SR2_20151231_190418_695.wav
c:
g=10
sfte=192000
cF
cN
sD: 
dP
sP
end of file treatment


tOF : 11:58:11:075
wavfile=SR2_20151231_191001_873.wav
c:
g=10
sfte=192000
cF
cN
sD: 
dP
sP
end of file treatment


tOF : 11:58:11:176
wavfile=SR2_20151231_191331_940.wav
c:
g=10
sfte=192000
cF
cN
sD: 
dP
sP
end of file treatment


tOF : 11:58:11:329
wavfile=SR2_20151231_191831_608.wav
c:
g=10
sfte=192000
cF
cN
sD: 
dP
sP
end of file treatment


tOF : 11:58:11:414
wavfile=SR2_20151231_191905_221.wav
c:
g=10
sfte=192000
cF
cN
sD: 
dP
sP
end of file treatment


tOF : 11:58:11:570
wavfile=SR2_20151231_191941_829.wav
c:
g=10
sfte=192000
cF
cN
sD: 
dP
sP
end of file treatment


tOF : 11:58:11:706
wavfile=SR2_20151231_192011_263.wav
c:
g=10
sfte=192000
cF
cN
sD: 
dP
sP
end of file treatment


tOF : 11:58:11:786
wavfile=SR2_20151231_192021_879.wav
c:
g=10
sfte=192000
cF
cN
sD: 
dP
sP
end of file treatment


tOF : 11:58:11:945
wavfile=SR2_20151231_192039_212.wav
c:
g=10
sfte=192000
cF
cN
sD: 
dP
sP
end of file treatment


tOF : 11:58:12:080
wavfile=SR2_20151231_192124_917.wav
c:
g=10
sfte=192000
cF
cN
sD: 
dP
sP
end of file treatment


tOF : 11:58:12:196
wavfile=SR2_20151231_192137_437.wav
c:
g=10
sfte=192000
cF
cN
sD: 
dP
sP
end of file treatment


tOF : 11:58:12:298
wavfile=SR2_20151231_192223_417.wav
c:
g=10
sfte=192000
cF
cN
sD: 
dP
sP
end of file treatment


tOF : 11:58:12:498
wavfile=SR2_20151231_192242_105.wav
c:
g=10
sfte=192000
cF
cN
sD: 
dP
sP
end of file treatment


tOF : 11:58:12:597
wavfile=SR2_20151231_192249_229.wav
c:
g=10
sfte=192000
cF
cN
sD: 
dP
sP
end of file treatment


tOF : 11:58:12:780
wavfile=SR2_20151231_192316_912.wav
c:
g=10
sfte=192000
cF
cN
sD: 
dP
sP
end of file treatment


tOF : 11:58:12:883
wavfile=SR2_20151231_192517_245.wav
c:
g=10
sfte=192000
cF
cN
sD: 
dP
sP
end of file treatment


tOF : 11:58:13:006
wavfile=SR2_20151231_192532_088.wav
c:
g=10
sfte=192000
cF
cN
sD: 
dP
sP
end of file treatment


tOF : 11:58:13:072
wavfile=SR2_20151231_192654_439.wav
c:
g=10
sfte=192000
cF
cN
sD: 
dP
sP
end of file treatment


tOF : 11:58:13:170
wavfile=SR2_20151231_192802_923.wav
c:
g=10
sfte=192000
cF
cN
sD: 
dP
sP
end of file treatment


tOF : 11:58:13:268
wavfile=SR2_20151231_192913_992.wav
c:
g=10
sfte=192000
cF
cN
sD: 
dP
sP
end of file treatment


tOF : 11:58:13:357
wavfile=SR2_20151231_193050_048.wav
c:
g=10
sfte=192000
cF
cN
sD: 
dP
sP
end of file treatment


tOF : 11:58:13:409
wavfile=SR2_20151231_193225_144.wav
c:
g=10
sfte=192000
cF
cN
sD: 
dP
sP
end of file treatment


tOF : 11:58:13:492
wavfile=SR2_20151231_193320_284.wav
c:
g=10
sfte=192000
cF
cN
sD: 
dP
sP
end of file treatment


tOF : 11:58:13:550
wavfile=SR2_20151231_193531_607.wav
c:
g=10
sfte=192000
cF
cN
sD: 
dP
sP
end of file treatment


tOF : 11:58:13:655
wavfile=SR2_20151231_212004_000.wav
c:
g=10
sfte=192000
cF
cN
sD: 
dP
sP
end of file treatment


tOF : 11:58:13:763
wavfile=SR2_20151231_232004_000.wav
c:
g=10
sfte=192000
cF
cN
sD: 
dP
sP
end of file treatment


tOF : 11:58:13:852
wavfile=SR2_20160101_012004_000.wav
c:
g=10
sfte=192000
cF
cN
sD: 
dP
sP
end of file treatment


tOF : 11:58:13:923
wavfile=SR2_20160101_032004_000.wav
c:
g=10
sfte=192000
cF
cN
sD: 
dP
sP
end of file treatment


tOF : 11:58:14:003
wavfile=SR2_20160101_052004_000.wav
c:
g=10
sfte=192000
cF
cN
sD: 
dP
sP
end of file treatment


tOF : 11:58:14:083
wavfile=SR2_20160101_062709_596.wav
c:
g=10
sfte=192000
cF
cN
sD: 
dP
sP
end of file treatment


tOF : 11:58:14:235
wavfile=SR2_20160101_073045_949.wav
c:
g=10
sfte=192000
cF
cN
sD: 
dP
sP
end of file treatment


tOF : 11:58:14:420
wavfile=SR2_20160101_082004_000.wav
c:
g=10
sfte=192000
cF
cN
sD: 
dP
sP
end of file treatment


tOF : 11:58:14:509
wavfile=SR2_20160101_155102_000.wav
c:
g=10
sfte=192000
cF
cN
sD: 
dP
sP
end of file treatment


tOF : 11:58:14:582
wavfile=SR2_20160101_172104_000.wav
c:
g=10
sfte=192000
cF
cN
sD: 
dP
sP
end of file treatment


tOF : 11:58:14:632
wavfile=SR2_20160101_185854_041.wav
c:
g=10
sfte=192000
cF
cN
sD: 
dP
sP
end of file treatment


tOF : 11:58:14:686
wavfile=SR2_20160101_205104_000.wav
c:
g=10
sfte=192000
cF
cN
sD: 
dP
sP
end of file treatment


tOF : 11:58:14:744
wavfile=SR2_20160101_225104_000.wav
c:
g=10
sfte=192000
cF
cN
sD: 
dP
sP
end of file treatment


tOF : 11:58:14:796
wavfile=SR2_20160102_002104_000.wav
c:
g=10
sfte=192000
cF
cN
sD: 
dP
sP
end of file treatment


tOF : 11:58:14:851
wavfile=SR2_20160102_013705_808.wav
c:
g=10
sfte=192000
cF
cN
sD: 
dP
sP
end of file treatment


tOF : 11:58:14:904
wavfile=SR2_20160102_024343_121.wav
c:
g=10
sfte=192000
cF
cN
sD: 
dP
sP
end of file treatment


tOF : 11:58:14:995
wavfile=SR2_20160102_025749_124.wav
c:
g=10
sfte=192000
cF
cN
sD: 
dP
sP
end of file treatment


tOF : 11:58:15:098
wavfile=SR2_20160102_031741_339.wav
c:
g=10
sfte=192000
cF
cN
sD: 
dP
sP
end of file treatment


tOF : 11:58:15:261
wavfile=SR2_20160102_031904_416.wav
c:
g=10
sfte=192000
cF
cN
sD: 
dP
sP
end of file treatment


tOF : 11:58:15:381
wavfile=SR2_20160102_032001_699.wav
c:
g=10
sfte=192000
cF
cN
sD: 
dP
sP
end of file treatment


tOF : 11:58:15:468
wavfile=SR2_20160102_034858_911.wav
c:
g=10
sfte=192000
cF
cN
sD: 
dP
sP
end of file treatment


tOF : 11:58:15:540
wavfile=SR2_20160102_035637_604.wav
c:
g=10
sfte=192000
cF
cN
sD: 
dP
sP
end of file treatment


tOF : 11:58:15:662
wavfile=SR2_20160102_035915_171.wav
c:
g=10
sfte=192000
cF
cN
sD: 
dP
sP
end of file treatment


tOF : 11:58:15:851
wavfile=SR2_20160102_040312_417.wav
c:
g=10
sfte=192000
cF
cN
sD: 
dP
sP
end of file treatment


tOF : 11:58:15:997
wavfile=SR2_20160102_040405_953.wav
c:
g=10
sfte=192000
cF
cN
sD: 
dP
sP
end of file treatment


tOF : 11:58:16:085
wavfile=SR2_20160102_040553_728.wav
c:
g=10
sfte=192000
cF
cN
sD: 
dP
sP
end of file treatment


tOF : 11:58:16:145
wavfile=SR2_20160102_040917_948.wav
c:
g=10
sfte=192000
cF
cN
sD: 
dP
sP
end of file treatment


tOF : 11:58:16:359
wavfile=SR2_20160102_041154_688.wav
c:
g=10
sfte=192000
cF
cN
sD: 
dP
sP
end of file treatment


tOF : 11:58:16:608
wavfile=SR2_20160102_045104_000.wav
c:
g=10
sfte=192000
cF
cN
sD: 
dP
sP
end of file treatment


tOF : 11:58:16:682
wavfile=SR2_20160102_065104_000.wav
c:
g=10
sfte=192000
cF
cN
sD: 
dP
sP
end of file treatment


tOF : 11:58:16:869
wavfile=SR2_20160102_070659_301.wav
c:
g=10
sfte=192000
cF
cN
sD: 
dP
sP
end of file treatment


tOF : 11:58:17:034
wavfile=SR2_20160102_082104_000.wav
c:
g=10
sfte=192000
cF
cN
sD: 
dP
sP
end of file treatment
endDetec  IThread = 3
