dtt modefreq=1


tOF : 11:57:29:241
wavfile=SR2_20151218_162039_000.wav
c:
g=10
sfte=192000
cF
cN
sD: 
dP
sP
end of file treatment


tOF : 11:57:29:359
wavfile=SR2_20151218_162346_367.wav
c:
g=10
sfte=192000
cF
cN
sD: 
dP
sP
end of file treatment


tOF : 11:57:29:453
wavfile=SR2_20151219_151200_000.wav
c:
g=10
sfte=192000
cF
cN
sD: 
dP
sP
end of file treatment


tOF : 11:57:29:547
wavfile=SR2_20151219_170739_308.wav
c:
g=10
sfte=192000
cF
cN
sD: 
dP
sP
end of file treatment


tOF : 11:57:29:640
wavfile=SR2_20151219_174204_000.wav
c:
g=10
sfte=192000
cF
cN
sD: 
dP
sP
end of file treatment


tOF : 11:57:29:743
wavfile=SR2_20151219_182817_343.wav
c:
g=10
sfte=192000
cF
cN
sD: 
dP
sP
end of file treatment


tOF : 11:57:29:904
wavfile=SR2_20151219_192727_503.wav
c:
g=10
sfte=192000
cF
cN
sD: 
dP
sP
end of file treatment


tOF : 11:57:30:045
wavfile=SR2_20151219_201204_000.wav
c:
g=10
sfte=192000
cF
cN
sD: 
dP
sP
end of file treatment


tOF : 11:57:30:193
wavfile=SR2_20151219_212107_265.wav
c:
g=10
sfte=192000
cF
cN
sD: 
dP
sP
end of file treatment


tOF : 11:57:30:286
wavfile=SR2_20151219_221048_300.wav
c:
g=10
sfte=192000
cF
cN
sD: 
dP
sP
end of file treatment


tOF : 11:57:30:411
wavfile=SR2_20151219_232727_288.wav
c:
g=10
sfte=192000
cF
cN
sD: 
dP
sP
end of file treatment


tOF : 11:57:30:489
wavfile=SR2_20151220_011204_000.wav
c:
g=10
sfte=192000
cF
cN
sD: 
dP
sP
end of file treatment


tOF : 11:57:30:630
wavfile=SR2_20151220_031204_000.wav
c:
g=10
sfte=192000
cF
cN
sD: 
dP
sP
end of file treatment


tOF : 11:57:30:811
wavfile=SR2_20151220_051204_000.wav
c:
g=10
sfte=192000
cF
cN
sD: 
dP
sP
end of file treatment


tOF : 11:57:30:971
wavfile=SR2_20151220_071204_000.wav
c:
g=10
sfte=192000
cF
cN
sD: 
dP
sP
end of file treatment


tOF : 11:57:31:146
wavfile=SR2_20151220_081204_000.wav
c:
g=10
sfte=192000
cF
cN
sD: 
dP
sP
end of file treatment


tOF : 11:57:31:261
wavfile=SR2_20151220_154222_012.wav
c:
g=10
sfte=192000
cF
cN
sD: 
dP
sP
end of file treatment


tOF : 11:57:31:388
wavfile=SR2_20151220_155248_359.wav
c:
g=10
sfte=192000
cF
cN
sD: 
dP
sP
end of file treatment


tOF : 11:57:31:602
wavfile=SR2_20151220_164207_807.wav
c:
g=10
sfte=192000
cF
cN
sD: 
dP
sP
end of file treatment


tOF : 11:57:32:019
wavfile=SR2_20151220_172258_252.wav
c:
g=10
sfte=192000
cF
cN
sD: 
dP
sP
end of file treatment


tOF : 11:57:32:388
wavfile=SR2_20151220_191204_000.wav
c:
g=10
sfte=192000
cF
cN
sD: 
dP
sP
end of file treatment


tOF : 11:57:32:526
wavfile=SR2_20151220_211204_000.wav
c:
g=10
sfte=192000
cF
cN
sD: 
dP
sP
end of file treatment


tOF : 11:57:32:597
wavfile=SR2_20151220_231204_000.wav
c:
g=10
sfte=192000
cF
cN
sD: 
dP
sP
end of file treatment


tOF : 11:57:32:705
wavfile=SR2_20151221_011204_000.wav
c:
g=10
sfte=192000
cF
cN
sD: 
dP
sP
end of file treatment


tOF : 11:57:32:920
wavfile=SR2_20151221_031204_000.wav
c:
g=10
sfte=192000
cF
cN
sD: 
dP
sP
end of file treatment


tOF : 11:57:33:002
wavfile=SR2_20151221_044204_000.wav
c:
g=10
sfte=192000
cF
cN
sD: 
dP
sP
end of file treatment


tOF : 11:57:33:098
wavfile=SR2_20151221_064204_000.wav
c:
g=10
sfte=192000
cF
cN
sD: 
dP
sP
end of file treatment


tOF : 11:57:33:168
wavfile=SR2_20151221_081204_000.wav
c:
g=10
sfte=192000
cF
cN
sD: 
dP
sP
end of file treatment


tOF : 11:57:33:271
wavfile=SR2_20151221_151425_541.wav
c:
g=10
sfte=192000
cF
cN
sD: 
dP
sP
end of file treatment


tOF : 11:57:33:366
wavfile=SR2_20151221_153559_744.wav
c:
g=10
sfte=192000
cF
cN
sD: 
dP
sP
end of file treatment


tOF : 11:57:33:441
wavfile=SR2_20151221_171304_000.wav
c:
g=10
sfte=192000
cF
cN
sD: 
dP
sP
end of file treatment


tOF : 11:57:33:586
wavfile=SR2_20151221_191304_000.wav
c:
g=10
sfte=192000
cF
cN
sD: 
dP
sP
end of file treatment


tOF : 11:57:33:769
wavfile=SR2_20151221_211304_000.wav
c:
g=10
sfte=192000
cF
cN
sD: 
dP
sP
end of file treatment


tOF : 11:57:33:852
wavfile=SR2_20151221_231304_000.wav
c:
g=10
sfte=192000
cF
cN
sD: 
dP
sP
end of file treatment


tOF : 11:57:33:926
wavfile=SR2_20151222_011304_000.wav
c:
g=10
sfte=192000
cF
cN
sD: 
dP
sP
end of file treatment


tOF : 11:57:34:027
wavfile=SR2_20151222_024304_000.wav
c:
g=10
sfte=192000
cF
cN
sD: 
dP
sP
end of file treatment


tOF : 11:57:34:223
wavfile=SR2_20151222_024820_401.wav
c:
g=10
sfte=192000
cF
cN
sD: 
dP
sP
end of file treatment


tOF : 11:57:34:342
wavfile=SR2_20151222_030450_339.wav
c:
g=10
sfte=192000
cF
cN
sD: 
dP
sP
end of file treatment


tOF : 11:57:34:480
wavfile=SR2_20151222_031503_845.wav
c:
g=10
sfte=192000
cF
cN
sD: 
dP
sP
end of file treatment


tOF : 11:57:34:614
wavfile=SR2_20151222_032431_055.wav
c:
g=10
sfte=192000
cF
cN
sD: 
dP
sP
end of file treatment


tOF : 11:57:34:691
wavfile=SR2_20151222_032613_133.wav
c:
g=10
sfte=192000
cF
cN
sD: 
dP
sP
end of file treatment


tOF : 11:57:34:778
wavfile=SR2_20151222_032923_407.wav
c:
g=10
sfte=192000
cF
cN
sD: 
dP
sP
end of file treatment


tOF : 11:57:34:868
wavfile=SR2_20151222_033142_252.wav
c:
g=10
sfte=192000
cF
cN
sD: 
dP
sP
end of file treatment


tOF : 11:57:34:959
wavfile=SR2_20151222_041304_000.wav
c:
g=10
sfte=192000
cF
cN
sD: 
dP
sP
end of file treatment


tOF : 11:57:35:025
wavfile=SR2_20151222_054304_000.wav
c:
g=10
sfte=192000
cF
cN
sD: 
dP
sP
end of file treatment


tOF : 11:57:35:092
wavfile=SR2_20151222_065153_331.wav
c:
g=10
sfte=192000
cF
cN
sD: 
dP
sP
end of file treatment


tOF : 11:57:35:162
wavfile=SR2_20151222_080527_044.wav
c:
g=10
sfte=192000
cF
cN
sD: 
dP
sP
end of file treatment


tOF : 11:57:35:274
wavfile=SR2_20151222_151300_000.wav
c:
g=10
sfte=192000
cF
cN
sD: 
dP
sP
end of file treatment


tOF : 11:57:35:348
wavfile=SR2_20151222_171304_000.wav
c:
g=10
sfte=192000
cF
cN
sD: 
dP
sP
end of file treatment


tOF : 11:57:35:458
wavfile=SR2_20151222_183909_051.wav
c:
g=10
sfte=192000
cF
cN
sD: 
dP
sP
end of file treatment


tOF : 11:57:35:693
wavfile=SR2_20151222_201304_000.wav
c:
g=10
sfte=192000
cF
cN
sD: 
dP
sP
end of file treatment


tOF : 11:57:35:782
wavfile=SR2_20151222_202631_395.wav
c:
g=10
sfte=192000
cF
cN
sD: 
dP
sP
end of file treatment


tOF : 11:57:35:983
wavfile=SR2_20151222_202657_991.wav
c:
g=10
sfte=192000
cF
cN
sD: 
dP
sP
end of file treatment


tOF : 11:57:36:094
wavfile=SR2_20151222_203242_551.wav
c:
g=10
sfte=192000
cF
cN
sD: 
dP
sP
end of file treatment


tOF : 11:57:36:151
wavfile=SR2_20151222_203253_988.wav
c:
g=10
sfte=192000
cF
cN
sD: 
dP
sP
end of file treatment


tOF : 11:57:36:236
wavfile=SR2_20151222_203305_689.wav
c:
g=10
sfte=192000
cF
cN
sD: 
dP
sP
end of file treatment


tOF : 11:57:36:360
wavfile=SR2_20151222_203321_259.wav
c:
g=10
sfte=192000
cF
cN
sD: 
dP
sP
end of file treatment


tOF : 11:57:36:680
wavfile=SR2_20151222_203334_625.wav
c:
g=10
sfte=192000
cF
cN
sD: 
dP
sP
end of file treatment


tOF : 11:57:36:756
wavfile=SR2_20151222_203346_216.wav
c:
g=10
sfte=192000
cF
cN
sD: 
dP
sP
end of file treatment


tOF : 11:57:36:989
wavfile=SR2_20151222_203400_421.wav
c:
g=10
sfte=192000
cF
cN
sD: 
dP
sP
end of file treatment


tOF : 11:57:37:084
wavfile=SR2_20151222_203407_789.wav
c:
g=10
sfte=192000
cF
cN
sD: 
dP
sP
end of file treatment


tOF : 11:57:37:178
wavfile=SR2_20151222_203420_497.wav
c:
g=10
sfte=192000
cF
cN
sD: 
dP
sP
end of file treatment


tOF : 11:57:37:518
wavfile=SR2_20151222_203433_868.wav
c:
g=10
sfte=192000
cF
cN
sD: 
dP
sP
end of file treatment


tOF : 11:57:37:718
wavfile=SR2_20151222_203442_976.wav
c:
g=10
sfte=192000
cF
cN
sD: 
dP
sP
end of file treatment


tOF : 11:57:37:999
wavfile=SR2_20151222_203459_716.wav
c:
g=10
sfte=192000
cF
cN
sD: 
dP
sP
end of file treatment


tOF : 11:57:38:136
wavfile=SR2_20151222_203509_533.wav
c:
g=10
sfte=192000
cF
cN
sD: 
dP
sP
end of file treatment


tOF : 11:57:38:212
wavfile=SR2_20151222_203535_373.wav
c:
g=10
sfte=192000
cF
cN
sD: 
dP
sP
end of file treatment


tOF : 11:57:38:283
wavfile=SR2_20151222_203717_541.wav
c:
g=10
sfte=192000
cF
cN
sD: 
dP
sP
end of file treatment


tOF : 11:57:38:335
wavfile=SR2_20151222_204507_019.wav
c:
g=10
sfte=192000
cF
cN
sD: 
dP
sP
end of file treatment


tOF : 11:57:38:422
wavfile=SR2_20151222_205024_839.wav
c:
g=10
sfte=192000
cF
cN
sD: 
dP
sP
end of file treatment


tOF : 11:57:38:507
wavfile=SR2_20151222_211304_000.wav
c:
g=10
sfte=192000
cF
cN
sD: 
dP
sP
end of file treatment


tOF : 11:57:38:626
wavfile=SR2_20151222_213250_183.wav
c:
g=10
sfte=192000
cF
cN
sD: 
dP
sP
end of file treatment


tOF : 11:57:38:777
wavfile=SR2_20151222_213328_913.wav
c:
g=10
sfte=192000
cF
cN
sD: 
dP
sP
end of file treatment


tOF : 11:57:38:898
wavfile=SR2_20151222_213642_724.wav
c:
g=10
sfte=192000
cF
cN
sD: 
dP
sP
end of file treatment


tOF : 11:57:39:000
wavfile=SR2_20151222_214437_177.wav
c:
g=10
sfte=192000
cF
cN
sD: 
dP
sP
end of file treatment


tOF : 11:57:39:116
wavfile=SR2_20151222_215132_316.wav
c:
g=10
sfte=192000
cF
cN
sD: 
dP
sP
end of file treatment


tOF : 11:57:39:267
wavfile=SR2_20151222_221304_000.wav
c:
g=10
sfte=192000
cF
cN
sD: 
dP
sP
end of file treatment


tOF : 11:57:39:374
wavfile=SR2_20151222_221950_860.wav
c:
g=10
sfte=192000
cF
cN
sD: 
dP
sP
end of file treatment


tOF : 11:57:39:464
wavfile=SR2_20151222_222917_088.wav
c:
g=10
sfte=192000
cF
cN
sD: 
dP
sP
end of file treatment


tOF : 11:57:39:547
wavfile=SR2_20151222_223950_500.wav
c:
g=10
sfte=192000
cF
cN
sD: 
dP
sP
end of file treatment


tOF : 11:57:39:659
wavfile=SR2_20151222_224307_119.wav
c:
g=10
sfte=192000
cF
cN
sD: 
dP
sP
end of file treatment


tOF : 11:57:39:717
wavfile=SR2_20151222_224648_216.wav
c:
g=10
sfte=192000
cF
cN
sD: 
dP
sP
end of file treatment


tOF : 11:57:39:855
wavfile=SR2_20151222_225206_472.wav
c:
g=10
sfte=192000
cF
cN
sD: 
dP
sP
end of file treatment


tOF : 11:57:39:955
wavfile=SR2_20151222_225607_292.wav
c:
g=10
sfte=192000
cF
cN
sD: 
dP
sP
end of file treatment


tOF : 11:57:40:031
wavfile=SR2_20151222_231141_848.wav
c:
g=10
sfte=192000
cF
cN
sD: 
dP
sP
end of file treatment


tOF : 11:57:40:134
wavfile=SR2_20151222_232603_564.wav
c:
g=10
sfte=192000
cF
cN
sD: 
dP
sP
end of file treatment


tOF : 11:57:40:190
wavfile=SR2_20151222_234300_676.wav
c:
g=10
sfte=192000
cF
cN
sD: 
dP
sP
end of file treatment


tOF : 11:57:40:261
wavfile=SR2_20151223_003058_649.wav
c:
g=10
sfte=192000
cF
cN
sD: 
dP
sP
end of file treatment


tOF : 11:57:40:329
wavfile=SR2_20151223_010157_560.wav
c:
g=10
sfte=192000
cF
cN
sD: 
dP
sP
end of file treatment


tOF : 11:57:40:351
wavfile=SR2_20151223_024304_000.wav
c:
g=10
sfte=192000
cF
cN
sD: 
dP
sP
end of file treatment


tOF : 11:57:40:438
wavfile=SR2_20151223_044305_000.wav
c:
g=10
sfte=192000
cF
cN
sD: 
dP
sP
end of file treatment


tOF : 11:57:40:529
wavfile=SR2_20151223_054304_000.wav
c:
g=10
sfte=192000
cF
cN
sD: 
dP
sP
end of file treatment


tOF : 11:57:40:602
wavfile=SR2_20151223_070644_419.wav
c:
g=10
sfte=192000
cF
cN
sD: 
dP
sP
end of file treatment


tOF : 11:57:40:767
wavfile=SR2_20151223_072430_537.wav
c:
g=10
sfte=192000
cF
cN
sD: 
dP
sP
end of file treatment


tOF : 11:57:40:912
wavfile=SR2_20151223_153951_675.wav
c:
g=10
sfte=192000
cF
cN
sD: 
dP
sP
end of file treatment


tOF : 11:57:41:074
wavfile=SR2_20151223_171404_000.wav
c:
g=10
sfte=192000
cF
cN
sD: 
dP
sP
end of file treatment


tOF : 11:57:41:226
wavfile=SR2_20151223_191404_000.wav
c:
g=10
sfte=192000
cF
cN
sD: 
dP
sP
end of file treatment


tOF : 11:57:41:410
wavfile=SR2_20151223_211404_000.wav
c:
g=10
sfte=192000
cF
cN
sD: 
dP
sP
end of file treatment


tOF : 11:57:41:489
wavfile=SR2_20151223_231404_000.wav
c:
g=10
sfte=192000
cF
cN
sD: 
dP
sP
end of file treatment


tOF : 11:57:41:618
wavfile=SR2_20151224_011404_000.wav
c:
g=10
sfte=192000
cF
cN
sD: 
dP
sP
end of file treatment


tOF : 11:57:41:737
wavfile=SR2_20151224_031404_000.wav
c:
g=10
sfte=192000
cF
cN
sD: 
dP
sP
end of file treatment


tOF : 11:57:41:837
wavfile=SR2_20151224_051404_000.wav
c:
g=10
sfte=192000
cF
cN
sD: 
dP
sP
end of file treatment


tOF : 11:57:41:991
wavfile=SR2_20151224_071404_000.wav
c:
g=10
sfte=192000
cF
cN
sD: 
dP
sP
end of file treatment


tOF : 11:57:42:052
wavfile=SR2_20151224_153947_929.wav
c:
g=10
sfte=192000
cF
cN
sD: 
dP
sP
end of file treatment


tOF : 11:57:42:204
wavfile=SR2_20151224_154530_303.wav
c:
g=10
sfte=192000
cF
cN
sD: 
dP
sP
end of file treatment


tOF : 11:57:42:360
wavfile=SR2_20151224_154635_797.wav
c:
g=10
sfte=192000
cF
cN
sD: 
dP
sP
end of file treatment


tOF : 11:57:42:439
wavfile=SR2_20151224_154728_587.wav
c:
g=10
sfte=192000
cF
cN
sD: 
dP
sP
end of file treatment


tOF : 11:57:42:507
wavfile=SR2_20151224_154840_953.wav
c:
g=10
sfte=192000
cF
cN
sD: 
dP
sP
end of file treatment


tOF : 11:57:42:631
wavfile=SR2_20151224_154939_405.wav
c:
g=10
sfte=192000
cF
cN
sD: 
dP
sP
end of file treatment


tOF : 11:57:42:987
wavfile=SR2_20151224_171404_000.wav
c:
g=10
sfte=192000
cF
cN
sD: 
dP
sP
end of file treatment


tOF : 11:57:43:075
wavfile=SR2_20151224_184404_000.wav
c:
g=10
sfte=192000
cF
cN
sD: 
dP
sP
end of file treatment


tOF : 11:57:43:176
wavfile=SR2_20151224_204404_000.wav
c:
g=10
sfte=192000
cF
cN
sD: 
dP
sP
end of file treatment


tOF : 11:57:43:309
wavfile=SR2_20151224_224404_000.wav
c:
g=10
sfte=192000
cF
cN
sD: 
dP
sP
end of file treatment


tOF : 11:57:43:415
wavfile=SR2_20151225_004404_000.wav
c:
g=10
sfte=192000
cF
cN
sD: 
dP
sP
end of file treatment


tOF : 11:57:43:566
wavfile=SR2_20151225_024404_000.wav
c:
g=10
sfte=192000
cF
cN
sD: 
dP
sP
end of file treatment


tOF : 11:57:43:619
wavfile=SR2_20151225_044404_000.wav
c:
g=10
sfte=192000
cF
cN
sD: 
dP
sP
end of file treatment


tOF : 11:57:43:766
wavfile=SR2_20151225_064404_000.wav
c:
g=10
sfte=192000
cF
cN
sD: 
dP
sP
end of file treatment


tOF : 11:57:43:860
wavfile=SR2_20151225_074404_000.wav
c:
g=10
sfte=192000
cF
cN
sD: 
dP
sP
end of file treatment


tOF : 11:57:43:968
wavfile=SR2_20151225_154502_000.wav
c:
g=10
sfte=192000
cF
cN
sD: 
dP
sP
end of file treatment


tOF : 11:57:44:022
wavfile=SR2_20151225_174504_000.wav
c:
g=10
sfte=192000
cF
cN
sD: 
dP
sP
end of file treatment


tOF : 11:57:44:130
wavfile=SR2_20151225_191504_000.wav
c:
g=10
sfte=192000
cF
cN
sD: 
dP
sP
end of file treatment


tOF : 11:57:44:260
wavfile=SR2_20151225_204504_000.wav
c:
g=10
sfte=192000
cF
cN
sD: 
dP
sP
end of file treatment


tOF : 11:57:44:404
wavfile=SR2_20151225_221504_000.wav
c:
g=10
sfte=192000
cF
cN
sD: 
dP
sP
end of file treatment


tOF : 11:57:44:461
wavfile=SR2_20151225_231504_000.wav
c:
g=10
sfte=192000
cF
cN
sD: 
dP
sP
end of file treatment


tOF : 11:57:44:552
wavfile=SR2_20151226_011504_000.wav
c:
g=10
sfte=192000
cF
cN
sD: 
dP
sP
end of file treatment


tOF : 11:57:44:659
wavfile=SR2_20151226_011630_419.wav
c:
g=10
sfte=192000
cF
cN
sD: 
dP
sP
end of file treatment


tOF : 11:57:44:827
wavfile=SR2_20151226_013744_895.wav
c:
g=10
sfte=192000
cF
cN
sD: 
dP
sP
end of file treatment


tOF : 11:57:45:033
wavfile=SR2_20151226_021504_000.wav
c:
g=10
sfte=192000
cF
cN
sD: 
dP
sP
end of file treatment


tOF : 11:57:45:099
wavfile=SR2_20151226_034504_000.wav
c:
g=10
sfte=192000
cF
cN
sD: 
dP
sP
end of file treatment


tOF : 11:57:45:208
wavfile=SR2_20151226_051504_000.wav
c:
g=10
sfte=192000
cF
cN
sD: 
dP
sP
end of file treatment


tOF : 11:57:45:287
wavfile=SR2_20151226_071504_000.wav
c:
g=10
sfte=192000
cF
cN
sD: 
dP
sP
end of file treatment


tOF : 11:57:45:396
wavfile=SR2_20151226_081504_000.wav
c:
g=10
sfte=192000
cF
cN
sD: 
dP
sP
end of file treatment


tOF : 11:57:45:491
wavfile=SR2_20151226_154602_000.wav
c:
g=10
sfte=192000
cF
cN
sD: 
dP
sP
end of file treatment


tOF : 11:57:45:577
wavfile=SR2_20151226_171604_000.wav
c:
g=10
sfte=192000
cF
cN
sD: 
dP
sP
end of file treatment


tOF : 11:57:45:648
wavfile=SR2_20151226_181604_000.wav
c:
g=10
sfte=192000
cF
cN
sD: 
dP
sP
end of file treatment


tOF : 11:57:45:716
wavfile=SR2_20151226_201604_000.wav
c:
g=10
sfte=192000
cF
cN
sD: 
dP
sP
end of file treatment


tOF : 11:57:45:778
wavfile=SR2_20151226_212937_511.wav
c:
g=10
sfte=192000
cF
cN
sD: 
dP
sP
end of file treatment


tOF : 11:57:45:890
wavfile=SR2_20151226_231604_000.wav
c:
g=10
sfte=192000
cF
cN
sD: 
dP
sP
end of file treatment


tOF : 11:57:45:953
wavfile=SR2_20151227_004604_000.wav
c:
g=10
sfte=192000
cF
cN
sD: 
dP
sP
end of file treatment


tOF : 11:57:46:063
wavfile=SR2_20151227_024604_000.wav
c:
g=10
sfte=192000
cF
cN
sD: 
dP
sP
end of file treatment


tOF : 11:57:46:146
wavfile=SR2_20151227_041817_165.wav
c:
g=10
sfte=192000
cF
cN
sD: 
dP
sP
end of file treatment


tOF : 11:57:46:371
wavfile=SR2_20151227_041840_445.wav
c:
g=10
sfte=192000
cF
cN
sD: 
dP
sP
end of file treatment


tOF : 11:57:46:600
wavfile=SR2_20151227_041854_539.wav
c:
g=10
sfte=192000
cF
cN
sD: 
dP
sP
end of file treatment


tOF : 11:57:46:735
wavfile=SR2_20151227_041921_364.wav
c:
g=10
sfte=192000
cF
cN
sD: 
dP
sP
end of file treatment


tOF : 11:57:46:827
wavfile=SR2_20151227_042037_549.wav
c:
g=10
sfte=192000
cF
cN
sD: 
dP
sP
end of file treatment


tOF : 11:57:46:937
wavfile=SR2_20151227_042118_723.wav
c:
g=10
sfte=192000
cF
cN
sD: 
dP
sP
end of file treatment


tOF : 11:57:47:007
wavfile=SR2_20151227_042145_455.wav
c:
g=10
sfte=192000
cF
cN
sD: 
dP
sP
end of file treatment


tOF : 11:57:47:176
wavfile=SR2_20151227_042214_665.wav
c:
g=10
sfte=192000
cF
cN
sD: 
dP
sP
end of file treatment


tOF : 11:57:47:455
wavfile=SR2_20151227_042235_028.wav
c:
g=10
sfte=192000
cF
cN
sD: 
dP
sP
end of file treatment


tOF : 11:57:47:579
wavfile=SR2_20151227_042258_244.wav
c:
g=10
sfte=192000
cF
cN
sD: 
dP
sP
end of file treatment


tOF : 11:57:47:734
wavfile=SR2_20151227_042316_031.wav
c:
g=10
sfte=192000
cF
cN
sD: 
dP
sP
end of file treatment


tOF : 11:57:47:806
wavfile=SR2_20151227_042333_352.wav
c:
g=10
sfte=192000
cF
cN
sD: 
dP
sP
end of file treatment


tOF : 11:57:47:889
wavfile=SR2_20151227_042353_508.wav
c:
g=10
sfte=192000
cF
cN
sD: 
dP
sP
end of file treatment


tOF : 11:57:47:958
wavfile=SR2_20151227_042407_595.wav
c:
g=10
sfte=192000
cF
cN
sD: 
dP
sP
end of file treatment


tOF : 11:57:48:045
wavfile=SR2_20151227_042444_165.wav
c:
g=10
sfte=192000
cF
cN
sD: 
dP
sP
end of file treatment


tOF : 11:57:48:149
wavfile=SR2_20151227_042503_507.wav
c:
g=10
sfte=192000
cF
cN
sD: 
dP
sP
end of file treatment


tOF : 11:57:48:272
wavfile=SR2_20151227_042559_517.wav
c:
g=10
sfte=192000
cF
cN
sD: 
dP
sP
end of file treatment


tOF : 11:57:48:344
wavfile=SR2_20151227_042614_371.wav
c:
g=10
sfte=192000
cF
cN
sD: 
dP
sP
end of file treatment


tOF : 11:57:48:431
wavfile=SR2_20151227_042658_968.wav
c:
g=10
sfte=192000
cF
cN
sD: 
dP
sP
end of file treatment


tOF : 11:57:48:486
wavfile=SR2_20151227_042853_519.wav
c:
g=10
sfte=192000
cF
cN
sD: 
dP
sP
end of file treatment


tOF : 11:57:48:571
wavfile=SR2_20151227_043002_961.wav
c:
g=10
sfte=192000
cF
cN
sD: 
dP
sP
end of file treatment


tOF : 11:57:48:632
wavfile=SR2_20151227_043024_779.wav
c:
g=10
sfte=192000
cF
cN
sD: 
dP
sP
end of file treatment


tOF : 11:57:48:686
wavfile=SR2_20151227_043043_351.wav
c:
g=10
sfte=192000
cF
cN
sD: 
dP
sP
end of file treatment


tOF : 11:57:48:803
wavfile=SR2_20151227_043238_540.wav
c:
g=10
sfte=192000
cF
cN
sD: 
dP
sP
end of file treatment


tOF : 11:57:48:889
wavfile=SR2_20151227_043524_413.wav
c:
g=10
sfte=192000
cF
cN
sD: 
dP
sP
end of file treatment


tOF : 11:57:49:027
wavfile=SR2_20151227_043534_719.wav
c:
g=10
sfte=192000
cF
cN
sD: 
dP
sP
end of file treatment


tOF : 11:57:49:108
wavfile=SR2_20151227_043542_931.wav
c:
g=10
sfte=192000
cF
cN
sD: 
dP
sP
end of file treatment


tOF : 11:57:49:231
wavfile=SR2_20151227_043555_417.wav
c:
g=10
sfte=192000
cF
cN
sD: 
dP
sP
end of file treatment


tOF : 11:57:49:286
wavfile=SR2_20151227_043611_052.wav
c:
g=10
sfte=192000
cF
cN
sD: 
dP
sP
end of file treatment


tOF : 11:57:49:501
wavfile=SR2_20151227_043622_315.wav
c:
g=10
sfte=192000
cF
cN
sD: 
dP
sP
end of file treatment


tOF : 11:57:49:558
wavfile=SR2_20151227_043631_556.wav
c:
g=10
sfte=192000
cF
cN
sD: 
dP
sP
end of file treatment


tOF : 11:57:49:632
wavfile=SR2_20151227_043643_941.wav
c:
g=10
sfte=192000
cF
cN
sD: 
dP
sP
end of file treatment


tOF : 11:57:49:719
wavfile=SR2_20151227_043711_307.wav
c:
g=10
sfte=192000
cF
cN
sD: 
dP
sP
end of file treatment


tOF : 11:57:49:785
wavfile=SR2_20151227_043838_361.wav
c:
g=10
sfte=192000
cF
cN
sD: 
dP
sP
end of file treatment


tOF : 11:57:49:890
wavfile=SR2_20151227_043913_152.wav
c:
g=10
sfte=192000
cF
cN
sD: 
dP
sP
end of file treatment


tOF : 11:57:49:982
wavfile=SR2_20151227_044920_944.wav
c:
g=10
sfte=192000
cF
cN
sD: 
dP
sP
end of file treatment


tOF : 11:57:50:108
wavfile=SR2_20151227_050208_593.wav
c:
g=10
sfte=192000
cF
cN
sD: 
dP
sP
end of file treatment


tOF : 11:57:50:254
wavfile=SR2_20151227_051227_095.wav
c:
g=10
sfte=192000
cF
cN
sD: 
dP
sP
end of file treatment


tOF : 11:57:50:318
wavfile=SR2_20151227_051506_723.wav
c:
g=10
sfte=192000
cF
cN
sD: 
dP
sP
end of file treatment


tOF : 11:57:50:436
wavfile=SR2_20151227_051606_000.wav
c:
g=10
sfte=192000
cF
cN
sD: 
dP
sP
end of file treatment


tOF : 11:57:50:550
wavfile=SR2_20151227_051743_853.wav
c:
g=10
sfte=192000
cF
cN
sD: 
dP
sP
end of file treatment


tOF : 11:57:50:619
wavfile=SR2_20151227_052921_403.wav
c:
g=10
sfte=192000
cF
cN
sD: 
dP
sP
end of file treatment


tOF : 11:57:50:685
wavfile=SR2_20151227_053117_163.wav
c:
g=10
sfte=192000
cF
cN
sD: 
dP
sP
end of file treatment


tOF : 11:57:50:762
wavfile=SR2_20151227_053607_808.wav
c:
g=10
sfte=192000
cF
cN
sD: 
dP
sP
end of file treatment


tOF : 11:57:50:870
wavfile=SR2_20151227_054057_729.wav
c:
g=10
sfte=192000
cF
cN
sD: 
dP
sP
end of file treatment


tOF : 11:57:50:991
wavfile=SR2_20151227_054316_504.wav
c:
g=10
sfte=192000
cF
cN
sD: 
dP
sP
end of file treatment


tOF : 11:57:51:083
wavfile=SR2_20151227_054449_492.wav
c:
g=10
sfte=192000
cF
cN
sD: 
dP
sP
end of file treatment


tOF : 11:57:51:157
wavfile=SR2_20151227_054623_536.wav
c:
g=10
sfte=192000
cF
cN
sD: 
dP
sP
end of file treatment


tOF : 11:57:51:306
wavfile=SR2_20151227_054657_445.wav
c:
g=10
sfte=192000
cF
cN
sD: 
dP
sP
end of file treatment


tOF : 11:57:51:384
wavfile=SR2_20151227_054932_461.wav
c:
g=10
sfte=192000
cF
cN
sD: 
dP
sP
end of file treatment


tOF : 11:57:51:521
wavfile=SR2_20151227_055031_056.wav
c:
g=10
sfte=192000
cF
cN
sD: 
dP
sP
end of file treatment


tOF : 11:57:51:610
wavfile=SR2_20151227_055253_033.wav
c:
g=10
sfte=192000
cF
cN
sD: 
dP
sP
end of file treatment


tOF : 11:57:51:684
wavfile=SR2_20151227_055311_931.wav
c:
g=10
sfte=192000
cF
cN
sD: 
dP
sP
end of file treatment


tOF : 11:57:51:824
wavfile=SR2_20151227_055418_123.wav
c:
g=10
sfte=192000
cF
cN
sD: 
dP
sP
end of file treatment


tOF : 11:57:51:908
wavfile=SR2_20151227_055430_401.wav
c:
g=10
sfte=192000
cF
cN
sD: 
dP
sP
end of file treatment


tOF : 11:57:52:145
wavfile=SR2_20151227_055744_789.wav
c:
g=10
sfte=192000
cF
cN
sD: 
dP
sP
end of file treatment


tOF : 11:57:52:243
wavfile=SR2_20151227_055838_303.wav
c:
g=10
sfte=192000
cF
cN
sD: 
dP
sP
end of file treatment


tOF : 11:57:52:326
wavfile=SR2_20151227_060048_027.wav
c:
g=10
sfte=192000
cF
cN
sD: 
dP
sP
end of file treatment


tOF : 11:57:52:412
wavfile=SR2_20151227_060111_933.wav
c:
g=10
sfte=192000
cF
cN
sD: 
dP
sP
end of file treatment


tOF : 11:57:52:501
wavfile=SR2_20151227_060133_948.wav
c:
g=10
sfte=192000
cF
cN
sD: 
dP
sP
end of file treatment


tOF : 11:57:52:577
wavfile=SR2_20151227_060246_880.wav
c:
g=10
sfte=192000
cF
cN
sD: 
dP
sP
end of file treatment


tOF : 11:57:52:664
wavfile=SR2_20151227_060340_035.wav
c:
g=10
sfte=192000
cF
cN
sD: 
dP
sP
end of file treatment


tOF : 11:57:52:743
wavfile=SR2_20151227_061353_085.wav
c:
g=10
sfte=192000
cF
cN
sD: 
dP
sP
end of file treatment


tOF : 11:57:52:820
wavfile=SR2_20151227_061415_321.wav
c:
g=10
sfte=192000
cF
cN
sD: 
dP
sP
end of file treatment


tOF : 11:57:52:901
wavfile=SR2_20151227_061752_223.wav
c:
g=10
sfte=192000
cF
cN
sD: 
dP
sP
end of file treatment


tOF : 11:57:53:084
wavfile=SR2_20151227_062118_869.wav
c:
g=10
sfte=192000
cF
cN
sD: 
dP
sP
end of file treatment


tOF : 11:57:53:272
wavfile=SR2_20151227_062429_453.wav
c:
g=10
sfte=192000
cF
cN
sD: 
dP
sP
end of file treatment


tOF : 11:57:53:357
wavfile=SR2_20151227_064604_000.wav
c:
g=10
sfte=192000
cF
cN
sD: 
dP
sP
end of file treatment


tOF : 11:57:53:437
wavfile=SR2_20151227_065606_055.wav
c:
g=10
sfte=192000
cF
cN
sD: 
dP
sP
end of file treatment


tOF : 11:57:53:559
wavfile=SR2_20151227_072913_343.wav
c:
g=10
sfte=192000
cF
cN
sD: 
dP
sP
end of file treatment


tOF : 11:57:53:716
wavfile=SR2_20151227_073008_713.wav
c:
g=10
sfte=192000
cF
cN
sD: 
dP
sP
end of file treatment


tOF : 11:57:54:011
wavfile=SR2_20151227_080930_655.wav
c:
g=10
sfte=192000
cF
cN
sD: 
dP
sP
end of file treatment


tOF : 11:57:54:073
wavfile=SR2_20151227_081420_237.wav
c:
g=10
sfte=192000
cF
cN
sD: 
dP
sP
end of file treatment


tOF : 11:57:54:214
wavfile=SR2_20151227_154702_000.wav
c:
g=10
sfte=192000
cF
cN
sD: 
dP
sP
end of file treatment


tOF : 11:57:54:287
wavfile=SR2_20151227_170639_123.wav
c:
g=10
sfte=192000
cF
cN
sD: 
dP
sP
end of file treatment


tOF : 11:57:54:460
wavfile=SR2_20151227_173008_120.wav
c:
g=10
sfte=192000
cF
cN
sD: 
dP
sP
end of file treatment


tOF : 11:57:54:539
wavfile=SR2_20151227_191704_000.wav
c:
g=10
sfte=192000
cF
cN
sD: 
dP
sP
end of file treatment


tOF : 11:57:54:640
wavfile=SR2_20151227_211704_000.wav
c:
g=10
sfte=192000
cF
cN
sD: 
dP
sP
end of file treatment


tOF : 11:57:54:783
wavfile=SR2_20151227_231704_000.wav
c:
g=10
sfte=192000
cF
cN
sD: 
dP
sP
end of file treatment


tOF : 11:57:54:883
wavfile=SR2_20151228_004704_000.wav
c:
g=10
sfte=192000
cF
cN
sD: 
dP
sP
end of file treatment


tOF : 11:57:54:946
wavfile=SR2_20151228_024704_000.wav
c:
g=10
sfte=192000
cF
cN
sD: 
dP
sP
end of file treatment


tOF : 11:57:55:024
wavfile=SR2_20151228_044704_000.wav
c:
g=10
sfte=192000
cF
cN
sD: 
dP
sP
end of file treatment


tOF : 11:57:55:107
wavfile=SR2_20151228_064704_000.wav
c:
g=10
sfte=192000
cF
cN
sD: 
dP
sP
end of file treatment


tOF : 11:57:55:175
wavfile=SR2_20151228_081704_000.wav
c:
g=10
sfte=192000
cF
cN
sD: 
dP
sP
end of file treatment


tOF : 11:57:55:315
wavfile=SR2_20151228_161704_000.wav
c:
g=10
sfte=192000
cF
cN
sD: 
dP
sP
end of file treatment


tOF : 11:57:55:366
wavfile=SR2_20151228_174704_000.wav
c:
g=10
sfte=192000
cF
cN
sD: 
dP
sP
end of file treatment


tOF : 11:57:55:416
wavfile=SR2_20151228_194704_000.wav
c:
g=10
sfte=192000
cF
cN
sD: 
dP
sP
end of file treatment


tOF : 11:57:55:479
wavfile=SR2_20151228_201445_813.wav
c:
g=10
sfte=192000
cF
cN
sD: 
dP
sP
end of file treatment


tOF : 11:57:55:556
wavfile=SR2_20151228_214704_000.wav
c:
g=10
sfte=192000
cF
cN
sD: 
dP
sP
end of file treatment


tOF : 11:57:55:682
wavfile=SR2_20151228_234705_000.wav
c:
g=10
sfte=192000
cF
cN
sD: 
dP
sP
end of file treatment


tOF : 11:57:55:766
wavfile=SR2_20151229_011704_000.wav
c:
g=10
sfte=192000
cF
cN
sD: 
dP
sP
end of file treatment


tOF : 11:57:55:817
wavfile=SR2_20151229_031704_000.wav
c:
g=10
sfte=192000
cF
cN
sD: 
dP
sP
end of file treatment


tOF : 11:57:55:876
wavfile=SR2_20151229_051704_000.wav
c:
g=10
sfte=192000
cF
cN
sD: 
dP
sP
end of file treatment


tOF : 11:57:55:927
wavfile=SR2_20151229_071704_000.wav
c:
g=10
sfte=192000
cF
cN
sD: 
dP
sP
end of file treatment


tOF : 11:57:55:996
wavfile=SR2_20151229_154230_564.wav
c:
g=10
sfte=192000
cF
cN
sD: 
dP
sP
end of file treatment


tOF : 11:57:56:069
wavfile=SR2_20151229_171158_877.wav
c:
g=10
sfte=192000
cF
cN
sD: 
dP
sP
end of file treatment


tOF : 11:57:56:216
wavfile=SR2_20151229_184804_000.wav
c:
g=10
sfte=192000
cF
cN
sD: 
dP
sP
end of file treatment


tOF : 11:57:56:293
wavfile=SR2_20151229_201804_000.wav
c:
g=10
sfte=192000
cF
cN
sD: 
dP
sP
end of file treatment


tOF : 11:57:56:365
wavfile=SR2_20151229_221804_000.wav
c:
g=10
sfte=192000
cF
cN
sD: 
dP
sP
end of file treatment


tOF : 11:57:56:421
wavfile=SR2_20151229_234804_000.wav
c:
g=10
sfte=192000
cF
cN
sD: 
dP
sP
end of file treatment


tOF : 11:57:56:501
wavfile=SR2_20151230_012919_748.wav
c:
g=10
sfte=192000
cF
cN
sD: 
dP
sP
end of file treatment


tOF : 11:57:56:560
wavfile=SR2_20151230_024804_000.wav
c:
g=10
sfte=192000
cF
cN
sD: 
dP
sP
end of file treatment


tOF : 11:57:56:641
wavfile=SR2_20151230_034804_000.wav
c:
g=10
sfte=192000
cF
cN
sD: 
dP
sP
end of file treatment


tOF : 11:57:56:707
wavfile=SR2_20151230_051804_000.wav
c:
g=10
sfte=192000
cF
cN
sD: 
dP
sP
end of file treatment


tOF : 11:57:56:766
wavfile=SR2_20151230_063705_445.wav
c:
g=10
sfte=192000
cF
cN
sD: 
dP
sP
end of file treatment


tOF : 11:57:56:836
wavfile=SR2_20151230_073725_679.wav
c:
g=10
sfte=192000
cF
cN
sD: 
dP
sP
end of file treatment


tOF : 11:57:56:888
wavfile=SR2_20151230_081804_000.wav
c:
g=10
sfte=192000
cF
cN
sD: 
dP
sP
end of file treatment


tOF : 11:57:56:975
wavfile=SR2_20151230_161904_000.wav
c:
g=10
sfte=192000
cF
cN
sD: 
dP
sP
end of file treatment


tOF : 11:57:57:057
wavfile=SR2_20151230_171904_000.wav
c:
g=10
sfte=192000
cF
cN
sD: 
dP
sP
end of file treatment


tOF : 11:57:57:120
wavfile=SR2_20151230_181904_000.wav
c:
g=10
sfte=192000
cF
cN
sD: 
dP
sP
end of file treatment


tOF : 11:57:57:256
wavfile=SR2_20151230_185714_405.wav
c:
g=10
sfte=192000
cF
cN
sD: 
dP
sP
end of file treatment


tOF : 11:57:57:423
wavfile=SR2_20151230_190915_121.wav
c:
g=10
sfte=192000
cF
cN
sD: 
dP
sP
end of file treatment


tOF : 11:57:57:606
wavfile=SR2_20151230_191008_003.wav
c:
g=10
sfte=192000
cF
cN
sD: 
dP
sP
end of file treatment


tOF : 11:57:57:721
wavfile=SR2_20151230_191904_000.wav
c:
g=10
sfte=192000
cF
cN
sD: 
dP
sP
end of file treatment


tOF : 11:57:57:915
wavfile=SR2_20151230_191944_636.wav
c:
g=10
sfte=192000
cF
cN
sD: 
dP
sP
end of file treatment


tOF : 11:57:58:096
wavfile=SR2_20151230_192311_555.wav
c:
g=10
sfte=192000
cF
cN
sD: 
dP
sP
end of file treatment


tOF : 11:57:58:266
wavfile=SR2_20151230_192545_172.wav
c:
g=10
sfte=192000
cF
cN
sD: 
dP
sP
end of file treatment


tOF : 11:57:58:384
wavfile=SR2_20151230_200359_232.wav
c:
g=10
sfte=192000
cF
cN
sD: 
dP
sP
end of file treatment


tOF : 11:57:58:514
wavfile=SR2_20151230_201904_000.wav
c:
g=10
sfte=192000
cF
cN
sD: 
dP
sP
end of file treatment


tOF : 11:57:58:643
wavfile=SR2_20151230_205034_197.wav
c:
g=10
sfte=192000
cF
cN
sD: 
dP
sP
end of file treatment


tOF : 11:57:58:845
wavfile=SR2_20151230_211452_327.wav
c:
g=10
sfte=192000
cF
cN
sD: 
dP
sP
end of file treatment


tOF : 11:57:58:936
wavfile=SR2_20151230_211904_000.wav
c:
g=10
sfte=192000
cF
cN
sD: 
dP
sP
end of file treatment


tOF : 11:57:59:052
wavfile=SR2_20151230_212638_624.wav
c:
g=10
sfte=192000
cF
cN
sD: 
dP
sP
end of file treatment


tOF : 11:57:59:219
wavfile=SR2_20151230_215655_877.wav
c:
g=10
sfte=192000
cF
cN
sD: 
dP
sP
end of file treatment


tOF : 11:57:59:391
wavfile=SR2_20151230_215841_691.wav
c:
g=10
sfte=192000
cF
cN
sD: 
dP
sP
end of file treatment


tOF : 11:57:59:515
wavfile=SR2_20151230_220228_655.wav
c:
g=10
sfte=192000
cF
cN
sD: 
dP
sP
end of file treatment


tOF : 11:57:59:629
wavfile=SR2_20151230_220455_477.wav
c:
g=10
sfte=192000
cF
cN
sD: 
dP
sP
end of file treatment


tOF : 11:57:59:728
wavfile=SR2_20151230_221814_665.wav
c:
g=10
sfte=192000
cF
cN
sD: 
dP
sP
end of file treatment


tOF : 11:57:59:850
wavfile=SR2_20151230_222110_607.wav
c:
g=10
sfte=192000
cF
cN
sD: 
dP
sP
end of file treatment


tOF : 11:58:00:174
wavfile=SR2_20151230_222323_600.wav
c:
g=10
sfte=192000
cF
cN
sD: 
dP
sP
end of file treatment


tOF : 11:58:00:282
wavfile=SR2_20151230_222531_120.wav
c:
g=10
sfte=192000
cF
cN
sD: 
dP
sP
end of file treatment


tOF : 11:58:00:480
wavfile=SR2_20151230_222656_064.wav
c:
g=10
sfte=192000
cF
cN
sD: 
dP
sP
end of file treatment


tOF : 11:58:00:683
wavfile=SR2_20151230_222852_996.wav
c:
g=10
sfte=192000
cF
cN
sD: 
dP
sP
end of file treatment


tOF : 11:58:00:888
wavfile=SR2_20151230_222943_037.wav
c:
g=10
sfte=192000
cF
cN
sD: 
dP
sP
end of file treatment


tOF : 11:58:01:093
wavfile=SR2_20151230_223133_315.wav
c:
g=10
sfte=192000
cF
cN
sD: 
dP
sP
end of file treatment


tOF : 11:58:01:238
wavfile=SR2_20151230_223202_691.wav
c:
g=10
sfte=192000
cF
cN
sD: 
dP
sP
end of file treatment


tOF : 11:58:01:413
wavfile=SR2_20151230_223411_987.wav
c:
g=10
sfte=192000
cF
cN
sD: 
dP
sP
end of file treatment


tOF : 11:58:01:572
wavfile=SR2_20151230_223516_884.wav
c:
g=10
sfte=192000
cF
cN
sD: 
dP
sP
end of file treatment


tOF : 11:58:01:741
wavfile=SR2_20151230_223604_137.wav
c:
g=10
sfte=192000
cF
cN
sD: 
dP
sP
end of file treatment


tOF : 11:58:01:939
wavfile=SR2_20151230_223728_872.wav
c:
g=10
sfte=192000
cF
cN
sD: 
dP
sP
end of file treatment


tOF : 11:58:02:116
wavfile=SR2_20151230_223821_960.wav
c:
g=10
sfte=192000
cF
cN
sD: 
dP
sP
end of file treatment


tOF : 11:58:02:223
wavfile=SR2_20151230_223915_781.wav
c:
g=10
sfte=192000
cF
cN
sD: 
dP
sP
end of file treatment


tOF : 11:58:02:366
wavfile=SR2_20151230_224125_172.wav
c:
g=10
sfte=192000
cF
cN
sD: 
dP
sP
end of file treatment


tOF : 11:58:02:571
wavfile=SR2_20151230_224152_228.wav
c:
g=10
sfte=192000
cF
cN
sD: 
dP
sP
end of file treatment


tOF : 11:58:02:709
wavfile=SR2_20151230_224240_795.wav
c:
g=10
sfte=192000
cF
cN
sD: 
dP
sP
end of file treatment


tOF : 11:58:02:833
wavfile=SR2_20151230_224304_661.wav
c:
g=10
sfte=192000
cF
cN
sD: 
dP
sP
end of file treatment


tOF : 11:58:03:017
wavfile=SR2_20151230_224344_425.wav
c:
g=10
sfte=192000
cF
cN
sD: 
dP
sP
end of file treatment


tOF : 11:58:03:125
wavfile=SR2_20151230_224443_411.wav
c:
g=10
sfte=192000
cF
cN
sD: 
dP
sP
end of file treatment


tOF : 11:58:03:234
wavfile=SR2_20151230_224646_184.wav
c:
g=10
sfte=192000
cF
cN
sD: 
dP
sP
end of file treatment


tOF : 11:58:03:460
wavfile=SR2_20151230_224755_368.wav
c:
g=10
sfte=192000
cF
cN
sD: 
dP
sP
end of file treatment


tOF : 11:58:03:651
wavfile=SR2_20151230_224835_168.wav
c:
g=10
sfte=192000
cF
cN
sD: 
dP
sP
end of file treatment


tOF : 11:58:03:846
wavfile=SR2_20151230_224916_675.wav
c:
g=10
sfte=192000
cF
cN
sD: 
dP
sP
end of file treatment


tOF : 11:58:04:057
wavfile=SR2_20151230_225035_568.wav
c:
g=10
sfte=192000
cF
cN
sD: 
dP
sP
end of file treatment


tOF : 11:58:04:311
wavfile=SR2_20151230_225152_345.wav
c:
g=10
sfte=192000
cF
cN
sD: 
dP
sP
end of file treatment


tOF : 11:58:04:770
wavfile=SR2_20151230_225204_224.wav
c:
g=10
sfte=192000
cF
cN
sD: 
dP
sP
end of file treatment


tOF : 11:58:05:019
wavfile=SR2_20151230_225255_544.wav
c:
g=10
sfte=192000
cF
cN
sD: 
dP
sP
end of file treatment


tOF : 11:58:05:188
wavfile=SR2_20151230_225407_460.wav
c:
g=10
sfte=192000
cF
cN
sD: 
dP
sP
end of file treatment


tOF : 11:58:05:334
wavfile=SR2_20151230_225504_177.wav
c:
g=10
sfte=192000
cF
cN
sD: 
dP
sP
end of file treatment


tOF : 11:58:05:504
wavfile=SR2_20151230_225526_591.wav
c:
g=10
sfte=192000
cF
cN
sD: 
dP
sP
end of file treatment


tOF : 11:58:05:747
wavfile=SR2_20151230_225626_259.wav
c:
g=10
sfte=192000
cF
cN
sD: 
dP
sP
end of file treatment


tOF : 11:58:05:982
wavfile=SR2_20151230_225657_148.wav
c:
g=10
sfte=192000
cF
cN
sD: 
dP
sP
end of file treatment


tOF : 11:58:06:182
wavfile=SR2_20151230_230008_700.wav
c:
g=10
sfte=192000
cF
cN
sD: 
dP
sP
end of file treatment


tOF : 11:58:06:378
wavfile=SR2_20151230_230339_984.wav
c:
g=10
sfte=192000
cF
cN
sD: 
dP
sP
end of file treatment


tOF : 11:58:06:510
wavfile=SR2_20151230_230516_188.wav
c:
g=10
sfte=192000
cF
cN
sD: 
dP
sP
end of file treatment


tOF : 11:58:06:656
wavfile=SR2_20151230_230615_445.wav
c:
g=10
sfte=192000
cF
cN
sD: 
dP
sP
end of file treatment


tOF : 11:58:06:810
wavfile=SR2_20151230_230750_244.wav
c:
g=10
sfte=192000
cF
cN
sD: 
dP
sP
end of file treatment


tOF : 11:58:07:007
wavfile=SR2_20151230_231255_212.wav
c:
g=10
sfte=192000
cF
cN
sD: 
dP
sP
end of file treatment


tOF : 11:58:07:183
wavfile=SR2_20151230_231459_900.wav
c:
g=10
sfte=192000
cF
cN
sD: 
dP
sP
end of file treatment


tOF : 11:58:07:281
wavfile=SR2_20151230_231628_148.wav
c:
g=10
sfte=192000
cF
cN
sD: 
dP
sP
end of file treatment


tOF : 11:58:07:456
wavfile=SR2_20151230_231804_555.wav
c:
g=10
sfte=192000
cF
cN
sD: 
dP
sP
end of file treatment


tOF : 11:58:07:631
wavfile=SR2_20151230_231858_215.wav
c:
g=10
sfte=192000
cF
cN
sD: 
dP
sP
end of file treatment


tOF : 11:58:07:856
wavfile=SR2_20151230_231912_969.wav
c:
g=10
sfte=192000
cF
cN
sD: 
dP
sP
end of file treatment


tOF : 11:58:07:989
wavfile=SR2_20151230_232048_311.wav
c:
g=10
sfte=192000
cF
cN
sD: 
dP
sP
end of file treatment


tOF : 11:58:08:108
wavfile=SR2_20151230_232728_596.wav
c:
g=10
sfte=192000
cF
cN
sD: 
dP
sP
end of file treatment


tOF : 11:58:08:244
wavfile=SR2_20151230_234906_000.wav
c:
g=10
sfte=192000
cF
cN
sD: 
dP
sP
end of file treatment


tOF : 11:58:08:324
wavfile=SR2_20151231_005532_428.wav
c:
g=10
sfte=192000
cF
cN
sD: 
dP
sP
end of file treatment


tOF : 11:58:08:494
wavfile=SR2_20151231_011904_000.wav
c:
g=10
sfte=192000
cF
cN
sD: 
dP
sP
end of file treatment


tOF : 11:58:08:646
wavfile=SR2_20151231_021904_000.wav
c:
g=10
sfte=192000
cF
cN
sD: 
dP
sP
end of file treatment


tOF : 11:58:08:868
wavfile=SR2_20151231_041043_197.wav
c:
g=10
sfte=192000
cF
cN
sD: 
dP
sP
end of file treatment


tOF : 11:58:09:193
wavfile=SR2_20151231_054644_448.wav
c:
g=10
sfte=192000
cF
cN
sD: 
dP
sP
end of file treatment


tOF : 11:58:09:461
wavfile=SR2_20151231_063540_728.wav
c:
g=10
sfte=192000
cF
cN
sD: 
dP
sP
end of file treatment


tOF : 11:58:09:657
wavfile=SR2_20151231_074721_691.wav
c:
g=10
sfte=192000
cF
cN
sD: 
dP
sP
end of file treatment


tOF : 11:58:09:864
wavfile=SR2_20151231_082219_875.wav
c:
g=10
sfte=192000
cF
cN
sD: 
dP
sP
end of file treatment


tOF : 11:58:10:070
wavfile=SR2_20151231_162004_000.wav
c:
g=10
sfte=192000
cF
cN
sD: 
dP
sP
end of file treatment


tOF : 11:58:10:226
wavfile=SR2_20151231_180706_467.wav
c:
g=10
sfte=192000
cF
cN
sD: 
dP
sP
end of file treatment


tOF : 11:58:10:461
wavfile=SR2_20151231_185146_269.wav
c:
g=10
sfte=192000
cF
cN
sD: 
dP
sP
end of file treatment


tOF : 11:58:10:593
wavfile=SR2_20151231_185744_224.wav
c:
g=10
sfte=192000
cF
cN
sD: 
dP
sP
end of file treatment


tOF : 11:58:10:757
wavfile=SR2_20151231_190057_912.wav
c:
g=10
sfte=192000
cF
cN
sD: 
dP
sP
end of file treatment


tOF : 11:58:10:904
wavfile=SR2_20151231_190140_685.wav
c:
g=10
sfte=192000
cF
cN
sD: 
dP
sP
end of file treatment


tOF : 11:58:11:051
wavfile=SR2_20151231_190237_595.wav
c:
g=10
sfte=192000
cF
cN
sD: 
dP
sP
end of file treatment


tOF : 11:58:11:110
wavfile=SR2_20151231_190359_164.wav
c:
g=10
sfte=192000
cF
cN
sD: 
dP
sP
end of file treatment


tOF : 11:58:11:301
wavfile=SR2_20151231_190431_784.wav
c:
g=10
sfte=192000
cF
cN
sD: 
dP
sP
end of file treatment


tOF : 11:58:11:445
wavfile=SR2_20151231_191033_271.wav
c:
g=10
sfte=192000
cF
cN
sD: 
dP
sP
end of file treatment


tOF : 11:58:11:587
wavfile=SR2_20151231_191437_564.wav
c:
g=10
sfte=192000
cF
cN
sD: 
dP
sP
end of file treatment


tOF : 11:58:11:706
wavfile=SR2_20151231_191845_844.wav
c:
g=10
sfte=192000
cF
cN
sD: 
dP
sP
end of file treatment


tOF : 11:58:11:779
wavfile=SR2_20151231_191906_679.wav
c:
g=10
sfte=192000
cF
cN
sD: 
dP
sP
end of file treatment


tOF : 11:58:11:866
wavfile=SR2_20151231_191955_783.wav
c:
g=10
sfte=192000
cF
cN
sD: 
dP
sP
end of file treatment


tOF : 11:58:11:964
wavfile=SR2_20151231_192013_036.wav
c:
g=10
sfte=192000
cF
cN
sD: 
dP
sP
end of file treatment


tOF : 11:58:12:100
wavfile=SR2_20151231_192025_032.wav
c:
g=10
sfte=192000
cF
cN
sD: 
dP
sP
end of file treatment


tOF : 11:58:12:207
wavfile=SR2_20151231_192052_415.wav
c:
g=10
sfte=192000
cF
cN
sD: 
dP
sP
end of file treatment


tOF : 11:58:12:331
wavfile=SR2_20151231_192126_891.wav
c:
g=10
sfte=192000
cF
cN
sD: 
dP
sP
end of file treatment


tOF : 11:58:12:419
wavfile=SR2_20151231_192148_031.wav
c:
g=10
sfte=192000
cF
cN
sD: 
dP
sP
end of file treatment


tOF : 11:58:12:505
wavfile=SR2_20151231_192225_381.wav
c:
g=10
sfte=192000
cF
cN
sD: 
dP
sP
end of file treatment


tOF : 11:58:12:599
wavfile=SR2_20151231_192244_005.wav
c:
g=10
sfte=192000
cF
cN
sD: 
dP
sP
end of file treatment


tOF : 11:58:12:792
wavfile=SR2_20151231_192258_349.wav
c:
g=10
sfte=192000
cF
cN
sD: 
dP
sP
end of file treatment


tOF : 11:58:12:900
wavfile=SR2_20151231_192421_016.wav
c:
g=10
sfte=192000
cF
cN
sD: 
dP
sP
end of file treatment


tOF : 11:58:12:980
wavfile=SR2_20151231_192520_252.wav
c:
g=10
sfte=192000
cF
cN
sD: 
dP
sP
end of file treatment


tOF : 11:58:13:044
wavfile=SR2_20151231_192534_651.wav
c:
g=10
sfte=192000
cF
cN
sD: 
dP
sP
end of file treatment


tOF : 11:58:13:209
wavfile=SR2_20151231_192710_549.wav
c:
g=10
sfte=192000
cF
cN
sD: 
dP
sP
end of file treatment


tOF : 11:58:13:351
wavfile=SR2_20151231_192814_540.wav
c:
g=10
sfte=192000
cF
cN
sD: 
dP
sP
end of file treatment


tOF : 11:58:13:423
wavfile=SR2_20151231_192919_425.wav
c:
g=10
sfte=192000
cF
cN
sD: 
dP
sP
end of file treatment


tOF : 11:58:13:476
wavfile=SR2_20151231_193110_840.wav
c:
g=10
sfte=192000
cF
cN
sD: 
dP
sP
end of file treatment


tOF : 11:58:13:528
wavfile=SR2_20151231_193226_865.wav
c:
g=10
sfte=192000
cF
cN
sD: 
dP
sP
end of file treatment


tOF : 11:58:13:624
wavfile=SR2_20151231_193356_396.wav
c:
g=10
sfte=192000
cF
cN
sD: 
dP
sP
end of file treatment


tOF : 11:58:13:695
wavfile=SR2_20151231_195005_000.wav
c:
g=10
sfte=192000
cF
cN
sD: 
dP
sP
end of file treatment


tOF : 11:58:13:799
wavfile=SR2_20151231_215004_000.wav
c:
g=10
sfte=192000
cF
cN
sD: 
dP
sP
end of file treatment


tOF : 11:58:13:913
wavfile=SR2_20151231_235004_000.wav
c:
g=10
sfte=192000
cF
cN
sD: 
dP
sP
end of file treatment


tOF : 11:58:14:045
wavfile=SR2_20160101_015004_000.wav
c:
g=10
sfte=192000
cF
cN
sD: 
dP
sP
end of file treatment


tOF : 11:58:14:158
wavfile=SR2_20160101_035004_000.wav
c:
g=10
sfte=192000
cF
cN
sD: 
dP
sP
end of file treatment


tOF : 11:58:14:216
wavfile=SR2_20160101_055004_000.wav
c:
g=10
sfte=192000
cF
cN
sD: 
dP
sP
end of file treatment


tOF : 11:58:14:290
wavfile=SR2_20160101_065004_000.wav
c:
g=10
sfte=192000
cF
cN
sD: 
dP
sP
end of file treatment


tOF : 11:58:14:436
wavfile=SR2_20160101_075004_000.wav
c:
g=10
sfte=192000
cF
cN
sD: 
dP
sP
end of file treatment


tOF : 11:58:14:520
wavfile=SR2_20160101_152100_000.wav
c:
g=10
sfte=192000
cF
cN
sD: 
dP
sP
end of file treatment


tOF : 11:58:14:608
wavfile=SR2_20160101_155651_333.wav
c:
g=10
sfte=192000
cF
cN
sD: 
dP
sP
end of file treatment


tOF : 11:58:14:710
wavfile=SR2_20160101_175104_000.wav
c:
g=10
sfte=192000
cF
cN
sD: 
dP
sP
end of file treatment


tOF : 11:58:14:761
wavfile=SR2_20160101_192104_000.wav
c:
g=10
sfte=192000
cF
cN
sD: 
dP
sP
end of file treatment


tOF : 11:58:14:822
wavfile=SR2_20160101_212104_000.wav
c:
g=10
sfte=192000
cF
cN
sD: 
dP
sP
end of file treatment


tOF : 11:58:14:888
wavfile=SR2_20160101_232104_000.wav
c:
g=10
sfte=192000
cF
cN
sD: 
dP
sP
end of file treatment


tOF : 11:58:14:966
wavfile=SR2_20160102_005104_000.wav
c:
g=10
sfte=192000
cF
cN
sD: 
dP
sP
end of file treatment


tOF : 11:58:15:016
wavfile=SR2_20160102_015104_000.wav
c:
g=10
sfte=192000
cF
cN
sD: 
dP
sP
end of file treatment


tOF : 11:58:15:097
wavfile=SR2_20160102_024415_469.wav
c:
g=10
sfte=192000
cF
cN
sD: 
dP
sP
end of file treatment


tOF : 11:58:15:183
wavfile=SR2_20160102_025801_527.wav
c:
g=10
sfte=192000
cF
cN
sD: 
dP
sP
end of file treatment


tOF : 11:58:15:235
wavfile=SR2_20160102_031806_659.wav
c:
g=10
sfte=192000
cF
cN
sD: 
dP
sP
end of file treatment


tOF : 11:58:15:339
wavfile=SR2_20160102_031920_975.wav
c:
g=10
sfte=192000
cF
cN
sD: 
dP
sP
end of file treatment


tOF : 11:58:15:428
wavfile=SR2_20160102_032104_000.wav
c:
g=10
sfte=192000
cF
cN
sD: 
dP
sP
end of file treatment


tOF : 11:58:15:505
wavfile=SR2_20160102_035003_921.wav
c:
g=10
sfte=192000
cF
cN
sD: 
dP
sP
end of file treatment


tOF : 11:58:15:650
wavfile=SR2_20160102_035738_480.wav
c:
g=10
sfte=192000
cF
cN
sD: 
dP
sP
end of file treatment


tOF : 11:58:15:829
wavfile=SR2_20160102_035939_231.wav
c:
g=10
sfte=192000
cF
cN
sD: 
dP
sP
end of file treatment


tOF : 11:58:16:039
wavfile=SR2_20160102_040318_859.wav
c:
g=10
sfte=192000
cF
cN
sD: 
dP
sP
end of file treatment


tOF : 11:58:16:134
wavfile=SR2_20160102_040455_264.wav
c:
g=10
sfte=192000
cF
cN
sD: 
dP
sP
end of file treatment


tOF : 11:58:16:339
wavfile=SR2_20160102_040728_112.wav
c:
g=10
sfte=192000
cF
cN
sD: 
dP
sP
end of file treatment


tOF : 11:58:16:568
wavfile=SR2_20160102_040928_813.wav
c:
g=10
sfte=192000
cF
cN
sD: 
dP
sP
end of file treatment


tOF : 11:58:16:634
wavfile=SR2_20160102_041331_523.wav
c:
g=10
sfte=192000
cF
cN
sD: 
dP
sP
end of file treatment


tOF : 11:58:16:914
wavfile=SR2_20160102_052104_000.wav
c:
g=10
sfte=192000
cF
cN
sD: 
dP
sP
end of file treatment


tOF : 11:58:17:005
wavfile=SR2_20160102_070224_655.wav
c:
g=10
sfte=192000
cF
cN
sD: 
dP
sP
end of file treatment


tOF : 11:58:17:102
wavfile=SR2_20160102_070826_956.wav
c:
g=10
sfte=192000
cF
cN
sD: 
dP
sP
end of file treatment


tOF : 11:58:17:215
wavfile=SR2_20160102_152200_000.wav
c:
g=10
sfte=192000
cF
cN
sD: 
dP
sP
end of file treatment
endDetec  IThread = 0
