dtt modefreq=1


tOF : 12:02:34:311
wavfile=SR2_20160120_154800_000.wav
c:
g=10
sfte=192000
cF
cN
sD: 
dP
sP
end of file treatment


tOF : 12:02:34:389
wavfile=SR2_20160120_162336_375.wav
c:
g=10
sfte=192000
cF
cN
sD: 
dP
sP
end of file treatment


tOF : 12:02:34:561
wavfile=SR2_20160120_174804_000.wav
c:
g=10
sfte=192000
cF
cN
sD: 
dP
sP
end of file treatment


tOF : 12:02:34:729
wavfile=SR2_20160120_194804_000.wav
c:
g=10
sfte=192000
cF
cN
sD: 
dP
sP
end of file treatment


tOF : 12:02:34:796
wavfile=SR2_20160120_214804_000.wav
c:
g=10
sfte=192000
cF
cN
sD: 
dP
sP
end of file treatment


tOF : 12:02:34:921
wavfile=SR2_20160120_234804_000.wav
c:
g=10
sfte=192000
cF
cN
sD: 
dP
sP
end of file treatment


tOF : 12:02:35:053
wavfile=SR2_20160121_005424_945.wav
c:
g=10
sfte=192000
cF
cN
sD: 
dP
sP
end of file treatment


tOF : 12:02:35:147
wavfile=SR2_20160121_024804_000.wav
c:
g=10
sfte=192000
cF
cN
sD: 
dP
sP
end of file treatment


tOF : 12:02:35:288
wavfile=SR2_20160121_044804_000.wav
c:
g=10
sfte=192000
cF
cN
sD: 
dP
sP
end of file treatment


tOF : 12:02:35:402
wavfile=SR2_20160121_064804_000.wav
c:
g=10
sfte=192000
cF
cN
sD: 
dP
sP
end of file treatment


tOF : 12:02:35:466
wavfile=SR2_20160121_074638_213.wav
c:
g=10
sfte=192000
cF
cN
sD: 
dP
sP
end of file treatment


tOF : 12:02:35:593
wavfile=SR2_20160121_162002_000.wav
c:
g=10
sfte=192000
cF
cN
sD: 
dP
sP
end of file treatment


tOF : 12:02:35:693
wavfile=SR2_20160121_182004_000.wav
c:
g=10
sfte=192000
cF
cN
sD: 
dP
sP
end of file treatment


tOF : 12:02:35:811
wavfile=SR2_20160121_202004_000.wav
c:
g=10
sfte=192000
cF
cN
sD: 
dP
sP
end of file treatment


tOF : 12:02:35:952
wavfile=SR2_20160121_222004_000.wav
c:
g=10
sfte=192000
cF
cN
sD: 
dP
sP
end of file treatment


tOF : 12:02:36:061
wavfile=SR2_20160122_002004_000.wav
c:
g=10
sfte=192000
cF
cN
sD: 
dP
sP
end of file treatment


tOF : 12:02:36:217
wavfile=SR2_20160122_022004_000.wav
c:
g=10
sfte=192000
cF
cN
sD: 
dP
sP
end of file treatment


tOF : 12:02:36:373
wavfile=SR2_20160122_042004_000.wav
c:
g=10
sfte=192000
cF
cN
sD: 
dP
sP
end of file treatment


tOF : 12:02:36:514
wavfile=SR2_20160122_055004_000.wav
c:
g=10
sfte=192000
cF
cN
sD: 
dP
sP
end of file treatment


tOF : 12:02:36:623
wavfile=SR2_20160122_072004_000.wav
c:
g=10
sfte=192000
cF
cN
sD: 
dP
sP
end of file treatment


tOF : 12:02:36:687
wavfile=SR2_20160122_155200_000.wav
c:
g=10
sfte=192000
cF
cN
sD: 
dP
sP
end of file treatment


tOF : 12:02:36:749
wavfile=SR2_20160122_175204_000.wav
c:
g=10
sfte=192000
cF
cN
sD: 
dP
sP
end of file treatment


tOF : 12:02:36:881
wavfile=SR2_20160122_195204_000.wav
c:
g=10
sfte=192000
cF
cN
sD: 
dP
sP
end of file treatment


tOF : 12:02:36:947
wavfile=SR2_20160122_215204_000.wav
c:
g=10
sfte=192000
cF
cN
sD: 
dP
sP
end of file treatment


tOF : 12:02:37:082
wavfile=SR2_20160122_235204_000.wav
c:
g=10
sfte=192000
cF
cN
sD: 
dP
sP
end of file treatment


tOF : 12:02:37:247
wavfile=SR2_20160123_015204_000.wav
c:
g=10
sfte=192000
cF
cN
sD: 
dP
sP
end of file treatment


tOF : 12:02:37:316
wavfile=SR2_20160123_035204_000.wav
c:
g=10
sfte=192000
cF
cN
sD: 
dP
sP
end of file treatment


tOF : 12:02:37:414
wavfile=SR2_20160123_055204_000.wav
c:
g=10
sfte=192000
cF
cN
sD: 
dP
sP
end of file treatment


tOF : 12:02:37:527
wavfile=SR2_20160123_071955_992.wav
c:
g=10
sfte=192000
cF
cN
sD: 
dP
sP
end of file treatment


tOF : 12:02:37:722
wavfile=SR2_20160123_073624_883.wav
c:
g=10
sfte=192000
cF
cN
sD: 
dP
sP
end of file treatment


tOF : 12:02:37:876
wavfile=SR2_20160123_160701_372.wav
c:
g=10
sfte=192000
cF
cN
sD: 
dP
sP
end of file treatment


tOF : 12:02:37:993
wavfile=SR2_20160123_162402_000.wav
c:
g=10
sfte=192000
cF
cN
sD: 
dP
sP
end of file treatment


tOF : 12:02:38:208
wavfile=SR2_20160123_175404_000.wav
c:
g=10
sfte=192000
cF
cN
sD: 
dP
sP
end of file treatment


tOF : 12:02:38:268
wavfile=SR2_20160123_185404_000.wav
c:
g=10
sfte=192000
cF
cN
sD: 
dP
sP
end of file treatment


tOF : 12:02:38:318
wavfile=SR2_20160123_200627_555.wav
c:
g=10
sfte=192000
cF
cN
sD: 
dP
sP
end of file treatment


tOF : 12:02:38:485
wavfile=SR2_20160123_204325_008.wav
c:
g=10
sfte=192000
cF
cN
sD: 
dP
sP
end of file treatment


tOF : 12:02:38:615
wavfile=SR2_20160123_204424_525.wav
c:
g=10
sfte=192000
cF
cN
sD: 
dP
sP
end of file treatment


tOF : 12:02:38:759
wavfile=SR2_20160123_205404_000.wav
c:
g=10
sfte=192000
cF
cN
sD: 
dP
sP
end of file treatment


tOF : 12:02:38:822
wavfile=SR2_20160123_214052_947.wav
c:
g=10
sfte=192000
cF
cN
sD: 
dP
sP
end of file treatment


tOF : 12:02:38:894
wavfile=SR2_20160123_214522_109.wav
c:
g=10
sfte=192000
cF
cN
sD: 
dP
sP
end of file treatment


tOF : 12:02:38:985
wavfile=SR2_20160123_214744_493.wav
c:
g=10
sfte=192000
cF
cN
sD: 
dP
sP
end of file treatment


tOF : 12:02:39:111
wavfile=SR2_20160123_214828_812.wav
c:
g=10
sfte=192000
cF
cN
sD: 
dP
sP
end of file treatment


tOF : 12:02:39:228
wavfile=SR2_20160123_215033_584.wav
c:
g=10
sfte=192000
cF
cN
sD: 
dP
sP
end of file treatment


tOF : 12:02:39:329
wavfile=SR2_20160123_215247_841.wav
c:
g=10
sfte=192000
cF
cN
sD: 
dP
sP
end of file treatment


tOF : 12:02:39:463
wavfile=SR2_20160123_215405_000.wav
c:
g=10
sfte=192000
cF
cN
sD: 
dP
sP
end of file treatment


tOF : 12:02:39:586
wavfile=SR2_20160123_220001_336.wav
c:
g=10
sfte=192000
cF
cN
sD: 
dP
sP
end of file treatment


tOF : 12:02:39:715
wavfile=SR2_20160123_220446_167.wav
c:
g=10
sfte=192000
cF
cN
sD: 
dP
sP
end of file treatment


tOF : 12:02:39:841
wavfile=SR2_20160123_220719_691.wav
c:
g=10
sfte=192000
cF
cN
sD: 
dP
sP
end of file treatment


tOF : 12:02:39:938
wavfile=SR2_20160123_220909_297.wav
c:
g=10
sfte=192000
cF
cN
sD: 
dP
sP
end of file treatment


tOF : 12:02:40:028
wavfile=SR2_20160123_221040_068.wav
c:
g=10
sfte=192000
cF
cN
sD: 
dP
sP
end of file treatment


tOF : 12:02:40:144
wavfile=SR2_20160123_221305_627.wav
c:
g=10
sfte=192000
cF
cN
sD: 
dP
sP
end of file treatment


tOF : 12:02:40:258
wavfile=SR2_20160123_221628_601.wav
c:
g=10
sfte=192000
cF
cN
sD: 
dP
sP
end of file treatment


tOF : 12:02:40:357
wavfile=SR2_20160123_221758_495.wav
c:
g=10
sfte=192000
cF
cN
sD: 
dP
sP
end of file treatment


tOF : 12:02:40:544
wavfile=SR2_20160123_221813_475.wav
c:
g=10
sfte=192000
cF
cN
sD: 
dP
sP
end of file treatment


tOF : 12:02:40:715
wavfile=SR2_20160123_222221_683.wav
c:
g=10
sfte=192000
cF
cN
sD: 
dP
sP
end of file treatment


tOF : 12:02:40:913
wavfile=SR2_20160123_222414_975.wav
c:
g=10
sfte=192000
cF
cN
sD: 
dP
sP
end of file treatment


tOF : 12:02:41:017
wavfile=SR2_20160123_222534_141.wav
c:
g=10
sfte=192000
cF
cN
sD: 
dP
sP
end of file treatment


tOF : 12:02:41:114
wavfile=SR2_20160123_223222_719.wav
c:
g=10
sfte=192000
cF
cN
sD: 
dP
sP
end of file treatment


tOF : 12:02:41:244
wavfile=SR2_20160123_223550_391.wav
c:
g=10
sfte=192000
cF
cN
sD: 
dP
sP
end of file treatment


tOF : 12:02:41:343
wavfile=SR2_20160123_223639_636.wav
c:
g=10
sfte=192000
cF
cN
sD: 
dP
sP
end of file treatment


tOF : 12:02:41:476
wavfile=SR2_20160123_223831_523.wav
c:
g=10
sfte=192000
cF
cN
sD: 
dP
sP
end of file treatment


tOF : 12:02:41:627
wavfile=SR2_20160123_224141_880.wav
c:
g=10
sfte=192000
cF
cN
sD: 
dP
sP
end of file treatment


tOF : 12:02:41:763
wavfile=SR2_20160123_224356_703.wav
c:
g=10
sfte=192000
cF
cN
sD: 
dP
sP
end of file treatment


tOF : 12:02:41:908
wavfile=SR2_20160123_225405_000.wav
c:
g=10
sfte=192000
cF
cN
sD: 
dP
sP
end of file treatment


tOF : 12:02:42:031
wavfile=SR2_20160123_232835_029.wav
c:
g=10
sfte=192000
cF
cN
sD: 
dP
sP
end of file treatment


tOF : 12:02:42:366
wavfile=SR2_20160123_234948_912.wav
c:
g=10
sfte=192000
cF
cN
sD: 
dP
sP
end of file treatment


tOF : 12:02:42:477
wavfile=SR2_20160124_005404_000.wav
c:
g=10
sfte=192000
cF
cN
sD: 
dP
sP
end of file treatment


tOF : 12:02:42:582
wavfile=SR2_20160124_025404_000.wav
c:
g=10
sfte=192000
cF
cN
sD: 
dP
sP
end of file treatment


tOF : 12:02:42:767
wavfile=SR2_20160124_045404_000.wav
c:
g=10
sfte=192000
cF
cN
sD: 
dP
sP
end of file treatment


tOF : 12:02:42:933
wavfile=SR2_20160124_065404_000.wav
c:
g=10
sfte=192000
cF
cN
sD: 
dP
sP
end of file treatment


tOF : 12:02:43:016
wavfile=SR2_20160124_075404_000.wav
c:
g=10
sfte=192000
cF
cN
sD: 
dP
sP
end of file treatment


tOF : 12:02:43:100
wavfile=SR2_20160124_161437_721.wav
c:
g=10
sfte=192000
cF
cN
sD: 
dP
sP
end of file treatment


tOF : 12:02:43:258
wavfile=SR2_20160124_163231_863.wav
c:
g=10
sfte=192000
cF
cN
sD: 
dP
sP
end of file treatment


tOF : 12:02:43:366
wavfile=SR2_20160124_172504_000.wav
c:
g=10
sfte=192000
cF
cN
sD: 
dP
sP
end of file treatment


tOF : 12:02:43:463
wavfile=SR2_20160124_181644_124.wav
c:
g=10
sfte=192000
cF
cN
sD: 
dP
sP
end of file treatment


tOF : 12:02:43:722
wavfile=SR2_20160124_192504_000.wav
c:
g=10
sfte=192000
cF
cN
sD: 
dP
sP
end of file treatment


tOF : 12:02:43:828
wavfile=SR2_20160124_205504_000.wav
c:
g=10
sfte=192000
cF
cN
sD: 
dP
sP
end of file treatment


tOF : 12:02:43:931
wavfile=SR2_20160124_225504_000.wav
c:
g=10
sfte=192000
cF
cN
sD: 
dP
sP
end of file treatment


tOF : 12:02:44:081
wavfile=SR2_20160124_235504_000.wav
c:
g=10
sfte=192000
cF
cN
sD: 
dP
sP
end of file treatment


tOF : 12:02:44:186
wavfile=SR2_20160125_012504_000.wav
c:
g=10
sfte=192000
cF
cN
sD: 
dP
sP
end of file treatment


tOF : 12:02:44:276
wavfile=SR2_20160125_032504_000.wav
c:
g=10
sfte=192000
cF
cN
sD: 
dP
sP
end of file treatment


tOF : 12:02:44:365
wavfile=SR2_20160125_052504_000.wav
c:
g=10
sfte=192000
cF
cN
sD: 
dP
sP
end of file treatment


tOF : 12:02:44:482
wavfile=SR2_20160125_072504_000.wav
c:
g=10
sfte=192000
cF
cN
sD: 
dP
sP
end of file treatment


tOF : 12:02:44:559
wavfile=SR2_20160125_165704_000.wav
c:
g=10
sfte=192000
cF
cN
sD: 
dP
sP
end of file treatment


tOF : 12:02:44:623
wavfile=SR2_20160125_175817_436.wav
c:
g=10
sfte=192000
cF
cN
sD: 
dP
sP
end of file treatment


tOF : 12:02:44:890
wavfile=SR2_20160125_184719_817.wav
c:
g=10
sfte=192000
cF
cN
sD: 
dP
sP
end of file treatment


tOF : 12:02:45:236
wavfile=SR2_20160125_185007_603.wav
c:
g=10
sfte=192000
cF
cN
sD: 
dP
sP
end of file treatment


tOF : 12:02:45:319
wavfile=SR2_20160125_192704_000.wav
c:
g=10
sfte=192000
cF
cN
sD: 
dP
sP
end of file treatment


tOF : 12:02:45:394
wavfile=SR2_20160125_200750_704.wav
c:
g=10
sfte=192000
cF
cN
sD: 
dP
sP
end of file treatment


tOF : 12:02:45:494
wavfile=SR2_20160125_212704_000.wav
c:
g=10
sfte=192000
cF
cN
sD: 
dP
sP
end of file treatment


tOF : 12:02:45:574
wavfile=SR2_20160125_232704_000.wav
c:
g=10
sfte=192000
cF
cN
sD: 
dP
sP
end of file treatment


tOF : 12:02:45:674
wavfile=SR2_20160126_002704_000.wav
c:
g=10
sfte=192000
cF
cN
sD: 
dP
sP
end of file treatment


tOF : 12:02:45:725
wavfile=SR2_20160126_022704_000.wav
c:
g=10
sfte=192000
cF
cN
sD: 
dP
sP
end of file treatment


tOF : 12:02:45:806
wavfile=SR2_20160126_042704_000.wav
c:
g=10
sfte=192000
cF
cN
sD: 
dP
sP
end of file treatment


tOF : 12:02:45:926
wavfile=SR2_20160126_062704_000.wav
c:
g=10
sfte=192000
cF
cN
sD: 
dP
sP
end of file treatment


tOF : 12:02:46:024
wavfile=SR2_20160126_075706_000.wav
c:
g=10
sfte=192000
cF
cN
sD: 
dP
sP
end of file treatment


tOF : 12:02:46:092
wavfile=SR2_20160126_164316_312.wav
c:
g=10
sfte=192000
cF
cN
sD: 
dP
sP
end of file treatment


tOF : 12:02:46:166
wavfile=SR2_20160126_175904_000.wav
c:
g=10
sfte=192000
cF
cN
sD: 
dP
sP
end of file treatment


tOF : 12:02:46:218
wavfile=SR2_20160126_185622_393.wav
c:
g=10
sfte=192000
cF
cN
sD: 
dP
sP
end of file treatment


tOF : 12:02:46:296
wavfile=SR2_20160126_192919_881.wav
c:
g=10
sfte=192000
cF
cN
sD: 
dP
sP
end of file treatment


tOF : 12:02:46:379
wavfile=SR2_20160126_202904_000.wav
c:
g=10
sfte=192000
cF
cN
sD: 
dP
sP
end of file treatment


tOF : 12:02:46:462
wavfile=SR2_20160126_215904_000.wav
c:
g=10
sfte=192000
cF
cN
sD: 
dP
sP
end of file treatment


tOF : 12:02:46:519
wavfile=SR2_20160126_235018_341.wav
c:
g=10
sfte=192000
cF
cN
sD: 
dP
sP
end of file treatment


tOF : 12:02:46:598
wavfile=SR2_20160127_012904_000.wav
c:
g=10
sfte=192000
cF
cN
sD: 
dP
sP
end of file treatment


tOF : 12:02:46:690
wavfile=SR2_20160127_025904_000.wav
c:
g=10
sfte=192000
cF
cN
sD: 
dP
sP
end of file treatment


tOF : 12:02:46:744
wavfile=SR2_20160127_045904_000.wav
c:
g=10
sfte=192000
cF
cN
sD: 
dP
sP
end of file treatment


tOF : 12:02:46:851
wavfile=SR2_20160127_065904_000.wav
c:
g=10
sfte=192000
cF
cN
sD: 
dP
sP
end of file treatment


tOF : 12:02:46:940
wavfile=SR2_20160127_160100_000.wav
c:
g=10
sfte=192000
cF
cN
sD: 
dP
sP
end of file treatment


tOF : 12:02:47:056
wavfile=SR2_20160127_171826_391.wav
c:
g=10
sfte=192000
cF
cN
sD: 
dP
sP
end of file treatment


tOF : 12:02:47:472
wavfile=SR2_20160127_173502_917.wav
c:
g=10
sfte=192000
cF
cN
sD: 
dP
sP
end of file treatment


tOF : 12:02:47:557
wavfile=SR2_20160127_173650_356.wav
c:
g=10
sfte=192000
cF
cN
sD: 
dP
sP
end of file treatment


tOF : 12:02:47:744
wavfile=SR2_20160127_173927_868.wav
c:
g=10
sfte=192000
cF
cN
sD: 
dP
sP
end of file treatment


tOF : 12:02:47:805
wavfile=SR2_20160127_183609_585.wav
c:
g=10
sfte=192000
cF
cN
sD: 
dP
sP
end of file treatment


tOF : 12:02:47:879
wavfile=SR2_20160127_193104_000.wav
c:
g=10
sfte=192000
cF
cN
sD: 
dP
sP
end of file treatment


tOF : 12:02:47:936
wavfile=SR2_20160127_200104_000.wav
c:
g=10
sfte=192000
cF
cN
sD: 
dP
sP
end of file treatment


tOF : 12:02:48:062
wavfile=SR2_20160127_202607_249.wav
c:
g=10
sfte=192000
cF
cN
sD: 
dP
sP
end of file treatment


tOF : 12:02:48:202
wavfile=SR2_20160127_203106_000.wav
c:
g=10
sfte=192000
cF
cN
sD: 
dP
sP
end of file treatment


tOF : 12:02:48:273
wavfile=SR2_20160127_213104_000.wav
c:
g=10
sfte=192000
cF
cN
sD: 
dP
sP
end of file treatment


tOF : 12:02:48:349
wavfile=SR2_20160127_233104_000.wav
c:
g=10
sfte=192000
cF
cN
sD: 
dP
sP
end of file treatment


tOF : 12:02:48:468
wavfile=SR2_20160128_013104_000.wav
c:
g=10
sfte=192000
cF
cN
sD: 
dP
sP
end of file treatment


tOF : 12:02:48:533
wavfile=SR2_20160128_033104_000.wav
c:
g=10
sfte=192000
cF
cN
sD: 
dP
sP
end of file treatment


tOF : 12:02:48:783
wavfile=SR2_20160128_053104_000.wav
c:
g=10
sfte=192000
cF
cN
sD: 
dP
sP
end of file treatment


tOF : 12:02:48:882
wavfile=SR2_20160128_070525_863.wav
c:
g=10
sfte=192000
cF
cN
sD: 
dP
sP
end of file treatment


tOF : 12:02:49:123
wavfile=SR2_20160128_080106_000.wav
c:
g=10
sfte=192000
cF
cN
sD: 
dP
sP
end of file treatment


tOF : 12:02:49:277
wavfile=SR2_20160128_162409_153.wav
c:
g=10
sfte=192000
cF
cN
sD: 
dP
sP
end of file treatment


tOF : 12:02:49:408
wavfile=SR2_20160128_163302_000.wav
c:
g=10
sfte=192000
cF
cN
sD: 
dP
sP
end of file treatment


tOF : 12:02:49:497
wavfile=SR2_20160128_180304_000.wav
c:
g=10
sfte=192000
cF
cN
sD: 
dP
sP
end of file treatment


tOF : 12:02:49:580
wavfile=SR2_20160128_200304_000.wav
c:
g=10
sfte=192000
cF
cN
sD: 
dP
sP
end of file treatment


tOF : 12:02:49:658
wavfile=SR2_20160128_213304_000.wav
c:
g=10
sfte=192000
cF
cN
sD: 
dP
sP
end of file treatment


tOF : 12:02:49:788
wavfile=SR2_20160128_233251_396.wav
c:
g=10
sfte=192000
cF
cN
sD: 
dP
sP
end of file treatment


tOF : 12:02:49:947
wavfile=SR2_20160129_010304_000.wav
c:
g=10
sfte=192000
cF
cN
sD: 
dP
sP
end of file treatment


tOF : 12:02:50:065
wavfile=SR2_20160129_023304_000.wav
c:
g=10
sfte=192000
cF
cN
sD: 
dP
sP
end of file treatment


tOF : 12:02:50:162
wavfile=SR2_20160129_040304_000.wav
c:
g=10
sfte=192000
cF
cN
sD: 
dP
sP
end of file treatment


tOF : 12:02:50:330
wavfile=SR2_20160129_053652_464.wav
c:
g=10
sfte=192000
cF
cN
sD: 
dP
sP
end of file treatment


tOF : 12:02:50:416
wavfile=SR2_20160129_062248_221.wav
c:
g=10
sfte=192000
cF
cN
sD: 
dP
sP
end of file treatment


tOF : 12:02:50:571
wavfile=SR2_20160129_073304_000.wav
c:
g=10
sfte=192000
cF
cN
sD: 
dP
sP
end of file treatment


tOF : 12:02:50:673
wavfile=SR2_20160129_075054_071.wav
c:
g=10
sfte=192000
cF
cN
sD: 
dP
sP
end of file treatment


tOF : 12:02:50:739
wavfile=SR2_20160129_161500_312.wav
c:
g=10
sfte=192000
cF
cN
sD: 
dP
sP
end of file treatment


tOF : 12:02:50:822
wavfile=SR2_20160129_173504_000.wav
c:
g=10
sfte=192000
cF
cN
sD: 
dP
sP
end of file treatment


tOF : 12:02:50:953
wavfile=SR2_20160129_190504_000.wav
c:
g=10
sfte=192000
cF
cN
sD: 
dP
sP
end of file treatment


tOF : 12:02:51:029
wavfile=SR2_20160129_195346_420.wav
c:
g=10
sfte=192000
cF
cN
sD: 
dP
sP
end of file treatment


tOF : 12:02:51:165
wavfile=SR2_20160129_203504_000.wav
c:
g=10
sfte=192000
cF
cN
sD: 
dP
sP
end of file treatment


tOF : 12:02:51:241
wavfile=SR2_20160129_211825_985.wav
c:
g=10
sfte=192000
cF
cN
sD: 
dP
sP
end of file treatment


tOF : 12:02:51:772
wavfile=SR2_20160129_213432_204.wav
c:
g=10
sfte=192000
cF
cN
sD: 
dP
sP
end of file treatment


tOF : 12:02:51:944
wavfile=SR2_20160129_220504_000.wav
c:
g=10
sfte=192000
cF
cN
sD: 
dP
sP
end of file treatment


tOF : 12:02:52:024
wavfile=SR2_20160129_230324_821.wav
c:
g=10
sfte=192000
cF
cN
sD: 
dP
sP
end of file treatment


tOF : 12:02:52:169
wavfile=SR2_20160129_231807_317.wav
c:
g=10
sfte=192000
cF
cN
sD: 
dP
sP
end of file treatment


tOF : 12:02:52:251
wavfile=SR2_20160129_233630_931.wav
c:
g=10
sfte=192000
cF
cN
sD: 
dP
sP
end of file treatment


tOF : 12:02:52:421
wavfile=SR2_20160130_000504_000.wav
c:
g=10
sfte=192000
cF
cN
sD: 
dP
sP
end of file treatment


tOF : 12:02:52:479
wavfile=SR2_20160130_003830_473.wav
c:
g=10
sfte=192000
cF
cN
sD: 
dP
sP
end of file treatment


tOF : 12:02:52:599
wavfile=SR2_20160130_011740_368.wav
c:
g=10
sfte=192000
cF
cN
sD: 
dP
sP
end of file treatment


tOF : 12:02:52:737
wavfile=SR2_20160130_012205_399.wav
c:
g=10
sfte=192000
cF
cN
sD: 
dP
sP
end of file treatment


tOF : 12:02:52:819
wavfile=SR2_20160130_012217_988.wav
c:
g=10
sfte=192000
cF
cN
sD: 
dP
sP
end of file treatment


tOF : 12:02:52:913
wavfile=SR2_20160130_012233_527.wav
c:
g=10
sfte=192000
cF
cN
sD: 
dP
sP
end of file treatment


tOF : 12:02:53:125
wavfile=SR2_20160130_012306_177.wav
c:
g=10
sfte=192000
cF
cN
sD: 
dP
sP
end of file treatment


tOF : 12:02:53:206
wavfile=SR2_20160130_012320_360.wav
c:
g=10
sfte=192000
cF
cN
sD: 
dP
sP
end of file treatment


tOF : 12:02:53:366
wavfile=SR2_20160130_012356_668.wav
c:
g=10
sfte=192000
cF
cN
sD: 
dP
sP
end of file treatment


tOF : 12:02:53:483
wavfile=SR2_20160130_012425_373.wav
c:
g=10
sfte=192000
cF
cN
sD: 
dP
sP
end of file treatment


tOF : 12:02:53:563
wavfile=SR2_20160130_012456_044.wav
c:
g=10
sfte=192000
cF
cN
sD: 
dP
sP
end of file treatment


tOF : 12:02:53:681
wavfile=SR2_20160130_012515_837.wav
c:
g=10
sfte=192000
cF
cN
sD: 
dP
sP
end of file treatment


tOF : 12:02:53:876
wavfile=SR2_20160130_012531_516.wav
c:
g=10
sfte=192000
cF
cN
sD: 
dP
sP
end of file treatment


tOF : 12:02:53:990
wavfile=SR2_20160130_012605_281.wav
c:
g=10
sfte=192000
cF
cN
sD: 
dP
sP
end of file treatment


tOF : 12:02:54:173
wavfile=SR2_20160130_012652_939.wav
c:
g=10
sfte=192000
cF
cN
sD: 
dP
sP
end of file treatment


tOF : 12:02:54:256
wavfile=SR2_20160130_012803_049.wav
c:
g=10
sfte=192000
cF
cN
sD: 
dP
sP
end of file treatment


tOF : 12:02:54:360
wavfile=SR2_20160130_012855_032.wav
c:
g=10
sfte=192000
cF
cN
sD: 
dP
sP
end of file treatment


tOF : 12:02:54:606
wavfile=SR2_20160130_012904_603.wav
c:
g=10
sfte=192000
cF
cN
sD: 
dP
sP
end of file treatment


tOF : 12:02:54:705
wavfile=SR2_20160130_012954_029.wav
c:
g=10
sfte=192000
cF
cN
sD: 
dP
sP
end of file treatment


tOF : 12:02:54:787
wavfile=SR2_20160130_013025_873.wav
c:
g=10
sfte=192000
cF
cN
sD: 
dP
sP
end of file treatment


tOF : 12:02:54:873
wavfile=SR2_20160130_013108_353.wav
c:
g=10
sfte=192000
cF
cN
sD: 
dP
sP
end of file treatment


tOF : 12:02:55:035
wavfile=SR2_20160130_013136_204.wav
c:
g=10
sfte=192000
cF
cN
sD: 
dP
sP
end of file treatment


tOF : 12:02:55:129
wavfile=SR2_20160130_013212_500.wav
c:
g=10
sfte=192000
cF
cN
sD: 
dP
sP
end of file treatment


tOF : 12:02:55:205
wavfile=SR2_20160130_013241_648.wav
c:
g=10
sfte=192000
cF
cN
sD: 
dP
sP
end of file treatment


tOF : 12:02:55:360
wavfile=SR2_20160130_013317_399.wav
c:
g=10
sfte=192000
cF
cN
sD: 
dP
sP
end of file treatment


tOF : 12:02:55:530
wavfile=SR2_20160130_013356_340.wav
c:
g=10
sfte=192000
cF
cN
sD: 
dP
sP
end of file treatment


tOF : 12:02:55:720
wavfile=SR2_20160130_013428_084.wav
c:
g=10
sfte=192000
cF
cN
sD: 
dP
sP
end of file treatment


tOF : 12:02:55:848
wavfile=SR2_20160130_013440_817.wav
c:
g=10
sfte=192000
cF
cN
sD: 
dP
sP
end of file treatment


tOF : 12:02:56:053
wavfile=SR2_20160130_013506_000.wav
c:
g=10
sfte=192000
cF
cN
sD: 
dP
sP
end of file treatment


tOF : 12:02:56:141
wavfile=SR2_20160130_013602_536.wav
c:
g=10
sfte=192000
cF
cN
sD: 
dP
sP
end of file treatment


tOF : 12:02:56:247
wavfile=SR2_20160130_013711_736.wav
c:
g=10
sfte=192000
cF
cN
sD: 
dP
sP
end of file treatment


tOF : 12:02:56:363
wavfile=SR2_20160130_013928_877.wav
c:
g=10
sfte=192000
cF
cN
sD: 
dP
sP
end of file treatment


tOF : 12:02:56:487
wavfile=SR2_20160130_014012_193.wav
c:
g=10
sfte=192000
cF
cN
sD: 
dP
sP
end of file treatment


tOF : 12:02:56:598
wavfile=SR2_20160130_014216_480.wav
c:
g=10
sfte=192000
cF
cN
sD: 
dP
sP
end of file treatment


tOF : 12:02:56:691
wavfile=SR2_20160130_014359_069.wav
c:
g=10
sfte=192000
cF
cN
sD: 
dP
sP
end of file treatment


tOF : 12:02:56:904
wavfile=SR2_20160130_014515_733.wav
c:
g=10
sfte=192000
cF
cN
sD: 
dP
sP
end of file treatment


tOF : 12:02:56:980
wavfile=SR2_20160130_014832_467.wav
c:
g=10
sfte=192000
cF
cN
sD: 
dP
sP
end of file treatment


tOF : 12:02:57:117
wavfile=SR2_20160130_014847_792.wav
c:
g=10
sfte=192000
cF
cN
sD: 
dP
sP
end of file treatment


tOF : 12:02:57:201
wavfile=SR2_20160130_015011_744.wav
c:
g=10
sfte=192000
cF
cN
sD: 
dP
sP
end of file treatment


tOF : 12:02:57:281
wavfile=SR2_20160130_015126_808.wav
c:
g=10
sfte=192000
cF
cN
sD: 
dP
sP
end of file treatment


tOF : 12:02:57:365
wavfile=SR2_20160130_015359_827.wav
c:
g=10
sfte=192000
cF
cN
sD: 
dP
sP
end of file treatment


tOF : 12:02:57:442
wavfile=SR2_20160130_015743_809.wav
c:
g=10
sfte=192000
cF
cN
sD: 
dP
sP
end of file treatment


tOF : 12:02:57:541
wavfile=SR2_20160130_015850_487.wav
c:
g=10
sfte=192000
cF
cN
sD: 
dP
sP
end of file treatment


tOF : 12:02:57:602
wavfile=SR2_20160130_020017_369.wav
c:
g=10
sfte=192000
cF
cN
sD: 
dP
sP
end of file treatment


tOF : 12:02:57:699
wavfile=SR2_20160130_020254_439.wav
c:
g=10
sfte=192000
cF
cN
sD: 
dP
sP
end of file treatment


tOF : 12:02:57:789
wavfile=SR2_20160130_020506_000.wav
c:
g=10
sfte=192000
cF
cN
sD: 
dP
sP
end of file treatment


tOF : 12:02:57:907
wavfile=SR2_20160130_020937_065.wav
c:
g=10
sfte=192000
cF
cN
sD: 
dP
sP
end of file treatment


tOF : 12:02:58:000
wavfile=SR2_20160130_021448_813.wav
c:
g=10
sfte=192000
cF
cN
sD: 
dP
sP
end of file treatment


tOF : 12:02:58:075
wavfile=SR2_20160130_021731_895.wav
c:
g=10
sfte=192000
cF
cN
sD: 
dP
sP
end of file treatment


tOF : 12:02:58:171
wavfile=SR2_20160130_022107_937.wav
c:
g=10
sfte=192000
cF
cN
sD: 
dP
sP
end of file treatment


tOF : 12:02:58:326
wavfile=SR2_20160130_022151_339.wav
c:
g=10
sfte=192000
cF
cN
sD: 
dP
sP
end of file treatment


tOF : 12:02:58:428
wavfile=SR2_20160130_023033_128.wav
c:
g=10
sfte=192000
cF
cN
sD: 
dP
sP
end of file treatment


tOF : 12:02:58:516
wavfile=SR2_20160130_024002_029.wav
c:
g=10
sfte=192000
cF
cN
sD: 
dP
sP
end of file treatment


tOF : 12:02:58:603
wavfile=SR2_20160130_025837_840.wav
c:
g=10
sfte=192000
cF
cN
sD: 
dP
sP
end of file treatment


tOF : 12:02:58:705
wavfile=SR2_20160130_030445_625.wav
c:
g=10
sfte=192000
cF
cN
sD: 
dP
sP
end of file treatment


tOF : 12:02:58:777
wavfile=SR2_20160130_030827_529.wav
c:
g=10
sfte=192000
cF
cN
sD: 
dP
sP
end of file treatment


tOF : 12:02:58:856
wavfile=SR2_20160130_030940_921.wav
c:
g=10
sfte=192000
cF
cN
sD: 
dP
sP
end of file treatment


tOF : 12:02:58:924
wavfile=SR2_20160130_031002_640.wav
c:
g=10
sfte=192000
cF
cN
sD: 
dP
sP
end of file treatment


tOF : 12:02:59:040
wavfile=SR2_20160130_031123_103.wav
c:
g=10
sfte=192000
cF
cN
sD: 
dP
sP
end of file treatment


tOF : 12:02:59:147
wavfile=SR2_20160130_031208_561.wav
c:
g=10
sfte=192000
cF
cN
sD: 
dP
sP
end of file treatment


tOF : 12:02:59:224
wavfile=SR2_20160130_031241_165.wav
c:
g=10
sfte=192000
cF
cN
sD: 
dP
sP
end of file treatment


tOF : 12:02:59:304
wavfile=SR2_20160130_031310_057.wav
c:
g=10
sfte=192000
cF
cN
sD: 
dP
sP
end of file treatment


tOF : 12:02:59:398
wavfile=SR2_20160130_031401_667.wav
c:
g=10
sfte=192000
cF
cN
sD: 
dP
sP
end of file treatment


tOF : 12:02:59:500
wavfile=SR2_20160130_031619_037.wav
c:
g=10
sfte=192000
cF
cN
sD: 
dP
sP
end of file treatment


tOF : 12:02:59:570
wavfile=SR2_20160130_031733_803.wav
c:
g=10
sfte=192000
cF
cN
sD: 
dP
sP
end of file treatment


tOF : 12:02:59:657
wavfile=SR2_20160130_031906_044.wav
c:
g=10
sfte=192000
cF
cN
sD: 
dP
sP
end of file treatment


tOF : 12:02:59:816
wavfile=SR2_20160130_032153_149.wav
c:
g=10
sfte=192000
cF
cN
sD: 
dP
sP
end of file treatment


tOF : 12:02:59:882
wavfile=SR2_20160130_032330_492.wav
c:
g=10
sfte=192000
cF
cN
sD: 
dP
sP
end of file treatment


tOF : 12:02:59:957
wavfile=SR2_20160130_032409_065.wav
c:
g=10
sfte=192000
cF
cN
sD: 
dP
sP
end of file treatment


tOF : 12:03:00:037
wavfile=SR2_20160130_032554_796.wav
c:
g=10
sfte=192000
cF
cN
sD: 
dP
sP
end of file treatment


tOF : 12:03:00:184
wavfile=SR2_20160130_033043_105.wav
c:
g=10
sfte=192000
cF
cN
sD: 
dP
sP
end of file treatment


tOF : 12:03:00:251
wavfile=SR2_20160130_033625_432.wav
c:
g=10
sfte=192000
cF
cN
sD: 
dP
sP
end of file treatment


tOF : 12:03:00:360
wavfile=SR2_20160130_033940_669.wav
c:
g=10
sfte=192000
cF
cN
sD: 
dP
sP
end of file treatment


tOF : 12:03:00:426
wavfile=SR2_20160130_034203_272.wav
c:
g=10
sfte=192000
cF
cN
sD: 
dP
sP
end of file treatment


tOF : 12:03:00:521
wavfile=SR2_20160130_034400_804.wav
c:
g=10
sfte=192000
cF
cN
sD: 
dP
sP
end of file treatment


tOF : 12:03:00:612
wavfile=SR2_20160130_034745_240.wav
c:
g=10
sfte=192000
cF
cN
sD: 
dP
sP
end of file treatment


tOF : 12:03:00:696
wavfile=SR2_20160130_053504_000.wav
c:
g=10
sfte=192000
cF
cN
sD: 
dP
sP
end of file treatment


tOF : 12:03:00:819
wavfile=SR2_20160130_065924_811.wav
c:
g=10
sfte=192000
cF
cN
sD: 
dP
sP
end of file treatment


tOF : 12:03:00:894
wavfile=SR2_20160130_065942_103.wav
c:
g=10
sfte=192000
cF
cN
sD: 
dP
sP
end of file treatment


tOF : 12:03:01:014
wavfile=SR2_20160130_160600_000.wav
c:
g=10
sfte=192000
cF
cN
sD: 
dP
sP
end of file treatment


tOF : 12:03:01:095
wavfile=SR2_20160130_161638_217.wav
c:
g=10
sfte=192000
cF
cN
sD: 
dP
sP
end of file treatment


tOF : 12:03:01:197
wavfile=SR2_20160130_161811_745.wav
c:
g=10
sfte=192000
cF
cN
sD: 
dP
sP
end of file treatment


tOF : 12:03:01:376
wavfile=SR2_20160130_162031_849.wav
c:
g=10
sfte=192000
cF
cN
sD: 
dP
sP
end of file treatment


tOF : 12:03:01:601
wavfile=SR2_20160130_163721_535.wav
c:
g=10
sfte=192000
cF
cN
sD: 
dP
sP
end of file treatment


tOF : 12:03:01:754
wavfile=SR2_20160130_164144_127.wav
c:
g=10
sfte=192000
cF
cN
sD: 
dP
sP
end of file treatment


tOF : 12:03:01:847
wavfile=SR2_20160130_180604_000.wav
c:
g=10
sfte=192000
cF
cN
sD: 
dP
sP
end of file treatment


tOF : 12:03:01:955
wavfile=SR2_20160130_200604_000.wav
c:
g=10
sfte=192000
cF
cN
sD: 
dP
sP
end of file treatment


tOF : 12:03:02:084
wavfile=SR2_20160130_220604_000.wav
c:
g=10
sfte=192000
cF
cN
sD: 
dP
sP
end of file treatment


tOF : 12:03:02:201
wavfile=SR2_20160131_000604_000.wav
c:
g=10
sfte=192000
cF
cN
sD: 
dP
sP
end of file treatment


tOF : 12:03:02:370
wavfile=SR2_20160131_020604_000.wav
c:
g=10
sfte=192000
cF
cN
sD: 
dP
sP
end of file treatment


tOF : 12:03:02:545
wavfile=SR2_20160131_040604_000.wav
c:
g=10
sfte=192000
cF
cN
sD: 
dP
sP
end of file treatment


tOF : 12:03:02:743
wavfile=SR2_20160131_060604_000.wav
c:
g=10
sfte=192000
cF
cN
sD: 
dP
sP
end of file treatment


tOF : 12:03:02:866
wavfile=SR2_20160131_073604_000.wav
c:
g=10
sfte=192000
cF
cN
sD: 
dP
sP
end of file treatment


tOF : 12:03:02:996
wavfile=SR2_20160131_163314_655.wav
c:
g=10
sfte=192000
cF
cN
sD: 
dP
sP
end of file treatment


tOF : 12:03:03:174
wavfile=SR2_20160131_171707_608.wav
c:
g=10
sfte=192000
cF
cN
sD: 
dP
sP
end of file treatment


tOF : 12:03:03:236
wavfile=SR2_20160131_171959_225.wav
c:
g=10
sfte=192000
cF
cN
sD: 
dP
sP
end of file treatment


tOF : 12:03:03:397
wavfile=SR2_20160131_172104_009.wav
c:
g=10
sfte=192000
cF
cN
sD: 
dP
sP
end of file treatment


tOF : 12:03:03:472
wavfile=SR2_20160131_173804_000.wav
c:
g=10
sfte=192000
cF
cN
sD: 
dP
sP
end of file treatment


tOF : 12:03:03:596
wavfile=SR2_20160131_180804_000.wav
c:
g=10
sfte=192000
cF
cN
sD: 
dP
sP
end of file treatment


tOF : 12:03:03:696
wavfile=SR2_20160131_193804_000.wav
c:
g=10
sfte=192000
cF
cN
sD: 
dP
sP
end of file treatment


tOF : 12:03:03:818
wavfile=SR2_20160131_204138_704.wav
c:
g=10
sfte=192000
cF
cN
sD: 
dP
sP
end of file treatment


tOF : 12:03:03:947
wavfile=SR2_20160131_220804_000.wav
c:
g=10
sfte=192000
cF
cN
sD: 
dP
sP
end of file treatment


tOF : 12:03:04:012
wavfile=SR2_20160131_233804_000.wav
c:
g=10
sfte=192000
cF
cN
sD: 
dP
sP
end of file treatment


tOF : 12:03:04:127
wavfile=SR2_20160201_002827_124.wav
c:
g=10
sfte=192000
cF
cN
sD: 
dP
sP
end of file treatment


tOF : 12:03:04:374
wavfile=SR2_20160201_002845_973.wav
c:
g=10
sfte=192000
cF
cN
sD: 
dP
sP
end of file treatment


tOF : 12:03:04:624
wavfile=SR2_20160201_003806_000.wav
c:
g=10
sfte=192000
cF
cN
sD: 
dP
sP
end of file treatment


tOF : 12:03:04:683
wavfile=SR2_20160201_023433_316.wav
c:
g=10
sfte=192000
cF
cN
sD: 
dP
sP
end of file treatment


tOF : 12:03:04:760
wavfile=SR2_20160201_033804_000.wav
c:
g=10
sfte=192000
cF
cN
sD: 
dP
sP
end of file treatment


tOF : 12:03:04:834
wavfile=SR2_20160201_050804_000.wav
c:
g=10
sfte=192000
cF
cN
sD: 
dP
sP
end of file treatment


tOF : 12:03:04:901
wavfile=SR2_20160201_054524_581.wav
c:
g=10
sfte=192000
cF
cN
sD: 
dP
sP
end of file treatment


tOF : 12:03:05:000
wavfile=SR2_20160201_073804_000.wav
c:
g=10
sfte=192000
cF
cN
sD: 
dP
sP
end of file treatment


tOF : 12:03:05:085
wavfile=SR2_20160201_162048_009.wav
c:
g=10
sfte=192000
cF
cN
sD: 
dP
sP
end of file treatment


tOF : 12:03:05:174
wavfile=SR2_20160201_162232_044.wav
c:
g=10
sfte=192000
cF
cN
sD: 
dP
sP
end of file treatment


tOF : 12:03:05:318
wavfile=SR2_20160201_163813_203.wav
c:
g=10
sfte=192000
cF
cN
sD: 
dP
sP
end of file treatment


tOF : 12:03:05:474
wavfile=SR2_20160201_165514_695.wav
c:
g=10
sfte=192000
cF
cN
sD: 
dP
sP
end of file treatment


tOF : 12:03:05:661
wavfile=SR2_20160201_171004_000.wav
c:
g=10
sfte=192000
cF
cN
sD: 
dP
sP
end of file treatment


tOF : 12:03:05:711
wavfile=SR2_20160201_172255_413.wav
c:
g=10
sfte=192000
cF
cN
sD: 
dP
sP
end of file treatment


tOF : 12:03:05:819
wavfile=SR2_20160201_173614_675.wav
c:
g=10
sfte=192000
cF
cN
sD: 
dP
sP
end of file treatment


tOF : 12:03:05:953
wavfile=SR2_20160201_181004_000.wav
c:
g=10
sfte=192000
cF
cN
sD: 
dP
sP
end of file treatment


tOF : 12:03:06:034
wavfile=SR2_20160201_182648_615.wav
c:
g=10
sfte=192000
cF
cN
sD: 
dP
sP
end of file treatment


tOF : 12:03:06:123
wavfile=SR2_20160201_185146_448.wav
c:
g=10
sfte=192000
cF
cN
sD: 
dP
sP
end of file treatment


tOF : 12:03:06:257
wavfile=SR2_20160201_191520_784.wav
c:
g=10
sfte=192000
cF
cN
sD: 
dP
sP
end of file treatment


tOF : 12:03:06:377
wavfile=SR2_20160201_193307_108.wav
c:
g=10
sfte=192000
cF
cN
sD: 
dP
sP
end of file treatment


tOF : 12:03:06:631
wavfile=SR2_20160201_200552_429.wav
c:
g=10
sfte=192000
cF
cN
sD: 
dP
sP
end of file treatment


tOF : 12:03:06:692
wavfile=SR2_20160201_201751_261.wav
c:
g=10
sfte=192000
cF
cN
sD: 
dP
sP
end of file treatment


tOF : 12:03:06:887
wavfile=SR2_20160201_202724_928.wav
c:
g=10
sfte=192000
cF
cN
sD: 
dP
sP
end of file treatment


tOF : 12:03:07:008
wavfile=SR2_20160201_204957_743.wav
c:
g=10
sfte=192000
cF
cN
sD: 
dP
sP
end of file treatment


tOF : 12:03:07:060
wavfile=SR2_20160201_211304_688.wav
c:
g=10
sfte=192000
cF
cN
sD: 
dP
sP
end of file treatment


tOF : 12:03:07:168
wavfile=SR2_20160201_214105_323.wav
c:
g=10
sfte=192000
cF
cN
sD: 
dP
sP
end of file treatment


tOF : 12:03:07:240
wavfile=SR2_20160201_220426_207.wav
c:
g=10
sfte=192000
cF
cN
sD: 
dP
sP
end of file treatment


tOF : 12:03:07:407
wavfile=SR2_20160201_223438_211.wav
c:
g=10
sfte=192000
cF
cN
sD: 
dP
sP
end of file treatment


tOF : 12:03:07:480
wavfile=SR2_20160201_224346_656.wav
c:
g=10
sfte=192000
cF
cN
sD: 
dP
sP
end of file treatment


tOF : 12:03:07:613
wavfile=SR2_20160201_225759_067.wav
c:
g=10
sfte=192000
cF
cN
sD: 
dP
sP
end of file treatment


tOF : 12:03:07:713
wavfile=SR2_20160202_001004_000.wav
c:
g=10
sfte=192000
cF
cN
sD: 
dP
sP
end of file treatment


tOF : 12:03:07:770
wavfile=SR2_20160202_004302_644.wav
c:
g=10
sfte=192000
cF
cN
sD: 
dP
sP
end of file treatment


tOF : 12:03:07:846
wavfile=SR2_20160202_012403_352.wav
c:
g=10
sfte=192000
cF
cN
sD: 
dP
sP
end of file treatment


tOF : 12:03:07:955
wavfile=SR2_20160202_030609_231.wav
c:
g=10
sfte=192000
cF
cN
sD: 
dP
sP
end of file treatment


tOF : 12:03:08:047
wavfile=SR2_20160202_041004_000.wav
c:
g=10
sfte=192000
cF
cN
sD: 
dP
sP
end of file treatment


tOF : 12:03:08:098
wavfile=SR2_20160202_061004_000.wav
c:
g=10
sfte=192000
cF
cN
sD: 
dP
sP
end of file treatment


tOF : 12:03:08:154
wavfile=SR2_20160202_074004_000.wav
c:
g=10
sfte=192000
cF
cN
sD: 
dP
sP
end of file treatment


tOF : 12:03:08:205
wavfile=SR2_20160202_161223_745.wav
c:
g=10
sfte=192000
cF
cN
sD: 
dP
sP
end of file treatment


tOF : 12:03:08:278
wavfile=SR2_20160202_161603_187.wav
c:
g=10
sfte=192000
cF
cN
sD: 
dP
sP
end of file treatment


tOF : 12:03:08:399
wavfile=SR2_20160202_161802_007.wav
c:
g=10
sfte=192000
cF
cN
sD: 
dP
sP
end of file treatment


tOF : 12:03:08:456
wavfile=SR2_20160202_162039_031.wav
c:
g=10
sfte=192000
cF
cN
sD: 
dP
sP
end of file treatment


tOF : 12:03:08:537
wavfile=SR2_20160202_162216_299.wav
c:
g=10
sfte=192000
cF
cN
sD: 
dP
sP
end of file treatment


tOF : 12:03:08:628
wavfile=SR2_20160202_162228_944.wav
c:
g=10
sfte=192000
cF
cN
sD: 
dP
sP
end of file treatment


tOF : 12:03:09:055
wavfile=SR2_20160202_162417_144.wav
c:
g=10
sfte=192000
cF
cN
sD: 
dP
sP
end of file treatment


tOF : 12:03:09:194
wavfile=SR2_20160202_163052_891.wav
c:
g=10
sfte=192000
cF
cN
sD: 
dP
sP
end of file treatment


tOF : 12:03:09:264
wavfile=SR2_20160202_163607_184.wav
c:
g=10
sfte=192000
cF
cN
sD: 
dP
sP
end of file treatment


tOF : 12:03:09:319
wavfile=SR2_20160202_163715_740.wav
c:
g=10
sfte=192000
cF
cN
sD: 
dP
sP
end of file treatment


tOF : 12:03:09:447
wavfile=SR2_20160202_163751_448.wav
c:
g=10
sfte=192000
cF
cN
sD: 
dP
sP
end of file treatment


tOF : 12:03:09:509
wavfile=SR2_20160202_163844_811.wav
c:
g=10
sfte=192000
cF
cN
sD: 
dP
sP
end of file treatment


tOF : 12:03:09:592
wavfile=SR2_20160202_164052_403.wav
c:
g=10
sfte=192000
cF
cN
sD: 
dP
sP
end of file treatment


tOF : 12:03:09:720
wavfile=SR2_20160202_164832_721.wav
c:
g=10
sfte=192000
cF
cN
sD: 
dP
sP
end of file treatment


tOF : 12:03:09:814
wavfile=SR2_20160202_170900_609.wav
c:
g=10
sfte=192000
cF
cN
sD: 
dP
sP
end of file treatment


tOF : 12:03:09:886
wavfile=SR2_20160202_180558_195.wav
c:
g=10
sfte=192000
cF
cN
sD: 
dP
sP
end of file treatment


tOF : 12:03:09:967
wavfile=SR2_20160202_194204_000.wav
c:
g=10
sfte=192000
cF
cN
sD: 
dP
sP
end of file treatment


tOF : 12:03:10:018
wavfile=SR2_20160202_211204_000.wav
c:
g=10
sfte=192000
cF
cN
sD: 
dP
sP
end of file treatment


tOF : 12:03:10:079
wavfile=SR2_20160202_231204_000.wav
c:
g=10
sfte=192000
cF
cN
sD: 
dP
sP
end of file treatment


tOF : 12:03:10:199
wavfile=SR2_20160203_011204_000.wav
c:
g=10
sfte=192000
cF
cN
sD: 
dP
sP
end of file treatment


tOF : 12:03:10:295
wavfile=SR2_20160203_031204_000.wav
c:
g=10
sfte=192000
cF
cN
sD: 
dP
sP
end of file treatment


tOF : 12:03:10:371
wavfile=SR2_20160203_051204_000.wav
c:
g=10
sfte=192000
cF
cN
sD: 
dP
sP
end of file treatment


tOF : 12:03:10:430
wavfile=SR2_20160203_065517_371.wav
c:
g=10
sfte=192000
cF
cN
sD: 
dP
sP
end of file treatment


tOF : 12:03:10:589
wavfile=SR2_20160203_071204_000.wav
c:
g=10
sfte=192000
cF
cN
sD: 
dP
sP
end of file treatment


tOF : 12:03:10:692
wavfile=SR2_20160203_163825_925.wav
c:
g=10
sfte=192000
cF
cN
sD: 
dP
sP
end of file treatment


tOF : 12:03:10:821
wavfile=SR2_20160203_171404_000.wav
c:
g=10
sfte=192000
cF
cN
sD: 
dP
sP
end of file treatment


tOF : 12:03:10:903
wavfile=SR2_20160203_184404_000.wav
c:
g=10
sfte=192000
cF
cN
sD: 
dP
sP
end of file treatment


tOF : 12:03:11:116
wavfile=SR2_20160203_204404_000.wav
c:
g=10
sfte=192000
cF
cN
sD: 
dP
sP
end of file treatment


tOF : 12:03:11:320
wavfile=SR2_20160203_224404_000.wav
c:
g=10
sfte=192000
cF
cN
sD: 
dP
sP
end of file treatment


tOF : 12:03:11:410
wavfile=SR2_20160204_004404_000.wav
c:
g=10
sfte=192000
cF
cN
sD: 
dP
sP
end of file treatment


tOF : 12:03:11:492
wavfile=SR2_20160204_024404_000.wav
c:
g=10
sfte=192000
cF
cN
sD: 
dP
sP
end of file treatment


tOF : 12:03:11:598
wavfile=SR2_20160204_034937_139.wav
c:
g=10
sfte=192000
cF
cN
sD: 
dP
sP
end of file treatment


tOF : 12:03:11:800
wavfile=SR2_20160204_035348_448.wav
c:
g=10
sfte=192000
cF
cN
sD: 
dP
sP
end of file treatment


tOF : 12:03:11:922
wavfile=SR2_20160204_035826_925.wav
c:
g=10
sfte=192000
cF
cN
sD: 
dP
sP
end of file treatment


tOF : 12:03:12:075
wavfile=SR2_20160204_040208_100.wav
c:
g=10
sfte=192000
cF
cN
sD: 
dP
sP
end of file treatment


tOF : 12:03:12:255
wavfile=SR2_20160204_040528_367.wav
c:
g=10
sfte=192000
cF
cN
sD: 
dP
sP
end of file treatment


tOF : 12:03:12:483
wavfile=SR2_20160204_041013_597.wav
c:
g=10
sfte=192000
cF
cN
sD: 
dP
sP
end of file treatment


tOF : 12:03:12:632
wavfile=SR2_20160204_041447_728.wav
c:
g=10
sfte=192000
cF
cN
sD: 
dP
sP
end of file treatment


tOF : 12:03:12:751
wavfile=SR2_20160204_041604_405.wav
c:
g=10
sfte=192000
cF
cN
sD: 
dP
sP
end of file treatment


tOF : 12:03:12:907
wavfile=SR2_20160204_041844_455.wav
c:
g=10
sfte=192000
cF
cN
sD: 
dP
sP
end of file treatment


tOF : 12:03:13:077
wavfile=SR2_20160204_041955_255.wav
c:
g=10
sfte=192000
cF
cN
sD: 
dP
sP
end of file treatment


tOF : 12:03:13:213
wavfile=SR2_20160204_042200_645.wav
c:
g=10
sfte=192000
cF
cN
sD: 
dP
sP
end of file treatment


tOF : 12:03:13:332
wavfile=SR2_20160204_042437_536.wav
c:
g=10
sfte=192000
cF
cN
sD: 
dP
sP
end of file treatment


tOF : 12:03:13:440
wavfile=SR2_20160204_042508_983.wav
c:
g=10
sfte=192000
cF
cN
sD: 
dP
sP
end of file treatment


tOF : 12:03:13:639
wavfile=SR2_20160204_042735_461.wav
c:
g=10
sfte=192000
cF
cN
sD: 
dP
sP
end of file treatment


tOF : 12:03:13:760
wavfile=SR2_20160204_042824_597.wav
c:
g=10
sfte=192000
cF
cN
sD: 
dP
sP
end of file treatment


tOF : 12:03:13:925
wavfile=SR2_20160204_042952_599.wav
c:
g=10
sfte=192000
cF
cN
sD: 
dP
sP
end of file treatment


tOF : 12:03:14:011
wavfile=SR2_20160204_043115_127.wav
c:
g=10
sfte=192000
cF
cN
sD: 
dP
sP
end of file treatment


tOF : 12:03:14:285
wavfile=SR2_20160204_043223_599.wav
c:
g=10
sfte=192000
cF
cN
sD: 
dP
sP
end of file treatment


tOF : 12:03:14:421
wavfile=SR2_20160204_043322_487.wav
c:
g=10
sfte=192000
cF
cN
sD: 
dP
sP
end of file treatment


tOF : 12:03:14:623
wavfile=SR2_20160204_043354_987.wav
c:
g=10
sfte=192000
cF
cN
sD: 
dP
sP
end of file treatment


tOF : 12:03:14:736
wavfile=SR2_20160204_043438_499.wav
c:
g=10
sfte=192000
cF
cN
sD: 
dP
sP
end of file treatment


tOF : 12:03:14:910
wavfile=SR2_20160204_043720_637.wav
c:
g=10
sfte=192000
cF
cN
sD: 
dP
sP
end of file treatment


tOF : 12:03:15:095
wavfile=SR2_20160204_043907_937.wav
c:
g=10
sfte=192000
cF
cN
sD: 
dP
sP
end of file treatment


tOF : 12:03:15:260
wavfile=SR2_20160204_043949_299.wav
c:
g=10
sfte=192000
cF
cN
sD: 
dP
sP
end of file treatment


tOF : 12:03:15:339
wavfile=SR2_20160204_044131_361.wav
c:
g=10
sfte=192000
cF
cN
sD: 
dP
sP
end of file treatment


tOF : 12:03:15:444
wavfile=SR2_20160204_044226_281.wav
c:
g=10
sfte=192000
cF
cN
sD: 
dP
sP
end of file treatment


tOF : 12:03:15:569
wavfile=SR2_20160204_044432_285.wav
c:
g=10
sfte=192000
cF
cN
sD: 
dP
sP
end of file treatment


tOF : 12:03:15:764
wavfile=SR2_20160204_044530_444.wav
c:
g=10
sfte=192000
cF
cN
sD: 
dP
sP
end of file treatment


tOF : 12:03:16:038
wavfile=SR2_20160204_044736_512.wav
c:
g=10
sfte=192000
cF
cN
sD: 
dP
sP
end of file treatment


tOF : 12:03:16:210
wavfile=SR2_20160204_045113_548.wav
c:
g=10
sfte=192000
cF
cN
sD: 
dP
sP
end of file treatment


tOF : 12:03:16:287
wavfile=SR2_20160204_045243_891.wav
c:
g=10
sfte=192000
cF
cN
sD: 
dP
sP
end of file treatment


tOF : 12:03:16:540
wavfile=SR2_20160204_045335_015.wav
c:
g=10
sfte=192000
cF
cN
sD: 
dP
sP
end of file treatment


tOF : 12:03:16:802
wavfile=SR2_20160204_045422_123.wav
c:
g=10
sfte=192000
cF
cN
sD: 
dP
sP
end of file treatment


tOF : 12:03:16:960
wavfile=SR2_20160204_045539_209.wav
c:
g=10
sfte=192000
cF
cN
sD: 
dP
sP
end of file treatment


tOF : 12:03:17:189
wavfile=SR2_20160204_045648_056.wav
c:
g=10
sfte=192000
cF
cN
sD: 
dP
sP
end of file treatment


tOF : 12:03:17:305
wavfile=SR2_20160204_045823_703.wav
c:
g=10
sfte=192000
cF
cN
sD: 
dP
sP
end of file treatment


tOF : 12:03:17:425
wavfile=SR2_20160204_045920_885.wav
c:
g=10
sfte=192000
cF
cN
sD: 
dP
sP
end of file treatment


tOF : 12:03:17:600
wavfile=SR2_20160204_050141_680.wav
c:
g=10
sfte=192000
cF
cN
sD: 
dP
sP
end of file treatment


tOF : 12:03:17:717
wavfile=SR2_20160204_050420_352.wav
c:
g=10
sfte=192000
cF
cN
sD: 
dP
sP
end of file treatment


tOF : 12:03:17:797
wavfile=SR2_20160204_050520_051.wav
c:
g=10
sfte=192000
cF
cN
sD: 
dP
sP
end of file treatment


tOF : 12:03:17:902
wavfile=SR2_20160204_050654_743.wav
c:
g=10
sfte=192000
cF
cN
sD: 
dP
sP
end of file treatment


tOF : 12:03:18:037
wavfile=SR2_20160204_050755_297.wav
c:
g=10
sfte=192000
cF
cN
sD: 
dP
sP
end of file treatment


tOF : 12:03:18:138
wavfile=SR2_20160204_050840_749.wav
c:
g=10
sfte=192000
cF
cN
sD: 
dP
sP
end of file treatment


tOF : 12:03:18:237
wavfile=SR2_20160204_050922_521.wav
c:
g=10
sfte=192000
cF
cN
sD: 
dP
sP
end of file treatment


tOF : 12:03:18:337
wavfile=SR2_20160204_051036_441.wav
c:
g=10
sfte=192000
cF
cN
sD: 
dP
sP
end of file treatment


tOF : 12:03:18:460
wavfile=SR2_20160204_051235_673.wav
c:
g=10
sfte=192000
cF
cN
sD: 
dP
sP
end of file treatment


tOF : 12:03:18:541
wavfile=SR2_20160204_051308_119.wav
c:
g=10
sfte=192000
cF
cN
sD: 
dP
sP
end of file treatment


tOF : 12:03:18:604
wavfile=SR2_20160204_051433_127.wav
c:
g=10
sfte=192000
cF
cN
sD: 
dP
sP
end of file treatment


tOF : 12:03:18:720
wavfile=SR2_20160204_051516_365.wav
c:
g=10
sfte=192000
cF
cN
sD: 
dP
sP
end of file treatment


tOF : 12:03:18:970
wavfile=SR2_20160204_051803_852.wav
c:
g=10
sfte=192000
cF
cN
sD: 
dP
sP
end of file treatment


tOF : 12:03:19:097
wavfile=SR2_20160204_051855_376.wav
c:
g=10
sfte=192000
cF
cN
sD: 
dP
sP
end of file treatment


tOF : 12:03:19:195
wavfile=SR2_20160204_051937_701.wav
c:
g=10
sfte=192000
cF
cN
sD: 
dP
sP
end of file treatment


tOF : 12:03:19:376
wavfile=SR2_20160204_052200_628.wav
c:
g=10
sfte=192000
cF
cN
sD: 
dP
sP
end of file treatment


tOF : 12:03:19:551
wavfile=SR2_20160204_052732_152.wav
c:
g=10
sfte=192000
cF
cN
sD: 
dP
sP
end of file treatment


tOF : 12:03:19:705
wavfile=SR2_20160204_053108_448.wav
c:
g=10
sfte=192000
cF
cN
sD: 
dP
sP
end of file treatment


tOF : 12:03:19:969
wavfile=SR2_20160204_053355_359.wav
c:
g=10
sfte=192000
cF
cN
sD: 
dP
sP
end of file treatment


tOF : 12:03:20:104
wavfile=SR2_20160204_054234_180.wav
c:
g=10
sfte=192000
cF
cN
sD: 
dP
sP
end of file treatment


tOF : 12:03:20:202
wavfile=SR2_20160204_061416_741.wav
c:
g=10
sfte=192000
cF
cN
sD: 
dP
sP
end of file treatment


tOF : 12:03:20:316
wavfile=SR2_20160204_061627_513.wav
c:
g=10
sfte=192000
cF
cN
sD: 
dP
sP
end of file treatment


tOF : 12:03:20:412
wavfile=SR2_20160204_062032_669.wav
c:
g=10
sfte=192000
cF
cN
sD: 
dP
sP
end of file treatment


tOF : 12:03:20:517
wavfile=SR2_20160204_064404_000.wav
c:
g=10
sfte=192000
cF
cN
sD: 
dP
sP
end of file treatment


tOF : 12:03:20:611
wavfile=SR2_20160204_164602_000.wav
c:
g=10
sfte=192000
cF
cN
sD: 
dP
sP
end of file treatment


tOF : 12:03:20:765
wavfile=SR2_20160204_181604_000.wav
c:
g=10
sfte=192000
cF
cN
sD: 
dP
sP
end of file treatment


tOF : 12:03:20:887
wavfile=SR2_20160204_191604_000.wav
c:
g=10
sfte=192000
cF
cN
sD: 
dP
sP
end of file treatment


tOF : 12:03:20:994
wavfile=SR2_20160204_195709_405.wav
c:
g=10
sfte=192000
cF
cN
sD: 
dP
sP
end of file treatment


tOF : 12:03:21:166
wavfile=SR2_20160204_214604_000.wav
c:
g=10
sfte=192000
cF
cN
sD: 
dP
sP
end of file treatment


tOF : 12:03:21:283
wavfile=SR2_20160204_234400_325.wav
c:
g=10
sfte=192000
cF
cN
sD: 
dP
sP
end of file treatment


tOF : 12:03:21:396
wavfile=SR2_20160205_004800_880.wav
c:
g=10
sfte=192000
cF
cN
sD: 
dP
sP
end of file treatment


tOF : 12:03:21:546
wavfile=SR2_20160205_005325_951.wav
c:
g=10
sfte=192000
cF
cN
sD: 
dP
sP
end of file treatment


tOF : 12:03:21:660
wavfile=SR2_20160205_011604_000.wav
c:
g=10
sfte=192000
cF
cN
sD: 
dP
sP
end of file treatment


tOF : 12:03:21:831
wavfile=SR2_20160205_031604_000.wav
c:
g=10
sfte=192000
cF
cN
sD: 
dP
sP
end of file treatment


tOF : 12:03:21:972
wavfile=SR2_20160205_051604_000.wav
c:
g=10
sfte=192000
cF
cN
sD: 
dP
sP
end of file treatment


tOF : 12:03:22:128
wavfile=SR2_20160205_071604_000.wav
c:
g=10
sfte=192000
cF
cN
sD: 
dP
sP
end of file treatment


tOF : 12:03:22:257
wavfile=SR2_20160205_162311_065.wav
c:
g=10
sfte=192000
cF
cN
sD: 
dP
sP
end of file treatment


tOF : 12:03:22:364
wavfile=SR2_20160205_163511_035.wav
c:
g=10
sfte=192000
cF
cN
sD: 
dP
sP
end of file treatment


tOF : 12:03:22:454
wavfile=SR2_20160205_164550_891.wav
c:
g=10
sfte=192000
cF
cN
sD: 
dP
sP
end of file treatment


tOF : 12:03:22:547
wavfile=SR2_20160205_164802_000.wav
c:
g=10
sfte=192000
cF
cN
sD: 
dP
sP
end of file treatment


tOF : 12:03:22:676
wavfile=SR2_20160205_182800_519.wav
c:
g=10
sfte=192000
cF
cN
sD: 
dP
sP
end of file treatment


tOF : 12:03:22:781
wavfile=SR2_20160205_184804_000.wav
c:
g=10
sfte=192000
cF
cN
sD: 
dP
sP
end of file treatment


tOF : 12:03:22:862
wavfile=SR2_20160205_190430_243.wav
c:
g=10
sfte=192000
cF
cN
sD: 
dP
sP
end of file treatment


tOF : 12:03:23:123
wavfile=SR2_20160205_193144_740.wav
c:
g=10
sfte=192000
cF
cN
sD: 
dP
sP
end of file treatment


tOF : 12:03:23:337
wavfile=SR2_20160205_193533_651.wav
c:
g=10
sfte=192000
cF
cN
sD: 
dP
sP
end of file treatment


tOF : 12:03:23:428
wavfile=SR2_20160205_195752_984.wav
c:
g=10
sfte=192000
cF
cN
sD: 
dP
sP
end of file treatment


tOF : 12:03:23:528
wavfile=SR2_20160205_201626_712.wav
c:
g=10
sfte=192000
cF
cN
sD: 
dP
sP
end of file treatment


tOF : 12:03:23:601
wavfile=SR2_20160205_202459_728.wav
c:
g=10
sfte=192000
cF
cN
sD: 
dP
sP
end of file treatment


tOF : 12:03:23:867
wavfile=SR2_20160205_211804_000.wav
c:
g=10
sfte=192000
cF
cN
sD: 
dP
sP
end of file treatment


tOF : 12:03:23:929
wavfile=SR2_20160205_215247_265.wav
c:
g=10
sfte=192000
cF
cN
sD: 
dP
sP
end of file treatment


tOF : 12:03:24:029
wavfile=SR2_20160205_220716_539.wav
c:
g=10
sfte=192000
cF
cN
sD: 
dP
sP
end of file treatment


tOF : 12:03:24:169
wavfile=SR2_20160205_223159_796.wav
c:
g=10
sfte=192000
cF
cN
sD: 
dP
sP
end of file treatment


tOF : 12:03:24:321
wavfile=SR2_20160205_223749_292.wav
c:
g=10
sfte=192000
cF
cN
sD: 
dP
sP
end of file treatment


tOF : 12:03:24:420
wavfile=SR2_20160205_223849_124.wav
c:
g=10
sfte=192000
cF
cN
sD: 
dP
sP
end of file treatment


tOF : 12:03:24:608
wavfile=SR2_20160205_224805_000.wav
c:
g=10
sfte=192000
cF
cN
sD: 
dP
sP
end of file treatment


tOF : 12:03:24:701
wavfile=SR2_20160205_231534_892.wav
c:
g=10
sfte=192000
cF
cN
sD: 
dP
sP
end of file treatment


tOF : 12:03:24:812
wavfile=SR2_20160205_231804_000.wav
c:
g=10
sfte=192000
cF
cN
sD: 
dP
sP
end of file treatment


tOF : 12:03:24:888
wavfile=SR2_20160205_234804_000.wav
c:
g=10
sfte=192000
cF
cN
sD: 
dP
sP
end of file treatment


tOF : 12:03:24:941
wavfile=SR2_20160206_004804_000.wav
c:
g=10
sfte=192000
cF
cN
sD: 
dP
sP
end of file treatment


tOF : 12:03:25:105
wavfile=SR2_20160206_015252_487.wav
c:
g=10
sfte=192000
cF
cN
sD: 
dP
sP
end of file treatment


tOF : 12:03:25:199
wavfile=SR2_20160206_031805_000.wav
c:
g=10
sfte=192000
cF
cN
sD: 
dP
sP
end of file treatment


tOF : 12:03:25:313
wavfile=SR2_20160206_051804_000.wav
c:
g=10
sfte=192000
cF
cN
sD: 
dP
sP
end of file treatment


tOF : 12:03:25:397
wavfile=SR2_20160206_071804_000.wav
c:
g=10
sfte=192000
cF
cN
sD: 
dP
sP
end of file treatment


tOF : 12:03:25:450
wavfile=SR2_20160206_171537_001.wav
c:
g=10
sfte=192000
cF
cN
sD: 
dP
sP
end of file treatment


tOF : 12:03:25:504
wavfile=SR2_20160206_182004_000.wav
c:
g=10
sfte=192000
cF
cN
sD: 
dP
sP
end of file treatment


tOF : 12:03:25:591
wavfile=SR2_20160206_192004_000.wav
c:
g=10
sfte=192000
cF
cN
sD: 
dP
sP
end of file treatment


tOF : 12:03:25:666
wavfile=SR2_20160206_192644_913.wav
c:
g=10
sfte=192000
cF
cN
sD: 
dP
sP
end of file treatment


tOF : 12:03:25:750
wavfile=SR2_20160206_195335_705.wav
c:
g=10
sfte=192000
cF
cN
sD: 
dP
sP
end of file treatment


tOF : 12:03:25:854
wavfile=SR2_20160206_205314_479.wav
c:
g=10
sfte=192000
cF
cN
sD: 
dP
sP
end of file treatment


tOF : 12:03:25:931
wavfile=SR2_20160206_212004_000.wav
c:
g=10
sfte=192000
cF
cN
sD: 
dP
sP
end of file treatment


tOF : 12:03:26:022
wavfile=SR2_20160206_231350_367.wav
c:
g=10
sfte=192000
cF
cN
sD: 
dP
sP
end of file treatment


tOF : 12:03:26:099
wavfile=SR2_20160206_234246_280.wav
c:
g=10
sfte=192000
cF
cN
sD: 
dP
sP
end of file treatment


tOF : 12:03:26:162
wavfile=SR2_20160207_002324_483.wav
c:
g=10
sfte=192000
cF
cN
sD: 
dP
sP
end of file treatment


tOF : 12:03:26:227
wavfile=SR2_20160207_002818_669.wav
c:
g=10
sfte=192000
cF
cN
sD: 
dP
sP
end of file treatment


tOF : 12:03:26:293
wavfile=SR2_20160207_003005_803.wav
c:
g=10
sfte=192000
cF
cN
sD: 
dP
sP
end of file treatment


tOF : 12:03:26:365
wavfile=SR2_20160207_003216_733.wav
c:
g=10
sfte=192000
cF
cN
sD: 
dP
sP
end of file treatment


tOF : 12:03:26:486
wavfile=SR2_20160207_003928_557.wav
c:
g=10
sfte=192000
cF
cN
sD: 
dP
sP
end of file treatment


tOF : 12:03:26:627
wavfile=SR2_20160207_004211_097.wav
c:
g=10
sfte=192000
cF
cN
sD: 
dP
sP
end of file treatment


tOF : 12:03:26:898
wavfile=SR2_20160207_004522_589.wav
c:
g=10
sfte=192000
cF
cN
sD: 
dP
sP
end of file treatment


tOF : 12:03:26:971
wavfile=SR2_20160207_004555_165.wav
c:
g=10
sfte=192000
cF
cN
sD: 
dP
sP
end of file treatment


tOF : 12:03:27:142
wavfile=SR2_20160207_004615_424.wav
c:
g=10
sfte=192000
cF
cN
sD: 
dP
sP
end of file treatment


tOF : 12:03:27:271
wavfile=SR2_20160207_004649_125.wav
c:
g=10
sfte=192000
cF
cN
sD: 
dP
sP
end of file treatment


tOF : 12:03:27:488
wavfile=SR2_20160207_004958_275.wav
c:
g=10
sfte=192000
cF
cN
sD: 
dP
sP
end of file treatment


tOF : 12:03:27:579
wavfile=SR2_20160207_022004_000.wav
c:
g=10
sfte=192000
cF
cN
sD: 
dP
sP
end of file treatment


tOF : 12:03:27:644
wavfile=SR2_20160207_042004_000.wav
c:
g=10
sfte=192000
cF
cN
sD: 
dP
sP
end of file treatment


tOF : 12:03:27:752
wavfile=SR2_20160207_062004_000.wav
c:
g=10
sfte=192000
cF
cN
sD: 
dP
sP
end of file treatment


tOF : 12:03:27:871
wavfile=SR2_20160207_072004_000.wav
c:
g=10
sfte=192000
cF
cN
sD: 
dP
sP
end of file treatment


tOF : 12:03:28:027
wavfile=SR2_20160207_162319_923.wav
c:
g=10
sfte=192000
cF
cN
sD: 
dP
sP
end of file treatment


tOF : 12:03:28:147
wavfile=SR2_20160207_162431_281.wav
c:
g=10
sfte=192000
cF
cN
sD: 
dP
sP
end of file treatment


tOF : 12:03:28:284
wavfile=SR2_20160207_162538_499.wav
c:
g=10
sfte=192000
cF
cN
sD: 
dP
sP
end of file treatment


tOF : 12:03:28:401
wavfile=SR2_20160207_163107_477.wav
c:
g=10
sfte=192000
cF
cN
sD: 
dP
sP
end of file treatment


tOF : 12:03:28:496
wavfile=SR2_20160207_163559_745.wav
c:
g=10
sfte=192000
cF
cN
sD: 
dP
sP
end of file treatment


tOF : 12:03:28:622
wavfile=SR2_20160207_163933_616.wav
c:
g=10
sfte=192000
cF
cN
sD: 
dP
sP
end of file treatment


tOF : 12:03:28:825
wavfile=SR2_20160207_164214_136.wav
c:
g=10
sfte=192000
cF
cN
sD: 
dP
sP
end of file treatment


tOF : 12:03:29:040
wavfile=SR2_20160207_164525_343.wav
c:
g=10
sfte=192000
cF
cN
sD: 
dP
sP
end of file treatment


tOF : 12:03:29:116
wavfile=SR2_20160207_175204_000.wav
c:
g=10
sfte=192000
cF
cN
sD: 
dP
sP
end of file treatment


tOF : 12:03:29:213
wavfile=SR2_20160207_192204_000.wav
c:
g=10
sfte=192000
cF
cN
sD: 
dP
sP
end of file treatment


tOF : 12:03:29:287
wavfile=SR2_20160207_193714_723.wav
c:
g=10
sfte=192000
cF
cN
sD: 
dP
sP
end of file treatment


tOF : 12:03:29:373
wavfile=SR2_20160207_195356_692.wav
c:
g=10
sfte=192000
cF
cN
sD: 
dP
sP
end of file treatment


tOF : 12:03:29:479
wavfile=SR2_20160207_201927_101.wav
c:
g=10
sfte=192000
cF
cN
sD: 
dP
sP
end of file treatment


tOF : 12:03:29:644
wavfile=SR2_20160207_202141_997.wav
c:
g=10
sfte=192000
cF
cN
sD: 
dP
sP
end of file treatment


tOF : 12:03:29:775
wavfile=SR2_20160207_202455_584.wav
c:
g=10
sfte=192000
cF
cN
sD: 
dP
sP
end of file treatment


tOF : 12:03:29:911
wavfile=SR2_20160207_202616_549.wav
c:
g=10
sfte=192000
cF
cN
sD: 
dP
sP
end of file treatment


tOF : 12:03:30:031
wavfile=SR2_20160207_202727_557.wav
c:
g=10
sfte=192000
cF
cN
sD: 
dP
sP
end of file treatment


tOF : 12:03:30:247
wavfile=SR2_20160207_202827_953.wav
c:
g=10
sfte=192000
cF
cN
sD: 
dP
sP
end of file treatment


tOF : 12:03:30:472
wavfile=SR2_20160207_203025_171.wav
c:
g=10
sfte=192000
cF
cN
sD: 
dP
sP
end of file treatment


tOF : 12:03:30:749
wavfile=SR2_20160207_203230_625.wav
c:
g=10
sfte=192000
cF
cN
sD: 
dP
sP
end of file treatment


tOF : 12:03:30:953
wavfile=SR2_20160207_203410_364.wav
c:
g=10
sfte=192000
cF
cN
sD: 
dP
sP
end of file treatment


tOF : 12:03:31:118
wavfile=SR2_20160207_203440_535.wav
c:
g=10
sfte=192000
cF
cN
sD: 
dP
sP
end of file treatment


tOF : 12:03:31:247
wavfile=SR2_20160207_203501_111.wav
c:
g=10
sfte=192000
cF
cN
sD: 
dP
sP
end of file treatment


tOF : 12:03:31:439
wavfile=SR2_20160207_203606_000.wav
c:
g=10
sfte=192000
cF
cN
sD: 
dP
sP
end of file treatment


tOF : 12:03:31:565
wavfile=SR2_20160207_203625_413.wav
c:
g=10
sfte=192000
cF
cN
sD: 
dP
sP
end of file treatment


tOF : 12:03:31:697
wavfile=SR2_20160207_203638_980.wav
c:
g=10
sfte=192000
cF
cN
sD: 
dP
sP
end of file treatment


tOF : 12:03:31:850
wavfile=SR2_20160207_203732_272.wav
c:
g=10
sfte=192000
cF
cN
sD: 
dP
sP
end of file treatment


tOF : 12:03:31:987
wavfile=SR2_20160207_203913_655.wav
c:
g=10
sfte=192000
cF
cN
sD: 
dP
sP
end of file treatment


tOF : 12:03:32:057
wavfile=SR2_20160207_204657_407.wav
c:
g=10
sfte=192000
cF
cN
sD: 
dP
sP
end of file treatment


tOF : 12:03:32:143
wavfile=SR2_20160207_205035_049.wav
c:
g=10
sfte=192000
cF
cN
sD: 
dP
sP
end of file treatment


tOF : 12:03:32:217
wavfile=SR2_20160207_205326_375.wav
c:
g=10
sfte=192000
cF
cN
sD: 
dP
sP
end of file treatment


tOF : 12:03:32:444
wavfile=SR2_20160207_213612_225.wav
c:
g=10
sfte=192000
cF
cN
sD: 
dP
sP
end of file treatment


tOF : 12:03:32:656
wavfile=SR2_20160207_213644_479.wav
c:
g=10
sfte=192000
cF
cN
sD: 
dP
sP
end of file treatment


tOF : 12:03:32:829
wavfile=SR2_20160207_213719_715.wav
c:
g=10
sfte=192000
cF
cN
sD: 
dP
sP
end of file treatment


tOF : 12:03:32:924
wavfile=SR2_20160207_213822_863.wav
c:
g=10
sfte=192000
cF
cN
sD: 
dP
sP
end of file treatment


tOF : 12:03:33:058
wavfile=SR2_20160207_214635_549.wav
c:
g=10
sfte=192000
cF
cN
sD: 
dP
sP
end of file treatment


tOF : 12:03:33:285
wavfile=SR2_20160207_215055_267.wav
c:
g=10
sfte=192000
cF
cN
sD: 
dP
sP
end of file treatment


tOF : 12:03:33:386
wavfile=SR2_20160207_215209_072.wav
c:
g=10
sfte=192000
cF
cN
sD: 
dP
sP
end of file treatment


tOF : 12:03:33:579
wavfile=SR2_20160207_215538_593.wav
c:
g=10
sfte=192000
cF
cN
sD: 
dP
sP
end of file treatment


tOF : 12:03:33:748
wavfile=SR2_20160207_215825_977.wav
c:
g=10
sfte=192000
cF
cN
sD: 
dP
sP
end of file treatment


tOF : 12:03:33:849
wavfile=SR2_20160207_224245_419.wav
c:
g=10
sfte=192000
cF
cN
sD: 
dP
sP
end of file treatment


tOF : 12:03:33:946
wavfile=SR2_20160207_231055_959.wav
c:
g=10
sfte=192000
cF
cN
sD: 
dP
sP
end of file treatment


tOF : 12:03:34:085
wavfile=SR2_20160207_232204_000.wav
c:
g=10
sfte=192000
cF
cN
sD: 
dP
sP
end of file treatment


tOF : 12:03:34:216
wavfile=SR2_20160207_234901_633.wav
c:
g=10
sfte=192000
cF
cN
sD: 
dP
sP
end of file treatment


tOF : 12:03:34:419
wavfile=SR2_20160207_235115_305.wav
c:
g=10
sfte=192000
cF
cN
sD: 
dP
sP
end of file treatment


tOF : 12:03:34:624
wavfile=SR2_20160207_235341_907.wav
c:
g=10
sfte=192000
cF
cN
sD: 
dP
sP
end of file treatment


tOF : 12:03:34:763
wavfile=SR2_20160207_235454_221.wav
c:
g=10
sfte=192000
cF
cN
sD: 
dP
sP
end of file treatment


tOF : 12:03:34:851
wavfile=SR2_20160207_235720_319.wav
c:
g=10
sfte=192000
cF
cN
sD: 
dP
sP
end of file treatment


tOF : 12:03:34:932
wavfile=SR2_20160208_000110_284.wav
c:
g=10
sfte=192000
cF
cN
sD: 
dP
sP
end of file treatment


tOF : 12:03:35:076
wavfile=SR2_20160208_000145_243.wav
c:
g=10
sfte=192000
cF
cN
sD: 
dP
sP
end of file treatment


tOF : 12:03:35:155
wavfile=SR2_20160208_000302_245.wav
c:
g=10
sfte=192000
cF
cN
sD: 
dP
sP
end of file treatment


tOF : 12:03:35:232
wavfile=SR2_20160208_000326_276.wav
c:
g=10
sfte=192000
cF
cN
sD: 
dP
sP
end of file treatment


tOF : 12:03:35:331
wavfile=SR2_20160208_000408_183.wav
c:
g=10
sfte=192000
cF
cN
sD: 
dP
sP
end of file treatment


tOF : 12:03:35:424
wavfile=SR2_20160208_000427_396.wav
c:
g=10
sfte=192000
cF
cN
sD: 
dP
sP
end of file treatment


tOF : 12:03:35:503
wavfile=SR2_20160208_000447_403.wav
c:
g=10
sfte=192000
cF
cN
sD: 
dP
sP
end of file treatment


tOF : 12:03:35:742
wavfile=SR2_20160208_000459_299.wav
c:
g=10
sfte=192000
cF
cN
sD: 
dP
sP
end of file treatment


tOF : 12:03:35:830
wavfile=SR2_20160208_000542_233.wav
c:
g=10
sfte=192000
cF
cN
sD: 
dP
sP
end of file treatment


tOF : 12:03:35:918
wavfile=SR2_20160208_000624_053.wav
c:
g=10
sfte=192000
cF
cN
sD: 
dP
sP
end of file treatment


tOF : 12:03:36:009
wavfile=SR2_20160208_000842_312.wav
c:
g=10
sfte=192000
cF
cN
sD: 
dP
sP
end of file treatment


tOF : 12:03:36:077
wavfile=SR2_20160208_015204_000.wav
c:
g=10
sfte=192000
cF
cN
sD: 
dP
sP
end of file treatment


tOF : 12:03:36:176
wavfile=SR2_20160208_020135_065.wav
c:
g=10
sfte=192000
cF
cN
sD: 
dP
sP
end of file treatment


tOF : 12:03:36:272
wavfile=SR2_20160208_023646_407.wav
c:
g=10
sfte=192000
cF
cN
sD: 
dP
sP
end of file treatment


tOF : 12:03:36:341
wavfile=SR2_20160208_032204_000.wav
c:
g=10
sfte=192000
cF
cN
sD: 
dP
sP
end of file treatment


tOF : 12:03:36:411
wavfile=SR2_20160208_045204_000.wav
c:
g=10
sfte=192000
cF
cN
sD: 
dP
sP
end of file treatment


tOF : 12:03:36:499
wavfile=SR2_20160208_055204_000.wav
c:
g=10
sfte=192000
cF
cN
sD: 
dP
sP
end of file treatment


tOF : 12:03:36:566
wavfile=SR2_20160208_072204_000.wav
c:
g=10
sfte=192000
cF
cN
sD: 
dP
sP
end of file treatment


tOF : 12:03:36:649
wavfile=SR2_20160208_075204_000.wav
c:
g=10
sfte=192000
cF
cN
sD: 
dP
sP
end of file treatment


tOF : 12:03:36:833
wavfile=SR2_20160208_165531_477.wav
c:
g=10
sfte=192000
cF
cN
sD: 
dP
sP
end of file treatment


tOF : 12:03:37:020
wavfile=SR2_20160208_172549_387.wav
c:
g=10
sfte=192000
cF
cN
sD: 
dP
sP
end of file treatment


tOF : 12:03:37:069
wavfile=SR2_20160208_173421_904.wav
c:
g=10
sfte=192000
cF
cN
sD: 
dP
sP
end of file treatment


tOF : 12:03:37:148
wavfile=SR2_20160208_174739_068.wav
c:
g=10
sfte=192000
cF
cN
sD: 
dP
sP
end of file treatment


tOF : 12:03:37:218
wavfile=SR2_20160208_175045_592.wav
c:
g=10
sfte=192000
cF
cN
sD: 
dP
sP
end of file treatment


tOF : 12:03:37:295
wavfile=SR2_20160208_175507_069.wav
c:
g=10
sfte=192000
cF
cN
sD: 
dP
sP
end of file treatment


tOF : 12:03:37:391
wavfile=SR2_20160208_175831_680.wav
c:
g=10
sfte=192000
cF
cN
sD: 
dP
sP
end of file treatment


tOF : 12:03:37:513
wavfile=SR2_20160208_180031_119.wav
c:
g=10
sfte=192000
cF
cN
sD: 
dP
sP
end of file treatment


tOF : 12:03:37:619
wavfile=SR2_20160208_180053_885.wav
c:
g=10
sfte=192000
cF
cN
sD: 
dP
sP
end of file treatment


tOF : 12:03:37:701
wavfile=SR2_20160208_180139_945.wav
c:
g=10
sfte=192000
cF
cN
sD: 
dP
sP
end of file treatment


tOF : 12:03:37:922
wavfile=SR2_20160208_180231_377.wav
c:
g=10
sfte=192000
cF
cN
sD: 
dP
sP
end of file treatment


tOF : 12:03:38:097
wavfile=SR2_20160208_180302_103.wav
c:
g=10
sfte=192000
cF
cN
sD: 
dP
sP
end of file treatment


tOF : 12:03:38:306
wavfile=SR2_20160208_180355_175.wav
c:
g=10
sfte=192000
cF
cN
sD: 
dP
sP
end of file treatment


tOF : 12:03:38:483
wavfile=SR2_20160208_180411_689.wav
c:
g=10
sfte=192000
cF
cN
sD: 
dP
sP
end of file treatment


tOF : 12:03:38:764
wavfile=SR2_20160208_180439_661.wav
c:
g=10
sfte=192000
cF
cN
sD: 
dP
sP
end of file treatment


tOF : 12:03:39:146
wavfile=SR2_20160208_180536_479.wav
c:
g=10
sfte=192000
cF
cN
sD: 
dP
sP
end of file treatment


tOF : 12:03:39:235
wavfile=SR2_20160208_180627_200.wav
c:
g=10
sfte=192000
cF
cN
sD: 
dP
sP
end of file treatment


tOF : 12:03:39:384
wavfile=SR2_20160208_180707_360.wav
c:
g=10
sfte=192000
cF
cN
sD: 
dP
sP
end of file treatment


tOF : 12:03:39:556
wavfile=SR2_20160208_180814_909.wav
c:
g=10
sfte=192000
cF
cN
sD: 
dP
sP
end of file treatment


tOF : 12:03:39:631
wavfile=SR2_20160208_180842_153.wav
c:
g=10
sfte=192000
cF
cN
sD: 
dP
sP
end of file treatment


tOF : 12:03:39:708
wavfile=SR2_20160208_180927_887.wav
c:
g=10
sfte=192000
cF
cN
sD: 
dP
sP
end of file treatment


tOF : 12:03:39:786
wavfile=SR2_20160208_181024_832.wav
c:
g=10
sfte=192000
cF
cN
sD: 
dP
sP
end of file treatment


tOF : 12:03:39:935
wavfile=SR2_20160208_181108_788.wav
c:
g=10
sfte=192000
cF
cN
sD: 
dP
sP
end of file treatment


tOF : 12:03:39:997
wavfile=SR2_20160208_181214_849.wav
c:
g=10
sfte=192000
cF
cN
sD: 
dP
sP
end of file treatment


tOF : 12:03:40:127
wavfile=SR2_20160208_181544_011.wav
c:
g=10
sfte=192000
cF
cN
sD: 
dP
sP
end of file treatment


tOF : 12:03:40:283
wavfile=SR2_20160208_181656_803.wav
c:
g=10
sfte=192000
cF
cN
sD: 
dP
sP
end of file treatment


tOF : 12:03:40:411
wavfile=SR2_20160208_183800_055.wav
c:
g=10
sfte=192000
cF
cN
sD: 
dP
sP
end of file treatment


tOF : 12:03:40:541
wavfile=SR2_20160208_184604_977.wav
c:
g=10
sfte=192000
cF
cN
sD: 
dP
sP
end of file treatment


tOF : 12:03:40:647
wavfile=SR2_20160208_184654_972.wav
c:
g=10
sfte=192000
cF
cN
sD: 
dP
sP
end of file treatment


tOF : 12:03:40:735
wavfile=SR2_20160208_184730_083.wav
c:
g=10
sfte=192000
cF
cN
sD: 
dP
sP
end of file treatment


tOF : 12:03:40:823
wavfile=SR2_20160208_184801_061.wav
c:
g=10
sfte=192000
cF
cN
sD: 
dP
sP
end of file treatment


tOF : 12:03:40:927
wavfile=SR2_20160208_184913_967.wav
c:
g=10
sfte=192000
cF
cN
sD: 
dP
sP
end of file treatment


tOF : 12:03:41:069
wavfile=SR2_20160208_184952_516.wav
c:
g=10
sfte=192000
cF
cN
sD: 
dP
sP
end of file treatment


tOF : 12:03:41:166
wavfile=SR2_20160208_185124_361.wav
c:
g=10
sfte=192000
cF
cN
sD: 
dP
sP
end of file treatment


tOF : 12:03:41:311
wavfile=SR2_20160208_185239_180.wav
c:
g=10
sfte=192000
cF
cN
sD: 
dP
sP
end of file treatment


tOF : 12:03:41:524
wavfile=SR2_20160208_185315_816.wav
c:
g=10
sfte=192000
cF
cN
sD: 
dP
sP
end of file treatment


tOF : 12:03:41:601
wavfile=SR2_20160208_185412_104.wav
c:
g=10
sfte=192000
cF
cN
sD: 
dP
sP
end of file treatment


tOF : 12:03:41:959
wavfile=SR2_20160208_185509_453.wav
c:
g=10
sfte=192000
cF
cN
sD: 
dP
sP
end of file treatment


tOF : 12:03:42:110
wavfile=SR2_20160208_185554_713.wav
c:
g=10
sfte=192000
cF
cN
sD: 
dP
sP
end of file treatment


tOF : 12:03:42:239
wavfile=SR2_20160208_185634_883.wav
c:
g=10
sfte=192000
cF
cN
sD: 
dP
sP
end of file treatment


tOF : 12:03:42:324
wavfile=SR2_20160208_185716_133.wav
c:
g=10
sfte=192000
cF
cN
sD: 
dP
sP
end of file treatment


tOF : 12:03:42:676
wavfile=SR2_20160208_185808_611.wav
c:
g=10
sfte=192000
cF
cN
sD: 
dP
sP
end of file treatment


tOF : 12:03:42:788
wavfile=SR2_20160208_185932_120.wav
c:
g=10
sfte=192000
cF
cN
sD: 
dP
sP
end of file treatment


tOF : 12:03:42:877
wavfile=SR2_20160208_190018_633.wav
c:
g=10
sfte=192000
cF
cN
sD: 
dP
sP
end of file treatment


tOF : 12:03:43:047
wavfile=SR2_20160208_190041_215.wav
c:
g=10
sfte=192000
cF
cN
sD: 
dP
sP
end of file treatment


tOF : 12:03:43:208
wavfile=SR2_20160208_190117_295.wav
c:
g=10
sfte=192000
cF
cN
sD: 
dP
sP
end of file treatment


tOF : 12:03:43:279
wavfile=SR2_20160208_190145_643.wav
c:
g=10
sfte=192000
cF
cN
sD: 
dP
sP
end of file treatment


tOF : 12:03:43:355
wavfile=SR2_20160208_190211_179.wav
c:
g=10
sfte=192000
cF
cN
sD: 
dP
sP
end of file treatment


tOF : 12:03:43:545
wavfile=SR2_20160208_190324_289.wav
c:
g=10
sfte=192000
cF
cN
sD: 
dP
sP
end of file treatment


tOF : 12:03:43:613
wavfile=SR2_20160208_190406_912.wav
c:
g=10
sfte=192000
cF
cN
sD: 
dP
sP
end of file treatment


tOF : 12:03:43:764
wavfile=SR2_20160208_190438_964.wav
c:
g=10
sfte=192000
cF
cN
sD: 
dP
sP
end of file treatment


tOF : 12:03:43:851
wavfile=SR2_20160208_190502_789.wav
c:
g=10
sfte=192000
cF
cN
sD: 
dP
sP
end of file treatment


tOF : 12:03:43:979
wavfile=SR2_20160208_190549_903.wav
c:
g=10
sfte=192000
cF
cN
sD: 
dP
sP
end of file treatment


tOF : 12:03:44:191
wavfile=SR2_20160208_190609_643.wav
c:
g=10
sfte=192000
cF
cN
sD: 
dP
sP
end of file treatment


tOF : 12:03:44:277
wavfile=SR2_20160208_190759_268.wav
c:
g=10
sfte=192000
cF
cN
sD: 
dP
sP
end of file treatment


tOF : 12:03:44:377
wavfile=SR2_20160208_190906_468.wav
c:
g=10
sfte=192000
cF
cN
sD: 
dP
sP
end of file treatment


tOF : 12:03:44:504
wavfile=SR2_20160208_190944_333.wav
c:
g=10
sfte=192000
cF
cN
sD: 
dP
sP
end of file treatment


tOF : 12:03:44:608
wavfile=SR2_20160208_191137_759.wav
c:
g=10
sfte=192000
cF
cN
sD: 
dP
sP
end of file treatment


tOF : 12:03:44:749
wavfile=SR2_20160208_191326_619.wav
c:
g=10
sfte=192000
cF
cN
sD: 
dP
sP
end of file treatment


tOF : 12:03:44:859
wavfile=SR2_20160208_191634_420.wav
c:
g=10
sfte=192000
cF
cN
sD: 
dP
sP
end of file treatment


tOF : 12:03:44:989
wavfile=SR2_20160208_191757_328.wav
c:
g=10
sfte=192000
cF
cN
sD: 
dP
sP
end of file treatment


tOF : 12:03:45:138
wavfile=SR2_20160208_191827_143.wav
c:
g=10
sfte=192000
cF
cN
sD: 
dP
sP
end of file treatment


tOF : 12:03:45:294
wavfile=SR2_20160208_191844_571.wav
c:
g=10
sfte=192000
cF
cN
sD: 
dP
sP
end of file treatment


tOF : 12:03:45:496
wavfile=SR2_20160208_192306_000.wav
c:
g=10
sfte=192000
cF
cN
sD: 
dP
sP
end of file treatment


tOF : 12:03:45:580
wavfile=SR2_20160208_192908_572.wav
c:
g=10
sfte=192000
cF
cN
sD: 
dP
sP
end of file treatment


tOF : 12:03:45:748
wavfile=SR2_20160208_192948_504.wav
c:
g=10
sfte=192000
cF
cN
sD: 
dP
sP
end of file treatment


tOF : 12:03:45:852
wavfile=SR2_20160208_193354_963.wav
c:
g=10
sfte=192000
cF
cN
sD: 
dP
sP
end of file treatment


tOF : 12:03:45:983
wavfile=SR2_20160208_193500_864.wav
c:
g=10
sfte=192000
cF
cN
sD: 
dP
sP
end of file treatment


tOF : 12:03:46:052
wavfile=SR2_20160208_194124_579.wav
c:
g=10
sfte=192000
cF
cN
sD: 
dP
sP
end of file treatment


tOF : 12:03:46:120
wavfile=SR2_20160208_194434_476.wav
c:
g=10
sfte=192000
cF
cN
sD: 
dP
sP
end of file treatment


tOF : 12:03:46:215
wavfile=SR2_20160208_195020_055.wav
c:
g=10
sfte=192000
cF
cN
sD: 
dP
sP
end of file treatment


tOF : 12:03:46:363
wavfile=SR2_20160208_202509_025.wav
c:
g=10
sfte=192000
cF
cN
sD: 
dP
sP
end of file treatment


tOF : 12:03:46:508
wavfile=SR2_20160208_205431_261.wav
c:
g=10
sfte=192000
cF
cN
sD: 
dP
sP
end of file treatment


tOF : 12:03:46:629
wavfile=SR2_20160208_214256_531.wav
c:
g=10
sfte=192000
cF
cN
sD: 
dP
sP
end of file treatment


tOF : 12:03:46:735
wavfile=SR2_20160208_215304_000.wav
c:
g=10
sfte=192000
cF
cN
sD: 
dP
sP
end of file treatment


tOF : 12:03:46:863
wavfile=SR2_20160208_222733_101.wav
c:
g=10
sfte=192000
cF
cN
sD: 
dP
sP
end of file treatment


tOF : 12:03:46:977
wavfile=SR2_20160208_235124_124.wav
c:
g=10
sfte=192000
cF
cN
sD: 
dP
sP
end of file treatment


tOF : 12:03:47:045
wavfile=SR2_20160209_012304_000.wav
c:
g=10
sfte=192000
cF
cN
sD: 
dP
sP
end of file treatment


tOF : 12:03:47:131
wavfile=SR2_20160209_025304_000.wav
c:
g=10
sfte=192000
cF
cN
sD: 
dP
sP
end of file treatment


tOF : 12:03:47:207
wavfile=SR2_20160209_045304_000.wav
c:
g=10
sfte=192000
cF
cN
sD: 
dP
sP
end of file treatment


tOF : 12:03:47:309
wavfile=SR2_20160209_064948_923.wav
c:
g=10
sfte=192000
cF
cN
sD: 
dP
sP
end of file treatment


tOF : 12:03:47:414
wavfile=SR2_20160209_072304_000.wav
c:
g=10
sfte=192000
cF
cN
sD: 
dP
sP
end of file treatment


tOF : 12:03:47:606
wavfile=SR2_20160209_163526_425.wav
c:
g=10
sfte=192000
cF
cN
sD: 
dP
sP
end of file treatment


tOF : 12:03:47:781
wavfile=SR2_20160209_164253_583.wav
c:
g=10
sfte=192000
cF
cN
sD: 
dP
sP
end of file treatment


tOF : 12:03:47:880
wavfile=SR2_20160209_164513_500.wav
c:
g=10
sfte=192000
cF
cN
sD: 
dP
sP
end of file treatment


tOF : 12:03:48:190
wavfile=SR2_20160209_164932_625.wav
c:
g=10
sfte=192000
cF
cN
sD: 
dP
sP
end of file treatment


tOF : 12:03:48:313
wavfile=SR2_20160209_165124_531.wav
c:
g=10
sfte=192000
cF
cN
sD: 
dP
sP
end of file treatment


tOF : 12:03:48:454
wavfile=SR2_20160209_165137_849.wav
c:
g=10
sfte=192000
cF
cN
sD: 
dP
sP
end of file treatment


tOF : 12:03:48:658
wavfile=SR2_20160209_165853_941.wav
c:
g=10
sfte=192000
cF
cN
sD: 
dP
sP
end of file treatment


tOF : 12:03:48:829
wavfile=SR2_20160209_170215_084.wav
c:
g=10
sfte=192000
cF
cN
sD: 
dP
sP
end of file treatment


tOF : 12:03:49:018
wavfile=SR2_20160209_185504_000.wav
c:
g=10
sfte=192000
cF
cN
sD: 
dP
sP
end of file treatment


tOF : 12:03:49:148
wavfile=SR2_20160209_205504_000.wav
c:
g=10
sfte=192000
cF
cN
sD: 
dP
sP
end of file treatment


tOF : 12:03:49:303
wavfile=SR2_20160209_225504_000.wav
c:
g=10
sfte=192000
cF
cN
sD: 
dP
sP
end of file treatment


tOF : 12:03:49:429
wavfile=SR2_20160210_005504_000.wav
c:
g=10
sfte=192000
cF
cN
sD: 
dP
sP
end of file treatment


tOF : 12:03:49:618
wavfile=SR2_20160210_025504_000.wav
c:
g=10
sfte=192000
cF
cN
sD: 
dP
sP
end of file treatment


tOF : 12:03:49:782
wavfile=SR2_20160210_042504_000.wav
c:
g=10
sfte=192000
cF
cN
sD: 
dP
sP
end of file treatment


tOF : 12:03:49:868
wavfile=SR2_20160210_062504_000.wav
c:
g=10
sfte=192000
cF
cN
sD: 
dP
sP
end of file treatment


tOF : 12:03:49:940
wavfile=SR2_20160210_064846_087.wav
c:
g=10
sfte=192000
cF
cN
sD: 
dP
sP
end of file treatment


tOF : 12:03:50:110
wavfile=SR2_20160210_065504_000.wav
c:
g=10
sfte=192000
cF
cN
sD: 
dP
sP
end of file treatment


tOF : 12:03:50:221
wavfile=SR2_20160210_164412_915.wav
c:
g=10
sfte=192000
cF
cN
sD: 
dP
sP
end of file treatment


tOF : 12:03:50:315
wavfile=SR2_20160210_165702_000.wav
c:
g=10
sfte=192000
cF
cN
sD: 
dP
sP
end of file treatment


tOF : 12:03:50:473
wavfile=SR2_20160210_165747_981.wav
c:
g=10
sfte=192000
cF
cN
sD: 
dP
sP
end of file treatment


tOF : 12:03:50:571
wavfile=SR2_20160210_165959_343.wav
c:
g=10
sfte=192000
cF
cN
sD: 
dP
sP
end of file treatment


tOF : 12:03:50:807
wavfile=SR2_20160210_172704_000.wav
c:
g=10
sfte=192000
cF
cN
sD: 
dP
sP
end of file treatment


tOF : 12:03:50:895
wavfile=SR2_20160210_185704_000.wav
c:
g=10
sfte=192000
cF
cN
sD: 
dP
sP
end of file treatment


tOF : 12:03:50:971
wavfile=SR2_20160210_203605_209.wav
c:
g=10
sfte=192000
cF
cN
sD: 
dP
sP
end of file treatment


tOF : 12:03:51:086
wavfile=SR2_20160210_222704_000.wav
c:
g=10
sfte=192000
cF
cN
sD: 
dP
sP
end of file treatment


tOF : 12:03:51:165
wavfile=SR2_20160211_002704_000.wav
c:
g=10
sfte=192000
cF
cN
sD: 
dP
sP
end of file treatment


tOF : 12:03:51:302
wavfile=SR2_20160211_022704_000.wav
c:
g=10
sfte=192000
cF
cN
sD: 
dP
sP
end of file treatment


tOF : 12:03:51:416
wavfile=SR2_20160211_042704_000.wav
c:
g=10
sfte=192000
cF
cN
sD: 
dP
sP
end of file treatment


tOF : 12:03:51:523
wavfile=SR2_20160211_062704_000.wav
c:
g=10
sfte=192000
cF
cN
sD: 
dP
sP
end of file treatment


tOF : 12:03:51:603
wavfile=SR2_20160211_065029_695.wav
c:
g=10
sfte=192000
cF
cN
sD: 
dP
sP
end of file treatment


tOF : 12:03:51:733
wavfile=SR2_20160211_072704_000.wav
c:
g=10
sfte=192000
cF
cN
sD: 
dP
sP
end of file treatment


tOF : 12:03:51:820
wavfile=SR2_20160211_164834_423.wav
c:
g=10
sfte=192000
cF
cN
sD: 
dP
sP
end of file treatment


tOF : 12:03:51:896
wavfile=SR2_20160211_165001_895.wav
c:
g=10
sfte=192000
cF
cN
sD: 
dP
sP
end of file treatment


tOF : 12:03:52:029
wavfile=SR2_20160211_165821_780.wav
c:
g=10
sfte=192000
cF
cN
sD: 
dP
sP
end of file treatment


tOF : 12:03:52:093
wavfile=SR2_20160211_170218_640.wav
c:
g=10
sfte=192000
cF
cN
sD: 
dP
sP
end of file treatment


tOF : 12:03:52:223
wavfile=SR2_20160211_170547_347.wav
c:
g=10
sfte=192000
cF
cN
sD: 
dP
sP
end of file treatment


tOF : 12:03:52:355
wavfile=SR2_20160211_185904_000.wav
c:
g=10
sfte=192000
cF
cN
sD: 
dP
sP
end of file treatment


tOF : 12:03:52:486
wavfile=SR2_20160211_205904_000.wav
c:
g=10
sfte=192000
cF
cN
sD: 
dP
sP
end of file treatment


tOF : 12:03:52:572
wavfile=SR2_20160211_225904_000.wav
c:
g=10
sfte=192000
cF
cN
sD: 
dP
sP
end of file treatment


tOF : 12:03:52:649
wavfile=SR2_20160212_002904_000.wav
c:
g=10
sfte=192000
cF
cN
sD: 
dP
sP
end of file treatment


tOF : 12:03:52:750
wavfile=SR2_20160212_012905_000.wav
c:
g=10
sfte=192000
cF
cN
sD: 
dP
sP
end of file treatment


tOF : 12:03:52:854
wavfile=SR2_20160212_032904_000.wav
c:
g=10
sfte=192000
cF
cN
sD: 
dP
sP
end of file treatment


tOF : 12:03:52:952
wavfile=SR2_20160212_052904_000.wav
c:
g=10
sfte=192000
cF
cN
sD: 
dP
sP
end of file treatment


tOF : 12:03:53:034
wavfile=SR2_20160212_064648_313.wav
c:
g=10
sfte=192000
cF
cN
sD: 
dP
sP
end of file treatment


tOF : 12:03:53:171
wavfile=SR2_20160212_065614_220.wav
c:
g=10
sfte=192000
cF
cN
sD: 
dP
sP
end of file treatment


tOF : 12:03:53:303
wavfile=SR2_20160212_072904_000.wav
c:
g=10
sfte=192000
cF
cN
sD: 
dP
sP
end of file treatment


tOF : 12:03:53:399
wavfile=SR2_20160212_164551_645.wav
c:
g=10
sfte=192000
cF
cN
sD: 
dP
sP
end of file treatment


tOF : 12:03:53:589
wavfile=SR2_20160212_165516_507.wav
c:
g=10
sfte=192000
cF
cN
sD: 
dP
sP
end of file treatment


tOF : 12:03:53:667
wavfile=SR2_20160212_173104_000.wav
c:
g=10
sfte=192000
cF
cN
sD: 
dP
sP
end of file treatment


tOF : 12:03:53:724
wavfile=SR2_20160212_193104_000.wav
c:
g=10
sfte=192000
cF
cN
sD: 
dP
sP
end of file treatment


tOF : 12:03:53:817
wavfile=SR2_20160212_213104_000.wav
c:
g=10
sfte=192000
cF
cN
sD: 
dP
sP
end of file treatment


tOF : 12:03:53:896
wavfile=SR2_20160212_233104_000.wav
c:
g=10
sfte=192000
cF
cN
sD: 
dP
sP
end of file treatment


tOF : 12:03:54:030
wavfile=SR2_20160213_013104_000.wav
c:
g=10
sfte=192000
cF
cN
sD: 
dP
sP
end of file treatment


tOF : 12:03:54:197
wavfile=SR2_20160213_033104_000.wav
c:
g=10
sfte=192000
cF
cN
sD: 
dP
sP
end of file treatment


tOF : 12:03:54:283
wavfile=SR2_20160213_053104_000.wav
c:
g=10
sfte=192000
cF
cN
sD: 
dP
sP
end of file treatment


tOF : 12:03:54:390
wavfile=SR2_20160213_070104_000.wav
c:
g=10
sfte=192000
cF
cN
sD: 
dP
sP
end of file treatment


tOF : 12:03:54:480
wavfile=SR2_20160213_163920_651.wav
c:
g=10
sfte=192000
cF
cN
sD: 
dP
sP
end of file treatment


tOF : 12:03:54:587
wavfile=SR2_20160213_170302_000.wav
c:
g=10
sfte=192000
cF
cN
sD: 
dP
sP
end of file treatment


tOF : 12:03:54:713
wavfile=SR2_20160213_190304_000.wav
c:
g=10
sfte=192000
cF
cN
sD: 
dP
sP
end of file treatment


tOF : 12:03:54:902
wavfile=SR2_20160213_210304_000.wav
c:
g=10
sfte=192000
cF
cN
sD: 
dP
sP
end of file treatment


tOF : 12:03:55:034
wavfile=SR2_20160213_230304_000.wav
c:
g=10
sfte=192000
cF
cN
sD: 
dP
sP
end of file treatment


tOF : 12:03:55:252
wavfile=SR2_20160214_010304_000.wav
c:
g=10
sfte=192000
cF
cN
sD: 
dP
sP
end of file treatment


tOF : 12:03:55:340
wavfile=SR2_20160214_023304_000.wav
c:
g=10
sfte=192000
cF
cN
sD: 
dP
sP
end of file treatment
endDetec  IThread = 1
