dtt modefreq=1


tOF : 09:48:57:306
wavfile=ECC_20181104_170334_000.wav
c:
g=1
sfte=192000
cF
cN
sD: 
dP
sP
end of file treatment


tOF : 09:48:57:474
wavfile=ECC_20181110_172625_000.wav
c:
g=1
sfte=192000
cF
cN
sD: 
dP
sP
end of file treatment


tOF : 09:48:57:648
wavfile=ECC_20181115_172053_000.wav
c:
g=1
sfte=192000
cF
cN
sD: 
dP
sP
end of file treatment


tOF : 09:48:57:782
wavfile=ECC_20181201_223255_000.wav
c:
g=1
sfte=192000
cF
cN
sD: 
dP
sP
end of file treatment


tOF : 09:48:57:963
wavfile=ECC_20181215_174021_000.wav
c:
g=1
sfte=192000
cF
cN
sD: 
dP
sP
end of file treatment
endDetec  IThread = 1
