dtt modefreq=1


tOF : 12:08:19:826
wavfile=SR2_20160422_183700_000.wav
c:
g=10
sfte=192000
cF
cN
sD: 
dP
sP
end of file treatment


tOF : 12:08:19:982
wavfile=SR2_20160422_195335_896.wav
c:
g=10
sfte=192000
cF
cN
sD: 
dP
sP
end of file treatment


tOF : 12:08:20:248
wavfile=SR2_20160422_210704_000.wav
c:
g=10
sfte=192000
cF
cN
sD: 
dP
sP
end of file treatment


tOF : 12:08:20:404
wavfile=SR2_20160422_230704_000.wav
c:
g=10
sfte=192000
cF
cN
sD: 
dP
sP
end of file treatment


tOF : 12:08:20:545
wavfile=SR2_20160423_003704_000.wav
c:
g=10
sfte=192000
cF
cN
sD: 
dP
sP
end of file treatment


tOF : 12:08:20:623
wavfile=SR2_20160423_023704_000.wav
c:
g=10
sfte=192000
cF
cN
sD: 
dP
sP
end of file treatment


tOF : 12:08:20:701
wavfile=SR2_20160423_043037_332.wav
c:
g=10
sfte=192000
cF
cN
sD: 
dP
sP
end of file treatment


tOF : 12:08:20:795
wavfile=SR2_20160423_043122_125.wav
c:
g=10
sfte=192000
cF
cN
sD: 
dP
sP
end of file treatment


tOF : 12:08:20:952
wavfile=SR2_20160423_043341_727.wav
c:
g=10
sfte=192000
cF
cN
sD: 
dP
sP
end of file treatment


tOF : 12:08:21:077
wavfile=SR2_20160423_045636_164.wav
c:
g=10
sfte=192000
cF
cN
sD: 
dP
sP
end of file treatment


tOF : 12:08:21:155
wavfile=SR2_20160423_045720_665.wav
c:
g=10
sfte=192000
cF
cN
sD: 
dP
sP
end of file treatment


tOF : 12:08:21:353
wavfile=SR2_20160423_045929_643.wav
c:
g=10
sfte=192000
cF
cN
sD: 
dP
sP
end of file treatment


tOF : 12:08:21:493
wavfile=SR2_20160423_050055_764.wav
c:
g=10
sfte=192000
cF
cN
sD: 
dP
sP
end of file treatment


tOF : 12:08:21:592
wavfile=SR2_20160423_050158_795.wav
c:
g=10
sfte=192000
cF
cN
sD: 
dP
sP
end of file treatment


tOF : 12:08:21:684
wavfile=SR2_20160423_050222_824.wav
c:
g=10
sfte=192000
cF
cN
sD: 
dP
sP
end of file treatment


tOF : 12:08:21:844
wavfile=SR2_20160423_050235_297.wav
c:
g=10
sfte=192000
cF
cN
sD: 
dP
sP
end of file treatment


tOF : 12:08:21:920
wavfile=SR2_20160423_050249_421.wav
c:
g=10
sfte=192000
cF
cN
sD: 
dP
sP
end of file treatment


tOF : 12:08:21:984
wavfile=SR2_20160423_050412_715.wav
c:
g=10
sfte=192000
cF
cN
sD: 
dP
sP
end of file treatment


tOF : 12:08:22:105
wavfile=SR2_20160423_050447_688.wav
c:
g=10
sfte=192000
cF
cN
sD: 
dP
sP
end of file treatment


tOF : 12:08:22:199
wavfile=SR2_20160423_190802_000.wav
c:
g=10
sfte=192000
cF
cN
sD: 
dP
sP
end of file treatment


tOF : 12:08:22:325
wavfile=SR2_20160423_203804_000.wav
c:
g=10
sfte=192000
cF
cN
sD: 
dP
sP
end of file treatment


tOF : 12:08:22:479
wavfile=SR2_20160423_223804_000.wav
c:
g=10
sfte=192000
cF
cN
sD: 
dP
sP
end of file treatment


tOF : 12:08:22:604
wavfile=SR2_20160424_000804_000.wav
c:
g=10
sfte=192000
cF
cN
sD: 
dP
sP
end of file treatment


tOF : 12:08:22:664
wavfile=SR2_20160424_005433_227.wav
c:
g=10
sfte=192000
cF
cN
sD: 
dP
sP
end of file treatment


tOF : 12:08:22:735
wavfile=SR2_20160424_005720_101.wav
c:
g=10
sfte=192000
cF
cN
sD: 
dP
sP
end of file treatment


tOF : 12:08:22:802
wavfile=SR2_20160424_005740_423.wav
c:
g=10
sfte=192000
cF
cN
sD: 
dP
sP
end of file treatment


tOF : 12:08:22:946
wavfile=SR2_20160424_005754_604.wav
c:
g=10
sfte=192000
cF
cN
sD: 
dP
sP
end of file treatment


tOF : 12:08:23:075
wavfile=SR2_20160424_005834_184.wav
c:
g=10
sfte=192000
cF
cN
sD: 
dP
sP
end of file treatment


tOF : 12:08:23:148
wavfile=SR2_20160424_005917_207.wav
c:
g=10
sfte=192000
cF
cN
sD: 
dP
sP
end of file treatment


tOF : 12:08:23:280
wavfile=SR2_20160424_005955_732.wav
c:
g=10
sfte=192000
cF
cN
sD: 
dP
sP
end of file treatment


tOF : 12:08:23:349
wavfile=SR2_20160424_010040_999.wav
c:
g=10
sfte=192000
cF
cN
sD: 
dP
sP
end of file treatment


tOF : 12:08:23:429
wavfile=SR2_20160424_010154_915.wav
c:
g=10
sfte=192000
cF
cN
sD: 
dP
sP
end of file treatment


tOF : 12:08:23:493
wavfile=SR2_20160424_010348_260.wav
c:
g=10
sfte=192000
cF
cN
sD: 
dP
sP
end of file treatment


tOF : 12:08:23:648
wavfile=SR2_20160424_010527_404.wav
c:
g=10
sfte=192000
cF
cN
sD: 
dP
sP
end of file treatment


tOF : 12:08:23:724
wavfile=SR2_20160424_010553_547.wav
c:
g=10
sfte=192000
cF
cN
sD: 
dP
sP
end of file treatment


tOF : 12:08:23:845
wavfile=SR2_20160424_010903_688.wav
c:
g=10
sfte=192000
cF
cN
sD: 
dP
sP
end of file treatment


tOF : 12:08:23:922
wavfile=SR2_20160424_013839_033.wav
c:
g=10
sfte=192000
cF
cN
sD: 
dP
sP
end of file treatment


tOF : 12:08:24:099
wavfile=SR2_20160424_025125_299.wav
c:
g=10
sfte=192000
cF
cN
sD: 
dP
sP
end of file treatment


tOF : 12:08:24:224
wavfile=SR2_20160424_025243_212.wav
c:
g=10
sfte=192000
cF
cN
sD: 
dP
sP
end of file treatment


tOF : 12:08:24:329
wavfile=SR2_20160424_025743_796.wav
c:
g=10
sfte=192000
cF
cN
sD: 
dP
sP
end of file treatment


tOF : 12:08:24:396
wavfile=SR2_20160424_030804_000.wav
c:
g=10
sfte=192000
cF
cN
sD: 
dP
sP
end of file treatment


tOF : 12:08:24:481
wavfile=SR2_20160424_043804_000.wav
c:
g=10
sfte=192000
cF
cN
sD: 
dP
sP
end of file treatment


tOF : 12:08:24:598
wavfile=SR2_20160424_201004_000.wav
c:
g=10
sfte=192000
cF
cN
sD: 
dP
sP
end of file treatment


tOF : 12:08:24:663
wavfile=SR2_20160424_204259_252.wav
c:
g=10
sfte=192000
cF
cN
sD: 
dP
sP
end of file treatment


tOF : 12:08:24:731
wavfile=SR2_20160424_211004_000.wav
c:
g=10
sfte=192000
cF
cN
sD: 
dP
sP
end of file treatment


tOF : 12:08:24:817
wavfile=SR2_20160424_212218_527.wav
c:
g=10
sfte=192000
cF
cN
sD: 
dP
sP
end of file treatment


tOF : 12:08:24:889
wavfile=SR2_20160424_212232_176.wav
c:
g=10
sfte=192000
cF
cN
sD: 
dP
sP
end of file treatment


tOF : 12:08:25:046
wavfile=SR2_20160424_212257_393.wav
c:
g=10
sfte=192000
cF
cN
sD: 
dP
sP
end of file treatment


tOF : 12:08:25:186
wavfile=SR2_20160424_214005_000.wav
c:
g=10
sfte=192000
cF
cN
sD: 
dP
sP
end of file treatment


tOF : 12:08:25:282
wavfile=SR2_20160424_234004_000.wav
c:
g=10
sfte=192000
cF
cN
sD: 
dP
sP
end of file treatment


tOF : 12:08:25:429
wavfile=SR2_20160425_014004_000.wav
c:
g=10
sfte=192000
cF
cN
sD: 
dP
sP
end of file treatment


tOF : 12:08:25:614
wavfile=SR2_20160425_034004_000.wav
c:
g=10
sfte=192000
cF
cN
sD: 
dP
sP
end of file treatment


tOF : 12:08:25:713
wavfile=SR2_20160425_184810_748.wav
c:
g=10
sfte=192000
cF
cN
sD: 
dP
sP
end of file treatment


tOF : 12:08:25:788
wavfile=SR2_20160425_193454_641.wav
c:
g=10
sfte=192000
cF
cN
sD: 
dP
sP
end of file treatment


tOF : 12:08:25:874
wavfile=SR2_20160425_194204_000.wav
c:
g=10
sfte=192000
cF
cN
sD: 
dP
sP
end of file treatment


tOF : 12:08:25:997
wavfile=SR2_20160425_202106_244.wav
c:
g=10
sfte=192000
cF
cN
sD: 
dP
sP
end of file treatment


tOF : 12:08:26:149
wavfile=SR2_20160425_211010_211.wav
c:
g=10
sfte=192000
cF
cN
sD: 
dP
sP
end of file treatment


tOF : 12:08:26:358
wavfile=SR2_20160425_214204_000.wav
c:
g=10
sfte=192000
cF
cN
sD: 
dP
sP
end of file treatment


tOF : 12:08:26:666
wavfile=SR2_20160425_221025_221.wav
c:
g=10
sfte=192000
cF
cN
sD: 
dP
sP
end of file treatment


tOF : 12:08:26:812
wavfile=SR2_20160425_231204_000.wav
c:
g=10
sfte=192000
cF
cN
sD: 
dP
sP
end of file treatment


tOF : 12:08:27:099
wavfile=SR2_20160426_004204_000.wav
c:
g=10
sfte=192000
cF
cN
sD: 
dP
sP
end of file treatment


tOF : 12:08:27:237
wavfile=SR2_20160426_011204_000.wav
c:
g=10
sfte=192000
cF
cN
sD: 
dP
sP
end of file treatment


tOF : 12:08:27:409
wavfile=SR2_20160426_013714_965.wav
c:
g=10
sfte=192000
cF
cN
sD: 
dP
sP
end of file treatment


tOF : 12:08:27:588
wavfile=SR2_20160426_013839_883.wav
c:
g=10
sfte=192000
cF
cN
sD: 
dP
sP
end of file treatment


tOF : 12:08:27:715
wavfile=SR2_20160426_014144_844.wav
c:
g=10
sfte=192000
cF
cN
sD: 
dP
sP
end of file treatment


tOF : 12:08:27:886
wavfile=SR2_20160426_014830_539.wav
c:
g=10
sfte=192000
cF
cN
sD: 
dP
sP
end of file treatment


tOF : 12:08:28:093
wavfile=SR2_20160426_020103_859.wav
c:
g=10
sfte=192000
cF
cN
sD: 
dP
sP
end of file treatment


tOF : 12:08:28:248
wavfile=SR2_20160426_020312_688.wav
c:
g=10
sfte=192000
cF
cN
sD: 
dP
sP
end of file treatment


tOF : 12:08:28:461
wavfile=SR2_20160426_020511_045.wav
c:
g=10
sfte=192000
cF
cN
sD: 
dP
sP
end of file treatment


tOF : 12:08:28:662
wavfile=SR2_20160426_020729_175.wav
c:
g=10
sfte=192000
cF
cN
sD: 
dP
sP
end of file treatment


tOF : 12:08:28:793
wavfile=SR2_20160426_020812_597.wav
c:
g=10
sfte=192000
cF
cN
sD: 
dP
sP
end of file treatment


tOF : 12:08:28:963
wavfile=SR2_20160426_020947_084.wav
c:
g=10
sfte=192000
cF
cN
sD: 
dP
sP
end of file treatment


tOF : 12:08:29:172
wavfile=SR2_20160426_021058_789.wav
c:
g=10
sfte=192000
cF
cN
sD: 
dP
sP
end of file treatment


tOF : 12:08:29:308
wavfile=SR2_20160426_021510_365.wav
c:
g=10
sfte=192000
cF
cN
sD: 
dP
sP
end of file treatment


tOF : 12:08:29:417
wavfile=SR2_20160426_021711_513.wav
c:
g=10
sfte=192000
cF
cN
sD: 
dP
sP
end of file treatment


tOF : 12:08:29:599
wavfile=SR2_20160426_021725_779.wav
c:
g=10
sfte=192000
cF
cN
sD: 
dP
sP
end of file treatment


tOF : 12:08:29:817
wavfile=SR2_20160426_021803_223.wav
c:
g=10
sfte=192000
cF
cN
sD: 
dP
sP
end of file treatment


tOF : 12:08:30:020
wavfile=SR2_20160426_021832_573.wav
c:
g=10
sfte=192000
cF
cN
sD: 
dP
sP
end of file treatment


tOF : 12:08:30:222
wavfile=SR2_20160426_021857_432.wav
c:
g=10
sfte=192000
cF
cN
sD: 
dP
sP
end of file treatment


tOF : 12:08:30:458
wavfile=SR2_20160426_022059_876.wav
c:
g=10
sfte=192000
cF
cN
sD: 
dP
sP
end of file treatment


tOF : 12:08:30:601
wavfile=SR2_20160426_022120_375.wav
c:
g=10
sfte=192000
cF
cN
sD: 
dP
sP
end of file treatment


tOF : 12:08:30:732
wavfile=SR2_20160426_022132_781.wav
c:
g=10
sfte=192000
cF
cN
sD: 
dP
sP
end of file treatment


tOF : 12:08:30:823
wavfile=SR2_20160426_022154_875.wav
c:
g=10
sfte=192000
cF
cN
sD: 
dP
sP
end of file treatment


tOF : 12:08:30:995
wavfile=SR2_20160426_022439_965.wav
c:
g=10
sfte=192000
cF
cN
sD: 
dP
sP
end of file treatment


tOF : 12:08:31:171
wavfile=SR2_20160426_022554_345.wav
c:
g=10
sfte=192000
cF
cN
sD: 
dP
sP
end of file treatment


tOF : 12:08:31:264
wavfile=SR2_20160426_022626_756.wav
c:
g=10
sfte=192000
cF
cN
sD: 
dP
sP
end of file treatment


tOF : 12:08:31:384
wavfile=SR2_20160426_022637_139.wav
c:
g=10
sfte=192000
cF
cN
sD: 
dP
sP
end of file treatment


tOF : 12:08:31:582
wavfile=SR2_20160426_022758_825.wav
c:
g=10
sfte=192000
cF
cN
sD: 
dP
sP
end of file treatment


tOF : 12:08:31:740
wavfile=SR2_20160426_022806_896.wav
c:
g=10
sfte=192000
cF
cN
sD: 
dP
sP
end of file treatment


tOF : 12:08:32:175
wavfile=SR2_20160426_022834_791.wav
c:
g=10
sfte=192000
cF
cN
sD: 
dP
sP
end of file treatment


tOF : 12:08:32:411
wavfile=SR2_20160426_022850_821.wav
c:
g=10
sfte=192000
cF
cN
sD: 
dP
sP
end of file treatment


tOF : 12:08:32:550
wavfile=SR2_20160426_022940_340.wav
c:
g=10
sfte=192000
cF
cN
sD: 
dP
sP
end of file treatment


tOF : 12:08:32:660
wavfile=SR2_20160426_022956_845.wav
c:
g=10
sfte=192000
cF
cN
sD: 
dP
sP
end of file treatment


tOF : 12:08:32:732
wavfile=SR2_20160426_023027_851.wav
c:
g=10
sfte=192000
cF
cN
sD: 
dP
sP
end of file treatment


tOF : 12:08:33:018
wavfile=SR2_20160426_023039_831.wav
c:
g=10
sfte=192000
cF
cN
sD: 
dP
sP
end of file treatment


tOF : 12:08:33:200
wavfile=SR2_20160426_023051_669.wav
c:
g=10
sfte=192000
cF
cN
sD: 
dP
sP
end of file treatment


tOF : 12:08:33:471
wavfile=SR2_20160426_023109_361.wav
c:
g=10
sfte=192000
cF
cN
sD: 
dP
sP
end of file treatment


tOF : 12:08:33:600
wavfile=SR2_20160426_023125_387.wav
c:
g=10
sfte=192000
cF
cN
sD: 
dP
sP
end of file treatment


tOF : 12:08:33:778
wavfile=SR2_20160426_023143_056.wav
c:
g=10
sfte=192000
cF
cN
sD: 
dP
sP
end of file treatment


tOF : 12:08:34:034
wavfile=SR2_20160426_023206_963.wav
c:
g=10
sfte=192000
cF
cN
sD: 
dP
sP
end of file treatment


tOF : 12:08:34:282
wavfile=SR2_20160426_023233_320.wav
c:
g=10
sfte=192000
cF
cN
sD: 
dP
sP
end of file treatment


tOF : 12:08:34:485
wavfile=SR2_20160426_023251_459.wav
c:
g=10
sfte=192000
cF
cN
sD: 
dP
sP
end of file treatment


tOF : 12:08:34:644
wavfile=SR2_20160426_023307_276.wav
c:
g=10
sfte=192000
cF
cN
sD: 
dP
sP
end of file treatment


tOF : 12:08:35:032
wavfile=SR2_20160426_023318_704.wav
c:
g=10
sfte=192000
cF
cN
sD: 
dP
sP
end of file treatment


tOF : 12:08:35:300
wavfile=SR2_20160426_023339_127.wav
c:
g=10
sfte=192000
cF
cN
sD: 
dP
sP
end of file treatment


tOF : 12:08:35:537
wavfile=SR2_20160426_023355_213.wav
c:
g=10
sfte=192000
cF
cN
sD: 
dP
sP
end of file treatment


tOF : 12:08:35:828
wavfile=SR2_20160426_023417_264.wav
c:
g=10
sfte=192000
cF
cN
sD: 
dP
sP
end of file treatment


tOF : 12:08:36:345
wavfile=SR2_20160426_023434_499.wav
c:
g=10
sfte=192000
cF
cN
sD: 
dP
sP
end of file treatment


tOF : 12:08:36:538
wavfile=SR2_20160426_023454_027.wav
c:
g=10
sfte=192000
cF
cN
sD: 
dP
sP
end of file treatment


tOF : 12:08:36:731
wavfile=SR2_20160426_023504_983.wav
c:
g=10
sfte=192000
cF
cN
sD: 
dP
sP
end of file treatment


tOF : 12:08:36:941
wavfile=SR2_20160426_023552_232.wav
c:
g=10
sfte=192000
cF
cN
sD: 
dP
sP
end of file treatment


tOF : 12:08:37:094
wavfile=SR2_20160426_023923_795.wav
c:
g=10
sfte=192000
cF
cN
sD: 
dP
sP
end of file treatment


tOF : 12:08:37:237
wavfile=SR2_20160426_023959_807.wav
c:
g=10
sfte=192000
cF
cN
sD: 
dP
sP
end of file treatment


tOF : 12:08:37:341
wavfile=SR2_20160426_024041_377.wav
c:
g=10
sfte=192000
cF
cN
sD: 
dP
sP
end of file treatment


tOF : 12:08:37:457
wavfile=SR2_20160426_024104_544.wav
c:
g=10
sfte=192000
cF
cN
sD: 
dP
sP
end of file treatment


tOF : 12:08:37:575
wavfile=SR2_20160426_024128_288.wav
c:
g=10
sfte=192000
cF
cN
sD: 
dP
sP
end of file treatment


tOF : 12:08:37:905
wavfile=SR2_20160426_024156_440.wav
c:
g=10
sfte=192000
cF
cN
sD: 
dP
sP
end of file treatment


tOF : 12:08:37:989
wavfile=SR2_20160426_024219_169.wav
c:
g=10
sfte=192000
cF
cN
sD: 
dP
sP
end of file treatment


tOF : 12:08:38:297
wavfile=SR2_20160426_024231_543.wav
c:
g=10
sfte=192000
cF
cN
sD: 
dP
sP
end of file treatment


tOF : 12:08:38:555
wavfile=SR2_20160426_024252_124.wav
c:
g=10
sfte=192000
cF
cN
sD: 
dP
sP
end of file treatment


tOF : 12:08:38:770
wavfile=SR2_20160426_024344_085.wav
c:
g=10
sfte=192000
cF
cN
sD: 
dP
sP
end of file treatment


tOF : 12:08:39:130
wavfile=SR2_20160426_024431_001.wav
c:
g=10
sfte=192000
cF
cN
sD: 
dP
sP
end of file treatment


tOF : 12:08:39:275
wavfile=SR2_20160426_024441_395.wav
c:
g=10
sfte=192000
cF
cN
sD: 
dP
sP
end of file treatment


tOF : 12:08:39:502
wavfile=SR2_20160426_024455_947.wav
c:
g=10
sfte=192000
cF
cN
sD: 
dP
sP
end of file treatment


tOF : 12:08:39:719
wavfile=SR2_20160426_024517_503.wav
c:
g=10
sfte=192000
cF
cN
sD: 
dP
sP
end of file treatment


tOF : 12:08:39:865
wavfile=SR2_20160426_024540_907.wav
c:
g=10
sfte=192000
cF
cN
sD: 
dP
sP
end of file treatment


tOF : 12:08:40:000
wavfile=SR2_20160426_024734_624.wav
c:
g=10
sfte=192000
cF
cN
sD: 
dP
sP
end of file treatment


tOF : 12:08:40:250
wavfile=SR2_20160426_024812_007.wav
c:
g=10
sfte=192000
cF
cN
sD: 
dP
sP
end of file treatment


tOF : 12:08:40:459
wavfile=SR2_20160426_024906_417.wav
c:
g=10
sfte=192000
cF
cN
sD: 
dP
sP
end of file treatment


tOF : 12:08:40:552
wavfile=SR2_20160426_025121_413.wav
c:
g=10
sfte=192000
cF
cN
sD: 
dP
sP
end of file treatment


tOF : 12:08:40:695
wavfile=SR2_20160426_025221_897.wav
c:
g=10
sfte=192000
cF
cN
sD: 
dP
sP
end of file treatment


tOF : 12:08:40:774
wavfile=SR2_20160426_025235_516.wav
c:
g=10
sfte=192000
cF
cN
sD: 
dP
sP
end of file treatment


tOF : 12:08:40:903
wavfile=SR2_20160426_025501_360.wav
c:
g=10
sfte=192000
cF
cN
sD: 
dP
sP
end of file treatment


tOF : 12:08:40:991
wavfile=SR2_20160426_025546_956.wav
c:
g=10
sfte=192000
cF
cN
sD: 
dP
sP
end of file treatment


tOF : 12:08:41:244
wavfile=SR2_20160426_025638_065.wav
c:
g=10
sfte=192000
cF
cN
sD: 
dP
sP
end of file treatment


tOF : 12:08:41:349
wavfile=SR2_20160426_025700_567.wav
c:
g=10
sfte=192000
cF
cN
sD: 
dP
sP
end of file treatment


tOF : 12:08:41:550
wavfile=SR2_20160426_025717_459.wav
c:
g=10
sfte=192000
cF
cN
sD: 
dP
sP
end of file treatment


tOF : 12:08:41:759
wavfile=SR2_20160426_025729_449.wav
c:
g=10
sfte=192000
cF
cN
sD: 
dP
sP
end of file treatment


tOF : 12:08:41:915
wavfile=SR2_20160426_025810_975.wav
c:
g=10
sfte=192000
cF
cN
sD: 
dP
sP
end of file treatment


tOF : 12:08:42:026
wavfile=SR2_20160426_025854_592.wav
c:
g=10
sfte=192000
cF
cN
sD: 
dP
sP
end of file treatment


tOF : 12:08:42:136
wavfile=SR2_20160426_030017_808.wav
c:
g=10
sfte=192000
cF
cN
sD: 
dP
sP
end of file treatment


tOF : 12:08:42:290
wavfile=SR2_20160426_030041_041.wav
c:
g=10
sfte=192000
cF
cN
sD: 
dP
sP
end of file treatment


tOF : 12:08:42:438
wavfile=SR2_20160426_030051_876.wav
c:
g=10
sfte=192000
cF
cN
sD: 
dP
sP
end of file treatment


tOF : 12:08:42:589
wavfile=SR2_20160426_030147_593.wav
c:
g=10
sfte=192000
cF
cN
sD: 
dP
sP
end of file treatment


tOF : 12:08:42:756
wavfile=SR2_20160426_030209_443.wav
c:
g=10
sfte=192000
cF
cN
sD: 
dP
sP
end of file treatment


tOF : 12:08:42:927
wavfile=SR2_20160426_030226_901.wav
c:
g=10
sfte=192000
cF
cN
sD: 
dP
sP
end of file treatment


tOF : 12:08:43:550
wavfile=SR2_20160426_030359_841.wav
c:
g=10
sfte=192000
cF
cN
sD: 
dP
sP
end of file treatment


tOF : 12:08:43:751
wavfile=SR2_20160426_030409_889.wav
c:
g=10
sfte=192000
cF
cN
sD: 
dP
sP
end of file treatment


tOF : 12:08:43:900
wavfile=SR2_20160426_030422_759.wav
c:
g=10
sfte=192000
cF
cN
sD: 
dP
sP
end of file treatment


tOF : 12:08:44:095
wavfile=SR2_20160426_030440_160.wav
c:
g=10
sfte=192000
cF
cN
sD: 
dP
sP
end of file treatment


tOF : 12:08:44:230
wavfile=SR2_20160426_030511_037.wav
c:
g=10
sfte=192000
cF
cN
sD: 
dP
sP
end of file treatment


tOF : 12:08:44:435
wavfile=SR2_20160426_030530_873.wav
c:
g=10
sfte=192000
cF
cN
sD: 
dP
sP
end of file treatment


tOF : 12:08:44:715
wavfile=SR2_20160426_030641_652.wav
c:
g=10
sfte=192000
cF
cN
sD: 
dP
sP
end of file treatment


tOF : 12:08:44:841
wavfile=SR2_20160426_030712_829.wav
c:
g=10
sfte=192000
cF
cN
sD: 
dP
sP
end of file treatment


tOF : 12:08:44:952
wavfile=SR2_20160426_030723_452.wav
c:
g=10
sfte=192000
cF
cN
sD: 
dP
sP
end of file treatment


tOF : 12:08:45:043
wavfile=SR2_20160426_030805_815.wav
c:
g=10
sfte=192000
cF
cN
sD: 
dP
sP
end of file treatment


tOF : 12:08:45:129
wavfile=SR2_20160426_030815_513.wav
c:
g=10
sfte=192000
cF
cN
sD: 
dP
sP
end of file treatment


tOF : 12:08:45:288
wavfile=SR2_20160426_030846_724.wav
c:
g=10
sfte=192000
cF
cN
sD: 
dP
sP
end of file treatment


tOF : 12:08:45:367
wavfile=SR2_20160426_030913_533.wav
c:
g=10
sfte=192000
cF
cN
sD: 
dP
sP
end of file treatment


tOF : 12:08:45:502
wavfile=SR2_20160426_030933_360.wav
c:
g=10
sfte=192000
cF
cN
sD: 
dP
sP
end of file treatment


tOF : 12:08:45:656
wavfile=SR2_20160426_030956_319.wav
c:
g=10
sfte=192000
cF
cN
sD: 
dP
sP
end of file treatment


tOF : 12:08:45:755
wavfile=SR2_20160426_031019_347.wav
c:
g=10
sfte=192000
cF
cN
sD: 
dP
sP
end of file treatment


tOF : 12:08:45:898
wavfile=SR2_20160426_031113_832.wav
c:
g=10
sfte=192000
cF
cN
sD: 
dP
sP
end of file treatment


tOF : 12:08:45:973
wavfile=SR2_20160426_031127_495.wav
c:
g=10
sfte=192000
cF
cN
sD: 
dP
sP
end of file treatment


tOF : 12:08:46:084
wavfile=SR2_20160426_031140_469.wav
c:
g=10
sfte=192000
cF
cN
sD: 
dP
sP
end of file treatment


tOF : 12:08:46:264
wavfile=SR2_20160426_031149_927.wav
c:
g=10
sfte=192000
cF
cN
sD: 
dP
sP
end of file treatment


tOF : 12:08:46:512
wavfile=SR2_20160426_031211_669.wav
c:
g=10
sfte=192000
cF
cN
sD: 
dP
sP
end of file treatment


tOF : 12:08:46:616
wavfile=SR2_20160426_031235_649.wav
c:
g=10
sfte=192000
cF
cN
sD: 
dP
sP
end of file treatment


tOF : 12:08:46:818
wavfile=SR2_20160426_031311_015.wav
c:
g=10
sfte=192000
cF
cN
sD: 
dP
sP
end of file treatment


tOF : 12:08:47:086
wavfile=SR2_20160426_031333_676.wav
c:
g=10
sfte=192000
cF
cN
sD: 
dP
sP
end of file treatment


tOF : 12:08:47:216
wavfile=SR2_20160426_031359_632.wav
c:
g=10
sfte=192000
cF
cN
sD: 
dP
sP
end of file treatment


tOF : 12:08:47:368
wavfile=SR2_20160426_031443_157.wav
c:
g=10
sfte=192000
cF
cN
sD: 
dP
sP
end of file treatment


tOF : 12:08:47:494
wavfile=SR2_20160426_031550_420.wav
c:
g=10
sfte=192000
cF
cN
sD: 
dP
sP
end of file treatment


tOF : 12:08:47:623
wavfile=SR2_20160426_031627_291.wav
c:
g=10
sfte=192000
cF
cN
sD: 
dP
sP
end of file treatment


tOF : 12:08:47:722
wavfile=SR2_20160426_031758_069.wav
c:
g=10
sfte=192000
cF
cN
sD: 
dP
sP
end of file treatment


tOF : 12:08:47:834
wavfile=SR2_20160426_031857_459.wav
c:
g=10
sfte=192000
cF
cN
sD: 
dP
sP
end of file treatment


tOF : 12:08:47:932
wavfile=SR2_20160426_032009_835.wav
c:
g=10
sfte=192000
cF
cN
sD: 
dP
sP
end of file treatment


tOF : 12:08:48:028
wavfile=SR2_20160426_032242_705.wav
c:
g=10
sfte=192000
cF
cN
sD: 
dP
sP
end of file treatment


tOF : 12:08:48:270
wavfile=SR2_20160426_032336_608.wav
c:
g=10
sfte=192000
cF
cN
sD: 
dP
sP
end of file treatment


tOF : 12:08:48:479
wavfile=SR2_20160426_032359_985.wav
c:
g=10
sfte=192000
cF
cN
sD: 
dP
sP
end of file treatment


tOF : 12:08:48:599
wavfile=SR2_20160426_032419_775.wav
c:
g=10
sfte=192000
cF
cN
sD: 
dP
sP
end of file treatment


tOF : 12:08:48:695
wavfile=SR2_20160426_032459_941.wav
c:
g=10
sfte=192000
cF
cN
sD: 
dP
sP
end of file treatment


tOF : 12:08:49:098
wavfile=SR2_20160426_032653_411.wav
c:
g=10
sfte=192000
cF
cN
sD: 
dP
sP
end of file treatment


tOF : 12:08:49:269
wavfile=SR2_20160426_032737_092.wav
c:
g=10
sfte=192000
cF
cN
sD: 
dP
sP
end of file treatment


tOF : 12:08:49:338
wavfile=SR2_20160426_032848_881.wav
c:
g=10
sfte=192000
cF
cN
sD: 
dP
sP
end of file treatment


tOF : 12:08:49:480
wavfile=SR2_20160426_033100_815.wav
c:
g=10
sfte=192000
cF
cN
sD: 
dP
sP
end of file treatment


tOF : 12:08:49:698
wavfile=SR2_20160426_035056_481.wav
c:
g=10
sfte=192000
cF
cN
sD: 
dP
sP
end of file treatment


tOF : 12:08:49:795
wavfile=SR2_20160426_040334_513.wav
c:
g=10
sfte=192000
cF
cN
sD: 
dP
sP
end of file treatment


tOF : 12:08:49:971
wavfile=SR2_20160426_040803_564.wav
c:
g=10
sfte=192000
cF
cN
sD: 
dP
sP
end of file treatment


tOF : 12:08:50:047
wavfile=SR2_20160426_041144_484.wav
c:
g=10
sfte=192000
cF
cN
sD: 
dP
sP
end of file treatment


tOF : 12:08:50:202
wavfile=SR2_20160426_041258_991.wav
c:
g=10
sfte=192000
cF
cN
sD: 
dP
sP
end of file treatment


tOF : 12:08:50:352
wavfile=SR2_20160426_044648_597.wav
c:
g=10
sfte=192000
cF
cN
sD: 
dP
sP
end of file treatment


tOF : 12:08:50:486
wavfile=SR2_20160426_044841_893.wav
c:
g=10
sfte=192000
cF
cN
sD: 
dP
sP
end of file treatment


tOF : 12:08:50:609
wavfile=SR2_20160426_044903_280.wav
c:
g=10
sfte=192000
cF
cN
sD: 
dP
sP
end of file treatment


tOF : 12:08:50:782
wavfile=SR2_20160426_044934_245.wav
c:
g=10
sfte=192000
cF
cN
sD: 
dP
sP
end of file treatment


tOF : 12:08:50:912
wavfile=SR2_20160426_044947_275.wav
c:
g=10
sfte=192000
cF
cN
sD: 
dP
sP
end of file treatment


tOF : 12:08:51:080
wavfile=SR2_20160426_045006_420.wav
c:
g=10
sfte=192000
cF
cN
sD: 
dP
sP
end of file treatment


tOF : 12:08:51:248
wavfile=SR2_20160426_045028_300.wav
c:
g=10
sfte=192000
cF
cN
sD: 
dP
sP
end of file treatment


tOF : 12:08:51:331
wavfile=SR2_20160426_045047_047.wav
c:
g=10
sfte=192000
cF
cN
sD: 
dP
sP
end of file treatment


tOF : 12:08:51:428
wavfile=SR2_20160426_045104_155.wav
c:
g=10
sfte=192000
cF
cN
sD: 
dP
sP
end of file treatment


tOF : 12:08:51:956
wavfile=SR2_20160426_045118_620.wav
c:
g=10
sfte=192000
cF
cN
sD: 
dP
sP
end of file treatment


tOF : 12:08:52:115
wavfile=SR2_20160426_045127_603.wav
c:
g=10
sfte=192000
cF
cN
sD: 
dP
sP
end of file treatment


tOF : 12:08:52:685
wavfile=SR2_20160426_045139_309.wav
c:
g=10
sfte=192000
cF
cN
sD: 
dP
sP
end of file treatment


tOF : 12:08:52:853
wavfile=SR2_20160426_045209_991.wav
c:
g=10
sfte=192000
cF
cN
sD: 
dP
sP
end of file treatment


tOF : 12:08:53:047
wavfile=SR2_20160426_045224_668.wav
c:
g=10
sfte=192000
cF
cN
sD: 
dP
sP
end of file treatment


tOF : 12:08:53:213
wavfile=SR2_20160426_045248_845.wav
c:
g=10
sfte=192000
cF
cN
sD: 
dP
sP
end of file treatment


tOF : 12:08:53:371
wavfile=SR2_20160426_045348_708.wav
c:
g=10
sfte=192000
cF
cN
sD: 
dP
sP
end of file treatment


tOF : 12:08:53:543
wavfile=SR2_20160426_045356_537.wav
c:
g=10
sfte=192000
cF
cN
sD: 
dP
sP
end of file treatment


tOF : 12:08:53:707
wavfile=SR2_20160426_045404_827.wav
c:
g=10
sfte=192000
cF
cN
sD: 
dP
sP
end of file treatment


tOF : 12:08:53:848
wavfile=SR2_20160426_045421_088.wav
c:
g=10
sfte=192000
cF
cN
sD: 
dP
sP
end of file treatment


tOF : 12:08:53:971
wavfile=SR2_20160426_045430_981.wav
c:
g=10
sfte=192000
cF
cN
sD: 
dP
sP
end of file treatment


tOF : 12:08:54:059
wavfile=SR2_20160426_045441_484.wav
c:
g=10
sfte=192000
cF
cN
sD: 
dP
sP
end of file treatment


tOF : 12:08:54:206
wavfile=SR2_20160426_045450_784.wav
c:
g=10
sfte=192000
cF
cN
sD: 
dP
sP
end of file treatment


tOF : 12:08:54:342
wavfile=SR2_20160426_045523_205.wav
c:
g=10
sfte=192000
cF
cN
sD: 
dP
sP
end of file treatment


tOF : 12:08:54:584
wavfile=SR2_20160426_045548_137.wav
c:
g=10
sfte=192000
cF
cN
sD: 
dP
sP
end of file treatment


tOF : 12:08:54:800
wavfile=SR2_20160426_045556_600.wav
c:
g=10
sfte=192000
cF
cN
sD: 
dP
sP
end of file treatment


tOF : 12:08:54:929
wavfile=SR2_20160426_045627_380.wav
c:
g=10
sfte=192000
cF
cN
sD: 
dP
sP
end of file treatment


tOF : 12:08:55:107
wavfile=SR2_20160426_184400_000.wav
c:
g=10
sfte=192000
cF
cN
sD: 
dP
sP
end of file treatment


tOF : 12:08:55:244
wavfile=SR2_20160426_185344_719.wav
c:
g=10
sfte=192000
cF
cN
sD: 
dP
sP
end of file treatment


tOF : 12:08:55:425
wavfile=SR2_20160426_185615_288.wav
c:
g=10
sfte=192000
cF
cN
sD: 
dP
sP
end of file treatment


tOF : 12:08:55:585
wavfile=SR2_20160426_185722_533.wav
c:
g=10
sfte=192000
cF
cN
sD: 
dP
sP
end of file treatment


tOF : 12:08:55:698
wavfile=SR2_20160426_185745_936.wav
c:
g=10
sfte=192000
cF
cN
sD: 
dP
sP
end of file treatment


tOF : 12:08:55:792
wavfile=SR2_20160426_185817_459.wav
c:
g=10
sfte=192000
cF
cN
sD: 
dP
sP
end of file treatment


tOF : 12:08:56:189
wavfile=SR2_20160426_185904_972.wav
c:
g=10
sfte=192000
cF
cN
sD: 
dP
sP
end of file treatment


tOF : 12:08:56:292
wavfile=SR2_20160426_185927_688.wav
c:
g=10
sfte=192000
cF
cN
sD: 
dP
sP
end of file treatment


tOF : 12:08:56:513
wavfile=SR2_20160426_185937_311.wav
c:
g=10
sfte=192000
cF
cN
sD: 
dP
sP
end of file treatment


tOF : 12:08:56:696
wavfile=SR2_20160426_185950_473.wav
c:
g=10
sfte=192000
cF
cN
sD: 
dP
sP
end of file treatment


tOF : 12:08:56:872
wavfile=SR2_20160426_190023_043.wav
c:
g=10
sfte=192000
cF
cN
sD: 
dP
sP
end of file treatment


tOF : 12:08:57:003
wavfile=SR2_20160426_190035_247.wav
c:
g=10
sfte=192000
cF
cN
sD: 
dP
sP
end of file treatment


tOF : 12:08:57:213
wavfile=SR2_20160426_190105_824.wav
c:
g=10
sfte=192000
cF
cN
sD: 
dP
sP
end of file treatment


tOF : 12:08:57:350
wavfile=SR2_20160426_190131_487.wav
c:
g=10
sfte=192000
cF
cN
sD: 
dP
sP
end of file treatment


tOF : 12:08:57:559
wavfile=SR2_20160426_190228_501.wav
c:
g=10
sfte=192000
cF
cN
sD: 
dP
sP
end of file treatment


tOF : 12:08:57:701
wavfile=SR2_20160426_190236_537.wav
c:
g=10
sfte=192000
cF
cN
sD: 
dP
sP
end of file treatment


tOF : 12:08:57:831
wavfile=SR2_20160426_190301_399.wav
c:
g=10
sfte=192000
cF
cN
sD: 
dP
sP
end of file treatment


tOF : 12:08:57:960
wavfile=SR2_20160426_190315_912.wav
c:
g=10
sfte=192000
cF
cN
sD: 
dP
sP
end of file treatment


tOF : 12:08:58:318
wavfile=SR2_20160426_190341_404.wav
c:
g=10
sfte=192000
cF
cN
sD: 
dP
sP
end of file treatment


tOF : 12:08:58:477
wavfile=SR2_20160426_190405_107.wav
c:
g=10
sfte=192000
cF
cN
sD: 
dP
sP
end of file treatment


tOF : 12:08:58:601
wavfile=SR2_20160426_190424_667.wav
c:
g=10
sfte=192000
cF
cN
sD: 
dP
sP
end of file treatment


tOF : 12:08:58:689
wavfile=SR2_20160426_190447_151.wav
c:
g=10
sfte=192000
cF
cN
sD: 
dP
sP
end of file treatment


tOF : 12:08:58:844
wavfile=SR2_20160426_190524_204.wav
c:
g=10
sfte=192000
cF
cN
sD: 
dP
sP
end of file treatment


tOF : 12:08:59:059
wavfile=SR2_20160426_190540_172.wav
c:
g=10
sfte=192000
cF
cN
sD: 
dP
sP
end of file treatment


tOF : 12:08:59:263
wavfile=SR2_20160426_190607_457.wav
c:
g=10
sfte=192000
cF
cN
sD: 
dP
sP
end of file treatment


tOF : 12:08:59:484
wavfile=SR2_20160426_190652_528.wav
c:
g=10
sfte=192000
cF
cN
sD: 
dP
sP
end of file treatment


tOF : 12:08:59:702
wavfile=SR2_20160426_190752_935.wav
c:
g=10
sfte=192000
cF
cN
sD: 
dP
sP
end of file treatment


tOF : 12:08:59:839
wavfile=SR2_20160426_190812_817.wav
c:
g=10
sfte=192000
cF
cN
sD: 
dP
sP
end of file treatment


tOF : 12:09:00:313
wavfile=SR2_20160426_190910_393.wav
c:
g=10
sfte=192000
cF
cN
sD: 
dP
sP
end of file treatment


tOF : 12:09:00:382
wavfile=SR2_20160426_190946_956.wav
c:
g=10
sfte=192000
cF
cN
sD: 
dP
sP
end of file treatment


tOF : 12:09:00:493
wavfile=SR2_20160426_191126_323.wav
c:
g=10
sfte=192000
cF
cN
sD: 
dP
sP
end of file treatment


tOF : 12:09:00:587
wavfile=SR2_20160426_200452_116.wav
c:
g=10
sfte=192000
cF
cN
sD: 
dP
sP
end of file treatment


tOF : 12:09:00:719
wavfile=SR2_20160426_200541_811.wav
c:
g=10
sfte=192000
cF
cN
sD: 
dP
sP
end of file treatment


tOF : 12:09:00:931
wavfile=SR2_20160426_200603_564.wav
c:
g=10
sfte=192000
cF
cN
sD: 
dP
sP
end of file treatment


tOF : 12:09:01:139
wavfile=SR2_20160426_200630_795.wav
c:
g=10
sfte=192000
cF
cN
sD: 
dP
sP
end of file treatment


tOF : 12:09:01:342
wavfile=SR2_20160426_201406_000.wav
c:
g=10
sfte=192000
cF
cN
sD: 
dP
sP
end of file treatment


tOF : 12:09:01:474
wavfile=SR2_20160426_202541_725.wav
c:
g=10
sfte=192000
cF
cN
sD: 
dP
sP
end of file treatment


tOF : 12:09:01:587
wavfile=SR2_20160426_202547_040.wav
c:
g=10
sfte=192000
cF
cN
sD: 
dP
sP
end of file treatment


tOF : 12:09:01:731
wavfile=SR2_20160426_202558_911.wav
c:
g=10
sfte=192000
cF
cN
sD: 
dP
sP
end of file treatment


tOF : 12:09:01:896
wavfile=SR2_20160426_202606_151.wav
c:
g=10
sfte=192000
cF
cN
sD: 
dP
sP
end of file treatment


tOF : 12:09:01:997
wavfile=SR2_20160426_202618_144.wav
c:
g=10
sfte=192000
cF
cN
sD: 
dP
sP
end of file treatment


tOF : 12:09:02:175
wavfile=SR2_20160426_202638_988.wav
c:
g=10
sfte=192000
cF
cN
sD: 
dP
sP
end of file treatment


tOF : 12:09:02:270
wavfile=SR2_20160426_202716_423.wav
c:
g=10
sfte=192000
cF
cN
sD: 
dP
sP
end of file treatment


tOF : 12:09:02:545
wavfile=SR2_20160426_202805_929.wav
c:
g=10
sfte=192000
cF
cN
sD: 
dP
sP
end of file treatment


tOF : 12:09:02:681
wavfile=SR2_20160426_202912_135.wav
c:
g=10
sfte=192000
cF
cN
sD: 
dP
sP
end of file treatment


tOF : 12:09:02:816
wavfile=SR2_20160426_202921_471.wav
c:
g=10
sfte=192000
cF
cN
sD: 
dP
sP
end of file treatment


tOF : 12:09:02:974
wavfile=SR2_20160426_202938_552.wav
c:
g=10
sfte=192000
cF
cN
sD: 
dP
sP
end of file treatment


tOF : 12:09:03:348
wavfile=SR2_20160426_202947_077.wav
c:
g=10
sfte=192000
cF
cN
sD: 
dP
sP
end of file treatment


tOF : 12:09:03:491
wavfile=SR2_20160426_203001_803.wav
c:
g=10
sfte=192000
cF
cN
sD: 
dP
sP
end of file treatment


tOF : 12:09:03:743
wavfile=SR2_20160426_203016_201.wav
c:
g=10
sfte=192000
cF
cN
sD: 
dP
sP
end of file treatment


tOF : 12:09:03:847
wavfile=SR2_20160426_203049_199.wav
c:
g=10
sfte=192000
cF
cN
sD: 
dP
sP
end of file treatment


tOF : 12:09:03:928
wavfile=SR2_20160426_203119_087.wav
c:
g=10
sfte=192000
cF
cN
sD: 
dP
sP
end of file treatment


tOF : 12:09:04:043
wavfile=SR2_20160426_203150_197.wav
c:
g=10
sfte=192000
cF
cN
sD: 
dP
sP
end of file treatment


tOF : 12:09:04:298
wavfile=SR2_20160426_203210_143.wav
c:
g=10
sfte=192000
cF
cN
sD: 
dP
sP
end of file treatment


tOF : 12:09:04:413
wavfile=SR2_20160426_203226_229.wav
c:
g=10
sfte=192000
cF
cN
sD: 
dP
sP
end of file treatment


tOF : 12:09:04:526
wavfile=SR2_20160426_203249_085.wav
c:
g=10
sfte=192000
cF
cN
sD: 
dP
sP
end of file treatment


tOF : 12:09:04:693
wavfile=SR2_20160426_203303_704.wav
c:
g=10
sfte=192000
cF
cN
sD: 
dP
sP
end of file treatment


tOF : 12:09:04:856
wavfile=SR2_20160426_203358_084.wav
c:
g=10
sfte=192000
cF
cN
sD: 
dP
sP
end of file treatment


tOF : 12:09:04:914
wavfile=SR2_20160426_203420_823.wav
c:
g=10
sfte=192000
cF
cN
sD: 
dP
sP
end of file treatment


tOF : 12:09:05:059
wavfile=SR2_20160426_203447_427.wav
c:
g=10
sfte=192000
cF
cN
sD: 
dP
sP
end of file treatment


tOF : 12:09:05:196
wavfile=SR2_20160426_203932_985.wav
c:
g=10
sfte=192000
cF
cN
sD: 
dP
sP
end of file treatment


tOF : 12:09:05:305
wavfile=SR2_20160426_204314_979.wav
c:
g=10
sfte=192000
cF
cN
sD: 
dP
sP
end of file treatment


tOF : 12:09:05:376
wavfile=SR2_20160426_204349_653.wav
c:
g=10
sfte=192000
cF
cN
sD: 
dP
sP
end of file treatment


tOF : 12:09:05:616
wavfile=SR2_20160426_204522_741.wav
c:
g=10
sfte=192000
cF
cN
sD: 
dP
sP
end of file treatment


tOF : 12:09:05:758
wavfile=SR2_20160426_204600_048.wav
c:
g=10
sfte=192000
cF
cN
sD: 
dP
sP
end of file treatment


tOF : 12:09:05:986
wavfile=SR2_20160426_204624_673.wav
c:
g=10
sfte=192000
cF
cN
sD: 
dP
sP
end of file treatment


tOF : 12:09:06:231
wavfile=SR2_20160426_204659_077.wav
c:
g=10
sfte=192000
cF
cN
sD: 
dP
sP
end of file treatment


tOF : 12:09:06:308
wavfile=SR2_20160426_204721_089.wav
c:
g=10
sfte=192000
cF
cN
sD: 
dP
sP
end of file treatment


tOF : 12:09:06:481
wavfile=SR2_20160426_204805_024.wav
c:
g=10
sfte=192000
cF
cN
sD: 
dP
sP
end of file treatment


tOF : 12:09:06:660
wavfile=SR2_20160426_204830_737.wav
c:
g=10
sfte=192000
cF
cN
sD: 
dP
sP
end of file treatment


tOF : 12:09:06:814
wavfile=SR2_20160426_204845_345.wav
c:
g=10
sfte=192000
cF
cN
sD: 
dP
sP
end of file treatment


tOF : 12:09:07:075
wavfile=SR2_20160426_204906_693.wav
c:
g=10
sfte=192000
cF
cN
sD: 
dP
sP
end of file treatment


tOF : 12:09:07:275
wavfile=SR2_20160426_204919_644.wav
c:
g=10
sfte=192000
cF
cN
sD: 
dP
sP
end of file treatment


tOF : 12:09:07:374
wavfile=SR2_20160426_204945_253.wav
c:
g=10
sfte=192000
cF
cN
sD: 
dP
sP
end of file treatment


tOF : 12:09:07:478
wavfile=SR2_20160426_205008_471.wav
c:
g=10
sfte=192000
cF
cN
sD: 
dP
sP
end of file treatment


tOF : 12:09:07:550
wavfile=SR2_20160426_205044_539.wav
c:
g=10
sfte=192000
cF
cN
sD: 
dP
sP
end of file treatment


tOF : 12:09:07:659
wavfile=SR2_20160426_205328_905.wav
c:
g=10
sfte=192000
cF
cN
sD: 
dP
sP
end of file treatment


tOF : 12:09:07:739
wavfile=SR2_20160426_210849_119.wav
c:
g=10
sfte=192000
cF
cN
sD: 
dP
sP
end of file treatment


tOF : 12:09:07:839
wavfile=SR2_20160426_210917_564.wav
c:
g=10
sfte=192000
cF
cN
sD: 
dP
sP
end of file treatment


tOF : 12:09:07:993
wavfile=SR2_20160426_210927_965.wav
c:
g=10
sfte=192000
cF
cN
sD: 
dP
sP
end of file treatment


tOF : 12:09:08:201
wavfile=SR2_20160426_210940_947.wav
c:
g=10
sfte=192000
cF
cN
sD: 
dP
sP
end of file treatment


tOF : 12:09:08:787
wavfile=SR2_20160426_210953_731.wav
c:
g=10
sfte=192000
cF
cN
sD: 
dP
sP
end of file treatment


tOF : 12:09:09:290
wavfile=SR2_20160426_211011_980.wav
c:
g=10
sfte=192000
cF
cN
sD: 
dP
sP
end of file treatment


tOF : 12:09:09:417
wavfile=SR2_20160426_211024_223.wav
c:
g=10
sfte=192000
cF
cN
sD: 
dP
sP
end of file treatment


tOF : 12:09:09:816
wavfile=SR2_20160426_211105_876.wav
c:
g=10
sfte=192000
cF
cN
sD: 
dP
sP
end of file treatment


tOF : 12:09:10:015
wavfile=SR2_20160426_211120_901.wav
c:
g=10
sfte=192000
cF
cN
sD: 
dP
sP
end of file treatment


tOF : 12:09:10:180
wavfile=SR2_20160426_211203_035.wav
c:
g=10
sfte=192000
cF
cN
sD: 
dP
sP
end of file treatment


tOF : 12:09:10:360
wavfile=SR2_20160426_211209_175.wav
c:
g=10
sfte=192000
cF
cN
sD: 
dP
sP
end of file treatment


tOF : 12:09:10:486
wavfile=SR2_20160426_211224_713.wav
c:
g=10
sfte=192000
cF
cN
sD: 
dP
sP
end of file treatment


tOF : 12:09:10:681
wavfile=SR2_20160426_211257_079.wav
c:
g=10
sfte=192000
cF
cN
sD: 
dP
sP
end of file treatment


tOF : 12:09:10:751
wavfile=SR2_20160426_211316_760.wav
c:
g=10
sfte=192000
cF
cN
sD: 
dP
sP
end of file treatment


tOF : 12:09:10:824
wavfile=SR2_20160426_211348_957.wav
c:
g=10
sfte=192000
cF
cN
sD: 
dP
sP
end of file treatment


tOF : 12:09:11:052
wavfile=SR2_20160426_211401_445.wav
c:
g=10
sfte=192000
cF
cN
sD: 
dP
sP
end of file treatment


tOF : 12:09:11:277
wavfile=SR2_20160426_211424_195.wav
c:
g=10
sfte=192000
cF
cN
sD: 
dP
sP
end of file treatment


tOF : 12:09:11:356
wavfile=SR2_20160426_211438_813.wav
c:
g=10
sfte=192000
cF
cN
sD: 
dP
sP
end of file treatment


tOF : 12:09:11:462
wavfile=SR2_20160426_211509_227.wav
c:
g=10
sfte=192000
cF
cN
sD: 
dP
sP
end of file treatment


tOF : 12:09:11:559
wavfile=SR2_20160426_211521_836.wav
c:
g=10
sfte=192000
cF
cN
sD: 
dP
sP
end of file treatment


tOF : 12:09:11:766
wavfile=SR2_20160426_211554_079.wav
c:
g=10
sfte=192000
cF
cN
sD: 
dP
sP
end of file treatment


tOF : 12:09:11:956
wavfile=SR2_20160426_211612_603.wav
c:
g=10
sfte=192000
cF
cN
sD: 
dP
sP
end of file treatment


tOF : 12:09:12:134
wavfile=SR2_20160426_211631_419.wav
c:
g=10
sfte=192000
cF
cN
sD: 
dP
sP
end of file treatment


tOF : 12:09:12:299
wavfile=SR2_20160426_211755_311.wav
c:
g=10
sfte=192000
cF
cN
sD: 
dP
sP
end of file treatment


tOF : 12:09:12:523
wavfile=SR2_20160426_212156_912.wav
c:
g=10
sfte=192000
cF
cN
sD: 
dP
sP
end of file treatment


tOF : 12:09:12:610
wavfile=SR2_20160426_215054_136.wav
c:
g=10
sfte=192000
cF
cN
sD: 
dP
sP
end of file treatment


tOF : 12:09:12:777
wavfile=SR2_20160426_215250_581.wav
c:
g=10
sfte=192000
cF
cN
sD: 
dP
sP
end of file treatment


tOF : 12:09:12:945
wavfile=SR2_20160426_215342_353.wav
c:
g=10
sfte=192000
cF
cN
sD: 
dP
sP
end of file treatment


tOF : 12:09:13:042
wavfile=SR2_20160426_215421_957.wav
c:
g=10
sfte=192000
cF
cN
sD: 
dP
sP
end of file treatment


tOF : 12:09:13:263
wavfile=SR2_20160426_215444_201.wav
c:
g=10
sfte=192000
cF
cN
sD: 
dP
sP
end of file treatment


tOF : 12:09:13:494
wavfile=SR2_20160426_215456_863.wav
c:
g=10
sfte=192000
cF
cN
sD: 
dP
sP
end of file treatment


tOF : 12:09:13:650
wavfile=SR2_20160426_215507_692.wav
c:
g=10
sfte=192000
cF
cN
sD: 
dP
sP
end of file treatment


tOF : 12:09:13:797
wavfile=SR2_20160426_215528_677.wav
c:
g=10
sfte=192000
cF
cN
sD: 
dP
sP
end of file treatment


tOF : 12:09:13:895
wavfile=SR2_20160426_215548_243.wav
c:
g=10
sfte=192000
cF
cN
sD: 
dP
sP
end of file treatment


tOF : 12:09:14:022
wavfile=SR2_20160426_215604_941.wav
c:
g=10
sfte=192000
cF
cN
sD: 
dP
sP
end of file treatment


tOF : 12:09:14:107
wavfile=SR2_20160426_215613_197.wav
c:
g=10
sfte=192000
cF
cN
sD: 
dP
sP
end of file treatment


tOF : 12:09:14:255
wavfile=SR2_20160426_215654_625.wav
c:
g=10
sfte=192000
cF
cN
sD: 
dP
sP
end of file treatment


tOF : 12:09:14:684
wavfile=SR2_20160426_215716_791.wav
c:
g=10
sfte=192000
cF
cN
sD: 
dP
sP
end of file treatment


tOF : 12:09:14:800
wavfile=SR2_20160426_215736_885.wav
c:
g=10
sfte=192000
cF
cN
sD: 
dP
sP
end of file treatment


tOF : 12:09:14:872
wavfile=SR2_20160426_215802_333.wav
c:
g=10
sfte=192000
cF
cN
sD: 
dP
sP
end of file treatment


tOF : 12:09:15:099
wavfile=SR2_20160426_215824_447.wav
c:
g=10
sfte=192000
cF
cN
sD: 
dP
sP
end of file treatment


tOF : 12:09:15:243
wavfile=SR2_20160426_215841_828.wav
c:
g=10
sfte=192000
cF
cN
sD: 
dP
sP
end of file treatment


tOF : 12:09:15:455
wavfile=SR2_20160426_221148_527.wav
c:
g=10
sfte=192000
cF
cN
sD: 
dP
sP
end of file treatment


tOF : 12:09:15:543
wavfile=SR2_20160426_224644_359.wav
c:
g=10
sfte=192000
cF
cN
sD: 
dP
sP
end of file treatment


tOF : 12:09:15:745
wavfile=SR2_20160426_231037_100.wav
c:
g=10
sfte=192000
cF
cN
sD: 
dP
sP
end of file treatment


tOF : 12:09:15:978
wavfile=SR2_20160426_231534_336.wav
c:
g=10
sfte=192000
cF
cN
sD: 
dP
sP
end of file treatment


tOF : 12:09:16:162
wavfile=SR2_20160426_231547_004.wav
c:
g=10
sfte=192000
cF
cN
sD: 
dP
sP
end of file treatment


tOF : 12:09:16:252
wavfile=SR2_20160426_231556_611.wav
c:
g=10
sfte=192000
cF
cN
sD: 
dP
sP
end of file treatment


tOF : 12:09:16:803
wavfile=SR2_20160426_231612_632.wav
c:
g=10
sfte=192000
cF
cN
sD: 
dP
sP
end of file treatment


tOF : 12:09:16:903
wavfile=SR2_20160426_231627_949.wav
c:
g=10
sfte=192000
cF
cN
sD: 
dP
sP
end of file treatment


tOF : 12:09:17:062
wavfile=SR2_20160426_231659_528.wav
c:
g=10
sfte=192000
cF
cN
sD: 
dP
sP
end of file treatment


tOF : 12:09:17:179
wavfile=SR2_20160426_231713_708.wav
c:
g=10
sfte=192000
cF
cN
sD: 
dP
sP
end of file treatment


tOF : 12:09:17:261
wavfile=SR2_20160426_231739_648.wav
c:
g=10
sfte=192000
cF
cN
sD: 
dP
sP
end of file treatment


tOF : 12:09:17:379
wavfile=SR2_20160426_233055_937.wav
c:
g=10
sfte=192000
cF
cN
sD: 
dP
sP
end of file treatment


tOF : 12:09:17:606
wavfile=SR2_20160426_233312_499.wav
c:
g=10
sfte=192000
cF
cN
sD: 
dP
sP
end of file treatment


tOF : 12:09:17:669
wavfile=SR2_20160426_233628_800.wav
c:
g=10
sfte=192000
cF
cN
sD: 
dP
sP
end of file treatment


tOF : 12:09:17:814
wavfile=SR2_20160426_233753_120.wav
c:
g=10
sfte=192000
cF
cN
sD: 
dP
sP
end of file treatment


tOF : 12:09:18:037
wavfile=SR2_20160426_233821_435.wav
c:
g=10
sfte=192000
cF
cN
sD: 
dP
sP
end of file treatment


tOF : 12:09:18:365
wavfile=SR2_20160426_233837_019.wav
c:
g=10
sfte=192000
cF
cN
sD: 
dP
sP
end of file treatment


tOF : 12:09:18:804
wavfile=SR2_20160426_233851_547.wav
c:
g=10
sfte=192000
cF
cN
sD: 
dP
sP
end of file treatment


tOF : 12:09:19:249
wavfile=SR2_20160426_233911_276.wav
c:
g=10
sfte=192000
cF
cN
sD: 
dP
sP
end of file treatment


tOF : 12:09:19:400
wavfile=SR2_20160426_233926_701.wav
c:
g=10
sfte=192000
cF
cN
sD: 
dP
sP
end of file treatment


tOF : 12:09:19:569
wavfile=SR2_20160426_233952_491.wav
c:
g=10
sfte=192000
cF
cN
sD: 
dP
sP
end of file treatment


tOF : 12:09:19:713
wavfile=SR2_20160426_234012_641.wav
c:
g=10
sfte=192000
cF
cN
sD: 
dP
sP
end of file treatment


tOF : 12:09:19:870
wavfile=SR2_20160426_234406_000.wav
c:
g=10
sfte=192000
cF
cN
sD: 
dP
sP
end of file treatment


tOF : 12:09:20:003
wavfile=SR2_20160426_234735_377.wav
c:
g=10
sfte=192000
cF
cN
sD: 
dP
sP
end of file treatment


tOF : 12:09:20:179
wavfile=SR2_20160426_234953_185.wav
c:
g=10
sfte=192000
cF
cN
sD: 
dP
sP
end of file treatment


tOF : 12:09:20:279
wavfile=SR2_20160427_001404_000.wav
c:
g=10
sfte=192000
cF
cN
sD: 
dP
sP
end of file treatment


tOF : 12:09:20:406
wavfile=SR2_20160427_004404_000.wav
c:
g=10
sfte=192000
cF
cN
sD: 
dP
sP
end of file treatment


tOF : 12:09:20:534
wavfile=SR2_20160427_011404_000.wav
c:
g=10
sfte=192000
cF
cN
sD: 
dP
sP
end of file treatment


tOF : 12:09:20:666
wavfile=SR2_20160427_020705_443.wav
c:
g=10
sfte=192000
cF
cN
sD: 
dP
sP
end of file treatment


tOF : 12:09:20:756
wavfile=SR2_20160427_022539_819.wav
c:
g=10
sfte=192000
cF
cN
sD: 
dP
sP
end of file treatment


tOF : 12:09:20:841
wavfile=SR2_20160427_024106_769.wav
c:
g=10
sfte=192000
cF
cN
sD: 
dP
sP
end of file treatment


tOF : 12:09:20:914
wavfile=SR2_20160427_030515_551.wav
c:
g=10
sfte=192000
cF
cN
sD: 
dP
sP
end of file treatment


tOF : 12:09:20:984
wavfile=SR2_20160427_031540_937.wav
c:
g=10
sfte=192000
cF
cN
sD: 
dP
sP
end of file treatment


tOF : 12:09:21:093
wavfile=SR2_20160427_033600_272.wav
c:
g=10
sfte=192000
cF
cN
sD: 
dP
sP
end of file treatment


tOF : 12:09:21:235
wavfile=SR2_20160427_034706_219.wav
c:
g=10
sfte=192000
cF
cN
sD: 
dP
sP
end of file treatment


tOF : 12:09:21:384
wavfile=SR2_20160427_041207_985.wav
c:
g=10
sfte=192000
cF
cN
sD: 
dP
sP
end of file treatment


tOF : 12:09:21:503
wavfile=SR2_20160427_044404_000.wav
c:
g=10
sfte=192000
cF
cN
sD: 
dP
sP
end of file treatment


tOF : 12:09:21:602
wavfile=SR2_20160427_194504_000.wav
c:
g=10
sfte=192000
cF
cN
sD: 
dP
sP
end of file treatment


tOF : 12:09:21:662
wavfile=SR2_20160427_201504_000.wav
c:
g=10
sfte=192000
cF
cN
sD: 
dP
sP
end of file treatment


tOF : 12:09:21:736
wavfile=SR2_20160427_221504_000.wav
c:
g=10
sfte=192000
cF
cN
sD: 
dP
sP
end of file treatment


tOF : 12:09:21:955
wavfile=SR2_20160428_001504_000.wav
c:
g=10
sfte=192000
cF
cN
sD: 
dP
sP
end of file treatment


tOF : 12:09:22:171
wavfile=SR2_20160428_021504_000.wav
c:
g=10
sfte=192000
cF
cN
sD: 
dP
sP
end of file treatment


tOF : 12:09:22:308
wavfile=SR2_20160428_041504_000.wav
c:
g=10
sfte=192000
cF
cN
sD: 
dP
sP
end of file treatment


tOF : 12:09:22:442
wavfile=SR2_20160428_191702_000.wav
c:
g=10
sfte=192000
cF
cN
sD: 
dP
sP
end of file treatment


tOF : 12:09:22:549
wavfile=SR2_20160428_200141_740.wav
c:
g=10
sfte=192000
cF
cN
sD: 
dP
sP
end of file treatment


tOF : 12:09:22:681
wavfile=SR2_20160428_210346_431.wav
c:
g=10
sfte=192000
cF
cN
sD: 
dP
sP
end of file treatment


tOF : 12:09:22:812
wavfile=SR2_20160428_215825_989.wav
c:
g=10
sfte=192000
cF
cN
sD: 
dP
sP
end of file treatment


tOF : 12:09:22:991
wavfile=SR2_20160428_220002_240.wav
c:
g=10
sfte=192000
cF
cN
sD: 
dP
sP
end of file treatment


tOF : 12:09:23:251
wavfile=SR2_20160428_220104_452.wav
c:
g=10
sfte=192000
cF
cN
sD: 
dP
sP
end of file treatment


tOF : 12:09:23:399
wavfile=SR2_20160428_220310_624.wav
c:
g=10
sfte=192000
cF
cN
sD: 
dP
sP
end of file treatment


tOF : 12:09:23:665
wavfile=SR2_20160428_220428_985.wav
c:
g=10
sfte=192000
cF
cN
sD: 
dP
sP
end of file treatment


tOF : 12:09:23:867
wavfile=SR2_20160428_220537_372.wav
c:
g=10
sfte=192000
cF
cN
sD: 
dP
sP
end of file treatment


tOF : 12:09:24:023
wavfile=SR2_20160428_220552_949.wav
c:
g=10
sfte=192000
cF
cN
sD: 
dP
sP
end of file treatment


tOF : 12:09:24:224
wavfile=SR2_20160428_220625_273.wav
c:
g=10
sfte=192000
cF
cN
sD: 
dP
sP
end of file treatment


tOF : 12:09:24:509
wavfile=SR2_20160428_220701_427.wav
c:
g=10
sfte=192000
cF
cN
sD: 
dP
sP
end of file treatment


tOF : 12:09:24:609
wavfile=SR2_20160428_220748_480.wav
c:
g=10
sfte=192000
cF
cN
sD: 
dP
sP
end of file treatment


tOF : 12:09:24:790
wavfile=SR2_20160428_220827_941.wav
c:
g=10
sfte=192000
cF
cN
sD: 
dP
sP
end of file treatment


tOF : 12:09:24:954
wavfile=SR2_20160428_220932_261.wav
c:
g=10
sfte=192000
cF
cN
sD: 
dP
sP
end of file treatment


tOF : 12:09:25:139
wavfile=SR2_20160428_220957_423.wav
c:
g=10
sfte=192000
cF
cN
sD: 
dP
sP
end of file treatment


tOF : 12:09:25:349
wavfile=SR2_20160428_221028_061.wav
c:
g=10
sfte=192000
cF
cN
sD: 
dP
sP
end of file treatment


tOF : 12:09:25:502
wavfile=SR2_20160428_221200_544.wav
c:
g=10
sfte=192000
cF
cN
sD: 
dP
sP
end of file treatment


tOF : 12:09:25:656
wavfile=SR2_20160428_221336_999.wav
c:
g=10
sfte=192000
cF
cN
sD: 
dP
sP
end of file treatment


tOF : 12:09:25:876
wavfile=SR2_20160428_221414_233.wav
c:
g=10
sfte=192000
cF
cN
sD: 
dP
sP
end of file treatment


tOF : 12:09:26:114
wavfile=SR2_20160428_221551_743.wav
c:
g=10
sfte=192000
cF
cN
sD: 
dP
sP
end of file treatment


tOF : 12:09:26:302
wavfile=SR2_20160428_221733_200.wav
c:
g=10
sfte=192000
cF
cN
sD: 
dP
sP
end of file treatment


tOF : 12:09:26:472
wavfile=SR2_20160428_221806_524.wav
c:
g=10
sfte=192000
cF
cN
sD: 
dP
sP
end of file treatment


tOF : 12:09:26:562
wavfile=SR2_20160428_221909_077.wav
c:
g=10
sfte=192000
cF
cN
sD: 
dP
sP
end of file treatment


tOF : 12:09:26:897
wavfile=SR2_20160428_221948_709.wav
c:
g=10
sfte=192000
cF
cN
sD: 
dP
sP
end of file treatment


tOF : 12:09:27:326
wavfile=SR2_20160428_222129_989.wav
c:
g=10
sfte=192000
cF
cN
sD: 
dP
sP
end of file treatment


tOF : 12:09:27:524
wavfile=SR2_20160428_222230_749.wav
c:
g=10
sfte=192000
cF
cN
sD: 
dP
sP
end of file treatment


tOF : 12:09:27:701
wavfile=SR2_20160428_222332_397.wav
c:
g=10
sfte=192000
cF
cN
sD: 
dP
sP
end of file treatment


tOF : 12:09:27:919
wavfile=SR2_20160428_222440_516.wav
c:
g=10
sfte=192000
cF
cN
sD: 
dP
sP
end of file treatment


tOF : 12:09:28:127
wavfile=SR2_20160428_222703_008.wav
c:
g=10
sfte=192000
cF
cN
sD: 
dP
sP
end of file treatment


tOF : 12:09:28:301
wavfile=SR2_20160428_222836_323.wav
c:
g=10
sfte=192000
cF
cN
sD: 
dP
sP
end of file treatment


tOF : 12:09:28:542
wavfile=SR2_20160428_223028_829.wav
c:
g=10
sfte=192000
cF
cN
sD: 
dP
sP
end of file treatment


tOF : 12:09:28:719
wavfile=SR2_20160428_223057_659.wav
c:
g=10
sfte=192000
cF
cN
sD: 
dP
sP
end of file treatment


tOF : 12:09:28:815
wavfile=SR2_20160428_223136_748.wav
c:
g=10
sfte=192000
cF
cN
sD: 
dP
sP
end of file treatment


tOF : 12:09:29:014
wavfile=SR2_20160428_223459_255.wav
c:
g=10
sfte=192000
cF
cN
sD: 
dP
sP
end of file treatment


tOF : 12:09:29:168
wavfile=SR2_20160428_223629_759.wav
c:
g=10
sfte=192000
cF
cN
sD: 
dP
sP
end of file treatment


tOF : 12:09:29:314
wavfile=SR2_20160428_224222_424.wav
c:
g=10
sfte=192000
cF
cN
sD: 
dP
sP
end of file treatment


tOF : 12:09:29:509
wavfile=SR2_20160428_224418_612.wav
c:
g=10
sfte=192000
cF
cN
sD: 
dP
sP
end of file treatment


tOF : 12:09:29:758
wavfile=SR2_20160428_224553_417.wav
c:
g=10
sfte=192000
cF
cN
sD: 
dP
sP
end of file treatment


tOF : 12:09:29:992
wavfile=SR2_20160428_224752_157.wav
c:
g=10
sfte=192000
cF
cN
sD: 
dP
sP
end of file treatment


tOF : 12:09:30:175
wavfile=SR2_20160428_224933_500.wav
c:
g=10
sfte=192000
cF
cN
sD: 
dP
sP
end of file treatment


tOF : 12:09:30:331
wavfile=SR2_20160428_225059_176.wav
c:
g=10
sfte=192000
cF
cN
sD: 
dP
sP
end of file treatment


tOF : 12:09:30:512
wavfile=SR2_20160428_225227_803.wav
c:
g=10
sfte=192000
cF
cN
sD: 
dP
sP
end of file treatment


tOF : 12:09:30:726
wavfile=SR2_20160428_225329_349.wav
c:
g=10
sfte=192000
cF
cN
sD: 
dP
sP
end of file treatment


tOF : 12:09:30:892
wavfile=SR2_20160428_225503_767.wav
c:
g=10
sfte=192000
cF
cN
sD: 
dP
sP
end of file treatment


tOF : 12:09:31:050
wavfile=SR2_20160428_225742_063.wav
c:
g=10
sfte=192000
cF
cN
sD: 
dP
sP
end of file treatment


tOF : 12:09:31:292
wavfile=SR2_20160428_225858_140.wav
c:
g=10
sfte=192000
cF
cN
sD: 
dP
sP
end of file treatment


tOF : 12:09:31:465
wavfile=SR2_20160428_230055_260.wav
c:
g=10
sfte=192000
cF
cN
sD: 
dP
sP
end of file treatment


tOF : 12:09:31:687
wavfile=SR2_20160428_230249_551.wav
c:
g=10
sfte=192000
cF
cN
sD: 
dP
sP
end of file treatment


tOF : 12:09:31:836
wavfile=SR2_20160428_230504_604.wav
c:
g=10
sfte=192000
cF
cN
sD: 
dP
sP
end of file treatment


tOF : 12:09:32:059
wavfile=SR2_20160428_230626_320.wav
c:
g=10
sfte=192000
cF
cN
sD: 
dP
sP
end of file treatment


tOF : 12:09:32:235
wavfile=SR2_20160428_230743_421.wav
c:
g=10
sfte=192000
cF
cN
sD: 
dP
sP
end of file treatment


tOF : 12:09:32:442
wavfile=SR2_20160428_230821_125.wav
c:
g=10
sfte=192000
cF
cN
sD: 
dP
sP
end of file treatment


tOF : 12:09:32:640
wavfile=SR2_20160428_230910_404.wav
c:
g=10
sfte=192000
cF
cN
sD: 
dP
sP
end of file treatment


tOF : 12:09:33:148
wavfile=SR2_20160428_231004_333.wav
c:
g=10
sfte=192000
cF
cN
sD: 
dP
sP
end of file treatment


tOF : 12:09:33:500
wavfile=SR2_20160428_231030_193.wav
c:
g=10
sfte=192000
cF
cN
sD: 
dP
sP
end of file treatment


tOF : 12:09:33:584
wavfile=SR2_20160428_231200_413.wav
c:
g=10
sfte=192000
cF
cN
sD: 
dP
sP
end of file treatment


tOF : 12:09:33:830
wavfile=SR2_20160428_231333_581.wav
c:
g=10
sfte=192000
cF
cN
sD: 
dP
sP
end of file treatment


tOF : 12:09:33:898
wavfile=SR2_20160428_231531_457.wav
c:
g=10
sfte=192000
cF
cN
sD: 
dP
sP
end of file treatment


tOF : 12:09:34:042
wavfile=SR2_20160428_231829_152.wav
c:
g=10
sfte=192000
cF
cN
sD: 
dP
sP
end of file treatment


tOF : 12:09:34:192
wavfile=SR2_20160428_232322_872.wav
c:
g=10
sfte=192000
cF
cN
sD: 
dP
sP
end of file treatment


tOF : 12:09:34:331
wavfile=SR2_20160428_232604_792.wav
c:
g=10
sfte=192000
cF
cN
sD: 
dP
sP
end of file treatment


tOF : 12:09:34:477
wavfile=SR2_20160428_232723_367.wav
c:
g=10
sfte=192000
cF
cN
sD: 
dP
sP
end of file treatment


tOF : 12:09:34:729
wavfile=SR2_20160428_233008_409.wav
c:
g=10
sfte=192000
cF
cN
sD: 
dP
sP
end of file treatment


tOF : 12:09:34:824
wavfile=SR2_20160428_233306_159.wav
c:
g=10
sfte=192000
cF
cN
sD: 
dP
sP
end of file treatment


tOF : 12:09:34:975
wavfile=SR2_20160428_233455_992.wav
c:
g=10
sfte=192000
cF
cN
sD: 
dP
sP
end of file treatment


tOF : 12:09:35:101
wavfile=SR2_20160428_234030_148.wav
c:
g=10
sfte=192000
cF
cN
sD: 
dP
sP
end of file treatment


tOF : 12:09:35:235
wavfile=SR2_20160428_234300_653.wav
c:
g=10
sfte=192000
cF
cN
sD: 
dP
sP
end of file treatment


tOF : 12:09:35:389
wavfile=SR2_20160428_234706_000.wav
c:
g=10
sfte=192000
cF
cN
sD: 
dP
sP
end of file treatment


tOF : 12:09:35:561
wavfile=SR2_20160428_234743_788.wav
c:
g=10
sfte=192000
cF
cN
sD: 
dP
sP
end of file treatment


tOF : 12:09:35:726
wavfile=SR2_20160428_235153_737.wav
c:
g=10
sfte=192000
cF
cN
sD: 
dP
sP
end of file treatment


tOF : 12:09:35:903
wavfile=SR2_20160428_235523_233.wav
c:
g=10
sfte=192000
cF
cN
sD: 
dP
sP
end of file treatment


tOF : 12:09:36:040
wavfile=SR2_20160429_000014_799.wav
c:
g=10
sfte=192000
cF
cN
sD: 
dP
sP
end of file treatment


tOF : 12:09:36:232
wavfile=SR2_20160429_000957_425.wav
c:
g=10
sfte=192000
cF
cN
sD: 
dP
sP
end of file treatment


tOF : 12:09:36:426
wavfile=SR2_20160429_001705_000.wav
c:
g=10
sfte=192000
cF
cN
sD: 
dP
sP
end of file treatment


tOF : 12:09:36:638
wavfile=SR2_20160429_002112_699.wav
c:
g=10
sfte=192000
cF
cN
sD: 
dP
sP
end of file treatment


tOF : 12:09:36:771
wavfile=SR2_20160429_002350_304.wav
c:
g=10
sfte=192000
cF
cN
sD: 
dP
sP
end of file treatment


tOF : 12:09:36:984
wavfile=SR2_20160429_021704_000.wav
c:
g=10
sfte=192000
cF
cN
sD: 
dP
sP
end of file treatment


tOF : 12:09:37:074
wavfile=SR2_20160429_041704_000.wav
c:
g=10
sfte=192000
cF
cN
sD: 
dP
sP
end of file treatment


tOF : 12:09:37:297
wavfile=SR2_20160429_191902_000.wav
c:
g=10
sfte=192000
cF
cN
sD: 
dP
sP
end of file treatment


tOF : 12:09:37:416
wavfile=SR2_20160429_192630_611.wav
c:
g=10
sfte=192000
cF
cN
sD: 
dP
sP
end of file treatment


tOF : 12:09:37:664
wavfile=SR2_20160429_192836_487.wav
c:
g=10
sfte=192000
cF
cN
sD: 
dP
sP
end of file treatment


tOF : 12:09:37:732
wavfile=SR2_20160429_192858_044.wav
c:
g=10
sfte=192000
cF
cN
sD: 
dP
sP
end of file treatment


tOF : 12:09:37:850
wavfile=SR2_20160429_192930_469.wav
c:
g=10
sfte=192000
cF
cN
sD: 
dP
sP
end of file treatment


tOF : 12:09:37:909
wavfile=SR2_20160429_193030_268.wav
c:
g=10
sfte=192000
cF
cN
sD: 
dP
sP
end of file treatment


tOF : 12:09:38:021
wavfile=SR2_20160429_193053_273.wav
c:
g=10
sfte=192000
cF
cN
sD: 
dP
sP
end of file treatment


tOF : 12:09:38:259
wavfile=SR2_20160429_193119_219.wav
c:
g=10
sfte=192000
cF
cN
sD: 
dP
sP
end of file treatment


tOF : 12:09:38:395
wavfile=SR2_20160429_193133_060.wav
c:
g=10
sfte=192000
cF
cN
sD: 
dP
sP
end of file treatment


tOF : 12:09:38:735
wavfile=SR2_20160429_193146_013.wav
c:
g=10
sfte=192000
cF
cN
sD: 
dP
sP
end of file treatment


tOF : 12:09:38:824
wavfile=SR2_20160429_193300_419.wav
c:
g=10
sfte=192000
cF
cN
sD: 
dP
sP
end of file treatment


tOF : 12:09:38:941
wavfile=SR2_20160429_193314_517.wav
c:
g=10
sfte=192000
cF
cN
sD: 
dP
sP
end of file treatment


tOF : 12:09:39:204
wavfile=SR2_20160429_193334_264.wav
c:
g=10
sfte=192000
cF
cN
sD: 
dP
sP
end of file treatment


tOF : 12:09:39:317
wavfile=SR2_20160429_193350_611.wav
c:
g=10
sfte=192000
cF
cN
sD: 
dP
sP
end of file treatment


tOF : 12:09:39:485
wavfile=SR2_20160429_193359_987.wav
c:
g=10
sfte=192000
cF
cN
sD: 
dP
sP
end of file treatment


tOF : 12:09:39:613
wavfile=SR2_20160429_193412_560.wav
c:
g=10
sfte=192000
cF
cN
sD: 
dP
sP
end of file treatment


tOF : 12:09:39:887
wavfile=SR2_20160429_193419_208.wav
c:
g=10
sfte=192000
cF
cN
sD: 
dP
sP
end of file treatment


tOF : 12:09:40:092
wavfile=SR2_20160429_193429_193.wav
c:
g=10
sfte=192000
cF
cN
sD: 
dP
sP
end of file treatment


tOF : 12:09:40:294
wavfile=SR2_20160429_193441_423.wav
c:
g=10
sfte=192000
cF
cN
sD: 
dP
sP
end of file treatment


tOF : 12:09:40:413
wavfile=SR2_20160429_193541_980.wav
c:
g=10
sfte=192000
cF
cN
sD: 
dP
sP
end of file treatment


tOF : 12:09:40:566
wavfile=SR2_20160429_193804_677.wav
c:
g=10
sfte=192000
cF
cN
sD: 
dP
sP
end of file treatment


tOF : 12:09:40:680
wavfile=SR2_20160429_193903_827.wav
c:
g=10
sfte=192000
cF
cN
sD: 
dP
sP
end of file treatment


tOF : 12:09:40:851
wavfile=SR2_20160429_193919_289.wav
c:
g=10
sfte=192000
cF
cN
sD: 
dP
sP
end of file treatment


tOF : 12:09:41:153
wavfile=SR2_20160429_194055_199.wav
c:
g=10
sfte=192000
cF
cN
sD: 
dP
sP
end of file treatment


tOF : 12:09:41:353
wavfile=SR2_20160429_194215_021.wav
c:
g=10
sfte=192000
cF
cN
sD: 
dP
sP
end of file treatment


tOF : 12:09:41:572
wavfile=SR2_20160429_194300_825.wav
c:
g=10
sfte=192000
cF
cN
sD: 
dP
sP
end of file treatment


tOF : 12:09:41:818
wavfile=SR2_20160429_194351_725.wav
c:
g=10
sfte=192000
cF
cN
sD: 
dP
sP
end of file treatment


tOF : 12:09:42:080
wavfile=SR2_20160429_202609_505.wav
c:
g=10
sfte=192000
cF
cN
sD: 
dP
sP
end of file treatment


tOF : 12:09:42:220
wavfile=SR2_20160429_204904_000.wav
c:
g=10
sfte=192000
cF
cN
sD: 
dP
sP
end of file treatment


tOF : 12:09:42:327
wavfile=SR2_20160429_223749_367.wav
c:
g=10
sfte=192000
cF
cN
sD: 
dP
sP
end of file treatment


tOF : 12:09:42:524
wavfile=SR2_20160430_001904_000.wav
c:
g=10
sfte=192000
cF
cN
sD: 
dP
sP
end of file treatment


tOF : 12:09:42:694
wavfile=SR2_20160430_021904_000.wav
c:
g=10
sfte=192000
cF
cN
sD: 
dP
sP
end of file treatment


tOF : 12:09:42:869
wavfile=SR2_20160430_041904_000.wav
c:
g=10
sfte=192000
cF
cN
sD: 
dP
sP
end of file treatment


tOF : 12:09:43:142
wavfile=SR2_20160430_195004_000.wav
c:
g=10
sfte=192000
cF
cN
sD: 
dP
sP
end of file treatment


tOF : 12:09:43:308
wavfile=SR2_20160430_205004_000.wav
c:
g=10
sfte=192000
cF
cN
sD: 
dP
sP
end of file treatment


tOF : 12:09:43:413
wavfile=SR2_20160430_213229_337.wav
c:
g=10
sfte=192000
cF
cN
sD: 
dP
sP
end of file treatment


tOF : 12:09:43:702
wavfile=SR2_20160430_223113_648.wav
c:
g=10
sfte=192000
cF
cN
sD: 
dP
sP
end of file treatment


tOF : 12:09:43:823
wavfile=SR2_20160501_002004_000.wav
c:
g=10
sfte=192000
cF
cN
sD: 
dP
sP
end of file treatment


tOF : 12:09:44:086
wavfile=SR2_20160501_022004_000.wav
c:
g=10
sfte=192000
cF
cN
sD: 
dP
sP
end of file treatment


tOF : 12:09:44:447
wavfile=SR2_20160501_035004_000.wav
c:
g=10
sfte=192000
cF
cN
sD: 
dP
sP
end of file treatment


tOF : 12:09:44:657
wavfile=SR2_20160501_190718_855.wav
c:
g=10
sfte=192000
cF
cN
sD: 
dP
sP
end of file treatment


tOF : 12:09:44:883
wavfile=SR2_20160501_195204_000.wav
c:
g=10
sfte=192000
cF
cN
sD: 
dP
sP
end of file treatment


tOF : 12:09:45:017
wavfile=SR2_20160501_205204_000.wav
c:
g=10
sfte=192000
cF
cN
sD: 
dP
sP
end of file treatment


tOF : 12:09:45:138
wavfile=SR2_20160501_212537_364.wav
c:
g=10
sfte=192000
cF
cN
sD: 
dP
sP
end of file treatment


tOF : 12:09:45:299
wavfile=SR2_20160501_215915_305.wav
c:
g=10
sfte=192000
cF
cN
sD: 
dP
sP
end of file treatment


tOF : 12:09:45:422
wavfile=SR2_20160501_222712_907.wav
c:
g=10
sfte=192000
cF
cN
sD: 
dP
sP
end of file treatment


tOF : 12:09:45:827
wavfile=SR2_20160501_225401_468.wav
c:
g=10
sfte=192000
cF
cN
sD: 
dP
sP
end of file treatment


tOF : 12:09:46:195
wavfile=SR2_20160501_235538_328.wav
c:
g=10
sfte=192000
cF
cN
sD: 
dP
sP
end of file treatment


tOF : 12:09:46:497
wavfile=SR2_20160502_004058_627.wav
c:
g=10
sfte=192000
cF
cN
sD: 
dP
sP
end of file treatment


tOF : 12:09:46:629
wavfile=SR2_20160502_012204_000.wav
c:
g=10
sfte=192000
cF
cN
sD: 
dP
sP
end of file treatment


tOF : 12:09:46:742
wavfile=SR2_20160502_022204_000.wav
c:
g=10
sfte=192000
cF
cN
sD: 
dP
sP
end of file treatment


tOF : 12:09:46:871
wavfile=SR2_20160502_032204_000.wav
c:
g=10
sfte=192000
cF
cN
sD: 
dP
sP
end of file treatment


tOF : 12:09:47:013
wavfile=SR2_20160502_035734_523.wav
c:
g=10
sfte=192000
cF
cN
sD: 
dP
sP
end of file treatment


tOF : 12:09:47:260
wavfile=SR2_20160502_042204_000.wav
c:
g=10
sfte=192000
cF
cN
sD: 
dP
sP
end of file treatment


tOF : 12:09:47:396
wavfile=SR2_20160502_185537_212.wav
c:
g=10
sfte=192000
cF
cN
sD: 
dP
sP
end of file treatment


tOF : 12:09:47:607
wavfile=SR2_20160502_185705_755.wav
c:
g=10
sfte=192000
cF
cN
sD: 
dP
sP
end of file treatment


tOF : 12:09:47:703
wavfile=SR2_20160502_190001_369.wav
c:
g=10
sfte=192000
cF
cN
sD: 
dP
sP
end of file treatment


tOF : 12:09:47:794
wavfile=SR2_20160502_190311_947.wav
c:
g=10
sfte=192000
cF
cN
sD: 
dP
sP
end of file treatment


tOF : 12:09:47:874
wavfile=SR2_20160502_192138_028.wav
c:
g=10
sfte=192000
cF
cN
sD: 
dP
sP
end of file treatment


tOF : 12:09:47:961
wavfile=SR2_20160502_192322_489.wav
c:
g=10
sfte=192000
cF
cN
sD: 
dP
sP
end of file treatment


tOF : 12:09:48:067
wavfile=SR2_20160502_192448_843.wav
c:
g=10
sfte=192000
cF
cN
sD: 
dP
sP
end of file treatment


tOF : 12:09:48:205
wavfile=SR2_20160502_193530_217.wav
c:
g=10
sfte=192000
cF
cN
sD: 
dP
sP
end of file treatment


tOF : 12:09:48:335
wavfile=SR2_20160502_195934_199.wav
c:
g=10
sfte=192000
cF
cN
sD: 
dP
sP
end of file treatment


tOF : 12:09:48:443
wavfile=SR2_20160502_202404_000.wav
c:
g=10
sfte=192000
cF
cN
sD: 
dP
sP
end of file treatment


tOF : 12:09:48:581
wavfile=SR2_20160502_210343_835.wav
c:
g=10
sfte=192000
cF
cN
sD: 
dP
sP
end of file treatment


tOF : 12:09:48:668
wavfile=SR2_20160502_215404_000.wav
c:
g=10
sfte=192000
cF
cN
sD: 
dP
sP
end of file treatment


tOF : 12:09:48:766
wavfile=SR2_20160502_225404_000.wav
c:
g=10
sfte=192000
cF
cN
sD: 
dP
sP
end of file treatment


tOF : 12:09:48:880
wavfile=SR2_20160503_002404_000.wav
c:
g=10
sfte=192000
cF
cN
sD: 
dP
sP
end of file treatment


tOF : 12:09:48:946
wavfile=SR2_20160503_022404_000.wav
c:
g=10
sfte=192000
cF
cN
sD: 
dP
sP
end of file treatment


tOF : 12:09:49:038
wavfile=SR2_20160503_042404_000.wav
c:
g=10
sfte=192000
cF
cN
sD: 
dP
sP
end of file treatment


tOF : 12:09:49:117
wavfile=SR2_20160503_192500_776.wav
c:
g=10
sfte=192000
cF
cN
sD: 
dP
sP
end of file treatment


tOF : 12:09:49:199
wavfile=SR2_20160503_205216_780.wav
c:
g=10
sfte=192000
cF
cN
sD: 
dP
sP
end of file treatment


tOF : 12:09:49:491
wavfile=SR2_20160503_215604_000.wav
c:
g=10
sfte=192000
cF
cN
sD: 
dP
sP
end of file treatment


tOF : 12:09:49:542
wavfile=SR2_20160503_223548_361.wav
c:
g=10
sfte=192000
cF
cN
sD: 
dP
sP
end of file treatment


tOF : 12:09:49:666
wavfile=SR2_20160503_231542_103.wav
c:
g=10
sfte=192000
cF
cN
sD: 
dP
sP
end of file treatment


tOF : 12:09:49:790
wavfile=SR2_20160503_232604_000.wav
c:
g=10
sfte=192000
cF
cN
sD: 
dP
sP
end of file treatment


tOF : 12:09:49:866
wavfile=SR2_20160504_002604_000.wav
c:
g=10
sfte=192000
cF
cN
sD: 
dP
sP
end of file treatment


tOF : 12:09:49:967
wavfile=SR2_20160504_022604_000.wav
c:
g=10
sfte=192000
cF
cN
sD: 
dP
sP
end of file treatment


tOF : 12:09:50:024
wavfile=SR2_20160504_042604_000.wav
c:
g=10
sfte=192000
cF
cN
sD: 
dP
sP
end of file treatment


tOF : 12:09:50:075
wavfile=SR2_20160504_192702_000.wav
c:
g=10
sfte=192000
cF
cN
sD: 
dP
sP
end of file treatment


tOF : 12:09:50:201
wavfile=SR2_20160504_201219_312.wav
c:
g=10
sfte=192000
cF
cN
sD: 
dP
sP
end of file treatment


tOF : 12:09:50:284
wavfile=SR2_20160504_212704_000.wav
c:
g=10
sfte=192000
cF
cN
sD: 
dP
sP
end of file treatment


tOF : 12:09:50:359
wavfile=SR2_20160504_215724_359.wav
c:
g=10
sfte=192000
cF
cN
sD: 
dP
sP
end of file treatment


tOF : 12:09:50:431
wavfile=SR2_20160504_225704_000.wav
c:
g=10
sfte=192000
cF
cN
sD: 
dP
sP
end of file treatment


tOF : 12:09:50:520
wavfile=SR2_20160504_235704_000.wav
c:
g=10
sfte=192000
cF
cN
sD: 
dP
sP
end of file treatment


tOF : 12:09:50:589
wavfile=SR2_20160505_015704_000.wav
c:
g=10
sfte=192000
cF
cN
sD: 
dP
sP
end of file treatment


tOF : 12:09:50:640
wavfile=SR2_20160505_032704_000.wav
c:
g=10
sfte=192000
cF
cN
sD: 
dP
sP
end of file treatment


tOF : 12:09:50:726
wavfile=SR2_20160505_042704_000.wav
c:
g=10
sfte=192000
cF
cN
sD: 
dP
sP
end of file treatment


tOF : 12:09:50:821
wavfile=SR2_20160505_193931_541.wav
c:
g=10
sfte=192000
cF
cN
sD: 
dP
sP
end of file treatment


tOF : 12:09:50:921
wavfile=SR2_20160505_200436_565.wav
c:
g=10
sfte=192000
cF
cN
sD: 
dP
sP
end of file treatment


tOF : 12:09:50:994
wavfile=SR2_20160505_211003_673.wav
c:
g=10
sfte=192000
cF
cN
sD: 
dP
sP
end of file treatment


tOF : 12:09:51:137
wavfile=SR2_20160505_214422_864.wav
c:
g=10
sfte=192000
cF
cN
sD: 
dP
sP
end of file treatment


tOF : 12:09:51:311
wavfile=SR2_20160505_221811_916.wav
c:
g=10
sfte=192000
cF
cN
sD: 
dP
sP
end of file treatment


tOF : 12:09:51:502
wavfile=SR2_20160505_223659_975.wav
c:
g=10
sfte=192000
cF
cN
sD: 
dP
sP
end of file treatment


tOF : 12:09:51:705
wavfile=SR2_20160505_232904_000.wav
c:
g=10
sfte=192000
cF
cN
sD: 
dP
sP
end of file treatment


tOF : 12:09:51:757
wavfile=SR2_20160506_005904_000.wav
c:
g=10
sfte=192000
cF
cN
sD: 
dP
sP
end of file treatment


tOF : 12:09:51:824
wavfile=SR2_20160506_022904_000.wav
c:
g=10
sfte=192000
cF
cN
sD: 
dP
sP
end of file treatment


tOF : 12:09:51:962
wavfile=SR2_20160506_042904_000.wav
c:
g=10
sfte=192000
cF
cN
sD: 
dP
sP
end of file treatment


tOF : 12:09:52:164
wavfile=SR2_20160506_194645_047.wav
c:
g=10
sfte=192000
cF
cN
sD: 
dP
sP
end of file treatment


tOF : 12:09:52:243
wavfile=SR2_20160506_210104_000.wav
c:
g=10
sfte=192000
cF
cN
sD: 
dP
sP
end of file treatment


tOF : 12:09:52:392
wavfile=SR2_20160506_223104_000.wav
c:
g=10
sfte=192000
cF
cN
sD: 
dP
sP
end of file treatment


tOF : 12:09:52:498
wavfile=SR2_20160506_231428_328.wav
c:
g=10
sfte=192000
cF
cN
sD: 
dP
sP
end of file treatment


tOF : 12:09:52:813
wavfile=SR2_20160507_000104_000.wav
c:
g=10
sfte=192000
cF
cN
sD: 
dP
sP
end of file treatment


tOF : 12:09:52:956
wavfile=SR2_20160507_013104_000.wav
c:
g=10
sfte=192000
cF
cN
sD: 
dP
sP
end of file treatment


tOF : 12:09:53:137
wavfile=SR2_20160507_033104_000.wav
c:
g=10
sfte=192000
cF
cN
sD: 
dP
sP
end of file treatment


tOF : 12:09:53:250
wavfile=SR2_20160507_190200_000.wav
c:
g=10
sfte=192000
cF
cN
sD: 
dP
sP
end of file treatment


tOF : 12:09:53:355
wavfile=SR2_20160507_203204_000.wav
c:
g=10
sfte=192000
cF
cN
sD: 
dP
sP
end of file treatment


tOF : 12:09:53:499
wavfile=SR2_20160507_211240_075.wav
c:
g=10
sfte=192000
cF
cN
sD: 
dP
sP
end of file treatment


tOF : 12:09:53:615
wavfile=SR2_20160507_213516_965.wav
c:
g=10
sfte=192000
cF
cN
sD: 
dP
sP
end of file treatment


tOF : 12:09:53:711
wavfile=SR2_20160507_223403_921.wav
c:
g=10
sfte=192000
cF
cN
sD: 
dP
sP
end of file treatment


tOF : 12:09:53:993
wavfile=SR2_20160507_234521_489.wav
c:
g=10
sfte=192000
cF
cN
sD: 
dP
sP
end of file treatment


tOF : 12:09:54:220
wavfile=SR2_20160508_004952_220.wav
c:
g=10
sfte=192000
cF
cN
sD: 
dP
sP
end of file treatment


tOF : 12:09:54:319
wavfile=SR2_20160508_010345_432.wav
c:
g=10
sfte=192000
cF
cN
sD: 
dP
sP
end of file treatment


tOF : 12:09:54:447
wavfile=SR2_20160508_020116_025.wav
c:
g=10
sfte=192000
cF
cN
sD: 
dP
sP
end of file treatment


tOF : 12:09:54:557
wavfile=SR2_20160508_023135_121.wav
c:
g=10
sfte=192000
cF
cN
sD: 
dP
sP
end of file treatment


tOF : 12:09:54:815
wavfile=SR2_20160508_040204_000.wav
c:
g=10
sfte=192000
cF
cN
sD: 
dP
sP
end of file treatment


tOF : 12:09:54:996
wavfile=SR2_20160508_190400_000.wav
c:
g=10
sfte=192000
cF
cN
sD: 
dP
sP
end of file treatment


tOF : 12:09:55:085
wavfile=SR2_20160508_203002_060.wav
c:
g=10
sfte=192000
cF
cN
sD: 
dP
sP
end of file treatment


tOF : 12:09:55:172
wavfile=SR2_20160508_213948_909.wav
c:
g=10
sfte=192000
cF
cN
sD: 
dP
sP
end of file treatment


tOF : 12:09:55:299
wavfile=SR2_20160508_221654_075.wav
c:
g=10
sfte=192000
cF
cN
sD: 
dP
sP
end of file treatment


tOF : 12:09:55:687
wavfile=SR2_20160508_223404_000.wav
c:
g=10
sfte=192000
cF
cN
sD: 
dP
sP
end of file treatment


tOF : 12:09:55:792
wavfile=SR2_20160508_233404_000.wav
c:
g=10
sfte=192000
cF
cN
sD: 
dP
sP
end of file treatment


tOF : 12:09:55:905
wavfile=SR2_20160509_000404_000.wav
c:
g=10
sfte=192000
cF
cN
sD: 
dP
sP
end of file treatment


tOF : 12:09:56:111
wavfile=SR2_20160509_010404_000.wav
c:
g=10
sfte=192000
cF
cN
sD: 
dP
sP
end of file treatment


tOF : 12:09:56:188
wavfile=SR2_20160509_021137_015.wav
c:
g=10
sfte=192000
cF
cN
sD: 
dP
sP
end of file treatment


tOF : 12:09:56:362
wavfile=SR2_20160509_025717_516.wav
c:
g=10
sfte=192000
cF
cN
sD: 
dP
sP
end of file treatment


tOF : 12:09:56:598
wavfile=SR2_20160509_033404_000.wav
c:
g=10
sfte=192000
cF
cN
sD: 
dP
sP
end of file treatment


tOF : 12:09:56:768
wavfile=SR2_20160509_042718_452.wav
c:
g=10
sfte=192000
cF
cN
sD: 
dP
sP
end of file treatment


tOF : 12:09:56:947
wavfile=SR2_20160509_193617_284.wav
c:
g=10
sfte=192000
cF
cN
sD: 
dP
sP
end of file treatment


tOF : 12:09:57:048
wavfile=SR2_20160509_211822_848.wav
c:
g=10
sfte=192000
cF
cN
sD: 
dP
sP
end of file treatment


tOF : 12:09:57:175
wavfile=SR2_20160509_223756_097.wav
c:
g=10
sfte=192000
cF
cN
sD: 
dP
sP
end of file treatment


tOF : 12:09:57:413
wavfile=SR2_20160509_232934_376.wav
c:
g=10
sfte=192000
cF
cN
sD: 
dP
sP
end of file treatment


tOF : 12:09:57:549
wavfile=SR2_20160510_003604_000.wav
c:
g=10
sfte=192000
cF
cN
sD: 
dP
sP
end of file treatment


tOF : 12:09:57:708
wavfile=SR2_20160510_013055_261.wav
c:
g=10
sfte=192000
cF
cN
sD: 
dP
sP
end of file treatment


tOF : 12:09:57:929
wavfile=SR2_20160510_020901_829.wav
c:
g=10
sfte=192000
cF
cN
sD: 
dP
sP
end of file treatment


tOF : 12:09:58:097
wavfile=SR2_20160510_035643_447.wav
c:
g=10
sfte=192000
cF
cN
sD: 
dP
sP
end of file treatment


tOF : 12:09:58:314
wavfile=SR2_20160510_193702_000.wav
c:
g=10
sfte=192000
cF
cN
sD: 
dP
sP
end of file treatment


tOF : 12:09:58:446
wavfile=SR2_20160510_202118_160.wav
c:
g=10
sfte=192000
cF
cN
sD: 
dP
sP
end of file treatment


tOF : 12:09:58:577
wavfile=SR2_20160510_212030_733.wav
c:
g=10
sfte=192000
cF
cN
sD: 
dP
sP
end of file treatment


tOF : 12:09:58:812
wavfile=SR2_20160510_221420_411.wav
c:
g=10
sfte=192000
cF
cN
sD: 
dP
sP
end of file treatment


tOF : 12:09:58:901
wavfile=SR2_20160510_223707_476.wav
c:
g=10
sfte=192000
cF
cN
sD: 
dP
sP
end of file treatment


tOF : 12:09:58:993
wavfile=SR2_20160510_224140_901.wav
c:
g=10
sfte=192000
cF
cN
sD: 
dP
sP
end of file treatment


tOF : 12:09:59:102
wavfile=SR2_20160510_224520_952.wav
c:
g=10
sfte=192000
cF
cN
sD: 
dP
sP
end of file treatment


tOF : 12:09:59:203
wavfile=SR2_20160510_225913_815.wav
c:
g=10
sfte=192000
cF
cN
sD: 
dP
sP
end of file treatment


tOF : 12:09:59:361
wavfile=SR2_20160510_231120_327.wav
c:
g=10
sfte=192000
cF
cN
sD: 
dP
sP
end of file treatment


tOF : 12:09:59:432
wavfile=SR2_20160510_231959_299.wav
c:
g=10
sfte=192000
cF
cN
sD: 
dP
sP
end of file treatment


tOF : 12:09:59:569
wavfile=SR2_20160510_232519_492.wav
c:
g=10
sfte=192000
cF
cN
sD: 
dP
sP
end of file treatment


tOF : 12:09:59:640
wavfile=SR2_20160510_232842_876.wav
c:
g=10
sfte=192000
cF
cN
sD: 
dP
sP
end of file treatment


tOF : 12:09:59:770
wavfile=SR2_20160511_000704_000.wav
c:
g=10
sfte=192000
cF
cN
sD: 
dP
sP
end of file treatment


tOF : 12:09:59:921
wavfile=SR2_20160511_013704_000.wav
c:
g=10
sfte=192000
cF
cN
sD: 
dP
sP
end of file treatment


tOF : 12:10:00:038
wavfile=SR2_20160511_023704_000.wav
c:
g=10
sfte=192000
cF
cN
sD: 
dP
sP
end of file treatment


tOF : 12:10:00:135
wavfile=SR2_20160511_033704_000.wav
c:
g=10
sfte=192000
cF
cN
sD: 
dP
sP
end of file treatment


tOF : 12:10:00:238
wavfile=SR2_20160511_042803_999.wav
c:
g=10
sfte=192000
cF
cN
sD: 
dP
sP
end of file treatment


tOF : 12:10:00:405
wavfile=SR2_20160511_203904_000.wav
c:
g=10
sfte=192000
cF
cN
sD: 
dP
sP
end of file treatment


tOF : 12:10:00:509
wavfile=SR2_20160511_220445_025.wav
c:
g=10
sfte=192000
cF
cN
sD: 
dP
sP
end of file treatment


tOF : 12:10:00:685
wavfile=SR2_20160511_230905_000.wav
c:
g=10
sfte=192000
cF
cN
sD: 
dP
sP
end of file treatment


tOF : 12:10:00:808
wavfile=SR2_20160512_003904_000.wav
c:
g=10
sfte=192000
cF
cN
sD: 
dP
sP
end of file treatment


tOF : 12:10:00:915
wavfile=SR2_20160512_020351_404.wav
c:
g=10
sfte=192000
cF
cN
sD: 
dP
sP
end of file treatment


tOF : 12:10:01:029
wavfile=SR2_20160512_032710_461.wav
c:
g=10
sfte=192000
cF
cN
sD: 
dP
sP
end of file treatment


tOF : 12:10:01:176
wavfile=SR2_20160512_040904_000.wav
c:
g=10
sfte=192000
cF
cN
sD: 
dP
sP
end of file treatment


tOF : 12:10:01:288
wavfile=SR2_20160512_191100_000.wav
c:
g=10
sfte=192000
cF
cN
sD: 
dP
sP
end of file treatment


tOF : 12:10:01:408
wavfile=SR2_20160512_211104_000.wav
c:
g=10
sfte=192000
cF
cN
sD: 
dP
sP
end of file treatment


tOF : 12:10:01:481
wavfile=SR2_20160512_230907_995.wav
c:
g=10
sfte=192000
cF
cN
sD: 
dP
sP
end of file treatment


tOF : 12:10:01:640
wavfile=SR2_20160513_004104_000.wav
c:
g=10
sfte=192000
cF
cN
sD: 
dP
sP
end of file treatment


tOF : 12:10:01:755
wavfile=SR2_20160513_021104_000.wav
c:
g=10
sfte=192000
cF
cN
sD: 
dP
sP
end of file treatment


tOF : 12:10:01:818
wavfile=SR2_20160513_035231_376.wav
c:
g=10
sfte=192000
cF
cN
sD: 
dP
sP
end of file treatment


tOF : 12:10:02:010
wavfile=SR2_20160513_193205_857.wav
c:
g=10
sfte=192000
cF
cN
sD: 
dP
sP
end of file treatment


tOF : 12:10:02:126
wavfile=SR2_20160513_201204_000.wav
c:
g=10
sfte=192000
cF
cN
sD: 
dP
sP
end of file treatment


tOF : 12:10:02:221
wavfile=SR2_20160513_211204_000.wav
c:
g=10
sfte=192000
cF
cN
sD: 
dP
sP
end of file treatment


tOF : 12:10:02:313
wavfile=SR2_20160513_211431_363.wav
c:
g=10
sfte=192000
cF
cN
sD: 
dP
sP
end of file treatment


tOF : 12:10:02:422
wavfile=SR2_20160513_214204_000.wav
c:
g=10
sfte=192000
cF
cN
sD: 
dP
sP
end of file treatment


tOF : 12:10:02:507
wavfile=SR2_20160513_231204_000.wav
c:
g=10
sfte=192000
cF
cN
sD: 
dP
sP
end of file treatment


tOF : 12:10:02:588
wavfile=SR2_20160513_234842_933.wav
c:
g=10
sfte=192000
cF
cN
sD: 
dP
sP
end of file treatment


tOF : 12:10:02:770
wavfile=SR2_20160514_010104_012.wav
c:
g=10
sfte=192000
cF
cN
sD: 
dP
sP
end of file treatment


tOF : 12:10:02:865
wavfile=SR2_20160514_024204_000.wav
c:
g=10
sfte=192000
cF
cN
sD: 
dP
sP
end of file treatment


tOF : 12:10:02:937
wavfile=SR2_20160514_041204_000.wav
c:
g=10
sfte=192000
cF
cN
sD: 
dP
sP
end of file treatment


tOF : 12:10:02:999
wavfile=SR2_20160514_193913_400.wav
c:
g=10
sfte=192000
cF
cN
sD: 
dP
sP
end of file treatment


tOF : 12:10:03:075
wavfile=SR2_20160514_204404_000.wav
c:
g=10
sfte=192000
cF
cN
sD: 
dP
sP
end of file treatment


tOF : 12:10:03:152
wavfile=SR2_20160514_224404_000.wav
c:
g=10
sfte=192000
cF
cN
sD: 
dP
sP
end of file treatment


tOF : 12:10:03:210
wavfile=SR2_20160514_234719_144.wav
c:
g=10
sfte=192000
cF
cN
sD: 
dP
sP
end of file treatment


tOF : 12:10:03:292
wavfile=SR2_20160515_004404_000.wav
c:
g=10
sfte=192000
cF
cN
sD: 
dP
sP
end of file treatment


tOF : 12:10:03:377
wavfile=SR2_20160515_024404_000.wav
c:
g=10
sfte=192000
cF
cN
sD: 
dP
sP
end of file treatment


tOF : 12:10:03:458
wavfile=SR2_20160515_041404_000.wav
c:
g=10
sfte=192000
cF
cN
sD: 
dP
sP
end of file treatment


tOF : 12:10:03:548
wavfile=SR2_20160515_204504_000.wav
c:
g=10
sfte=192000
cF
cN
sD: 
dP
sP
end of file treatment


tOF : 12:10:03:627
wavfile=SR2_20160515_211504_000.wav
c:
g=10
sfte=192000
cF
cN
sD: 
dP
sP
end of file treatment


tOF : 12:10:03:734
wavfile=SR2_20160515_224504_000.wav
c:
g=10
sfte=192000
cF
cN
sD: 
dP
sP
end of file treatment


tOF : 12:10:03:857
wavfile=SR2_20160515_234607_412.wav
c:
g=10
sfte=192000
cF
cN
sD: 
dP
sP
end of file treatment


tOF : 12:10:03:968
wavfile=SR2_20160516_014504_000.wav
c:
g=10
sfte=192000
cF
cN
sD: 
dP
sP
end of file treatment


tOF : 12:10:04:025
wavfile=SR2_20160516_024504_000.wav
c:
g=10
sfte=192000
cF
cN
sD: 
dP
sP
end of file treatment


tOF : 12:10:04:126
wavfile=SR2_20160516_041504_000.wav
c:
g=10
sfte=192000
cF
cN
sD: 
dP
sP
end of file treatment


tOF : 12:10:04:185
wavfile=SR2_20160516_201704_000.wav
c:
g=10
sfte=192000
cF
cN
sD: 
dP
sP
end of file treatment


tOF : 12:10:04:255
wavfile=SR2_20160516_213832_297.wav
c:
g=10
sfte=192000
cF
cN
sD: 
dP
sP
end of file treatment


tOF : 12:10:04:430
wavfile=SR2_20160516_224704_000.wav
c:
g=10
sfte=192000
cF
cN
sD: 
dP
sP
end of file treatment


tOF : 12:10:04:531
wavfile=SR2_20160516_234704_000.wav
c:
g=10
sfte=192000
cF
cN
sD: 
dP
sP
end of file treatment


tOF : 12:10:04:582
wavfile=SR2_20160517_001820_571.wav
c:
g=10
sfte=192000
cF
cN
sD: 
dP
sP
end of file treatment


tOF : 12:10:04:897
wavfile=SR2_20160517_014704_000.wav
c:
g=10
sfte=192000
cF
cN
sD: 
dP
sP
end of file treatment


tOF : 12:10:04:981
wavfile=SR2_20160517_024704_000.wav
c:
g=10
sfte=192000
cF
cN
sD: 
dP
sP
end of file treatment


tOF : 12:10:05:054
wavfile=SR2_20160517_041704_000.wav
c:
g=10
sfte=192000
cF
cN
sD: 
dP
sP
end of file treatment


tOF : 12:10:05:133
wavfile=SR2_20160517_201804_000.wav
c:
g=10
sfte=192000
cF
cN
sD: 
dP
sP
end of file treatment


tOF : 12:10:05:219
wavfile=SR2_20160517_221523_285.wav
c:
g=10
sfte=192000
cF
cN
sD: 
dP
sP
end of file treatment


tOF : 12:10:05:354
wavfile=SR2_20160517_225238_969.wav
c:
g=10
sfte=192000
cF
cN
sD: 
dP
sP
end of file treatment


tOF : 12:10:05:500
wavfile=SR2_20160517_231804_000.wav
c:
g=10
sfte=192000
cF
cN
sD: 
dP
sP
end of file treatment


tOF : 12:10:05:568
wavfile=SR2_20160517_234804_000.wav
c:
g=10
sfte=192000
cF
cN
sD: 
dP
sP
end of file treatment


tOF : 12:10:05:690
wavfile=SR2_20160518_003839_260.wav
c:
g=10
sfte=192000
cF
cN
sD: 
dP
sP
end of file treatment


tOF : 12:10:05:832
wavfile=SR2_20160518_014804_000.wav
c:
g=10
sfte=192000
cF
cN
sD: 
dP
sP
end of file treatment


tOF : 12:10:05:899
wavfile=SR2_20160518_031804_000.wav
c:
g=10
sfte=192000
cF
cN
sD: 
dP
sP
end of file treatment


tOF : 12:10:05:961
wavfile=SR2_20160518_041401_656.wav
c:
g=10
sfte=192000
cF
cN
sD: 
dP
sP
end of file treatment


tOF : 12:10:06:145
wavfile=SR2_20160518_041647_125.wav
c:
g=10
sfte=192000
cF
cN
sD: 
dP
sP
end of file treatment


tOF : 12:10:06:200
wavfile=SR2_20160518_041910_236.wav
c:
g=10
sfte=192000
cF
cN
sD: 
dP
sP
end of file treatment


tOF : 12:10:06:552
wavfile=SR2_20160518_193453_692.wav
c:
g=10
sfte=192000
cF
cN
sD: 
dP
sP
end of file treatment


tOF : 12:10:06:632
wavfile=SR2_20160518_202243_199.wav
c:
g=10
sfte=192000
cF
cN
sD: 
dP
sP
end of file treatment


tOF : 12:10:06:740
wavfile=SR2_20160518_212004_000.wav
c:
g=10
sfte=192000
cF
cN
sD: 
dP
sP
end of file treatment


tOF : 12:10:06:848
wavfile=SR2_20160518_215004_000.wav
c:
g=10
sfte=192000
cF
cN
sD: 
dP
sP
end of file treatment


tOF : 12:10:06:932
wavfile=SR2_20160518_232004_000.wav
c:
g=10
sfte=192000
cF
cN
sD: 
dP
sP
end of file treatment


tOF : 12:10:06:990
wavfile=SR2_20160519_002004_000.wav
c:
g=10
sfte=192000
cF
cN
sD: 
dP
sP
end of file treatment


tOF : 12:10:07:065
wavfile=SR2_20160519_015004_000.wav
c:
g=10
sfte=192000
cF
cN
sD: 
dP
sP
end of file treatment


tOF : 12:10:07:135
wavfile=SR2_20160519_035004_000.wav
c:
g=10
sfte=192000
cF
cN
sD: 
dP
sP
end of file treatment


tOF : 12:10:07:263
wavfile=SR2_20160519_200809_559.wav
c:
g=10
sfte=192000
cF
cN
sD: 
dP
sP
end of file treatment


tOF : 12:10:07:325
wavfile=SR2_20160519_203906_272.wav
c:
g=10
sfte=192000
cF
cN
sD: 
dP
sP
end of file treatment


tOF : 12:10:07:395
wavfile=SR2_20160519_204828_585.wav
c:
g=10
sfte=192000
cF
cN
sD: 
dP
sP
end of file treatment


tOF : 12:10:07:530
wavfile=SR2_20160519_205417_897.wav
c:
g=10
sfte=192000
cF
cN
sD: 
dP
sP
end of file treatment


tOF : 12:10:07:598
wavfile=SR2_20160519_205438_476.wav
c:
g=10
sfte=192000
cF
cN
sD: 
dP
sP
end of file treatment


tOF : 12:10:07:672
wavfile=SR2_20160519_205701_959.wav
c:
g=10
sfte=192000
cF
cN
sD: 
dP
sP
end of file treatment


tOF : 12:10:07:720
wavfile=SR2_20160519_212420_044.wav
c:
g=10
sfte=192000
cF
cN
sD: 
dP
sP
end of file treatment


tOF : 12:10:07:920
wavfile=SR2_20160519_215043_663.wav
c:
g=10
sfte=192000
cF
cN
sD: 
dP
sP
end of file treatment


tOF : 12:10:08:091
wavfile=SR2_20160519_215125_639.wav
c:
g=10
sfte=192000
cF
cN
sD: 
dP
sP
end of file treatment


tOF : 12:10:08:396
wavfile=SR2_20160519_220032_108.wav
c:
g=10
sfte=192000
cF
cN
sD: 
dP
sP
end of file treatment


tOF : 12:10:08:516
wavfile=SR2_20160519_225237_247.wav
c:
g=10
sfte=192000
cF
cN
sD: 
dP
sP
end of file treatment


tOF : 12:10:08:602
wavfile=SR2_20160520_001159_412.wav
c:
g=10
sfte=192000
cF
cN
sD: 
dP
sP
end of file treatment


tOF : 12:10:09:023
wavfile=SR2_20160520_005104_000.wav
c:
g=10
sfte=192000
cF
cN
sD: 
dP
sP
end of file treatment


tOF : 12:10:09:164
wavfile=SR2_20160520_015104_000.wav
c:
g=10
sfte=192000
cF
cN
sD: 
dP
sP
end of file treatment


tOF : 12:10:09:283
wavfile=SR2_20160520_031213_591.wav
c:
g=10
sfte=192000
cF
cN
sD: 
dP
sP
end of file treatment


tOF : 12:10:09:464
wavfile=SR2_20160520_034230_455.wav
c:
g=10
sfte=192000
cF
cN
sD: 
dP
sP
end of file treatment


tOF : 12:10:09:571
wavfile=SR2_20160520_034242_093.wav
c:
g=10
sfte=192000
cF
cN
sD: 
dP
sP
end of file treatment


tOF : 12:10:09:698
wavfile=SR2_20160520_034256_949.wav
c:
g=10
sfte=192000
cF
cN
sD: 
dP
sP
end of file treatment


tOF : 12:10:09:887
wavfile=SR2_20160520_034349_756.wav
c:
g=10
sfte=192000
cF
cN
sD: 
dP
sP
end of file treatment


tOF : 12:10:09:968
wavfile=SR2_20160520_034947_581.wav
c:
g=10
sfte=192000
cF
cN
sD: 
dP
sP
end of file treatment


tOF : 12:10:10:067
wavfile=SR2_20160520_040052_113.wav
c:
g=10
sfte=192000
cF
cN
sD: 
dP
sP
end of file treatment


tOF : 12:10:10:162
wavfile=SR2_20160520_195302_000.wav
c:
g=10
sfte=192000
cF
cN
sD: 
dP
sP
end of file treatment


tOF : 12:10:10:244
wavfile=SR2_20160520_212441_896.wav
c:
g=10
sfte=192000
cF
cN
sD: 
dP
sP
end of file treatment


tOF : 12:10:10:417
wavfile=SR2_20160520_225304_000.wav
c:
g=10
sfte=192000
cF
cN
sD: 
dP
sP
end of file treatment


tOF : 12:10:10:530
wavfile=SR2_20160520_234948_588.wav
c:
g=10
sfte=192000
cF
cN
sD: 
dP
sP
end of file treatment


tOF : 12:10:10:601
wavfile=SR2_20160520_235841_428.wav
c:
g=10
sfte=192000
cF
cN
sD: 
dP
sP
end of file treatment


tOF : 12:10:10:869
wavfile=SR2_20160521_004536_153.wav
c:
g=10
sfte=192000
cF
cN
sD: 
dP
sP
end of file treatment


tOF : 12:10:11:201
wavfile=SR2_20160521_004553_796.wav
c:
g=10
sfte=192000
cF
cN
sD: 
dP
sP
end of file treatment


tOF : 12:10:11:493
wavfile=SR2_20160521_004730_207.wav
c:
g=10
sfte=192000
cF
cN
sD: 
dP
sP
end of file treatment


tOF : 12:10:11:603
wavfile=SR2_20160521_005108_160.wav
c:
g=10
sfte=192000
cF
cN
sD: 
dP
sP
end of file treatment


tOF : 12:10:11:762
wavfile=SR2_20160521_012304_000.wav
c:
g=10
sfte=192000
cF
cN
sD: 
dP
sP
end of file treatment


tOF : 12:10:11:857
wavfile=SR2_20160521_015542_671.wav
c:
g=10
sfte=192000
cF
cN
sD: 
dP
sP
end of file treatment


tOF : 12:10:12:061
wavfile=SR2_20160521_024100_056.wav
c:
g=10
sfte=192000
cF
cN
sD: 
dP
sP
end of file treatment


tOF : 12:10:12:162
wavfile=SR2_20160521_030356_603.wav
c:
g=10
sfte=192000
cF
cN
sD: 
dP
sP
end of file treatment


tOF : 12:10:12:493
wavfile=SR2_20160521_034419_735.wav
c:
g=10
sfte=192000
cF
cN
sD: 
dP
sP
end of file treatment


tOF : 12:10:12:580
wavfile=SR2_20160521_034744_744.wav
c:
g=10
sfte=192000
cF
cN
sD: 
dP
sP
end of file treatment


tOF : 12:10:12:728
wavfile=SR2_20160521_040200_048.wav
c:
g=10
sfte=192000
cF
cN
sD: 
dP
sP
end of file treatment


tOF : 12:10:12:826
wavfile=SR2_20160521_192400_000.wav
c:
g=10
sfte=192000
cF
cN
sD: 
dP
sP
end of file treatment


tOF : 12:10:12:961
wavfile=SR2_20160521_212405_000.wav
c:
g=10
sfte=192000
cF
cN
sD: 
dP
sP
end of file treatment


tOF : 12:10:13:067
wavfile=SR2_20160521_215404_000.wav
c:
g=10
sfte=192000
cF
cN
sD: 
dP
sP
end of file treatment


tOF : 12:10:13:199
wavfile=SR2_20160521_225404_000.wav
c:
g=10
sfte=192000
cF
cN
sD: 
dP
sP
end of file treatment


tOF : 12:10:13:347
wavfile=SR2_20160521_235404_000.wav
c:
g=10
sfte=192000
cF
cN
sD: 
dP
sP
end of file treatment


tOF : 12:10:13:558
wavfile=SR2_20160522_012404_000.wav
c:
g=10
sfte=192000
cF
cN
sD: 
dP
sP
end of file treatment


tOF : 12:10:13:681
wavfile=SR2_20160522_024207_017.wav
c:
g=10
sfte=192000
cF
cN
sD: 
dP
sP
end of file treatment


tOF : 12:10:14:230
wavfile=SR2_20160522_030046_739.wav
c:
g=10
sfte=192000
cF
cN
sD: 
dP
sP
end of file treatment


tOF : 12:10:14:514
wavfile=SR2_20160522_041745_995.wav
c:
g=10
sfte=192000
cF
cN
sD: 
dP
sP
end of file treatment


tOF : 12:10:14:671
wavfile=SR2_20160522_203417_180.wav
c:
g=10
sfte=192000
cF
cN
sD: 
dP
sP
end of file treatment


tOF : 12:10:14:743
wavfile=SR2_20160522_221503_443.wav
c:
g=10
sfte=192000
cF
cN
sD: 
dP
sP
end of file treatment


tOF : 12:10:14:858
wavfile=SR2_20160522_223921_853.wav
c:
g=10
sfte=192000
cF
cN
sD: 
dP
sP
end of file treatment


tOF : 12:10:14:926
wavfile=SR2_20160522_232604_000.wav
c:
g=10
sfte=192000
cF
cN
sD: 
dP
sP
end of file treatment


tOF : 12:10:15:003
wavfile=SR2_20160523_012604_000.wav
c:
g=10
sfte=192000
cF
cN
sD: 
dP
sP
end of file treatment


tOF : 12:10:15:082
wavfile=SR2_20160523_021210_716.wav
c:
g=10
sfte=192000
cF
cN
sD: 
dP
sP
end of file treatment


tOF : 12:10:15:267
wavfile=SR2_20160523_031104_984.wav
c:
g=10
sfte=192000
cF
cN
sD: 
dP
sP
end of file treatment


tOF : 12:10:15:369
wavfile=SR2_20160523_034211_536.wav
c:
g=10
sfte=192000
cF
cN
sD: 
dP
sP
end of file treatment


tOF : 12:10:15:466
wavfile=SR2_20160523_041344_396.wav
c:
g=10
sfte=192000
cF
cN
sD: 
dP
sP
end of file treatment


tOF : 12:10:15:597
wavfile=SR2_20160523_205704_000.wav
c:
g=10
sfte=192000
cF
cN
sD: 
dP
sP
end of file treatment


tOF : 12:10:15:666
wavfile=SR2_20160523_221853_511.wav
c:
g=10
sfte=192000
cF
cN
sD: 
dP
sP
end of file treatment


tOF : 12:10:15:738
wavfile=SR2_20160523_225704_000.wav
c:
g=10
sfte=192000
cF
cN
sD: 
dP
sP
end of file treatment
endDetec  IThread = 0
