dtt modefreq=1


tOF : 12:08:19:889
wavfile=SR2_20160422_190702_000.wav
c:
g=10
sfte=192000
cF
cN
sD: 
dP
sP
end of file treatment


tOF : 12:08:19:998
wavfile=SR2_20160422_200704_000.wav
c:
g=10
sfte=192000
cF
cN
sD: 
dP
sP
end of file treatment


tOF : 12:08:20:170
wavfile=SR2_20160422_213704_000.wav
c:
g=10
sfte=192000
cF
cN
sD: 
dP
sP
end of file treatment


tOF : 12:08:20:264
wavfile=SR2_20160422_233704_000.wav
c:
g=10
sfte=192000
cF
cN
sD: 
dP
sP
end of file treatment


tOF : 12:08:20:420
wavfile=SR2_20160423_010704_000.wav
c:
g=10
sfte=192000
cF
cN
sD: 
dP
sP
end of file treatment


tOF : 12:08:20:498
wavfile=SR2_20160423_030704_000.wav
c:
g=10
sfte=192000
cF
cN
sD: 
dP
sP
end of file treatment


tOF : 12:08:20:592
wavfile=SR2_20160423_043049_576.wav
c:
g=10
sfte=192000
cF
cN
sD: 
dP
sP
end of file treatment


tOF : 12:08:20:686
wavfile=SR2_20160423_043158_711.wav
c:
g=10
sfte=192000
cF
cN
sD: 
dP
sP
end of file treatment


tOF : 12:08:20:780
wavfile=SR2_20160423_043359_900.wav
c:
g=10
sfte=192000
cF
cN
sD: 
dP
sP
end of file treatment


tOF : 12:08:20:905
wavfile=SR2_20160423_045648_776.wav
c:
g=10
sfte=192000
cF
cN
sD: 
dP
sP
end of file treatment


tOF : 12:08:21:014
wavfile=SR2_20160423_045722_228.wav
c:
g=10
sfte=192000
cF
cN
sD: 
dP
sP
end of file treatment


tOF : 12:08:21:092
wavfile=SR2_20160423_045936_192.wav
c:
g=10
sfte=192000
cF
cN
sD: 
dP
sP
end of file treatment


tOF : 12:08:21:170
wavfile=SR2_20160423_050121_025.wav
c:
g=10
sfte=192000
cF
cN
sD: 
dP
sP
end of file treatment


tOF : 12:08:21:337
wavfile=SR2_20160423_050211_631.wav
c:
g=10
sfte=192000
cF
cN
sD: 
dP
sP
end of file treatment


tOF : 12:08:21:476
wavfile=SR2_20160423_050228_491.wav
c:
g=10
sfte=192000
cF
cN
sD: 
dP
sP
end of file treatment


tOF : 12:08:21:602
wavfile=SR2_20160423_050237_360.wav
c:
g=10
sfte=192000
cF
cN
sD: 
dP
sP
end of file treatment


tOF : 12:08:21:731
wavfile=SR2_20160423_050333_849.wav
c:
g=10
sfte=192000
cF
cN
sD: 
dP
sP
end of file treatment


tOF : 12:08:21:852
wavfile=SR2_20160423_050417_572.wav
c:
g=10
sfte=192000
cF
cN
sD: 
dP
sP
end of file treatment


tOF : 12:08:21:993
wavfile=SR2_20160423_050519_033.wav
c:
g=10
sfte=192000
cF
cN
sD: 
dP
sP
end of file treatment


tOF : 12:08:22:105
wavfile=SR2_20160423_193234_409.wav
c:
g=10
sfte=192000
cF
cN
sD: 
dP
sP
end of file treatment


tOF : 12:08:22:294
wavfile=SR2_20160423_210804_000.wav
c:
g=10
sfte=192000
cF
cN
sD: 
dP
sP
end of file treatment


tOF : 12:08:22:448
wavfile=SR2_20160423_230707_623.wav
c:
g=10
sfte=192000
cF
cN
sD: 
dP
sP
end of file treatment


tOF : 12:08:22:573
wavfile=SR2_20160424_003804_000.wav
c:
g=10
sfte=192000
cF
cN
sD: 
dP
sP
end of file treatment


tOF : 12:08:22:649
wavfile=SR2_20160424_005458_309.wav
c:
g=10
sfte=192000
cF
cN
sD: 
dP
sP
end of file treatment


tOF : 12:08:22:712
wavfile=SR2_20160424_005723_805.wav
c:
g=10
sfte=192000
cF
cN
sD: 
dP
sP
end of file treatment


tOF : 12:08:22:798
wavfile=SR2_20160424_005746_131.wav
c:
g=10
sfte=192000
cF
cN
sD: 
dP
sP
end of file treatment


tOF : 12:08:22:936
wavfile=SR2_20160424_005757_003.wav
c:
g=10
sfte=192000
cF
cN
sD: 
dP
sP
end of file treatment


tOF : 12:08:23:121
wavfile=SR2_20160424_005839_056.wav
c:
g=10
sfte=192000
cF
cN
sD: 
dP
sP
end of file treatment


tOF : 12:08:23:224
wavfile=SR2_20160424_005934_185.wav
c:
g=10
sfte=192000
cF
cN
sD: 
dP
sP
end of file treatment


tOF : 12:08:23:327
wavfile=SR2_20160424_005959_256.wav
c:
g=10
sfte=192000
cF
cN
sD: 
dP
sP
end of file treatment


tOF : 12:08:23:390
wavfile=SR2_20160424_010048_005.wav
c:
g=10
sfte=192000
cF
cN
sD: 
dP
sP
end of file treatment


tOF : 12:08:23:465
wavfile=SR2_20160424_010244_384.wav
c:
g=10
sfte=192000
cF
cN
sD: 
dP
sP
end of file treatment


tOF : 12:08:23:574
wavfile=SR2_20160424_010353_079.wav
c:
g=10
sfte=192000
cF
cN
sD: 
dP
sP
end of file treatment


tOF : 12:08:23:662
wavfile=SR2_20160424_010541_019.wav
c:
g=10
sfte=192000
cF
cN
sD: 
dP
sP
end of file treatment


tOF : 12:08:23:877
wavfile=SR2_20160424_010557_416.wav
c:
g=10
sfte=192000
cF
cN
sD: 
dP
sP
end of file treatment


tOF : 12:08:24:020
wavfile=SR2_20160424_013804_000.wav
c:
g=10
sfte=192000
cF
cN
sD: 
dP
sP
end of file treatment


tOF : 12:08:24:123
wavfile=SR2_20160424_013856_035.wav
c:
g=10
sfte=192000
cF
cN
sD: 
dP
sP
end of file treatment


tOF : 12:08:24:211
wavfile=SR2_20160424_025135_724.wav
c:
g=10
sfte=192000
cF
cN
sD: 
dP
sP
end of file treatment


tOF : 12:08:24:327
wavfile=SR2_20160424_025248_932.wav
c:
g=10
sfte=192000
cF
cN
sD: 
dP
sP
end of file treatment


tOF : 12:08:24:408
wavfile=SR2_20160424_025745_588.wav
c:
g=10
sfte=192000
cF
cN
sD: 
dP
sP
end of file treatment


tOF : 12:08:24:506
wavfile=SR2_20160424_033804_000.wav
c:
g=10
sfte=192000
cF
cN
sD: 
dP
sP
end of file treatment


tOF : 12:08:24:617
wavfile=SR2_20160424_184000_000.wav
c:
g=10
sfte=192000
cF
cN
sD: 
dP
sP
end of file treatment


tOF : 12:08:24:742
wavfile=SR2_20160424_204005_000.wav
c:
g=10
sfte=192000
cF
cN
sD: 
dP
sP
end of file treatment


tOF : 12:08:24:808
wavfile=SR2_20160424_204319_651.wav
c:
g=10
sfte=192000
cF
cN
sD: 
dP
sP
end of file treatment


tOF : 12:08:24:888
wavfile=SR2_20160424_212148_575.wav
c:
g=10
sfte=192000
cF
cN
sD: 
dP
sP
end of file treatment


tOF : 12:08:25:050
wavfile=SR2_20160424_212220_125.wav
c:
g=10
sfte=192000
cF
cN
sD: 
dP
sP
end of file treatment


tOF : 12:08:25:158
wavfile=SR2_20160424_212241_692.wav
c:
g=10
sfte=192000
cF
cN
sD: 
dP
sP
end of file treatment


tOF : 12:08:25:288
wavfile=SR2_20160424_212302_505.wav
c:
g=10
sfte=192000
cF
cN
sD: 
dP
sP
end of file treatment


tOF : 12:08:25:492
wavfile=SR2_20160424_221004_000.wav
c:
g=10
sfte=192000
cF
cN
sD: 
dP
sP
end of file treatment


tOF : 12:08:25:569
wavfile=SR2_20160425_001004_000.wav
c:
g=10
sfte=192000
cF
cN
sD: 
dP
sP
end of file treatment


tOF : 12:08:25:657
wavfile=SR2_20160425_021004_000.wav
c:
g=10
sfte=192000
cF
cN
sD: 
dP
sP
end of file treatment


tOF : 12:08:25:758
wavfile=SR2_20160425_041004_000.wav
c:
g=10
sfte=192000
cF
cN
sD: 
dP
sP
end of file treatment


tOF : 12:08:25:831
wavfile=SR2_20160425_190554_361.wav
c:
g=10
sfte=192000
cF
cN
sD: 
dP
sP
end of file treatment


tOF : 12:08:25:977
wavfile=SR2_20160425_193604_980.wav
c:
g=10
sfte=192000
cF
cN
sD: 
dP
sP
end of file treatment


tOF : 12:08:26:118
wavfile=SR2_20160425_194450_269.wav
c:
g=10
sfte=192000
cF
cN
sD: 
dP
sP
end of file treatment


tOF : 12:08:26:204
wavfile=SR2_20160425_204204_000.wav
c:
g=10
sfte=192000
cF
cN
sD: 
dP
sP
end of file treatment


tOF : 12:08:26:270
wavfile=SR2_20160425_211057_155.wav
c:
g=10
sfte=192000
cF
cN
sD: 
dP
sP
end of file treatment


tOF : 12:08:26:668
wavfile=SR2_20160425_214703_828.wav
c:
g=10
sfte=192000
cF
cN
sD: 
dP
sP
end of file treatment


tOF : 12:08:26:814
wavfile=SR2_20160425_221204_000.wav
c:
g=10
sfte=192000
cF
cN
sD: 
dP
sP
end of file treatment


tOF : 12:08:27:084
wavfile=SR2_20160425_234204_000.wav
c:
g=10
sfte=192000
cF
cN
sD: 
dP
sP
end of file treatment


tOF : 12:08:27:142
wavfile=SR2_20160426_004530_692.wav
c:
g=10
sfte=192000
cF
cN
sD: 
dP
sP
end of file treatment


tOF : 12:08:27:325
wavfile=SR2_20160426_013334_505.wav
c:
g=10
sfte=192000
cF
cN
sD: 
dP
sP
end of file treatment


tOF : 12:08:27:447
wavfile=SR2_20160426_013718_204.wav
c:
g=10
sfte=192000
cF
cN
sD: 
dP
sP
end of file treatment


tOF : 12:08:27:557
wavfile=SR2_20160426_013906_525.wav
c:
g=10
sfte=192000
cF
cN
sD: 
dP
sP
end of file treatment


tOF : 12:08:27:673
wavfile=SR2_20160426_014204_000.wav
c:
g=10
sfte=192000
cF
cN
sD: 
dP
sP
end of file treatment


tOF : 12:08:27:762
wavfile=SR2_20160426_015014_825.wav
c:
g=10
sfte=192000
cF
cN
sD: 
dP
sP
end of file treatment


tOF : 12:08:27:863
wavfile=SR2_20160426_020134_473.wav
c:
g=10
sfte=192000
cF
cN
sD: 
dP
sP
end of file treatment


tOF : 12:08:27:995
wavfile=SR2_20160426_020500_851.wav
c:
g=10
sfte=192000
cF
cN
sD: 
dP
sP
end of file treatment


tOF : 12:08:28:087
wavfile=SR2_20160426_020514_383.wav
c:
g=10
sfte=192000
cF
cN
sD: 
dP
sP
end of file treatment


tOF : 12:08:28:215
wavfile=SR2_20160426_020755_347.wav
c:
g=10
sfte=192000
cF
cN
sD: 
dP
sP
end of file treatment


tOF : 12:08:28:362
wavfile=SR2_20160426_020815_108.wav
c:
g=10
sfte=192000
cF
cN
sD: 
dP
sP
end of file treatment


tOF : 12:08:28:508
wavfile=SR2_20160426_021032_417.wav
c:
g=10
sfte=192000
cF
cN
sD: 
dP
sP
end of file treatment


tOF : 12:08:28:661
wavfile=SR2_20160426_021125_441.wav
c:
g=10
sfte=192000
cF
cN
sD: 
dP
sP
end of file treatment


tOF : 12:08:28:809
wavfile=SR2_20160426_021512_419.wav
c:
g=10
sfte=192000
cF
cN
sD: 
dP
sP
end of file treatment


tOF : 12:08:28:930
wavfile=SR2_20160426_021713_587.wav
c:
g=10
sfte=192000
cF
cN
sD: 
dP
sP
end of file treatment


tOF : 12:08:29:120
wavfile=SR2_20160426_021728_587.wav
c:
g=10
sfte=192000
cF
cN
sD: 
dP
sP
end of file treatment


tOF : 12:08:29:229
wavfile=SR2_20160426_021809_375.wav
c:
g=10
sfte=192000
cF
cN
sD: 
dP
sP
end of file treatment


tOF : 12:08:29:346
wavfile=SR2_20160426_021842_203.wav
c:
g=10
sfte=192000
cF
cN
sD: 
dP
sP
end of file treatment


tOF : 12:08:29:451
wavfile=SR2_20160426_021951_095.wav
c:
g=10
sfte=192000
cF
cN
sD: 
dP
sP
end of file treatment


tOF : 12:08:29:555
wavfile=SR2_20160426_022103_127.wav
c:
g=10
sfte=192000
cF
cN
sD: 
dP
sP
end of file treatment


tOF : 12:08:29:642
wavfile=SR2_20160426_022123_585.wav
c:
g=10
sfte=192000
cF
cN
sD: 
dP
sP
end of file treatment


tOF : 12:08:29:739
wavfile=SR2_20160426_022139_909.wav
c:
g=10
sfte=192000
cF
cN
sD: 
dP
sP
end of file treatment


tOF : 12:08:29:854
wavfile=SR2_20160426_022304_905.wav
c:
g=10
sfte=192000
cF
cN
sD: 
dP
sP
end of file treatment


tOF : 12:08:29:997
wavfile=SR2_20160426_022505_595.wav
c:
g=10
sfte=192000
cF
cN
sD: 
dP
sP
end of file treatment


tOF : 12:08:30:256
wavfile=SR2_20160426_022615_677.wav
c:
g=10
sfte=192000
cF
cN
sD: 
dP
sP
end of file treatment


tOF : 12:08:30:453
wavfile=SR2_20160426_022628_079.wav
c:
g=10
sfte=192000
cF
cN
sD: 
dP
sP
end of file treatment


tOF : 12:08:30:660
wavfile=SR2_20160426_022646_107.wav
c:
g=10
sfte=192000
cF
cN
sD: 
dP
sP
end of file treatment


tOF : 12:08:30:852
wavfile=SR2_20160426_022759_959.wav
c:
g=10
sfte=192000
cF
cN
sD: 
dP
sP
end of file treatment


tOF : 12:08:31:114
wavfile=SR2_20160426_022810_180.wav
c:
g=10
sfte=192000
cF
cN
sD: 
dP
sP
end of file treatment


tOF : 12:08:31:216
wavfile=SR2_20160426_022843_496.wav
c:
g=10
sfte=192000
cF
cN
sD: 
dP
sP
end of file treatment


tOF : 12:08:31:297
wavfile=SR2_20160426_022853_809.wav
c:
g=10
sfte=192000
cF
cN
sD: 
dP
sP
end of file treatment


tOF : 12:08:31:384
wavfile=SR2_20160426_022941_977.wav
c:
g=10
sfte=192000
cF
cN
sD: 
dP
sP
end of file treatment


tOF : 12:08:31:592
wavfile=SR2_20160426_023009_053.wav
c:
g=10
sfte=192000
cF
cN
sD: 
dP
sP
end of file treatment


tOF : 12:08:31:771
wavfile=SR2_20160426_023029_452.wav
c:
g=10
sfte=192000
cF
cN
sD: 
dP
sP
end of file treatment


tOF : 12:08:32:040
wavfile=SR2_20160426_023041_157.wav
c:
g=10
sfte=192000
cF
cN
sD: 
dP
sP
end of file treatment


tOF : 12:08:32:174
wavfile=SR2_20160426_023054_135.wav
c:
g=10
sfte=192000
cF
cN
sD: 
dP
sP
end of file treatment


tOF : 12:08:32:346
wavfile=SR2_20160426_023114_945.wav
c:
g=10
sfte=192000
cF
cN
sD: 
dP
sP
end of file treatment


tOF : 12:08:32:515
wavfile=SR2_20160426_023127_187.wav
c:
g=10
sfte=192000
cF
cN
sD: 
dP
sP
end of file treatment


tOF : 12:08:32:677
wavfile=SR2_20160426_023146_699.wav
c:
g=10
sfte=192000
cF
cN
sD: 
dP
sP
end of file treatment


tOF : 12:08:32:994
wavfile=SR2_20160426_023215_437.wav
c:
g=10
sfte=192000
cF
cN
sD: 
dP
sP
end of file treatment


tOF : 12:08:33:164
wavfile=SR2_20160426_023236_336.wav
c:
g=10
sfte=192000
cF
cN
sD: 
dP
sP
end of file treatment


tOF : 12:08:33:248
wavfile=SR2_20160426_023253_108.wav
c:
g=10
sfte=192000
cF
cN
sD: 
dP
sP
end of file treatment


tOF : 12:08:33:372
wavfile=SR2_20160426_023309_444.wav
c:
g=10
sfte=192000
cF
cN
sD: 
dP
sP
end of file treatment


tOF : 12:08:33:523
wavfile=SR2_20160426_023327_244.wav
c:
g=10
sfte=192000
cF
cN
sD: 
dP
sP
end of file treatment


tOF : 12:08:33:733
wavfile=SR2_20160426_023340_231.wav
c:
g=10
sfte=192000
cF
cN
sD: 
dP
sP
end of file treatment


tOF : 12:08:33:924
wavfile=SR2_20160426_023359_416.wav
c:
g=10
sfte=192000
cF
cN
sD: 
dP
sP
end of file treatment


tOF : 12:08:34:018
wavfile=SR2_20160426_023424_563.wav
c:
g=10
sfte=192000
cF
cN
sD: 
dP
sP
end of file treatment


tOF : 12:08:34:193
wavfile=SR2_20160426_023437_181.wav
c:
g=10
sfte=192000
cF
cN
sD: 
dP
sP
end of file treatment


tOF : 12:08:34:336
wavfile=SR2_20160426_023459_353.wav
c:
g=10
sfte=192000
cF
cN
sD: 
dP
sP
end of file treatment


tOF : 12:08:34:459
wavfile=SR2_20160426_023512_497.wav
c:
g=10
sfte=192000
cF
cN
sD: 
dP
sP
end of file treatment


tOF : 12:08:34:666
wavfile=SR2_20160426_023613_027.wav
c:
g=10
sfte=192000
cF
cN
sD: 
dP
sP
end of file treatment


tOF : 12:08:35:225
wavfile=SR2_20160426_023933_711.wav
c:
g=10
sfte=192000
cF
cN
sD: 
dP
sP
end of file treatment


tOF : 12:08:35:343
wavfile=SR2_20160426_024002_843.wav
c:
g=10
sfte=192000
cF
cN
sD: 
dP
sP
end of file treatment


tOF : 12:08:35:427
wavfile=SR2_20160426_024042_915.wav
c:
g=10
sfte=192000
cF
cN
sD: 
dP
sP
end of file treatment


tOF : 12:08:35:657
wavfile=SR2_20160426_024110_271.wav
c:
g=10
sfte=192000
cF
cN
sD: 
dP
sP
end of file treatment


tOF : 12:08:35:906
wavfile=SR2_20160426_024143_376.wav
c:
g=10
sfte=192000
cF
cN
sD: 
dP
sP
end of file treatment


tOF : 12:08:36:056
wavfile=SR2_20160426_024207_000.wav
c:
g=10
sfte=192000
cF
cN
sD: 
dP
sP
end of file treatment


tOF : 12:08:36:490
wavfile=SR2_20160426_024221_500.wav
c:
g=10
sfte=192000
cF
cN
sD: 
dP
sP
end of file treatment


tOF : 12:08:36:725
wavfile=SR2_20160426_024237_281.wav
c:
g=10
sfte=192000
cF
cN
sD: 
dP
sP
end of file treatment


tOF : 12:08:36:930
wavfile=SR2_20160426_024256_331.wav
c:
g=10
sfte=192000
cF
cN
sD: 
dP
sP
end of file treatment


tOF : 12:08:37:122
wavfile=SR2_20160426_024349_508.wav
c:
g=10
sfte=192000
cF
cN
sD: 
dP
sP
end of file treatment


tOF : 12:08:37:300
wavfile=SR2_20160426_024433_349.wav
c:
g=10
sfte=192000
cF
cN
sD: 
dP
sP
end of file treatment


tOF : 12:08:37:433
wavfile=SR2_20160426_024444_236.wav
c:
g=10
sfte=192000
cF
cN
sD: 
dP
sP
end of file treatment


tOF : 12:08:37:844
wavfile=SR2_20160426_024458_989.wav
c:
g=10
sfte=192000
cF
cN
sD: 
dP
sP
end of file treatment


tOF : 12:08:38:021
wavfile=SR2_20160426_024527_388.wav
c:
g=10
sfte=192000
cF
cN
sD: 
dP
sP
end of file treatment


tOF : 12:08:38:216
wavfile=SR2_20160426_024546_977.wav
c:
g=10
sfte=192000
cF
cN
sD: 
dP
sP
end of file treatment


tOF : 12:08:38:409
wavfile=SR2_20160426_024740_336.wav
c:
g=10
sfte=192000
cF
cN
sD: 
dP
sP
end of file treatment


tOF : 12:08:38:577
wavfile=SR2_20160426_024827_127.wav
c:
g=10
sfte=192000
cF
cN
sD: 
dP
sP
end of file treatment


tOF : 12:08:38:736
wavfile=SR2_20160426_024907_601.wav
c:
g=10
sfte=192000
cF
cN
sD: 
dP
sP
end of file treatment


tOF : 12:08:39:064
wavfile=SR2_20160426_025126_603.wav
c:
g=10
sfte=192000
cF
cN
sD: 
dP
sP
end of file treatment


tOF : 12:08:39:145
wavfile=SR2_20160426_025226_340.wav
c:
g=10
sfte=192000
cF
cN
sD: 
dP
sP
end of file treatment


tOF : 12:08:39:348
wavfile=SR2_20160426_025310_687.wav
c:
g=10
sfte=192000
cF
cN
sD: 
dP
sP
end of file treatment


tOF : 12:08:39:426
wavfile=SR2_20160426_025505_300.wav
c:
g=10
sfte=192000
cF
cN
sD: 
dP
sP
end of file treatment


tOF : 12:08:39:609
wavfile=SR2_20160426_025623_520.wav
c:
g=10
sfte=192000
cF
cN
sD: 
dP
sP
end of file treatment


tOF : 12:08:39:846
wavfile=SR2_20160426_025640_716.wav
c:
g=10
sfte=192000
cF
cN
sD: 
dP
sP
end of file treatment


tOF : 12:08:39:970
wavfile=SR2_20160426_025709_340.wav
c:
g=10
sfte=192000
cF
cN
sD: 
dP
sP
end of file treatment


tOF : 12:08:40:170
wavfile=SR2_20160426_025719_448.wav
c:
g=10
sfte=192000
cF
cN
sD: 
dP
sP
end of file treatment


tOF : 12:08:40:414
wavfile=SR2_20160426_025751_880.wav
c:
g=10
sfte=192000
cF
cN
sD: 
dP
sP
end of file treatment


tOF : 12:08:40:554
wavfile=SR2_20160426_025820_380.wav
c:
g=10
sfte=192000
cF
cN
sD: 
dP
sP
end of file treatment


tOF : 12:08:40:713
wavfile=SR2_20160426_025857_024.wav
c:
g=10
sfte=192000
cF
cN
sD: 
dP
sP
end of file treatment


tOF : 12:08:40:869
wavfile=SR2_20160426_030030_011.wav
c:
g=10
sfte=192000
cF
cN
sD: 
dP
sP
end of file treatment


tOF : 12:08:41:024
wavfile=SR2_20160426_030043_780.wav
c:
g=10
sfte=192000
cF
cN
sD: 
dP
sP
end of file treatment


tOF : 12:08:41:299
wavfile=SR2_20160426_030056_168.wav
c:
g=10
sfte=192000
cF
cN
sD: 
dP
sP
end of file treatment


tOF : 12:08:41:403
wavfile=SR2_20160426_030150_760.wav
c:
g=10
sfte=192000
cF
cN
sD: 
dP
sP
end of file treatment


tOF : 12:08:41:605
wavfile=SR2_20160426_030214_541.wav
c:
g=10
sfte=192000
cF
cN
sD: 
dP
sP
end of file treatment


tOF : 12:08:41:809
wavfile=SR2_20160426_030247_755.wav
c:
g=10
sfte=192000
cF
cN
sD: 
dP
sP
end of file treatment


tOF : 12:08:41:924
wavfile=SR2_20160426_030401_625.wav
c:
g=10
sfte=192000
cF
cN
sD: 
dP
sP
end of file treatment


tOF : 12:08:42:054
wavfile=SR2_20160426_030415_483.wav
c:
g=10
sfte=192000
cF
cN
sD: 
dP
sP
end of file treatment


tOF : 12:08:42:223
wavfile=SR2_20160426_030423_889.wav
c:
g=10
sfte=192000
cF
cN
sD: 
dP
sP
end of file treatment


tOF : 12:08:42:407
wavfile=SR2_20160426_030444_433.wav
c:
g=10
sfte=192000
cF
cN
sD: 
dP
sP
end of file treatment


tOF : 12:08:42:590
wavfile=SR2_20160426_030512_185.wav
c:
g=10
sfte=192000
cF
cN
sD: 
dP
sP
end of file treatment


tOF : 12:08:42:787
wavfile=SR2_20160426_030534_973.wav
c:
g=10
sfte=192000
cF
cN
sD: 
dP
sP
end of file treatment


tOF : 12:08:42:964
wavfile=SR2_20160426_030643_575.wav
c:
g=10
sfte=192000
cF
cN
sD: 
dP
sP
end of file treatment


tOF : 12:08:43:429
wavfile=SR2_20160426_030714_763.wav
c:
g=10
sfte=192000
cF
cN
sD: 
dP
sP
end of file treatment


tOF : 12:08:43:592
wavfile=SR2_20160426_030728_897.wav
c:
g=10
sfte=192000
cF
cN
sD: 
dP
sP
end of file treatment


tOF : 12:08:43:686
wavfile=SR2_20160426_030808_467.wav
c:
g=10
sfte=192000
cF
cN
sD: 
dP
sP
end of file treatment


tOF : 12:08:43:808
wavfile=SR2_20160426_030817_488.wav
c:
g=10
sfte=192000
cF
cN
sD: 
dP
sP
end of file treatment


tOF : 12:08:43:881
wavfile=SR2_20160426_030850_336.wav
c:
g=10
sfte=192000
cF
cN
sD: 
dP
sP
end of file treatment


tOF : 12:08:44:027
wavfile=SR2_20160426_030917_945.wav
c:
g=10
sfte=192000
cF
cN
sD: 
dP
sP
end of file treatment


tOF : 12:08:44:098
wavfile=SR2_20160426_030935_989.wav
c:
g=10
sfte=192000
cF
cN
sD: 
dP
sP
end of file treatment


tOF : 12:08:44:165
wavfile=SR2_20160426_030958_173.wav
c:
g=10
sfte=192000
cF
cN
sD: 
dP
sP
end of file treatment


tOF : 12:08:44:422
wavfile=SR2_20160426_031053_441.wav
c:
g=10
sfte=192000
cF
cN
sD: 
dP
sP
end of file treatment


tOF : 12:08:44:655
wavfile=SR2_20160426_031116_503.wav
c:
g=10
sfte=192000
cF
cN
sD: 
dP
sP
end of file treatment


tOF : 12:08:44:914
wavfile=SR2_20160426_031131_249.wav
c:
g=10
sfte=192000
cF
cN
sD: 
dP
sP
end of file treatment


tOF : 12:08:45:067
wavfile=SR2_20160426_031142_323.wav
c:
g=10
sfte=192000
cF
cN
sD: 
dP
sP
end of file treatment


tOF : 12:08:45:254
wavfile=SR2_20160426_031156_471.wav
c:
g=10
sfte=192000
cF
cN
sD: 
dP
sP
end of file treatment


tOF : 12:08:45:533
wavfile=SR2_20160426_031223_732.wav
c:
g=10
sfte=192000
cF
cN
sD: 
dP
sP
end of file treatment


tOF : 12:08:45:717
wavfile=SR2_20160426_031247_824.wav
c:
g=10
sfte=192000
cF
cN
sD: 
dP
sP
end of file treatment


tOF : 12:08:45:898
wavfile=SR2_20160426_031314_188.wav
c:
g=10
sfte=192000
cF
cN
sD: 
dP
sP
end of file treatment


tOF : 12:08:46:040
wavfile=SR2_20160426_031338_060.wav
c:
g=10
sfte=192000
cF
cN
sD: 
dP
sP
end of file treatment


tOF : 12:08:46:257
wavfile=SR2_20160426_031404_116.wav
c:
g=10
sfte=192000
cF
cN
sD: 
dP
sP
end of file treatment


tOF : 12:08:46:415
wavfile=SR2_20160426_031512_735.wav
c:
g=10
sfte=192000
cF
cN
sD: 
dP
sP
end of file treatment


tOF : 12:08:46:570
wavfile=SR2_20160426_031610_812.wav
c:
g=10
sfte=192000
cF
cN
sD: 
dP
sP
end of file treatment


tOF : 12:08:46:794
wavfile=SR2_20160426_031630_903.wav
c:
g=10
sfte=192000
cF
cN
sD: 
dP
sP
end of file treatment


tOF : 12:08:47:109
wavfile=SR2_20160426_031812_135.wav
c:
g=10
sfte=192000
cF
cN
sD: 
dP
sP
end of file treatment


tOF : 12:08:47:229
wavfile=SR2_20160426_031900_705.wav
c:
g=10
sfte=192000
cF
cN
sD: 
dP
sP
end of file treatment


tOF : 12:08:47:509
wavfile=SR2_20160426_032040_603.wav
c:
g=10
sfte=192000
cF
cN
sD: 
dP
sP
end of file treatment


tOF : 12:08:47:663
wavfile=SR2_20160426_032244_747.wav
c:
g=10
sfte=192000
cF
cN
sD: 
dP
sP
end of file treatment


tOF : 12:08:47:758
wavfile=SR2_20160426_032341_355.wav
c:
g=10
sfte=192000
cF
cN
sD: 
dP
sP
end of file treatment


tOF : 12:08:47:888
wavfile=SR2_20160426_032404_825.wav
c:
g=10
sfte=192000
cF
cN
sD: 
dP
sP
end of file treatment


tOF : 12:08:48:008
wavfile=SR2_20160426_032426_155.wav
c:
g=10
sfte=192000
cF
cN
sD: 
dP
sP
end of file treatment


tOF : 12:08:48:132
wavfile=SR2_20160426_032543_324.wav
c:
g=10
sfte=192000
cF
cN
sD: 
dP
sP
end of file treatment


tOF : 12:08:48:259
wavfile=SR2_20160426_032656_449.wav
c:
g=10
sfte=192000
cF
cN
sD: 
dP
sP
end of file treatment


tOF : 12:08:48:419
wavfile=SR2_20160426_032808_985.wav
c:
g=10
sfte=192000
cF
cN
sD: 
dP
sP
end of file treatment


tOF : 12:08:48:519
wavfile=SR2_20160426_032902_643.wav
c:
g=10
sfte=192000
cF
cN
sD: 
dP
sP
end of file treatment


tOF : 12:08:48:654
wavfile=SR2_20160426_034206_000.wav
c:
g=10
sfte=192000
cF
cN
sD: 
dP
sP
end of file treatment


tOF : 12:08:48:785
wavfile=SR2_20160426_040307_957.wav
c:
g=10
sfte=192000
cF
cN
sD: 
dP
sP
end of file treatment


tOF : 12:08:49:105
wavfile=SR2_20160426_040347_760.wav
c:
g=10
sfte=192000
cF
cN
sD: 
dP
sP
end of file treatment


tOF : 12:08:49:290
wavfile=SR2_20160426_040903_625.wav
c:
g=10
sfte=192000
cF
cN
sD: 
dP
sP
end of file treatment


tOF : 12:08:49:468
wavfile=SR2_20160426_041206_000.wav
c:
g=10
sfte=192000
cF
cN
sD: 
dP
sP
end of file treatment


tOF : 12:08:49:708
wavfile=SR2_20160426_041838_595.wav
c:
g=10
sfte=192000
cF
cN
sD: 
dP
sP
end of file treatment


tOF : 12:08:49:820
wavfile=SR2_20160426_044754_735.wav
c:
g=10
sfte=192000
cF
cN
sD: 
dP
sP
end of file treatment


tOF : 12:08:50:021
wavfile=SR2_20160426_044848_201.wav
c:
g=10
sfte=192000
cF
cN
sD: 
dP
sP
end of file treatment


tOF : 12:08:50:225
wavfile=SR2_20160426_044908_767.wav
c:
g=10
sfte=192000
cF
cN
sD: 
dP
sP
end of file treatment


tOF : 12:08:50:368
wavfile=SR2_20160426_044937_937.wav
c:
g=10
sfte=192000
cF
cN
sD: 
dP
sP
end of file treatment


tOF : 12:08:50:580
wavfile=SR2_20160426_044950_137.wav
c:
g=10
sfte=192000
cF
cN
sD: 
dP
sP
end of file treatment


tOF : 12:08:50:745
wavfile=SR2_20160426_045007_512.wav
c:
g=10
sfte=192000
cF
cN
sD: 
dP
sP
end of file treatment


tOF : 12:08:50:851
wavfile=SR2_20160426_045031_859.wav
c:
g=10
sfte=192000
cF
cN
sD: 
dP
sP
end of file treatment


tOF : 12:08:51:204
wavfile=SR2_20160426_045056_127.wav
c:
g=10
sfte=192000
cF
cN
sD: 
dP
sP
end of file treatment


tOF : 12:08:51:388
wavfile=SR2_20160426_045109_155.wav
c:
g=10
sfte=192000
cF
cN
sD: 
dP
sP
end of file treatment


tOF : 12:08:51:659
wavfile=SR2_20160426_045121_509.wav
c:
g=10
sfte=192000
cF
cN
sD: 
dP
sP
end of file treatment


tOF : 12:08:51:820
wavfile=SR2_20160426_045128_987.wav
c:
g=10
sfte=192000
cF
cN
sD: 
dP
sP
end of file treatment


tOF : 12:08:52:073
wavfile=SR2_20160426_045148_415.wav
c:
g=10
sfte=192000
cF
cN
sD: 
dP
sP
end of file treatment


tOF : 12:08:52:263
wavfile=SR2_20160426_045214_580.wav
c:
g=10
sfte=192000
cF
cN
sD: 
dP
sP
end of file treatment


tOF : 12:08:52:708
wavfile=SR2_20160426_045226_632.wav
c:
g=10
sfte=192000
cF
cN
sD: 
dP
sP
end of file treatment


tOF : 12:08:52:856
wavfile=SR2_20160426_045310_948.wav
c:
g=10
sfte=192000
cF
cN
sD: 
dP
sP
end of file treatment


tOF : 12:08:53:094
wavfile=SR2_20160426_045351_193.wav
c:
g=10
sfte=192000
cF
cN
sD: 
dP
sP
end of file treatment


tOF : 12:08:53:247
wavfile=SR2_20160426_045359_725.wav
c:
g=10
sfte=192000
cF
cN
sD: 
dP
sP
end of file treatment


tOF : 12:08:53:445
wavfile=SR2_20160426_045408_519.wav
c:
g=10
sfte=192000
cF
cN
sD: 
dP
sP
end of file treatment


tOF : 12:08:53:647
wavfile=SR2_20160426_045423_580.wav
c:
g=10
sfte=192000
cF
cN
sD: 
dP
sP
end of file treatment


tOF : 12:08:53:776
wavfile=SR2_20160426_045432_195.wav
c:
g=10
sfte=192000
cF
cN
sD: 
dP
sP
end of file treatment


tOF : 12:08:53:986
wavfile=SR2_20160426_045444_000.wav
c:
g=10
sfte=192000
cF
cN
sD: 
dP
sP
end of file treatment


tOF : 12:08:54:173
wavfile=SR2_20160426_045457_433.wav
c:
g=10
sfte=192000
cF
cN
sD: 
dP
sP
end of file treatment


tOF : 12:08:54:409
wavfile=SR2_20160426_045524_336.wav
c:
g=10
sfte=192000
cF
cN
sD: 
dP
sP
end of file treatment


tOF : 12:08:54:569
wavfile=SR2_20160426_045550_413.wav
c:
g=10
sfte=192000
cF
cN
sD: 
dP
sP
end of file treatment


tOF : 12:08:54:756
wavfile=SR2_20160426_045557_937.wav
c:
g=10
sfte=192000
cF
cN
sD: 
dP
sP
end of file treatment


tOF : 12:08:54:929
wavfile=SR2_20160426_045639_757.wav
c:
g=10
sfte=192000
cF
cN
sD: 
dP
sP
end of file treatment


tOF : 12:08:55:135
wavfile=SR2_20160426_184626_572.wav
c:
g=10
sfte=192000
cF
cN
sD: 
dP
sP
end of file treatment


tOF : 12:08:55:218
wavfile=SR2_20160426_185503_875.wav
c:
g=10
sfte=192000
cF
cN
sD: 
dP
sP
end of file treatment


tOF : 12:08:55:341
wavfile=SR2_20160426_185617_637.wav
c:
g=10
sfte=192000
cF
cN
sD: 
dP
sP
end of file treatment


tOF : 12:08:55:419
wavfile=SR2_20160426_185735_920.wav
c:
g=10
sfte=192000
cF
cN
sD: 
dP
sP
end of file treatment


tOF : 12:08:55:525
wavfile=SR2_20160426_185758_061.wav
c:
g=10
sfte=192000
cF
cN
sD: 
dP
sP
end of file treatment


tOF : 12:08:55:686
wavfile=SR2_20160426_185855_387.wav
c:
g=10
sfte=192000
cF
cN
sD: 
dP
sP
end of file treatment


tOF : 12:08:55:784
wavfile=SR2_20160426_185909_920.wav
c:
g=10
sfte=192000
cF
cN
sD: 
dP
sP
end of file treatment


tOF : 12:08:55:917
wavfile=SR2_20160426_185932_336.wav
c:
g=10
sfte=192000
cF
cN
sD: 
dP
sP
end of file treatment


tOF : 12:08:56:069
wavfile=SR2_20160426_185940_533.wav
c:
g=10
sfte=192000
cF
cN
sD: 
dP
sP
end of file treatment


tOF : 12:08:56:243
wavfile=SR2_20160426_185959_584.wav
c:
g=10
sfte=192000
cF
cN
sD: 
dP
sP
end of file treatment


tOF : 12:08:56:495
wavfile=SR2_20160426_190027_172.wav
c:
g=10
sfte=192000
cF
cN
sD: 
dP
sP
end of file treatment


tOF : 12:08:56:703
wavfile=SR2_20160426_190037_368.wav
c:
g=10
sfte=192000
cF
cN
sD: 
dP
sP
end of file treatment


tOF : 12:08:56:986
wavfile=SR2_20160426_190114_624.wav
c:
g=10
sfte=192000
cF
cN
sD: 
dP
sP
end of file treatment


tOF : 12:08:57:104
wavfile=SR2_20160426_190156_983.wav
c:
g=10
sfte=192000
cF
cN
sD: 
dP
sP
end of file treatment


tOF : 12:08:57:235
wavfile=SR2_20160426_190230_300.wav
c:
g=10
sfte=192000
cF
cN
sD: 
dP
sP
end of file treatment


tOF : 12:08:57:385
wavfile=SR2_20160426_190239_837.wav
c:
g=10
sfte=192000
cF
cN
sD: 
dP
sP
end of file treatment


tOF : 12:08:57:512
wavfile=SR2_20160426_190308_323.wav
c:
g=10
sfte=192000
cF
cN
sD: 
dP
sP
end of file treatment


tOF : 12:08:57:609
wavfile=SR2_20160426_190324_880.wav
c:
g=10
sfte=192000
cF
cN
sD: 
dP
sP
end of file treatment


tOF : 12:08:57:779
wavfile=SR2_20160426_190348_993.wav
c:
g=10
sfte=192000
cF
cN
sD: 
dP
sP
end of file treatment


tOF : 12:08:57:926
wavfile=SR2_20160426_190409_037.wav
c:
g=10
sfte=192000
cF
cN
sD: 
dP
sP
end of file treatment


tOF : 12:08:58:055
wavfile=SR2_20160426_190426_145.wav
c:
g=10
sfte=192000
cF
cN
sD: 
dP
sP
end of file treatment


tOF : 12:08:58:145
wavfile=SR2_20160426_190506_073.wav
c:
g=10
sfte=192000
cF
cN
sD: 
dP
sP
end of file treatment


tOF : 12:08:58:267
wavfile=SR2_20160426_190528_533.wav
c:
g=10
sfte=192000
cF
cN
sD: 
dP
sP
end of file treatment


tOF : 12:08:58:528
wavfile=SR2_20160426_190546_911.wav
c:
g=10
sfte=192000
cF
cN
sD: 
dP
sP
end of file treatment


tOF : 12:08:58:655
wavfile=SR2_20160426_190614_395.wav
c:
g=10
sfte=192000
cF
cN
sD: 
dP
sP
end of file treatment


tOF : 12:08:58:845
wavfile=SR2_20160426_190706_672.wav
c:
g=10
sfte=192000
cF
cN
sD: 
dP
sP
end of file treatment


tOF : 12:08:58:995
wavfile=SR2_20160426_190754_905.wav
c:
g=10
sfte=192000
cF
cN
sD: 
dP
sP
end of file treatment


tOF : 12:08:59:161
wavfile=SR2_20160426_190835_859.wav
c:
g=10
sfte=192000
cF
cN
sD: 
dP
sP
end of file treatment


tOF : 12:08:59:464
wavfile=SR2_20160426_190918_607.wav
c:
g=10
sfte=192000
cF
cN
sD: 
dP
sP
end of file treatment


tOF : 12:08:59:667
wavfile=SR2_20160426_190958_387.wav
c:
g=10
sfte=192000
cF
cN
sD: 
dP
sP
end of file treatment


tOF : 12:08:59:781
wavfile=SR2_20160426_191405_000.wav
c:
g=10
sfte=192000
cF
cN
sD: 
dP
sP
end of file treatment


tOF : 12:09:00:280
wavfile=SR2_20160426_200455_353.wav
c:
g=10
sfte=192000
cF
cN
sD: 
dP
sP
end of file treatment


tOF : 12:09:00:427
wavfile=SR2_20160426_200552_425.wav
c:
g=10
sfte=192000
cF
cN
sD: 
dP
sP
end of file treatment


tOF : 12:09:00:547
wavfile=SR2_20160426_200616_685.wav
c:
g=10
sfte=192000
cF
cN
sD: 
dP
sP
end of file treatment


tOF : 12:09:00:654
wavfile=SR2_20160426_200636_485.wav
c:
g=10
sfte=192000
cF
cN
sD: 
dP
sP
end of file treatment


tOF : 12:09:00:743
wavfile=SR2_20160426_201714_804.wav
c:
g=10
sfte=192000
cF
cN
sD: 
dP
sP
end of file treatment


tOF : 12:09:00:877
wavfile=SR2_20160426_202543_119.wav
c:
g=10
sfte=192000
cF
cN
sD: 
dP
sP
end of file treatment


tOF : 12:09:01:126
wavfile=SR2_20160426_202552_445.wav
c:
g=10
sfte=192000
cF
cN
sD: 
dP
sP
end of file treatment


tOF : 12:09:01:362
wavfile=SR2_20160426_202600_748.wav
c:
g=10
sfte=192000
cF
cN
sD: 
dP
sP
end of file treatment


tOF : 12:09:01:437
wavfile=SR2_20160426_202611_004.wav
c:
g=10
sfte=192000
cF
cN
sD: 
dP
sP
end of file treatment


tOF : 12:09:01:623
wavfile=SR2_20160426_202623_228.wav
c:
g=10
sfte=192000
cF
cN
sD: 
dP
sP
end of file treatment


tOF : 12:09:01:767
wavfile=SR2_20160426_202651_392.wav
c:
g=10
sfte=192000
cF
cN
sD: 
dP
sP
end of file treatment


tOF : 12:09:01:860
wavfile=SR2_20160426_202731_291.wav
c:
g=10
sfte=192000
cF
cN
sD: 
dP
sP
end of file treatment


tOF : 12:09:01:971
wavfile=SR2_20160426_202839_164.wav
c:
g=10
sfte=192000
cF
cN
sD: 
dP
sP
end of file treatment


tOF : 12:09:02:085
wavfile=SR2_20160426_202916_161.wav
c:
g=10
sfte=192000
cF
cN
sD: 
dP
sP
end of file treatment


tOF : 12:09:02:227
wavfile=SR2_20160426_202929_597.wav
c:
g=10
sfte=192000
cF
cN
sD: 
dP
sP
end of file treatment


tOF : 12:09:02:359
wavfile=SR2_20160426_202939_768.wav
c:
g=10
sfte=192000
cF
cN
sD: 
dP
sP
end of file treatment


tOF : 12:09:02:565
wavfile=SR2_20160426_202948_487.wav
c:
g=10
sfte=192000
cF
cN
sD: 
dP
sP
end of file treatment


tOF : 12:09:02:653
wavfile=SR2_20160426_203003_745.wav
c:
g=10
sfte=192000
cF
cN
sD: 
dP
sP
end of file treatment


tOF : 12:09:02:728
wavfile=SR2_20160426_203026_871.wav
c:
g=10
sfte=192000
cF
cN
sD: 
dP
sP
end of file treatment


tOF : 12:09:02:804
wavfile=SR2_20160426_203101_057.wav
c:
g=10
sfte=192000
cF
cN
sD: 
dP
sP
end of file treatment


tOF : 12:09:02:888
wavfile=SR2_20160426_203131_871.wav
c:
g=10
sfte=192000
cF
cN
sD: 
dP
sP
end of file treatment


tOF : 12:09:02:989
wavfile=SR2_20160426_203155_835.wav
c:
g=10
sfte=192000
cF
cN
sD: 
dP
sP
end of file treatment


tOF : 12:09:03:317
wavfile=SR2_20160426_203211_971.wav
c:
g=10
sfte=192000
cF
cN
sD: 
dP
sP
end of file treatment


tOF : 12:09:03:467
wavfile=SR2_20160426_203227_959.wav
c:
g=10
sfte=192000
cF
cN
sD: 
dP
sP
end of file treatment


tOF : 12:09:03:723
wavfile=SR2_20160426_203255_059.wav
c:
g=10
sfte=192000
cF
cN
sD: 
dP
sP
end of file treatment


tOF : 12:09:03:953
wavfile=SR2_20160426_203308_665.wav
c:
g=10
sfte=192000
cF
cN
sD: 
dP
sP
end of file treatment


tOF : 12:09:04:051
wavfile=SR2_20160426_203404_487.wav
c:
g=10
sfte=192000
cF
cN
sD: 
dP
sP
end of file treatment


tOF : 12:09:04:261
wavfile=SR2_20160426_203427_225.wav
c:
g=10
sfte=192000
cF
cN
sD: 
dP
sP
end of file treatment


tOF : 12:09:04:400
wavfile=SR2_20160426_203659_747.wav
c:
g=10
sfte=192000
cF
cN
sD: 
dP
sP
end of file treatment


tOF : 12:09:04:484
wavfile=SR2_20160426_203944_532.wav
c:
g=10
sfte=192000
cF
cN
sD: 
dP
sP
end of file treatment


tOF : 12:09:04:556
wavfile=SR2_20160426_204331_861.wav
c:
g=10
sfte=192000
cF
cN
sD: 
dP
sP
end of file treatment


tOF : 12:09:04:650
wavfile=SR2_20160426_204400_497.wav
c:
g=10
sfte=192000
cF
cN
sD: 
dP
sP
end of file treatment


tOF : 12:09:04:875
wavfile=SR2_20160426_204532_609.wav
c:
g=10
sfte=192000
cF
cN
sD: 
dP
sP
end of file treatment


tOF : 12:09:04:975
wavfile=SR2_20160426_204605_096.wav
c:
g=10
sfte=192000
cF
cN
sD: 
dP
sP
end of file treatment


tOF : 12:09:05:199
wavfile=SR2_20160426_204626_304.wav
c:
g=10
sfte=192000
cF
cN
sD: 
dP
sP
end of file treatment


tOF : 12:09:05:290
wavfile=SR2_20160426_204700_853.wav
c:
g=10
sfte=192000
cF
cN
sD: 
dP
sP
end of file treatment


tOF : 12:09:05:414
wavfile=SR2_20160426_204724_391.wav
c:
g=10
sfte=192000
cF
cN
sD: 
dP
sP
end of file treatment


tOF : 12:09:05:492
wavfile=SR2_20160426_204817_655.wav
c:
g=10
sfte=192000
cF
cN
sD: 
dP
sP
end of file treatment


tOF : 12:09:05:611
wavfile=SR2_20160426_204832_043.wav
c:
g=10
sfte=192000
cF
cN
sD: 
dP
sP
end of file treatment


tOF : 12:09:05:706
wavfile=SR2_20160426_204849_416.wav
c:
g=10
sfte=192000
cF
cN
sD: 
dP
sP
end of file treatment


tOF : 12:09:05:966
wavfile=SR2_20160426_204908_928.wav
c:
g=10
sfte=192000
cF
cN
sD: 
dP
sP
end of file treatment


tOF : 12:09:06:205
wavfile=SR2_20160426_204923_149.wav
c:
g=10
sfte=192000
cF
cN
sD: 
dP
sP
end of file treatment


tOF : 12:09:06:299
wavfile=SR2_20160426_204947_347.wav
c:
g=10
sfte=192000
cF
cN
sD: 
dP
sP
end of file treatment


tOF : 12:09:06:564
wavfile=SR2_20160426_205011_443.wav
c:
g=10
sfte=192000
cF
cN
sD: 
dP
sP
end of file treatment


tOF : 12:09:06:658
wavfile=SR2_20160426_205120_400.wav
c:
g=10
sfte=192000
cF
cN
sD: 
dP
sP
end of file treatment


tOF : 12:09:06:791
wavfile=SR2_20160426_205349_240.wav
c:
g=10
sfte=192000
cF
cN
sD: 
dP
sP
end of file treatment


tOF : 12:09:06:877
wavfile=SR2_20160426_210908_227.wav
c:
g=10
sfte=192000
cF
cN
sD: 
dP
sP
end of file treatment


tOF : 12:09:06:980
wavfile=SR2_20160426_210921_584.wav
c:
g=10
sfte=192000
cF
cN
sD: 
dP
sP
end of file treatment


tOF : 12:09:07:049
wavfile=SR2_20160426_210931_239.wav
c:
g=10
sfte=192000
cF
cN
sD: 
dP
sP
end of file treatment


tOF : 12:09:07:283
wavfile=SR2_20160426_210945_947.wav
c:
g=10
sfte=192000
cF
cN
sD: 
dP
sP
end of file treatment


tOF : 12:09:07:371
wavfile=SR2_20160426_210958_856.wav
c:
g=10
sfte=192000
cF
cN
sD: 
dP
sP
end of file treatment


tOF : 12:09:07:642
wavfile=SR2_20160426_211015_419.wav
c:
g=10
sfte=192000
cF
cN
sD: 
dP
sP
end of file treatment


tOF : 12:09:07:893
wavfile=SR2_20160426_211040_605.wav
c:
g=10
sfte=192000
cF
cN
sD: 
dP
sP
end of file treatment


tOF : 12:09:08:047
wavfile=SR2_20160426_211107_628.wav
c:
g=10
sfte=192000
cF
cN
sD: 
dP
sP
end of file treatment


tOF : 12:09:08:137
wavfile=SR2_20160426_211129_745.wav
c:
g=10
sfte=192000
cF
cN
sD: 
dP
sP
end of file treatment


tOF : 12:09:08:304
wavfile=SR2_20160426_211204_377.wav
c:
g=10
sfte=192000
cF
cN
sD: 
dP
sP
end of file treatment


tOF : 12:09:08:399
wavfile=SR2_20160426_211211_147.wav
c:
g=10
sfte=192000
cF
cN
sD: 
dP
sP
end of file treatment


tOF : 12:09:08:564
wavfile=SR2_20160426_211235_033.wav
c:
g=10
sfte=192000
cF
cN
sD: 
dP
sP
end of file treatment


tOF : 12:09:08:696
wavfile=SR2_20160426_211259_261.wav
c:
g=10
sfte=192000
cF
cN
sD: 
dP
sP
end of file treatment


tOF : 12:09:08:904
wavfile=SR2_20160426_211318_335.wav
c:
g=10
sfte=192000
cF
cN
sD: 
dP
sP
end of file treatment


tOF : 12:09:09:081
wavfile=SR2_20160426_211352_865.wav
c:
g=10
sfte=192000
cF
cN
sD: 
dP
sP
end of file treatment


tOF : 12:09:09:221
wavfile=SR2_20160426_211407_000.wav
c:
g=10
sfte=192000
cF
cN
sD: 
dP
sP
end of file treatment


tOF : 12:09:09:398
wavfile=SR2_20160426_211431_812.wav
c:
g=10
sfte=192000
cF
cN
sD: 
dP
sP
end of file treatment


tOF : 12:09:09:501
wavfile=SR2_20160426_211452_396.wav
c:
g=10
sfte=192000
cF
cN
sD: 
dP
sP
end of file treatment


tOF : 12:09:09:643
wavfile=SR2_20160426_211510_955.wav
c:
g=10
sfte=192000
cF
cN
sD: 
dP
sP
end of file treatment


tOF : 12:09:09:864
wavfile=SR2_20160426_211524_168.wav
c:
g=10
sfte=192000
cF
cN
sD: 
dP
sP
end of file treatment


tOF : 12:09:09:998
wavfile=SR2_20160426_211559_212.wav
c:
g=10
sfte=192000
cF
cN
sD: 
dP
sP
end of file treatment


tOF : 12:09:10:162
wavfile=SR2_20160426_211614_419.wav
c:
g=10
sfte=192000
cF
cN
sD: 
dP
sP
end of file treatment


tOF : 12:09:10:403
wavfile=SR2_20160426_211733_783.wav
c:
g=10
sfte=192000
cF
cN
sD: 
dP
sP
end of file treatment


tOF : 12:09:10:514
wavfile=SR2_20160426_211822_612.wav
c:
g=10
sfte=192000
cF
cN
sD: 
dP
sP
end of file treatment


tOF : 12:09:10:713
wavfile=SR2_20160426_212201_379.wav
c:
g=10
sfte=192000
cF
cN
sD: 
dP
sP
end of file treatment


tOF : 12:09:10:854
wavfile=SR2_20160426_215148_567.wav
c:
g=10
sfte=192000
cF
cN
sD: 
dP
sP
end of file treatment


tOF : 12:09:11:064
wavfile=SR2_20160426_215253_515.wav
c:
g=10
sfte=192000
cF
cN
sD: 
dP
sP
end of file treatment


tOF : 12:09:11:272
wavfile=SR2_20160426_215401_437.wav
c:
g=10
sfte=192000
cF
cN
sD: 
dP
sP
end of file treatment


tOF : 12:09:11:360
wavfile=SR2_20160426_215425_285.wav
c:
g=10
sfte=192000
cF
cN
sD: 
dP
sP
end of file treatment


tOF : 12:09:11:536
wavfile=SR2_20160426_215447_425.wav
c:
g=10
sfte=192000
cF
cN
sD: 
dP
sP
end of file treatment


tOF : 12:09:11:664
wavfile=SR2_20160426_215459_500.wav
c:
g=10
sfte=192000
cF
cN
sD: 
dP
sP
end of file treatment


tOF : 12:09:11:787
wavfile=SR2_20160426_215511_349.wav
c:
g=10
sfte=192000
cF
cN
sD: 
dP
sP
end of file treatment


tOF : 12:09:11:937
wavfile=SR2_20160426_215531_533.wav
c:
g=10
sfte=192000
cF
cN
sD: 
dP
sP
end of file treatment


tOF : 12:09:12:104
wavfile=SR2_20160426_215554_749.wav
c:
g=10
sfte=192000
cF
cN
sD: 
dP
sP
end of file treatment


tOF : 12:09:12:188
wavfile=SR2_20160426_215606_187.wav
c:
g=10
sfte=192000
cF
cN
sD: 
dP
sP
end of file treatment


tOF : 12:09:12:351
wavfile=SR2_20160426_215625_563.wav
c:
g=10
sfte=192000
cF
cN
sD: 
dP
sP
end of file treatment


tOF : 12:09:12:619
wavfile=SR2_20160426_215706_495.wav
c:
g=10
sfte=192000
cF
cN
sD: 
dP
sP
end of file treatment


tOF : 12:09:12:732
wavfile=SR2_20160426_215729_552.wav
c:
g=10
sfte=192000
cF
cN
sD: 
dP
sP
end of file treatment


tOF : 12:09:12:831
wavfile=SR2_20160426_215746_448.wav
c:
g=10
sfte=192000
cF
cN
sD: 
dP
sP
end of file treatment


tOF : 12:09:13:021
wavfile=SR2_20160426_215805_541.wav
c:
g=10
sfte=192000
cF
cN
sD: 
dP
sP
end of file treatment


tOF : 12:09:13:212
wavfile=SR2_20160426_215826_952.wav
c:
g=10
sfte=192000
cF
cN
sD: 
dP
sP
end of file treatment


tOF : 12:09:13:442
wavfile=SR2_20160426_215845_596.wav
c:
g=10
sfte=192000
cF
cN
sD: 
dP
sP
end of file treatment


tOF : 12:09:13:540
wavfile=SR2_20160426_221406_000.wav
c:
g=10
sfte=192000
cF
cN
sD: 
dP
sP
end of file treatment


tOF : 12:09:13:630
wavfile=SR2_20160426_225004_613.wav
c:
g=10
sfte=192000
cF
cN
sD: 
dP
sP
end of file treatment


tOF : 12:09:13:782
wavfile=SR2_20160426_231111_196.wav
c:
g=10
sfte=192000
cF
cN
sD: 
dP
sP
end of file treatment


tOF : 12:09:13:926
wavfile=SR2_20160426_231539_300.wav
c:
g=10
sfte=192000
cF
cN
sD: 
dP
sP
end of file treatment


tOF : 12:09:14:074
wavfile=SR2_20160426_231550_293.wav
c:
g=10
sfte=192000
cF
cN
sD: 
dP
sP
end of file treatment


tOF : 12:09:14:191
wavfile=SR2_20160426_231603_103.wav
c:
g=10
sfte=192000
cF
cN
sD: 
dP
sP
end of file treatment


tOF : 12:09:14:675
wavfile=SR2_20160426_231614_995.wav
c:
g=10
sfte=192000
cF
cN
sD: 
dP
sP
end of file treatment


tOF : 12:09:14:841
wavfile=SR2_20160426_231636_860.wav
c:
g=10
sfte=192000
cF
cN
sD: 
dP
sP
end of file treatment


tOF : 12:09:14:952
wavfile=SR2_20160426_231701_555.wav
c:
g=10
sfte=192000
cF
cN
sD: 
dP
sP
end of file treatment


tOF : 12:09:15:076
wavfile=SR2_20160426_231722_439.wav
c:
g=10
sfte=192000
cF
cN
sD: 
dP
sP
end of file treatment


tOF : 12:09:15:155
wavfile=SR2_20160426_231753_104.wav
c:
g=10
sfte=192000
cF
cN
sD: 
dP
sP
end of file treatment


tOF : 12:09:15:240
wavfile=SR2_20160426_233059_173.wav
c:
g=10
sfte=192000
cF
cN
sD: 
dP
sP
end of file treatment


tOF : 12:09:15:383
wavfile=SR2_20160426_233328_364.wav
c:
g=10
sfte=192000
cF
cN
sD: 
dP
sP
end of file treatment


tOF : 12:09:15:516
wavfile=SR2_20160426_233646_537.wav
c:
g=10
sfte=192000
cF
cN
sD: 
dP
sP
end of file treatment


tOF : 12:09:15:719
wavfile=SR2_20160426_233800_691.wav
c:
g=10
sfte=192000
cF
cN
sD: 
dP
sP
end of file treatment


tOF : 12:09:16:012
wavfile=SR2_20160426_233827_543.wav
c:
g=10
sfte=192000
cF
cN
sD: 
dP
sP
end of file treatment


tOF : 12:09:16:271
wavfile=SR2_20160426_233841_545.wav
c:
g=10
sfte=192000
cF
cN
sD: 
dP
sP
end of file treatment


tOF : 12:09:16:686
wavfile=SR2_20160426_233903_604.wav
c:
g=10
sfte=192000
cF
cN
sD: 
dP
sP
end of file treatment


tOF : 12:09:16:837
wavfile=SR2_20160426_233916_935.wav
c:
g=10
sfte=192000
cF
cN
sD: 
dP
sP
end of file treatment


tOF : 12:09:17:062
wavfile=SR2_20160426_233933_367.wav
c:
g=10
sfte=192000
cF
cN
sD: 
dP
sP
end of file treatment


tOF : 12:09:17:193
wavfile=SR2_20160426_233957_633.wav
c:
g=10
sfte=192000
cF
cN
sD: 
dP
sP
end of file treatment


tOF : 12:09:17:314
wavfile=SR2_20160426_234015_197.wav
c:
g=10
sfte=192000
cF
cN
sD: 
dP
sP
end of file treatment


tOF : 12:09:17:584
wavfile=SR2_20160426_234534_020.wav
c:
g=10
sfte=192000
cF
cN
sD: 
dP
sP
end of file treatment


tOF : 12:09:17:710
wavfile=SR2_20160426_234820_844.wav
c:
g=10
sfte=192000
cF
cN
sD: 
dP
sP
end of file treatment


tOF : 12:09:17:851
wavfile=SR2_20160426_235026_580.wav
c:
g=10
sfte=192000
cF
cN
sD: 
dP
sP
end of file treatment


tOF : 12:09:17:995
wavfile=SR2_20160427_001710_575.wav
c:
g=10
sfte=192000
cF
cN
sD: 
dP
sP
end of file treatment


tOF : 12:09:18:166
wavfile=SR2_20160427_004531_849.wav
c:
g=10
sfte=192000
cF
cN
sD: 
dP
sP
end of file treatment


tOF : 12:09:18:289
wavfile=SR2_20160427_014252_415.wav
c:
g=10
sfte=192000
cF
cN
sD: 
dP
sP
end of file treatment


tOF : 12:09:18:424
wavfile=SR2_20160427_021404_000.wav
c:
g=10
sfte=192000
cF
cN
sD: 
dP
sP
end of file treatment


tOF : 12:09:18:630
wavfile=SR2_20160427_023016_012.wav
c:
g=10
sfte=192000
cF
cN
sD: 
dP
sP
end of file treatment


tOF : 12:09:18:779
wavfile=SR2_20160427_024404_000.wav
c:
g=10
sfte=192000
cF
cN
sD: 
dP
sP
end of file treatment


tOF : 12:09:18:916
wavfile=SR2_20160427_030531_055.wav
c:
g=10
sfte=192000
cF
cN
sD: 
dP
sP
end of file treatment


tOF : 12:09:19:250
wavfile=SR2_20160427_033017_580.wav
c:
g=10
sfte=192000
cF
cN
sD: 
dP
sP
end of file treatment


tOF : 12:09:19:297
wavfile=SR2_20160427_033607_480.wav
c:
g=10
sfte=192000
cF
cN
sD: 
dP
sP
end of file treatment


tOF : 12:09:19:362
wavfile=SR2_20160427_035142_748.wav
c:
g=10
sfte=192000
cF
cN
sD: 
dP
sP
end of file treatment


tOF : 12:09:19:479
wavfile=SR2_20160427_041404_000.wav
c:
g=10
sfte=192000
cF
cN
sD: 
dP
sP
end of file treatment


tOF : 12:09:19:608
wavfile=SR2_20160427_045251_116.wav
c:
g=10
sfte=192000
cF
cN
sD: 
dP
sP
end of file treatment


tOF : 12:09:19:701
wavfile=SR2_20160427_200828_791.wav
c:
g=10
sfte=192000
cF
cN
sD: 
dP
sP
end of file treatment


tOF : 12:09:19:828
wavfile=SR2_20160427_204504_000.wav
c:
g=10
sfte=192000
cF
cN
sD: 
dP
sP
end of file treatment


tOF : 12:09:19:980
wavfile=SR2_20160427_224504_000.wav
c:
g=10
sfte=192000
cF
cN
sD: 
dP
sP
end of file treatment


tOF : 12:09:20:185
wavfile=SR2_20160428_004504_000.wav
c:
g=10
sfte=192000
cF
cN
sD: 
dP
sP
end of file treatment


tOF : 12:09:20:312
wavfile=SR2_20160428_024504_000.wav
c:
g=10
sfte=192000
cF
cN
sD: 
dP
sP
end of file treatment


tOF : 12:09:20:464
wavfile=SR2_20160428_044504_000.wav
c:
g=10
sfte=192000
cF
cN
sD: 
dP
sP
end of file treatment


tOF : 12:09:20:565
wavfile=SR2_20160428_192002_619.wav
c:
g=10
sfte=192000
cF
cN
sD: 
dP
sP
end of file treatment


tOF : 12:09:20:646
wavfile=SR2_20160428_200224_727.wav
c:
g=10
sfte=192000
cF
cN
sD: 
dP
sP
end of file treatment


tOF : 12:09:20:839
wavfile=SR2_20160428_210553_539.wav
c:
g=10
sfte=192000
cF
cN
sD: 
dP
sP
end of file treatment


tOF : 12:09:21:000
wavfile=SR2_20160428_215828_613.wav
c:
g=10
sfte=192000
cF
cN
sD: 
dP
sP
end of file treatment


tOF : 12:09:21:186
wavfile=SR2_20160428_220004_635.wav
c:
g=10
sfte=192000
cF
cN
sD: 
dP
sP
end of file treatment


tOF : 12:09:21:397
wavfile=SR2_20160428_220130_937.wav
c:
g=10
sfte=192000
cF
cN
sD: 
dP
sP
end of file treatment


tOF : 12:09:21:562
wavfile=SR2_20160428_220323_715.wav
c:
g=10
sfte=192000
cF
cN
sD: 
dP
sP
end of file treatment


tOF : 12:09:21:719
wavfile=SR2_20160428_220449_075.wav
c:
g=10
sfte=192000
cF
cN
sD: 
dP
sP
end of file treatment


tOF : 12:09:21:920
wavfile=SR2_20160428_220540_440.wav
c:
g=10
sfte=192000
cF
cN
sD: 
dP
sP
end of file treatment


tOF : 12:09:22:206
wavfile=SR2_20160428_220558_791.wav
c:
g=10
sfte=192000
cF
cN
sD: 
dP
sP
end of file treatment


tOF : 12:09:22:410
wavfile=SR2_20160428_220629_573.wav
c:
g=10
sfte=192000
cF
cN
sD: 
dP
sP
end of file treatment


tOF : 12:09:22:600
wavfile=SR2_20160428_220717_855.wav
c:
g=10
sfte=192000
cF
cN
sD: 
dP
sP
end of file treatment


tOF : 12:09:22:760
wavfile=SR2_20160428_220752_967.wav
c:
g=10
sfte=192000
cF
cN
sD: 
dP
sP
end of file treatment


tOF : 12:09:22:981
wavfile=SR2_20160428_220850_037.wav
c:
g=10
sfte=192000
cF
cN
sD: 
dP
sP
end of file treatment


tOF : 12:09:23:239
wavfile=SR2_20160428_220934_812.wav
c:
g=10
sfte=192000
cF
cN
sD: 
dP
sP
end of file treatment


tOF : 12:09:23:411
wavfile=SR2_20160428_220959_005.wav
c:
g=10
sfte=192000
cF
cN
sD: 
dP
sP
end of file treatment


tOF : 12:09:23:614
wavfile=SR2_20160428_221056_883.wav
c:
g=10
sfte=192000
cF
cN
sD: 
dP
sP
end of file treatment


tOF : 12:09:23:743
wavfile=SR2_20160428_221214_221.wav
c:
g=10
sfte=192000
cF
cN
sD: 
dP
sP
end of file treatment


tOF : 12:09:23:913
wavfile=SR2_20160428_221338_279.wav
c:
g=10
sfte=192000
cF
cN
sD: 
dP
sP
end of file treatment


tOF : 12:09:24:128
wavfile=SR2_20160428_221441_328.wav
c:
g=10
sfte=192000
cF
cN
sD: 
dP
sP
end of file treatment


tOF : 12:09:24:441
wavfile=SR2_20160428_221601_992.wav
c:
g=10
sfte=192000
cF
cN
sD: 
dP
sP
end of file treatment


tOF : 12:09:24:571
wavfile=SR2_20160428_221734_987.wav
c:
g=10
sfte=192000
cF
cN
sD: 
dP
sP
end of file treatment


tOF : 12:09:24:806
wavfile=SR2_20160428_221819_571.wav
c:
g=10
sfte=192000
cF
cN
sD: 
dP
sP
end of file treatment


tOF : 12:09:24:960
wavfile=SR2_20160428_221923_319.wav
c:
g=10
sfte=192000
cF
cN
sD: 
dP
sP
end of file treatment


tOF : 12:09:25:099
wavfile=SR2_20160428_222024_012.wav
c:
g=10
sfte=192000
cF
cN
sD: 
dP
sP
end of file treatment


tOF : 12:09:25:337
wavfile=SR2_20160428_222138_351.wav
c:
g=10
sfte=192000
cF
cN
sD: 
dP
sP
end of file treatment


tOF : 12:09:25:418
wavfile=SR2_20160428_222233_269.wav
c:
g=10
sfte=192000
cF
cN
sD: 
dP
sP
end of file treatment


tOF : 12:09:25:534
wavfile=SR2_20160428_222342_576.wav
c:
g=10
sfte=192000
cF
cN
sD: 
dP
sP
end of file treatment


tOF : 12:09:25:718
wavfile=SR2_20160428_222452_208.wav
c:
g=10
sfte=192000
cF
cN
sD: 
dP
sP
end of file treatment


tOF : 12:09:25:883
wavfile=SR2_20160428_222725_875.wav
c:
g=10
sfte=192000
cF
cN
sD: 
dP
sP
end of file treatment


tOF : 12:09:26:123
wavfile=SR2_20160428_222853_695.wav
c:
g=10
sfte=192000
cF
cN
sD: 
dP
sP
end of file treatment


tOF : 12:09:26:350
wavfile=SR2_20160428_223036_515.wav
c:
g=10
sfte=192000
cF
cN
sD: 
dP
sP
end of file treatment


tOF : 12:09:26:483
wavfile=SR2_20160428_223101_356.wav
c:
g=10
sfte=192000
cF
cN
sD: 
dP
sP
end of file treatment


tOF : 12:09:26:736
wavfile=SR2_20160428_223201_856.wav
c:
g=10
sfte=192000
cF
cN
sD: 
dP
sP
end of file treatment


tOF : 12:09:26:928
wavfile=SR2_20160428_223510_363.wav
c:
g=10
sfte=192000
cF
cN
sD: 
dP
sP
end of file treatment


tOF : 12:09:27:308
wavfile=SR2_20160428_223650_233.wav
c:
g=10
sfte=192000
cF
cN
sD: 
dP
sP
end of file treatment


tOF : 12:09:27:514
wavfile=SR2_20160428_224227_761.wav
c:
g=10
sfte=192000
cF
cN
sD: 
dP
sP
end of file treatment


tOF : 12:09:27:671
wavfile=SR2_20160428_224445_897.wav
c:
g=10
sfte=192000
cF
cN
sD: 
dP
sP
end of file treatment


tOF : 12:09:27:859
wavfile=SR2_20160428_224628_368.wav
c:
g=10
sfte=192000
cF
cN
sD: 
dP
sP
end of file treatment


tOF : 12:09:27:983
wavfile=SR2_20160428_224800_136.wav
c:
g=10
sfte=192000
cF
cN
sD: 
dP
sP
end of file treatment


tOF : 12:09:28:131
wavfile=SR2_20160428_225009_589.wav
c:
g=10
sfte=192000
cF
cN
sD: 
dP
sP
end of file treatment


tOF : 12:09:28:288
wavfile=SR2_20160428_225131_236.wav
c:
g=10
sfte=192000
cF
cN
sD: 
dP
sP
end of file treatment


tOF : 12:09:28:546
wavfile=SR2_20160428_225238_027.wav
c:
g=10
sfte=192000
cF
cN
sD: 
dP
sP
end of file treatment


tOF : 12:09:28:825
wavfile=SR2_20160428_225425_028.wav
c:
g=10
sfte=192000
cF
cN
sD: 
dP
sP
end of file treatment


tOF : 12:09:28:966
wavfile=SR2_20160428_225606_885.wav
c:
g=10
sfte=192000
cF
cN
sD: 
dP
sP
end of file treatment


tOF : 12:09:29:067
wavfile=SR2_20160428_225826_735.wav
c:
g=10
sfte=192000
cF
cN
sD: 
dP
sP
end of file treatment


tOF : 12:09:29:272
wavfile=SR2_20160428_225958_575.wav
c:
g=10
sfte=192000
cF
cN
sD: 
dP
sP
end of file treatment


tOF : 12:09:29:355
wavfile=SR2_20160428_230127_679.wav
c:
g=10
sfte=192000
cF
cN
sD: 
dP
sP
end of file treatment


tOF : 12:09:29:458
wavfile=SR2_20160428_230435_580.wav
c:
g=10
sfte=192000
cF
cN
sD: 
dP
sP
end of file treatment


tOF : 12:09:29:594
wavfile=SR2_20160428_230532_635.wav
c:
g=10
sfte=192000
cF
cN
sD: 
dP
sP
end of file treatment


tOF : 12:09:29:754
wavfile=SR2_20160428_230705_228.wav
c:
g=10
sfte=192000
cF
cN
sD: 
dP
sP
end of file treatment


tOF : 12:09:29:993
wavfile=SR2_20160428_230800_189.wav
c:
g=10
sfte=192000
cF
cN
sD: 
dP
sP
end of file treatment


tOF : 12:09:30:162
wavfile=SR2_20160428_230834_088.wav
c:
g=10
sfte=192000
cF
cN
sD: 
dP
sP
end of file treatment


tOF : 12:09:30:318
wavfile=SR2_20160428_230913_209.wav
c:
g=10
sfte=192000
cF
cN
sD: 
dP
sP
end of file treatment


tOF : 12:09:30:527
wavfile=SR2_20160428_231007_276.wav
c:
g=10
sfte=192000
cF
cN
sD: 
dP
sP
end of file treatment


tOF : 12:09:30:679
wavfile=SR2_20160428_231032_256.wav
c:
g=10
sfte=192000
cF
cN
sD: 
dP
sP
end of file treatment


tOF : 12:09:30:767
wavfile=SR2_20160428_231212_353.wav
c:
g=10
sfte=192000
cF
cN
sD: 
dP
sP
end of file treatment


tOF : 12:09:30:917
wavfile=SR2_20160428_231346_769.wav
c:
g=10
sfte=192000
cF
cN
sD: 
dP
sP
end of file treatment


tOF : 12:09:31:039
wavfile=SR2_20160428_231622_268.wav
c:
g=10
sfte=192000
cF
cN
sD: 
dP
sP
end of file treatment


tOF : 12:09:31:140
wavfile=SR2_20160428_232117_249.wav
c:
g=10
sfte=192000
cF
cN
sD: 
dP
sP
end of file treatment


tOF : 12:09:31:293
wavfile=SR2_20160428_232354_723.wav
c:
g=10
sfte=192000
cF
cN
sD: 
dP
sP
end of file treatment


tOF : 12:09:31:548
wavfile=SR2_20160428_232658_665.wav
c:
g=10
sfte=192000
cF
cN
sD: 
dP
sP
end of file treatment


tOF : 12:09:31:707
wavfile=SR2_20160428_232725_211.wav
c:
g=10
sfte=192000
cF
cN
sD: 
dP
sP
end of file treatment


tOF : 12:09:31:842
wavfile=SR2_20160428_233200_587.wav
c:
g=10
sfte=192000
cF
cN
sD: 
dP
sP
end of file treatment


tOF : 12:09:32:014
wavfile=SR2_20160428_233318_227.wav
c:
g=10
sfte=192000
cF
cN
sD: 
dP
sP
end of file treatment


tOF : 12:09:32:118
wavfile=SR2_20160428_233522_612.wav
c:
g=10
sfte=192000
cF
cN
sD: 
dP
sP
end of file treatment


tOF : 12:09:32:293
wavfile=SR2_20160428_234045_415.wav
c:
g=10
sfte=192000
cF
cN
sD: 
dP
sP
end of file treatment


tOF : 12:09:32:499
wavfile=SR2_20160428_234445_549.wav
c:
g=10
sfte=192000
cF
cN
sD: 
dP
sP
end of file treatment


tOF : 12:09:32:616
wavfile=SR2_20160428_234726_539.wav
c:
g=10
sfte=192000
cF
cN
sD: 
dP
sP
end of file treatment


tOF : 12:09:33:153
wavfile=SR2_20160428_234803_936.wav
c:
g=10
sfte=192000
cF
cN
sD: 
dP
sP
end of file treatment


tOF : 12:09:33:518
wavfile=SR2_20160428_235233_293.wav
c:
g=10
sfte=192000
cF
cN
sD: 
dP
sP
end of file treatment


tOF : 12:09:33:795
wavfile=SR2_20160428_235529_559.wav
c:
g=10
sfte=192000
cF
cN
sD: 
dP
sP
end of file treatment


tOF : 12:09:33:981
wavfile=SR2_20160429_000147_592.wav
c:
g=10
sfte=192000
cF
cN
sD: 
dP
sP
end of file treatment


tOF : 12:09:34:097
wavfile=SR2_20160429_001030_353.wav
c:
g=10
sfte=192000
cF
cN
sD: 
dP
sP
end of file treatment


tOF : 12:09:34:282
wavfile=SR2_20160429_001807_952.wav
c:
g=10
sfte=192000
cF
cN
sD: 
dP
sP
end of file treatment


tOF : 12:09:34:442
wavfile=SR2_20160429_002311_732.wav
c:
g=10
sfte=192000
cF
cN
sD: 
dP
sP
end of file treatment


tOF : 12:09:34:541
wavfile=SR2_20160429_004704_000.wav
c:
g=10
sfte=192000
cF
cN
sD: 
dP
sP
end of file treatment


tOF : 12:09:34:704
wavfile=SR2_20160429_024704_000.wav
c:
g=10
sfte=192000
cF
cN
sD: 
dP
sP
end of file treatment


tOF : 12:09:34:899
wavfile=SR2_20160429_044704_000.wav
c:
g=10
sfte=192000
cF
cN
sD: 
dP
sP
end of file treatment


tOF : 12:09:35:072
wavfile=SR2_20160429_192430_355.wav
c:
g=10
sfte=192000
cF
cN
sD: 
dP
sP
end of file treatment


tOF : 12:09:35:240
wavfile=SR2_20160429_192652_287.wav
c:
g=10
sfte=192000
cF
cN
sD: 
dP
sP
end of file treatment


tOF : 12:09:35:387
wavfile=SR2_20160429_192844_869.wav
c:
g=10
sfte=192000
cF
cN
sD: 
dP
sP
end of file treatment


tOF : 12:09:35:530
wavfile=SR2_20160429_192909_797.wav
c:
g=10
sfte=192000
cF
cN
sD: 
dP
sP
end of file treatment


tOF : 12:09:35:631
wavfile=SR2_20160429_192956_789.wav
c:
g=10
sfte=192000
cF
cN
sD: 
dP
sP
end of file treatment


tOF : 12:09:35:759
wavfile=SR2_20160429_193036_065.wav
c:
g=10
sfte=192000
cF
cN
sD: 
dP
sP
end of file treatment


tOF : 12:09:35:834
wavfile=SR2_20160429_193110_720.wav
c:
g=10
sfte=192000
cF
cN
sD: 
dP
sP
end of file treatment


tOF : 12:09:36:008
wavfile=SR2_20160429_193124_024.wav
c:
g=10
sfte=192000
cF
cN
sD: 
dP
sP
end of file treatment


tOF : 12:09:36:222
wavfile=SR2_20160429_193135_524.wav
c:
g=10
sfte=192000
cF
cN
sD: 
dP
sP
end of file treatment


tOF : 12:09:36:405
wavfile=SR2_20160429_193156_220.wav
c:
g=10
sfte=192000
cF
cN
sD: 
dP
sP
end of file treatment


tOF : 12:09:36:613
wavfile=SR2_20160429_193302_631.wav
c:
g=10
sfte=192000
cF
cN
sD: 
dP
sP
end of file treatment


tOF : 12:09:36:830
wavfile=SR2_20160429_193321_580.wav
c:
g=10
sfte=192000
cF
cN
sD: 
dP
sP
end of file treatment


tOF : 12:09:37:001
wavfile=SR2_20160429_193336_877.wav
c:
g=10
sfte=192000
cF
cN
sD: 
dP
sP
end of file treatment


tOF : 12:09:37:135
wavfile=SR2_20160429_193351_895.wav
c:
g=10
sfte=192000
cF
cN
sD: 
dP
sP
end of file treatment


tOF : 12:09:37:383
wavfile=SR2_20160429_193401_469.wav
c:
g=10
sfte=192000
cF
cN
sD: 
dP
sP
end of file treatment


tOF : 12:09:37:915
wavfile=SR2_20160429_193414_440.wav
c:
g=10
sfte=192000
cF
cN
sD: 
dP
sP
end of file treatment


tOF : 12:09:38:023
wavfile=SR2_20160429_193423_091.wav
c:
g=10
sfte=192000
cF
cN
sD: 
dP
sP
end of file treatment


tOF : 12:09:38:320
wavfile=SR2_20160429_193430_909.wav
c:
g=10
sfte=192000
cF
cN
sD: 
dP
sP
end of file treatment


tOF : 12:09:38:698
wavfile=SR2_20160429_193446_969.wav
c:
g=10
sfte=192000
cF
cN
sD: 
dP
sP
end of file treatment


tOF : 12:09:38:810
wavfile=SR2_20160429_193544_751.wav
c:
g=10
sfte=192000
cF
cN
sD: 
dP
sP
end of file treatment


tOF : 12:09:38:944
wavfile=SR2_20160429_193840_228.wav
c:
g=10
sfte=192000
cF
cN
sD: 
dP
sP
end of file treatment


tOF : 12:09:39:174
wavfile=SR2_20160429_193906_260.wav
c:
g=10
sfte=192000
cF
cN
sD: 
dP
sP
end of file treatment


tOF : 12:09:39:314
wavfile=SR2_20160429_193923_471.wav
c:
g=10
sfte=192000
cF
cN
sD: 
dP
sP
end of file treatment


tOF : 12:09:39:596
wavfile=SR2_20160429_194114_447.wav
c:
g=10
sfte=192000
cF
cN
sD: 
dP
sP
end of file treatment


tOF : 12:09:39:731
wavfile=SR2_20160429_194225_637.wav
c:
g=10
sfte=192000
cF
cN
sD: 
dP
sP
end of file treatment


tOF : 12:09:39:873
wavfile=SR2_20160429_194302_325.wav
c:
g=10
sfte=192000
cF
cN
sD: 
dP
sP
end of file treatment


tOF : 12:09:40:013
wavfile=SR2_20160429_194906_000.wav
c:
g=10
sfte=192000
cF
cN
sD: 
dP
sP
end of file treatment


tOF : 12:09:40:079
wavfile=SR2_20160429_202825_948.wav
c:
g=10
sfte=192000
cF
cN
sD: 
dP
sP
end of file treatment


tOF : 12:09:40:246
wavfile=SR2_20160429_211904_000.wav
c:
g=10
sfte=192000
cF
cN
sD: 
dP
sP
end of file treatment


tOF : 12:09:40:340
wavfile=SR2_20160429_224904_000.wav
c:
g=10
sfte=192000
cF
cN
sD: 
dP
sP
end of file treatment


tOF : 12:09:40:431
wavfile=SR2_20160430_004904_000.wav
c:
g=10
sfte=192000
cF
cN
sD: 
dP
sP
end of file treatment


tOF : 12:09:40:587
wavfile=SR2_20160430_024904_000.wav
c:
g=10
sfte=192000
cF
cN
sD: 
dP
sP
end of file treatment


tOF : 12:09:40:790
wavfile=SR2_20160430_044904_000.wav
c:
g=10
sfte=192000
cF
cN
sD: 
dP
sP
end of file treatment


tOF : 12:09:40:885
wavfile=SR2_20160430_202004_000.wav
c:
g=10
sfte=192000
cF
cN
sD: 
dP
sP
end of file treatment


tOF : 12:09:41:056
wavfile=SR2_20160430_210234_525.wav
c:
g=10
sfte=192000
cF
cN
sD: 
dP
sP
end of file treatment


tOF : 12:09:41:251
wavfile=SR2_20160430_215004_000.wav
c:
g=10
sfte=192000
cF
cN
sD: 
dP
sP
end of file treatment


tOF : 12:09:41:363
wavfile=SR2_20160430_225004_000.wav
c:
g=10
sfte=192000
cF
cN
sD: 
dP
sP
end of file treatment


tOF : 12:09:41:532
wavfile=SR2_20160501_005004_000.wav
c:
g=10
sfte=192000
cF
cN
sD: 
dP
sP
end of file treatment


tOF : 12:09:41:647
wavfile=SR2_20160501_023719_505.wav
c:
g=10
sfte=192000
cF
cN
sD: 
dP
sP
end of file treatment


tOF : 12:09:41:882
wavfile=SR2_20160501_042004_000.wav
c:
g=10
sfte=192000
cF
cN
sD: 
dP
sP
end of file treatment


tOF : 12:09:42:078
wavfile=SR2_20160501_192202_000.wav
c:
g=10
sfte=192000
cF
cN
sD: 
dP
sP
end of file treatment


tOF : 12:09:42:237
wavfile=SR2_20160501_202204_000.wav
c:
g=10
sfte=192000
cF
cN
sD: 
dP
sP
end of file treatment


tOF : 12:09:42:362
wavfile=SR2_20160501_211729_456.wav
c:
g=10
sfte=192000
cF
cN
sD: 
dP
sP
end of file treatment


tOF : 12:09:42:788
wavfile=SR2_20160501_215204_000.wav
c:
g=10
sfte=192000
cF
cN
sD: 
dP
sP
end of file treatment


tOF : 12:09:42:876
wavfile=SR2_20160501_220308_243.wav
c:
g=10
sfte=192000
cF
cN
sD: 
dP
sP
end of file treatment


tOF : 12:09:43:124
wavfile=SR2_20160501_224639_765.wav
c:
g=10
sfte=192000
cF
cN
sD: 
dP
sP
end of file treatment


tOF : 12:09:43:365
wavfile=SR2_20160501_232204_000.wav
c:
g=10
sfte=192000
cF
cN
sD: 
dP
sP
end of file treatment


tOF : 12:09:43:447
wavfile=SR2_20160502_002204_000.wav
c:
g=10
sfte=192000
cF
cN
sD: 
dP
sP
end of file treatment


tOF : 12:09:43:564
wavfile=SR2_20160502_005204_000.wav
c:
g=10
sfte=192000
cF
cN
sD: 
dP
sP
end of file treatment


tOF : 12:09:43:730
wavfile=SR2_20160502_013228_725.wav
c:
g=10
sfte=192000
cF
cN
sD: 
dP
sP
end of file treatment


tOF : 12:09:43:883
wavfile=SR2_20160502_024347_447.wav
c:
g=10
sfte=192000
cF
cN
sD: 
dP
sP
end of file treatment


tOF : 12:09:44:071
wavfile=SR2_20160502_032747_849.wav
c:
g=10
sfte=192000
cF
cN
sD: 
dP
sP
end of file treatment


tOF : 12:09:44:435
wavfile=SR2_20160502_041115_211.wav
c:
g=10
sfte=192000
cF
cN
sD: 
dP
sP
end of file treatment


tOF : 12:09:44:684
wavfile=SR2_20160502_044007_561.wav
c:
g=10
sfte=192000
cF
cN
sD: 
dP
sP
end of file treatment


tOF : 12:09:45:073
wavfile=SR2_20160502_185640_181.wav
c:
g=10
sfte=192000
cF
cN
sD: 
dP
sP
end of file treatment


tOF : 12:09:45:243
wavfile=SR2_20160502_185726_105.wav
c:
g=10
sfte=192000
cF
cN
sD: 
dP
sP
end of file treatment


tOF : 12:09:45:384
wavfile=SR2_20160502_190141_276.wav
c:
g=10
sfte=192000
cF
cN
sD: 
dP
sP
end of file treatment


tOF : 12:09:45:593
wavfile=SR2_20160502_190357_111.wav
c:
g=10
sfte=192000
cF
cN
sD: 
dP
sP
end of file treatment


tOF : 12:09:45:687
wavfile=SR2_20160502_192209_037.wav
c:
g=10
sfte=192000
cF
cN
sD: 
dP
sP
end of file treatment


tOF : 12:09:45:840
wavfile=SR2_20160502_192331_644.wav
c:
g=10
sfte=192000
cF
cN
sD: 
dP
sP
end of file treatment


tOF : 12:09:46:047
wavfile=SR2_20160502_192725_644.wav
c:
g=10
sfte=192000
cF
cN
sD: 
dP
sP
end of file treatment


tOF : 12:09:46:149
wavfile=SR2_20160502_195404_000.wav
c:
g=10
sfte=192000
cF
cN
sD: 
dP
sP
end of file treatment


tOF : 12:09:46:262
wavfile=SR2_20160502_195936_439.wav
c:
g=10
sfte=192000
cF
cN
sD: 
dP
sP
end of file treatment


tOF : 12:09:46:412
wavfile=SR2_20160502_202919_235.wav
c:
g=10
sfte=192000
cF
cN
sD: 
dP
sP
end of file treatment


tOF : 12:09:46:555
wavfile=SR2_20160502_210450_321.wav
c:
g=10
sfte=192000
cF
cN
sD: 
dP
sP
end of file treatment


tOF : 12:09:46:739
wavfile=SR2_20160502_222404_000.wav
c:
g=10
sfte=192000
cF
cN
sD: 
dP
sP
end of file treatment


tOF : 12:09:46:879
wavfile=SR2_20160502_232404_000.wav
c:
g=10
sfte=192000
cF
cN
sD: 
dP
sP
end of file treatment


tOF : 12:09:47:034
wavfile=SR2_20160503_005404_000.wav
c:
g=10
sfte=192000
cF
cN
sD: 
dP
sP
end of file treatment


tOF : 12:09:47:095
wavfile=SR2_20160503_025404_000.wav
c:
g=10
sfte=192000
cF
cN
sD: 
dP
sP
end of file treatment


tOF : 12:09:47:179
wavfile=SR2_20160503_185600_000.wav
c:
g=10
sfte=192000
cF
cN
sD: 
dP
sP
end of file treatment


tOF : 12:09:47:260
wavfile=SR2_20160503_192602_000.wav
c:
g=10
sfte=192000
cF
cN
sD: 
dP
sP
end of file treatment


tOF : 12:09:47:336
wavfile=SR2_20160503_205604_000.wav
c:
g=10
sfte=192000
cF
cN
sD: 
dP
sP
end of file treatment


tOF : 12:09:47:424
wavfile=SR2_20160503_222604_000.wav
c:
g=10
sfte=192000
cF
cN
sD: 
dP
sP
end of file treatment


tOF : 12:09:47:502
wavfile=SR2_20160503_224109_297.wav
c:
g=10
sfte=192000
cF
cN
sD: 
dP
sP
end of file treatment


tOF : 12:09:47:574
wavfile=SR2_20160503_231634_312.wav
c:
g=10
sfte=192000
cF
cN
sD: 
dP
sP
end of file treatment


tOF : 12:09:47:660
wavfile=SR2_20160503_235429_047.wav
c:
g=10
sfte=192000
cF
cN
sD: 
dP
sP
end of file treatment


tOF : 12:09:48:057
wavfile=SR2_20160504_005604_000.wav
c:
g=10
sfte=192000
cF
cN
sD: 
dP
sP
end of file treatment


tOF : 12:09:48:170
wavfile=SR2_20160504_025604_000.wav
c:
g=10
sfte=192000
cF
cN
sD: 
dP
sP
end of file treatment


tOF : 12:09:48:313
wavfile=SR2_20160504_185700_000.wav
c:
g=10
sfte=192000
cF
cN
sD: 
dP
sP
end of file treatment


tOF : 12:09:48:374
wavfile=SR2_20160504_195704_000.wav
c:
g=10
sfte=192000
cF
cN
sD: 
dP
sP
end of file treatment


tOF : 12:09:48:447
wavfile=SR2_20160504_202704_000.wav
c:
g=10
sfte=192000
cF
cN
sD: 
dP
sP
end of file treatment


tOF : 12:09:48:497
wavfile=SR2_20160504_214440_925.wav
c:
g=10
sfte=192000
cF
cN
sD: 
dP
sP
end of file treatment


tOF : 12:09:48:620
wavfile=SR2_20160504_220954_913.wav
c:
g=10
sfte=192000
cF
cN
sD: 
dP
sP
end of file treatment


tOF : 12:09:48:700
wavfile=SR2_20160504_232013_513.wav
c:
g=10
sfte=192000
cF
cN
sD: 
dP
sP
end of file treatment


tOF : 12:09:48:817
wavfile=SR2_20160505_002704_000.wav
c:
g=10
sfte=192000
cF
cN
sD: 
dP
sP
end of file treatment


tOF : 12:09:48:895
wavfile=SR2_20160505_020601_529.wav
c:
g=10
sfte=192000
cF
cN
sD: 
dP
sP
end of file treatment


tOF : 12:09:49:152
wavfile=SR2_20160505_035704_000.wav
c:
g=10
sfte=192000
cF
cN
sD: 
dP
sP
end of file treatment


tOF : 12:09:49:219
wavfile=SR2_20160505_185900_000.wav
c:
g=10
sfte=192000
cF
cN
sD: 
dP
sP
end of file treatment


tOF : 12:09:49:335
wavfile=SR2_20160505_194304_668.wav
c:
g=10
sfte=192000
cF
cN
sD: 
dP
sP
end of file treatment


tOF : 12:09:49:407
wavfile=SR2_20160505_202904_000.wav
c:
g=10
sfte=192000
cF
cN
sD: 
dP
sP
end of file treatment


tOF : 12:09:49:490
wavfile=SR2_20160505_212411_728.wav
c:
g=10
sfte=192000
cF
cN
sD: 
dP
sP
end of file treatment


tOF : 12:09:49:633
wavfile=SR2_20160505_215904_000.wav
c:
g=10
sfte=192000
cF
cN
sD: 
dP
sP
end of file treatment


tOF : 12:09:49:758
wavfile=SR2_20160505_222819_300.wav
c:
g=10
sfte=192000
cF
cN
sD: 
dP
sP
end of file treatment


tOF : 12:09:49:851
wavfile=SR2_20160505_224815_061.wav
c:
g=10
sfte=192000
cF
cN
sD: 
dP
sP
end of file treatment


tOF : 12:09:50:066
wavfile=SR2_20160505_235904_000.wav
c:
g=10
sfte=192000
cF
cN
sD: 
dP
sP
end of file treatment


tOF : 12:09:50:126
wavfile=SR2_20160506_012904_000.wav
c:
g=10
sfte=192000
cF
cN
sD: 
dP
sP
end of file treatment


tOF : 12:09:50:231
wavfile=SR2_20160506_025904_000.wav
c:
g=10
sfte=192000
cF
cN
sD: 
dP
sP
end of file treatment


tOF : 12:09:50:360
wavfile=SR2_20160506_190100_000.wav
c:
g=10
sfte=192000
cF
cN
sD: 
dP
sP
end of file treatment


tOF : 12:09:50:471
wavfile=SR2_20160506_200104_000.wav
c:
g=10
sfte=192000
cF
cN
sD: 
dP
sP
end of file treatment


tOF : 12:09:50:624
wavfile=SR2_20160506_213104_000.wav
c:
g=10
sfte=192000
cF
cN
sD: 
dP
sP
end of file treatment


tOF : 12:09:50:722
wavfile=SR2_20160506_223636_775.wav
c:
g=10
sfte=192000
cF
cN
sD: 
dP
sP
end of file treatment


tOF : 12:09:50:829
wavfile=SR2_20160506_232045_137.wav
c:
g=10
sfte=192000
cF
cN
sD: 
dP
sP
end of file treatment


tOF : 12:09:51:100
wavfile=SR2_20160507_003104_000.wav
c:
g=10
sfte=192000
cF
cN
sD: 
dP
sP
end of file treatment


tOF : 12:09:51:190
wavfile=SR2_20160507_020104_000.wav
c:
g=10
sfte=192000
cF
cN
sD: 
dP
sP
end of file treatment


tOF : 12:09:51:281
wavfile=SR2_20160507_040104_000.wav
c:
g=10
sfte=192000
cF
cN
sD: 
dP
sP
end of file treatment


tOF : 12:09:51:420
wavfile=SR2_20160507_193202_000.wav
c:
g=10
sfte=192000
cF
cN
sD: 
dP
sP
end of file treatment


tOF : 12:09:51:499
wavfile=SR2_20160507_204145_616.wav
c:
g=10
sfte=192000
cF
cN
sD: 
dP
sP
end of file treatment


tOF : 12:09:51:592
wavfile=SR2_20160507_211431_109.wav
c:
g=10
sfte=192000
cF
cN
sD: 
dP
sP
end of file treatment


tOF : 12:09:51:785
wavfile=SR2_20160507_215143_301.wav
c:
g=10
sfte=192000
cF
cN
sD: 
dP
sP
end of file treatment


tOF : 12:09:51:934
wavfile=SR2_20160507_223450_539.wav
c:
g=10
sfte=192000
cF
cN
sD: 
dP
sP
end of file treatment


tOF : 12:09:52:180
wavfile=SR2_20160508_000204_000.wav
c:
g=10
sfte=192000
cF
cN
sD: 
dP
sP
end of file treatment


tOF : 12:09:52:286
wavfile=SR2_20160508_005044_032.wav
c:
g=10
sfte=192000
cF
cN
sD: 
dP
sP
end of file treatment


tOF : 12:09:52:515
wavfile=SR2_20160508_010825_781.wav
c:
g=10
sfte=192000
cF
cN
sD: 
dP
sP
end of file treatment


tOF : 12:09:52:647
wavfile=SR2_20160508_020204_000.wav
c:
g=10
sfte=192000
cF
cN
sD: 
dP
sP
end of file treatment


tOF : 12:09:52:725
wavfile=SR2_20160508_023204_000.wav
c:
g=10
sfte=192000
cF
cN
sD: 
dP
sP
end of file treatment


tOF : 12:09:52:809
wavfile=SR2_20160508_040858_263.wav
c:
g=10
sfte=192000
cF
cN
sD: 
dP
sP
end of file treatment


tOF : 12:09:53:058
wavfile=SR2_20160508_193402_000.wav
c:
g=10
sfte=192000
cF
cN
sD: 
dP
sP
end of file treatment


tOF : 12:09:53:214
wavfile=SR2_20160508_203404_000.wav
c:
g=10
sfte=192000
cF
cN
sD: 
dP
sP
end of file treatment


tOF : 12:09:53:355
wavfile=SR2_20160508_213951_321.wav
c:
g=10
sfte=192000
cF
cN
sD: 
dP
sP
end of file treatment


tOF : 12:09:53:565
wavfile=SR2_20160508_221703_911.wav
c:
g=10
sfte=192000
cF
cN
sD: 
dP
sP
end of file treatment


tOF : 12:09:53:672
wavfile=SR2_20160508_230041_453.wav
c:
g=10
sfte=192000
cF
cN
sD: 
dP
sP
end of file treatment


tOF : 12:09:54:038
wavfile=SR2_20160508_234500_613.wav
c:
g=10
sfte=192000
cF
cN
sD: 
dP
sP
end of file treatment


tOF : 12:09:54:138
wavfile=SR2_20160509_003404_000.wav
c:
g=10
sfte=192000
cF
cN
sD: 
dP
sP
end of file treatment


tOF : 12:09:54:222
wavfile=SR2_20160509_012009_865.wav
c:
g=10
sfte=192000
cF
cN
sD: 
dP
sP
end of file treatment


tOF : 12:09:54:510
wavfile=SR2_20160509_022110_153.wav
c:
g=10
sfte=192000
cF
cN
sD: 
dP
sP
end of file treatment


tOF : 12:09:54:841
wavfile=SR2_20160509_030336_447.wav
c:
g=10
sfte=192000
cF
cN
sD: 
dP
sP
end of file treatment


tOF : 12:09:55:037
wavfile=SR2_20160509_033630_081.wav
c:
g=10
sfte=192000
cF
cN
sD: 
dP
sP
end of file treatment


tOF : 12:09:55:254
wavfile=SR2_20160509_043404_000.wav
c:
g=10
sfte=192000
cF
cN
sD: 
dP
sP
end of file treatment


tOF : 12:09:55:406
wavfile=SR2_20160509_200604_000.wav
c:
g=10
sfte=192000
cF
cN
sD: 
dP
sP
end of file treatment


tOF : 12:09:55:473
wavfile=SR2_20160509_213604_000.wav
c:
g=10
sfte=192000
cF
cN
sD: 
dP
sP
end of file treatment


tOF : 12:09:55:635
wavfile=SR2_20160509_225330_736.wav
c:
g=10
sfte=192000
cF
cN
sD: 
dP
sP
end of file treatment


tOF : 12:09:55:803
wavfile=SR2_20160509_233604_000.wav
c:
g=10
sfte=192000
cF
cN
sD: 
dP
sP
end of file treatment


tOF : 12:09:55:864
wavfile=SR2_20160510_004304_284.wav
c:
g=10
sfte=192000
cF
cN
sD: 
dP
sP
end of file treatment


tOF : 12:09:56:140
wavfile=SR2_20160510_013604_000.wav
c:
g=10
sfte=192000
cF
cN
sD: 
dP
sP
end of file treatment


tOF : 12:09:56:218
wavfile=SR2_20160510_023604_000.wav
c:
g=10
sfte=192000
cF
cN
sD: 
dP
sP
end of file treatment


tOF : 12:09:56:349
wavfile=SR2_20160510_040604_000.wav
c:
g=10
sfte=192000
cF
cN
sD: 
dP
sP
end of file treatment


tOF : 12:09:56:413
wavfile=SR2_20160510_195353_325.wav
c:
g=10
sfte=192000
cF
cN
sD: 
dP
sP
end of file treatment


tOF : 12:09:56:494
wavfile=SR2_20160510_203704_000.wav
c:
g=10
sfte=192000
cF
cN
sD: 
dP
sP
end of file treatment


tOF : 12:09:56:564
wavfile=SR2_20160510_213704_000.wav
c:
g=10
sfte=192000
cF
cN
sD: 
dP
sP
end of file treatment


tOF : 12:09:56:628
wavfile=SR2_20160510_223134_333.wav
c:
g=10
sfte=192000
cF
cN
sD: 
dP
sP
end of file treatment


tOF : 12:09:56:853
wavfile=SR2_20160510_223713_124.wav
c:
g=10
sfte=192000
cF
cN
sD: 
dP
sP
end of file treatment


tOF : 12:09:56:921
wavfile=SR2_20160510_224319_916.wav
c:
g=10
sfte=192000
cF
cN
sD: 
dP
sP
end of file treatment


tOF : 12:09:57:027
wavfile=SR2_20160510_225023_536.wav
c:
g=10
sfte=192000
cF
cN
sD: 
dP
sP
end of file treatment


tOF : 12:09:57:127
wavfile=SR2_20160510_230142_683.wav
c:
g=10
sfte=192000
cF
cN
sD: 
dP
sP
end of file treatment


tOF : 12:09:57:210
wavfile=SR2_20160510_231611_755.wav
c:
g=10
sfte=192000
cF
cN
sD: 
dP
sP
end of file treatment


tOF : 12:09:57:274
wavfile=SR2_20160510_232026_599.wav
c:
g=10
sfte=192000
cF
cN
sD: 
dP
sP
end of file treatment


tOF : 12:09:57:337
wavfile=SR2_20160510_232557_881.wav
c:
g=10
sfte=192000
cF
cN
sD: 
dP
sP
end of file treatment


tOF : 12:09:57:511
wavfile=SR2_20160510_233341_575.wav
c:
g=10
sfte=192000
cF
cN
sD: 
dP
sP
end of file treatment


tOF : 12:09:57:673
wavfile=SR2_20160511_002022_227.wav
c:
g=10
sfte=192000
cF
cN
sD: 
dP
sP
end of file treatment


tOF : 12:09:57:940
wavfile=SR2_20160511_020417_339.wav
c:
g=10
sfte=192000
cF
cN
sD: 
dP
sP
end of file treatment


tOF : 12:09:58:130
wavfile=SR2_20160511_030704_000.wav
c:
g=10
sfte=192000
cF
cN
sD: 
dP
sP
end of file treatment


tOF : 12:09:58:271
wavfile=SR2_20160511_034410_655.wav
c:
g=10
sfte=192000
cF
cN
sD: 
dP
sP
end of file treatment


tOF : 12:09:58:346
wavfile=SR2_20160511_190900_000.wav
c:
g=10
sfte=192000
cF
cN
sD: 
dP
sP
end of file treatment


tOF : 12:09:58:472
wavfile=SR2_20160511_210904_000.wav
c:
g=10
sfte=192000
cF
cN
sD: 
dP
sP
end of file treatment


tOF : 12:09:58:594
wavfile=SR2_20160511_220904_000.wav
c:
g=10
sfte=192000
cF
cN
sD: 
dP
sP
end of file treatment


tOF : 12:09:58:721
wavfile=SR2_20160511_232104_491.wav
c:
g=10
sfte=192000
cF
cN
sD: 
dP
sP
end of file treatment


tOF : 12:09:58:801
wavfile=SR2_20160512_010904_000.wav
c:
g=10
sfte=192000
cF
cN
sD: 
dP
sP
end of file treatment


tOF : 12:09:58:965
wavfile=SR2_20160512_020904_000.wav
c:
g=10
sfte=192000
cF
cN
sD: 
dP
sP
end of file treatment


tOF : 12:09:59:081
wavfile=SR2_20160512_033904_000.wav
c:
g=10
sfte=192000
cF
cN
sD: 
dP
sP
end of file treatment


tOF : 12:09:59:200
wavfile=SR2_20160512_040928_676.wav
c:
g=10
sfte=192000
cF
cN
sD: 
dP
sP
end of file treatment


tOF : 12:09:59:386
wavfile=SR2_20160512_194102_000.wav
c:
g=10
sfte=192000
cF
cN
sD: 
dP
sP
end of file treatment


tOF : 12:09:59:448
wavfile=SR2_20160512_214104_000.wav
c:
g=10
sfte=192000
cF
cN
sD: 
dP
sP
end of file treatment


tOF : 12:09:59:527
wavfile=SR2_20160512_231104_000.wav
c:
g=10
sfte=192000
cF
cN
sD: 
dP
sP
end of file treatment


tOF : 12:09:59:610
wavfile=SR2_20160513_005120_883.wav
c:
g=10
sfte=192000
cF
cN
sD: 
dP
sP
end of file treatment


tOF : 12:09:59:689
wavfile=SR2_20160513_024104_000.wav
c:
g=10
sfte=192000
cF
cN
sD: 
dP
sP
end of file treatment


tOF : 12:09:59:798
wavfile=SR2_20160513_041104_000.wav
c:
g=10
sfte=192000
cF
cN
sD: 
dP
sP
end of file treatment


tOF : 12:09:59:940
wavfile=SR2_20160513_194202_000.wav
c:
g=10
sfte=192000
cF
cN
sD: 
dP
sP
end of file treatment


tOF : 12:09:59:989
wavfile=SR2_20160513_204204_000.wav
c:
g=10
sfte=192000
cF
cN
sD: 
dP
sP
end of file treatment


tOF : 12:10:00:086
wavfile=SR2_20160513_211245_523.wav
c:
g=10
sfte=192000
cF
cN
sD: 
dP
sP
end of file treatment


tOF : 12:10:00:193
wavfile=SR2_20160513_211632_784.wav
c:
g=10
sfte=192000
cF
cN
sD: 
dP
sP
end of file treatment


tOF : 12:10:00:310
wavfile=SR2_20160513_215314_776.wav
c:
g=10
sfte=192000
cF
cN
sD: 
dP
sP
end of file treatment


tOF : 12:10:00:363
wavfile=SR2_20160513_233553_791.wav
c:
g=10
sfte=192000
cF
cN
sD: 
dP
sP
end of file treatment


tOF : 12:10:00:448
wavfile=SR2_20160514_001204_000.wav
c:
g=10
sfte=192000
cF
cN
sD: 
dP
sP
end of file treatment


tOF : 12:10:00:555
wavfile=SR2_20160514_011204_000.wav
c:
g=10
sfte=192000
cF
cN
sD: 
dP
sP
end of file treatment


tOF : 12:10:00:682
wavfile=SR2_20160514_030300_432.wav
c:
g=10
sfte=192000
cF
cN
sD: 
dP
sP
end of file treatment


tOF : 12:10:00:883
wavfile=SR2_20160514_041615_147.wav
c:
g=10
sfte=192000
cF
cN
sD: 
dP
sP
end of file treatment


tOF : 12:10:00:953
wavfile=SR2_20160514_194402_000.wav
c:
g=10
sfte=192000
cF
cN
sD: 
dP
sP
end of file treatment


tOF : 12:10:01:064
wavfile=SR2_20160514_211404_000.wav
c:
g=10
sfte=192000
cF
cN
sD: 
dP
sP
end of file treatment


tOF : 12:10:01:118
wavfile=SR2_20160514_225315_215.wav
c:
g=10
sfte=192000
cF
cN
sD: 
dP
sP
end of file treatment


tOF : 12:10:01:169
wavfile=SR2_20160514_234745_943.wav
c:
g=10
sfte=192000
cF
cN
sD: 
dP
sP
end of file treatment


tOF : 12:10:01:337
wavfile=SR2_20160515_011404_000.wav
c:
g=10
sfte=192000
cF
cN
sD: 
dP
sP
end of file treatment


tOF : 12:10:01:426
wavfile=SR2_20160515_024624_513.wav
c:
g=10
sfte=192000
cF
cN
sD: 
dP
sP
end of file treatment


tOF : 12:10:01:502
wavfile=SR2_20160515_191500_000.wav
c:
g=10
sfte=192000
cF
cN
sD: 
dP
sP
end of file treatment


tOF : 12:10:01:553
wavfile=SR2_20160515_205024_029.wav
c:
g=10
sfte=192000
cF
cN
sD: 
dP
sP
end of file treatment


tOF : 12:10:01:609
wavfile=SR2_20160515_212718_167.wav
c:
g=10
sfte=192000
cF
cN
sD: 
dP
sP
end of file treatment


tOF : 12:10:01:818
wavfile=SR2_20160515_231504_000.wav
c:
g=10
sfte=192000
cF
cN
sD: 
dP
sP
end of file treatment


tOF : 12:10:01:887
wavfile=SR2_20160516_001504_000.wav
c:
g=10
sfte=192000
cF
cN
sD: 
dP
sP
end of file treatment


tOF : 12:10:01:952
wavfile=SR2_20160516_021504_000.wav
c:
g=10
sfte=192000
cF
cN
sD: 
dP
sP
end of file treatment


tOF : 12:10:02:022
wavfile=SR2_20160516_030019_384.wav
c:
g=10
sfte=192000
cF
cN
sD: 
dP
sP
end of file treatment


tOF : 12:10:02:074
wavfile=SR2_20160516_041824_459.wav
c:
g=10
sfte=192000
cF
cN
sD: 
dP
sP
end of file treatment


tOF : 12:10:02:332
wavfile=SR2_20160516_204704_000.wav
c:
g=10
sfte=192000
cF
cN
sD: 
dP
sP
end of file treatment


tOF : 12:10:02:402
wavfile=SR2_20160516_214705_000.wav
c:
g=10
sfte=192000
cF
cN
sD: 
dP
sP
end of file treatment


tOF : 12:10:02:455
wavfile=SR2_20160516_231252_401.wav
c:
g=10
sfte=192000
cF
cN
sD: 
dP
sP
end of file treatment


tOF : 12:10:02:639
wavfile=SR2_20160517_000643_383.wav
c:
g=10
sfte=192000
cF
cN
sD: 
dP
sP
end of file treatment


tOF : 12:10:02:953
wavfile=SR2_20160517_004704_000.wav
c:
g=10
sfte=192000
cF
cN
sD: 
dP
sP
end of file treatment


tOF : 12:10:03:023
wavfile=SR2_20160517_015842_215.wav
c:
g=10
sfte=192000
cF
cN
sD: 
dP
sP
end of file treatment


tOF : 12:10:03:306
wavfile=SR2_20160517_031704_000.wav
c:
g=10
sfte=192000
cF
cN
sD: 
dP
sP
end of file treatment


tOF : 12:10:03:408
wavfile=SR2_20160517_191800_000.wav
c:
g=10
sfte=192000
cF
cN
sD: 
dP
sP
end of file treatment


tOF : 12:10:03:479
wavfile=SR2_20160517_204804_000.wav
c:
g=10
sfte=192000
cF
cN
sD: 
dP
sP
end of file treatment


tOF : 12:10:03:542
wavfile=SR2_20160517_221531_516.wav
c:
g=10
sfte=192000
cF
cN
sD: 
dP
sP
end of file treatment


tOF : 12:10:03:622
wavfile=SR2_20160517_231115_011.wav
c:
g=10
sfte=192000
cF
cN
sD: 
dP
sP
end of file treatment


tOF : 12:10:03:695
wavfile=SR2_20160517_233457_632.wav
c:
g=10
sfte=192000
cF
cN
sD: 
dP
sP
end of file treatment


tOF : 12:10:04:021
wavfile=SR2_20160518_000810_929.wav
c:
g=10
sfte=192000
cF
cN
sD: 
dP
sP
end of file treatment


tOF : 12:10:04:161
wavfile=SR2_20160518_004804_000.wav
c:
g=10
sfte=192000
cF
cN
sD: 
dP
sP
end of file treatment


tOF : 12:10:04:235
wavfile=SR2_20160518_021804_000.wav
c:
g=10
sfte=192000
cF
cN
sD: 
dP
sP
end of file treatment


tOF : 12:10:04:332
wavfile=SR2_20160518_033402_965.wav
c:
g=10
sfte=192000
cF
cN
sD: 
dP
sP
end of file treatment


tOF : 12:10:04:471
wavfile=SR2_20160518_041409_512.wav
c:
g=10
sfte=192000
cF
cN
sD: 
dP
sP
end of file treatment


tOF : 12:10:04:542
wavfile=SR2_20160518_041650_195.wav
c:
g=10
sfte=192000
cF
cN
sD: 
dP
sP
end of file treatment


tOF : 12:10:04:616
wavfile=SR2_20160518_042012_685.wav
c:
g=10
sfte=192000
cF
cN
sD: 
dP
sP
end of file treatment


tOF : 12:10:04:697
wavfile=SR2_20160518_194621_479.wav
c:
g=10
sfte=192000
cF
cN
sD: 
dP
sP
end of file treatment


tOF : 12:10:04:746
wavfile=SR2_20160518_205004_000.wav
c:
g=10
sfte=192000
cF
cN
sD: 
dP
sP
end of file treatment


tOF : 12:10:04:799
wavfile=SR2_20160518_212144_135.wav
c:
g=10
sfte=192000
cF
cN
sD: 
dP
sP
end of file treatment


tOF : 12:10:04:943
wavfile=SR2_20160518_221146_280.wav
c:
g=10
sfte=192000
cF
cN
sD: 
dP
sP
end of file treatment


tOF : 12:10:05:076
wavfile=SR2_20160518_232627_869.wav
c:
g=10
sfte=192000
cF
cN
sD: 
dP
sP
end of file treatment


tOF : 12:10:05:232
wavfile=SR2_20160519_005004_000.wav
c:
g=10
sfte=192000
cF
cN
sD: 
dP
sP
end of file treatment


tOF : 12:10:05:319
wavfile=SR2_20160519_022005_000.wav
c:
g=10
sfte=192000
cF
cN
sD: 
dP
sP
end of file treatment


tOF : 12:10:05:421
wavfile=SR2_20160519_042004_000.wav
c:
g=10
sfte=192000
cF
cN
sD: 
dP
sP
end of file treatment


tOF : 12:10:05:475
wavfile=SR2_20160519_200826_631.wav
c:
g=10
sfte=192000
cF
cN
sD: 
dP
sP
end of file treatment


tOF : 12:10:05:540
wavfile=SR2_20160519_204419_725.wav
c:
g=10
sfte=192000
cF
cN
sD: 
dP
sP
end of file treatment


tOF : 12:10:05:686
wavfile=SR2_20160519_205104_000.wav
c:
g=10
sfte=192000
cF
cN
sD: 
dP
sP
end of file treatment


tOF : 12:10:05:829
wavfile=SR2_20160519_205426_115.wav
c:
g=10
sfte=192000
cF
cN
sD: 
dP
sP
end of file treatment


tOF : 12:10:05:915
wavfile=SR2_20160519_205501_689.wav
c:
g=10
sfte=192000
cF
cN
sD: 
dP
sP
end of file treatment


tOF : 12:10:05:986
wavfile=SR2_20160519_205758_399.wav
c:
g=10
sfte=192000
cF
cN
sD: 
dP
sP
end of file treatment


tOF : 12:10:06:059
wavfile=SR2_20160519_212811_624.wav
c:
g=10
sfte=192000
cF
cN
sD: 
dP
sP
end of file treatment


tOF : 12:10:06:253
wavfile=SR2_20160519_215100_888.wav
c:
g=10
sfte=192000
cF
cN
sD: 
dP
sP
end of file treatment


tOF : 12:10:06:441
wavfile=SR2_20160519_215304_805.wav
c:
g=10
sfte=192000
cF
cN
sD: 
dP
sP
end of file treatment


tOF : 12:10:06:517
wavfile=SR2_20160519_222104_000.wav
c:
g=10
sfte=192000
cF
cN
sD: 
dP
sP
end of file treatment


tOF : 12:10:06:710
wavfile=SR2_20160519_232104_000.wav
c:
g=10
sfte=192000
cF
cN
sD: 
dP
sP
end of file treatment


tOF : 12:10:06:770
wavfile=SR2_20160520_001823_988.wav
c:
g=10
sfte=192000
cF
cN
sD: 
dP
sP
end of file treatment


tOF : 12:10:06:920
wavfile=SR2_20160520_012104_000.wav
c:
g=10
sfte=192000
cF
cN
sD: 
dP
sP
end of file treatment


tOF : 12:10:07:087
wavfile=SR2_20160520_022104_000.wav
c:
g=10
sfte=192000
cF
cN
sD: 
dP
sP
end of file treatment


tOF : 12:10:07:184
wavfile=SR2_20160520_032104_000.wav
c:
g=10
sfte=192000
cF
cN
sD: 
dP
sP
end of file treatment


tOF : 12:10:07:293
wavfile=SR2_20160520_034232_320.wav
c:
g=10
sfte=192000
cF
cN
sD: 
dP
sP
end of file treatment


tOF : 12:10:07:436
wavfile=SR2_20160520_034248_985.wav
c:
g=10
sfte=192000
cF
cN
sD: 
dP
sP
end of file treatment


tOF : 12:10:07:528
wavfile=SR2_20160520_034259_644.wav
c:
g=10
sfte=192000
cF
cN
sD: 
dP
sP
end of file treatment


tOF : 12:10:07:645
wavfile=SR2_20160520_034352_348.wav
c:
g=10
sfte=192000
cF
cN
sD: 
dP
sP
end of file treatment


tOF : 12:10:07:857
wavfile=SR2_20160520_034949_009.wav
c:
g=10
sfte=192000
cF
cN
sD: 
dP
sP
end of file treatment


tOF : 12:10:07:979
wavfile=SR2_20160520_040228_947.wav
c:
g=10
sfte=192000
cF
cN
sD: 
dP
sP
end of file treatment


tOF : 12:10:08:201
wavfile=SR2_20160520_202304_000.wav
c:
g=10
sfte=192000
cF
cN
sD: 
dP
sP
end of file treatment


tOF : 12:10:08:339
wavfile=SR2_20160520_215304_000.wav
c:
g=10
sfte=192000
cF
cN
sD: 
dP
sP
end of file treatment


tOF : 12:10:08:429
wavfile=SR2_20160520_230640_371.wav
c:
g=10
sfte=192000
cF
cN
sD: 
dP
sP
end of file treatment


tOF : 12:10:08:609
wavfile=SR2_20160520_235014_089.wav
c:
g=10
sfte=192000
cF
cN
sD: 
dP
sP
end of file treatment


tOF : 12:10:08:794
wavfile=SR2_20160520_235846_377.wav
c:
g=10
sfte=192000
cF
cN
sD: 
dP
sP
end of file treatment


tOF : 12:10:08:977
wavfile=SR2_20160521_004541_533.wav
c:
g=10
sfte=192000
cF
cN
sD: 
dP
sP
end of file treatment


tOF : 12:10:09:145
wavfile=SR2_20160521_004709_080.wav
c:
g=10
sfte=192000
cF
cN
sD: 
dP
sP
end of file treatment


tOF : 12:10:09:293
wavfile=SR2_20160521_004734_047.wav
c:
g=10
sfte=192000
cF
cN
sD: 
dP
sP
end of file treatment


tOF : 12:10:09:538
wavfile=SR2_20160521_005306_000.wav
c:
g=10
sfte=192000
cF
cN
sD: 
dP
sP
end of file treatment


tOF : 12:10:09:645
wavfile=SR2_20160521_013310_792.wav
c:
g=10
sfte=192000
cF
cN
sD: 
dP
sP
end of file treatment


tOF : 12:10:09:968
wavfile=SR2_20160521_015626_025.wav
c:
g=10
sfte=192000
cF
cN
sD: 
dP
sP
end of file treatment


tOF : 12:10:10:198
wavfile=SR2_20160521_024209_279.wav
c:
g=10
sfte=192000
cF
cN
sD: 
dP
sP
end of file treatment


tOF : 12:10:10:280
wavfile=SR2_20160521_032304_000.wav
c:
g=10
sfte=192000
cF
cN
sD: 
dP
sP
end of file treatment


tOF : 12:10:10:378
wavfile=SR2_20160521_034545_671.wav
c:
g=10
sfte=192000
cF
cN
sD: 
dP
sP
end of file treatment


tOF : 12:10:10:504
wavfile=SR2_20160521_034858_111.wav
c:
g=10
sfte=192000
cF
cN
sD: 
dP
sP
end of file treatment


tOF : 12:10:10:614
wavfile=SR2_20160521_041316_203.wav
c:
g=10
sfte=192000
cF
cN
sD: 
dP
sP
end of file treatment


tOF : 12:10:10:746
wavfile=SR2_20160521_195402_000.wav
c:
g=10
sfte=192000
cF
cN
sD: 
dP
sP
end of file treatment


tOF : 12:10:11:012
wavfile=SR2_20160521_213330_589.wav
c:
g=10
sfte=192000
cF
cN
sD: 
dP
sP
end of file treatment


tOF : 12:10:11:168
wavfile=SR2_20160521_222404_000.wav
c:
g=10
sfte=192000
cF
cN
sD: 
dP
sP
end of file treatment


tOF : 12:10:11:270
wavfile=SR2_20160521_232404_000.wav
c:
g=10
sfte=192000
cF
cN
sD: 
dP
sP
end of file treatment


tOF : 12:10:11:353
wavfile=SR2_20160522_002404_000.wav
c:
g=10
sfte=192000
cF
cN
sD: 
dP
sP
end of file treatment


tOF : 12:10:11:448
wavfile=SR2_20160522_015404_000.wav
c:
g=10
sfte=192000
cF
cN
sD: 
dP
sP
end of file treatment


tOF : 12:10:11:519
wavfile=SR2_20160522_024212_017.wav
c:
g=10
sfte=192000
cF
cN
sD: 
dP
sP
end of file treatment


tOF : 12:10:11:619
wavfile=SR2_20160522_032404_000.wav
c:
g=10
sfte=192000
cF
cN
sD: 
dP
sP
end of file treatment


tOF : 12:10:11:733
wavfile=SR2_20160522_192600_000.wav
c:
g=10
sfte=192000
cF
cN
sD: 
dP
sP
end of file treatment


tOF : 12:10:11:848
wavfile=SR2_20160522_205604_000.wav
c:
g=10
sfte=192000
cF
cN
sD: 
dP
sP
end of file treatment


tOF : 12:10:11:990
wavfile=SR2_20160522_222103_379.wav
c:
g=10
sfte=192000
cF
cN
sD: 
dP
sP
end of file treatment


tOF : 12:10:12:196
wavfile=SR2_20160522_223923_260.wav
c:
g=10
sfte=192000
cF
cN
sD: 
dP
sP
end of file treatment


tOF : 12:10:12:381
wavfile=SR2_20160522_235604_000.wav
c:
g=10
sfte=192000
cF
cN
sD: 
dP
sP
end of file treatment


tOF : 12:10:12:457
wavfile=SR2_20160523_015604_000.wav
c:
g=10
sfte=192000
cF
cN
sD: 
dP
sP
end of file treatment


tOF : 12:10:12:526
wavfile=SR2_20160523_022604_000.wav
c:
g=10
sfte=192000
cF
cN
sD: 
dP
sP
end of file treatment


tOF : 12:10:12:604
wavfile=SR2_20160523_031834_535.wav
c:
g=10
sfte=192000
cF
cN
sD: 
dP
sP
end of file treatment


tOF : 12:10:12:762
wavfile=SR2_20160523_034217_845.wav
c:
g=10
sfte=192000
cF
cN
sD: 
dP
sP
end of file treatment


tOF : 12:10:12:969
wavfile=SR2_20160523_192700_000.wav
c:
g=10
sfte=192000
cF
cN
sD: 
dP
sP
end of file treatment


tOF : 12:10:13:069
wavfile=SR2_20160523_212704_000.wav
c:
g=10
sfte=192000
cF
cN
sD: 
dP
sP
end of file treatment


tOF : 12:10:13:128
wavfile=SR2_20160523_222704_000.wav
c:
g=10
sfte=192000
cF
cN
sD: 
dP
sP
end of file treatment


tOF : 12:10:13:210
wavfile=SR2_20160523_232704_000.wav
c:
g=10
sfte=192000
cF
cN
sD: 
dP
sP
end of file treatment
endDetec  IThread = 1
