dtt modefreq=1


tOF : 12:08:19:936
wavfile=SR2_20160422_195332_509.wav
c:
g=10
sfte=192000
cF
cN
sD: 
dP
sP
end of file treatment


tOF : 12:08:20:061
wavfile=SR2_20160422_205103_227.wav
c:
g=10
sfte=192000
cF
cN
sD: 
dP
sP
end of file treatment


tOF : 12:08:20:264
wavfile=SR2_20160422_223704_000.wav
c:
g=10
sfte=192000
cF
cN
sD: 
dP
sP
end of file treatment


tOF : 12:08:20:373
wavfile=SR2_20160423_000704_000.wav
c:
g=10
sfte=192000
cF
cN
sD: 
dP
sP
end of file treatment


tOF : 12:08:20:514
wavfile=SR2_20160423_020704_000.wav
c:
g=10
sfte=192000
cF
cN
sD: 
dP
sP
end of file treatment


tOF : 12:08:20:576
wavfile=SR2_20160423_040704_000.wav
c:
g=10
sfte=192000
cF
cN
sD: 
dP
sP
end of file treatment


tOF : 12:08:20:639
wavfile=SR2_20160423_043111_912.wav
c:
g=10
sfte=192000
cF
cN
sD: 
dP
sP
end of file treatment


tOF : 12:08:20:759
wavfile=SR2_20160423_043241_201.wav
c:
g=10
sfte=192000
cF
cN
sD: 
dP
sP
end of file treatment


tOF : 12:08:20:889
wavfile=SR2_20160423_045628_860.wav
c:
g=10
sfte=192000
cF
cN
sD: 
dP
sP
end of file treatment


tOF : 12:08:20:999
wavfile=SR2_20160423_045716_705.wav
c:
g=10
sfte=192000
cF
cN
sD: 
dP
sP
end of file treatment


tOF : 12:08:21:092
wavfile=SR2_20160423_045817_728.wav
c:
g=10
sfte=192000
cF
cN
sD: 
dP
sP
end of file treatment


tOF : 12:08:21:186
wavfile=SR2_20160423_050029_701.wav
c:
g=10
sfte=192000
cF
cN
sD: 
dP
sP
end of file treatment


tOF : 12:08:21:337
wavfile=SR2_20160423_050152_517.wav
c:
g=10
sfte=192000
cF
cN
sD: 
dP
sP
end of file treatment


tOF : 12:08:21:480
wavfile=SR2_20160423_050216_656.wav
c:
g=10
sfte=192000
cF
cN
sD: 
dP
sP
end of file treatment


tOF : 12:08:21:693
wavfile=SR2_20160423_050233_537.wav
c:
g=10
sfte=192000
cF
cN
sD: 
dP
sP
end of file treatment


tOF : 12:08:21:808
wavfile=SR2_20160423_050246_617.wav
c:
g=10
sfte=192000
cF
cN
sD: 
dP
sP
end of file treatment


tOF : 12:08:21:892
wavfile=SR2_20160423_050357_203.wav
c:
g=10
sfte=192000
cF
cN
sD: 
dP
sP
end of file treatment


tOF : 12:08:21:985
wavfile=SR2_20160423_050438_249.wav
c:
g=10
sfte=192000
cF
cN
sD: 
dP
sP
end of file treatment


tOF : 12:08:22:105
wavfile=SR2_20160423_183800_000.wav
c:
g=10
sfte=192000
cF
cN
sD: 
dP
sP
end of file treatment


tOF : 12:08:22:218
wavfile=SR2_20160423_200804_000.wav
c:
g=10
sfte=192000
cF
cN
sD: 
dP
sP
end of file treatment


tOF : 12:08:22:356
wavfile=SR2_20160423_220804_000.wav
c:
g=10
sfte=192000
cF
cN
sD: 
dP
sP
end of file treatment


tOF : 12:08:22:479
wavfile=SR2_20160423_233804_000.wav
c:
g=10
sfte=192000
cF
cN
sD: 
dP
sP
end of file treatment


tOF : 12:08:22:604
wavfile=SR2_20160424_005355_765.wav
c:
g=10
sfte=192000
cF
cN
sD: 
dP
sP
end of file treatment


tOF : 12:08:22:689
wavfile=SR2_20160424_005712_040.wav
c:
g=10
sfte=192000
cF
cN
sD: 
dP
sP
end of file treatment


tOF : 12:08:22:771
wavfile=SR2_20160424_005735_615.wav
c:
g=10
sfte=192000
cF
cN
sD: 
dP
sP
end of file treatment


tOF : 12:08:22:972
wavfile=SR2_20160424_005752_985.wav
c:
g=10
sfte=192000
cF
cN
sD: 
dP
sP
end of file treatment


tOF : 12:08:23:132
wavfile=SR2_20160424_005806_960.wav
c:
g=10
sfte=192000
cF
cN
sD: 
dP
sP
end of file treatment


tOF : 12:08:23:355
wavfile=SR2_20160424_005903_425.wav
c:
g=10
sfte=192000
cF
cN
sD: 
dP
sP
end of file treatment


tOF : 12:08:23:445
wavfile=SR2_20160424_005954_543.wav
c:
g=10
sfte=192000
cF
cN
sD: 
dP
sP
end of file treatment


tOF : 12:08:23:545
wavfile=SR2_20160424_010014_239.wav
c:
g=10
sfte=192000
cF
cN
sD: 
dP
sP
end of file treatment


tOF : 12:08:23:640
wavfile=SR2_20160424_010138_528.wav
c:
g=10
sfte=192000
cF
cN
sD: 
dP
sP
end of file treatment


tOF : 12:08:23:744
wavfile=SR2_20160424_010339_183.wav
c:
g=10
sfte=192000
cF
cN
sD: 
dP
sP
end of file treatment


tOF : 12:08:23:890
wavfile=SR2_20160424_010419_671.wav
c:
g=10
sfte=192000
cF
cN
sD: 
dP
sP
end of file treatment


tOF : 12:08:23:967
wavfile=SR2_20160424_010549_975.wav
c:
g=10
sfte=192000
cF
cN
sD: 
dP
sP
end of file treatment


tOF : 12:08:24:101
wavfile=SR2_20160424_010806_000.wav
c:
g=10
sfte=192000
cF
cN
sD: 
dP
sP
end of file treatment


tOF : 12:08:24:220
wavfile=SR2_20160424_013832_073.wav
c:
g=10
sfte=192000
cF
cN
sD: 
dP
sP
end of file treatment


tOF : 12:08:24:305
wavfile=SR2_20160424_023804_000.wav
c:
g=10
sfte=192000
cF
cN
sD: 
dP
sP
end of file treatment


tOF : 12:08:24:370
wavfile=SR2_20160424_025234_531.wav
c:
g=10
sfte=192000
cF
cN
sD: 
dP
sP
end of file treatment


tOF : 12:08:24:491
wavfile=SR2_20160424_025532_708.wav
c:
g=10
sfte=192000
cF
cN
sD: 
dP
sP
end of file treatment


tOF : 12:08:24:610
wavfile=SR2_20160424_025839_856.wav
c:
g=10
sfte=192000
cF
cN
sD: 
dP
sP
end of file treatment


tOF : 12:08:24:681
wavfile=SR2_20160424_042049_285.wav
c:
g=10
sfte=192000
cF
cN
sD: 
dP
sP
end of file treatment


tOF : 12:08:24:822
wavfile=SR2_20160424_194004_000.wav
c:
g=10
sfte=192000
cF
cN
sD: 
dP
sP
end of file treatment


tOF : 12:08:24:890
wavfile=SR2_20160424_204254_833.wav
c:
g=10
sfte=192000
cF
cN
sD: 
dP
sP
end of file treatment


tOF : 12:08:25:002
wavfile=SR2_20160424_210530_756.wav
c:
g=10
sfte=192000
cF
cN
sD: 
dP
sP
end of file treatment


tOF : 12:08:25:078
wavfile=SR2_20160424_212214_925.wav
c:
g=10
sfte=192000
cF
cN
sD: 
dP
sP
end of file treatment


tOF : 12:08:25:216
wavfile=SR2_20160424_212226_924.wav
c:
g=10
sfte=192000
cF
cN
sD: 
dP
sP
end of file treatment


tOF : 12:08:25:323
wavfile=SR2_20160424_212246_928.wav
c:
g=10
sfte=192000
cF
cN
sD: 
dP
sP
end of file treatment


tOF : 12:08:25:483
wavfile=SR2_20160424_212306_861.wav
c:
g=10
sfte=192000
cF
cN
sD: 
dP
sP
end of file treatment


tOF : 12:08:25:618
wavfile=SR2_20160424_231004_000.wav
c:
g=10
sfte=192000
cF
cN
sD: 
dP
sP
end of file treatment


tOF : 12:08:25:734
wavfile=SR2_20160425_011004_000.wav
c:
g=10
sfte=192000
cF
cN
sD: 
dP
sP
end of file treatment


tOF : 12:08:25:837
wavfile=SR2_20160425_031004_000.wav
c:
g=10
sfte=192000
cF
cN
sD: 
dP
sP
end of file treatment


tOF : 12:08:25:955
wavfile=SR2_20160425_184200_000.wav
c:
g=10
sfte=192000
cF
cN
sD: 
dP
sP
end of file treatment


tOF : 12:08:26:083
wavfile=SR2_20160425_192149_492.wav
c:
g=10
sfte=192000
cF
cN
sD: 
dP
sP
end of file treatment


tOF : 12:08:26:154
wavfile=SR2_20160425_193933_363.wav
c:
g=10
sfte=192000
cF
cN
sD: 
dP
sP
end of file treatment


tOF : 12:08:26:261
wavfile=SR2_20160425_201204_000.wav
c:
g=10
sfte=192000
cF
cN
sD: 
dP
sP
end of file treatment


tOF : 12:08:26:335
wavfile=SR2_20160425_204900_720.wav
c:
g=10
sfte=192000
cF
cN
sD: 
dP
sP
end of file treatment


tOF : 12:08:26:671
wavfile=SR2_20160425_212121_709.wav
c:
g=10
sfte=192000
cF
cN
sD: 
dP
sP
end of file treatment


tOF : 12:08:26:819
wavfile=SR2_20160425_220324_575.wav
c:
g=10
sfte=192000
cF
cN
sD: 
dP
sP
end of file treatment


tOF : 12:08:27:097
wavfile=SR2_20160425_224204_000.wav
c:
g=10
sfte=192000
cF
cN
sD: 
dP
sP
end of file treatment


tOF : 12:08:27:242
wavfile=SR2_20160426_002212_652.wav
c:
g=10
sfte=192000
cF
cN
sD: 
dP
sP
end of file treatment


tOF : 12:08:27:367
wavfile=SR2_20160426_010031_977.wav
c:
g=10
sfte=192000
cF
cN
sD: 
dP
sP
end of file treatment


tOF : 12:08:27:498
wavfile=SR2_20160426_013710_807.wav
c:
g=10
sfte=192000
cF
cN
sD: 
dP
sP
end of file treatment


tOF : 12:08:27:677
wavfile=SR2_20160426_013833_693.wav
c:
g=10
sfte=192000
cF
cN
sD: 
dP
sP
end of file treatment


tOF : 12:08:27:767
wavfile=SR2_20160426_014137_957.wav
c:
g=10
sfte=192000
cF
cN
sD: 
dP
sP
end of file treatment


tOF : 12:08:27:954
wavfile=SR2_20160426_014238_112.wav
c:
g=10
sfte=192000
cF
cN
sD: 
dP
sP
end of file treatment


tOF : 12:08:28:049
wavfile=SR2_20160426_015033_873.wav
c:
g=10
sfte=192000
cF
cN
sD: 
dP
sP
end of file treatment


tOF : 12:08:28:130
wavfile=SR2_20160426_020141_355.wav
c:
g=10
sfte=192000
cF
cN
sD: 
dP
sP
end of file treatment


tOF : 12:08:28:357
wavfile=SR2_20160426_020509_963.wav
c:
g=10
sfte=192000
cF
cN
sD: 
dP
sP
end of file treatment


tOF : 12:08:28:550
wavfile=SR2_20160426_020626_316.wav
c:
g=10
sfte=192000
cF
cN
sD: 
dP
sP
end of file treatment


tOF : 12:08:28:686
wavfile=SR2_20160426_020804_800.wav
c:
g=10
sfte=192000
cF
cN
sD: 
dP
sP
end of file treatment


tOF : 12:08:28:839
wavfile=SR2_20160426_020914_161.wav
c:
g=10
sfte=192000
cF
cN
sD: 
dP
sP
end of file treatment


tOF : 12:08:28:941
wavfile=SR2_20160426_021044_080.wav
c:
g=10
sfte=192000
cF
cN
sD: 
dP
sP
end of file treatment


tOF : 12:08:29:049
wavfile=SR2_20160426_021508_220.wav
c:
g=10
sfte=192000
cF
cN
sD: 
dP
sP
end of file treatment


tOF : 12:08:29:150
wavfile=SR2_20160426_021656_691.wav
c:
g=10
sfte=192000
cF
cN
sD: 
dP
sP
end of file treatment


tOF : 12:08:29:285
wavfile=SR2_20160426_021720_136.wav
c:
g=10
sfte=192000
cF
cN
sD: 
dP
sP
end of file treatment


tOF : 12:08:29:404
wavfile=SR2_20160426_021744_581.wav
c:
g=10
sfte=192000
cF
cN
sD: 
dP
sP
end of file treatment


tOF : 12:08:29:579
wavfile=SR2_20160426_021826_795.wav
c:
g=10
sfte=192000
cF
cN
sD: 
dP
sP
end of file treatment


tOF : 12:08:29:692
wavfile=SR2_20160426_021846_252.wav
c:
g=10
sfte=192000
cF
cN
sD: 
dP
sP
end of file treatment


tOF : 12:08:29:838
wavfile=SR2_20160426_022048_625.wav
c:
g=10
sfte=192000
cF
cN
sD: 
dP
sP
end of file treatment


tOF : 12:08:29:962
wavfile=SR2_20160426_022117_940.wav
c:
g=10
sfte=192000
cF
cN
sD: 
dP
sP
end of file treatment


tOF : 12:08:30:146
wavfile=SR2_20160426_022130_595.wav
c:
g=10
sfte=192000
cF
cN
sD: 
dP
sP
end of file treatment


tOF : 12:08:30:244
wavfile=SR2_20160426_022143_404.wav
c:
g=10
sfte=192000
cF
cN
sD: 
dP
sP
end of file treatment


tOF : 12:08:30:378
wavfile=SR2_20160426_022431_297.wav
c:
g=10
sfte=192000
cF
cN
sD: 
dP
sP
end of file treatment


tOF : 12:08:30:497
wavfile=SR2_20160426_022524_213.wav
c:
g=10
sfte=192000
cF
cN
sD: 
dP
sP
end of file treatment


tOF : 12:08:30:647
wavfile=SR2_20160426_022624_152.wav
c:
g=10
sfte=192000
cF
cN
sD: 
dP
sP
end of file treatment


tOF : 12:08:30:817
wavfile=SR2_20160426_022633_716.wav
c:
g=10
sfte=192000
cF
cN
sD: 
dP
sP
end of file treatment


tOF : 12:08:30:947
wavfile=SR2_20160426_022757_457.wav
c:
g=10
sfte=192000
cF
cN
sD: 
dP
sP
end of file treatment


tOF : 12:08:31:054
wavfile=SR2_20160426_022804_403.wav
c:
g=10
sfte=192000
cF
cN
sD: 
dP
sP
end of file treatment


tOF : 12:08:31:211
wavfile=SR2_20160426_022829_077.wav
c:
g=10
sfte=192000
cF
cN
sD: 
dP
sP
end of file treatment


tOF : 12:08:31:365
wavfile=SR2_20160426_022849_271.wav
c:
g=10
sfte=192000
cF
cN
sD: 
dP
sP
end of file treatment


tOF : 12:08:31:557
wavfile=SR2_20160426_022938_052.wav
c:
g=10
sfte=192000
cF
cN
sD: 
dP
sP
end of file treatment


tOF : 12:08:31:746
wavfile=SR2_20160426_022954_261.wav
c:
g=10
sfte=192000
cF
cN
sD: 
dP
sP
end of file treatment


tOF : 12:08:31:878
wavfile=SR2_20160426_023025_856.wav
c:
g=10
sfte=192000
cF
cN
sD: 
dP
sP
end of file treatment


tOF : 12:08:32:173
wavfile=SR2_20160426_023038_499.wav
c:
g=10
sfte=192000
cF
cN
sD: 
dP
sP
end of file treatment


tOF : 12:08:32:400
wavfile=SR2_20160426_023046_859.wav
c:
g=10
sfte=192000
cF
cN
sD: 
dP
sP
end of file treatment


tOF : 12:08:32:755
wavfile=SR2_20160426_023106_252.wav
c:
g=10
sfte=192000
cF
cN
sD: 
dP
sP
end of file treatment


tOF : 12:08:33:011
wavfile=SR2_20160426_023124_081.wav
c:
g=10
sfte=192000
cF
cN
sD: 
dP
sP
end of file treatment


tOF : 12:08:33:150
wavfile=SR2_20160426_023138_700.wav
c:
g=10
sfte=192000
cF
cN
sD: 
dP
sP
end of file treatment


tOF : 12:08:33:400
wavfile=SR2_20160426_023204_109.wav
c:
g=10
sfte=192000
cF
cN
sD: 
dP
sP
end of file treatment


tOF : 12:08:33:533
wavfile=SR2_20160426_023220_497.wav
c:
g=10
sfte=192000
cF
cN
sD: 
dP
sP
end of file treatment


tOF : 12:08:33:675
wavfile=SR2_20160426_023247_551.wav
c:
g=10
sfte=192000
cF
cN
sD: 
dP
sP
end of file treatment


tOF : 12:08:33:778
wavfile=SR2_20160426_023305_664.wav
c:
g=10
sfte=192000
cF
cN
sD: 
dP
sP
end of file treatment


tOF : 12:08:33:897
wavfile=SR2_20160426_023314_877.wav
c:
g=10
sfte=192000
cF
cN
sD: 
dP
sP
end of file treatment


tOF : 12:08:34:049
wavfile=SR2_20160426_023334_335.wav
c:
g=10
sfte=192000
cF
cN
sD: 
dP
sP
end of file treatment


tOF : 12:08:34:506
wavfile=SR2_20160426_023352_469.wav
c:
g=10
sfte=192000
cF
cN
sD: 
dP
sP
end of file treatment


tOF : 12:08:34:718
wavfile=SR2_20160426_023415_295.wav
c:
g=10
sfte=192000
cF
cN
sD: 
dP
sP
end of file treatment


tOF : 12:08:35:228
wavfile=SR2_20160426_023431_249.wav
c:
g=10
sfte=192000
cF
cN
sD: 
dP
sP
end of file treatment


tOF : 12:08:35:398
wavfile=SR2_20160426_023448_085.wav
c:
g=10
sfte=192000
cF
cN
sD: 
dP
sP
end of file treatment


tOF : 12:08:35:572
wavfile=SR2_20160426_023502_203.wav
c:
g=10
sfte=192000
cF
cN
sD: 
dP
sP
end of file treatment


tOF : 12:08:35:777
wavfile=SR2_20160426_023518_420.wav
c:
g=10
sfte=192000
cF
cN
sD: 
dP
sP
end of file treatment


tOF : 12:08:35:975
wavfile=SR2_20160426_023832_575.wav
c:
g=10
sfte=192000
cF
cN
sD: 
dP
sP
end of file treatment


tOF : 12:08:36:324
wavfile=SR2_20160426_023957_939.wav
c:
g=10
sfte=192000
cF
cN
sD: 
dP
sP
end of file treatment


tOF : 12:08:36:621
wavfile=SR2_20160426_024039_891.wav
c:
g=10
sfte=192000
cF
cN
sD: 
dP
sP
end of file treatment


tOF : 12:08:36:737
wavfile=SR2_20160426_024047_337.wav
c:
g=10
sfte=192000
cF
cN
sD: 
dP
sP
end of file treatment


tOF : 12:08:36:976
wavfile=SR2_20160426_024119_039.wav
c:
g=10
sfte=192000
cF
cN
sD: 
dP
sP
end of file treatment


tOF : 12:08:37:263
wavfile=SR2_20160426_024150_765.wav
c:
g=10
sfte=192000
cF
cN
sD: 
dP
sP
end of file treatment


tOF : 12:08:37:457
wavfile=SR2_20160426_024217_561.wav
c:
g=10
sfte=192000
cF
cN
sD: 
dP
sP
end of file treatment


tOF : 12:08:37:788
wavfile=SR2_20160426_024228_525.wav
c:
g=10
sfte=192000
cF
cN
sD: 
dP
sP
end of file treatment


tOF : 12:08:37:915
wavfile=SR2_20160426_024250_133.wav
c:
g=10
sfte=192000
cF
cN
sD: 
dP
sP
end of file treatment


tOF : 12:08:38:025
wavfile=SR2_20160426_024341_713.wav
c:
g=10
sfte=192000
cF
cN
sD: 
dP
sP
end of file treatment


tOF : 12:08:38:252
wavfile=SR2_20160426_024424_381.wav
c:
g=10
sfte=192000
cF
cN
sD: 
dP
sP
end of file treatment


tOF : 12:08:38:598
wavfile=SR2_20160426_024439_256.wav
c:
g=10
sfte=192000
cF
cN
sD: 
dP
sP
end of file treatment


tOF : 12:08:38:712
wavfile=SR2_20160426_024450_903.wav
c:
g=10
sfte=192000
cF
cN
sD: 
dP
sP
end of file treatment


tOF : 12:08:38:867
wavfile=SR2_20160426_024505_160.wav
c:
g=10
sfte=192000
cF
cN
sD: 
dP
sP
end of file treatment


tOF : 12:08:39:124
wavfile=SR2_20160426_024537_045.wav
c:
g=10
sfte=192000
cF
cN
sD: 
dP
sP
end of file treatment


tOF : 12:08:39:306
wavfile=SR2_20160426_024725_283.wav
c:
g=10
sfte=192000
cF
cN
sD: 
dP
sP
end of file treatment


tOF : 12:08:39:526
wavfile=SR2_20160426_024810_276.wav
c:
g=10
sfte=192000
cF
cN
sD: 
dP
sP
end of file treatment


tOF : 12:08:39:721
wavfile=SR2_20160426_024849_388.wav
c:
g=10
sfte=192000
cF
cN
sD: 
dP
sP
end of file treatment


tOF : 12:08:39:901
wavfile=SR2_20160426_025107_337.wav
c:
g=10
sfte=192000
cF
cN
sD: 
dP
sP
end of file treatment


tOF : 12:08:39:987
wavfile=SR2_20160426_025218_789.wav
c:
g=10
sfte=192000
cF
cN
sD: 
dP
sP
end of file treatment


tOF : 12:08:40:120
wavfile=SR2_20160426_025233_891.wav
c:
g=10
sfte=192000
cF
cN
sD: 
dP
sP
end of file treatment


tOF : 12:08:40:221
wavfile=SR2_20160426_025359_576.wav
c:
g=10
sfte=192000
cF
cN
sD: 
dP
sP
end of file treatment


tOF : 12:08:40:420
wavfile=SR2_20160426_025543_389.wav
c:
g=10
sfte=192000
cF
cN
sD: 
dP
sP
end of file treatment


tOF : 12:08:40:510
wavfile=SR2_20160426_025632_417.wav
c:
g=10
sfte=192000
cF
cN
sD: 
dP
sP
end of file treatment


tOF : 12:08:40:615
wavfile=SR2_20160426_025657_296.wav
c:
g=10
sfte=192000
cF
cN
sD: 
dP
sP
end of file treatment


tOF : 12:08:40:897
wavfile=SR2_20160426_025715_148.wav
c:
g=10
sfte=192000
cF
cN
sD: 
dP
sP
end of file treatment


tOF : 12:08:41:033
wavfile=SR2_20160426_025727_975.wav
c:
g=10
sfte=192000
cF
cN
sD: 
dP
sP
end of file treatment


tOF : 12:08:41:298
wavfile=SR2_20160426_025808_611.wav
c:
g=10
sfte=192000
cF
cN
sD: 
dP
sP
end of file treatment


tOF : 12:08:41:545
wavfile=SR2_20160426_025845_056.wav
c:
g=10
sfte=192000
cF
cN
sD: 
dP
sP
end of file treatment


tOF : 12:08:41:704
wavfile=SR2_20160426_030016_775.wav
c:
g=10
sfte=192000
cF
cN
sD: 
dP
sP
end of file treatment


tOF : 12:08:41:892
wavfile=SR2_20160426_030039_843.wav
c:
g=10
sfte=192000
cF
cN
sD: 
dP
sP
end of file treatment


tOF : 12:08:42:029
wavfile=SR2_20160426_030050_759.wav
c:
g=10
sfte=192000
cF
cN
sD: 
dP
sP
end of file treatment


tOF : 12:08:42:131
wavfile=SR2_20160426_030108_995.wav
c:
g=10
sfte=192000
cF
cN
sD: 
dP
sP
end of file treatment


tOF : 12:08:42:285
wavfile=SR2_20160426_030206_829.wav
c:
g=10
sfte=192000
cF
cN
sD: 
dP
sP
end of file treatment


tOF : 12:08:42:522
wavfile=SR2_20160426_030220_601.wav
c:
g=10
sfte=192000
cF
cN
sD: 
dP
sP
end of file treatment


tOF : 12:08:42:689
wavfile=SR2_20160426_030354_839.wav
c:
g=10
sfte=192000
cF
cN
sD: 
dP
sP
end of file treatment


tOF : 12:08:42:865
wavfile=SR2_20160426_030408_772.wav
c:
g=10
sfte=192000
cF
cN
sD: 
dP
sP
end of file treatment


tOF : 12:08:43:026
wavfile=SR2_20160426_030421_065.wav
c:
g=10
sfte=192000
cF
cN
sD: 
dP
sP
end of file treatment


tOF : 12:08:43:562
wavfile=SR2_20160426_030434_381.wav
c:
g=10
sfte=192000
cF
cN
sD: 
dP
sP
end of file treatment


tOF : 12:08:43:751
wavfile=SR2_20160426_030454_488.wav
c:
g=10
sfte=192000
cF
cN
sD: 
dP
sP
end of file treatment


tOF : 12:08:43:982
wavfile=SR2_20160426_030525_508.wav
c:
g=10
sfte=192000
cF
cN
sD: 
dP
sP
end of file treatment


tOF : 12:08:44:170
wavfile=SR2_20160426_030635_763.wav
c:
g=10
sfte=192000
cF
cN
sD: 
dP
sP
end of file treatment


tOF : 12:08:44:429
wavfile=SR2_20160426_030650_717.wav
c:
g=10
sfte=192000
cF
cN
sD: 
dP
sP
end of file treatment


tOF : 12:08:44:554
wavfile=SR2_20160426_030721_507.wav
c:
g=10
sfte=192000
cF
cN
sD: 
dP
sP
end of file treatment


tOF : 12:08:44:648
wavfile=SR2_20160426_030754_565.wav
c:
g=10
sfte=192000
cF
cN
sD: 
dP
sP
end of file treatment


tOF : 12:08:44:964
wavfile=SR2_20160426_030814_219.wav
c:
g=10
sfte=192000
cF
cN
sD: 
dP
sP
end of file treatment


tOF : 12:08:45:095
wavfile=SR2_20160426_030845_197.wav
c:
g=10
sfte=192000
cF
cN
sD: 
dP
sP
end of file treatment


tOF : 12:08:45:188
wavfile=SR2_20160426_030854_893.wav
c:
g=10
sfte=192000
cF
cN
sD: 
dP
sP
end of file treatment


tOF : 12:08:45:368
wavfile=SR2_20160426_030932_105.wav
c:
g=10
sfte=192000
cF
cN
sD: 
dP
sP
end of file treatment


tOF : 12:08:45:507
wavfile=SR2_20160426_030939_429.wav
c:
g=10
sfte=192000
cF
cN
sD: 
dP
sP
end of file treatment


tOF : 12:08:45:712
wavfile=SR2_20160426_031017_812.wav
c:
g=10
sfte=192000
cF
cN
sD: 
dP
sP
end of file treatment


tOF : 12:08:45:935
wavfile=SR2_20160426_031105_344.wav
c:
g=10
sfte=192000
cF
cN
sD: 
dP
sP
end of file treatment


tOF : 12:08:46:056
wavfile=SR2_20160426_031125_625.wav
c:
g=10
sfte=192000
cF
cN
sD: 
dP
sP
end of file treatment


tOF : 12:08:46:220
wavfile=SR2_20160426_031137_763.wav
c:
g=10
sfte=192000
cF
cN
sD: 
dP
sP
end of file treatment


tOF : 12:08:46:414
wavfile=SR2_20160426_031146_752.wav
c:
g=10
sfte=192000
cF
cN
sD: 
dP
sP
end of file treatment


tOF : 12:08:46:576
wavfile=SR2_20160426_031207_000.wav
c:
g=10
sfte=192000
cF
cN
sD: 
dP
sP
end of file treatment


tOF : 12:08:46:741
wavfile=SR2_20160426_031227_417.wav
c:
g=10
sfte=192000
cF
cN
sD: 
dP
sP
end of file treatment


tOF : 12:08:47:072
wavfile=SR2_20160426_031257_051.wav
c:
g=10
sfte=192000
cF
cN
sD: 
dP
sP
end of file treatment


tOF : 12:08:47:198
wavfile=SR2_20160426_031320_776.wav
c:
g=10
sfte=192000
cF
cN
sD: 
dP
sP
end of file treatment


tOF : 12:08:47:377
wavfile=SR2_20160426_031349_149.wav
c:
g=10
sfte=192000
cF
cN
sD: 
dP
sP
end of file treatment


tOF : 12:08:47:551
wavfile=SR2_20160426_031439_232.wav
c:
g=10
sfte=192000
cF
cN
sD: 
dP
sP
end of file treatment


tOF : 12:08:47:705
wavfile=SR2_20160426_031543_901.wav
c:
g=10
sfte=192000
cF
cN
sD: 
dP
sP
end of file treatment


tOF : 12:08:47:852
wavfile=SR2_20160426_031623_073.wav
c:
g=10
sfte=192000
cF
cN
sD: 
dP
sP
end of file treatment


tOF : 12:08:47:967
wavfile=SR2_20160426_031751_704.wav
c:
g=10
sfte=192000
cF
cN
sD: 
dP
sP
end of file treatment


tOF : 12:08:48:107
wavfile=SR2_20160426_031847_676.wav
c:
g=10
sfte=192000
cF
cN
sD: 
dP
sP
end of file treatment


tOF : 12:08:48:261
wavfile=SR2_20160426_031905_655.wav
c:
g=10
sfte=192000
cF
cN
sD: 
dP
sP
end of file treatment


tOF : 12:08:48:568
wavfile=SR2_20160426_032232_695.wav
c:
g=10
sfte=192000
cF
cN
sD: 
dP
sP
end of file treatment


tOF : 12:08:48:762
wavfile=SR2_20160426_032334_211.wav
c:
g=10
sfte=192000
cF
cN
sD: 
dP
sP
end of file treatment


tOF : 12:08:49:147
wavfile=SR2_20160426_032358_816.wav
c:
g=10
sfte=192000
cF
cN
sD: 
dP
sP
end of file treatment


tOF : 12:08:49:303
wavfile=SR2_20160426_032418_303.wav
c:
g=10
sfte=192000
cF
cN
sD: 
dP
sP
end of file treatment


tOF : 12:08:49:457
wavfile=SR2_20160426_032453_577.wav
c:
g=10
sfte=192000
cF
cN
sD: 
dP
sP
end of file treatment


tOF : 12:08:49:543
wavfile=SR2_20160426_032602_793.wav
c:
g=10
sfte=192000
cF
cN
sD: 
dP
sP
end of file treatment


tOF : 12:08:49:765
wavfile=SR2_20160426_032735_355.wav
c:
g=10
sfte=192000
cF
cN
sD: 
dP
sP
end of file treatment


tOF : 12:08:49:999
wavfile=SR2_20160426_032832_415.wav
c:
g=10
sfte=192000
cF
cN
sD: 
dP
sP
end of file treatment


tOF : 12:08:50:233
wavfile=SR2_20160426_033034_261.wav
c:
g=10
sfte=192000
cF
cN
sD: 
dP
sP
end of file treatment


tOF : 12:08:50:374
wavfile=SR2_20160426_034848_059.wav
c:
g=10
sfte=192000
cF
cN
sD: 
dP
sP
end of file treatment


tOF : 12:08:50:587
wavfile=SR2_20160426_040329_076.wav
c:
g=10
sfte=192000
cF
cN
sD: 
dP
sP
end of file treatment


tOF : 12:08:50:769
wavfile=SR2_20160426_040433_287.wav
c:
g=10
sfte=192000
cF
cN
sD: 
dP
sP
end of file treatment


tOF : 12:08:50:875
wavfile=SR2_20160426_041027_808.wav
c:
g=10
sfte=192000
cF
cN
sD: 
dP
sP
end of file treatment


tOF : 12:08:50:992
wavfile=SR2_20160426_041253_816.wav
c:
g=10
sfte=192000
cF
cN
sD: 
dP
sP
end of file treatment


tOF : 12:08:51:070
wavfile=SR2_20160426_044204_000.wav
c:
g=10
sfte=192000
cF
cN
sD: 
dP
sP
end of file treatment


tOF : 12:08:51:213
wavfile=SR2_20160426_044834_332.wav
c:
g=10
sfte=192000
cF
cN
sD: 
dP
sP
end of file treatment


tOF : 12:08:51:426
wavfile=SR2_20160426_044858_475.wav
c:
g=10
sfte=192000
cF
cN
sD: 
dP
sP
end of file treatment


tOF : 12:08:51:648
wavfile=SR2_20160426_044932_379.wav
c:
g=10
sfte=192000
cF
cN
sD: 
dP
sP
end of file treatment


tOF : 12:08:51:853
wavfile=SR2_20160426_044944_103.wav
c:
g=10
sfte=192000
cF
cN
sD: 
dP
sP
end of file treatment


tOF : 12:08:52:055
wavfile=SR2_20160426_045003_104.wav
c:
g=10
sfte=192000
cF
cN
sD: 
dP
sP
end of file treatment


tOF : 12:08:52:143
wavfile=SR2_20160426_045021_145.wav
c:
g=10
sfte=192000
cF
cN
sD: 
dP
sP
end of file treatment


tOF : 12:08:52:717
wavfile=SR2_20160426_045044_904.wav
c:
g=10
sfte=192000
cF
cN
sD: 
dP
sP
end of file treatment


tOF : 12:08:52:849
wavfile=SR2_20160426_045102_716.wav
c:
g=10
sfte=192000
cF
cN
sD: 
dP
sP
end of file treatment


tOF : 12:08:52:939
wavfile=SR2_20160426_045117_213.wav
c:
g=10
sfte=192000
cF
cN
sD: 
dP
sP
end of file treatment


tOF : 12:08:53:082
wavfile=SR2_20160426_045125_440.wav
c:
g=10
sfte=192000
cF
cN
sD: 
dP
sP
end of file treatment


tOF : 12:08:53:224
wavfile=SR2_20160426_045138_155.wav
c:
g=10
sfte=192000
cF
cN
sD: 
dP
sP
end of file treatment


tOF : 12:08:53:393
wavfile=SR2_20160426_045205_548.wav
c:
g=10
sfte=192000
cF
cN
sD: 
dP
sP
end of file treatment


tOF : 12:08:53:627
wavfile=SR2_20160426_045223_489.wav
c:
g=10
sfte=192000
cF
cN
sD: 
dP
sP
end of file treatment


tOF : 12:08:53:736
wavfile=SR2_20160426_045245_253.wav
c:
g=10
sfte=192000
cF
cN
sD: 
dP
sP
end of file treatment


tOF : 12:08:53:898
wavfile=SR2_20160426_045341_765.wav
c:
g=10
sfte=192000
cF
cN
sD: 
dP
sP
end of file treatment


tOF : 12:08:54:024
wavfile=SR2_20160426_045353_877.wav
c:
g=10
sfte=192000
cF
cN
sD: 
dP
sP
end of file treatment


tOF : 12:08:54:151
wavfile=SR2_20160426_045402_928.wav
c:
g=10
sfte=192000
cF
cN
sD: 
dP
sP
end of file treatment


tOF : 12:08:54:305
wavfile=SR2_20160426_045414_176.wav
c:
g=10
sfte=192000
cF
cN
sD: 
dP
sP
end of file treatment


tOF : 12:08:54:614
wavfile=SR2_20160426_045428_089.wav
c:
g=10
sfte=192000
cF
cN
sD: 
dP
sP
end of file treatment


tOF : 12:08:54:714
wavfile=SR2_20160426_045437_453.wav
c:
g=10
sfte=192000
cF
cN
sD: 
dP
sP
end of file treatment


tOF : 12:08:54:817
wavfile=SR2_20160426_045449_068.wav
c:
g=10
sfte=192000
cF
cN
sD: 
dP
sP
end of file treatment


tOF : 12:08:54:928
wavfile=SR2_20160426_045511_869.wav
c:
g=10
sfte=192000
cF
cN
sD: 
dP
sP
end of file treatment


tOF : 12:08:55:125
wavfile=SR2_20160426_045531_419.wav
c:
g=10
sfte=192000
cF
cN
sD: 
dP
sP
end of file treatment


tOF : 12:08:55:224
wavfile=SR2_20160426_045555_575.wav
c:
g=10
sfte=192000
cF
cN
sD: 
dP
sP
end of file treatment


tOF : 12:08:55:377
wavfile=SR2_20160426_045621_141.wav
c:
g=10
sfte=192000
cF
cN
sD: 
dP
sP
end of file treatment


tOF : 12:08:55:466
wavfile=SR2_20160426_045655_837.wav
c:
g=10
sfte=192000
cF
cN
sD: 
dP
sP
end of file treatment


tOF : 12:08:55:613
wavfile=SR2_20160426_185232_884.wav
c:
g=10
sfte=192000
cF
cN
sD: 
dP
sP
end of file treatment


tOF : 12:08:55:749
wavfile=SR2_20160426_185508_047.wav
c:
g=10
sfte=192000
cF
cN
sD: 
dP
sP
end of file treatment


tOF : 12:08:55:883
wavfile=SR2_20160426_185718_017.wav
c:
g=10
sfte=192000
cF
cN
sD: 
dP
sP
end of file treatment


tOF : 12:08:56:113
wavfile=SR2_20160426_185744_623.wav
c:
g=10
sfte=192000
cF
cN
sD: 
dP
sP
end of file treatment


tOF : 12:08:56:261
wavfile=SR2_20160426_185810_615.wav
c:
g=10
sfte=192000
cF
cN
sD: 
dP
sP
end of file treatment


tOF : 12:08:56:472
wavfile=SR2_20160426_185902_472.wav
c:
g=10
sfte=192000
cF
cN
sD: 
dP
sP
end of file treatment


tOF : 12:08:56:702
wavfile=SR2_20160426_185925_565.wav
c:
g=10
sfte=192000
cF
cN
sD: 
dP
sP
end of file treatment


tOF : 12:08:56:914
wavfile=SR2_20160426_185936_089.wav
c:
g=10
sfte=192000
cF
cN
sD: 
dP
sP
end of file treatment


tOF : 12:08:57:023
wavfile=SR2_20160426_185949_107.wav
c:
g=10
sfte=192000
cF
cN
sD: 
dP
sP
end of file treatment


tOF : 12:08:57:205
wavfile=SR2_20160426_190016_803.wav
c:
g=10
sfte=192000
cF
cN
sD: 
dP
sP
end of file treatment


tOF : 12:08:57:547
wavfile=SR2_20160426_190030_333.wav
c:
g=10
sfte=192000
cF
cN
sD: 
dP
sP
end of file treatment


tOF : 12:08:57:697
wavfile=SR2_20160426_190044_592.wav
c:
g=10
sfte=192000
cF
cN
sD: 
dP
sP
end of file treatment


tOF : 12:08:57:848
wavfile=SR2_20160426_190126_513.wav
c:
g=10
sfte=192000
cF
cN
sD: 
dP
sP
end of file treatment


tOF : 12:08:57:982
wavfile=SR2_20160426_190218_519.wav
c:
g=10
sfte=192000
cF
cN
sD: 
dP
sP
end of file treatment


tOF : 12:08:58:088
wavfile=SR2_20160426_190234_683.wav
c:
g=10
sfte=192000
cF
cN
sD: 
dP
sP
end of file treatment


tOF : 12:08:58:269
wavfile=SR2_20160426_190257_163.wav
c:
g=10
sfte=192000
cF
cN
sD: 
dP
sP
end of file treatment


tOF : 12:08:58:387
wavfile=SR2_20160426_190313_236.wav
c:
g=10
sfte=192000
cF
cN
sD: 
dP
sP
end of file treatment


tOF : 12:08:58:500
wavfile=SR2_20160426_190328_428.wav
c:
g=10
sfte=192000
cF
cN
sD: 
dP
sP
end of file treatment


tOF : 12:08:58:637
wavfile=SR2_20160426_190354_556.wav
c:
g=10
sfte=192000
cF
cN
sD: 
dP
sP
end of file treatment


tOF : 12:08:58:729
wavfile=SR2_20160426_190422_804.wav
c:
g=10
sfte=192000
cF
cN
sD: 
dP
sP
end of file treatment


tOF : 12:08:58:854
wavfile=SR2_20160426_190445_183.wav
c:
g=10
sfte=192000
cF
cN
sD: 
dP
sP
end of file treatment


tOF : 12:08:59:006
wavfile=SR2_20160426_190520_849.wav
c:
g=10
sfte=192000
cF
cN
sD: 
dP
sP
end of file treatment


tOF : 12:08:59:311
wavfile=SR2_20160426_190536_807.wav
c:
g=10
sfte=192000
cF
cN
sD: 
dP
sP
end of file treatment


tOF : 12:08:59:482
wavfile=SR2_20160426_190602_577.wav
c:
g=10
sfte=192000
cF
cN
sD: 
dP
sP
end of file treatment


tOF : 12:08:59:691
wavfile=SR2_20160426_190620_981.wav
c:
g=10
sfte=192000
cF
cN
sD: 
dP
sP
end of file treatment


tOF : 12:09:00:259
wavfile=SR2_20160426_190741_657.wav
c:
g=10
sfte=192000
cF
cN
sD: 
dP
sP
end of file treatment


tOF : 12:09:00:347
wavfile=SR2_20160426_190811_305.wav
c:
g=10
sfte=192000
cF
cN
sD: 
dP
sP
end of file treatment


tOF : 12:09:00:499
wavfile=SR2_20160426_190849_340.wav
c:
g=10
sfte=192000
cF
cN
sD: 
dP
sP
end of file treatment


tOF : 12:09:00:579
wavfile=SR2_20160426_190940_379.wav
c:
g=10
sfte=192000
cF
cN
sD: 
dP
sP
end of file treatment


tOF : 12:09:00:667
wavfile=SR2_20160426_191108_129.wav
c:
g=10
sfte=192000
cF
cN
sD: 
dP
sP
end of file treatment


tOF : 12:09:00:762
wavfile=SR2_20160426_200448_727.wav
c:
g=10
sfte=192000
cF
cN
sD: 
dP
sP
end of file treatment


tOF : 12:09:00:855
wavfile=SR2_20160426_200517_492.wav
c:
g=10
sfte=192000
cF
cN
sD: 
dP
sP
end of file treatment


tOF : 12:09:01:137
wavfile=SR2_20160426_200601_089.wav
c:
g=10
sfte=192000
cF
cN
sD: 
dP
sP
end of file treatment


tOF : 12:09:01:320
wavfile=SR2_20160426_200627_744.wav
c:
g=10
sfte=192000
cF
cN
sD: 
dP
sP
end of file treatment


tOF : 12:09:01:475
wavfile=SR2_20160426_200704_400.wav
c:
g=10
sfte=192000
cF
cN
sD: 
dP
sP
end of file treatment


tOF : 12:09:01:587
wavfile=SR2_20160426_202534_553.wav
c:
g=10
sfte=192000
cF
cN
sD: 
dP
sP
end of file treatment


tOF : 12:09:01:672
wavfile=SR2_20160426_202545_992.wav
c:
g=10
sfte=192000
cF
cN
sD: 
dP
sP
end of file treatment


tOF : 12:09:01:816
wavfile=SR2_20160426_202556_931.wav
c:
g=10
sfte=192000
cF
cN
sD: 
dP
sP
end of file treatment


tOF : 12:09:01:980
wavfile=SR2_20160426_202604_192.wav
c:
g=10
sfte=192000
cF
cN
sD: 
dP
sP
end of file treatment


tOF : 12:09:02:115
wavfile=SR2_20160426_202615_200.wav
c:
g=10
sfte=192000
cF
cN
sD: 
dP
sP
end of file treatment


tOF : 12:09:02:291
wavfile=SR2_20160426_202636_617.wav
c:
g=10
sfte=192000
cF
cN
sD: 
dP
sP
end of file treatment


tOF : 12:09:02:514
wavfile=SR2_20160426_202713_536.wav
c:
g=10
sfte=192000
cF
cN
sD: 
dP
sP
end of file treatment


tOF : 12:09:02:635
wavfile=SR2_20160426_202803_036.wav
c:
g=10
sfte=192000
cF
cN
sD: 
dP
sP
end of file treatment


tOF : 12:09:02:759
wavfile=SR2_20160426_202905_704.wav
c:
g=10
sfte=192000
cF
cN
sD: 
dP
sP
end of file treatment


tOF : 12:09:02:906
wavfile=SR2_20160426_202920_151.wav
c:
g=10
sfte=192000
cF
cN
sD: 
dP
sP
end of file treatment


tOF : 12:09:03:028
wavfile=SR2_20160426_202935_969.wav
c:
g=10
sfte=192000
cF
cN
sD: 
dP
sP
end of file treatment


tOF : 12:09:03:415
wavfile=SR2_20160426_202944_144.wav
c:
g=10
sfte=192000
cF
cN
sD: 
dP
sP
end of file treatment


tOF : 12:09:03:495
wavfile=SR2_20160426_202957_533.wav
c:
g=10
sfte=192000
cF
cN
sD: 
dP
sP
end of file treatment


tOF : 12:09:03:697
wavfile=SR2_20160426_203013_851.wav
c:
g=10
sfte=192000
cF
cN
sD: 
dP
sP
end of file treatment


tOF : 12:09:03:831
wavfile=SR2_20160426_203037_656.wav
c:
g=10
sfte=192000
cF
cN
sD: 
dP
sP
end of file treatment


tOF : 12:09:03:927
wavfile=SR2_20160426_203108_435.wav
c:
g=10
sfte=192000
cF
cN
sD: 
dP
sP
end of file treatment


tOF : 12:09:04:079
wavfile=SR2_20160426_203143_624.wav
c:
g=10
sfte=192000
cF
cN
sD: 
dP
sP
end of file treatment


tOF : 12:09:04:155
wavfile=SR2_20160426_203206_541.wav
c:
g=10
sfte=192000
cF
cN
sD: 
dP
sP
end of file treatment


tOF : 12:09:04:308
wavfile=SR2_20160426_203224_836.wav
c:
g=10
sfte=192000
cF
cN
sD: 
dP
sP
end of file treatment


tOF : 12:09:04:434
wavfile=SR2_20160426_203243_639.wav
c:
g=10
sfte=192000
cF
cN
sD: 
dP
sP
end of file treatment


tOF : 12:09:04:627
wavfile=SR2_20160426_203301_368.wav
c:
g=10
sfte=192000
cF
cN
sD: 
dP
sP
end of file treatment


tOF : 12:09:04:830
wavfile=SR2_20160426_203317_063.wav
c:
g=10
sfte=192000
cF
cN
sD: 
dP
sP
end of file treatment


tOF : 12:09:04:908
wavfile=SR2_20160426_203419_331.wav
c:
g=10
sfte=192000
cF
cN
sD: 
dP
sP
end of file treatment


tOF : 12:09:05:116
wavfile=SR2_20160426_203435_808.wav
c:
g=10
sfte=192000
cF
cN
sD: 
dP
sP
end of file treatment


tOF : 12:09:05:437
wavfile=SR2_20160426_203928_607.wav
c:
g=10
sfte=192000
cF
cN
sD: 
dP
sP
end of file treatment


tOF : 12:09:05:617
wavfile=SR2_20160426_204129_184.wav
c:
g=10
sfte=192000
cF
cN
sD: 
dP
sP
end of file treatment


tOF : 12:09:05:750
wavfile=SR2_20160426_204348_504.wav
c:
g=10
sfte=192000
cF
cN
sD: 
dP
sP
end of file treatment


tOF : 12:09:05:863
wavfile=SR2_20160426_204408_868.wav
c:
g=10
sfte=192000
cF
cN
sD: 
dP
sP
end of file treatment


tOF : 12:09:05:946
wavfile=SR2_20160426_204555_128.wav
c:
g=10
sfte=192000
cF
cN
sD: 
dP
sP
end of file treatment


tOF : 12:09:06:180
wavfile=SR2_20160426_204615_495.wav
c:
g=10
sfte=192000
cF
cN
sD: 
dP
sP
end of file treatment


tOF : 12:09:06:270
wavfile=SR2_20160426_204645_845.wav
c:
g=10
sfte=192000
cF
cN
sD: 
dP
sP
end of file treatment


tOF : 12:09:06:655
wavfile=SR2_20160426_204710_760.wav
c:
g=10
sfte=192000
cF
cN
sD: 
dP
sP
end of file treatment


tOF : 12:09:06:886
wavfile=SR2_20160426_204747_921.wav
c:
g=10
sfte=192000
cF
cN
sD: 
dP
sP
end of file treatment


tOF : 12:09:06:961
wavfile=SR2_20160426_204826_925.wav
c:
g=10
sfte=192000
cF
cN
sD: 
dP
sP
end of file treatment


tOF : 12:09:07:045
wavfile=SR2_20160426_204836_452.wav
c:
g=10
sfte=192000
cF
cN
sD: 
dP
sP
end of file treatment


tOF : 12:09:07:177
wavfile=SR2_20160426_204904_224.wav
c:
g=10
sfte=192000
cF
cN
sD: 
dP
sP
end of file treatment


tOF : 12:09:07:273
wavfile=SR2_20160426_204917_453.wav
c:
g=10
sfte=192000
cF
cN
sD: 
dP
sP
end of file treatment


tOF : 12:09:07:378
wavfile=SR2_20160426_204929_027.wav
c:
g=10
sfte=192000
cF
cN
sD: 
dP
sP
end of file treatment


tOF : 12:09:07:559
wavfile=SR2_20160426_205005_781.wav
c:
g=10
sfte=192000
cF
cN
sD: 
dP
sP
end of file treatment


tOF : 12:09:07:679
wavfile=SR2_20160426_205026_643.wav
c:
g=10
sfte=192000
cF
cN
sD: 
dP
sP
end of file treatment


tOF : 12:09:07:850
wavfile=SR2_20160426_205211_275.wav
c:
g=10
sfte=192000
cF
cN
sD: 
dP
sP
end of file treatment


tOF : 12:09:07:960
wavfile=SR2_20160426_210753_807.wav
c:
g=10
sfte=192000
cF
cN
sD: 
dP
sP
end of file treatment


tOF : 12:09:08:066
wavfile=SR2_20160426_210914_852.wav
c:
g=10
sfte=192000
cF
cN
sD: 
dP
sP
end of file treatment


tOF : 12:09:08:346
wavfile=SR2_20160426_210926_529.wav
c:
g=10
sfte=192000
cF
cN
sD: 
dP
sP
end of file treatment


tOF : 12:09:08:433
wavfile=SR2_20160426_210936_895.wav
c:
g=10
sfte=192000
cF
cN
sD: 
dP
sP
end of file treatment


tOF : 12:09:08:704
wavfile=SR2_20160426_210948_955.wav
c:
g=10
sfte=192000
cF
cN
sD: 
dP
sP
end of file treatment


tOF : 12:09:09:198
wavfile=SR2_20160426_211010_517.wav
c:
g=10
sfte=192000
cF
cN
sD: 
dP
sP
end of file treatment


tOF : 12:09:09:380
wavfile=SR2_20160426_211021_537.wav
c:
g=10
sfte=192000
cF
cN
sD: 
dP
sP
end of file treatment


tOF : 12:09:09:456
wavfile=SR2_20160426_211053_960.wav
c:
g=10
sfte=192000
cF
cN
sD: 
dP
sP
end of file treatment


tOF : 12:09:09:639
wavfile=SR2_20160426_211112_548.wav
c:
g=10
sfte=192000
cF
cN
sD: 
dP
sP
end of file treatment


tOF : 12:09:09:980
wavfile=SR2_20160426_211146_377.wav
c:
g=10
sfte=192000
cF
cN
sD: 
dP
sP
end of file treatment


tOF : 12:09:10:158
wavfile=SR2_20160426_211207_357.wav
c:
g=10
sfte=192000
cF
cN
sD: 
dP
sP
end of file treatment


tOF : 12:09:10:387
wavfile=SR2_20160426_211221_832.wav
c:
g=10
sfte=192000
cF
cN
sD: 
dP
sP
end of file treatment


tOF : 12:09:10:511
wavfile=SR2_20160426_211245_055.wav
c:
g=10
sfte=192000
cF
cN
sD: 
dP
sP
end of file treatment


tOF : 12:09:10:724
wavfile=SR2_20160426_211303_869.wav
c:
g=10
sfte=192000
cF
cN
sD: 
dP
sP
end of file treatment


tOF : 12:09:10:868
wavfile=SR2_20160426_211341_603.wav
c:
g=10
sfte=192000
cF
cN
sD: 
dP
sP
end of file treatment


tOF : 12:09:11:083
wavfile=SR2_20160426_211359_651.wav
c:
g=10
sfte=192000
cF
cN
sD: 
dP
sP
end of file treatment


tOF : 12:09:11:311
wavfile=SR2_20160426_211414_307.wav
c:
g=10
sfte=192000
cF
cN
sD: 
dP
sP
end of file treatment


tOF : 12:09:11:385
wavfile=SR2_20160426_211436_820.wav
c:
g=10
sfte=192000
cF
cN
sD: 
dP
sP
end of file treatment


tOF : 12:09:11:480
wavfile=SR2_20160426_211506_951.wav
c:
g=10
sfte=192000
cF
cN
sD: 
dP
sP
end of file treatment


tOF : 12:09:11:571
wavfile=SR2_20160426_211519_345.wav
c:
g=10
sfte=192000
cF
cN
sD: 
dP
sP
end of file treatment


tOF : 12:09:11:682
wavfile=SR2_20160426_211550_369.wav
c:
g=10
sfte=192000
cF
cN
sD: 
dP
sP
end of file treatment


tOF : 12:09:11:788
wavfile=SR2_20160426_211611_596.wav
c:
g=10
sfte=192000
cF
cN
sD: 
dP
sP
end of file treatment


tOF : 12:09:11:862
wavfile=SR2_20160426_211620_136.wav
c:
g=10
sfte=192000
cF
cN
sD: 
dP
sP
end of file treatment


tOF : 12:09:11:972
wavfile=SR2_20160426_211752_964.wav
c:
g=10
sfte=192000
cF
cN
sD: 
dP
sP
end of file treatment


tOF : 12:09:12:111
wavfile=SR2_20160426_212152_073.wav
c:
g=10
sfte=192000
cF
cN
sD: 
dP
sP
end of file treatment


tOF : 12:09:12:214
wavfile=SR2_20160426_214406_000.wav
c:
g=10
sfte=192000
cF
cN
sD: 
dP
sP
end of file treatment


tOF : 12:09:12:289
wavfile=SR2_20160426_215245_756.wav
c:
g=10
sfte=192000
cF
cN
sD: 
dP
sP
end of file treatment


tOF : 12:09:12:372
wavfile=SR2_20160426_215337_185.wav
c:
g=10
sfte=192000
cF
cN
sD: 
dP
sP
end of file treatment


tOF : 12:09:12:491
wavfile=SR2_20160426_215419_672.wav
c:
g=10
sfte=192000
cF
cN
sD: 
dP
sP
end of file treatment


tOF : 12:09:12:630
wavfile=SR2_20160426_215439_336.wav
c:
g=10
sfte=192000
cF
cN
sD: 
dP
sP
end of file treatment


tOF : 12:09:12:820
wavfile=SR2_20160426_215453_699.wav
c:
g=10
sfte=192000
cF
cN
sD: 
dP
sP
end of file treatment


tOF : 12:09:13:036
wavfile=SR2_20160426_215505_577.wav
c:
g=10
sfte=192000
cF
cN
sD: 
dP
sP
end of file treatment


tOF : 12:09:13:222
wavfile=SR2_20160426_215521_915.wav
c:
g=10
sfte=192000
cF
cN
sD: 
dP
sP
end of file treatment


tOF : 12:09:13:515
wavfile=SR2_20160426_215546_444.wav
c:
g=10
sfte=192000
cF
cN
sD: 
dP
sP
end of file treatment


tOF : 12:09:13:646
wavfile=SR2_20160426_215600_252.wav
c:
g=10
sfte=192000
cF
cN
sD: 
dP
sP
end of file treatment


tOF : 12:09:13:768
wavfile=SR2_20160426_215610_631.wav
c:
g=10
sfte=192000
cF
cN
sD: 
dP
sP
end of file treatment


tOF : 12:09:13:846
wavfile=SR2_20160426_215650_008.wav
c:
g=10
sfte=192000
cF
cN
sD: 
dP
sP
end of file treatment


tOF : 12:09:13:965
wavfile=SR2_20160426_215712_989.wav
c:
g=10
sfte=192000
cF
cN
sD: 
dP
sP
end of file treatment


tOF : 12:09:14:058
wavfile=SR2_20160426_215735_373.wav
c:
g=10
sfte=192000
cF
cN
sD: 
dP
sP
end of file treatment


tOF : 12:09:14:242
wavfile=SR2_20160426_215759_641.wav
c:
g=10
sfte=192000
cF
cN
sD: 
dP
sP
end of file treatment


tOF : 12:09:14:741
wavfile=SR2_20160426_215821_884.wav
c:
g=10
sfte=192000
cF
cN
sD: 
dP
sP
end of file treatment


tOF : 12:09:14:850
wavfile=SR2_20160426_215838_517.wav
c:
g=10
sfte=192000
cF
cN
sD: 
dP
sP
end of file treatment


tOF : 12:09:14:961
wavfile=SR2_20160426_221128_780.wav
c:
g=10
sfte=192000
cF
cN
sD: 
dP
sP
end of file treatment


tOF : 12:09:15:087
wavfile=SR2_20160426_224404_000.wav
c:
g=10
sfte=192000
cF
cN
sD: 
dP
sP
end of file treatment


tOF : 12:09:15:233
wavfile=SR2_20160426_231026_839.wav
c:
g=10
sfte=192000
cF
cN
sD: 
dP
sP
end of file treatment


tOF : 12:09:15:314
wavfile=SR2_20160426_231449_913.wav
c:
g=10
sfte=192000
cF
cN
sD: 
dP
sP
end of file treatment


tOF : 12:09:15:408
wavfile=SR2_20160426_231543_649.wav
c:
g=10
sfte=192000
cF
cN
sD: 
dP
sP
end of file treatment


tOF : 12:09:15:505
wavfile=SR2_20160426_231553_485.wav
c:
g=10
sfte=192000
cF
cN
sD: 
dP
sP
end of file treatment


tOF : 12:09:15:668
wavfile=SR2_20160426_231608_649.wav
c:
g=10
sfte=192000
cF
cN
sD: 
dP
sP
end of file treatment


tOF : 12:09:15:831
wavfile=SR2_20160426_231626_476.wav
c:
g=10
sfte=192000
cF
cN
sD: 
dP
sP
end of file treatment


tOF : 12:09:16:003
wavfile=SR2_20160426_231653_797.wav
c:
g=10
sfte=192000
cF
cN
sD: 
dP
sP
end of file treatment


tOF : 12:09:16:134
wavfile=SR2_20160426_231709_360.wav
c:
g=10
sfte=192000
cF
cN
sD: 
dP
sP
end of file treatment


tOF : 12:09:16:248
wavfile=SR2_20160426_231728_551.wav
c:
g=10
sfte=192000
cF
cN
sD: 
dP
sP
end of file treatment


tOF : 12:09:16:392
wavfile=SR2_20160426_231819_185.wav
c:
g=10
sfte=192000
cF
cN
sD: 
dP
sP
end of file treatment


tOF : 12:09:16:652
wavfile=SR2_20160426_233115_124.wav
c:
g=10
sfte=192000
cF
cN
sD: 
dP
sP
end of file treatment


tOF : 12:09:16:765
wavfile=SR2_20160426_233625_543.wav
c:
g=10
sfte=192000
cF
cN
sD: 
dP
sP
end of file treatment


tOF : 12:09:16:880
wavfile=SR2_20160426_233747_768.wav
c:
g=10
sfte=192000
cF
cN
sD: 
dP
sP
end of file treatment


tOF : 12:09:17:037
wavfile=SR2_20160426_233813_843.wav
c:
g=10
sfte=192000
cF
cN
sD: 
dP
sP
end of file treatment


tOF : 12:09:17:236
wavfile=SR2_20160426_233835_956.wav
c:
g=10
sfte=192000
cF
cN
sD: 
dP
sP
end of file treatment


tOF : 12:09:17:397
wavfile=SR2_20160426_233846_805.wav
c:
g=10
sfte=192000
cF
cN
sD: 
dP
sP
end of file treatment


tOF : 12:09:17:669
wavfile=SR2_20160426_233909_547.wav
c:
g=10
sfte=192000
cF
cN
sD: 
dP
sP
end of file treatment


tOF : 12:09:17:772
wavfile=SR2_20160426_233922_717.wav
c:
g=10
sfte=192000
cF
cN
sD: 
dP
sP
end of file treatment


tOF : 12:09:17:984
wavfile=SR2_20160426_233945_500.wav
c:
g=10
sfte=192000
cF
cN
sD: 
dP
sP
end of file treatment


tOF : 12:09:18:112
wavfile=SR2_20160426_234009_184.wav
c:
g=10
sfte=192000
cF
cN
sD: 
dP
sP
end of file treatment


tOF : 12:09:18:324
wavfile=SR2_20160426_234105_835.wav
c:
g=10
sfte=192000
cF
cN
sD: 
dP
sP
end of file treatment


tOF : 12:09:18:520
wavfile=SR2_20160426_234722_772.wav
c:
g=10
sfte=192000
cF
cN
sD: 
dP
sP
end of file treatment


tOF : 12:09:18:638
wavfile=SR2_20160426_234901_089.wav
c:
g=10
sfte=192000
cF
cN
sD: 
dP
sP
end of file treatment


tOF : 12:09:18:761
wavfile=SR2_20160427_000006_355.wav
c:
g=10
sfte=192000
cF
cN
sD: 
dP
sP
end of file treatment


tOF : 12:09:18:851
wavfile=SR2_20160427_003936_332.wav
c:
g=10
sfte=192000
cF
cN
sD: 
dP
sP
end of file treatment


tOF : 12:09:19:202
wavfile=SR2_20160427_004601_795.wav
c:
g=10
sfte=192000
cF
cN
sD: 
dP
sP
end of file treatment


tOF : 12:09:19:299
wavfile=SR2_20160427_020011_448.wav
c:
g=10
sfte=192000
cF
cN
sD: 
dP
sP
end of file treatment


tOF : 12:09:19:454
wavfile=SR2_20160427_022048_649.wav
c:
g=10
sfte=192000
cF
cN
sD: 
dP
sP
end of file treatment


tOF : 12:09:19:605
wavfile=SR2_20160427_023641_440.wav
c:
g=10
sfte=192000
cF
cN
sD: 
dP
sP
end of file treatment


tOF : 12:09:19:680
wavfile=SR2_20160427_025354_720.wav
c:
g=10
sfte=192000
cF
cN
sD: 
dP
sP
end of file treatment


tOF : 12:09:19:751
wavfile=SR2_20160427_031404_000.wav
c:
g=10
sfte=192000
cF
cN
sD: 
dP
sP
end of file treatment


tOF : 12:09:19:843
wavfile=SR2_20160427_033459_673.wav
c:
g=10
sfte=192000
cF
cN
sD: 
dP
sP
end of file treatment


tOF : 12:09:19:980
wavfile=SR2_20160427_034404_000.wav
c:
g=10
sfte=192000
cF
cN
sD: 
dP
sP
end of file treatment


tOF : 12:09:20:161
wavfile=SR2_20160427_041018_713.wav
c:
g=10
sfte=192000
cF
cN
sD: 
dP
sP
end of file treatment


tOF : 12:09:20:280
wavfile=SR2_20160427_043010_324.wav
c:
g=10
sfte=192000
cF
cN
sD: 
dP
sP
end of file treatment


tOF : 12:09:20:381
wavfile=SR2_20160427_191502_000.wav
c:
g=10
sfte=192000
cF
cN
sD: 
dP
sP
end of file treatment


tOF : 12:09:20:487
wavfile=SR2_20160427_201316_736.wav
c:
g=10
sfte=192000
cF
cN
sD: 
dP
sP
end of file treatment


tOF : 12:09:20:610
wavfile=SR2_20160427_214504_000.wav
c:
g=10
sfte=192000
cF
cN
sD: 
dP
sP
end of file treatment


tOF : 12:09:20:808
wavfile=SR2_20160427_234504_000.wav
c:
g=10
sfte=192000
cF
cN
sD: 
dP
sP
end of file treatment


tOF : 12:09:20:899
wavfile=SR2_20160428_014504_000.wav
c:
g=10
sfte=192000
cF
cN
sD: 
dP
sP
end of file treatment


tOF : 12:09:21:044
wavfile=SR2_20160428_034504_000.wav
c:
g=10
sfte=192000
cF
cN
sD: 
dP
sP
end of file treatment


tOF : 12:09:21:233
wavfile=SR2_20160428_185051_668.wav
c:
g=10
sfte=192000
cF
cN
sD: 
dP
sP
end of file treatment


tOF : 12:09:21:325
wavfile=SR2_20160428_195948_033.wav
c:
g=10
sfte=192000
cF
cN
sD: 
dP
sP
end of file treatment


tOF : 12:09:21:467
wavfile=SR2_20160428_204704_000.wav
c:
g=10
sfte=192000
cF
cN
sD: 
dP
sP
end of file treatment


tOF : 12:09:21:613
wavfile=SR2_20160428_214704_000.wav
c:
g=10
sfte=192000
cF
cN
sD: 
dP
sP
end of file treatment


tOF : 12:09:21:925
wavfile=SR2_20160428_215945_660.wav
c:
g=10
sfte=192000
cF
cN
sD: 
dP
sP
end of file treatment


tOF : 12:09:22:229
wavfile=SR2_20160428_220040_413.wav
c:
g=10
sfte=192000
cF
cN
sD: 
dP
sP
end of file treatment


tOF : 12:09:22:457
wavfile=SR2_20160428_220303_901.wav
c:
g=10
sfte=192000
cF
cN
sD: 
dP
sP
end of file treatment


tOF : 12:09:22:607
wavfile=SR2_20160428_220425_388.wav
c:
g=10
sfte=192000
cF
cN
sD: 
dP
sP
end of file treatment


tOF : 12:09:22:773
wavfile=SR2_20160428_220520_228.wav
c:
g=10
sfte=192000
cF
cN
sD: 
dP
sP
end of file treatment


tOF : 12:09:23:002
wavfile=SR2_20160428_220548_267.wav
c:
g=10
sfte=192000
cF
cN
sD: 
dP
sP
end of file treatment


tOF : 12:09:23:263
wavfile=SR2_20160428_220615_081.wav
c:
g=10
sfte=192000
cF
cN
sD: 
dP
sP
end of file treatment


tOF : 12:09:23:417
wavfile=SR2_20160428_220659_177.wav
c:
g=10
sfte=192000
cF
cN
sD: 
dP
sP
end of file treatment


tOF : 12:09:23:653
wavfile=SR2_20160428_220743_648.wav
c:
g=10
sfte=192000
cF
cN
sD: 
dP
sP
end of file treatment


tOF : 12:09:23:895
wavfile=SR2_20160428_220808_144.wav
c:
g=10
sfte=192000
cF
cN
sD: 
dP
sP
end of file treatment


tOF : 12:09:24:025
wavfile=SR2_20160428_220930_772.wav
c:
g=10
sfte=192000
cF
cN
sD: 
dP
sP
end of file treatment


tOF : 12:09:24:255
wavfile=SR2_20160428_220954_235.wav
c:
g=10
sfte=192000
cF
cN
sD: 
dP
sP
end of file treatment


tOF : 12:09:24:428
wavfile=SR2_20160428_221018_972.wav
c:
g=10
sfte=192000
cF
cN
sD: 
dP
sP
end of file treatment


tOF : 12:09:24:549
wavfile=SR2_20160428_221158_945.wav
c:
g=10
sfte=192000
cF
cN
sD: 
dP
sP
end of file treatment


tOF : 12:09:24:646
wavfile=SR2_20160428_221326_516.wav
c:
g=10
sfte=192000
cF
cN
sD: 
dP
sP
end of file treatment


tOF : 12:09:24:828
wavfile=SR2_20160428_221348_549.wav
c:
g=10
sfte=192000
cF
cN
sD: 
dP
sP
end of file treatment


tOF : 12:09:25:087
wavfile=SR2_20160428_221547_912.wav
c:
g=10
sfte=192000
cF
cN
sD: 
dP
sP
end of file treatment


tOF : 12:09:25:194
wavfile=SR2_20160428_221705_000.wav
c:
g=10
sfte=192000
cF
cN
sD: 
dP
sP
end of file treatment


tOF : 12:09:25:363
wavfile=SR2_20160428_221801_769.wav
c:
g=10
sfte=192000
cF
cN
sD: 
dP
sP
end of file treatment


tOF : 12:09:25:515
wavfile=SR2_20160428_221855_484.wav
c:
g=10
sfte=192000
cF
cN
sD: 
dP
sP
end of file treatment


tOF : 12:09:25:719
wavfile=SR2_20160428_221947_117.wav
c:
g=10
sfte=192000
cF
cN
sD: 
dP
sP
end of file treatment


tOF : 12:09:26:011
wavfile=SR2_20160428_222051_885.wav
c:
g=10
sfte=192000
cF
cN
sD: 
dP
sP
end of file treatment


tOF : 12:09:26:211
wavfile=SR2_20160428_222221_052.wav
c:
g=10
sfte=192000
cF
cN
sD: 
dP
sP
end of file treatment


tOF : 12:09:26:387
wavfile=SR2_20160428_222324_601.wav
c:
g=10
sfte=192000
cF
cN
sD: 
dP
sP
end of file treatment


tOF : 12:09:26:503
wavfile=SR2_20160428_222434_880.wav
c:
g=10
sfte=192000
cF
cN
sD: 
dP
sP
end of file treatment


tOF : 12:09:26:803
wavfile=SR2_20160428_222612_471.wav
c:
g=10
sfte=192000
cF
cN
sD: 
dP
sP
end of file treatment


tOF : 12:09:27:235
wavfile=SR2_20160428_222748_817.wav
c:
g=10
sfte=192000
cF
cN
sD: 
dP
sP
end of file treatment


tOF : 12:09:27:498
wavfile=SR2_20160428_223003_419.wav
c:
g=10
sfte=192000
cF
cN
sD: 
dP
sP
end of file treatment


tOF : 12:09:27:704
wavfile=SR2_20160428_223051_529.wav
c:
g=10
sfte=192000
cF
cN
sD: 
dP
sP
end of file treatment


tOF : 12:09:28:016
wavfile=SR2_20160428_223110_843.wav
c:
g=10
sfte=192000
cF
cN
sD: 
dP
sP
end of file treatment


tOF : 12:09:28:182
wavfile=SR2_20160428_223439_125.wav
c:
g=10
sfte=192000
cF
cN
sD: 
dP
sP
end of file treatment


tOF : 12:09:28:337
wavfile=SR2_20160428_223624_808.wav
c:
g=10
sfte=192000
cF
cN
sD: 
dP
sP
end of file treatment


tOF : 12:09:28:550
wavfile=SR2_20160428_223843_719.wav
c:
g=10
sfte=192000
cF
cN
sD: 
dP
sP
end of file treatment


tOF : 12:09:28:798
wavfile=SR2_20160428_224344_797.wav
c:
g=10
sfte=192000
cF
cN
sD: 
dP
sP
end of file treatment


tOF : 12:09:28:992
wavfile=SR2_20160428_224535_631.wav
c:
g=10
sfte=192000
cF
cN
sD: 
dP
sP
end of file treatment


tOF : 12:09:29:088
wavfile=SR2_20160428_224736_107.wav
c:
g=10
sfte=192000
cF
cN
sD: 
dP
sP
end of file treatment


tOF : 12:09:29:277
wavfile=SR2_20160428_224844_743.wav
c:
g=10
sfte=192000
cF
cN
sD: 
dP
sP
end of file treatment


tOF : 12:09:29:473
wavfile=SR2_20160428_225057_349.wav
c:
g=10
sfte=192000
cF
cN
sD: 
dP
sP
end of file treatment


tOF : 12:09:29:751
wavfile=SR2_20160428_225155_207.wav
c:
g=10
sfte=192000
cF
cN
sD: 
dP
sP
end of file treatment


tOF : 12:09:29:999
wavfile=SR2_20160428_225312_728.wav
c:
g=10
sfte=192000
cF
cN
sD: 
dP
sP
end of file treatment


tOF : 12:09:30:187
wavfile=SR2_20160428_225458_565.wav
c:
g=10
sfte=192000
cF
cN
sD: 
dP
sP
end of file treatment


tOF : 12:09:30:283
wavfile=SR2_20160428_225738_128.wav
c:
g=10
sfte=192000
cF
cN
sD: 
dP
sP
end of file treatment


tOF : 12:09:30:497
wavfile=SR2_20160428_225848_623.wav
c:
g=10
sfte=192000
cF
cN
sD: 
dP
sP
end of file treatment


tOF : 12:09:30:669
wavfile=SR2_20160428_230048_520.wav
c:
g=10
sfte=192000
cF
cN
sD: 
dP
sP
end of file treatment


tOF : 12:09:30:757
wavfile=SR2_20160428_230222_160.wav
c:
g=10
sfte=192000
cF
cN
sD: 
dP
sP
end of file treatment


tOF : 12:09:30:866
wavfile=SR2_20160428_230453_575.wav
c:
g=10
sfte=192000
cF
cN
sD: 
dP
sP
end of file treatment


tOF : 12:09:31:013
wavfile=SR2_20160428_230610_823.wav
c:
g=10
sfte=192000
cF
cN
sD: 
dP
sP
end of file treatment


tOF : 12:09:31:134
wavfile=SR2_20160428_230728_701.wav
c:
g=10
sfte=192000
cF
cN
sD: 
dP
sP
end of file treatment


tOF : 12:09:31:317
wavfile=SR2_20160428_230807_409.wav
c:
g=10
sfte=192000
cF
cN
sD: 
dP
sP
end of file treatment


tOF : 12:09:31:503
wavfile=SR2_20160428_230900_279.wav
c:
g=10
sfte=192000
cF
cN
sD: 
dP
sP
end of file treatment


tOF : 12:09:31:654
wavfile=SR2_20160428_230934_924.wav
c:
g=10
sfte=192000
cF
cN
sD: 
dP
sP
end of file treatment


tOF : 12:09:31:869
wavfile=SR2_20160428_231018_752.wav
c:
g=10
sfte=192000
cF
cN
sD: 
dP
sP
end of file treatment


tOF : 12:09:31:953
wavfile=SR2_20160428_231125_333.wav
c:
g=10
sfte=192000
cF
cN
sD: 
dP
sP
end of file treatment


tOF : 12:09:32:069
wavfile=SR2_20160428_231225_149.wav
c:
g=10
sfte=192000
cF
cN
sD: 
dP
sP
end of file treatment


tOF : 12:09:32:290
wavfile=SR2_20160428_231425_421.wav
c:
g=10
sfte=192000
cF
cN
sD: 
dP
sP
end of file treatment


tOF : 12:09:32:562
wavfile=SR2_20160428_231729_231.wav
c:
g=10
sfte=192000
cF
cN
sD: 
dP
sP
end of file treatment


tOF : 12:09:32:840
wavfile=SR2_20160428_232318_961.wav
c:
g=10
sfte=192000
cF
cN
sD: 
dP
sP
end of file treatment


tOF : 12:09:33:452
wavfile=SR2_20160428_232536_436.wav
c:
g=10
sfte=192000
cF
cN
sD: 
dP
sP
end of file treatment


tOF : 12:09:33:676
wavfile=SR2_20160428_232718_612.wav
c:
g=10
sfte=192000
cF
cN
sD: 
dP
sP
end of file treatment


tOF : 12:09:33:889
wavfile=SR2_20160428_232940_056.wav
c:
g=10
sfte=192000
cF
cN
sD: 
dP
sP
end of file treatment


tOF : 12:09:34:023
wavfile=SR2_20160428_233249_876.wav
c:
g=10
sfte=192000
cF
cN
sD: 
dP
sP
end of file treatment


tOF : 12:09:34:224
wavfile=SR2_20160428_233439_421.wav
c:
g=10
sfte=192000
cF
cN
sD: 
dP
sP
end of file treatment


tOF : 12:09:34:324
wavfile=SR2_20160428_233659_171.wav
c:
g=10
sfte=192000
cF
cN
sD: 
dP
sP
end of file treatment


tOF : 12:09:34:513
wavfile=SR2_20160428_234120_388.wav
c:
g=10
sfte=192000
cF
cN
sD: 
dP
sP
end of file treatment


tOF : 12:09:34:700
wavfile=SR2_20160428_234639_648.wav
c:
g=10
sfte=192000
cF
cN
sD: 
dP
sP
end of file treatment


tOF : 12:09:34:917
wavfile=SR2_20160428_234739_160.wav
c:
g=10
sfte=192000
cF
cN
sD: 
dP
sP
end of file treatment


tOF : 12:09:35:203
wavfile=SR2_20160428_235007_684.wav
c:
g=10
sfte=192000
cF
cN
sD: 
dP
sP
end of file treatment


tOF : 12:09:35:387
wavfile=SR2_20160428_235318_852.wav
c:
g=10
sfte=192000
cF
cN
sD: 
dP
sP
end of file treatment


tOF : 12:09:35:562
wavfile=SR2_20160428_235642_780.wav
c:
g=10
sfte=192000
cF
cN
sD: 
dP
sP
end of file treatment


tOF : 12:09:35:682
wavfile=SR2_20160429_000614_897.wav
c:
g=10
sfte=192000
cF
cN
sD: 
dP
sP
end of file treatment


tOF : 12:09:35:817
wavfile=SR2_20160429_001502_839.wav
c:
g=10
sfte=192000
cF
cN
sD: 
dP
sP
end of file treatment


tOF : 12:09:35:898
wavfile=SR2_20160429_001926_900.wav
c:
g=10
sfte=192000
cF
cN
sD: 
dP
sP
end of file treatment


tOF : 12:09:35:994
wavfile=SR2_20160429_002336_336.wav
c:
g=10
sfte=192000
cF
cN
sD: 
dP
sP
end of file treatment


tOF : 12:09:36:102
wavfile=SR2_20160429_014704_000.wav
c:
g=10
sfte=192000
cF
cN
sD: 
dP
sP
end of file treatment


tOF : 12:09:36:246
wavfile=SR2_20160429_034704_000.wav
c:
g=10
sfte=192000
cF
cN
sD: 
dP
sP
end of file treatment


tOF : 12:09:36:452
wavfile=SR2_20160429_185512_649.wav
c:
g=10
sfte=192000
cF
cN
sD: 
dP
sP
end of file treatment


tOF : 12:09:36:548
wavfile=SR2_20160429_192601_031.wav
c:
g=10
sfte=192000
cF
cN
sD: 
dP
sP
end of file treatment


tOF : 12:09:36:713
wavfile=SR2_20160429_192810_189.wav
c:
g=10
sfte=192000
cF
cN
sD: 
dP
sP
end of file treatment


tOF : 12:09:36:823
wavfile=SR2_20160429_192854_845.wav
c:
g=10
sfte=192000
cF
cN
sD: 
dP
sP
end of file treatment


tOF : 12:09:37:008
wavfile=SR2_20160429_192913_953.wav
c:
g=10
sfte=192000
cF
cN
sD: 
dP
sP
end of file treatment


tOF : 12:09:37:060
wavfile=SR2_20160429_193017_597.wav
c:
g=10
sfte=192000
cF
cN
sD: 
dP
sP
end of file treatment


tOF : 12:09:37:133
wavfile=SR2_20160429_193050_683.wav
c:
g=10
sfte=192000
cF
cN
sD: 
dP
sP
end of file treatment


tOF : 12:09:37:430
wavfile=SR2_20160429_193117_107.wav
c:
g=10
sfte=192000
cF
cN
sD: 
dP
sP
end of file treatment


tOF : 12:09:37:564
wavfile=SR2_20160429_193131_004.wav
c:
g=10
sfte=192000
cF
cN
sD: 
dP
sP
end of file treatment


tOF : 12:09:37:721
wavfile=SR2_20160429_193141_436.wav
c:
g=10
sfte=192000
cF
cN
sD: 
dP
sP
end of file treatment


tOF : 12:09:37:871
wavfile=SR2_20160429_193247_121.wav
c:
g=10
sfte=192000
cF
cN
sD: 
dP
sP
end of file treatment


tOF : 12:09:38:050
wavfile=SR2_20160429_193308_649.wav
c:
g=10
sfte=192000
cF
cN
sD: 
dP
sP
end of file treatment


tOF : 12:09:38:225
wavfile=SR2_20160429_193332_784.wav
c:
g=10
sfte=192000
cF
cN
sD: 
dP
sP
end of file treatment


tOF : 12:09:38:412
wavfile=SR2_20160429_193345_968.wav
c:
g=10
sfte=192000
cF
cN
sD: 
dP
sP
end of file treatment


tOF : 12:09:38:756
wavfile=SR2_20160429_193356_607.wav
c:
g=10
sfte=192000
cF
cN
sD: 
dP
sP
end of file treatment


tOF : 12:09:38:936
wavfile=SR2_20160429_193407_819.wav
c:
g=10
sfte=192000
cF
cN
sD: 
dP
sP
end of file treatment


tOF : 12:09:39:167
wavfile=SR2_20160429_193417_505.wav
c:
g=10
sfte=192000
cF
cN
sD: 
dP
sP
end of file treatment


tOF : 12:09:39:325
wavfile=SR2_20160429_193427_996.wav
c:
g=10
sfte=192000
cF
cN
sD: 
dP
sP
end of file treatment


tOF : 12:09:39:601
wavfile=SR2_20160429_193439_171.wav
c:
g=10
sfte=192000
cF
cN
sD: 
dP
sP
end of file treatment


tOF : 12:09:39:823
wavfile=SR2_20160429_193529_933.wav
c:
g=10
sfte=192000
cF
cN
sD: 
dP
sP
end of file treatment


tOF : 12:09:39:985
wavfile=SR2_20160429_193616_284.wav
c:
g=10
sfte=192000
cF
cN
sD: 
dP
sP
end of file treatment


tOF : 12:09:40:065
wavfile=SR2_20160429_193859_743.wav
c:
g=10
sfte=192000
cF
cN
sD: 
dP
sP
end of file treatment


tOF : 12:09:40:218
wavfile=SR2_20160429_193911_852.wav
c:
g=10
sfte=192000
cF
cN
sD: 
dP
sP
end of file treatment


tOF : 12:09:40:440
wavfile=SR2_20160429_193948_049.wav
c:
g=10
sfte=192000
cF
cN
sD: 
dP
sP
end of file treatment


tOF : 12:09:40:600
wavfile=SR2_20160429_194148_885.wav
c:
g=10
sfte=192000
cF
cN
sD: 
dP
sP
end of file treatment


tOF : 12:09:40:812
wavfile=SR2_20160429_194248_864.wav
c:
g=10
sfte=192000
cF
cN
sD: 
dP
sP
end of file treatment


tOF : 12:09:40:987
wavfile=SR2_20160429_194331_319.wav
c:
g=10
sfte=192000
cF
cN
sD: 
dP
sP
end of file treatment


tOF : 12:09:41:214
wavfile=SR2_20160429_202012_977.wav
c:
g=10
sfte=192000
cF
cN
sD: 
dP
sP
end of file treatment


tOF : 12:09:41:351
wavfile=SR2_20160429_204622_192.wav
c:
g=10
sfte=192000
cF
cN
sD: 
dP
sP
end of file treatment


tOF : 12:09:41:422
wavfile=SR2_20160429_221904_000.wav
c:
g=10
sfte=192000
cF
cN
sD: 
dP
sP
end of file treatment


tOF : 12:09:41:543
wavfile=SR2_20160429_234904_000.wav
c:
g=10
sfte=192000
cF
cN
sD: 
dP
sP
end of file treatment


tOF : 12:09:41:684
wavfile=SR2_20160430_014904_000.wav
c:
g=10
sfte=192000
cF
cN
sD: 
dP
sP
end of file treatment


tOF : 12:09:41:880
wavfile=SR2_20160430_034904_000.wav
c:
g=10
sfte=192000
cF
cN
sD: 
dP
sP
end of file treatment


tOF : 12:09:42:040
wavfile=SR2_20160430_192002_000.wav
c:
g=10
sfte=192000
cF
cN
sD: 
dP
sP
end of file treatment


tOF : 12:09:42:146
wavfile=SR2_20160430_204831_841.wav
c:
g=10
sfte=192000
cF
cN
sD: 
dP
sP
end of file treatment


tOF : 12:09:42:286
wavfile=SR2_20160430_212004_000.wav
c:
g=10
sfte=192000
cF
cN
sD: 
dP
sP
end of file treatment


tOF : 12:09:42:498
wavfile=SR2_20160430_222004_000.wav
c:
g=10
sfte=192000
cF
cN
sD: 
dP
sP
end of file treatment


tOF : 12:09:42:583
wavfile=SR2_20160430_235004_000.wav
c:
g=10
sfte=192000
cF
cN
sD: 
dP
sP
end of file treatment


tOF : 12:09:42:701
wavfile=SR2_20160501_015004_000.wav
c:
g=10
sfte=192000
cF
cN
sD: 
dP
sP
end of file treatment


tOF : 12:09:42:857
wavfile=SR2_20160501_032004_000.wav
c:
g=10
sfte=192000
cF
cN
sD: 
dP
sP
end of file treatment


tOF : 12:09:43:124
wavfile=SR2_20160501_185200_000.wav
c:
g=10
sfte=192000
cF
cN
sD: 
dP
sP
end of file treatment


tOF : 12:09:43:254
wavfile=SR2_20160501_194627_325.wav
c:
g=10
sfte=192000
cF
cN
sD: 
dP
sP
end of file treatment


tOF : 12:09:43:381
wavfile=SR2_20160501_203109_549.wav
c:
g=10
sfte=192000
cF
cN
sD: 
dP
sP
end of file treatment


tOF : 12:09:43:496
wavfile=SR2_20160501_212532_653.wav
c:
g=10
sfte=192000
cF
cN
sD: 
dP
sP
end of file treatment


tOF : 12:09:43:821
wavfile=SR2_20160501_215912_201.wav
c:
g=10
sfte=192000
cF
cN
sD: 
dP
sP
end of file treatment


tOF : 12:09:44:012
wavfile=SR2_20160501_222204_000.wav
c:
g=10
sfte=192000
cF
cN
sD: 
dP
sP
end of file treatment


tOF : 12:09:44:385
wavfile=SR2_20160501_225204_000.wav
c:
g=10
sfte=192000
cF
cN
sD: 
dP
sP
end of file treatment


tOF : 12:09:44:525
wavfile=SR2_20160501_235204_000.wav
c:
g=10
sfte=192000
cF
cN
sD: 
dP
sP
end of file treatment


tOF : 12:09:44:664
wavfile=SR2_20160502_004053_627.wav
c:
g=10
sfte=192000
cF
cN
sD: 
dP
sP
end of file treatment


tOF : 12:09:45:097
wavfile=SR2_20160502_010525_068.wav
c:
g=10
sfte=192000
cF
cN
sD: 
dP
sP
end of file treatment


tOF : 12:09:45:254
wavfile=SR2_20160502_015205_000.wav
c:
g=10
sfte=192000
cF
cN
sD: 
dP
sP
end of file treatment


tOF : 12:09:45:394
wavfile=SR2_20160502_031752_617.wav
c:
g=10
sfte=192000
cF
cN
sD: 
dP
sP
end of file treatment


tOF : 12:09:45:725
wavfile=SR2_20160502_035204_000.wav
c:
g=10
sfte=192000
cF
cN
sD: 
dP
sP
end of file treatment


tOF : 12:09:45:836
wavfile=SR2_20160502_041119_505.wav
c:
g=10
sfte=192000
cF
cN
sD: 
dP
sP
end of file treatment


tOF : 12:09:45:949
wavfile=SR2_20160502_185529_900.wav
c:
g=10
sfte=192000
cF
cN
sD: 
dP
sP
end of file treatment


tOF : 12:09:46:163
wavfile=SR2_20160502_185659_035.wav
c:
g=10
sfte=192000
cF
cN
sD: 
dP
sP
end of file treatment


tOF : 12:09:46:336
wavfile=SR2_20160502_185908_640.wav
c:
g=10
sfte=192000
cF
cN
sD: 
dP
sP
end of file treatment


tOF : 12:09:46:432
wavfile=SR2_20160502_190231_893.wav
c:
g=10
sfte=192000
cF
cN
sD: 
dP
sP
end of file treatment


tOF : 12:09:46:489
wavfile=SR2_20160502_192057_904.wav
c:
g=10
sfte=192000
cF
cN
sD: 
dP
sP
end of file treatment


tOF : 12:09:46:595
wavfile=SR2_20160502_192228_575.wav
c:
g=10
sfte=192000
cF
cN
sD: 
dP
sP
end of file treatment


tOF : 12:09:46:725
wavfile=SR2_20160502_192425_052.wav
c:
g=10
sfte=192000
cF
cN
sD: 
dP
sP
end of file treatment


tOF : 12:09:46:849
wavfile=SR2_20160502_192822_616.wav
c:
g=10
sfte=192000
cF
cN
sD: 
dP
sP
end of file treatment


tOF : 12:09:47:020
wavfile=SR2_20160502_195909_377.wav
c:
g=10
sfte=192000
cF
cN
sD: 
dP
sP
end of file treatment


tOF : 12:09:47:120
wavfile=SR2_20160502_200454_919.wav
c:
g=10
sfte=192000
cF
cN
sD: 
dP
sP
end of file treatment


tOF : 12:09:47:207
wavfile=SR2_20160502_205404_000.wav
c:
g=10
sfte=192000
cF
cN
sD: 
dP
sP
end of file treatment


tOF : 12:09:47:290
wavfile=SR2_20160502_213638_251.wav
c:
g=10
sfte=192000
cF
cN
sD: 
dP
sP
end of file treatment


tOF : 12:09:47:449
wavfile=SR2_20160502_224735_164.wav
c:
g=10
sfte=192000
cF
cN
sD: 
dP
sP
end of file treatment


tOF : 12:09:47:728
wavfile=SR2_20160502_235404_000.wav
c:
g=10
sfte=192000
cF
cN
sD: 
dP
sP
end of file treatment


tOF : 12:09:47:798
wavfile=SR2_20160503_015404_000.wav
c:
g=10
sfte=192000
cF
cN
sD: 
dP
sP
end of file treatment


tOF : 12:09:47:896
wavfile=SR2_20160503_035404_000.wav
c:
g=10
sfte=192000
cF
cN
sD: 
dP
sP
end of file treatment


tOF : 12:09:47:961
wavfile=SR2_20160503_191310_115.wav
c:
g=10
sfte=192000
cF
cN
sD: 
dP
sP
end of file treatment


tOF : 12:09:48:034
wavfile=SR2_20160503_202604_000.wav
c:
g=10
sfte=192000
cF
cN
sD: 
dP
sP
end of file treatment


tOF : 12:09:48:101
wavfile=SR2_20160503_212604_000.wav
c:
g=10
sfte=192000
cF
cN
sD: 
dP
sP
end of file treatment


tOF : 12:09:48:152
wavfile=SR2_20160503_223343_821.wav
c:
g=10
sfte=192000
cF
cN
sD: 
dP
sP
end of file treatment


tOF : 12:09:48:439
wavfile=SR2_20160503_231118_672.wav
c:
g=10
sfte=192000
cF
cN
sD: 
dP
sP
end of file treatment


tOF : 12:09:48:625
wavfile=SR2_20160503_231638_913.wav
c:
g=10
sfte=192000
cF
cN
sD: 
dP
sP
end of file treatment


tOF : 12:09:48:699
wavfile=SR2_20160504_001619_387.wav
c:
g=10
sfte=192000
cF
cN
sD: 
dP
sP
end of file treatment


tOF : 12:09:48:877
wavfile=SR2_20160504_015604_000.wav
c:
g=10
sfte=192000
cF
cN
sD: 
dP
sP
end of file treatment


tOF : 12:09:48:936
wavfile=SR2_20160504_035604_000.wav
c:
g=10
sfte=192000
cF
cN
sD: 
dP
sP
end of file treatment


tOF : 12:09:48:985
wavfile=SR2_20160504_190721_763.wav
c:
g=10
sfte=192000
cF
cN
sD: 
dP
sP
end of file treatment


tOF : 12:09:49:103
wavfile=SR2_20160504_200614_128.wav
c:
g=10
sfte=192000
cF
cN
sD: 
dP
sP
end of file treatment


tOF : 12:09:49:204
wavfile=SR2_20160504_205732_993.wav
c:
g=10
sfte=192000
cF
cN
sD: 
dP
sP
end of file treatment


tOF : 12:09:49:365
wavfile=SR2_20160504_215721_559.wav
c:
g=10
sfte=192000
cF
cN
sD: 
dP
sP
end of file treatment


tOF : 12:09:49:439
wavfile=SR2_20160504_223912_747.wav
c:
g=10
sfte=192000
cF
cN
sD: 
dP
sP
end of file treatment


tOF : 12:09:49:522
wavfile=SR2_20160504_235450_815.wav
c:
g=10
sfte=192000
cF
cN
sD: 
dP
sP
end of file treatment


tOF : 12:09:49:798
wavfile=SR2_20160505_012704_000.wav
c:
g=10
sfte=192000
cF
cN
sD: 
dP
sP
end of file treatment


tOF : 12:09:49:858
wavfile=SR2_20160505_025704_000.wav
c:
g=10
sfte=192000
cF
cN
sD: 
dP
sP
end of file treatment


tOF : 12:09:49:928
wavfile=SR2_20160505_041807_631.wav
c:
g=10
sfte=192000
cF
cN
sD: 
dP
sP
end of file treatment


tOF : 12:09:50:155
wavfile=SR2_20160505_193349_668.wav
c:
g=10
sfte=192000
cF
cN
sD: 
dP
sP
end of file treatment


tOF : 12:09:50:217
wavfile=SR2_20160505_200408_645.wav
c:
g=10
sfte=192000
cF
cN
sD: 
dP
sP
end of file treatment


tOF : 12:09:50:380
wavfile=SR2_20160505_205904_000.wav
c:
g=10
sfte=192000
cF
cN
sD: 
dP
sP
end of file treatment


tOF : 12:09:50:432
wavfile=SR2_20160505_214011_120.wav
c:
g=10
sfte=192000
cF
cN
sD: 
dP
sP
end of file treatment


tOF : 12:09:50:578
wavfile=SR2_20160505_221810_861.wav
c:
g=10
sfte=192000
cF
cN
sD: 
dP
sP
end of file treatment


tOF : 12:09:50:643
wavfile=SR2_20160505_222904_000.wav
c:
g=10
sfte=192000
cF
cN
sD: 
dP
sP
end of file treatment


tOF : 12:09:50:695
wavfile=SR2_20160505_232340_248.wav
c:
g=10
sfte=192000
cF
cN
sD: 
dP
sP
end of file treatment


tOF : 12:09:51:039
wavfile=SR2_20160506_002904_000.wav
c:
g=10
sfte=192000
cF
cN
sD: 
dP
sP
end of file treatment


tOF : 12:09:51:106
wavfile=SR2_20160506_015904_000.wav
c:
g=10
sfte=192000
cF
cN
sD: 
dP
sP
end of file treatment


tOF : 12:09:51:247
wavfile=SR2_20160506_035904_000.wav
c:
g=10
sfte=192000
cF
cN
sD: 
dP
sP
end of file treatment


tOF : 12:09:51:382
wavfile=SR2_20160506_194550_000.wav
c:
g=10
sfte=192000
cF
cN
sD: 
dP
sP
end of file treatment


tOF : 12:09:51:445
wavfile=SR2_20160506_203104_000.wav
c:
g=10
sfte=192000
cF
cN
sD: 
dP
sP
end of file treatment


tOF : 12:09:51:550
wavfile=SR2_20160506_221945_661.wav
c:
g=10
sfte=192000
cF
cN
sD: 
dP
sP
end of file treatment


tOF : 12:09:51:764
wavfile=SR2_20160506_230104_000.wav
c:
g=10
sfte=192000
cF
cN
sD: 
dP
sP
end of file treatment


tOF : 12:09:51:858
wavfile=SR2_20160506_233104_000.wav
c:
g=10
sfte=192000
cF
cN
sD: 
dP
sP
end of file treatment


tOF : 12:09:51:950
wavfile=SR2_20160507_010104_000.wav
c:
g=10
sfte=192000
cF
cN
sD: 
dP
sP
end of file treatment


tOF : 12:09:52:187
wavfile=SR2_20160507_030104_000.wav
c:
g=10
sfte=192000
cF
cN
sD: 
dP
sP
end of file treatment


tOF : 12:09:52:283
wavfile=SR2_20160507_043104_000.wav
c:
g=10
sfte=192000
cF
cN
sD: 
dP
sP
end of file treatment


tOF : 12:09:52:405
wavfile=SR2_20160507_202052_287.wav
c:
g=10
sfte=192000
cF
cN
sD: 
dP
sP
end of file treatment


tOF : 12:09:52:535
wavfile=SR2_20160507_210711_833.wav
c:
g=10
sfte=192000
cF
cN
sD: 
dP
sP
end of file treatment


tOF : 12:09:52:676
wavfile=SR2_20160507_213204_000.wav
c:
g=10
sfte=192000
cF
cN
sD: 
dP
sP
end of file treatment


tOF : 12:09:52:779
wavfile=SR2_20160507_223204_000.wav
c:
g=10
sfte=192000
cF
cN
sD: 
dP
sP
end of file treatment


tOF : 12:09:52:870
wavfile=SR2_20160507_233204_000.wav
c:
g=10
sfte=192000
cF
cN
sD: 
dP
sP
end of file treatment


tOF : 12:09:52:944
wavfile=SR2_20160508_003204_000.wav
c:
g=10
sfte=192000
cF
cN
sD: 
dP
sP
end of file treatment


tOF : 12:09:53:088
wavfile=SR2_20160508_010204_000.wav
c:
g=10
sfte=192000
cF
cN
sD: 
dP
sP
end of file treatment


tOF : 12:09:53:211
wavfile=SR2_20160508_013204_000.wav
c:
g=10
sfte=192000
cF
cN
sD: 
dP
sP
end of file treatment


tOF : 12:09:53:292
wavfile=SR2_20160508_023133_691.wav
c:
g=10
sfte=192000
cF
cN
sD: 
dP
sP
end of file treatment


tOF : 12:09:53:375
wavfile=SR2_20160508_033204_000.wav
c:
g=10
sfte=192000
cF
cN
sD: 
dP
sP
end of file treatment


tOF : 12:09:53:466
wavfile=SR2_20160508_043204_000.wav
c:
g=10
sfte=192000
cF
cN
sD: 
dP
sP
end of file treatment


tOF : 12:09:53:548
wavfile=SR2_20160508_200404_000.wav
c:
g=10
sfte=192000
cF
cN
sD: 
dP
sP
end of file treatment


tOF : 12:09:53:599
wavfile=SR2_20160508_213404_000.wav
c:
g=10
sfte=192000
cF
cN
sD: 
dP
sP
end of file treatment


tOF : 12:09:53:791
wavfile=SR2_20160508_220405_000.wav
c:
g=10
sfte=192000
cF
cN
sD: 
dP
sP
end of file treatment


tOF : 12:09:53:903
wavfile=SR2_20160508_222643_244.wav
c:
g=10
sfte=192000
cF
cN
sD: 
dP
sP
end of file treatment


tOF : 12:09:54:164
wavfile=SR2_20160508_232124_944.wav
c:
g=10
sfte=192000
cF
cN
sD: 
dP
sP
end of file treatment


tOF : 12:09:54:308
wavfile=SR2_20160509_000044_055.wav
c:
g=10
sfte=192000
cF
cN
sD: 
dP
sP
end of file treatment


tOF : 12:09:54:576
wavfile=SR2_20160509_005853_545.wav
c:
g=10
sfte=192000
cF
cN
sD: 
dP
sP
end of file treatment


tOF : 12:09:54:734
wavfile=SR2_20160509_020404_000.wav
c:
g=10
sfte=192000
cF
cN
sD: 
dP
sP
end of file treatment


tOF : 12:09:54:812
wavfile=SR2_20160509_023404_000.wav
c:
g=10
sfte=192000
cF
cN
sD: 
dP
sP
end of file treatment


tOF : 12:09:54:877
wavfile=SR2_20160509_033200_300.wav
c:
g=10
sfte=192000
cF
cN
sD: 
dP
sP
end of file treatment


tOF : 12:09:55:009
wavfile=SR2_20160509_040404_000.wav
c:
g=10
sfte=192000
cF
cN
sD: 
dP
sP
end of file treatment


tOF : 12:09:55:179
wavfile=SR2_20160509_193602_000.wav
c:
g=10
sfte=192000
cF
cN
sD: 
dP
sP
end of file treatment


tOF : 12:09:55:248
wavfile=SR2_20160509_210604_000.wav
c:
g=10
sfte=192000
cF
cN
sD: 
dP
sP
end of file treatment


tOF : 12:09:55:439
wavfile=SR2_20160509_223604_000.wav
c:
g=10
sfte=192000
cF
cN
sD: 
dP
sP
end of file treatment


tOF : 12:09:55:510
wavfile=SR2_20160509_230733_725.wav
c:
g=10
sfte=192000
cF
cN
sD: 
dP
sP
end of file treatment


tOF : 12:09:55:701
wavfile=SR2_20160510_000604_000.wav
c:
g=10
sfte=192000
cF
cN
sD: 
dP
sP
end of file treatment


tOF : 12:09:55:820
wavfile=SR2_20160510_010604_000.wav
c:
g=10
sfte=192000
cF
cN
sD: 
dP
sP
end of file treatment


tOF : 12:09:55:871
wavfile=SR2_20160510_020856_829.wav
c:
g=10
sfte=192000
cF
cN
sD: 
dP
sP
end of file treatment


tOF : 12:09:56:283
wavfile=SR2_20160510_033604_000.wav
c:
g=10
sfte=192000
cF
cN
sD: 
dP
sP
end of file treatment


tOF : 12:09:56:396
wavfile=SR2_20160510_190700_000.wav
c:
g=10
sfte=192000
cF
cN
sD: 
dP
sP
end of file treatment


tOF : 12:09:56:447
wavfile=SR2_20160510_201930_995.wav
c:
g=10
sfte=192000
cF
cN
sD: 
dP
sP
end of file treatment


tOF : 12:09:56:514
wavfile=SR2_20160510_210704_000.wav
c:
g=10
sfte=192000
cF
cN
sD: 
dP
sP
end of file treatment


tOF : 12:09:56:633
wavfile=SR2_20160510_221403_127.wav
c:
g=10
sfte=192000
cF
cN
sD: 
dP
sP
end of file treatment


tOF : 12:09:56:745
wavfile=SR2_20160510_223704_000.wav
c:
g=10
sfte=192000
cF
cN
sD: 
dP
sP
end of file treatment


tOF : 12:09:56:922
wavfile=SR2_20160510_224002_959.wav
c:
g=10
sfte=192000
cF
cN
sD: 
dP
sP
end of file treatment


tOF : 12:09:57:013
wavfile=SR2_20160510_224344_968.wav
c:
g=10
sfte=192000
cF
cN
sD: 
dP
sP
end of file treatment


tOF : 12:09:57:090
wavfile=SR2_20160510_225906_341.wav
c:
g=10
sfte=192000
cF
cN
sD: 
dP
sP
end of file treatment


tOF : 12:09:57:175
wavfile=SR2_20160510_231001_007.wav
c:
g=10
sfte=192000
cF
cN
sD: 
dP
sP
end of file treatment


tOF : 12:09:57:300
wavfile=SR2_20160510_231827_721.wav
c:
g=10
sfte=192000
cF
cN
sD: 
dP
sP
end of file treatment


tOF : 12:09:57:541
wavfile=SR2_20160510_232434_932.wav
c:
g=10
sfte=192000
cF
cN
sD: 
dP
sP
end of file treatment


tOF : 12:09:57:671
wavfile=SR2_20160510_232714_281.wav
c:
g=10
sfte=192000
cF
cN
sD: 
dP
sP
end of file treatment


tOF : 12:09:57:760
wavfile=SR2_20160510_235942_585.wav
c:
g=10
sfte=192000
cF
cN
sD: 
dP
sP
end of file treatment


tOF : 12:09:57:927
wavfile=SR2_20160511_010704_000.wav
c:
g=10
sfte=192000
cF
cN
sD: 
dP
sP
end of file treatment


tOF : 12:09:58:062
wavfile=SR2_20160511_021639_396.wav
c:
g=10
sfte=192000
cF
cN
sD: 
dP
sP
end of file treatment


tOF : 12:09:58:116
wavfile=SR2_20160511_033132_780.wav
c:
g=10
sfte=192000
cF
cN
sD: 
dP
sP
end of file treatment


tOF : 12:09:58:316
wavfile=SR2_20160511_041108_880.wav
c:
g=10
sfte=192000
cF
cN
sD: 
dP
sP
end of file treatment


tOF : 12:09:58:405
wavfile=SR2_20160511_200904_000.wav
c:
g=10
sfte=192000
cF
cN
sD: 
dP
sP
end of file treatment


tOF : 12:09:58:464
wavfile=SR2_20160511_213904_000.wav
c:
g=10
sfte=192000
cF
cN
sD: 
dP
sP
end of file treatment


tOF : 12:09:58:589
wavfile=SR2_20160511_223904_000.wav
c:
g=10
sfte=192000
cF
cN
sD: 
dP
sP
end of file treatment


tOF : 12:09:58:681
wavfile=SR2_20160512_000904_000.wav
c:
g=10
sfte=192000
cF
cN
sD: 
dP
sP
end of file treatment


tOF : 12:09:58:797
wavfile=SR2_20160512_013904_000.wav
c:
g=10
sfte=192000
cF
cN
sD: 
dP
sP
end of file treatment


tOF : 12:09:58:885
wavfile=SR2_20160512_030904_000.wav
c:
g=10
sfte=192000
cF
cN
sD: 
dP
sP
end of file treatment


tOF : 12:09:58:967
wavfile=SR2_20160512_040455_403.wav
c:
g=10
sfte=192000
cF
cN
sD: 
dP
sP
end of file treatment


tOF : 12:09:59:074
wavfile=SR2_20160512_041306_831.wav
c:
g=10
sfte=192000
cF
cN
sD: 
dP
sP
end of file treatment


tOF : 12:09:59:321
wavfile=SR2_20160512_204104_000.wav
c:
g=10
sfte=192000
cF
cN
sD: 
dP
sP
end of file treatment


tOF : 12:09:59:410
wavfile=SR2_20160512_224104_000.wav
c:
g=10
sfte=192000
cF
cN
sD: 
dP
sP
end of file treatment


tOF : 12:09:59:503
wavfile=SR2_20160513_001104_000.wav
c:
g=10
sfte=192000
cF
cN
sD: 
dP
sP
end of file treatment


tOF : 12:09:59:610
wavfile=SR2_20160513_014104_000.wav
c:
g=10
sfte=192000
cF
cN
sD: 
dP
sP
end of file treatment


tOF : 12:09:59:670
wavfile=SR2_20160513_034104_000.wav
c:
g=10
sfte=192000
cF
cN
sD: 
dP
sP
end of file treatment


tOF : 12:09:59:795
wavfile=SR2_20160513_191200_000.wav
c:
g=10
sfte=192000
cF
cN
sD: 
dP
sP
end of file treatment


tOF : 12:09:59:941
wavfile=SR2_20160513_195256_128.wav
c:
g=10
sfte=192000
cF
cN
sD: 
dP
sP
end of file treatment


tOF : 12:10:00:045
wavfile=SR2_20160513_205716_804.wav
c:
g=10
sfte=192000
cF
cN
sD: 
dP
sP
end of file treatment


tOF : 12:10:00:191
wavfile=SR2_20160513_211251_120.wav
c:
g=10
sfte=192000
cF
cN
sD: 
dP
sP
end of file treatment


tOF : 12:10:00:288
wavfile=SR2_20160513_211818_407.wav
c:
g=10
sfte=192000
cF
cN
sD: 
dP
sP
end of file treatment


tOF : 12:10:00:363
wavfile=SR2_20160513_224204_000.wav
c:
g=10
sfte=192000
cF
cN
sD: 
dP
sP
end of file treatment


tOF : 12:10:00:422
wavfile=SR2_20160513_234204_000.wav
c:
g=10
sfte=192000
cF
cN
sD: 
dP
sP
end of file treatment


tOF : 12:10:00:494
wavfile=SR2_20160514_004204_000.wav
c:
g=10
sfte=192000
cF
cN
sD: 
dP
sP
end of file treatment


tOF : 12:10:00:582
wavfile=SR2_20160514_021204_000.wav
c:
g=10
sfte=192000
cF
cN
sD: 
dP
sP
end of file treatment


tOF : 12:10:00:674
wavfile=SR2_20160514_034204_000.wav
c:
g=10
sfte=192000
cF
cN
sD: 
dP
sP
end of file treatment


tOF : 12:10:00:768
wavfile=SR2_20160514_191400_000.wav
c:
g=10
sfte=192000
cF
cN
sD: 
dP
sP
end of file treatment


tOF : 12:10:00:828
wavfile=SR2_20160514_201404_000.wav
c:
g=10
sfte=192000
cF
cN
sD: 
dP
sP
end of file treatment


tOF : 12:10:00:925
wavfile=SR2_20160514_221404_000.wav
c:
g=10
sfte=192000
cF
cN
sD: 
dP
sP
end of file treatment


tOF : 12:10:01:025
wavfile=SR2_20160514_234404_000.wav
c:
g=10
sfte=192000
cF
cN
sD: 
dP
sP
end of file treatment


tOF : 12:10:01:118
wavfile=SR2_20160515_001404_000.wav
c:
g=10
sfte=192000
cF
cN
sD: 
dP
sP
end of file treatment


tOF : 12:10:01:206
wavfile=SR2_20160515_021404_000.wav
c:
g=10
sfte=192000
cF
cN
sD: 
dP
sP
end of file treatment


tOF : 12:10:01:373
wavfile=SR2_20160515_034404_000.wav
c:
g=10
sfte=192000
cF
cN
sD: 
dP
sP
end of file treatment


tOF : 12:10:01:444
wavfile=SR2_20160515_201504_000.wav
c:
g=10
sfte=192000
cF
cN
sD: 
dP
sP
end of file treatment


tOF : 12:10:01:513
wavfile=SR2_20160515_211410_429.wav
c:
g=10
sfte=192000
cF
cN
sD: 
dP
sP
end of file treatment


tOF : 12:10:01:598
wavfile=SR2_20160515_221504_000.wav
c:
g=10
sfte=192000
cF
cN
sD: 
dP
sP
end of file treatment


tOF : 12:10:01:656
wavfile=SR2_20160515_234504_000.wav
c:
g=10
sfte=192000
cF
cN
sD: 
dP
sP
end of file treatment


tOF : 12:10:01:764
wavfile=SR2_20160516_011504_000.wav
c:
g=10
sfte=192000
cF
cN
sD: 
dP
sP
end of file treatment


tOF : 12:10:01:836
wavfile=SR2_20160516_024106_909.wav
c:
g=10
sfte=192000
cF
cN
sD: 
dP
sP
end of file treatment


tOF : 12:10:01:968
wavfile=SR2_20160516_034504_000.wav
c:
g=10
sfte=192000
cF
cN
sD: 
dP
sP
end of file treatment


tOF : 12:10:02:040
wavfile=SR2_20160516_194702_000.wav
c:
g=10
sfte=192000
cF
cN
sD: 
dP
sP
end of file treatment


tOF : 12:10:02:163
wavfile=SR2_20160516_212911_060.wav
c:
g=10
sfte=192000
cF
cN
sD: 
dP
sP
end of file treatment


tOF : 12:10:02:380
wavfile=SR2_20160516_223019_684.wav
c:
g=10
sfte=192000
cF
cN
sD: 
dP
sP
end of file treatment


tOF : 12:10:02:462
wavfile=SR2_20160516_233814_931.wav
c:
g=10
sfte=192000
cF
cN
sD: 
dP
sP
end of file treatment


tOF : 12:10:02:546
wavfile=SR2_20160517_001743_052.wav
c:
g=10
sfte=192000
cF
cN
sD: 
dP
sP
end of file treatment


tOF : 12:10:02:823
wavfile=SR2_20160517_011704_000.wav
c:
g=10
sfte=192000
cF
cN
sD: 
dP
sP
end of file treatment


tOF : 12:10:02:895
wavfile=SR2_20160517_021704_000.wav
c:
g=10
sfte=192000
cF
cN
sD: 
dP
sP
end of file treatment


tOF : 12:10:02:967
wavfile=SR2_20160517_034704_000.wav
c:
g=10
sfte=192000
cF
cN
sD: 
dP
sP
end of file treatment


tOF : 12:10:03:039
wavfile=SR2_20160517_194802_000.wav
c:
g=10
sfte=192000
cF
cN
sD: 
dP
sP
end of file treatment


tOF : 12:10:03:101
wavfile=SR2_20160517_214804_000.wav
c:
g=10
sfte=192000
cF
cN
sD: 
dP
sP
end of file treatment


tOF : 12:10:03:156
wavfile=SR2_20160517_224804_000.wav
c:
g=10
sfte=192000
cF
cN
sD: 
dP
sP
end of file treatment


tOF : 12:10:03:235
wavfile=SR2_20160517_231559_025.wav
c:
g=10
sfte=192000
cF
cN
sD: 
dP
sP
end of file treatment


tOF : 12:10:03:300
wavfile=SR2_20160517_234601_297.wav
c:
g=10
sfte=192000
cF
cN
sD: 
dP
sP
end of file treatment


tOF : 12:10:03:368
wavfile=SR2_20160518_003827_039.wav
c:
g=10
sfte=192000
cF
cN
sD: 
dP
sP
end of file treatment


tOF : 12:10:03:556
wavfile=SR2_20160518_013828_577.wav
c:
g=10
sfte=192000
cF
cN
sD: 
dP
sP
end of file treatment


tOF : 12:10:03:650
wavfile=SR2_20160518_030238_577.wav
c:
g=10
sfte=192000
cF
cN
sD: 
dP
sP
end of file treatment


tOF : 12:10:03:858
wavfile=SR2_20160518_040420_413.wav
c:
g=10
sfte=192000
cF
cN
sD: 
dP
sP
end of file treatment


tOF : 12:10:03:990
wavfile=SR2_20160518_041501_084.wav
c:
g=10
sfte=192000
cF
cN
sD: 
dP
sP
end of file treatment


tOF : 12:10:04:116
wavfile=SR2_20160518_041907_152.wav
c:
g=10
sfte=192000
cF
cN
sD: 
dP
sP
end of file treatment


tOF : 12:10:04:198
wavfile=SR2_20160518_192302_145.wav
c:
g=10
sfte=192000
cF
cN
sD: 
dP
sP
end of file treatment


tOF : 12:10:04:258
wavfile=SR2_20160518_202004_000.wav
c:
g=10
sfte=192000
cF
cN
sD: 
dP
sP
end of file treatment


tOF : 12:10:04:347
wavfile=SR2_20160518_210913_472.wav
c:
g=10
sfte=192000
cF
cN
sD: 
dP
sP
end of file treatment


tOF : 12:10:04:446
wavfile=SR2_20160518_212506_640.wav
c:
g=10
sfte=192000
cF
cN
sD: 
dP
sP
end of file treatment


tOF : 12:10:04:542
wavfile=SR2_20160518_225004_000.wav
c:
g=10
sfte=192000
cF
cN
sD: 
dP
sP
end of file treatment


tOF : 12:10:04:637
wavfile=SR2_20160518_235004_000.wav
c:
g=10
sfte=192000
cF
cN
sD: 
dP
sP
end of file treatment


tOF : 12:10:04:725
wavfile=SR2_20160519_012004_000.wav
c:
g=10
sfte=192000
cF
cN
sD: 
dP
sP
end of file treatment


tOF : 12:10:04:801
wavfile=SR2_20160519_032004_000.wav
c:
g=10
sfte=192000
cF
cN
sD: 
dP
sP
end of file treatment


tOF : 12:10:04:893
wavfile=SR2_20160519_195102_000.wav
c:
g=10
sfte=192000
cF
cN
sD: 
dP
sP
end of file treatment


tOF : 12:10:04:983
wavfile=SR2_20160519_202104_000.wav
c:
g=10
sfte=192000
cF
cN
sD: 
dP
sP
end of file treatment


tOF : 12:10:05:033
wavfile=SR2_20160519_204448_176.wav
c:
g=10
sfte=192000
cF
cN
sD: 
dP
sP
end of file treatment


tOF : 12:10:05:105
wavfile=SR2_20160519_205343_160.wav
c:
g=10
sfte=192000
cF
cN
sD: 
dP
sP
end of file treatment


tOF : 12:10:05:189
wavfile=SR2_20160519_205435_056.wav
c:
g=10
sfte=192000
cF
cN
sD: 
dP
sP
end of file treatment


tOF : 12:10:05:261
wavfile=SR2_20160519_205629_868.wav
c:
g=10
sfte=192000
cF
cN
sD: 
dP
sP
end of file treatment


tOF : 12:10:05:358
wavfile=SR2_20160519_212359_263.wav
c:
g=10
sfte=192000
cF
cN
sD: 
dP
sP
end of file treatment


tOF : 12:10:05:530
wavfile=SR2_20160519_214421_708.wav
c:
g=10
sfte=192000
cF
cN
sD: 
dP
sP
end of file treatment


tOF : 12:10:05:739
wavfile=SR2_20160519_215108_233.wav
c:
g=10
sfte=192000
cF
cN
sD: 
dP
sP
end of file treatment


tOF : 12:10:05:913
wavfile=SR2_20160519_215332_368.wav
c:
g=10
sfte=192000
cF
cN
sD: 
dP
sP
end of file treatment


tOF : 12:10:06:027
wavfile=SR2_20160519_225104_000.wav
c:
g=10
sfte=192000
cF
cN
sD: 
dP
sP
end of file treatment


tOF : 12:10:06:091
wavfile=SR2_20160519_235104_000.wav
c:
g=10
sfte=192000
cF
cN
sD: 
dP
sP
end of file treatment


tOF : 12:10:06:168
wavfile=SR2_20160520_003609_597.wav
c:
g=10
sfte=192000
cF
cN
sD: 
dP
sP
end of file treatment


tOF : 12:10:06:501
wavfile=SR2_20160520_014549_796.wav
c:
g=10
sfte=192000
cF
cN
sD: 
dP
sP
end of file treatment


tOF : 12:10:06:736
wavfile=SR2_20160520_025725_771.wav
c:
g=10
sfte=192000
cF
cN
sD: 
dP
sP
end of file treatment


tOF : 12:10:06:916
wavfile=SR2_20160520_034226_057.wav
c:
g=10
sfte=192000
cF
cN
sD: 
dP
sP
end of file treatment


tOF : 12:10:07:134
wavfile=SR2_20160520_034236_979.wav
c:
g=10
sfte=192000
cF
cN
sD: 
dP
sP
end of file treatment


tOF : 12:10:07:330
wavfile=SR2_20160520_034254_524.wav
c:
g=10
sfte=192000
cF
cN
sD: 
dP
sP
end of file treatment


tOF : 12:10:07:470
wavfile=SR2_20160520_034316_525.wav
c:
g=10
sfte=192000
cF
cN
sD: 
dP
sP
end of file treatment


tOF : 12:10:07:571
wavfile=SR2_20160520_034405_204.wav
c:
g=10
sfte=192000
cF
cN
sD: 
dP
sP
end of file treatment


tOF : 12:10:07:674
wavfile=SR2_20160520_035207_936.wav
c:
g=10
sfte=192000
cF
cN
sD: 
dP
sP
end of file treatment


tOF : 12:10:08:010
wavfile=SR2_20160520_192300_000.wav
c:
g=10
sfte=192000
cF
cN
sD: 
dP
sP
end of file treatment


tOF : 12:10:08:112
wavfile=SR2_20160520_212304_000.wav
c:
g=10
sfte=192000
cF
cN
sD: 
dP
sP
end of file treatment


tOF : 12:10:08:249
wavfile=SR2_20160520_222304_000.wav
c:
g=10
sfte=192000
cF
cN
sD: 
dP
sP
end of file treatment


tOF : 12:10:08:375
wavfile=SR2_20160520_232304_000.wav
c:
g=10
sfte=192000
cF
cN
sD: 
dP
sP
end of file treatment


tOF : 12:10:08:434
wavfile=SR2_20160520_235836_521.wav
c:
g=10
sfte=192000
cF
cN
sD: 
dP
sP
end of file treatment


tOF : 12:10:08:579
wavfile=SR2_20160521_004528_455.wav
c:
g=10
sfte=192000
cF
cN
sD: 
dP
sP
end of file treatment


tOF : 12:10:08:990
wavfile=SR2_20160521_004551_399.wav
c:
g=10
sfte=192000
cF
cN
sD: 
dP
sP
end of file treatment


tOF : 12:10:09:185
wavfile=SR2_20160521_004728_165.wav
c:
g=10
sfte=192000
cF
cN
sD: 
dP
sP
end of file treatment


tOF : 12:10:09:303
wavfile=SR2_20160521_004752_188.wav
c:
g=10
sfte=192000
cF
cN
sD: 
dP
sP
end of file treatment


tOF : 12:10:09:577
wavfile=SR2_20160521_010222_599.wav
c:
g=10
sfte=192000
cF
cN
sD: 
dP
sP
end of file treatment


tOF : 12:10:09:906
wavfile=SR2_20160521_015304_000.wav
c:
g=10
sfte=192000
cF
cN
sD: 
dP
sP
end of file treatment


tOF : 12:10:09:985
wavfile=SR2_20160521_022304_000.wav
c:
g=10
sfte=192000
cF
cN
sD: 
dP
sP
end of file treatment


tOF : 12:10:10:102
wavfile=SR2_20160521_030157_768.wav
c:
g=10
sfte=192000
cF
cN
sD: 
dP
sP
end of file treatment


tOF : 12:10:10:191
wavfile=SR2_20160521_034005_797.wav
c:
g=10
sfte=192000
cF
cN
sD: 
dP
sP
end of file treatment


tOF : 12:10:10:376
wavfile=SR2_20160521_034643_119.wav
c:
g=10
sfte=192000
cF
cN
sD: 
dP
sP
end of file treatment


tOF : 12:10:10:517
wavfile=SR2_20160521_035458_205.wav
c:
g=10
sfte=192000
cF
cN
sD: 
dP
sP
end of file treatment


tOF : 12:10:10:623
wavfile=SR2_20160521_041658_801.wav
c:
g=10
sfte=192000
cF
cN
sD: 
dP
sP
end of file treatment


tOF : 12:10:10:864
wavfile=SR2_20160521_205404_000.wav
c:
g=10
sfte=192000
cF
cN
sD: 
dP
sP
end of file treatment


tOF : 12:10:11:026
wavfile=SR2_20160521_214625_979.wav
c:
g=10
sfte=192000
cF
cN
sD: 
dP
sP
end of file treatment


tOF : 12:10:11:263
wavfile=SR2_20160521_223106_289.wav
c:
g=10
sfte=192000
cF
cN
sD: 
dP
sP
end of file treatment


tOF : 12:10:11:331
wavfile=SR2_20160521_235138_271.wav
c:
g=10
sfte=192000
cF
cN
sD: 
dP
sP
end of file treatment


tOF : 12:10:11:466
wavfile=SR2_20160522_005404_000.wav
c:
g=10
sfte=192000
cF
cN
sD: 
dP
sP
end of file treatment


tOF : 12:10:11:538
wavfile=SR2_20160522_022404_000.wav
c:
g=10
sfte=192000
cF
cN
sD: 
dP
sP
end of file treatment


tOF : 12:10:11:602
wavfile=SR2_20160522_025639_849.wav
c:
g=10
sfte=192000
cF
cN
sD: 
dP
sP
end of file treatment


tOF : 12:10:11:723
wavfile=SR2_20160522_035404_000.wav
c:
g=10
sfte=192000
cF
cN
sD: 
dP
sP
end of file treatment


tOF : 12:10:11:863
wavfile=SR2_20160522_202604_000.wav
c:
g=10
sfte=192000
cF
cN
sD: 
dP
sP
end of file treatment


tOF : 12:10:11:948
wavfile=SR2_20160522_215604_000.wav
c:
g=10
sfte=192000
cF
cN
sD: 
dP
sP
end of file treatment


tOF : 12:10:12:119
wavfile=SR2_20160522_223919_893.wav
c:
g=10
sfte=192000
cF
cN
sD: 
dP
sP
end of file treatment


tOF : 12:10:12:225
wavfile=SR2_20160522_225604_000.wav
c:
g=10
sfte=192000
cF
cN
sD: 
dP
sP
end of file treatment


tOF : 12:10:12:401
wavfile=SR2_20160523_005604_000.wav
c:
g=10
sfte=192000
cF
cN
sD: 
dP
sP
end of file treatment


tOF : 12:10:12:478
wavfile=SR2_20160523_020753_515.wav
c:
g=10
sfte=192000
cF
cN
sD: 
dP
sP
end of file treatment


tOF : 12:10:12:604
wavfile=SR2_20160523_025604_000.wav
c:
g=10
sfte=192000
cF
cN
sD: 
dP
sP
end of file treatment


tOF : 12:10:12:766
wavfile=SR2_20160523_033704_783.wav
c:
g=10
sfte=192000
cF
cN
sD: 
dP
sP
end of file treatment


tOF : 12:10:12:959
wavfile=SR2_20160523_035604_000.wav
c:
g=10
sfte=192000
cF
cN
sD: 
dP
sP
end of file treatment


tOF : 12:10:13:057
wavfile=SR2_20160523_202704_000.wav
c:
g=10
sfte=192000
cF
cN
sD: 
dP
sP
end of file treatment


tOF : 12:10:13:155
wavfile=SR2_20160523_221649_449.wav
c:
g=10
sfte=192000
cF
cN
sD: 
dP
sP
end of file treatment


tOF : 12:10:13:355
wavfile=SR2_20160523_224417_593.wav
c:
g=10
sfte=192000
cF
cN
sD: 
dP
sP
end of file treatment
endDetec  IThread = 3
