dtt modefreq=1


tOF : 09:47:58:133
wavfile=ECC_20181006_171902_000.wav
c:
g=1
sfte=192000
cF
cN
sD: 
dP
sP
end of file treatment


tOF : 09:47:58:185
wavfile=ECC_20181006_201904_000.wav
c:
g=1
sfte=192000
cF
cN
sD: 
dP
sP
end of file treatment


tOF : 09:47:58:240
wavfile=ECC_20181006_231904_000.wav
c:
g=1
sfte=192000
cF
cN
sD: 
dP
sP
end of file treatment


tOF : 09:47:58:303
wavfile=ECC_20181007_021904_000.wav
c:
g=1
sfte=192000
cF
cN
sD: 
dP
sP
end of file treatment


tOF : 09:47:58:365
wavfile=ECC_20181007_051904_000.wav
c:
g=1
sfte=192000
cF
cN
sD: 
dP
sP
end of file treatment


tOF : 09:47:58:428
wavfile=ECC_20181007_175005_749.wav
c:
g=1
sfte=192000
cF
cN
sD: 
dP
sP
end of file treatment


tOF : 09:47:58:521
wavfile=ECC_20181007_184704_000.wav
c:
g=1
sfte=192000
cF
cN
sD: 
dP
sP
end of file treatment


tOF : 09:47:58:584
wavfile=ECC_20181007_214708_000.wav
c:
g=1
sfte=192000
cF
cN
sD: 
dP
sP
end of file treatment


tOF : 09:47:58:662
wavfile=ECC_20181008_004704_000.wav
c:
g=1
sfte=192000
cF
cN
sD: 
dP
sP
end of file treatment


tOF : 09:47:58:724
wavfile=ECC_20181008_034709_000.wav
c:
g=1
sfte=192000
cF
cN
sD: 
dP
sP
end of file treatment


tOF : 09:47:58:818
wavfile=ECC_20181008_164500_000.wav
c:
g=1
sfte=192000
cF
cN
sD: 
dP
sP
end of file treatment


tOF : 09:47:58:881
wavfile=ECC_20181008_182105_052.wav
c:
g=1
sfte=192000
cF
cN
sD: 
dP
sP
end of file treatment


tOF : 09:47:58:943
wavfile=ECC_20181008_183753_727.wav
c:
g=1
sfte=192000
cF
cN
sD: 
dP
sP
end of file treatment


tOF : 09:47:59:021
wavfile=ECC_20181008_204509_000.wav
c:
g=1
sfte=192000
cF
cN
sD: 
dP
sP
end of file treatment


tOF : 09:47:59:099
wavfile=ECC_20181008_211344_287.wav
c:
g=1
sfte=192000
cF
cN
sD: 
dP
sP
end of file treatment


tOF : 09:47:59:178
wavfile=ECC_20181008_211538_080.wav
c:
g=1
sfte=192000
cF
cN
sD: 
dP
sP
end of file treatment


tOF : 09:47:59:240
wavfile=ECC_20181008_212219_028.wav
c:
g=1
sfte=192000
cF
cN
sD: 
dP
sP
end of file treatment


tOF : 09:47:59:318
wavfile=ECC_20181008_212302_424.wav
c:
g=1
sfte=192000
cF
cN
sD: 
dP
sP
end of file treatment


tOF : 09:47:59:381
wavfile=ECC_20181008_212419_651.wav
c:
g=1
sfte=192000
cF
cN
sD: 
dP
sP
end of file treatment


tOF : 09:47:59:457
wavfile=ECC_20181008_212545_084.wav
c:
g=1
sfte=192000
cF
cN
sD: 
dP
sP
end of file treatment


tOF : 09:47:59:507
wavfile=ECC_20181008_221346_013.wav
c:
g=1
sfte=192000
cF
cN
sD: 
dP
sP
end of file treatment


tOF : 09:47:59:559
wavfile=ECC_20181008_224504_000.wav
c:
g=1
sfte=192000
cF
cN
sD: 
dP
sP
end of file treatment


tOF : 09:47:59:648
wavfile=ECC_20181008_230305_048.wav
c:
g=1
sfte=192000
cF
cN
sD: 
dP
sP
end of file treatment


tOF : 09:47:59:710
wavfile=ECC_20181008_232423_653.wav
c:
g=1
sfte=192000
cF
cN
sD: 
dP
sP
end of file treatment


tOF : 09:47:59:775
wavfile=ECC_20181009_011504_000.wav
c:
g=1
sfte=192000
cF
cN
sD: 
dP
sP
end of file treatment


tOF : 09:47:59:850
wavfile=ECC_20181009_015223_679.wav
c:
g=1
sfte=192000
cF
cN
sD: 
dP
sP
end of file treatment


tOF : 09:47:59:915
wavfile=ECC_20181009_015315_180.wav
c:
g=1
sfte=192000
cF
cN
sD: 
dP
sP
end of file treatment


tOF : 09:47:59:967
wavfile=ECC_20181009_015503_555.wav
c:
g=1
sfte=192000
cF
cN
sD: 
dP
sP
end of file treatment


tOF : 09:48:00:018
wavfile=ECC_20181009_015628_415.wav
c:
g=1
sfte=192000
cF
cN
sD: 
dP
sP
end of file treatment


tOF : 09:48:00:088
wavfile=ECC_20181009_021504_000.wav
c:
g=1
sfte=192000
cF
cN
sD: 
dP
sP
end of file treatment


tOF : 09:48:00:140
wavfile=ECC_20181009_051504_000.wav
c:
g=1
sfte=192000
cF
cN
sD: 
dP
sP
end of file treatment


tOF : 09:48:00:214
wavfile=ECC_20181009_180535_299.wav
c:
g=1
sfte=192000
cF
cN
sD: 
dP
sP
end of file treatment


tOF : 09:48:00:272
wavfile=ECC_20181009_181043_925.wav
c:
g=1
sfte=192000
cF
cN
sD: 
dP
sP
end of file treatment


tOF : 09:48:00:388
wavfile=ECC_20181009_181119_907.wav
c:
g=1
sfte=192000
cF
cN
sD: 
dP
sP
end of file treatment


tOF : 09:48:00:447
wavfile=ECC_20181009_181223_887.wav
c:
g=1
sfte=192000
cF
cN
sD: 
dP
sP
end of file treatment


tOF : 09:48:00:542
wavfile=ECC_20181009_181258_775.wav
c:
g=1
sfte=192000
cF
cN
sD: 
dP
sP
end of file treatment


tOF : 09:48:00:635
wavfile=ECC_20181009_181342_597.wav
c:
g=1
sfte=192000
cF
cN
sD: 
dP
sP
end of file treatment


tOF : 09:48:00:728
wavfile=ECC_20181009_181627_903.wav
c:
g=1
sfte=192000
cF
cN
sD: 
dP
sP
end of file treatment


tOF : 09:48:00:802
wavfile=ECC_20181009_185752_583.wav
c:
g=1
sfte=192000
cF
cN
sD: 
dP
sP
end of file treatment


tOF : 09:48:00:878
wavfile=ECC_20181009_195230_981.wav
c:
g=1
sfte=192000
cF
cN
sD: 
dP
sP
end of file treatment


tOF : 09:48:00:928
wavfile=ECC_20181009_221413_249.wav
c:
g=1
sfte=192000
cF
cN
sD: 
dP
sP
end of file treatment


tOF : 09:48:01:016
wavfile=ECC_20181010_011204_000.wav
c:
g=1
sfte=192000
cF
cN
sD: 
dP
sP
end of file treatment


tOF : 09:48:01:067
wavfile=ECC_20181010_041204_000.wav
c:
g=1
sfte=192000
cF
cN
sD: 
dP
sP
end of file treatment


tOF : 09:48:01:137
wavfile=ECC_20181010_171002_000.wav
c:
g=1
sfte=192000
cF
cN
sD: 
dP
sP
end of file treatment


tOF : 09:48:01:188
wavfile=ECC_20181010_182658_501.wav
c:
g=1
sfte=192000
cF
cN
sD: 
dP
sP
end of file treatment


tOF : 09:48:01:253
wavfile=ECC_20181010_182724_240.wav
c:
g=1
sfte=192000
cF
cN
sD: 
dP
sP
end of file treatment


tOF : 09:48:01:332
wavfile=ECC_20181010_182752_515.wav
c:
g=1
sfte=192000
cF
cN
sD: 
dP
sP
end of file treatment


tOF : 09:48:01:392
wavfile=ECC_20181010_182835_432.wav
c:
g=1
sfte=192000
cF
cN
sD: 
dP
sP
end of file treatment


tOF : 09:48:01:531
wavfile=ECC_20181010_182909_503.wav
c:
g=1
sfte=192000
cF
cN
sD: 
dP
sP
end of file treatment


tOF : 09:48:01:630
wavfile=ECC_20181010_184008_000.wav
c:
g=1
sfte=192000
cF
cN
sD: 
dP
sP
end of file treatment


tOF : 09:48:01:683
wavfile=ECC_20181010_192119_781.wav
c:
g=1
sfte=192000
cF
cN
sD: 
dP
sP
end of file treatment


tOF : 09:48:01:771
wavfile=ECC_20181010_192210_972.wav
c:
g=1
sfte=192000
cF
cN
sD: 
dP
sP
end of file treatment


tOF : 09:48:01:864
wavfile=ECC_20181010_192237_540.wav
c:
g=1
sfte=192000
cF
cN
sD: 
dP
sP
end of file treatment


tOF : 09:48:01:917
wavfile=ECC_20181010_204004_000.wav
c:
g=1
sfte=192000
cF
cN
sD: 
dP
sP
end of file treatment


tOF : 09:48:01:985
wavfile=ECC_20181010_231004_000.wav
c:
g=1
sfte=192000
cF
cN
sD: 
dP
sP
end of file treatment


tOF : 09:48:02:063
wavfile=ECC_20181011_014004_000.wav
c:
g=1
sfte=192000
cF
cN
sD: 
dP
sP
end of file treatment


tOF : 09:48:02:114
wavfile=ECC_20181011_044004_000.wav
c:
g=1
sfte=192000
cF
cN
sD: 
dP
sP
end of file treatment


tOF : 09:48:02:181
wavfile=ECC_20181011_170802_000.wav
c:
g=1
sfte=192000
cF
cN
sD: 
dP
sP
end of file treatment


tOF : 09:48:02:232
wavfile=ECC_20181011_193300_527.wav
c:
g=1
sfte=192000
cF
cN
sD: 
dP
sP
end of file treatment


tOF : 09:48:02:299
wavfile=ECC_20181011_193846_973.wav
c:
g=1
sfte=192000
cF
cN
sD: 
dP
sP
end of file treatment


tOF : 09:48:02:349
wavfile=ECC_20181011_200842_812.wav
c:
g=1
sfte=192000
cF
cN
sD: 
dP
sP
end of file treatment


tOF : 09:48:02:401
wavfile=ECC_20181011_201015_999.wav
c:
g=1
sfte=192000
cF
cN
sD: 
dP
sP
end of file treatment


tOF : 09:48:02:462
wavfile=ECC_20181011_201037_189.wav
c:
g=1
sfte=192000
cF
cN
sD: 
dP
sP
end of file treatment


tOF : 09:48:02:519
wavfile=ECC_20181011_202741_196.wav
c:
g=1
sfte=192000
cF
cN
sD: 
dP
sP
end of file treatment


tOF : 09:48:02:599
wavfile=ECC_20181011_210804_000.wav
c:
g=1
sfte=192000
cF
cN
sD: 
dP
sP
end of file treatment


tOF : 09:48:02:650
wavfile=ECC_20181011_223153_653.wav
c:
g=1
sfte=192000
cF
cN
sD: 
dP
sP
end of file treatment


tOF : 09:48:02:719
wavfile=ECC_20181011_230804_000.wav
c:
g=1
sfte=192000
cF
cN
sD: 
dP
sP
end of file treatment


tOF : 09:48:02:771
wavfile=ECC_20181012_000804_000.wav
c:
g=1
sfte=192000
cF
cN
sD: 
dP
sP
end of file treatment


tOF : 09:48:02:823
wavfile=ECC_20181012_011214_476.wav
c:
g=1
sfte=192000
cF
cN
sD: 
dP
sP
end of file treatment


tOF : 09:48:02:928
wavfile=ECC_20181012_032727_105.wav
c:
g=1
sfte=192000
cF
cN
sD: 
dP
sP
end of file treatment


tOF : 09:48:02:989
wavfile=ECC_20181012_060804_000.wav
c:
g=1
sfte=192000
cF
cN
sD: 
dP
sP
end of file treatment


tOF : 09:48:03:054
wavfile=ECC_20181012_183604_000.wav
c:
g=1
sfte=192000
cF
cN
sD: 
dP
sP
end of file treatment


tOF : 09:48:03:106
wavfile=ECC_20181012_213604_000.wav
c:
g=1
sfte=192000
cF
cN
sD: 
dP
sP
end of file treatment


tOF : 09:48:03:182
wavfile=ECC_20181013_002955_083.wav
c:
g=1
sfte=192000
cF
cN
sD: 
dP
sP
end of file treatment


tOF : 09:48:03:231
wavfile=ECC_20181013_003016_073.wav
c:
g=1
sfte=192000
cF
cN
sD: 
dP
sP
end of file treatment


tOF : 09:48:03:280
wavfile=ECC_20181013_003102_152.wav
c:
g=1
sfte=192000
cF
cN
sD: 
dP
sP
end of file treatment


tOF : 09:48:03:351
wavfile=ECC_20181013_003122_823.wav
c:
g=1
sfte=192000
cF
cN
sD: 
dP
sP
end of file treatment


tOF : 09:48:03:406
wavfile=ECC_20181013_003151_568.wav
c:
g=1
sfte=192000
cF
cN
sD: 
dP
sP
end of file treatment


tOF : 09:48:03:494
wavfile=ECC_20181013_003215_697.wav
c:
g=1
sfte=192000
cF
cN
sD: 
dP
sP
end of file treatment


tOF : 09:48:03:550
wavfile=ECC_20181013_003240_597.wav
c:
g=1
sfte=192000
cF
cN
sD: 
dP
sP
end of file treatment


tOF : 09:48:03:612
wavfile=ECC_20181013_003320_841.wav
c:
g=1
sfte=192000
cF
cN
sD: 
dP
sP
end of file treatment


tOF : 09:48:03:672
wavfile=ECC_20181013_003343_447.wav
c:
g=1
sfte=192000
cF
cN
sD: 
dP
sP
end of file treatment


tOF : 09:48:03:727
wavfile=ECC_20181013_003407_937.wav
c:
g=1
sfte=192000
cF
cN
sD: 
dP
sP
end of file treatment


tOF : 09:48:03:797
wavfile=ECC_20181013_003557_099.wav
c:
g=1
sfte=192000
cF
cN
sD: 
dP
sP
end of file treatment


tOF : 09:48:03:849
wavfile=ECC_20181013_003623_357.wav
c:
g=1
sfte=192000
cF
cN
sD: 
dP
sP
end of file treatment


tOF : 09:48:03:921
wavfile=ECC_20181013_003648_419.wav
c:
g=1
sfte=192000
cF
cN
sD: 
dP
sP
end of file treatment


tOF : 09:48:03:980
wavfile=ECC_20181013_003824_387.wav
c:
g=1
sfte=192000
cF
cN
sD: 
dP
sP
end of file treatment


tOF : 09:48:04:029
wavfile=ECC_20181013_003848_996.wav
c:
g=1
sfte=192000
cF
cN
sD: 
dP
sP
end of file treatment


tOF : 09:48:04:086
wavfile=ECC_20181013_004015_192.wav
c:
g=1
sfte=192000
cF
cN
sD: 
dP
sP
end of file treatment


tOF : 09:48:04:141
wavfile=ECC_20181013_004041_656.wav
c:
g=1
sfte=192000
cF
cN
sD: 
dP
sP
end of file treatment


tOF : 09:48:04:198
wavfile=ECC_20181013_004117_607.wav
c:
g=1
sfte=192000
cF
cN
sD: 
dP
sP
end of file treatment


tOF : 09:48:04:254
wavfile=ECC_20181013_004136_137.wav
c:
g=1
sfte=192000
cF
cN
sD: 
dP
sP
end of file treatment


tOF : 09:48:04:320
wavfile=ECC_20181013_004221_580.wav
c:
g=1
sfte=192000
cF
cN
sD: 
dP
sP
end of file treatment


tOF : 09:48:04:381
wavfile=ECC_20181013_004238_273.wav
c:
g=1
sfte=192000
cF
cN
sD: 
dP
sP
end of file treatment


tOF : 09:48:04:431
wavfile=ECC_20181013_004340_333.wav
c:
g=1
sfte=192000
cF
cN
sD: 
dP
sP
end of file treatment


tOF : 09:48:04:520
wavfile=ECC_20181013_004402_323.wav
c:
g=1
sfte=192000
cF
cN
sD: 
dP
sP
end of file treatment


tOF : 09:48:04:572
wavfile=ECC_20181013_004429_500.wav
c:
g=1
sfte=192000
cF
cN
sD: 
dP
sP
end of file treatment


tOF : 09:48:04:652
wavfile=ECC_20181013_030611_000.wav
c:
g=1
sfte=192000
cF
cN
sD: 
dP
sP
end of file treatment


tOF : 09:48:04:704
wavfile=ECC_20181013_033705_159.wav
c:
g=1
sfte=192000
cF
cN
sD: 
dP
sP
end of file treatment


tOF : 09:48:04:755
wavfile=ECC_20181013_033750_236.wav
c:
g=1
sfte=192000
cF
cN
sD: 
dP
sP
end of file treatment


tOF : 09:48:04:840
wavfile=ECC_20181013_033810_191.wav
c:
g=1
sfte=192000
cF
cN
sD: 
dP
sP
end of file treatment


tOF : 09:48:04:889
wavfile=ECC_20181013_033830_653.wav
c:
g=1
sfte=192000
cF
cN
sD: 
dP
sP
end of file treatment


tOF : 09:48:04:978
wavfile=ECC_20181013_033851_767.wav
c:
g=1
sfte=192000
cF
cN
sD: 
dP
sP
end of file treatment


tOF : 09:48:05:029
wavfile=ECC_20181013_033915_668.wav
c:
g=1
sfte=192000
cF
cN
sD: 
dP
sP
end of file treatment


tOF : 09:48:05:078
wavfile=ECC_20181013_033936_920.wav
c:
g=1
sfte=192000
cF
cN
sD: 
dP
sP
end of file treatment


tOF : 09:48:05:149
wavfile=ECC_20181013_033958_263.wav
c:
g=1
sfte=192000
cF
cN
sD: 
dP
sP
end of file treatment


tOF : 09:48:05:199
wavfile=ECC_20181013_034025_555.wav
c:
g=1
sfte=192000
cF
cN
sD: 
dP
sP
end of file treatment


tOF : 09:48:05:265
wavfile=ECC_20181013_034044_943.wav
c:
g=1
sfte=192000
cF
cN
sD: 
dP
sP
end of file treatment


tOF : 09:48:05:322
wavfile=ECC_20181013_034104_267.wav
c:
g=1
sfte=192000
cF
cN
sD: 
dP
sP
end of file treatment


tOF : 09:48:05:389
wavfile=ECC_20181013_034124_824.wav
c:
g=1
sfte=192000
cF
cN
sD: 
dP
sP
end of file treatment


tOF : 09:48:05:443
wavfile=ECC_20181013_034146_680.wav
c:
g=1
sfte=192000
cF
cN
sD: 
dP
sP
end of file treatment


tOF : 09:48:05:498
wavfile=ECC_20181013_034205_028.wav
c:
g=1
sfte=192000
cF
cN
sD: 
dP
sP
end of file treatment


tOF : 09:48:05:556
wavfile=ECC_20181013_034337_059.wav
c:
g=1
sfte=192000
cF
cN
sD: 
dP
sP
end of file treatment


tOF : 09:48:05:614
wavfile=ECC_20181013_063604_000.wav
c:
g=1
sfte=192000
cF
cN
sD: 
dP
sP
end of file treatment


tOF : 09:48:05:673
wavfile=ECC_20181013_190304_000.wav
c:
g=1
sfte=192000
cF
cN
sD: 
dP
sP
end of file treatment


tOF : 09:48:05:725
wavfile=ECC_20181013_220304_000.wav
c:
g=1
sfte=192000
cF
cN
sD: 
dP
sP
end of file treatment


tOF : 09:48:05:785
wavfile=ECC_20181013_233304_000.wav
c:
g=1
sfte=192000
cF
cN
sD: 
dP
sP
end of file treatment


tOF : 09:48:05:852
wavfile=ECC_20181014_003304_000.wav
c:
g=1
sfte=192000
cF
cN
sD: 
dP
sP
end of file treatment


tOF : 09:48:05:906
wavfile=ECC_20181014_033304_000.wav
c:
g=1
sfte=192000
cF
cN
sD: 
dP
sP
end of file treatment


tOF : 09:48:05:974
wavfile=ECC_20181014_053304_000.wav
c:
g=1
sfte=192000
cF
cN
sD: 
dP
sP
end of file treatment


tOF : 09:48:06:032
wavfile=ECC_20181014_180104_000.wav
c:
g=1
sfte=192000
cF
cN
sD: 
dP
sP
end of file treatment


tOF : 09:48:06:112
wavfile=ECC_20181014_210106_000.wav
c:
g=1
sfte=192000
cF
cN
sD: 
dP
sP
end of file treatment


tOF : 09:48:06:164
wavfile=ECC_20181015_000104_000.wav
c:
g=1
sfte=192000
cF
cN
sD: 
dP
sP
end of file treatment


tOF : 09:48:06:217
wavfile=ECC_20181015_020104_000.wav
c:
g=1
sfte=192000
cF
cN
sD: 
dP
sP
end of file treatment


tOF : 09:48:06:280
wavfile=ECC_20181015_050104_000.wav
c:
g=1
sfte=192000
cF
cN
sD: 
dP
sP
end of file treatment


tOF : 09:48:06:331
wavfile=ECC_20181015_172904_000.wav
c:
g=1
sfte=192000
cF
cN
sD: 
dP
sP
end of file treatment


tOF : 09:48:06:393
wavfile=ECC_20181015_202904_000.wav
c:
g=1
sfte=192000
cF
cN
sD: 
dP
sP
end of file treatment


tOF : 09:48:06:451
wavfile=ECC_20181015_232904_000.wav
c:
g=1
sfte=192000
cF
cN
sD: 
dP
sP
end of file treatment


tOF : 09:48:06:520
wavfile=ECC_20181015_234738_612.wav
c:
g=1
sfte=192000
cF
cN
sD: 
dP
sP
end of file treatment


tOF : 09:48:06:587
wavfile=ECC_20181016_022904_000.wav
c:
g=1
sfte=192000
cF
cN
sD: 
dP
sP
end of file treatment


tOF : 09:48:06:654
wavfile=ECC_20181016_052904_000.wav
c:
g=1
sfte=192000
cF
cN
sD: 
dP
sP
end of file treatment


tOF : 09:48:06:721
wavfile=ECC_20181016_174221_719.wav
c:
g=1
sfte=192000
cF
cN
sD: 
dP
sP
end of file treatment


tOF : 09:48:06:777
wavfile=ECC_20181016_180139_137.wav
c:
g=1
sfte=192000
cF
cN
sD: 
dP
sP
end of file treatment


tOF : 09:48:06:853
wavfile=ECC_20181016_182905_332.wav
c:
g=1
sfte=192000
cF
cN
sD: 
dP
sP
end of file treatment


tOF : 09:48:06:965
wavfile=ECC_20181016_185151_797.wav
c:
g=1
sfte=192000
cF
cN
sD: 
dP
sP
end of file treatment


tOF : 09:48:07:042
wavfile=ECC_20181016_185825_228.wav
c:
g=1
sfte=192000
cF
cN
sD: 
dP
sP
end of file treatment


tOF : 09:48:07:109
wavfile=ECC_20181016_191356_405.wav
c:
g=1
sfte=192000
cF
cN
sD: 
dP
sP
end of file treatment


tOF : 09:48:07:161
wavfile=ECC_20181016_191447_716.wav
c:
g=1
sfte=192000
cF
cN
sD: 
dP
sP
end of file treatment


tOF : 09:48:07:242
wavfile=ECC_20181016_191553_485.wav
c:
g=1
sfte=192000
cF
cN
sD: 
dP
sP
end of file treatment


tOF : 09:48:07:292
wavfile=ECC_20181016_191622_251.wav
c:
g=1
sfte=192000
cF
cN
sD: 
dP
sP
end of file treatment


tOF : 09:48:07:351
wavfile=ECC_20181016_191649_657.wav
c:
g=1
sfte=192000
cF
cN
sD: 
dP
sP
end of file treatment


tOF : 09:48:07:435
wavfile=ECC_20181016_193312_636.wav
c:
g=1
sfte=192000
cF
cN
sD: 
dP
sP
end of file treatment


tOF : 09:48:07:597
wavfile=ECC_20181016_202312_756.wav
c:
g=1
sfte=192000
cF
cN
sD: 
dP
sP
end of file treatment


tOF : 09:48:07:797
wavfile=ECC_20181016_204512_109.wav
c:
g=1
sfte=192000
cF
cN
sD: 
dP
sP
end of file treatment


tOF : 09:48:07:862
wavfile=ECC_20181016_205719_820.wav
c:
g=1
sfte=192000
cF
cN
sD: 
dP
sP
end of file treatment


tOF : 09:48:08:039
wavfile=ECC_20181016_210158_168.wav
c:
g=1
sfte=192000
cF
cN
sD: 
dP
sP
end of file treatment


tOF : 09:48:08:090
wavfile=ECC_20181016_210257_725.wav
c:
g=1
sfte=192000
cF
cN
sD: 
dP
sP
end of file treatment


tOF : 09:48:08:167
wavfile=ECC_20181016_210357_049.wav
c:
g=1
sfte=192000
cF
cN
sD: 
dP
sP
end of file treatment


tOF : 09:48:08:239
wavfile=ECC_20181016_210425_644.wav
c:
g=1
sfte=192000
cF
cN
sD: 
dP
sP
end of file treatment


tOF : 09:48:08:296
wavfile=ECC_20181016_210510_107.wav
c:
g=1
sfte=192000
cF
cN
sD: 
dP
sP
end of file treatment


tOF : 09:48:08:389
wavfile=ECC_20181016_210547_004.wav
c:
g=1
sfte=192000
cF
cN
sD: 
dP
sP
end of file treatment


tOF : 09:48:08:467
wavfile=ECC_20181016_210609_921.wav
c:
g=1
sfte=192000
cF
cN
sD: 
dP
sP
end of file treatment


tOF : 09:48:08:539
wavfile=ECC_20181016_210642_683.wav
c:
g=1
sfte=192000
cF
cN
sD: 
dP
sP
end of file treatment


tOF : 09:48:08:612
wavfile=ECC_20181016_210718_033.wav
c:
g=1
sfte=192000
cF
cN
sD: 
dP
sP
end of file treatment


tOF : 09:48:08:685
wavfile=ECC_20181016_210754_524.wav
c:
g=1
sfte=192000
cF
cN
sD: 
dP
sP
end of file treatment


tOF : 09:48:08:758
wavfile=ECC_20181016_210823_865.wav
c:
g=1
sfte=192000
cF
cN
sD: 
dP
sP
end of file treatment


tOF : 09:48:08:817
wavfile=ECC_20181016_210855_736.wav
c:
g=1
sfte=192000
cF
cN
sD: 
dP
sP
end of file treatment


tOF : 09:48:08:880
wavfile=ECC_20181016_210920_139.wav
c:
g=1
sfte=192000
cF
cN
sD: 
dP
sP
end of file treatment


tOF : 09:48:08:946
wavfile=ECC_20181016_210945_619.wav
c:
g=1
sfte=192000
cF
cN
sD: 
dP
sP
end of file treatment


tOF : 09:48:09:017
wavfile=ECC_20181016_211025_148.wav
c:
g=1
sfte=192000
cF
cN
sD: 
dP
sP
end of file treatment


tOF : 09:48:09:076
wavfile=ECC_20181016_211052_365.wav
c:
g=1
sfte=192000
cF
cN
sD: 
dP
sP
end of file treatment


tOF : 09:48:09:137
wavfile=ECC_20181016_211125_252.wav
c:
g=1
sfte=192000
cF
cN
sD: 
dP
sP
end of file treatment


tOF : 09:48:09:198
wavfile=ECC_20181016_211157_808.wav
c:
g=1
sfte=192000
cF
cN
sD: 
dP
sP
end of file treatment


tOF : 09:48:09:275
wavfile=ECC_20181016_211242_315.wav
c:
g=1
sfte=192000
cF
cN
sD: 
dP
sP
end of file treatment


tOF : 09:48:09:342
wavfile=ECC_20181016_211318_988.wav
c:
g=1
sfte=192000
cF
cN
sD: 
dP
sP
end of file treatment


tOF : 09:48:09:425
wavfile=ECC_20181016_211347_057.wav
c:
g=1
sfte=192000
cF
cN
sD: 
dP
sP
end of file treatment


tOF : 09:48:09:494
wavfile=ECC_20181016_211420_364.wav
c:
g=1
sfte=192000
cF
cN
sD: 
dP
sP
end of file treatment


tOF : 09:48:09:547
wavfile=ECC_20181016_211445_729.wav
c:
g=1
sfte=192000
cF
cN
sD: 
dP
sP
end of file treatment


tOF : 09:48:09:608
wavfile=ECC_20181016_211512_084.wav
c:
g=1
sfte=192000
cF
cN
sD: 
dP
sP
end of file treatment


tOF : 09:48:09:669
wavfile=ECC_20181016_211539_089.wav
c:
g=1
sfte=192000
cF
cN
sD: 
dP
sP
end of file treatment


tOF : 09:48:09:741
wavfile=ECC_20181016_211607_501.wav
c:
g=1
sfte=192000
cF
cN
sD: 
dP
sP
end of file treatment


tOF : 09:48:09:800
wavfile=ECC_20181016_211638_508.wav
c:
g=1
sfte=192000
cF
cN
sD: 
dP
sP
end of file treatment


tOF : 09:48:09:861
wavfile=ECC_20181016_211713_223.wav
c:
g=1
sfte=192000
cF
cN
sD: 
dP
sP
end of file treatment


tOF : 09:48:09:920
wavfile=ECC_20181016_211740_331.wav
c:
g=1
sfte=192000
cF
cN
sD: 
dP
sP
end of file treatment


tOF : 09:48:09:999
wavfile=ECC_20181016_211808_123.wav
c:
g=1
sfte=192000
cF
cN
sD: 
dP
sP
end of file treatment


tOF : 09:48:10:082
wavfile=ECC_20181016_211838_656.wav
c:
g=1
sfte=192000
cF
cN
sD: 
dP
sP
end of file treatment


tOF : 09:48:10:163
wavfile=ECC_20181016_211905_133.wav
c:
g=1
sfte=192000
cF
cN
sD: 
dP
sP
end of file treatment


tOF : 09:48:10:247
wavfile=ECC_20181016_212008_299.wav
c:
g=1
sfte=192000
cF
cN
sD: 
dP
sP
end of file treatment


tOF : 09:48:10:330
wavfile=ECC_20181016_212146_448.wav
c:
g=1
sfte=192000
cF
cN
sD: 
dP
sP
end of file treatment


tOF : 09:48:10:394
wavfile=ECC_20181016_212231_067.wav
c:
g=1
sfte=192000
cF
cN
sD: 
dP
sP
end of file treatment


tOF : 09:48:10:463
wavfile=ECC_20181016_212306_029.wav
c:
g=1
sfte=192000
cF
cN
sD: 
dP
sP
end of file treatment


tOF : 09:48:10:522
wavfile=ECC_20181016_212331_549.wav
c:
g=1
sfte=192000
cF
cN
sD: 
dP
sP
end of file treatment


tOF : 09:48:10:583
wavfile=ECC_20181016_212355_828.wav
c:
g=1
sfte=192000
cF
cN
sD: 
dP
sP
end of file treatment


tOF : 09:48:10:657
wavfile=ECC_20181016_212419_748.wav
c:
g=1
sfte=192000
cF
cN
sD: 
dP
sP
end of file treatment


tOF : 09:48:10:722
wavfile=ECC_20181016_212444_353.wav
c:
g=1
sfte=192000
cF
cN
sD: 
dP
sP
end of file treatment


tOF : 09:48:10:785
wavfile=ECC_20181016_212508_431.wav
c:
g=1
sfte=192000
cF
cN
sD: 
dP
sP
end of file treatment


tOF : 09:48:10:843
wavfile=ECC_20181016_212539_397.wav
c:
g=1
sfte=192000
cF
cN
sD: 
dP
sP
end of file treatment


tOF : 09:48:10:914
wavfile=ECC_20181016_212635_753.wav
c:
g=1
sfte=192000
cF
cN
sD: 
dP
sP
end of file treatment


tOF : 09:48:10:977
wavfile=ECC_20181016_212726_944.wav
c:
g=1
sfte=192000
cF
cN
sD: 
dP
sP
end of file treatment


tOF : 09:48:11:047
wavfile=ECC_20181016_213016_927.wav
c:
g=1
sfte=192000
cF
cN
sD: 
dP
sP
end of file treatment


tOF : 09:48:11:115
wavfile=ECC_20181016_213438_939.wav
c:
g=1
sfte=192000
cF
cN
sD: 
dP
sP
end of file treatment


tOF : 09:48:11:195
wavfile=ECC_20181016_213645_451.wav
c:
g=1
sfte=192000
cF
cN
sD: 
dP
sP
end of file treatment


tOF : 09:48:11:262
wavfile=ECC_20181016_214709_739.wav
c:
g=1
sfte=192000
cF
cN
sD: 
dP
sP
end of file treatment


tOF : 09:48:11:326
wavfile=ECC_20181016_225704_000.wav
c:
g=1
sfte=192000
cF
cN
sD: 
dP
sP
end of file treatment


tOF : 09:48:11:404
wavfile=ECC_20181016_231702_927.wav
c:
g=1
sfte=192000
cF
cN
sD: 
dP
sP
end of file treatment


tOF : 09:48:11:479
wavfile=ECC_20181016_232005_487.wav
c:
g=1
sfte=192000
cF
cN
sD: 
dP
sP
end of file treatment


tOF : 09:48:11:555
wavfile=ECC_20181016_232206_972.wav
c:
g=1
sfte=192000
cF
cN
sD: 
dP
sP
end of file treatment


tOF : 09:48:11:669
wavfile=ECC_20181016_232327_580.wav
c:
g=1
sfte=192000
cF
cN
sD: 
dP
sP
end of file treatment


tOF : 09:48:11:788
wavfile=ECC_20181016_232413_011.wav
c:
g=1
sfte=192000
cF
cN
sD: 
dP
sP
end of file treatment


tOF : 09:48:11:905
wavfile=ECC_20181016_232532_733.wav
c:
g=1
sfte=192000
cF
cN
sD: 
dP
sP
end of file treatment


tOF : 09:48:11:967
wavfile=ECC_20181016_232908_493.wav
c:
g=1
sfte=192000
cF
cN
sD: 
dP
sP
end of file treatment


tOF : 09:48:12:031
wavfile=ECC_20181016_234420_245.wav
c:
g=1
sfte=192000
cF
cN
sD: 
dP
sP
end of file treatment


tOF : 09:48:12:183
wavfile=ECC_20181016_235237_440.wav
c:
g=1
sfte=192000
cF
cN
sD: 
dP
sP
end of file treatment


tOF : 09:48:12:240
wavfile=ECC_20181016_235337_588.wav
c:
g=1
sfte=192000
cF
cN
sD: 
dP
sP
end of file treatment


tOF : 09:48:12:309
wavfile=ECC_20181016_235441_791.wav
c:
g=1
sfte=192000
cF
cN
sD: 
dP
sP
end of file treatment


tOF : 09:48:12:364
wavfile=ECC_20181016_235645_139.wav
c:
g=1
sfte=192000
cF
cN
sD: 
dP
sP
end of file treatment


tOF : 09:48:12:424
wavfile=ECC_20181016_235803_340.wav
c:
g=1
sfte=192000
cF
cN
sD: 
dP
sP
end of file treatment


tOF : 09:48:12:496
wavfile=ECC_20181017_000024_373.wav
c:
g=1
sfte=192000
cF
cN
sD: 
dP
sP
end of file treatment


tOF : 09:48:12:589
wavfile=ECC_20181017_000216_337.wav
c:
g=1
sfte=192000
cF
cN
sD: 
dP
sP
end of file treatment


tOF : 09:48:12:656
wavfile=ECC_20181017_000250_649.wav
c:
g=1
sfte=192000
cF
cN
sD: 
dP
sP
end of file treatment


tOF : 09:48:12:723
wavfile=ECC_20181017_000332_135.wav
c:
g=1
sfte=192000
cF
cN
sD: 
dP
sP
end of file treatment


tOF : 09:48:12:781
wavfile=ECC_20181017_000750_260.wav
c:
g=1
sfte=192000
cF
cN
sD: 
dP
sP
end of file treatment


tOF : 09:48:12:853
wavfile=ECC_20181017_001003_283.wav
c:
g=1
sfte=192000
cF
cN
sD: 
dP
sP
end of file treatment


tOF : 09:48:12:914
wavfile=ECC_20181017_001115_535.wav
c:
g=1
sfte=192000
cF
cN
sD: 
dP
sP
end of file treatment


tOF : 09:48:12:973
wavfile=ECC_20181017_001242_593.wav
c:
g=1
sfte=192000
cF
cN
sD: 
dP
sP
end of file treatment


tOF : 09:48:13:047
wavfile=ECC_20181017_001315_223.wav
c:
g=1
sfte=192000
cF
cN
sD: 
dP
sP
end of file treatment


tOF : 09:48:13:148
wavfile=ECC_20181017_001348_079.wav
c:
g=1
sfte=192000
cF
cN
sD: 
dP
sP
end of file treatment


tOF : 09:48:13:218
wavfile=ECC_20181017_001425_375.wav
c:
g=1
sfte=192000
cF
cN
sD: 
dP
sP
end of file treatment


tOF : 09:48:13:276
wavfile=ECC_20181017_001500_932.wav
c:
g=1
sfte=192000
cF
cN
sD: 
dP
sP
end of file treatment


tOF : 09:48:13:346
wavfile=ECC_20181017_001550_235.wav
c:
g=1
sfte=192000
cF
cN
sD: 
dP
sP
end of file treatment


tOF : 09:48:13:412
wavfile=ECC_20181017_001634_339.wav
c:
g=1
sfte=192000
cF
cN
sD: 
dP
sP
end of file treatment


tOF : 09:48:13:487
wavfile=ECC_20181017_001717_279.wav
c:
g=1
sfte=192000
cF
cN
sD: 
dP
sP
end of file treatment


tOF : 09:48:13:619
wavfile=ECC_20181017_001804_895.wav
c:
g=1
sfte=192000
cF
cN
sD: 
dP
sP
end of file treatment


tOF : 09:48:13:677
wavfile=ECC_20181017_001857_945.wav
c:
g=1
sfte=192000
cF
cN
sD: 
dP
sP
end of file treatment


tOF : 09:48:13:732
wavfile=ECC_20181017_002939_573.wav
c:
g=1
sfte=192000
cF
cN
sD: 
dP
sP
end of file treatment


tOF : 09:48:13:801
wavfile=ECC_20181017_003045_079.wav
c:
g=1
sfte=192000
cF
cN
sD: 
dP
sP
end of file treatment


tOF : 09:48:13:862
wavfile=ECC_20181017_003123_548.wav
c:
g=1
sfte=192000
cF
cN
sD: 
dP
sP
end of file treatment


tOF : 09:48:13:924
wavfile=ECC_20181017_003155_172.wav
c:
g=1
sfte=192000
cF
cN
sD: 
dP
sP
end of file treatment


tOF : 09:48:14:001
wavfile=ECC_20181017_003238_537.wav
c:
g=1
sfte=192000
cF
cN
sD: 
dP
sP
end of file treatment


tOF : 09:48:14:070
wavfile=ECC_20181017_003304_979.wav
c:
g=1
sfte=192000
cF
cN
sD: 
dP
sP
end of file treatment


tOF : 09:48:14:131
wavfile=ECC_20181017_003327_748.wav
c:
g=1
sfte=192000
cF
cN
sD: 
dP
sP
end of file treatment


tOF : 09:48:14:192
wavfile=ECC_20181017_003354_940.wav
c:
g=1
sfte=192000
cF
cN
sD: 
dP
sP
end of file treatment


tOF : 09:48:14:257
wavfile=ECC_20181017_003425_339.wav
c:
g=1
sfte=192000
cF
cN
sD: 
dP
sP
end of file treatment


tOF : 09:48:14:317
wavfile=ECC_20181017_003459_153.wav
c:
g=1
sfte=192000
cF
cN
sD: 
dP
sP
end of file treatment


tOF : 09:48:14:381
wavfile=ECC_20181017_003525_779.wav
c:
g=1
sfte=192000
cF
cN
sD: 
dP
sP
end of file treatment


tOF : 09:48:14:447
wavfile=ECC_20181017_003552_065.wav
c:
g=1
sfte=192000
cF
cN
sD: 
dP
sP
end of file treatment


tOF : 09:48:14:513
wavfile=ECC_20181017_003618_751.wav
c:
g=1
sfte=192000
cF
cN
sD: 
dP
sP
end of file treatment


tOF : 09:48:14:574
wavfile=ECC_20181017_003644_296.wav
c:
g=1
sfte=192000
cF
cN
sD: 
dP
sP
end of file treatment


tOF : 09:48:14:635
wavfile=ECC_20181017_003711_409.wav
c:
g=1
sfte=192000
cF
cN
sD: 
dP
sP
end of file treatment


tOF : 09:48:14:704
wavfile=ECC_20181017_003737_275.wav
c:
g=1
sfte=192000
cF
cN
sD: 
dP
sP
end of file treatment


tOF : 09:48:14:766
wavfile=ECC_20181017_003802_997.wav
c:
g=1
sfte=192000
cF
cN
sD: 
dP
sP
end of file treatment


tOF : 09:48:14:827
wavfile=ECC_20181017_003828_003.wav
c:
g=1
sfte=192000
cF
cN
sD: 
dP
sP
end of file treatment


tOF : 09:48:14:884
wavfile=ECC_20181017_003851_865.wav
c:
g=1
sfte=192000
cF
cN
sD: 
dP
sP
end of file treatment


tOF : 09:48:14:960
wavfile=ECC_20181017_003916_236.wav
c:
g=1
sfte=192000
cF
cN
sD: 
dP
sP
end of file treatment


tOF : 09:48:15:040
wavfile=ECC_20181017_003941_749.wav
c:
g=1
sfte=192000
cF
cN
sD: 
dP
sP
end of file treatment


tOF : 09:48:15:096
wavfile=ECC_20181017_004006_745.wav
c:
g=1
sfte=192000
cF
cN
sD: 
dP
sP
end of file treatment


tOF : 09:48:15:168
wavfile=ECC_20181017_004029_840.wav
c:
g=1
sfte=192000
cF
cN
sD: 
dP
sP
end of file treatment


tOF : 09:48:15:237
wavfile=ECC_20181017_004055_201.wav
c:
g=1
sfte=192000
cF
cN
sD: 
dP
sP
end of file treatment


tOF : 09:48:15:313
wavfile=ECC_20181017_004119_321.wav
c:
g=1
sfte=192000
cF
cN
sD: 
dP
sP
end of file treatment


tOF : 09:48:15:380
wavfile=ECC_20181017_004145_719.wav
c:
g=1
sfte=192000
cF
cN
sD: 
dP
sP
end of file treatment


tOF : 09:48:15:450
wavfile=ECC_20181017_004211_151.wav
c:
g=1
sfte=192000
cF
cN
sD: 
dP
sP
end of file treatment


tOF : 09:48:15:534
wavfile=ECC_20181017_004240_000.wav
c:
g=1
sfte=192000
cF
cN
sD: 
dP
sP
end of file treatment


tOF : 09:48:15:617
wavfile=ECC_20181017_004307_907.wav
c:
g=1
sfte=192000
cF
cN
sD: 
dP
sP
end of file treatment


tOF : 09:48:15:682
wavfile=ECC_20181017_004336_184.wav
c:
g=1
sfte=192000
cF
cN
sD: 
dP
sP
end of file treatment


tOF : 09:48:15:767
wavfile=ECC_20181017_004401_625.wav
c:
g=1
sfte=192000
cF
cN
sD: 
dP
sP
end of file treatment


tOF : 09:48:15:826
wavfile=ECC_20181017_004428_721.wav
c:
g=1
sfte=192000
cF
cN
sD: 
dP
sP
end of file treatment


tOF : 09:48:15:907
wavfile=ECC_20181017_004457_429.wav
c:
g=1
sfte=192000
cF
cN
sD: 
dP
sP
end of file treatment


tOF : 09:48:15:969
wavfile=ECC_20181017_004525_120.wav
c:
g=1
sfte=192000
cF
cN
sD: 
dP
sP
end of file treatment


tOF : 09:48:16:079
wavfile=ECC_20181017_004550_076.wav
c:
g=1
sfte=192000
cF
cN
sD: 
dP
sP
end of file treatment


tOF : 09:48:16:166
wavfile=ECC_20181017_004620_009.wav
c:
g=1
sfte=192000
cF
cN
sD: 
dP
sP
end of file treatment


tOF : 09:48:16:236
wavfile=ECC_20181017_004651_936.wav
c:
g=1
sfte=192000
cF
cN
sD: 
dP
sP
end of file treatment


tOF : 09:48:16:302
wavfile=ECC_20181017_004728_955.wav
c:
g=1
sfte=192000
cF
cN
sD: 
dP
sP
end of file treatment


tOF : 09:48:16:361
wavfile=ECC_20181017_004811_523.wav
c:
g=1
sfte=192000
cF
cN
sD: 
dP
sP
end of file treatment


tOF : 09:48:16:422
wavfile=ECC_20181017_004843_875.wav
c:
g=1
sfte=192000
cF
cN
sD: 
dP
sP
end of file treatment


tOF : 09:48:16:483
wavfile=ECC_20181017_004916_039.wav
c:
g=1
sfte=192000
cF
cN
sD: 
dP
sP
end of file treatment


tOF : 09:48:16:554
wavfile=ECC_20181017_005022_048.wav
c:
g=1
sfte=192000
cF
cN
sD: 
dP
sP
end of file treatment


tOF : 09:48:16:615
wavfile=ECC_20181017_005657_935.wav
c:
g=1
sfte=192000
cF
cN
sD: 
dP
sP
end of file treatment


tOF : 09:48:16:668
wavfile=ECC_20181017_005753_472.wav
c:
g=1
sfte=192000
cF
cN
sD: 
dP
sP
end of file treatment


tOF : 09:48:16:741
wavfile=ECC_20181017_005834_767.wav
c:
g=1
sfte=192000
cF
cN
sD: 
dP
sP
end of file treatment


tOF : 09:48:16:797
wavfile=ECC_20181017_005936_577.wav
c:
g=1
sfte=192000
cF
cN
sD: 
dP
sP
end of file treatment


tOF : 09:48:16:865
wavfile=ECC_20181017_010008_096.wav
c:
g=1
sfte=192000
cF
cN
sD: 
dP
sP
end of file treatment


tOF : 09:48:16:926
wavfile=ECC_20181017_010050_481.wav
c:
g=1
sfte=192000
cF
cN
sD: 
dP
sP
end of file treatment


tOF : 09:48:16:979
wavfile=ECC_20181017_010536_516.wav
c:
g=1
sfte=192000
cF
cN
sD: 
dP
sP
end of file treatment


tOF : 09:48:17:050
wavfile=ECC_20181017_010812_441.wav
c:
g=1
sfte=192000
cF
cN
sD: 
dP
sP
end of file treatment


tOF : 09:48:17:112
wavfile=ECC_20181017_022704_000.wav
c:
g=1
sfte=192000
cF
cN
sD: 
dP
sP
end of file treatment


tOF : 09:48:17:175
wavfile=ECC_20181017_031116_896.wav
c:
g=1
sfte=192000
cF
cN
sD: 
dP
sP
end of file treatment


tOF : 09:48:17:403
wavfile=ECC_20181017_035933_476.wav
c:
g=1
sfte=192000
cF
cN
sD: 
dP
sP
end of file treatment


tOF : 09:48:17:565
wavfile=ECC_20181017_042229_143.wav
c:
g=1
sfte=192000
cF
cN
sD: 
dP
sP
end of file treatment


tOF : 09:48:17:634
wavfile=ECC_20181017_042520_577.wav
c:
g=1
sfte=192000
cF
cN
sD: 
dP
sP
end of file treatment


tOF : 09:48:17:693
wavfile=ECC_20181017_042606_383.wav
c:
g=1
sfte=192000
cF
cN
sD: 
dP
sP
end of file treatment


tOF : 09:48:17:760
wavfile=ECC_20181017_042752_449.wav
c:
g=1
sfte=192000
cF
cN
sD: 
dP
sP
end of file treatment


tOF : 09:48:17:814
wavfile=ECC_20181017_043159_511.wav
c:
g=1
sfte=192000
cF
cN
sD: 
dP
sP
end of file treatment


tOF : 09:48:17:885
wavfile=ECC_20181017_043249_077.wav
c:
g=1
sfte=192000
cF
cN
sD: 
dP
sP
end of file treatment


tOF : 09:48:17:956
wavfile=ECC_20181017_043350_864.wav
c:
g=1
sfte=192000
cF
cN
sD: 
dP
sP
end of file treatment


tOF : 09:48:18:031
wavfile=ECC_20181017_043725_107.wav
c:
g=1
sfte=192000
cF
cN
sD: 
dP
sP
end of file treatment


tOF : 09:48:18:112
wavfile=ECC_20181017_043827_441.wav
c:
g=1
sfte=192000
cF
cN
sD: 
dP
sP
end of file treatment


tOF : 09:48:18:185
wavfile=ECC_20181017_043936_624.wav
c:
g=1
sfte=192000
cF
cN
sD: 
dP
sP
end of file treatment


tOF : 09:48:18:272
wavfile=ECC_20181017_044457_284.wav
c:
g=1
sfte=192000
cF
cN
sD: 
dP
sP
end of file treatment


tOF : 09:48:18:326
wavfile=ECC_20181017_052704_000.wav
c:
g=1
sfte=192000
cF
cN
sD: 
dP
sP
end of file treatment


tOF : 09:48:18:384
wavfile=ECC_20181017_172404_000.wav
c:
g=1
sfte=192000
cF
cN
sD: 
dP
sP
end of file treatment


tOF : 09:48:18:445
wavfile=ECC_20181017_173950_464.wav
c:
g=1
sfte=192000
cF
cN
sD: 
dP
sP
end of file treatment


tOF : 09:48:18:503
wavfile=ECC_20181017_174058_399.wav
c:
g=1
sfte=192000
cF
cN
sD: 
dP
sP
end of file treatment


tOF : 09:48:18:620
wavfile=ECC_20181017_174207_016.wav
c:
g=1
sfte=192000
cF
cN
sD: 
dP
sP
end of file treatment


tOF : 09:48:18:687
wavfile=ECC_20181017_174302_771.wav
c:
g=1
sfte=192000
cF
cN
sD: 
dP
sP
end of file treatment


tOF : 09:48:18:743
wavfile=ECC_20181017_174602_380.wav
c:
g=1
sfte=192000
cF
cN
sD: 
dP
sP
end of file treatment


tOF : 09:48:18:804
wavfile=ECC_20181017_174711_983.wav
c:
g=1
sfte=192000
cF
cN
sD: 
dP
sP
end of file treatment


tOF : 09:48:18:950
wavfile=ECC_20181017_174906_612.wav
c:
g=1
sfte=192000
cF
cN
sD: 
dP
sP
end of file treatment


tOF : 09:48:19:136
wavfile=ECC_20181017_175155_411.wav
c:
g=1
sfte=192000
cF
cN
sD: 
dP
sP
end of file treatment


tOF : 09:48:19:195
wavfile=ECC_20181017_175317_772.wav
c:
g=1
sfte=192000
cF
cN
sD: 
dP
sP
end of file treatment


tOF : 09:48:19:263
wavfile=ECC_20181017_175356_011.wav
c:
g=1
sfte=192000
cF
cN
sD: 
dP
sP
end of file treatment


tOF : 09:48:19:326
wavfile=ECC_20181017_175425_864.wav
c:
g=1
sfte=192000
cF
cN
sD: 
dP
sP
end of file treatment


tOF : 09:48:19:608
wavfile=ECC_20181017_175500_700.wav
c:
g=1
sfte=192000
cF
cN
sD: 
dP
sP
end of file treatment


tOF : 09:48:19:688
wavfile=ECC_20181017_175539_024.wav
c:
g=1
sfte=192000
cF
cN
sD: 
dP
sP
end of file treatment


tOF : 09:48:19:759
wavfile=ECC_20181017_175630_000.wav
c:
g=1
sfte=192000
cF
cN
sD: 
dP
sP
end of file treatment


tOF : 09:48:19:830
wavfile=ECC_20181017_175710_017.wav
c:
g=1
sfte=192000
cF
cN
sD: 
dP
sP
end of file treatment


tOF : 09:48:19:896
wavfile=ECC_20181017_175751_233.wav
c:
g=1
sfte=192000
cF
cN
sD: 
dP
sP
end of file treatment


tOF : 09:48:19:961
wavfile=ECC_20181017_175821_433.wav
c:
g=1
sfte=192000
cF
cN
sD: 
dP
sP
end of file treatment


tOF : 09:48:20:109
wavfile=ECC_20181017_175854_620.wav
c:
g=1
sfte=192000
cF
cN
sD: 
dP
sP
end of file treatment


tOF : 09:48:20:171
wavfile=ECC_20181017_175945_960.wav
c:
g=1
sfte=192000
cF
cN
sD: 
dP
sP
end of file treatment


tOF : 09:48:20:237
wavfile=ECC_20181017_180018_824.wav
c:
g=1
sfte=192000
cF
cN
sD: 
dP
sP
end of file treatment


tOF : 09:48:20:304
wavfile=ECC_20181017_180316_899.wav
c:
g=1
sfte=192000
cF
cN
sD: 
dP
sP
end of file treatment


tOF : 09:48:20:378
wavfile=ECC_20181017_181051_635.wav
c:
g=1
sfte=192000
cF
cN
sD: 
dP
sP
end of file treatment


tOF : 09:48:20:440
wavfile=ECC_20181017_182117_977.wav
c:
g=1
sfte=192000
cF
cN
sD: 
dP
sP
end of file treatment


tOF : 09:48:20:506
wavfile=ECC_20181017_182819_491.wav
c:
g=1
sfte=192000
cF
cN
sD: 
dP
sP
end of file treatment


tOF : 09:48:20:578
wavfile=ECC_20181017_182932_948.wav
c:
g=1
sfte=192000
cF
cN
sD: 
dP
sP
end of file treatment


tOF : 09:48:20:642
wavfile=ECC_20181017_183107_745.wav
c:
g=1
sfte=192000
cF
cN
sD: 
dP
sP
end of file treatment


tOF : 09:48:20:708
wavfile=ECC_20181017_183155_428.wav
c:
g=1
sfte=192000
cF
cN
sD: 
dP
sP
end of file treatment


tOF : 09:48:20:785
wavfile=ECC_20181017_183602_396.wav
c:
g=1
sfte=192000
cF
cN
sD: 
dP
sP
end of file treatment


tOF : 09:48:20:922
wavfile=ECC_20181017_183709_271.wav
c:
g=1
sfte=192000
cF
cN
sD: 
dP
sP
end of file treatment


tOF : 09:48:20:977
wavfile=ECC_20181017_183811_675.wav
c:
g=1
sfte=192000
cF
cN
sD: 
dP
sP
end of file treatment


tOF : 09:48:21:037
wavfile=ECC_20181017_183925_009.wav
c:
g=1
sfte=192000
cF
cN
sD: 
dP
sP
end of file treatment


tOF : 09:48:21:158
wavfile=ECC_20181017_184004_233.wav
c:
g=1
sfte=192000
cF
cN
sD: 
dP
sP
end of file treatment


tOF : 09:48:21:228
wavfile=ECC_20181017_184043_423.wav
c:
g=1
sfte=192000
cF
cN
sD: 
dP
sP
end of file treatment


tOF : 09:48:21:292
wavfile=ECC_20181017_184123_113.wav
c:
g=1
sfte=192000
cF
cN
sD: 
dP
sP
end of file treatment


tOF : 09:48:21:344
wavfile=ECC_20181017_184157_825.wav
c:
g=1
sfte=192000
cF
cN
sD: 
dP
sP
end of file treatment


tOF : 09:48:21:396
wavfile=ECC_20181017_184231_177.wav
c:
g=1
sfte=192000
cF
cN
sD: 
dP
sP
end of file treatment


tOF : 09:48:21:459
wavfile=ECC_20181017_184301_397.wav
c:
g=1
sfte=192000
cF
cN
sD: 
dP
sP
end of file treatment


tOF : 09:48:21:518
wavfile=ECC_20181017_184331_144.wav
c:
g=1
sfte=192000
cF
cN
sD: 
dP
sP
end of file treatment


tOF : 09:48:21:576
wavfile=ECC_20181017_184414_797.wav
c:
g=1
sfte=192000
cF
cN
sD: 
dP
sP
end of file treatment


tOF : 09:48:21:654
wavfile=ECC_20181017_184452_789.wav
c:
g=1
sfte=192000
cF
cN
sD: 
dP
sP
end of file treatment


tOF : 09:48:21:713
wavfile=ECC_20181017_184526_696.wav
c:
g=1
sfte=192000
cF
cN
sD: 
dP
sP
end of file treatment


tOF : 09:48:21:781
wavfile=ECC_20181017_184603_309.wav
c:
g=1
sfte=192000
cF
cN
sD: 
dP
sP
end of file treatment


tOF : 09:48:21:854
wavfile=ECC_20181017_184644_519.wav
c:
g=1
sfte=192000
cF
cN
sD: 
dP
sP
end of file treatment


tOF : 09:48:21:916
wavfile=ECC_20181017_184720_367.wav
c:
g=1
sfte=192000
cF
cN
sD: 
dP
sP
end of file treatment


tOF : 09:48:21:972
wavfile=ECC_20181017_184808_327.wav
c:
g=1
sfte=192000
cF
cN
sD: 
dP
sP
end of file treatment


tOF : 09:48:22:043
wavfile=ECC_20181017_184849_065.wav
c:
g=1
sfte=192000
cF
cN
sD: 
dP
sP
end of file treatment


tOF : 09:48:22:099
wavfile=ECC_20181017_184932_525.wav
c:
g=1
sfte=192000
cF
cN
sD: 
dP
sP
end of file treatment


tOF : 09:48:22:168
wavfile=ECC_20181017_185036_797.wav
c:
g=1
sfte=192000
cF
cN
sD: 
dP
sP
end of file treatment


tOF : 09:48:22:235
wavfile=ECC_20181017_185127_184.wav
c:
g=1
sfte=192000
cF
cN
sD: 
dP
sP
end of file treatment


tOF : 09:48:22:307
wavfile=ECC_20181017_185327_019.wav
c:
g=1
sfte=192000
cF
cN
sD: 
dP
sP
end of file treatment


tOF : 09:48:22:371
wavfile=ECC_20181017_185550_197.wav
c:
g=1
sfte=192000
cF
cN
sD: 
dP
sP
end of file treatment


tOF : 09:48:22:437
wavfile=ECC_20181017_190100_635.wav
c:
g=1
sfte=192000
cF
cN
sD: 
dP
sP
end of file treatment


tOF : 09:48:22:498
wavfile=ECC_20181017_190136_817.wav
c:
g=1
sfte=192000
cF
cN
sD: 
dP
sP
end of file treatment


tOF : 09:48:22:554
wavfile=ECC_20181017_190824_569.wav
c:
g=1
sfte=192000
cF
cN
sD: 
dP
sP
end of file treatment


tOF : 09:48:22:629
wavfile=ECC_20181017_191124_764.wav
c:
g=1
sfte=192000
cF
cN
sD: 
dP
sP
end of file treatment


tOF : 09:48:22:687
wavfile=ECC_20181017_191213_159.wav
c:
g=1
sfte=192000
cF
cN
sD: 
dP
sP
end of file treatment


tOF : 09:48:22:753
wavfile=ECC_20181017_191251_993.wav
c:
g=1
sfte=192000
cF
cN
sD: 
dP
sP
end of file treatment


tOF : 09:48:22:812
wavfile=ECC_20181017_191452_795.wav
c:
g=1
sfte=192000
cF
cN
sD: 
dP
sP
end of file treatment


tOF : 09:48:22:877
wavfile=ECC_20181017_191722_161.wav
c:
g=1
sfte=192000
cF
cN
sD: 
dP
sP
end of file treatment


tOF : 09:48:22:940
wavfile=ECC_20181017_192326_528.wav
c:
g=1
sfte=192000
cF
cN
sD: 
dP
sP
end of file treatment


tOF : 09:48:23:001
wavfile=ECC_20181017_192400_673.wav
c:
g=1
sfte=192000
cF
cN
sD: 
dP
sP
end of file treatment


tOF : 09:48:23:065
wavfile=ECC_20181017_192454_431.wav
c:
g=1
sfte=192000
cF
cN
sD: 
dP
sP
end of file treatment


tOF : 09:48:23:139
wavfile=ECC_20181017_192534_256.wav
c:
g=1
sfte=192000
cF
cN
sD: 
dP
sP
end of file treatment


tOF : 09:48:23:200
wavfile=ECC_20181017_192842_767.wav
c:
g=1
sfte=192000
cF
cN
sD: 
dP
sP
end of file treatment


tOF : 09:48:23:264
wavfile=ECC_20181017_193008_971.wav
c:
g=1
sfte=192000
cF
cN
sD: 
dP
sP
end of file treatment


tOF : 09:48:23:341
wavfile=ECC_20181017_193205_807.wav
c:
g=1
sfte=192000
cF
cN
sD: 
dP
sP
end of file treatment


tOF : 09:48:23:417
wavfile=ECC_20181017_193236_053.wav
c:
g=1
sfte=192000
cF
cN
sD: 
dP
sP
end of file treatment


tOF : 09:48:23:482
wavfile=ECC_20181017_193331_647.wav
c:
g=1
sfte=192000
cF
cN
sD: 
dP
sP
end of file treatment


tOF : 09:48:23:541
wavfile=ECC_20181017_193408_905.wav
c:
g=1
sfte=192000
cF
cN
sD: 
dP
sP
end of file treatment


tOF : 09:48:23:685
wavfile=ECC_20181017_193444_821.wav
c:
g=1
sfte=192000
cF
cN
sD: 
dP
sP
end of file treatment


tOF : 09:48:23:747
wavfile=ECC_20181017_193517_788.wav
c:
g=1
sfte=192000
cF
cN
sD: 
dP
sP
end of file treatment


tOF : 09:48:23:833
wavfile=ECC_20181017_193637_400.wav
c:
g=1
sfte=192000
cF
cN
sD: 
dP
sP
end of file treatment


tOF : 09:48:23:891
wavfile=ECC_20181017_193713_616.wav
c:
g=1
sfte=192000
cF
cN
sD: 
dP
sP
end of file treatment


tOF : 09:48:23:957
wavfile=ECC_20181017_193746_472.wav
c:
g=1
sfte=192000
cF
cN
sD: 
dP
sP
end of file treatment


tOF : 09:48:24:016
wavfile=ECC_20181017_193827_105.wav
c:
g=1
sfte=192000
cF
cN
sD: 
dP
sP
end of file treatment


tOF : 09:48:24:077
wavfile=ECC_20181017_193928_368.wav
c:
g=1
sfte=192000
cF
cN
sD: 
dP
sP
end of file treatment


tOF : 09:48:24:143
wavfile=ECC_20181017_194024_444.wav
c:
g=1
sfte=192000
cF
cN
sD: 
dP
sP
end of file treatment


tOF : 09:48:24:211
wavfile=ECC_20181017_194056_384.wav
c:
g=1
sfte=192000
cF
cN
sD: 
dP
sP
end of file treatment


tOF : 09:48:24:269
wavfile=ECC_20181017_194131_407.wav
c:
g=1
sfte=192000
cF
cN
sD: 
dP
sP
end of file treatment


tOF : 09:48:24:335
wavfile=ECC_20181017_194200_771.wav
c:
g=1
sfte=192000
cF
cN
sD: 
dP
sP
end of file treatment


tOF : 09:48:24:401
wavfile=ECC_20181017_194224_560.wav
c:
g=1
sfte=192000
cF
cN
sD: 
dP
sP
end of file treatment


tOF : 09:48:24:462
wavfile=ECC_20181017_194252_971.wav
c:
g=1
sfte=192000
cF
cN
sD: 
dP
sP
end of file treatment


tOF : 09:48:24:516
wavfile=ECC_20181017_194324_052.wav
c:
g=1
sfte=192000
cF
cN
sD: 
dP
sP
end of file treatment


tOF : 09:48:24:589
wavfile=ECC_20181017_194359_864.wav
c:
g=1
sfte=192000
cF
cN
sD: 
dP
sP
end of file treatment


tOF : 09:48:24:654
wavfile=ECC_20181017_194431_121.wav
c:
g=1
sfte=192000
cF
cN
sD: 
dP
sP
end of file treatment


tOF : 09:48:24:717
wavfile=ECC_20181017_194503_433.wav
c:
g=1
sfte=192000
cF
cN
sD: 
dP
sP
end of file treatment


tOF : 09:48:24:781
wavfile=ECC_20181017_194538_967.wav
c:
g=1
sfte=192000
cF
cN
sD: 
dP
sP
end of file treatment


tOF : 09:48:24:845
wavfile=ECC_20181017_194622_416.wav
c:
g=1
sfte=192000
cF
cN
sD: 
dP
sP
end of file treatment


tOF : 09:48:24:912
wavfile=ECC_20181017_194709_037.wav
c:
g=1
sfte=192000
cF
cN
sD: 
dP
sP
end of file treatment


tOF : 09:48:24:969
wavfile=ECC_20181017_194842_703.wav
c:
g=1
sfte=192000
cF
cN
sD: 
dP
sP
end of file treatment


tOF : 09:48:25:040
wavfile=ECC_20181017_194937_924.wav
c:
g=1
sfte=192000
cF
cN
sD: 
dP
sP
end of file treatment


tOF : 09:48:25:127
wavfile=ECC_20181017_195016_876.wav
c:
g=1
sfte=192000
cF
cN
sD: 
dP
sP
end of file treatment


tOF : 09:48:25:193
wavfile=ECC_20181017_195053_571.wav
c:
g=1
sfte=192000
cF
cN
sD: 
dP
sP
end of file treatment


tOF : 09:48:25:257
wavfile=ECC_20181017_195126_440.wav
c:
g=1
sfte=192000
cF
cN
sD: 
dP
sP
end of file treatment


tOF : 09:48:25:324
wavfile=ECC_20181017_195158_317.wav
c:
g=1
sfte=192000
cF
cN
sD: 
dP
sP
end of file treatment


tOF : 09:48:25:394
wavfile=ECC_20181017_195231_572.wav
c:
g=1
sfte=192000
cF
cN
sD: 
dP
sP
end of file treatment


tOF : 09:48:25:465
wavfile=ECC_20181017_195306_035.wav
c:
g=1
sfte=192000
cF
cN
sD: 
dP
sP
end of file treatment


tOF : 09:48:25:522
wavfile=ECC_20181017_195338_748.wav
c:
g=1
sfte=192000
cF
cN
sD: 
dP
sP
end of file treatment


tOF : 09:48:25:587
wavfile=ECC_20181017_195407_612.wav
c:
g=1
sfte=192000
cF
cN
sD: 
dP
sP
end of file treatment


tOF : 09:48:25:666
wavfile=ECC_20181017_195442_899.wav
c:
g=1
sfte=192000
cF
cN
sD: 
dP
sP
end of file treatment


tOF : 09:48:25:735
wavfile=ECC_20181017_195518_055.wav
c:
g=1
sfte=192000
cF
cN
sD: 
dP
sP
end of file treatment


tOF : 09:48:25:805
wavfile=ECC_20181017_195554_053.wav
c:
g=1
sfte=192000
cF
cN
sD: 
dP
sP
end of file treatment


tOF : 09:48:25:870
wavfile=ECC_20181017_195631_311.wav
c:
g=1
sfte=192000
cF
cN
sD: 
dP
sP
end of file treatment


tOF : 09:48:25:935
wavfile=ECC_20181017_195707_143.wav
c:
g=1
sfte=192000
cF
cN
sD: 
dP
sP
end of file treatment


tOF : 09:48:25:998
wavfile=ECC_20181017_195744_916.wav
c:
g=1
sfte=192000
cF
cN
sD: 
dP
sP
end of file treatment


tOF : 09:48:26:059
wavfile=ECC_20181017_195821_747.wav
c:
g=1
sfte=192000
cF
cN
sD: 
dP
sP
end of file treatment


tOF : 09:48:26:149
wavfile=ECC_20181017_195858_893.wav
c:
g=1
sfte=192000
cF
cN
sD: 
dP
sP
end of file treatment


tOF : 09:48:26:255
wavfile=ECC_20181017_195932_820.wav
c:
g=1
sfte=192000
cF
cN
sD: 
dP
sP
end of file treatment


tOF : 09:48:26:320
wavfile=ECC_20181017_200018_124.wav
c:
g=1
sfte=192000
cF
cN
sD: 
dP
sP
end of file treatment


tOF : 09:48:26:387
wavfile=ECC_20181017_200105_717.wav
c:
g=1
sfte=192000
cF
cN
sD: 
dP
sP
end of file treatment


tOF : 09:48:26:448
wavfile=ECC_20181017_200144_644.wav
c:
g=1
sfte=192000
cF
cN
sD: 
dP
sP
end of file treatment


tOF : 09:48:26:512
wavfile=ECC_20181017_200220_787.wav
c:
g=1
sfte=192000
cF
cN
sD: 
dP
sP
end of file treatment


tOF : 09:48:26:591
wavfile=ECC_20181017_200259_744.wav
c:
g=1
sfte=192000
cF
cN
sD: 
dP
sP
end of file treatment


tOF : 09:48:26:661
wavfile=ECC_20181017_200332_100.wav
c:
g=1
sfte=192000
cF
cN
sD: 
dP
sP
end of file treatment


tOF : 09:48:26:734
wavfile=ECC_20181017_200404_064.wav
c:
g=1
sfte=192000
cF
cN
sD: 
dP
sP
end of file treatment


tOF : 09:48:26:796
wavfile=ECC_20181017_200437_016.wav
c:
g=1
sfte=192000
cF
cN
sD: 
dP
sP
end of file treatment


tOF : 09:48:26:867
wavfile=ECC_20181017_200513_163.wav
c:
g=1
sfte=192000
cF
cN
sD: 
dP
sP
end of file treatment


tOF : 09:48:26:928
wavfile=ECC_20181017_200548_803.wav
c:
g=1
sfte=192000
cF
cN
sD: 
dP
sP
end of file treatment


tOF : 09:48:26:992
wavfile=ECC_20181017_200620_540.wav
c:
g=1
sfte=192000
cF
cN
sD: 
dP
sP
end of file treatment


tOF : 09:48:27:071
wavfile=ECC_20181017_200654_213.wav
c:
g=1
sfte=192000
cF
cN
sD: 
dP
sP
end of file treatment


tOF : 09:48:27:138
wavfile=ECC_20181017_200727_389.wav
c:
g=1
sfte=192000
cF
cN
sD: 
dP
sP
end of file treatment


tOF : 09:48:27:208
wavfile=ECC_20181017_200758_699.wav
c:
g=1
sfte=192000
cF
cN
sD: 
dP
sP
end of file treatment


tOF : 09:48:27:269
wavfile=ECC_20181017_200833_276.wav
c:
g=1
sfte=192000
cF
cN
sD: 
dP
sP
end of file treatment


tOF : 09:48:27:334
wavfile=ECC_20181017_200900_677.wav
c:
g=1
sfte=192000
cF
cN
sD: 
dP
sP
end of file treatment


tOF : 09:48:27:400
wavfile=ECC_20181017_200930_571.wav
c:
g=1
sfte=192000
cF
cN
sD: 
dP
sP
end of file treatment


tOF : 09:48:27:476
wavfile=ECC_20181017_201004_885.wav
c:
g=1
sfte=192000
cF
cN
sD: 
dP
sP
end of file treatment


tOF : 09:48:27:541
wavfile=ECC_20181017_201035_936.wav
c:
g=1
sfte=192000
cF
cN
sD: 
dP
sP
end of file treatment


tOF : 09:48:27:618
wavfile=ECC_20181017_201105_464.wav
c:
g=1
sfte=192000
cF
cN
sD: 
dP
sP
end of file treatment


tOF : 09:48:27:700
wavfile=ECC_20181017_201138_109.wav
c:
g=1
sfte=192000
cF
cN
sD: 
dP
sP
end of file treatment


tOF : 09:48:27:780
wavfile=ECC_20181017_201210_723.wav
c:
g=1
sfte=192000
cF
cN
sD: 
dP
sP
end of file treatment


tOF : 09:48:27:865
wavfile=ECC_20181017_201247_588.wav
c:
g=1
sfte=192000
cF
cN
sD: 
dP
sP
end of file treatment


tOF : 09:48:27:931
wavfile=ECC_20181017_201323_396.wav
c:
g=1
sfte=192000
cF
cN
sD: 
dP
sP
end of file treatment


tOF : 09:48:27:999
wavfile=ECC_20181017_201400_904.wav
c:
g=1
sfte=192000
cF
cN
sD: 
dP
sP
end of file treatment


tOF : 09:48:28:064
wavfile=ECC_20181017_201438_812.wav
c:
g=1
sfte=192000
cF
cN
sD: 
dP
sP
end of file treatment


tOF : 09:48:28:138
wavfile=ECC_20181017_201518_095.wav
c:
g=1
sfte=192000
cF
cN
sD: 
dP
sP
end of file treatment


tOF : 09:48:28:207
wavfile=ECC_20181017_201607_976.wav
c:
g=1
sfte=192000
cF
cN
sD: 
dP
sP
end of file treatment


tOF : 09:48:28:289
wavfile=ECC_20181017_201644_307.wav
c:
g=1
sfte=192000
cF
cN
sD: 
dP
sP
end of file treatment


tOF : 09:48:28:350
wavfile=ECC_20181017_201726_368.wav
c:
g=1
sfte=192000
cF
cN
sD: 
dP
sP
end of file treatment


tOF : 09:48:28:422
wavfile=ECC_20181017_201800_329.wav
c:
g=1
sfte=192000
cF
cN
sD: 
dP
sP
end of file treatment


tOF : 09:48:28:489
wavfile=ECC_20181017_201843_773.wav
c:
g=1
sfte=192000
cF
cN
sD: 
dP
sP
end of file treatment


tOF : 09:48:28:556
wavfile=ECC_20181017_201925_291.wav
c:
g=1
sfte=192000
cF
cN
sD: 
dP
sP
end of file treatment


tOF : 09:48:28:611
wavfile=ECC_20181017_202002_871.wav
c:
g=1
sfte=192000
cF
cN
sD: 
dP
sP
end of file treatment


tOF : 09:48:28:726
wavfile=ECC_20181017_202051_244.wav
c:
g=1
sfte=192000
cF
cN
sD: 
dP
sP
end of file treatment


tOF : 09:48:28:781
wavfile=ECC_20181017_202130_871.wav
c:
g=1
sfte=192000
cF
cN
sD: 
dP
sP
end of file treatment


tOF : 09:48:28:839
wavfile=ECC_20181017_202207_667.wav
c:
g=1
sfte=192000
cF
cN
sD: 
dP
sP
end of file treatment


tOF : 09:48:28:892
wavfile=ECC_20181017_202244_439.wav
c:
g=1
sfte=192000
cF
cN
sD: 
dP
sP
end of file treatment


tOF : 09:48:28:982
wavfile=ECC_20181017_202320_005.wav
c:
g=1
sfte=192000
cF
cN
sD: 
dP
sP
end of file treatment


tOF : 09:48:29:051
wavfile=ECC_20181017_202406_191.wav
c:
g=1
sfte=192000
cF
cN
sD: 
dP
sP
end of file treatment


tOF : 09:48:29:112
wavfile=ECC_20181017_202440_833.wav
c:
g=1
sfte=192000
cF
cN
sD: 
dP
sP
end of file treatment


tOF : 09:48:29:194
wavfile=ECC_20181017_202628_412.wav
c:
g=1
sfte=192000
cF
cN
sD: 
dP
sP
end of file treatment


tOF : 09:48:29:260
wavfile=ECC_20181017_202706_315.wav
c:
g=1
sfte=192000
cF
cN
sD: 
dP
sP
end of file treatment


tOF : 09:48:29:324
wavfile=ECC_20181017_202748_848.wav
c:
g=1
sfte=192000
cF
cN
sD: 
dP
sP
end of file treatment


tOF : 09:48:29:384
wavfile=ECC_20181017_202843_495.wav
c:
g=1
sfte=192000
cF
cN
sD: 
dP
sP
end of file treatment


tOF : 09:48:29:440
wavfile=ECC_20181017_202925_409.wav
c:
g=1
sfte=192000
cF
cN
sD: 
dP
sP
end of file treatment


tOF : 09:48:29:505
wavfile=ECC_20181017_203000_480.wav
c:
g=1
sfte=192000
cF
cN
sD: 
dP
sP
end of file treatment


tOF : 09:48:29:571
wavfile=ECC_20181017_203100_137.wav
c:
g=1
sfte=192000
cF
cN
sD: 
dP
sP
end of file treatment


tOF : 09:48:29:635
wavfile=ECC_20181017_203209_372.wav
c:
g=1
sfte=192000
cF
cN
sD: 
dP
sP
end of file treatment


tOF : 09:48:29:700
wavfile=ECC_20181017_203245_197.wav
c:
g=1
sfte=192000
cF
cN
sD: 
dP
sP
end of file treatment


tOF : 09:48:29:751
wavfile=ECC_20181017_203329_617.wav
c:
g=1
sfte=192000
cF
cN
sD: 
dP
sP
end of file treatment


tOF : 09:48:29:832
wavfile=ECC_20181017_203404_105.wav
c:
g=1
sfte=192000
cF
cN
sD: 
dP
sP
end of file treatment


tOF : 09:48:29:906
wavfile=ECC_20181017_203445_567.wav
c:
g=1
sfte=192000
cF
cN
sD: 
dP
sP
end of file treatment


tOF : 09:48:29:962
wavfile=ECC_20181017_203521_184.wav
c:
g=1
sfte=192000
cF
cN
sD: 
dP
sP
end of file treatment


tOF : 09:48:30:033
wavfile=ECC_20181017_203556_237.wav
c:
g=1
sfte=192000
cF
cN
sD: 
dP
sP
end of file treatment


tOF : 09:48:30:088
wavfile=ECC_20181017_203637_424.wav
c:
g=1
sfte=192000
cF
cN
sD: 
dP
sP
end of file treatment


tOF : 09:48:30:158
wavfile=ECC_20181017_203949_131.wav
c:
g=1
sfte=192000
cF
cN
sD: 
dP
sP
end of file treatment


tOF : 09:48:30:218
wavfile=ECC_20181017_204031_524.wav
c:
g=1
sfte=192000
cF
cN
sD: 
dP
sP
end of file treatment


tOF : 09:48:30:287
wavfile=ECC_20181017_204101_047.wav
c:
g=1
sfte=192000
cF
cN
sD: 
dP
sP
end of file treatment


tOF : 09:48:30:350
wavfile=ECC_20181017_204152_255.wav
c:
g=1
sfte=192000
cF
cN
sD: 
dP
sP
end of file treatment


tOF : 09:48:30:413
wavfile=ECC_20181017_204230_587.wav
c:
g=1
sfte=192000
cF
cN
sD: 
dP
sP
end of file treatment


tOF : 09:48:30:490
wavfile=ECC_20181017_204331_407.wav
c:
g=1
sfte=192000
cF
cN
sD: 
dP
sP
end of file treatment


tOF : 09:48:30:547
wavfile=ECC_20181017_204429_664.wav
c:
g=1
sfte=192000
cF
cN
sD: 
dP
sP
end of file treatment


tOF : 09:48:30:606
wavfile=ECC_20181017_204525_132.wav
c:
g=1
sfte=192000
cF
cN
sD: 
dP
sP
end of file treatment


tOF : 09:48:30:663
wavfile=ECC_20181017_204600_629.wav
c:
g=1
sfte=192000
cF
cN
sD: 
dP
sP
end of file treatment


tOF : 09:48:30:747
wavfile=ECC_20181017_204632_428.wav
c:
g=1
sfte=192000
cF
cN
sD: 
dP
sP
end of file treatment


tOF : 09:48:30:818
wavfile=ECC_20181017_204720_971.wav
c:
g=1
sfte=192000
cF
cN
sD: 
dP
sP
end of file treatment


tOF : 09:48:30:875
wavfile=ECC_20181017_204759_697.wav
c:
g=1
sfte=192000
cF
cN
sD: 
dP
sP
end of file treatment


tOF : 09:48:30:934
wavfile=ECC_20181017_204832_313.wav
c:
g=1
sfte=192000
cF
cN
sD: 
dP
sP
end of file treatment


tOF : 09:48:30:990
wavfile=ECC_20181017_204908_044.wav
c:
g=1
sfte=192000
cF
cN
sD: 
dP
sP
end of file treatment


tOF : 09:48:31:062
wavfile=ECC_20181017_204943_065.wav
c:
g=1
sfte=192000
cF
cN
sD: 
dP
sP
end of file treatment


tOF : 09:48:31:131
wavfile=ECC_20181017_205015_288.wav
c:
g=1
sfte=192000
cF
cN
sD: 
dP
sP
end of file treatment


tOF : 09:48:31:255
wavfile=ECC_20181017_205053_141.wav
c:
g=1
sfte=192000
cF
cN
sD: 
dP
sP
end of file treatment


tOF : 09:48:31:309
wavfile=ECC_20181017_205130_959.wav
c:
g=1
sfte=192000
cF
cN
sD: 
dP
sP
end of file treatment


tOF : 09:48:31:375
wavfile=ECC_20181017_205206_924.wav
c:
g=1
sfte=192000
cF
cN
sD: 
dP
sP
end of file treatment


tOF : 09:48:31:443
wavfile=ECC_20181017_205254_732.wav
c:
g=1
sfte=192000
cF
cN
sD: 
dP
sP
end of file treatment


tOF : 09:48:31:511
wavfile=ECC_20181017_205334_993.wav
c:
g=1
sfte=192000
cF
cN
sD: 
dP
sP
end of file treatment


tOF : 09:48:31:563
wavfile=ECC_20181017_205420_819.wav
c:
g=1
sfte=192000
cF
cN
sD: 
dP
sP
end of file treatment


tOF : 09:48:31:638
wavfile=ECC_20181017_205549_063.wav
c:
g=1
sfte=192000
cF
cN
sD: 
dP
sP
end of file treatment


tOF : 09:48:31:696
wavfile=ECC_20181017_205620_035.wav
c:
g=1
sfte=192000
cF
cN
sD: 
dP
sP
end of file treatment


tOF : 09:48:31:765
wavfile=ECC_20181017_205738_331.wav
c:
g=1
sfte=192000
cF
cN
sD: 
dP
sP
end of file treatment


tOF : 09:48:31:830
wavfile=ECC_20181017_210103_767.wav
c:
g=1
sfte=192000
cF
cN
sD: 
dP
sP
end of file treatment


tOF : 09:48:31:892
wavfile=ECC_20181017_210138_204.wav
c:
g=1
sfte=192000
cF
cN
sD: 
dP
sP
end of file treatment


tOF : 09:48:31:951
wavfile=ECC_20181017_210212_855.wav
c:
g=1
sfte=192000
cF
cN
sD: 
dP
sP
end of file treatment


tOF : 09:48:32:004
wavfile=ECC_20181017_210247_427.wav
c:
g=1
sfte=192000
cF
cN
sD: 
dP
sP
end of file treatment


tOF : 09:48:32:065
wavfile=ECC_20181017_210319_877.wav
c:
g=1
sfte=192000
cF
cN
sD: 
dP
sP
end of file treatment


tOF : 09:48:32:131
wavfile=ECC_20181017_210358_915.wav
c:
g=1
sfte=192000
cF
cN
sD: 
dP
sP
end of file treatment


tOF : 09:48:32:191
wavfile=ECC_20181017_210537_556.wav
c:
g=1
sfte=192000
cF
cN
sD: 
dP
sP
end of file treatment


tOF : 09:48:32:257
wavfile=ECC_20181017_210701_925.wav
c:
g=1
sfte=192000
cF
cN
sD: 
dP
sP
end of file treatment


tOF : 09:48:32:318
wavfile=ECC_20181017_211552_712.wav
c:
g=1
sfte=192000
cF
cN
sD: 
dP
sP
end of file treatment


tOF : 09:48:32:384
wavfile=ECC_20181017_211818_156.wav
c:
g=1
sfte=192000
cF
cN
sD: 
dP
sP
end of file treatment


tOF : 09:48:32:438
wavfile=ECC_20181017_212400_268.wav
c:
g=1
sfte=192000
cF
cN
sD: 
dP
sP
end of file treatment


tOF : 09:48:32:501
wavfile=ECC_20181017_214011_699.wav
c:
g=1
sfte=192000
cF
cN
sD: 
dP
sP
end of file treatment


tOF : 09:48:32:565
wavfile=ECC_20181017_214045_065.wav
c:
g=1
sfte=192000
cF
cN
sD: 
dP
sP
end of file treatment


tOF : 09:48:32:621
wavfile=ECC_20181017_214117_012.wav
c:
g=1
sfte=192000
cF
cN
sD: 
dP
sP
end of file treatment


tOF : 09:48:32:698
wavfile=ECC_20181017_214150_965.wav
c:
g=1
sfte=192000
cF
cN
sD: 
dP
sP
end of file treatment


tOF : 09:48:32:778
wavfile=ECC_20181017_214224_995.wav
c:
g=1
sfte=192000
cF
cN
sD: 
dP
sP
end of file treatment


tOF : 09:48:32:835
wavfile=ECC_20181017_214321_389.wav
c:
g=1
sfte=192000
cF
cN
sD: 
dP
sP
end of file treatment


tOF : 09:48:32:900
wavfile=ECC_20181017_214404_836.wav
c:
g=1
sfte=192000
cF
cN
sD: 
dP
sP
end of file treatment


tOF : 09:48:32:968
wavfile=ECC_20181017_214438_605.wav
c:
g=1
sfte=192000
cF
cN
sD: 
dP
sP
end of file treatment


tOF : 09:48:33:032
wavfile=ECC_20181017_214511_553.wav
c:
g=1
sfte=192000
cF
cN
sD: 
dP
sP
end of file treatment


tOF : 09:48:33:096
wavfile=ECC_20181017_214552_287.wav
c:
g=1
sfte=192000
cF
cN
sD: 
dP
sP
end of file treatment


tOF : 09:48:33:168
wavfile=ECC_20181017_214656_677.wav
c:
g=1
sfte=192000
cF
cN
sD: 
dP
sP
end of file treatment


tOF : 09:48:33:243
wavfile=ECC_20181017_214833_123.wav
c:
g=1
sfte=192000
cF
cN
sD: 
dP
sP
end of file treatment


tOF : 09:48:33:311
wavfile=ECC_20181017_214940_547.wav
c:
g=1
sfte=192000
cF
cN
sD: 
dP
sP
end of file treatment


tOF : 09:48:33:375
wavfile=ECC_20181017_222404_000.wav
c:
g=1
sfte=192000
cF
cN
sD: 
dP
sP
end of file treatment


tOF : 09:48:33:459
wavfile=ECC_20181017_235404_000.wav
c:
g=1
sfte=192000
cF
cN
sD: 
dP
sP
end of file treatment


tOF : 09:48:33:523
wavfile=ECC_20181018_014257_047.wav
c:
g=1
sfte=192000
cF
cN
sD: 
dP
sP
end of file treatment


tOF : 09:48:33:589
wavfile=ECC_20181018_025432_633.wav
c:
g=1
sfte=192000
cF
cN
sD: 
dP
sP
end of file treatment


tOF : 09:48:33:646
wavfile=ECC_20181018_025657_805.wav
c:
g=1
sfte=192000
cF
cN
sD: 
dP
sP
end of file treatment


tOF : 09:48:33:709
wavfile=ECC_20181018_030240_660.wav
c:
g=1
sfte=192000
cF
cN
sD: 
dP
sP
end of file treatment


tOF : 09:48:33:816
wavfile=ECC_20181018_030358_052.wav
c:
g=1
sfte=192000
cF
cN
sD: 
dP
sP
end of file treatment


tOF : 09:48:33:872
wavfile=ECC_20181018_031154_168.wav
c:
g=1
sfte=192000
cF
cN
sD: 
dP
sP
end of file treatment


tOF : 09:48:33:931
wavfile=ECC_20181018_031440_339.wav
c:
g=1
sfte=192000
cF
cN
sD: 
dP
sP
end of file treatment


tOF : 09:48:33:996
wavfile=ECC_20181018_042404_000.wav
c:
g=1
sfte=192000
cF
cN
sD: 
dP
sP
end of file treatment


tOF : 09:48:34:059
wavfile=ECC_20181018_043551_736.wav
c:
g=1
sfte=192000
cF
cN
sD: 
dP
sP
end of file treatment


tOF : 09:48:34:115
wavfile=ECC_20181018_044105_667.wav
c:
g=1
sfte=192000
cF
cN
sD: 
dP
sP
end of file treatment


tOF : 09:48:34:184
wavfile=ECC_20181018_044148_897.wav
c:
g=1
sfte=192000
cF
cN
sD: 
dP
sP
end of file treatment


tOF : 09:48:34:255
wavfile=ECC_20181018_044614_479.wav
c:
g=1
sfte=192000
cF
cN
sD: 
dP
sP
end of file treatment


tOF : 09:48:34:323
wavfile=ECC_20181018_044919_499.wav
c:
g=1
sfte=192000
cF
cN
sD: 
dP
sP
end of file treatment


tOF : 09:48:34:380
wavfile=ECC_20181018_045020_516.wav
c:
g=1
sfte=192000
cF
cN
sD: 
dP
sP
end of file treatment


tOF : 09:48:34:443
wavfile=ECC_20181018_045120_076.wav
c:
g=1
sfte=192000
cF
cN
sD: 
dP
sP
end of file treatment


tOF : 09:48:34:507
wavfile=ECC_20181018_045227_109.wav
c:
g=1
sfte=192000
cF
cN
sD: 
dP
sP
end of file treatment


tOF : 09:48:34:576
wavfile=ECC_20181018_045529_265.wav
c:
g=1
sfte=192000
cF
cN
sD: 
dP
sP
end of file treatment


tOF : 09:48:34:634
wavfile=ECC_20181018_045653_864.wav
c:
g=1
sfte=192000
cF
cN
sD: 
dP
sP
end of file treatment


tOF : 09:48:34:688
wavfile=ECC_20181018_050203_981.wav
c:
g=1
sfte=192000
cF
cN
sD: 
dP
sP
end of file treatment


tOF : 09:48:34:745
wavfile=ECC_20181018_050318_129.wav
c:
g=1
sfte=192000
cF
cN
sD: 
dP
sP
end of file treatment


tOF : 09:48:34:815
wavfile=ECC_20181018_050358_471.wav
c:
g=1
sfte=192000
cF
cN
sD: 
dP
sP
end of file treatment


tOF : 09:48:34:878
wavfile=ECC_20181018_050451_403.wav
c:
g=1
sfte=192000
cF
cN
sD: 
dP
sP
end of file treatment


tOF : 09:48:34:954
wavfile=ECC_20181018_050718_181.wav
c:
g=1
sfte=192000
cF
cN
sD: 
dP
sP
end of file treatment


tOF : 09:48:35:010
wavfile=ECC_20181018_050802_531.wav
c:
g=1
sfte=192000
cF
cN
sD: 
dP
sP
end of file treatment


tOF : 09:48:35:078
wavfile=ECC_20181018_050840_540.wav
c:
g=1
sfte=192000
cF
cN
sD: 
dP
sP
end of file treatment


tOF : 09:48:35:138
wavfile=ECC_20181018_050957_961.wav
c:
g=1
sfte=192000
cF
cN
sD: 
dP
sP
end of file treatment


tOF : 09:48:35:204
wavfile=ECC_20181018_051544_253.wav
c:
g=1
sfte=192000
cF
cN
sD: 
dP
sP
end of file treatment


tOF : 09:48:35:266
wavfile=ECC_20181018_051648_991.wav
c:
g=1
sfte=192000
cF
cN
sD: 
dP
sP
end of file treatment


tOF : 09:48:35:328
wavfile=ECC_20181018_052551_232.wav
c:
g=1
sfte=192000
cF
cN
sD: 
dP
sP
end of file treatment


tOF : 09:48:35:386
wavfile=ECC_20181018_052649_513.wav
c:
g=1
sfte=192000
cF
cN
sD: 
dP
sP
end of file treatment


tOF : 09:48:35:448
wavfile=ECC_20181018_052724_253.wav
c:
g=1
sfte=192000
cF
cN
sD: 
dP
sP
end of file treatment


tOF : 09:48:35:498
wavfile=ECC_20181018_053202_972.wav
c:
g=1
sfte=192000
cF
cN
sD: 
dP
sP
end of file treatment


tOF : 09:48:35:566
wavfile=ECC_20181018_053241_073.wav
c:
g=1
sfte=192000
cF
cN
sD: 
dP
sP
end of file treatment


tOF : 09:48:35:640
wavfile=ECC_20181018_053431_876.wav
c:
g=1
sfte=192000
cF
cN
sD: 
dP
sP
end of file treatment


tOF : 09:48:35:706
wavfile=ECC_20181018_053550_251.wav
c:
g=1
sfte=192000
cF
cN
sD: 
dP
sP
end of file treatment


tOF : 09:48:35:793
wavfile=ECC_20181018_053719_900.wav
c:
g=1
sfte=192000
cF
cN
sD: 
dP
sP
end of file treatment


tOF : 09:48:35:862
wavfile=ECC_20181018_062542_337.wav
c:
g=1
sfte=192000
cF
cN
sD: 
dP
sP
end of file treatment


tOF : 09:48:35:996
wavfile=ECC_20181018_165202_000.wav
c:
g=1
sfte=192000
cF
cN
sD: 
dP
sP
end of file treatment


tOF : 09:48:36:052
wavfile=ECC_20181018_195204_000.wav
c:
g=1
sfte=192000
cF
cN
sD: 
dP
sP
end of file treatment


tOF : 09:48:36:110
wavfile=ECC_20181018_225207_000.wav
c:
g=1
sfte=192000
cF
cN
sD: 
dP
sP
end of file treatment


tOF : 09:48:36:168
wavfile=ECC_20181019_014831_019.wav
c:
g=1
sfte=192000
cF
cN
sD: 
dP
sP
end of file treatment


tOF : 09:48:36:245
wavfile=ECC_20181019_042204_000.wav
c:
g=1
sfte=192000
cF
cN
sD: 
dP
sP
end of file treatment


tOF : 09:48:36:350
wavfile=ECC_20181019_162000_000.wav
c:
g=1
sfte=192000
cF
cN
sD: 
dP
sP
end of file treatment


tOF : 09:48:36:417
wavfile=ECC_20181019_182004_000.wav
c:
g=1
sfte=192000
cF
cN
sD: 
dP
sP
end of file treatment


tOF : 09:48:36:483
wavfile=ECC_20181019_212004_000.wav
c:
g=1
sfte=192000
cF
cN
sD: 
dP
sP
end of file treatment


tOF : 09:48:36:544
wavfile=ECC_20181020_002004_000.wav
c:
g=1
sfte=192000
cF
cN
sD: 
dP
sP
end of file treatment


tOF : 09:48:36:610
wavfile=ECC_20181020_032004_000.wav
c:
g=1
sfte=192000
cF
cN
sD: 
dP
sP
end of file treatment


tOF : 09:48:36:671
wavfile=ECC_20181020_062004_000.wav
c:
g=1
sfte=192000
cF
cN
sD: 
dP
sP
end of file treatment


tOF : 09:48:36:735
wavfile=ECC_20181020_172626_227.wav
c:
g=1
sfte=192000
cF
cN
sD: 
dP
sP
end of file treatment


tOF : 09:48:36:803
wavfile=ECC_20181020_181804_000.wav
c:
g=1
sfte=192000
cF
cN
sD: 
dP
sP
end of file treatment


tOF : 09:48:36:873
wavfile=ECC_20181020_204804_000.wav
c:
g=1
sfte=192000
cF
cN
sD: 
dP
sP
end of file treatment


tOF : 09:48:36:947
wavfile=ECC_20181020_234807_000.wav
c:
g=1
sfte=192000
cF
cN
sD: 
dP
sP
end of file treatment


tOF : 09:48:37:015
wavfile=ECC_20181021_024804_000.wav
c:
g=1
sfte=192000
cF
cN
sD: 
dP
sP
end of file treatment


tOF : 09:48:37:073
wavfile=ECC_20181021_054808_000.wav
c:
g=1
sfte=192000
cF
cN
sD: 
dP
sP
end of file treatment


tOF : 09:48:37:134
wavfile=ECC_20181021_171604_000.wav
c:
g=1
sfte=192000
cF
cN
sD: 
dP
sP
end of file treatment


tOF : 09:48:37:202
wavfile=ECC_20181021_174001_861.wav
c:
g=1
sfte=192000
cF
cN
sD: 
dP
sP
end of file treatment


tOF : 09:48:37:277
wavfile=ECC_20181021_190508_168.wav
c:
g=1
sfte=192000
cF
cN
sD: 
dP
sP
end of file treatment


tOF : 09:48:37:349
wavfile=ECC_20181021_190652_939.wav
c:
g=1
sfte=192000
cF
cN
sD: 
dP
sP
end of file treatment


tOF : 09:48:37:416
wavfile=ECC_20181021_204604_000.wav
c:
g=1
sfte=192000
cF
cN
sD: 
dP
sP
end of file treatment


tOF : 09:48:37:494
wavfile=ECC_20181021_234604_000.wav
c:
g=1
sfte=192000
cF
cN
sD: 
dP
sP
end of file treatment


tOF : 09:48:37:559
wavfile=ECC_20181022_024604_000.wav
c:
g=1
sfte=192000
cF
cN
sD: 
dP
sP
end of file treatment


tOF : 09:48:37:625
wavfile=ECC_20181022_054606_000.wav
c:
g=1
sfte=192000
cF
cN
sD: 
dP
sP
end of file treatment


tOF : 09:48:37:685
wavfile=ECC_20181022_174404_000.wav
c:
g=1
sfte=192000
cF
cN
sD: 
dP
sP
end of file treatment


tOF : 09:48:37:771
wavfile=ECC_20181022_204404_000.wav
c:
g=1
sfte=192000
cF
cN
sD: 
dP
sP
end of file treatment


tOF : 09:48:37:845
wavfile=ECC_20181022_234404_000.wav
c:
g=1
sfte=192000
cF
cN
sD: 
dP
sP
end of file treatment


tOF : 09:48:37:910
wavfile=ECC_20181023_024404_000.wav
c:
g=1
sfte=192000
cF
cN
sD: 
dP
sP
end of file treatment


tOF : 09:48:37:964
wavfile=ECC_20181023_054412_000.wav
c:
g=1
sfte=192000
cF
cN
sD: 
dP
sP
end of file treatment


tOF : 09:48:38:023
wavfile=ECC_20181023_174107_000.wav
c:
g=1
sfte=192000
cF
cN
sD: 
dP
sP
end of file treatment


tOF : 09:48:38:085
wavfile=ECC_20181023_204104_000.wav
c:
g=1
sfte=192000
cF
cN
sD: 
dP
sP
end of file treatment


tOF : 09:48:38:152
wavfile=ECC_20181023_234104_000.wav
c:
g=1
sfte=192000
cF
cN
sD: 
dP
sP
end of file treatment


tOF : 09:48:38:207
wavfile=ECC_20181024_024104_000.wav
c:
g=1
sfte=192000
cF
cN
sD: 
dP
sP
end of file treatment


tOF : 09:48:38:290
wavfile=ECC_20181024_054104_000.wav
c:
g=1
sfte=192000
cF
cN
sD: 
dP
sP
end of file treatment


tOF : 09:48:38:363
wavfile=ECC_20181024_173904_000.wav
c:
g=1
sfte=192000
cF
cN
sD: 
dP
sP
end of file treatment


tOF : 09:48:38:430
wavfile=ECC_20181024_193904_000.wav
c:
g=1
sfte=192000
cF
cN
sD: 
dP
sP
end of file treatment


tOF : 09:48:38:498
wavfile=ECC_20181024_223904_000.wav
c:
g=1
sfte=192000
cF
cN
sD: 
dP
sP
end of file treatment


tOF : 09:48:38:553
wavfile=ECC_20181025_013904_000.wav
c:
g=1
sfte=192000
cF
cN
sD: 
dP
sP
end of file treatment


tOF : 09:48:38:606
wavfile=ECC_20181025_043904_000.wav
c:
g=1
sfte=192000
cF
cN
sD: 
dP
sP
end of file treatment
endDetec  IThread = 1
