dtt modefreq=1


tOF : 09:47:58:231
wavfile=ECC_20181006_184906_000.wav
c:
g=1
sfte=192000
cF
cN
sD: 
dP
sP
end of file treatment


tOF : 09:47:58:303
wavfile=ECC_20181006_214904_000.wav
c:
g=1
sfte=192000
cF
cN
sD: 
dP
sP
end of file treatment


tOF : 09:47:58:365
wavfile=ECC_20181007_004908_000.wav
c:
g=1
sfte=192000
cF
cN
sD: 
dP
sP
end of file treatment


tOF : 09:47:58:428
wavfile=ECC_20181007_034904_000.wav
c:
g=1
sfte=192000
cF
cN
sD: 
dP
sP
end of file treatment


tOF : 09:47:58:521
wavfile=ECC_20181007_164700_000.wav
c:
g=1
sfte=192000
cF
cN
sD: 
dP
sP
end of file treatment


tOF : 09:47:58:584
wavfile=ECC_20181007_181243_879.wav
c:
g=1
sfte=192000
cF
cN
sD: 
dP
sP
end of file treatment


tOF : 09:47:58:646
wavfile=ECC_20181007_201704_000.wav
c:
g=1
sfte=192000
cF
cN
sD: 
dP
sP
end of file treatment


tOF : 09:47:58:709
wavfile=ECC_20181007_231704_000.wav
c:
g=1
sfte=192000
cF
cN
sD: 
dP
sP
end of file treatment


tOF : 09:47:58:771
wavfile=ECC_20181008_021704_000.wav
c:
g=1
sfte=192000
cF
cN
sD: 
dP
sP
end of file treatment


tOF : 09:47:58:865
wavfile=ECC_20181008_051704_000.wav
c:
g=1
sfte=192000
cF
cN
sD: 
dP
sP
end of file treatment


tOF : 09:47:58:928
wavfile=ECC_20181008_180336_953.wav
c:
g=1
sfte=192000
cF
cN
sD: 
dP
sP
end of file treatment


tOF : 09:47:59:037
wavfile=ECC_20181008_183739_215.wav
c:
g=1
sfte=192000
cF
cN
sD: 
dP
sP
end of file treatment


tOF : 09:47:59:099
wavfile=ECC_20181008_191504_000.wav
c:
g=1
sfte=192000
cF
cN
sD: 
dP
sP
end of file treatment


tOF : 09:47:59:162
wavfile=ECC_20181008_210740_124.wav
c:
g=1
sfte=192000
cF
cN
sD: 
dP
sP
end of file treatment


tOF : 09:47:59:240
wavfile=ECC_20181008_211514_223.wav
c:
g=1
sfte=192000
cF
cN
sD: 
dP
sP
end of file treatment


tOF : 09:47:59:303
wavfile=ECC_20181008_212150_775.wav
c:
g=1
sfte=192000
cF
cN
sD: 
dP
sP
end of file treatment


tOF : 09:47:59:365
wavfile=ECC_20181008_212242_744.wav
c:
g=1
sfte=192000
cF
cN
sD: 
dP
sP
end of file treatment


tOF : 09:47:59:442
wavfile=ECC_20181008_212400_333.wav
c:
g=1
sfte=192000
cF
cN
sD: 
dP
sP
end of file treatment


tOF : 09:47:59:498
wavfile=ECC_20181008_212457_389.wav
c:
g=1
sfte=192000
cF
cN
sD: 
dP
sP
end of file treatment


tOF : 09:47:59:563
wavfile=ECC_20181008_213043_827.wav
c:
g=1
sfte=192000
cF
cN
sD: 
dP
sP
end of file treatment


tOF : 09:47:59:615
wavfile=ECC_20181008_221858_927.wav
c:
g=1
sfte=192000
cF
cN
sD: 
dP
sP
end of file treatment


tOF : 09:47:59:674
wavfile=ECC_20181008_230227_789.wav
c:
g=1
sfte=192000
cF
cN
sD: 
dP
sP
end of file treatment


tOF : 09:47:59:734
wavfile=ECC_20181008_230341_359.wav
c:
g=1
sfte=192000
cF
cN
sD: 
dP
sP
end of file treatment


tOF : 09:47:59:784
wavfile=ECC_20181008_234505_000.wav
c:
g=1
sfte=192000
cF
cN
sD: 
dP
sP
end of file treatment


tOF : 09:47:59:858
wavfile=ECC_20181009_015142_349.wav
c:
g=1
sfte=192000
cF
cN
sD: 
dP
sP
end of file treatment


tOF : 09:47:59:911
wavfile=ECC_20181009_015246_448.wav
c:
g=1
sfte=192000
cF
cN
sD: 
dP
sP
end of file treatment


tOF : 09:47:59:996
wavfile=ECC_20181009_015406_027.wav
c:
g=1
sfte=192000
cF
cN
sD: 
dP
sP
end of file treatment


tOF : 09:48:00:048
wavfile=ECC_20181009_015545_635.wav
c:
g=1
sfte=192000
cF
cN
sD: 
dP
sP
end of file treatment


tOF : 09:48:00:101
wavfile=ECC_20181009_015710_351.wav
c:
g=1
sfte=192000
cF
cN
sD: 
dP
sP
end of file treatment


tOF : 09:48:00:183
wavfile=ECC_20181009_034504_000.wav
c:
g=1
sfte=192000
cF
cN
sD: 
dP
sP
end of file treatment


tOF : 09:48:00:257
wavfile=ECC_20181009_164200_000.wav
c:
g=1
sfte=192000
cF
cN
sD: 
dP
sP
end of file treatment


tOF : 09:48:00:340
wavfile=ECC_20181009_180806_227.wav
c:
g=1
sfte=192000
cF
cN
sD: 
dP
sP
end of file treatment


tOF : 09:48:00:399
wavfile=ECC_20181009_181101_637.wav
c:
g=1
sfte=192000
cF
cN
sD: 
dP
sP
end of file treatment


tOF : 09:48:00:511
wavfile=ECC_20181009_181204_000.wav
c:
g=1
sfte=192000
cF
cN
sD: 
dP
sP
end of file treatment


tOF : 09:48:00:576
wavfile=ECC_20181009_181243_076.wav
c:
g=1
sfte=192000
cF
cN
sD: 
dP
sP
end of file treatment


tOF : 09:48:00:646
wavfile=ECC_20181009_181321_648.wav
c:
g=1
sfte=192000
cF
cN
sD: 
dP
sP
end of file treatment


tOF : 09:48:00:757
wavfile=ECC_20181009_181410_915.wav
c:
g=1
sfte=192000
cF
cN
sD: 
dP
sP
end of file treatment


tOF : 09:48:00:837
wavfile=ECC_20181009_184708_265.wav
c:
g=1
sfte=192000
cF
cN
sD: 
dP
sP
end of file treatment


tOF : 09:48:00:908
wavfile=ECC_20181009_191204_000.wav
c:
g=1
sfte=192000
cF
cN
sD: 
dP
sP
end of file treatment


tOF : 09:48:00:976
wavfile=ECC_20181009_211204_000.wav
c:
g=1
sfte=192000
cF
cN
sD: 
dP
sP
end of file treatment


tOF : 09:48:01:027
wavfile=ECC_20181009_234204_000.wav
c:
g=1
sfte=192000
cF
cN
sD: 
dP
sP
end of file treatment


tOF : 09:48:01:089
wavfile=ECC_20181010_024204_000.wav
c:
g=1
sfte=192000
cF
cN
sD: 
dP
sP
end of file treatment


tOF : 09:48:01:154
wavfile=ECC_20181010_054204_000.wav
c:
g=1
sfte=192000
cF
cN
sD: 
dP
sP
end of file treatment


tOF : 09:48:01:223
wavfile=ECC_20181010_181004_000.wav
c:
g=1
sfte=192000
cF
cN
sD: 
dP
sP
end of file treatment


tOF : 09:48:01:293
wavfile=ECC_20181010_182710_071.wav
c:
g=1
sfte=192000
cF
cN
sD: 
dP
sP
end of file treatment


tOF : 09:48:01:343
wavfile=ECC_20181010_182736_609.wav
c:
g=1
sfte=192000
cF
cN
sD: 
dP
sP
end of file treatment


tOF : 09:48:01:396
wavfile=ECC_20181010_182808_311.wav
c:
g=1
sfte=192000
cF
cN
sD: 
dP
sP
end of file treatment


tOF : 09:48:01:564
wavfile=ECC_20181010_182850_257.wav
c:
g=1
sfte=192000
cF
cN
sD: 
dP
sP
end of file treatment


tOF : 09:48:01:637
wavfile=ECC_20181010_182938_944.wav
c:
g=1
sfte=192000
cF
cN
sD: 
dP
sP
end of file treatment


tOF : 09:48:01:740
wavfile=ECC_20181010_192051_592.wav
c:
g=1
sfte=192000
cF
cN
sD: 
dP
sP
end of file treatment


tOF : 09:48:01:814
wavfile=ECC_20181010_192153_744.wav
c:
g=1
sfte=192000
cF
cN
sD: 
dP
sP
end of file treatment


tOF : 09:48:01:908
wavfile=ECC_20181010_192223_244.wav
c:
g=1
sfte=192000
cF
cN
sD: 
dP
sP
end of file treatment


tOF : 09:48:01:981
wavfile=ECC_20181010_192538_780.wav
c:
g=1
sfte=192000
cF
cN
sD: 
dP
sP
end of file treatment


tOF : 09:48:02:033
wavfile=ECC_20181010_221009_000.wav
c:
g=1
sfte=192000
cF
cN
sD: 
dP
sP
end of file treatment


tOF : 09:48:02:103
wavfile=ECC_20181011_001234_873.wav
c:
g=1
sfte=192000
cF
cN
sD: 
dP
sP
end of file treatment


tOF : 09:48:02:170
wavfile=ECC_20181011_031004_000.wav
c:
g=1
sfte=192000
cF
cN
sD: 
dP
sP
end of file treatment


tOF : 09:48:02:243
wavfile=ECC_20181011_061004_000.wav
c:
g=1
sfte=192000
cF
cN
sD: 
dP
sP
end of file treatment


tOF : 09:48:02:294
wavfile=ECC_20181011_183300_719.wav
c:
g=1
sfte=192000
cF
cN
sD: 
dP
sP
end of file treatment


tOF : 09:48:02:389
wavfile=ECC_20181011_193430_253.wav
c:
g=1
sfte=192000
cF
cN
sD: 
dP
sP
end of file treatment


tOF : 09:48:02:450
wavfile=ECC_20181011_200804_000.wav
c:
g=1
sfte=192000
cF
cN
sD: 
dP
sP
end of file treatment


tOF : 09:48:02:544
wavfile=ECC_20181011_201004_121.wav
c:
g=1
sfte=192000
cF
cN
sD: 
dP
sP
end of file treatment


tOF : 09:48:02:596
wavfile=ECC_20181011_201025_485.wav
c:
g=1
sfte=192000
cF
cN
sD: 
dP
sP
end of file treatment


tOF : 09:48:02:648
wavfile=ECC_20181011_201052_316.wav
c:
g=1
sfte=192000
cF
cN
sD: 
dP
sP
end of file treatment


tOF : 09:48:02:730
wavfile=ECC_20181011_203804_000.wav
c:
g=1
sfte=192000
cF
cN
sD: 
dP
sP
end of file treatment


tOF : 09:48:02:781
wavfile=ECC_20181011_222739_475.wav
c:
g=1
sfte=192000
cF
cN
sD: 
dP
sP
end of file treatment


tOF : 09:48:02:887
wavfile=ECC_20181011_230011_600.wav
c:
g=1
sfte=192000
cF
cN
sD: 
dP
sP
end of file treatment


tOF : 09:48:02:939
wavfile=ECC_20181011_234016_231.wav
c:
g=1
sfte=192000
cF
cN
sD: 
dP
sP
end of file treatment


tOF : 09:48:03:014
wavfile=ECC_20181012_010441_957.wav
c:
g=1
sfte=192000
cF
cN
sD: 
dP
sP
end of file treatment


tOF : 09:48:03:093
wavfile=ECC_20181012_020804_000.wav
c:
g=1
sfte=192000
cF
cN
sD: 
dP
sP
end of file treatment


tOF : 09:48:03:160
wavfile=ECC_20181012_043804_000.wav
c:
g=1
sfte=192000
cF
cN
sD: 
dP
sP
end of file treatment


tOF : 09:48:03:211
wavfile=ECC_20181012_170602_000.wav
c:
g=1
sfte=192000
cF
cN
sD: 
dP
sP
end of file treatment


tOF : 09:48:03:274
wavfile=ECC_20181012_200604_000.wav
c:
g=1
sfte=192000
cF
cN
sD: 
dP
sP
end of file treatment


tOF : 09:48:03:348
wavfile=ECC_20181012_230606_000.wav
c:
g=1
sfte=192000
cF
cN
sD: 
dP
sP
end of file treatment


tOF : 09:48:03:399
wavfile=ECC_20181013_003004_732.wav
c:
g=1
sfte=192000
cF
cN
sD: 
dP
sP
end of file treatment


tOF : 09:48:03:464
wavfile=ECC_20181013_003025_652.wav
c:
g=1
sfte=192000
cF
cN
sD: 
dP
sP
end of file treatment


tOF : 09:48:03:515
wavfile=ECC_20181013_003111_937.wav
c:
g=1
sfte=192000
cF
cN
sD: 
dP
sP
end of file treatment


tOF : 09:48:03:566
wavfile=ECC_20181013_003141_463.wav
c:
g=1
sfte=192000
cF
cN
sD: 
dP
sP
end of file treatment


tOF : 09:48:03:636
wavfile=ECC_20181013_003202_688.wav
c:
g=1
sfte=192000
cF
cN
sD: 
dP
sP
end of file treatment


tOF : 09:48:03:685
wavfile=ECC_20181013_003231_812.wav
c:
g=1
sfte=192000
cF
cN
sD: 
dP
sP
end of file treatment


tOF : 09:48:03:755
wavfile=ECC_20181013_003311_791.wav
c:
g=1
sfte=192000
cF
cN
sD: 
dP
sP
end of file treatment


tOF : 09:48:03:806
wavfile=ECC_20181013_003332_428.wav
c:
g=1
sfte=192000
cF
cN
sD: 
dP
sP
end of file treatment


tOF : 09:48:03:882
wavfile=ECC_20181013_003351_963.wav
c:
g=1
sfte=192000
cF
cN
sD: 
dP
sP
end of file treatment


tOF : 09:48:03:951
wavfile=ECC_20181013_003519_575.wav
c:
g=1
sfte=192000
cF
cN
sD: 
dP
sP
end of file treatment


tOF : 09:48:04:001
wavfile=ECC_20181013_003604_000.wav
c:
g=1
sfte=192000
cF
cN
sD: 
dP
sP
end of file treatment


tOF : 09:48:04:075
wavfile=ECC_20181013_003638_611.wav
c:
g=1
sfte=192000
cF
cN
sD: 
dP
sP
end of file treatment


tOF : 09:48:04:128
wavfile=ECC_20181013_003702_416.wav
c:
g=1
sfte=192000
cF
cN
sD: 
dP
sP
end of file treatment


tOF : 09:48:04:202
wavfile=ECC_20181013_003839_391.wav
c:
g=1
sfte=192000
cF
cN
sD: 
dP
sP
end of file treatment


tOF : 09:48:04:250
wavfile=ECC_20181013_003956_893.wav
c:
g=1
sfte=192000
cF
cN
sD: 
dP
sP
end of file treatment


tOF : 09:48:04:299
wavfile=ECC_20181013_004029_436.wav
c:
g=1
sfte=192000
cF
cN
sD: 
dP
sP
end of file treatment


tOF : 09:48:04:370
wavfile=ECC_20181013_004108_117.wav
c:
g=1
sfte=192000
cF
cN
sD: 
dP
sP
end of file treatment


tOF : 09:48:04:423
wavfile=ECC_20181013_004127_768.wav
c:
g=1
sfte=192000
cF
cN
sD: 
dP
sP
end of file treatment


tOF : 09:48:04:489
wavfile=ECC_20181013_004144_859.wav
c:
g=1
sfte=192000
cF
cN
sD: 
dP
sP
end of file treatment


tOF : 09:48:04:540
wavfile=ECC_20181013_004229_245.wav
c:
g=1
sfte=192000
cF
cN
sD: 
dP
sP
end of file treatment


tOF : 09:48:04:605
wavfile=ECC_20181013_004317_344.wav
c:
g=1
sfte=192000
cF
cN
sD: 
dP
sP
end of file treatment


tOF : 09:48:04:656
wavfile=ECC_20181013_004353_043.wav
c:
g=1
sfte=192000
cF
cN
sD: 
dP
sP
end of file treatment


tOF : 09:48:04:707
wavfile=ECC_20181013_004420_840.wav
c:
g=1
sfte=192000
cF
cN
sD: 
dP
sP
end of file treatment


tOF : 09:48:04:785
wavfile=ECC_20181013_013608_000.wav
c:
g=1
sfte=192000
cF
cN
sD: 
dP
sP
end of file treatment


tOF : 09:48:04:836
wavfile=ECC_20181013_033636_333.wav
c:
g=1
sfte=192000
cF
cN
sD: 
dP
sP
end of file treatment


tOF : 09:48:04:919
wavfile=ECC_20181013_033731_588.wav
c:
g=1
sfte=192000
cF
cN
sD: 
dP
sP
end of file treatment


tOF : 09:48:04:969
wavfile=ECC_20181013_033801_603.wav
c:
g=1
sfte=192000
cF
cN
sD: 
dP
sP
end of file treatment


tOF : 09:48:05:021
wavfile=ECC_20181013_033819_828.wav
c:
g=1
sfte=192000
cF
cN
sD: 
dP
sP
end of file treatment


tOF : 09:48:05:102
wavfile=ECC_20181013_033840_108.wav
c:
g=1
sfte=192000
cF
cN
sD: 
dP
sP
end of file treatment


tOF : 09:48:05:153
wavfile=ECC_20181013_033907_044.wav
c:
g=1
sfte=192000
cF
cN
sD: 
dP
sP
end of file treatment


tOF : 09:48:05:230
wavfile=ECC_20181013_033926_859.wav
c:
g=1
sfte=192000
cF
cN
sD: 
dP
sP
end of file treatment


tOF : 09:48:05:287
wavfile=ECC_20181013_033945_895.wav
c:
g=1
sfte=192000
cF
cN
sD: 
dP
sP
end of file treatment


tOF : 09:48:05:335
wavfile=ECC_20181013_034015_544.wav
c:
g=1
sfte=192000
cF
cN
sD: 
dP
sP
end of file treatment


tOF : 09:48:05:410
wavfile=ECC_20181013_034034_529.wav
c:
g=1
sfte=192000
cF
cN
sD: 
dP
sP
end of file treatment


tOF : 09:48:05:462
wavfile=ECC_20181013_034055_255.wav
c:
g=1
sfte=192000
cF
cN
sD: 
dP
sP
end of file treatment


tOF : 09:48:05:542
wavfile=ECC_20181013_034116_096.wav
c:
g=1
sfte=192000
cF
cN
sD: 
dP
sP
end of file treatment


tOF : 09:48:05:596
wavfile=ECC_20181013_034133_351.wav
c:
g=1
sfte=192000
cF
cN
sD: 
dP
sP
end of file treatment


tOF : 09:48:05:647
wavfile=ECC_20181013_034155_261.wav
c:
g=1
sfte=192000
cF
cN
sD: 
dP
sP
end of file treatment


tOF : 09:48:05:714
wavfile=ECC_20181013_034233_299.wav
c:
g=1
sfte=192000
cF
cN
sD: 
dP
sP
end of file treatment


tOF : 09:48:05:766
wavfile=ECC_20181013_050604_000.wav
c:
g=1
sfte=192000
cF
cN
sD: 
dP
sP
end of file treatment


tOF : 09:48:05:846
wavfile=ECC_20181013_173304_000.wav
c:
g=1
sfte=192000
cF
cN
sD: 
dP
sP
end of file treatment


tOF : 09:48:05:896
wavfile=ECC_20181013_203304_000.wav
c:
g=1
sfte=192000
cF
cN
sD: 
dP
sP
end of file treatment


tOF : 09:48:05:969
wavfile=ECC_20181013_232836_283.wav
c:
g=1
sfte=192000
cF
cN
sD: 
dP
sP
end of file treatment


tOF : 09:48:06:032
wavfile=ECC_20181014_002907_897.wav
c:
g=1
sfte=192000
cF
cN
sD: 
dP
sP
end of file treatment


tOF : 09:48:06:114
wavfile=ECC_20181014_020304_000.wav
c:
g=1
sfte=192000
cF
cN
sD: 
dP
sP
end of file treatment


tOF : 09:48:06:180
wavfile=ECC_20181014_043304_000.wav
c:
g=1
sfte=192000
cF
cN
sD: 
dP
sP
end of file treatment


tOF : 09:48:06:241
wavfile=ECC_20181014_163100_000.wav
c:
g=1
sfte=192000
cF
cN
sD: 
dP
sP
end of file treatment


tOF : 09:48:06:301
wavfile=ECC_20181014_193112_000.wav
c:
g=1
sfte=192000
cF
cN
sD: 
dP
sP
end of file treatment


tOF : 09:48:06:354
wavfile=ECC_20181014_223104_000.wav
c:
g=1
sfte=192000
cF
cN
sD: 
dP
sP
end of file treatment


tOF : 09:48:06:429
wavfile=ECC_20181015_012726_940.wav
c:
g=1
sfte=192000
cF
cN
sD: 
dP
sP
end of file treatment


tOF : 09:48:06:481
wavfile=ECC_20181015_033104_000.wav
c:
g=1
sfte=192000
cF
cN
sD: 
dP
sP
end of file treatment


tOF : 09:48:06:558
wavfile=ECC_20181015_063104_000.wav
c:
g=1
sfte=192000
cF
cN
sD: 
dP
sP
end of file treatment


tOF : 09:48:06:611
wavfile=ECC_20181015_185904_000.wav
c:
g=1
sfte=192000
cF
cN
sD: 
dP
sP
end of file treatment


tOF : 09:48:06:681
wavfile=ECC_20181015_215904_000.wav
c:
g=1
sfte=192000
cF
cN
sD: 
dP
sP
end of file treatment


tOF : 09:48:06:734
wavfile=ECC_20181015_233934_368.wav
c:
g=1
sfte=192000
cF
cN
sD: 
dP
sP
end of file treatment


tOF : 09:48:06:817
wavfile=ECC_20181016_005904_000.wav
c:
g=1
sfte=192000
cF
cN
sD: 
dP
sP
end of file treatment


tOF : 09:48:06:883
wavfile=ECC_20181016_035904_000.wav
c:
g=1
sfte=192000
cF
cN
sD: 
dP
sP
end of file treatment


tOF : 09:48:06:939
wavfile=ECC_20181016_162700_000.wav
c:
g=1
sfte=192000
cF
cN
sD: 
dP
sP
end of file treatment


tOF : 09:48:07:026
wavfile=ECC_20181016_175707_000.wav
c:
g=1
sfte=192000
cF
cN
sD: 
dP
sP
end of file treatment


tOF : 09:48:07:082
wavfile=ECC_20181016_181242_768.wav
c:
g=1
sfte=192000
cF
cN
sD: 
dP
sP
end of file treatment


tOF : 09:48:07:226
wavfile=ECC_20181016_185127_265.wav
c:
g=1
sfte=192000
cF
cN
sD: 
dP
sP
end of file treatment


tOF : 09:48:07:293
wavfile=ECC_20181016_185517_651.wav
c:
g=1
sfte=192000
cF
cN
sD: 
dP
sP
end of file treatment


tOF : 09:48:07:434
wavfile=ECC_20181016_191218_965.wav
c:
g=1
sfte=192000
cF
cN
sD: 
dP
sP
end of file treatment


tOF : 09:48:07:493
wavfile=ECC_20181016_191426_191.wav
c:
g=1
sfte=192000
cF
cN
sD: 
dP
sP
end of file treatment


tOF : 09:48:07:541
wavfile=ECC_20181016_191502_497.wav
c:
g=1
sfte=192000
cF
cN
sD: 
dP
sP
end of file treatment


tOF : 09:48:07:608
wavfile=ECC_20181016_191607_383.wav
c:
g=1
sfte=192000
cF
cN
sD: 
dP
sP
end of file treatment


tOF : 09:48:07:667
wavfile=ECC_20181016_191637_299.wav
c:
g=1
sfte=192000
cF
cN
sD: 
dP
sP
end of file treatment


tOF : 09:48:07:750
wavfile=ECC_20181016_191752_465.wav
c:
g=1
sfte=192000
cF
cN
sD: 
dP
sP
end of file treatment


tOF : 09:48:07:799
wavfile=ECC_20181016_195704_000.wav
c:
g=1
sfte=192000
cF
cN
sD: 
dP
sP
end of file treatment


tOF : 09:48:07:850
wavfile=ECC_20181016_202704_000.wav
c:
g=1
sfte=192000
cF
cN
sD: 
dP
sP
end of file treatment


tOF : 09:48:07:914
wavfile=ECC_20181016_205344_544.wav
c:
g=1
sfte=192000
cF
cN
sD: 
dP
sP
end of file treatment


tOF : 09:48:07:970
wavfile=ECC_20181016_210136_541.wav
c:
g=1
sfte=192000
cF
cN
sD: 
dP
sP
end of file treatment


tOF : 09:48:08:050
wavfile=ECC_20181016_210242_405.wav
c:
g=1
sfte=192000
cF
cN
sD: 
dP
sP
end of file treatment


tOF : 09:48:08:141
wavfile=ECC_20181016_210340_785.wav
c:
g=1
sfte=192000
cF
cN
sD: 
dP
sP
end of file treatment


tOF : 09:48:08:202
wavfile=ECC_20181016_210407_975.wav
c:
g=1
sfte=192000
cF
cN
sD: 
dP
sP
end of file treatment


tOF : 09:48:08:292
wavfile=ECC_20181016_210454_795.wav
c:
g=1
sfte=192000
cF
cN
sD: 
dP
sP
end of file treatment


tOF : 09:48:08:391
wavfile=ECC_20181016_210525_048.wav
c:
g=1
sfte=192000
cF
cN
sD: 
dP
sP
end of file treatment


tOF : 09:48:08:483
wavfile=ECC_20181016_210557_760.wav
c:
g=1
sfte=192000
cF
cN
sD: 
dP
sP
end of file treatment


tOF : 09:48:08:556
wavfile=ECC_20181016_210630_231.wav
c:
g=1
sfte=192000
cF
cN
sD: 
dP
sP
end of file treatment


tOF : 09:48:08:621
wavfile=ECC_20181016_210654_404.wav
c:
g=1
sfte=192000
cF
cN
sD: 
dP
sP
end of file treatment


tOF : 09:48:08:685
wavfile=ECC_20181016_210734_076.wav
c:
g=1
sfte=192000
cF
cN
sD: 
dP
sP
end of file treatment


tOF : 09:48:08:740
wavfile=ECC_20181016_210811_801.wav
c:
g=1
sfte=192000
cF
cN
sD: 
dP
sP
end of file treatment


tOF : 09:48:08:807
wavfile=ECC_20181016_210839_761.wav
c:
g=1
sfte=192000
cF
cN
sD: 
dP
sP
end of file treatment


tOF : 09:48:08:870
wavfile=ECC_20181016_210907_424.wav
c:
g=1
sfte=192000
cF
cN
sD: 
dP
sP
end of file treatment


tOF : 09:48:08:947
wavfile=ECC_20181016_210933_549.wav
c:
g=1
sfte=192000
cF
cN
sD: 
dP
sP
end of file treatment


tOF : 09:48:09:014
wavfile=ECC_20181016_211010_212.wav
c:
g=1
sfte=192000
cF
cN
sD: 
dP
sP
end of file treatment


tOF : 09:48:09:084
wavfile=ECC_20181016_211039_085.wav
c:
g=1
sfte=192000
cF
cN
sD: 
dP
sP
end of file treatment


tOF : 09:48:09:145
wavfile=ECC_20181016_211103_796.wav
c:
g=1
sfte=192000
cF
cN
sD: 
dP
sP
end of file treatment


tOF : 09:48:09:199
wavfile=ECC_20181016_211141_668.wav
c:
g=1
sfte=192000
cF
cN
sD: 
dP
sP
end of file treatment


tOF : 09:48:09:250
wavfile=ECC_20181016_211212_303.wav
c:
g=1
sfte=192000
cF
cN
sD: 
dP
sP
end of file treatment


tOF : 09:48:09:323
wavfile=ECC_20181016_211303_288.wav
c:
g=1
sfte=192000
cF
cN
sD: 
dP
sP
end of file treatment


tOF : 09:48:09:385
wavfile=ECC_20181016_211332_411.wav
c:
g=1
sfte=192000
cF
cN
sD: 
dP
sP
end of file treatment


tOF : 09:48:09:441
wavfile=ECC_20181016_211402_493.wav
c:
g=1
sfte=192000
cF
cN
sD: 
dP
sP
end of file treatment


tOF : 09:48:09:518
wavfile=ECC_20181016_211432_733.wav
c:
g=1
sfte=192000
cF
cN
sD: 
dP
sP
end of file treatment


tOF : 09:48:09:578
wavfile=ECC_20181016_211459_303.wav
c:
g=1
sfte=192000
cF
cN
sD: 
dP
sP
end of file treatment


tOF : 09:48:09:638
wavfile=ECC_20181016_211524_768.wav
c:
g=1
sfte=192000
cF
cN
sD: 
dP
sP
end of file treatment


tOF : 09:48:09:698
wavfile=ECC_20181016_211555_604.wav
c:
g=1
sfte=192000
cF
cN
sD: 
dP
sP
end of file treatment


tOF : 09:48:09:767
wavfile=ECC_20181016_211621_715.wav
c:
g=1
sfte=192000
cF
cN
sD: 
dP
sP
end of file treatment


tOF : 09:48:09:835
wavfile=ECC_20181016_211700_024.wav
c:
g=1
sfte=192000
cF
cN
sD: 
dP
sP
end of file treatment


tOF : 09:48:09:899
wavfile=ECC_20181016_211725_688.wav
c:
g=1
sfte=192000
cF
cN
sD: 
dP
sP
end of file treatment


tOF : 09:48:09:982
wavfile=ECC_20181016_211753_920.wav
c:
g=1
sfte=192000
cF
cN
sD: 
dP
sP
end of file treatment


tOF : 09:48:10:049
wavfile=ECC_20181016_211824_248.wav
c:
g=1
sfte=192000
cF
cN
sD: 
dP
sP
end of file treatment


tOF : 09:48:10:123
wavfile=ECC_20181016_211849_163.wav
c:
g=1
sfte=192000
cF
cN
sD: 
dP
sP
end of file treatment


tOF : 09:48:10:249
wavfile=ECC_20181016_211937_064.wav
c:
g=1
sfte=192000
cF
cN
sD: 
dP
sP
end of file treatment


tOF : 09:48:10:328
wavfile=ECC_20181016_212022_831.wav
c:
g=1
sfte=192000
cF
cN
sD: 
dP
sP
end of file treatment


tOF : 09:48:10:396
wavfile=ECC_20181016_212209_519.wav
c:
g=1
sfte=192000
cF
cN
sD: 
dP
sP
end of file treatment


tOF : 09:48:10:459
wavfile=ECC_20181016_212244_307.wav
c:
g=1
sfte=192000
cF
cN
sD: 
dP
sP
end of file treatment


tOF : 09:48:10:529
wavfile=ECC_20181016_212318_661.wav
c:
g=1
sfte=192000
cF
cN
sD: 
dP
sP
end of file treatment


tOF : 09:48:10:591
wavfile=ECC_20181016_212343_964.wav
c:
g=1
sfte=192000
cF
cN
sD: 
dP
sP
end of file treatment


tOF : 09:48:10:645
wavfile=ECC_20181016_212407_608.wav
c:
g=1
sfte=192000
cF
cN
sD: 
dP
sP
end of file treatment


tOF : 09:48:10:708
wavfile=ECC_20181016_212432_249.wav
c:
g=1
sfte=192000
cF
cN
sD: 
dP
sP
end of file treatment


tOF : 09:48:10:780
wavfile=ECC_20181016_212457_849.wav
c:
g=1
sfte=192000
cF
cN
sD: 
dP
sP
end of file treatment


tOF : 09:48:10:853
wavfile=ECC_20181016_212526_935.wav
c:
g=1
sfte=192000
cF
cN
sD: 
dP
sP
end of file treatment


tOF : 09:48:10:918
wavfile=ECC_20181016_212556_704.wav
c:
g=1
sfte=192000
cF
cN
sD: 
dP
sP
end of file treatment


tOF : 09:48:10:989
wavfile=ECC_20181016_212704_000.wav
c:
g=1
sfte=192000
cF
cN
sD: 
dP
sP
end of file treatment


tOF : 09:48:11:063
wavfile=ECC_20181016_212825_367.wav
c:
g=1
sfte=192000
cF
cN
sD: 
dP
sP
end of file treatment


tOF : 09:48:11:120
wavfile=ECC_20181016_213040_923.wav
c:
g=1
sfte=192000
cF
cN
sD: 
dP
sP
end of file treatment


tOF : 09:48:11:186
wavfile=ECC_20181016_213559_611.wav
c:
g=1
sfte=192000
cF
cN
sD: 
dP
sP
end of file treatment


tOF : 09:48:11:239
wavfile=ECC_20181016_213706_073.wav
c:
g=1
sfte=192000
cF
cN
sD: 
dP
sP
end of file treatment


tOF : 09:48:11:301
wavfile=ECC_20181016_215704_000.wav
c:
g=1
sfte=192000
cF
cN
sD: 
dP
sP
end of file treatment


tOF : 09:48:11:362
wavfile=ECC_20181016_231247_157.wav
c:
g=1
sfte=192000
cF
cN
sD: 
dP
sP
end of file treatment


tOF : 09:48:11:420
wavfile=ECC_20181016_231934_496.wav
c:
g=1
sfte=192000
cF
cN
sD: 
dP
sP
end of file treatment


tOF : 09:48:11:499
wavfile=ECC_20181016_232148_496.wav
c:
g=1
sfte=192000
cF
cN
sD: 
dP
sP
end of file treatment


tOF : 09:48:11:558
wavfile=ECC_20181016_232311_232.wav
c:
g=1
sfte=192000
cF
cN
sD: 
dP
sP
end of file treatment


tOF : 09:48:11:657
wavfile=ECC_20181016_232339_355.wav
c:
g=1
sfte=192000
cF
cN
sD: 
dP
sP
end of file treatment


tOF : 09:48:11:741
wavfile=ECC_20181016_232511_569.wav
c:
g=1
sfte=192000
cF
cN
sD: 
dP
sP
end of file treatment


tOF : 09:48:11:806
wavfile=ECC_20181016_232704_000.wav
c:
g=1
sfte=192000
cF
cN
sD: 
dP
sP
end of file treatment


tOF : 09:48:11:938
wavfile=ECC_20181016_234014_344.wav
c:
g=1
sfte=192000
cF
cN
sD: 
dP
sP
end of file treatment


tOF : 09:48:12:005
wavfile=ECC_20181016_235051_893.wav
c:
g=1
sfte=192000
cF
cN
sD: 
dP
sP
end of file treatment


tOF : 09:48:12:067
wavfile=ECC_20181016_235305_112.wav
c:
g=1
sfte=192000
cF
cN
sD: 
dP
sP
end of file treatment


tOF : 09:48:12:133
wavfile=ECC_20181016_235420_591.wav
c:
g=1
sfte=192000
cF
cN
sD: 
dP
sP
end of file treatment


tOF : 09:48:12:209
wavfile=ECC_20181016_235604_673.wav
c:
g=1
sfte=192000
cF
cN
sD: 
dP
sP
end of file treatment


tOF : 09:48:12:284
wavfile=ECC_20181016_235730_843.wav
c:
g=1
sfte=192000
cF
cN
sD: 
dP
sP
end of file treatment


tOF : 09:48:12:345
wavfile=ECC_20181016_235940_524.wav
c:
g=1
sfte=192000
cF
cN
sD: 
dP
sP
end of file treatment


tOF : 09:48:12:406
wavfile=ECC_20181017_000046_255.wav
c:
g=1
sfte=192000
cF
cN
sD: 
dP
sP
end of file treatment


tOF : 09:48:12:463
wavfile=ECC_20181017_000231_691.wav
c:
g=1
sfte=192000
cF
cN
sD: 
dP
sP
end of file treatment


tOF : 09:48:12:519
wavfile=ECC_20181017_000308_335.wav
c:
g=1
sfte=192000
cF
cN
sD: 
dP
sP
end of file treatment


tOF : 09:48:12:572
wavfile=ECC_20181017_000726_760.wav
c:
g=1
sfte=192000
cF
cN
sD: 
dP
sP
end of file treatment


tOF : 09:48:12:641
wavfile=ECC_20181017_000838_683.wav
c:
g=1
sfte=192000
cF
cN
sD: 
dP
sP
end of file treatment


tOF : 09:48:12:694
wavfile=ECC_20181017_001027_981.wav
c:
g=1
sfte=192000
cF
cN
sD: 
dP
sP
end of file treatment


tOF : 09:48:12:763
wavfile=ECC_20181017_001219_193.wav
c:
g=1
sfte=192000
cF
cN
sD: 
dP
sP
end of file treatment


tOF : 09:48:12:825
wavfile=ECC_20181017_001304_171.wav
c:
g=1
sfte=192000
cF
cN
sD: 
dP
sP
end of file treatment


tOF : 09:48:12:882
wavfile=ECC_20181017_001331_956.wav
c:
g=1
sfte=192000
cF
cN
sD: 
dP
sP
end of file treatment


tOF : 09:48:12:954
wavfile=ECC_20181017_001409_865.wav
c:
g=1
sfte=192000
cF
cN
sD: 
dP
sP
end of file treatment


tOF : 09:48:13:025
wavfile=ECC_20181017_001441_299.wav
c:
g=1
sfte=192000
cF
cN
sD: 
dP
sP
end of file treatment


tOF : 09:48:13:131
wavfile=ECC_20181017_001523_419.wav
c:
g=1
sfte=192000
cF
cN
sD: 
dP
sP
end of file treatment


tOF : 09:48:13:198
wavfile=ECC_20181017_001616_613.wav
c:
g=1
sfte=192000
cF
cN
sD: 
dP
sP
end of file treatment


tOF : 09:48:13:264
wavfile=ECC_20181017_001659_729.wav
c:
g=1
sfte=192000
cF
cN
sD: 
dP
sP
end of file treatment


tOF : 09:48:13:331
wavfile=ECC_20181017_001738_940.wav
c:
g=1
sfte=192000
cF
cN
sD: 
dP
sP
end of file treatment


tOF : 09:48:13:393
wavfile=ECC_20181017_001835_087.wav
c:
g=1
sfte=192000
cF
cN
sD: 
dP
sP
end of file treatment


tOF : 09:48:13:451
wavfile=ECC_20181017_002704_000.wav
c:
g=1
sfte=192000
cF
cN
sD: 
dP
sP
end of file treatment


tOF : 09:48:13:617
wavfile=ECC_20181017_003000_597.wav
c:
g=1
sfte=192000
cF
cN
sD: 
dP
sP
end of file treatment


tOF : 09:48:13:688
wavfile=ECC_20181017_003103_876.wav
c:
g=1
sfte=192000
cF
cN
sD: 
dP
sP
end of file treatment


tOF : 09:48:13:746
wavfile=ECC_20181017_003139_413.wav
c:
g=1
sfte=192000
cF
cN
sD: 
dP
sP
end of file treatment


tOF : 09:48:13:821
wavfile=ECC_20181017_003212_423.wav
c:
g=1
sfte=192000
cF
cN
sD: 
dP
sP
end of file treatment


tOF : 09:48:13:893
wavfile=ECC_20181017_003253_500.wav
c:
g=1
sfte=192000
cF
cN
sD: 
dP
sP
end of file treatment


tOF : 09:48:13:955
wavfile=ECC_20181017_003313_073.wav
c:
g=1
sfte=192000
cF
cN
sD: 
dP
sP
end of file treatment


tOF : 09:48:14:013
wavfile=ECC_20181017_003341_125.wav
c:
g=1
sfte=192000
cF
cN
sD: 
dP
sP
end of file treatment


tOF : 09:48:14:077
wavfile=ECC_20181017_003407_795.wav
c:
g=1
sfte=192000
cF
cN
sD: 
dP
sP
end of file treatment


tOF : 09:48:14:135
wavfile=ECC_20181017_003438_825.wav
c:
g=1
sfte=192000
cF
cN
sD: 
dP
sP
end of file treatment


tOF : 09:48:14:207
wavfile=ECC_20181017_003512_209.wav
c:
g=1
sfte=192000
cF
cN
sD: 
dP
sP
end of file treatment


tOF : 09:48:14:272
wavfile=ECC_20181017_003540_225.wav
c:
g=1
sfte=192000
cF
cN
sD: 
dP
sP
end of file treatment


tOF : 09:48:14:337
wavfile=ECC_20181017_003605_533.wav
c:
g=1
sfte=192000
cF
cN
sD: 
dP
sP
end of file treatment


tOF : 09:48:14:400
wavfile=ECC_20181017_003632_028.wav
c:
g=1
sfte=192000
cF
cN
sD: 
dP
sP
end of file treatment


tOF : 09:48:14:464
wavfile=ECC_20181017_003658_220.wav
c:
g=1
sfte=192000
cF
cN
sD: 
dP
sP
end of file treatment


tOF : 09:48:14:520
wavfile=ECC_20181017_003724_417.wav
c:
g=1
sfte=192000
cF
cN
sD: 
dP
sP
end of file treatment


tOF : 09:48:14:588
wavfile=ECC_20181017_003749_647.wav
c:
g=1
sfte=192000
cF
cN
sD: 
dP
sP
end of file treatment


tOF : 09:48:14:651
wavfile=ECC_20181017_003815_067.wav
c:
g=1
sfte=192000
cF
cN
sD: 
dP
sP
end of file treatment


tOF : 09:48:14:718
wavfile=ECC_20181017_003839_107.wav
c:
g=1
sfte=192000
cF
cN
sD: 
dP
sP
end of file treatment


tOF : 09:48:14:782
wavfile=ECC_20181017_003903_799.wav
c:
g=1
sfte=192000
cF
cN
sD: 
dP
sP
end of file treatment


tOF : 09:48:14:846
wavfile=ECC_20181017_003929_009.wav
c:
g=1
sfte=192000
cF
cN
sD: 
dP
sP
end of file treatment


tOF : 09:48:14:910
wavfile=ECC_20181017_003954_169.wav
c:
g=1
sfte=192000
cF
cN
sD: 
dP
sP
end of file treatment


tOF : 09:48:14:984
wavfile=ECC_20181017_004021_279.wav
c:
g=1
sfte=192000
cF
cN
sD: 
dP
sP
end of file treatment


tOF : 09:48:15:056
wavfile=ECC_20181017_004042_167.wav
c:
g=1
sfte=192000
cF
cN
sD: 
dP
sP
end of file treatment


tOF : 09:48:15:129
wavfile=ECC_20181017_004105_888.wav
c:
g=1
sfte=192000
cF
cN
sD: 
dP
sP
end of file treatment


tOF : 09:48:15:198
wavfile=ECC_20181017_004132_556.wav
c:
g=1
sfte=192000
cF
cN
sD: 
dP
sP
end of file treatment


tOF : 09:48:15:254
wavfile=ECC_20181017_004158_767.wav
c:
g=1
sfte=192000
cF
cN
sD: 
dP
sP
end of file treatment


tOF : 09:48:15:308
wavfile=ECC_20181017_004224_944.wav
c:
g=1
sfte=192000
cF
cN
sD: 
dP
sP
end of file treatment


tOF : 09:48:15:367
wavfile=ECC_20181017_004253_893.wav
c:
g=1
sfte=192000
cF
cN
sD: 
dP
sP
end of file treatment


tOF : 09:48:15:427
wavfile=ECC_20181017_004322_497.wav
c:
g=1
sfte=192000
cF
cN
sD: 
dP
sP
end of file treatment


tOF : 09:48:15:522
wavfile=ECC_20181017_004347_580.wav
c:
g=1
sfte=192000
cF
cN
sD: 
dP
sP
end of file treatment


tOF : 09:48:15:593
wavfile=ECC_20181017_004415_117.wav
c:
g=1
sfte=192000
cF
cN
sD: 
dP
sP
end of file treatment


tOF : 09:48:15:656
wavfile=ECC_20181017_004442_715.wav
c:
g=1
sfte=192000
cF
cN
sD: 
dP
sP
end of file treatment


tOF : 09:48:15:721
wavfile=ECC_20181017_004510_312.wav
c:
g=1
sfte=192000
cF
cN
sD: 
dP
sP
end of file treatment


tOF : 09:48:15:787
wavfile=ECC_20181017_004538_020.wav
c:
g=1
sfte=192000
cF
cN
sD: 
dP
sP
end of file treatment


tOF : 09:48:15:848
wavfile=ECC_20181017_004607_363.wav
c:
g=1
sfte=192000
cF
cN
sD: 
dP
sP
end of file treatment


tOF : 09:48:15:912
wavfile=ECC_20181017_004633_267.wav
c:
g=1
sfte=192000
cF
cN
sD: 
dP
sP
end of file treatment


tOF : 09:48:15:992
wavfile=ECC_20181017_004709_976.wav
c:
g=1
sfte=192000
cF
cN
sD: 
dP
sP
end of file treatment


tOF : 09:48:16:104
wavfile=ECC_20181017_004749_883.wav
c:
g=1
sfte=192000
cF
cN
sD: 
dP
sP
end of file treatment


tOF : 09:48:16:181
wavfile=ECC_20181017_004824_451.wav
c:
g=1
sfte=192000
cF
cN
sD: 
dP
sP
end of file treatment


tOF : 09:48:16:261
wavfile=ECC_20181017_004859_227.wav
c:
g=1
sfte=192000
cF
cN
sD: 
dP
sP
end of file treatment


tOF : 09:48:16:320
wavfile=ECC_20181017_004930_929.wav
c:
g=1
sfte=192000
cF
cN
sD: 
dP
sP
end of file treatment


tOF : 09:48:16:394
wavfile=ECC_20181017_005633_948.wav
c:
g=1
sfte=192000
cF
cN
sD: 
dP
sP
end of file treatment


tOF : 09:48:16:462
wavfile=ECC_20181017_005734_857.wav
c:
g=1
sfte=192000
cF
cN
sD: 
dP
sP
end of file treatment


tOF : 09:48:16:540
wavfile=ECC_20181017_005815_987.wav
c:
g=1
sfte=192000
cF
cN
sD: 
dP
sP
end of file treatment


tOF : 09:48:16:615
wavfile=ECC_20181017_005858_461.wav
c:
g=1
sfte=192000
cF
cN
sD: 
dP
sP
end of file treatment


tOF : 09:48:16:682
wavfile=ECC_20181017_005950_115.wav
c:
g=1
sfte=192000
cF
cN
sD: 
dP
sP
end of file treatment


tOF : 09:48:16:750
wavfile=ECC_20181017_010033_179.wav
c:
g=1
sfte=192000
cF
cN
sD: 
dP
sP
end of file treatment


tOF : 09:48:16:811
wavfile=ECC_20181017_010104_485.wav
c:
g=1
sfte=192000
cF
cN
sD: 
dP
sP
end of file treatment


tOF : 09:48:16:872
wavfile=ECC_20181017_010723_785.wav
c:
g=1
sfte=192000
cF
cN
sD: 
dP
sP
end of file treatment


tOF : 09:48:16:924
wavfile=ECC_20181017_014736_552.wav
c:
g=1
sfte=192000
cF
cN
sD: 
dP
sP
end of file treatment


tOF : 09:48:16:992
wavfile=ECC_20181017_025704_000.wav
c:
g=1
sfte=192000
cF
cN
sD: 
dP
sP
end of file treatment


tOF : 09:48:17:054
wavfile=ECC_20181017_033232_175.wav
c:
g=1
sfte=192000
cF
cN
sD: 
dP
sP
end of file treatment


tOF : 09:48:17:226
wavfile=ECC_20181017_042103_580.wav
c:
g=1
sfte=192000
cF
cN
sD: 
dP
sP
end of file treatment


tOF : 09:48:17:290
wavfile=ECC_20181017_042344_320.wav
c:
g=1
sfte=192000
cF
cN
sD: 
dP
sP
end of file treatment


tOF : 09:48:17:351
wavfile=ECC_20181017_042546_261.wav
c:
g=1
sfte=192000
cF
cN
sD: 
dP
sP
end of file treatment


tOF : 09:48:17:408
wavfile=ECC_20181017_042647_640.wav
c:
g=1
sfte=192000
cF
cN
sD: 
dP
sP
end of file treatment


tOF : 09:48:17:488
wavfile=ECC_20181017_043137_400.wav
c:
g=1
sfte=192000
cF
cN
sD: 
dP
sP
end of file treatment


tOF : 09:48:17:558
wavfile=ECC_20181017_043221_788.wav
c:
g=1
sfte=192000
cF
cN
sD: 
dP
sP
end of file treatment


tOF : 09:48:17:629
wavfile=ECC_20181017_043314_569.wav
c:
g=1
sfte=192000
cF
cN
sD: 
dP
sP
end of file treatment


tOF : 09:48:17:718
wavfile=ECC_20181017_043427_073.wav
c:
g=1
sfte=192000
cF
cN
sD: 
dP
sP
end of file treatment


tOF : 09:48:17:789
wavfile=ECC_20181017_043744_883.wav
c:
g=1
sfte=192000
cF
cN
sD: 
dP
sP
end of file treatment


tOF : 09:48:17:855
wavfile=ECC_20181017_043912_213.wav
c:
g=1
sfte=192000
cF
cN
sD: 
dP
sP
end of file treatment


tOF : 09:48:17:914
wavfile=ECC_20181017_044411_769.wav
c:
g=1
sfte=192000
cF
cN
sD: 
dP
sP
end of file treatment


tOF : 09:48:17:993
wavfile=ECC_20181017_045454_201.wav
c:
g=1
sfte=192000
cF
cN
sD: 
dP
sP
end of file treatment


tOF : 09:48:18:067
wavfile=ECC_20181017_162400_000.wav
c:
g=1
sfte=192000
cF
cN
sD: 
dP
sP
end of file treatment


tOF : 09:48:18:146
wavfile=ECC_20181017_173605_044.wav
c:
g=1
sfte=192000
cF
cN
sD: 
dP
sP
end of file treatment


tOF : 09:48:18:225
wavfile=ECC_20181017_174039_989.wav
c:
g=1
sfte=192000
cF
cN
sD: 
dP
sP
end of file treatment


tOF : 09:48:18:337
wavfile=ECC_20181017_174116_923.wav
c:
g=1
sfte=192000
cF
cN
sD: 
dP
sP
end of file treatment


tOF : 09:48:18:399
wavfile=ECC_20181017_174235_372.wav
c:
g=1
sfte=192000
cF
cN
sD: 
dP
sP
end of file treatment


tOF : 09:48:18:455
wavfile=ECC_20181017_174337_247.wav
c:
g=1
sfte=192000
cF
cN
sD: 
dP
sP
end of file treatment


tOF : 09:48:18:509
wavfile=ECC_20181017_174625_567.wav
c:
g=1
sfte=192000
cF
cN
sD: 
dP
sP
end of file treatment


tOF : 09:48:18:643
wavfile=ECC_20181017_174823_337.wav
c:
g=1
sfte=192000
cF
cN
sD: 
dP
sP
end of file treatment


tOF : 09:48:18:698
wavfile=ECC_20181017_174939_152.wav
c:
g=1
sfte=192000
cF
cN
sD: 
dP
sP
end of file treatment


tOF : 09:48:18:757
wavfile=ECC_20181017_175254_253.wav
c:
g=1
sfte=192000
cF
cN
sD: 
dP
sP
end of file treatment


tOF : 09:48:18:820
wavfile=ECC_20181017_175336_216.wav
c:
g=1
sfte=192000
cF
cN
sD: 
dP
sP
end of file treatment


tOF : 09:48:18:906
wavfile=ECC_20181017_175408_844.wav
c:
g=1
sfte=192000
cF
cN
sD: 
dP
sP
end of file treatment


tOF : 09:48:18:970
wavfile=ECC_20181017_175440_699.wav
c:
g=1
sfte=192000
cF
cN
sD: 
dP
sP
end of file treatment


tOF : 09:48:19:069
wavfile=ECC_20181017_175514_628.wav
c:
g=1
sfte=192000
cF
cN
sD: 
dP
sP
end of file treatment


tOF : 09:48:19:125
wavfile=ECC_20181017_175602_440.wav
c:
g=1
sfte=192000
cF
cN
sD: 
dP
sP
end of file treatment


tOF : 09:48:19:191
wavfile=ECC_20181017_175650_501.wav
c:
g=1
sfte=192000
cF
cN
sD: 
dP
sP
end of file treatment


tOF : 09:48:19:255
wavfile=ECC_20181017_175732_363.wav
c:
g=1
sfte=192000
cF
cN
sD: 
dP
sP
end of file treatment


tOF : 09:48:19:319
wavfile=ECC_20181017_175806_955.wav
c:
g=1
sfte=192000
cF
cN
sD: 
dP
sP
end of file treatment


tOF : 09:48:19:383
wavfile=ECC_20181017_175836_125.wav
c:
g=1
sfte=192000
cF
cN
sD: 
dP
sP
end of file treatment


tOF : 09:48:19:461
wavfile=ECC_20181017_175916_001.wav
c:
g=1
sfte=192000
cF
cN
sD: 
dP
sP
end of file treatment


tOF : 09:48:19:581
wavfile=ECC_20181017_180005_879.wav
c:
g=1
sfte=192000
cF
cN
sD: 
dP
sP
end of file treatment


tOF : 09:48:19:869
wavfile=ECC_20181017_180225_244.wav
c:
g=1
sfte=192000
cF
cN
sD: 
dP
sP
end of file treatment


tOF : 09:48:19:942
wavfile=ECC_20181017_180621_565.wav
c:
g=1
sfte=192000
cF
cN
sD: 
dP
sP
end of file treatment


tOF : 09:48:20:115
wavfile=ECC_20181017_181124_776.wav
c:
g=1
sfte=192000
cF
cN
sD: 
dP
sP
end of file treatment


tOF : 09:48:20:187
wavfile=ECC_20181017_182754_208.wav
c:
g=1
sfte=192000
cF
cN
sD: 
dP
sP
end of file treatment


tOF : 09:48:20:269
wavfile=ECC_20181017_182839_371.wav
c:
g=1
sfte=192000
cF
cN
sD: 
dP
sP
end of file treatment


tOF : 09:48:20:337
wavfile=ECC_20181017_182954_916.wav
c:
g=1
sfte=192000
cF
cN
sD: 
dP
sP
end of file treatment


tOF : 09:48:20:398
wavfile=ECC_20181017_183131_808.wav
c:
g=1
sfte=192000
cF
cN
sD: 
dP
sP
end of file treatment


tOF : 09:48:20:466
wavfile=ECC_20181017_183401_615.wav
c:
g=1
sfte=192000
cF
cN
sD: 
dP
sP
end of file treatment


tOF : 09:48:20:536
wavfile=ECC_20181017_183646_675.wav
c:
g=1
sfte=192000
cF
cN
sD: 
dP
sP
end of file treatment


tOF : 09:48:20:613
wavfile=ECC_20181017_183732_509.wav
c:
g=1
sfte=192000
cF
cN
sD: 
dP
sP
end of file treatment


tOF : 09:48:20:680
wavfile=ECC_20181017_183837_451.wav
c:
g=1
sfte=192000
cF
cN
sD: 
dP
sP
end of file treatment


tOF : 09:48:20:742
wavfile=ECC_20181017_183944_547.wav
c:
g=1
sfte=192000
cF
cN
sD: 
dP
sP
end of file treatment


tOF : 09:48:20:811
wavfile=ECC_20181017_184024_829.wav
c:
g=1
sfte=192000
cF
cN
sD: 
dP
sP
end of file treatment


tOF : 09:48:20:884
wavfile=ECC_20181017_184103_036.wav
c:
g=1
sfte=192000
cF
cN
sD: 
dP
sP
end of file treatment


tOF : 09:48:20:948
wavfile=ECC_20181017_184142_803.wav
c:
g=1
sfte=192000
cF
cN
sD: 
dP
sP
end of file treatment


tOF : 09:48:21:019
wavfile=ECC_20181017_184215_072.wav
c:
g=1
sfte=192000
cF
cN
sD: 
dP
sP
end of file treatment


tOF : 09:48:21:096
wavfile=ECC_20181017_184248_929.wav
c:
g=1
sfte=192000
cF
cN
sD: 
dP
sP
end of file treatment


tOF : 09:48:21:218
wavfile=ECC_20181017_184315_481.wav
c:
g=1
sfte=192000
cF
cN
sD: 
dP
sP
end of file treatment


tOF : 09:48:21:284
wavfile=ECC_20181017_184355_675.wav
c:
g=1
sfte=192000
cF
cN
sD: 
dP
sP
end of file treatment


tOF : 09:48:21:350
wavfile=ECC_20181017_184434_441.wav
c:
g=1
sfte=192000
cF
cN
sD: 
dP
sP
end of file treatment


tOF : 09:48:21:403
wavfile=ECC_20181017_184507_656.wav
c:
g=1
sfte=192000
cF
cN
sD: 
dP
sP
end of file treatment


tOF : 09:48:21:469
wavfile=ECC_20181017_184544_451.wav
c:
g=1
sfte=192000
cF
cN
sD: 
dP
sP
end of file treatment


tOF : 09:48:21:532
wavfile=ECC_20181017_184623_153.wav
c:
g=1
sfte=192000
cF
cN
sD: 
dP
sP
end of file treatment


tOF : 09:48:21:610
wavfile=ECC_20181017_184703_841.wav
c:
g=1
sfte=192000
cF
cN
sD: 
dP
sP
end of file treatment


tOF : 09:48:21:671
wavfile=ECC_20181017_184744_459.wav
c:
g=1
sfte=192000
cF
cN
sD: 
dP
sP
end of file treatment


tOF : 09:48:21:730
wavfile=ECC_20181017_184831_953.wav
c:
g=1
sfte=192000
cF
cN
sD: 
dP
sP
end of file treatment


tOF : 09:48:21:801
wavfile=ECC_20181017_184912_207.wav
c:
g=1
sfte=192000
cF
cN
sD: 
dP
sP
end of file treatment


tOF : 09:48:21:870
wavfile=ECC_20181017_184956_295.wav
c:
g=1
sfte=192000
cF
cN
sD: 
dP
sP
end of file treatment


tOF : 09:48:21:932
wavfile=ECC_20181017_185107_084.wav
c:
g=1
sfte=192000
cF
cN
sD: 
dP
sP
end of file treatment


tOF : 09:48:21:990
wavfile=ECC_20181017_185150_317.wav
c:
g=1
sfte=192000
cF
cN
sD: 
dP
sP
end of file treatment


tOF : 09:48:22:054
wavfile=ECC_20181017_185534_027.wav
c:
g=1
sfte=192000
cF
cN
sD: 
dP
sP
end of file treatment


tOF : 09:48:22:119
wavfile=ECC_20181017_185610_184.wav
c:
g=1
sfte=192000
cF
cN
sD: 
dP
sP
end of file treatment


tOF : 09:48:22:187
wavfile=ECC_20181017_190118_892.wav
c:
g=1
sfte=192000
cF
cN
sD: 
dP
sP
end of file treatment


tOF : 09:48:22:245
wavfile=ECC_20181017_190239_285.wav
c:
g=1
sfte=192000
cF
cN
sD: 
dP
sP
end of file treatment


tOF : 09:48:22:466
wavfile=ECC_20181017_191052_084.wav
c:
g=1
sfte=192000
cF
cN
sD: 
dP
sP
end of file treatment


tOF : 09:48:22:541
wavfile=ECC_20181017_191149_887.wav
c:
g=1
sfte=192000
cF
cN
sD: 
dP
sP
end of file treatment


tOF : 09:48:22:598
wavfile=ECC_20181017_191231_219.wav
c:
g=1
sfte=192000
cF
cN
sD: 
dP
sP
end of file treatment


tOF : 09:48:22:663
wavfile=ECC_20181017_191342_316.wav
c:
g=1
sfte=192000
cF
cN
sD: 
dP
sP
end of file treatment


tOF : 09:48:22:728
wavfile=ECC_20181017_191518_689.wav
c:
g=1
sfte=192000
cF
cN
sD: 
dP
sP
end of file treatment


tOF : 09:48:22:791
wavfile=ECC_20181017_192310_535.wav
c:
g=1
sfte=192000
cF
cN
sD: 
dP
sP
end of file treatment


tOF : 09:48:22:858
wavfile=ECC_20181017_192343_248.wav
c:
g=1
sfte=192000
cF
cN
sD: 
dP
sP
end of file treatment


tOF : 09:48:22:917
wavfile=ECC_20181017_192413_111.wav
c:
g=1
sfte=192000
cF
cN
sD: 
dP
sP
end of file treatment


tOF : 09:48:22:983
wavfile=ECC_20181017_192516_673.wav
c:
g=1
sfte=192000
cF
cN
sD: 
dP
sP
end of file treatment


tOF : 09:48:23:047
wavfile=ECC_20181017_192609_669.wav
c:
g=1
sfte=192000
cF
cN
sD: 
dP
sP
end of file treatment


tOF : 09:48:23:128
wavfile=ECC_20181017_192920_619.wav
c:
g=1
sfte=192000
cF
cN
sD: 
dP
sP
end of file treatment


tOF : 09:48:23:187
wavfile=ECC_20181017_193038_781.wav
c:
g=1
sfte=192000
cF
cN
sD: 
dP
sP
end of file treatment


tOF : 09:48:23:248
wavfile=ECC_20181017_193220_503.wav
c:
g=1
sfte=192000
cF
cN
sD: 
dP
sP
end of file treatment


tOF : 09:48:23:311
wavfile=ECC_20181017_193314_563.wav
c:
g=1
sfte=192000
cF
cN
sD: 
dP
sP
end of file treatment


tOF : 09:48:23:370
wavfile=ECC_20181017_193350_428.wav
c:
g=1
sfte=192000
cF
cN
sD: 
dP
sP
end of file treatment


tOF : 09:48:23:431
wavfile=ECC_20181017_193428_040.wav
c:
g=1
sfte=192000
cF
cN
sD: 
dP
sP
end of file treatment


tOF : 09:48:23:494
wavfile=ECC_20181017_193501_685.wav
c:
g=1
sfte=192000
cF
cN
sD: 
dP
sP
end of file treatment


tOF : 09:48:23:552
wavfile=ECC_20181017_193553_417.wav
c:
g=1
sfte=192000
cF
cN
sD: 
dP
sP
end of file treatment


tOF : 09:48:23:685
wavfile=ECC_20181017_193658_244.wav
c:
g=1
sfte=192000
cF
cN
sD: 
dP
sP
end of file treatment


tOF : 09:48:23:741
wavfile=ECC_20181017_193730_072.wav
c:
g=1
sfte=192000
cF
cN
sD: 
dP
sP
end of file treatment


tOF : 09:48:23:834
wavfile=ECC_20181017_193803_193.wav
c:
g=1
sfte=192000
cF
cN
sD: 
dP
sP
end of file treatment


tOF : 09:48:23:891
wavfile=ECC_20181017_193845_395.wav
c:
g=1
sfte=192000
cF
cN
sD: 
dP
sP
end of file treatment


tOF : 09:48:23:949
wavfile=ECC_20181017_194003_415.wav
c:
g=1
sfte=192000
cF
cN
sD: 
dP
sP
end of file treatment


tOF : 09:48:24:032
wavfile=ECC_20181017_194041_532.wav
c:
g=1
sfte=192000
cF
cN
sD: 
dP
sP
end of file treatment


tOF : 09:48:24:086
wavfile=ECC_20181017_194115_808.wav
c:
g=1
sfte=192000
cF
cN
sD: 
dP
sP
end of file treatment


tOF : 09:48:24:178
wavfile=ECC_20181017_194148_304.wav
c:
g=1
sfte=192000
cF
cN
sD: 
dP
sP
end of file treatment


tOF : 09:48:24:242
wavfile=ECC_20181017_194208_509.wav
c:
g=1
sfte=192000
cF
cN
sD: 
dP
sP
end of file treatment


tOF : 09:48:24:305
wavfile=ECC_20181017_194238_101.wav
c:
g=1
sfte=192000
cF
cN
sD: 
dP
sP
end of file treatment


tOF : 09:48:24:372
wavfile=ECC_20181017_194308_951.wav
c:
g=1
sfte=192000
cF
cN
sD: 
dP
sP
end of file treatment


tOF : 09:48:24:442
wavfile=ECC_20181017_194341_867.wav
c:
g=1
sfte=192000
cF
cN
sD: 
dP
sP
end of file treatment


tOF : 09:48:24:504
wavfile=ECC_20181017_194416_256.wav
c:
g=1
sfte=192000
cF
cN
sD: 
dP
sP
end of file treatment


tOF : 09:48:24:565
wavfile=ECC_20181017_194446_509.wav
c:
g=1
sfte=192000
cF
cN
sD: 
dP
sP
end of file treatment


tOF : 09:48:24:622
wavfile=ECC_20181017_194518_441.wav
c:
g=1
sfte=192000
cF
cN
sD: 
dP
sP
end of file treatment


tOF : 09:48:24:685
wavfile=ECC_20181017_194601_305.wav
c:
g=1
sfte=192000
cF
cN
sD: 
dP
sP
end of file treatment


tOF : 09:48:24:747
wavfile=ECC_20181017_194639_177.wav
c:
g=1
sfte=192000
cF
cN
sD: 
dP
sP
end of file treatment


tOF : 09:48:24:813
wavfile=ECC_20181017_194723_348.wav
c:
g=1
sfte=192000
cF
cN
sD: 
dP
sP
end of file treatment


tOF : 09:48:24:868
wavfile=ECC_20181017_194922_540.wav
c:
g=1
sfte=192000
cF
cN
sD: 
dP
sP
end of file treatment


tOF : 09:48:24:922
wavfile=ECC_20181017_194956_184.wav
c:
g=1
sfte=192000
cF
cN
sD: 
dP
sP
end of file treatment


tOF : 09:48:24:986
wavfile=ECC_20181017_195037_645.wav
c:
g=1
sfte=192000
cF
cN
sD: 
dP
sP
end of file treatment


tOF : 09:48:25:046
wavfile=ECC_20181017_195110_313.wav
c:
g=1
sfte=192000
cF
cN
sD: 
dP
sP
end of file treatment


tOF : 09:48:25:121
wavfile=ECC_20181017_195142_415.wav
c:
g=1
sfte=192000
cF
cN
sD: 
dP
sP
end of file treatment


tOF : 09:48:25:201
wavfile=ECC_20181017_195215_424.wav
c:
g=1
sfte=192000
cF
cN
sD: 
dP
sP
end of file treatment


tOF : 09:48:25:262
wavfile=ECC_20181017_195248_099.wav
c:
g=1
sfte=192000
cF
cN
sD: 
dP
sP
end of file treatment


tOF : 09:48:25:324
wavfile=ECC_20181017_195322_621.wav
c:
g=1
sfte=192000
cF
cN
sD: 
dP
sP
end of file treatment


tOF : 09:48:25:383
wavfile=ECC_20181017_195355_743.wav
c:
g=1
sfte=192000
cF
cN
sD: 
dP
sP
end of file treatment


tOF : 09:48:25:438
wavfile=ECC_20181017_195426_481.wav
c:
g=1
sfte=192000
cF
cN
sD: 
dP
sP
end of file treatment


tOF : 09:48:25:522
wavfile=ECC_20181017_195500_792.wav
c:
g=1
sfte=192000
cF
cN
sD: 
dP
sP
end of file treatment


tOF : 09:48:25:580
wavfile=ECC_20181017_195535_239.wav
c:
g=1
sfte=192000
cF
cN
sD: 
dP
sP
end of file treatment


tOF : 09:48:25:682
wavfile=ECC_20181017_195611_872.wav
c:
g=1
sfte=192000
cF
cN
sD: 
dP
sP
end of file treatment


tOF : 09:48:25:746
wavfile=ECC_20181017_195648_847.wav
c:
g=1
sfte=192000
cF
cN
sD: 
dP
sP
end of file treatment


tOF : 09:48:25:818
wavfile=ECC_20181017_195727_808.wav
c:
g=1
sfte=192000
cF
cN
sD: 
dP
sP
end of file treatment


tOF : 09:48:25:892
wavfile=ECC_20181017_195803_119.wav
c:
g=1
sfte=192000
cF
cN
sD: 
dP
sP
end of file treatment


tOF : 09:48:25:955
wavfile=ECC_20181017_195843_037.wav
c:
g=1
sfte=192000
cF
cN
sD: 
dP
sP
end of file treatment


tOF : 09:48:26:043
wavfile=ECC_20181017_195914_939.wav
c:
g=1
sfte=192000
cF
cN
sD: 
dP
sP
end of file treatment


tOF : 09:48:26:110
wavfile=ECC_20181017_195951_716.wav
c:
g=1
sfte=192000
cF
cN
sD: 
dP
sP
end of file treatment


tOF : 09:48:26:227
wavfile=ECC_20181017_200045_305.wav
c:
g=1
sfte=192000
cF
cN
sD: 
dP
sP
end of file treatment


tOF : 09:48:26:298
wavfile=ECC_20181017_200125_631.wav
c:
g=1
sfte=192000
cF
cN
sD: 
dP
sP
end of file treatment


tOF : 09:48:26:354
wavfile=ECC_20181017_200201_599.wav
c:
g=1
sfte=192000
cF
cN
sD: 
dP
sP
end of file treatment


tOF : 09:48:26:438
wavfile=ECC_20181017_200241_861.wav
c:
g=1
sfte=192000
cF
cN
sD: 
dP
sP
end of file treatment


tOF : 09:48:26:522
wavfile=ECC_20181017_200315_277.wav
c:
g=1
sfte=192000
cF
cN
sD: 
dP
sP
end of file treatment


tOF : 09:48:26:593
wavfile=ECC_20181017_200349_815.wav
c:
g=1
sfte=192000
cF
cN
sD: 
dP
sP
end of file treatment


tOF : 09:48:26:672
wavfile=ECC_20181017_200420_927.wav
c:
g=1
sfte=192000
cF
cN
sD: 
dP
sP
end of file treatment


tOF : 09:48:26:736
wavfile=ECC_20181017_200453_759.wav
c:
g=1
sfte=192000
cF
cN
sD: 
dP
sP
end of file treatment


tOF : 09:48:26:796
wavfile=ECC_20181017_200531_144.wav
c:
g=1
sfte=192000
cF
cN
sD: 
dP
sP
end of file treatment


tOF : 09:48:26:873
wavfile=ECC_20181017_200603_937.wav
c:
g=1
sfte=192000
cF
cN
sD: 
dP
sP
end of file treatment


tOF : 09:48:26:953
wavfile=ECC_20181017_200636_221.wav
c:
g=1
sfte=192000
cF
cN
sD: 
dP
sP
end of file treatment


tOF : 09:48:27:026
wavfile=ECC_20181017_200710_449.wav
c:
g=1
sfte=192000
cF
cN
sD: 
dP
sP
end of file treatment


tOF : 09:48:27:087
wavfile=ECC_20181017_200741_347.wav
c:
g=1
sfte=192000
cF
cN
sD: 
dP
sP
end of file treatment


tOF : 09:48:27:148
wavfile=ECC_20181017_200816_800.wav
c:
g=1
sfte=192000
cF
cN
sD: 
dP
sP
end of file treatment


tOF : 09:48:27:213
wavfile=ECC_20181017_200846_389.wav
c:
g=1
sfte=192000
cF
cN
sD: 
dP
sP
end of file treatment


tOF : 09:48:27:273
wavfile=ECC_20181017_200916_360.wav
c:
g=1
sfte=192000
cF
cN
sD: 
dP
sP
end of file treatment


tOF : 09:48:27:351
wavfile=ECC_20181017_200949_151.wav
c:
g=1
sfte=192000
cF
cN
sD: 
dP
sP
end of file treatment


tOF : 09:48:27:418
wavfile=ECC_20181017_201019_487.wav
c:
g=1
sfte=192000
cF
cN
sD: 
dP
sP
end of file treatment


tOF : 09:48:27:481
wavfile=ECC_20181017_201050_177.wav
c:
g=1
sfte=192000
cF
cN
sD: 
dP
sP
end of file treatment


tOF : 09:48:27:548
wavfile=ECC_20181017_201123_220.wav
c:
g=1
sfte=192000
cF
cN
sD: 
dP
sP
end of file treatment


tOF : 09:48:27:622
wavfile=ECC_20181017_201155_293.wav
c:
g=1
sfte=192000
cF
cN
sD: 
dP
sP
end of file treatment


tOF : 09:48:27:694
wavfile=ECC_20181017_201227_647.wav
c:
g=1
sfte=192000
cF
cN
sD: 
dP
sP
end of file treatment


tOF : 09:48:27:769
wavfile=ECC_20181017_201303_316.wav
c:
g=1
sfte=192000
cF
cN
sD: 
dP
sP
end of file treatment


tOF : 09:48:27:838
wavfile=ECC_20181017_201342_872.wav
c:
g=1
sfte=192000
cF
cN
sD: 
dP
sP
end of file treatment


tOF : 09:48:27:899
wavfile=ECC_20181017_201422_003.wav
c:
g=1
sfte=192000
cF
cN
sD: 
dP
sP
end of file treatment


tOF : 09:48:27:966
wavfile=ECC_20181017_201456_596.wav
c:
g=1
sfte=192000
cF
cN
sD: 
dP
sP
end of file treatment


tOF : 09:48:28:027
wavfile=ECC_20181017_201541_801.wav
c:
g=1
sfte=192000
cF
cN
sD: 
dP
sP
end of file treatment


tOF : 09:48:28:093
wavfile=ECC_20181017_201625_299.wav
c:
g=1
sfte=192000
cF
cN
sD: 
dP
sP
end of file treatment


tOF : 09:48:28:182
wavfile=ECC_20181017_201707_235.wav
c:
g=1
sfte=192000
cF
cN
sD: 
dP
sP
end of file treatment


tOF : 09:48:28:250
wavfile=ECC_20181017_201743_276.wav
c:
g=1
sfte=192000
cF
cN
sD: 
dP
sP
end of file treatment


tOF : 09:48:28:315
wavfile=ECC_20181017_201817_708.wav
c:
g=1
sfte=192000
cF
cN
sD: 
dP
sP
end of file treatment


tOF : 09:48:28:375
wavfile=ECC_20181017_201902_749.wav
c:
g=1
sfte=192000
cF
cN
sD: 
dP
sP
end of file treatment


tOF : 09:48:28:436
wavfile=ECC_20181017_201942_343.wav
c:
g=1
sfte=192000
cF
cN
sD: 
dP
sP
end of file treatment


tOF : 09:48:28:497
wavfile=ECC_20181017_202025_251.wav
c:
g=1
sfte=192000
cF
cN
sD: 
dP
sP
end of file treatment


tOF : 09:48:28:559
wavfile=ECC_20181017_202108_253.wav
c:
g=1
sfte=192000
cF
cN
sD: 
dP
sP
end of file treatment


tOF : 09:48:28:638
wavfile=ECC_20181017_202146_296.wav
c:
g=1
sfte=192000
cF
cN
sD: 
dP
sP
end of file treatment


tOF : 09:48:28:753
wavfile=ECC_20181017_202224_668.wav
c:
g=1
sfte=192000
cF
cN
sD: 
dP
sP
end of file treatment


tOF : 09:48:28:817
wavfile=ECC_20181017_202302_971.wav
c:
g=1
sfte=192000
cF
cN
sD: 
dP
sP
end of file treatment


tOF : 09:48:28:877
wavfile=ECC_20181017_202337_796.wav
c:
g=1
sfte=192000
cF
cN
sD: 
dP
sP
end of file treatment


tOF : 09:48:28:937
wavfile=ECC_20181017_202424_572.wav
c:
g=1
sfte=192000
cF
cN
sD: 
dP
sP
end of file treatment


tOF : 09:48:29:000
wavfile=ECC_20181017_202516_335.wav
c:
g=1
sfte=192000
cF
cN
sD: 
dP
sP
end of file treatment


tOF : 09:48:29:061
wavfile=ECC_20181017_202645_088.wav
c:
g=1
sfte=192000
cF
cN
sD: 
dP
sP
end of file treatment


tOF : 09:48:29:124
wavfile=ECC_20181017_202723_025.wav
c:
g=1
sfte=192000
cF
cN
sD: 
dP
sP
end of file treatment


tOF : 09:48:29:205
wavfile=ECC_20181017_202813_251.wav
c:
g=1
sfte=192000
cF
cN
sD: 
dP
sP
end of file treatment


tOF : 09:48:29:268
wavfile=ECC_20181017_202907_721.wav
c:
g=1
sfte=192000
cF
cN
sD: 
dP
sP
end of file treatment


tOF : 09:48:29:342
wavfile=ECC_20181017_202939_932.wav
c:
g=1
sfte=192000
cF
cN
sD: 
dP
sP
end of file treatment


tOF : 09:48:29:406
wavfile=ECC_20181017_203023_808.wav
c:
g=1
sfte=192000
cF
cN
sD: 
dP
sP
end of file treatment


tOF : 09:48:29:473
wavfile=ECC_20181017_203115_297.wav
c:
g=1
sfte=192000
cF
cN
sD: 
dP
sP
end of file treatment


tOF : 09:48:29:529
wavfile=ECC_20181017_203229_684.wav
c:
g=1
sfte=192000
cF
cN
sD: 
dP
sP
end of file treatment


tOF : 09:48:29:593
wavfile=ECC_20181017_203314_557.wav
c:
g=1
sfte=192000
cF
cN
sD: 
dP
sP
end of file treatment


tOF : 09:48:29:649
wavfile=ECC_20181017_203347_861.wav
c:
g=1
sfte=192000
cF
cN
sD: 
dP
sP
end of file treatment


tOF : 09:48:29:709
wavfile=ECC_20181017_203422_168.wav
c:
g=1
sfte=192000
cF
cN
sD: 
dP
sP
end of file treatment


tOF : 09:48:29:779
wavfile=ECC_20181017_203504_149.wav
c:
g=1
sfte=192000
cF
cN
sD: 
dP
sP
end of file treatment


tOF : 09:48:29:832
wavfile=ECC_20181017_203539_931.wav
c:
g=1
sfte=192000
cF
cN
sD: 
dP
sP
end of file treatment


tOF : 09:48:29:894
wavfile=ECC_20181017_203615_124.wav
c:
g=1
sfte=192000
cF
cN
sD: 
dP
sP
end of file treatment


tOF : 09:48:29:958
wavfile=ECC_20181017_203932_379.wav
c:
g=1
sfte=192000
cF
cN
sD: 
dP
sP
end of file treatment


tOF : 09:48:30:018
wavfile=ECC_20181017_204009_664.wav
c:
g=1
sfte=192000
cF
cN
sD: 
dP
sP
end of file treatment


tOF : 09:48:30:070
wavfile=ECC_20181017_204046_745.wav
c:
g=1
sfte=192000
cF
cN
sD: 
dP
sP
end of file treatment


tOF : 09:48:30:138
wavfile=ECC_20181017_204119_388.wav
c:
g=1
sfte=192000
cF
cN
sD: 
dP
sP
end of file treatment


tOF : 09:48:30:202
wavfile=ECC_20181017_204211_831.wav
c:
g=1
sfte=192000
cF
cN
sD: 
dP
sP
end of file treatment


tOF : 09:48:30:269
wavfile=ECC_20181017_204251_060.wav
c:
g=1
sfte=192000
cF
cN
sD: 
dP
sP
end of file treatment


tOF : 09:48:30:332
wavfile=ECC_20181017_204402_765.wav
c:
g=1
sfte=192000
cF
cN
sD: 
dP
sP
end of file treatment


tOF : 09:48:30:399
wavfile=ECC_20181017_204504_589.wav
c:
g=1
sfte=192000
cF
cN
sD: 
dP
sP
end of file treatment


tOF : 09:48:30:458
wavfile=ECC_20181017_204543_217.wav
c:
g=1
sfte=192000
cF
cN
sD: 
dP
sP
end of file treatment


tOF : 09:48:30:531
wavfile=ECC_20181017_204618_475.wav
c:
g=1
sfte=192000
cF
cN
sD: 
dP
sP
end of file treatment


tOF : 09:48:30:603
wavfile=ECC_20181017_204651_776.wav
c:
g=1
sfte=192000
cF
cN
sD: 
dP
sP
end of file treatment


tOF : 09:48:30:664
wavfile=ECC_20181017_204740_960.wav
c:
g=1
sfte=192000
cF
cN
sD: 
dP
sP
end of file treatment


tOF : 09:48:30:740
wavfile=ECC_20181017_204817_971.wav
c:
g=1
sfte=192000
cF
cN
sD: 
dP
sP
end of file treatment


tOF : 09:48:30:809
wavfile=ECC_20181017_204851_136.wav
c:
g=1
sfte=192000
cF
cN
sD: 
dP
sP
end of file treatment


tOF : 09:48:30:894
wavfile=ECC_20181017_204925_235.wav
c:
g=1
sfte=192000
cF
cN
sD: 
dP
sP
end of file treatment


tOF : 09:48:30:954
wavfile=ECC_20181017_205000_944.wav
c:
g=1
sfte=192000
cF
cN
sD: 
dP
sP
end of file treatment


tOF : 09:48:31:011
wavfile=ECC_20181017_205034_464.wav
c:
g=1
sfte=192000
cF
cN
sD: 
dP
sP
end of file treatment


tOF : 09:48:31:088
wavfile=ECC_20181017_205113_113.wav
c:
g=1
sfte=192000
cF
cN
sD: 
dP
sP
end of file treatment


tOF : 09:48:31:165
wavfile=ECC_20181017_205149_328.wav
c:
g=1
sfte=192000
cF
cN
sD: 
dP
sP
end of file treatment


tOF : 09:48:31:288
wavfile=ECC_20181017_205228_256.wav
c:
g=1
sfte=192000
cF
cN
sD: 
dP
sP
end of file treatment


tOF : 09:48:31:356
wavfile=ECC_20181017_205315_715.wav
c:
g=1
sfte=192000
cF
cN
sD: 
dP
sP
end of file treatment


tOF : 09:48:31:423
wavfile=ECC_20181017_205350_621.wav
c:
g=1
sfte=192000
cF
cN
sD: 
dP
sP
end of file treatment


tOF : 09:48:31:485
wavfile=ECC_20181017_205535_220.wav
c:
g=1
sfte=192000
cF
cN
sD: 
dP
sP
end of file treatment


tOF : 09:48:31:552
wavfile=ECC_20181017_205606_039.wav
c:
g=1
sfte=192000
cF
cN
sD: 
dP
sP
end of file treatment


tOF : 09:48:31:638
wavfile=ECC_20181017_205714_448.wav
c:
g=1
sfte=192000
cF
cN
sD: 
dP
sP
end of file treatment


tOF : 09:48:31:723
wavfile=ECC_20181017_205754_484.wav
c:
g=1
sfte=192000
cF
cN
sD: 
dP
sP
end of file treatment


tOF : 09:48:31:786
wavfile=ECC_20181017_210119_204.wav
c:
g=1
sfte=192000
cF
cN
sD: 
dP
sP
end of file treatment


tOF : 09:48:31:867
wavfile=ECC_20181017_210155_736.wav
c:
g=1
sfte=192000
cF
cN
sD: 
dP
sP
end of file treatment


tOF : 09:48:31:940
wavfile=ECC_20181017_210230_973.wav
c:
g=1
sfte=192000
cF
cN
sD: 
dP
sP
end of file treatment


tOF : 09:48:32:000
wavfile=ECC_20181017_210303_009.wav
c:
g=1
sfte=192000
cF
cN
sD: 
dP
sP
end of file treatment


tOF : 09:48:32:067
wavfile=ECC_20181017_210336_113.wav
c:
g=1
sfte=192000
cF
cN
sD: 
dP
sP
end of file treatment


tOF : 09:48:32:134
wavfile=ECC_20181017_210424_503.wav
c:
g=1
sfte=192000
cF
cN
sD: 
dP
sP
end of file treatment


tOF : 09:48:32:196
wavfile=ECC_20181017_210606_793.wav
c:
g=1
sfte=192000
cF
cN
sD: 
dP
sP
end of file treatment


tOF : 09:48:32:253
wavfile=ECC_20181017_210839_272.wav
c:
g=1
sfte=192000
cF
cN
sD: 
dP
sP
end of file treatment


tOF : 09:48:32:316
wavfile=ECC_20181017_211614_383.wav
c:
g=1
sfte=192000
cF
cN
sD: 
dP
sP
end of file treatment


tOF : 09:48:32:382
wavfile=ECC_20181017_212323_504.wav
c:
g=1
sfte=192000
cF
cN
sD: 
dP
sP
end of file treatment


tOF : 09:48:32:450
wavfile=ECC_20181017_212451_565.wav
c:
g=1
sfte=192000
cF
cN
sD: 
dP
sP
end of file treatment


tOF : 09:48:32:513
wavfile=ECC_20181017_214028_159.wav
c:
g=1
sfte=192000
cF
cN
sD: 
dP
sP
end of file treatment


tOF : 09:48:32:581
wavfile=ECC_20181017_214101_729.wav
c:
g=1
sfte=192000
cF
cN
sD: 
dP
sP
end of file treatment


tOF : 09:48:32:647
wavfile=ECC_20181017_214133_148.wav
c:
g=1
sfte=192000
cF
cN
sD: 
dP
sP
end of file treatment


tOF : 09:48:32:716
wavfile=ECC_20181017_214209_349.wav
c:
g=1
sfte=192000
cF
cN
sD: 
dP
sP
end of file treatment


tOF : 09:48:32:779
wavfile=ECC_20181017_214243_143.wav
c:
g=1
sfte=192000
cF
cN
sD: 
dP
sP
end of file treatment


tOF : 09:48:32:847
wavfile=ECC_20181017_214346_351.wav
c:
g=1
sfte=192000
cF
cN
sD: 
dP
sP
end of file treatment


tOF : 09:48:32:918
wavfile=ECC_20181017_214422_087.wav
c:
g=1
sfte=192000
cF
cN
sD: 
dP
sP
end of file treatment


tOF : 09:48:32:977
wavfile=ECC_20181017_214454_417.wav
c:
g=1
sfte=192000
cF
cN
sD: 
dP
sP
end of file treatment


tOF : 09:48:33:043
wavfile=ECC_20181017_214535_128.wav
c:
g=1
sfte=192000
cF
cN
sD: 
dP
sP
end of file treatment


tOF : 09:48:33:106
wavfile=ECC_20181017_214616_848.wav
c:
g=1
sfte=192000
cF
cN
sD: 
dP
sP
end of file treatment


tOF : 09:48:33:184
wavfile=ECC_20181017_214802_732.wav
c:
g=1
sfte=192000
cF
cN
sD: 
dP
sP
end of file treatment


tOF : 09:48:33:249
wavfile=ECC_20181017_214904_212.wav
c:
g=1
sfte=192000
cF
cN
sD: 
dP
sP
end of file treatment


tOF : 09:48:33:315
wavfile=ECC_20181017_215041_627.wav
c:
g=1
sfte=192000
cF
cN
sD: 
dP
sP
end of file treatment


tOF : 09:48:33:383
wavfile=ECC_20181017_232042_211.wav
c:
g=1
sfte=192000
cF
cN
sD: 
dP
sP
end of file treatment


tOF : 09:48:33:510
wavfile=ECC_20181018_012404_000.wav
c:
g=1
sfte=192000
cF
cN
sD: 
dP
sP
end of file treatment


tOF : 09:48:33:576
wavfile=ECC_20181018_023152_652.wav
c:
g=1
sfte=192000
cF
cN
sD: 
dP
sP
end of file treatment


tOF : 09:48:33:640
wavfile=ECC_20181018_025525_185.wav
c:
g=1
sfte=192000
cF
cN
sD: 
dP
sP
end of file treatment


tOF : 09:48:33:721
wavfile=ECC_20181018_030143_484.wav
c:
g=1
sfte=192000
cF
cN
sD: 
dP
sP
end of file treatment


tOF : 09:48:33:829
wavfile=ECC_20181018_030301_171.wav
c:
g=1
sfte=192000
cF
cN
sD: 
dP
sP
end of file treatment


tOF : 09:48:33:885
wavfile=ECC_20181018_030649_719.wav
c:
g=1
sfte=192000
cF
cN
sD: 
dP
sP
end of file treatment


tOF : 09:48:33:948
wavfile=ECC_20181018_031317_067.wav
c:
g=1
sfte=192000
cF
cN
sD: 
dP
sP
end of file treatment


tOF : 09:48:34:011
wavfile=ECC_20181018_032511_685.wav
c:
g=1
sfte=192000
cF
cN
sD: 
dP
sP
end of file treatment


tOF : 09:48:34:080
wavfile=ECC_20181018_043401_983.wav
c:
g=1
sfte=192000
cF
cN
sD: 
dP
sP
end of file treatment


tOF : 09:48:34:134
wavfile=ECC_20181018_043649_971.wav
c:
g=1
sfte=192000
cF
cN
sD: 
dP
sP
end of file treatment


tOF : 09:48:34:200
wavfile=ECC_20181018_044126_987.wav
c:
g=1
sfte=192000
cF
cN
sD: 
dP
sP
end of file treatment


tOF : 09:48:34:267
wavfile=ECC_20181018_044211_028.wav
c:
g=1
sfte=192000
cF
cN
sD: 
dP
sP
end of file treatment


tOF : 09:48:34:340
wavfile=ECC_20181018_044805_583.wav
c:
g=1
sfte=192000
cF
cN
sD: 
dP
sP
end of file treatment


tOF : 09:48:34:395
wavfile=ECC_20181018_044952_812.wav
c:
g=1
sfte=192000
cF
cN
sD: 
dP
sP
end of file treatment


tOF : 09:48:34:462
wavfile=ECC_20181018_045046_225.wav
c:
g=1
sfte=192000
cF
cN
sD: 
dP
sP
end of file treatment


tOF : 09:48:34:522
wavfile=ECC_20181018_045153_851.wav
c:
g=1
sfte=192000
cF
cN
sD: 
dP
sP
end of file treatment


tOF : 09:48:34:576
wavfile=ECC_20181018_045404_000.wav
c:
g=1
sfte=192000
cF
cN
sD: 
dP
sP
end of file treatment


tOF : 09:48:34:634
wavfile=ECC_20181018_045615_585.wav
c:
g=1
sfte=192000
cF
cN
sD: 
dP
sP
end of file treatment


tOF : 09:48:34:690
wavfile=ECC_20181018_050048_407.wav
c:
g=1
sfte=192000
cF
cN
sD: 
dP
sP
end of file treatment


tOF : 09:48:34:759
wavfile=ECC_20181018_050257_248.wav
c:
g=1
sfte=192000
cF
cN
sD: 
dP
sP
end of file treatment


tOF : 09:48:34:832
wavfile=ECC_20181018_050340_123.wav
c:
g=1
sfte=192000
cF
cN
sD: 
dP
sP
end of file treatment


tOF : 09:48:34:905
wavfile=ECC_20181018_050418_921.wav
c:
g=1
sfte=192000
cF
cN
sD: 
dP
sP
end of file treatment


tOF : 09:48:34:966
wavfile=ECC_20181018_050521_800.wav
c:
g=1
sfte=192000
cF
cN
sD: 
dP
sP
end of file treatment


tOF : 09:48:35:020
wavfile=ECC_20181018_050738_392.wav
c:
g=1
sfte=192000
cF
cN
sD: 
dP
sP
end of file treatment


tOF : 09:48:35:080
wavfile=ECC_20181018_050823_683.wav
c:
g=1
sfte=192000
cF
cN
sD: 
dP
sP
end of file treatment


tOF : 09:48:35:132
wavfile=ECC_20181018_050936_793.wav
c:
g=1
sfte=192000
cF
cN
sD: 
dP
sP
end of file treatment


tOF : 09:48:35:188
wavfile=ECC_20181018_051026_680.wav
c:
g=1
sfte=192000
cF
cN
sD: 
dP
sP
end of file treatment


tOF : 09:48:35:287
wavfile=ECC_20181018_051610_591.wav
c:
g=1
sfte=192000
cF
cN
sD: 
dP
sP
end of file treatment


tOF : 09:48:35:345
wavfile=ECC_20181018_052404_000.wav
c:
g=1
sfte=192000
cF
cN
sD: 
dP
sP
end of file treatment


tOF : 09:48:35:419
wavfile=ECC_20181018_052608_636.wav
c:
g=1
sfte=192000
cF
cN
sD: 
dP
sP
end of file treatment


tOF : 09:48:35:487
wavfile=ECC_20181018_052704_316.wav
c:
g=1
sfte=192000
cF
cN
sD: 
dP
sP
end of file treatment


tOF : 09:48:35:563
wavfile=ECC_20181018_052803_009.wav
c:
g=1
sfte=192000
cF
cN
sD: 
dP
sP
end of file treatment


tOF : 09:48:35:624
wavfile=ECC_20181018_053221_784.wav
c:
g=1
sfte=192000
cF
cN
sD: 
dP
sP
end of file treatment


tOF : 09:48:35:688
wavfile=ECC_20181018_053300_317.wav
c:
g=1
sfte=192000
cF
cN
sD: 
dP
sP
end of file treatment


tOF : 09:48:35:777
wavfile=ECC_20181018_053458_453.wav
c:
g=1
sfte=192000
cF
cN
sD: 
dP
sP
end of file treatment


tOF : 09:48:35:842
wavfile=ECC_20181018_053639_007.wav
c:
g=1
sfte=192000
cF
cN
sD: 
dP
sP
end of file treatment


tOF : 09:48:35:919
wavfile=ECC_20181018_055404_000.wav
c:
g=1
sfte=192000
cF
cN
sD: 
dP
sP
end of file treatment


tOF : 09:48:35:975
wavfile=ECC_20181018_065354_008.wav
c:
g=1
sfte=192000
cF
cN
sD: 
dP
sP
end of file treatment


tOF : 09:48:36:058
wavfile=ECC_20181018_182204_000.wav
c:
g=1
sfte=192000
cF
cN
sD: 
dP
sP
end of file treatment


tOF : 09:48:36:123
wavfile=ECC_20181018_212204_000.wav
c:
g=1
sfte=192000
cF
cN
sD: 
dP
sP
end of file treatment


tOF : 09:48:36:176
wavfile=ECC_20181019_002211_000.wav
c:
g=1
sfte=192000
cF
cN
sD: 
dP
sP
end of file treatment


tOF : 09:48:36:243
wavfile=ECC_20181019_025204_000.wav
c:
g=1
sfte=192000
cF
cN
sD: 
dP
sP
end of file treatment


tOF : 09:48:36:363
wavfile=ECC_20181019_055204_000.wav
c:
g=1
sfte=192000
cF
cN
sD: 
dP
sP
end of file treatment


tOF : 09:48:36:426
wavfile=ECC_20181019_173124_620.wav
c:
g=1
sfte=192000
cF
cN
sD: 
dP
sP
end of file treatment


tOF : 09:48:36:484
wavfile=ECC_20181019_195004_000.wav
c:
g=1
sfte=192000
cF
cN
sD: 
dP
sP
end of file treatment


tOF : 09:48:36:561
wavfile=ECC_20181019_225004_000.wav
c:
g=1
sfte=192000
cF
cN
sD: 
dP
sP
end of file treatment


tOF : 09:48:36:636
wavfile=ECC_20181020_015004_000.wav
c:
g=1
sfte=192000
cF
cN
sD: 
dP
sP
end of file treatment


tOF : 09:48:36:697
wavfile=ECC_20181020_045004_000.wav
c:
g=1
sfte=192000
cF
cN
sD: 
dP
sP
end of file treatment


tOF : 09:48:36:790
wavfile=ECC_20181020_164802_000.wav
c:
g=1
sfte=192000
cF
cN
sD: 
dP
sP
end of file treatment


tOF : 09:48:36:849
wavfile=ECC_20181020_173835_047.wav
c:
g=1
sfte=192000
cF
cN
sD: 
dP
sP
end of file treatment


tOF : 09:48:36:925
wavfile=ECC_20181020_191804_000.wav
c:
g=1
sfte=192000
cF
cN
sD: 
dP
sP
end of file treatment


tOF : 09:48:36:984
wavfile=ECC_20181020_221804_000.wav
c:
g=1
sfte=192000
cF
cN
sD: 
dP
sP
end of file treatment


tOF : 09:48:37:040
wavfile=ECC_20181021_011804_000.wav
c:
g=1
sfte=192000
cF
cN
sD: 
dP
sP
end of file treatment


tOF : 09:48:37:102
wavfile=ECC_20181021_041812_000.wav
c:
g=1
sfte=192000
cF
cN
sD: 
dP
sP
end of file treatment


tOF : 09:48:37:167
wavfile=ECC_20181021_161600_000.wav
c:
g=1
sfte=192000
cF
cN
sD: 
dP
sP
end of file treatment


tOF : 09:48:37:231
wavfile=ECC_20181021_172406_624.wav
c:
g=1
sfte=192000
cF
cN
sD: 
dP
sP
end of file treatment


tOF : 09:48:37:285
wavfile=ECC_20181021_181604_000.wav
c:
g=1
sfte=192000
cF
cN
sD: 
dP
sP
end of file treatment


tOF : 09:48:37:350
wavfile=ECC_20181021_190519_991.wav
c:
g=1
sfte=192000
cF
cN
sD: 
dP
sP
end of file treatment


tOF : 09:48:37:418
wavfile=ECC_20181021_191604_000.wav
c:
g=1
sfte=192000
cF
cN
sD: 
dP
sP
end of file treatment


tOF : 09:48:37:497
wavfile=ECC_20181021_221604_000.wav
c:
g=1
sfte=192000
cF
cN
sD: 
dP
sP
end of file treatment


tOF : 09:48:37:568
wavfile=ECC_20181022_011604_000.wav
c:
g=1
sfte=192000
cF
cN
sD: 
dP
sP
end of file treatment


tOF : 09:48:37:635
wavfile=ECC_20181022_041604_000.wav
c:
g=1
sfte=192000
cF
cN
sD: 
dP
sP
end of file treatment


tOF : 09:48:37:717
wavfile=ECC_20181022_161400_000.wav
c:
g=1
sfte=192000
cF
cN
sD: 
dP
sP
end of file treatment


tOF : 09:48:37:785
wavfile=ECC_20181022_191404_000.wav
c:
g=1
sfte=192000
cF
cN
sD: 
dP
sP
end of file treatment


tOF : 09:48:37:845
wavfile=ECC_20181022_221404_000.wav
c:
g=1
sfte=192000
cF
cN
sD: 
dP
sP
end of file treatment


tOF : 09:48:37:903
wavfile=ECC_20181023_011404_000.wav
c:
g=1
sfte=192000
cF
cN
sD: 
dP
sP
end of file treatment


tOF : 09:48:37:963
wavfile=ECC_20181023_041404_000.wav
c:
g=1
sfte=192000
cF
cN
sD: 
dP
sP
end of file treatment


tOF : 09:48:38:031
wavfile=ECC_20181023_161100_000.wav
c:
g=1
sfte=192000
cF
cN
sD: 
dP
sP
end of file treatment


tOF : 09:48:38:103
wavfile=ECC_20181023_191104_000.wav
c:
g=1
sfte=192000
cF
cN
sD: 
dP
sP
end of file treatment


tOF : 09:48:38:161
wavfile=ECC_20181023_221104_000.wav
c:
g=1
sfte=192000
cF
cN
sD: 
dP
sP
end of file treatment


tOF : 09:48:38:224
wavfile=ECC_20181024_011104_000.wav
c:
g=1
sfte=192000
cF
cN
sD: 
dP
sP
end of file treatment


tOF : 09:48:38:307
wavfile=ECC_20181024_041104_000.wav
c:
g=1
sfte=192000
cF
cN
sD: 
dP
sP
end of file treatment


tOF : 09:48:38:365
wavfile=ECC_20181024_160900_000.wav
c:
g=1
sfte=192000
cF
cN
sD: 
dP
sP
end of file treatment


tOF : 09:48:38:423
wavfile=ECC_20181024_183904_000.wav
c:
g=1
sfte=192000
cF
cN
sD: 
dP
sP
end of file treatment


tOF : 09:48:38:483
wavfile=ECC_20181024_210904_000.wav
c:
g=1
sfte=192000
cF
cN
sD: 
dP
sP
end of file treatment


tOF : 09:48:38:542
wavfile=ECC_20181025_000904_000.wav
c:
g=1
sfte=192000
cF
cN
sD: 
dP
sP
end of file treatment


tOF : 09:48:38:609
wavfile=ECC_20181025_030904_000.wav
c:
g=1
sfte=192000
cF
cN
sD: 
dP
sP
end of file treatment


tOF : 09:48:38:662
wavfile=ECC_20181025_060904_000.wav
c:
g=1
sfte=192000
cF
cN
sD: 
dP
sP
end of file treatment
endDetec  IThread = 4
