dtt modefreq=1


tOF : 12:24:59:396
wavfile=SR2_20171228_064703_000.wav
c:
g=10
sfte=192000
cF
nff = 1840 sur 15457
cN
sD: 
dP
sP
end of file treatment


tOF : 12:24:59:952
wavfile=SR2_20171228_064821_000.wav
c:
g=10
sfte=192000
cF
nff = 15 sur 10737
cN
sD: 
dP
sP
end of file treatment


tOF : 12:25:00:217
wavfile=SR2_20171228_064850_000.wav
c:
g=10
sfte=192000
cF
nff = 4538 sur 10665
cN
sD: 
dP
sP
end of file treatment


tOF : 12:25:00:568
wavfile=SR2_20171228_065008_000.wav
c:
g=10
sfte=192000
cF
cN
sD: 
dP
sP
end of file treatment


tOF : 12:25:00:819
wavfile=SR2_20171228_065114_000.wav
c:
g=10
sfte=192000
cF
nff = 10 sur 6113
cN
sD: 
dP
sP
end of file treatment


tOF : 12:25:01:005
wavfile=SR2_20171228_065955_000.wav
c:
g=10
sfte=192000
cF
nff = 4186 sur 12737
cN
sD: 
dP
sP
end of file treatment


tOF : 12:25:01:220
wavfile=SR2_20171228_070501_000.wav
c:
g=10
sfte=192000
cF
nff = 1687 sur 8249
cN
sD: 
dP
sP
end of file treatment


tOF : 12:25:01:479
wavfile=SR2_20171228_070729_000.wav
c:
g=10
sfte=192000
cF
nff = 149 sur 7993
cN
sD: 
dP
sP
end of file treatment


tOF : 12:25:01:677
wavfile=SR2_20171228_071029_000.wav
c:
g=10
sfte=192000
cF
nff = 13 sur 6057
cN
sD: 
dP
sP
end of file treatment


tOF : 12:25:01:791
wavfile=SR2_20171228_071621_000.wav
c:
g=10
sfte=192000
cF
cN
sD: 
dP
sP
end of file treatment


tOF : 12:25:01:972
wavfile=SR2_20171228_073720_000.wav
c:
g=10
sfte=192000
cF
cN
sD: 
dP
sP
end of file treatment


tOF : 12:25:02:082
wavfile=SR2_20171228_074707_000.wav
c:
g=10
sfte=192000
cF
cN
sD: 
dP
sP
end of file treatment


tOF : 12:25:02:237
wavfile=SR2_20171228_075117_000.wav
c:
g=10
sfte=192000
cF
nff = 4082 sur 6217
cN
sD: 
dP
sP
end of file treatment


tOF : 12:25:02:339
wavfile=SR2_20171228_075316_000.wav
c:
g=10
sfte=192000
cF
cN
sD: 
dP
sP
end of file treatment


tOF : 12:25:02:480
wavfile=SR2_20171228_075407_000.wav
c:
g=10
sfte=192000
cF
nff = 1615 sur 6025
cN
sD: 
dP
sP
end of file treatment


tOF : 12:25:02:652
wavfile=SR2_20171228_075521_000.wav
c:
g=10
sfte=192000
cF
nff = 2882 sur 10585
cN
sD: 
dP
sP
end of file treatment


tOF : 12:25:02:965
wavfile=SR2_20171228_080126_000.wav
c:
g=10
sfte=192000
cF
nff = 1243 sur 8329
cN
sD: 
dP
sP
end of file treatment


tOF : 12:25:03:123
wavfile=SR2_20171228_080539_000.wav
c:
g=10
sfte=192000
cF
nff = 1292 sur 10457
cN
sD: 
dP
sP
end of file treatment


tOF : 12:25:03:342
wavfile=SR2_20171228_080642_000.wav
c:
g=10
sfte=192000
cF
cN
sD: 
dP
sP
end of file treatment


tOF : 12:25:03:459
wavfile=SR2_20171228_080923_000.wav
c:
g=10
sfte=192000
cF
cN
sD: 
dP
sP
end of file treatment


tOF : 12:25:03:581
wavfile=SR2_20171228_081437_000.wav
c:
g=10
sfte=192000
cF
cN
sD: 
dP
sP
end of file treatment


tOF : 12:25:03:827
wavfile=SR2_20171228_082955_000.wav
c:
g=10
sfte=192000
cF
cN
sD: 
dP
sP
end of file treatment


tOF : 12:25:03:954
wavfile=SR2_20171228_083140_000.wav
c:
g=10
sfte=192000
cF
cN
sD: 
dP
sP
end of file treatment


tOF : 12:25:04:120
wavfile=SR2_20171228_153227_000.wav
c:
g=10
sfte=192000
cF
cN
sD: 
dP
sP
end of file treatment


tOF : 12:25:04:228
wavfile=SR2_20171228_184248_000.wav
c:
g=10
sfte=192000
cF
nff = 1625 sur 8449
cN
sD: 
dP
sP
end of file treatment


tOF : 12:25:04:464
wavfile=SR2_20171228_184512_000.wav
c:
g=10
sfte=192000
cF
nff = 2046 sur 11793
cN
sD: 
dP
sP
end of file treatment


tOF : 12:25:04:804
wavfile=SR2_20171228_184615_000.wav
c:
g=10
sfte=192000
cF
cN
sD: 
dP
sP
end of file treatment


tOF : 12:25:05:258
wavfile=SR2_20171228_205902_000.wav
c:
g=10
sfte=192000
cF
nff = 2378 sur 6049
cN
sD: 
dP
sP
end of file treatment


tOF : 12:25:05:336
wavfile=SR2_20171228_214353_000.wav
c:
g=10
sfte=192000
cF
nff = 862 sur 8433
cN
sD: 
dP
sP
end of file treatment


tOF : 12:25:05:475
wavfile=SR2_20171231_060204_000.wav
c:
g=10
sfte=192000
cF
cN
sD: 
dP
sP
end of file treatment


tOF : 12:25:05:528
wavfile=SR2_20180101_004056_000.wav
c:
g=10
sfte=192000
cF
cN
sD: 
dP
sP
end of file treatment


tOF : 12:25:05:621
wavfile=SR2_20180101_005720_000.wav
c:
g=10
sfte=192000
cF
cN
sD: 
dP
sP
end of file treatment


tOF : 12:25:05:718
wavfile=SR2_20180101_010734_000.wav
c:
g=10
sfte=192000
cF
cN
sD: 
dP
sP
end of file treatment


tOF : 12:25:05:922
wavfile=SR2_20180101_010908_000.wav
c:
g=10
sfte=192000
cF
cN
sD: 
dP
sP
end of file treatment


tOF : 12:25:06:109
wavfile=SR2_20180101_011234_000.wav
c:
g=10
sfte=192000
cF
nff = 5 sur 6129
cN
sD: 
dP
sP
end of file treatment


tOF : 12:25:06:243
wavfile=SR2_20180101_012048_000.wav
c:
g=10
sfte=192000
cF
cN
sD: 
dP
sP
end of file treatment


tOF : 12:25:06:323
wavfile=SR2_20180101_051539_000.wav
c:
g=10
sfte=192000
cF
cN
sD: 
dP
sP
end of file treatment


tOF : 12:25:06:418
wavfile=SR2_20180101_074657_000.wav
c:
g=10
sfte=192000
cF
cN
sD: 
dP
sP
end of file treatment


tOF : 12:25:06:564
wavfile=SR2_20180101_074832_000.wav
c:
g=10
sfte=192000
cF
cN
sD: 
dP
sP
end of file treatment


tOF : 12:25:06:833
wavfile=SR2_20180101_075815_000.wav
c:
g=10
sfte=192000
cF
cN
sD: 
dP
sP
end of file treatment


tOF : 12:25:07:098
wavfile=SR2_20180101_080239_000.wav
c:
g=10
sfte=192000
cF
cN
sD: 
dP
sP
end of file treatment


tOF : 12:25:07:282
wavfile=SR2_20180101_080631_000.wav
c:
g=10
sfte=192000
cF
nff = 7 sur 6169
cN
sD: 
dP
sP
end of file treatment


tOF : 12:25:07:429
wavfile=SR2_20180102_060000_000.wav
c:
g=10
sfte=192000
cF
cN
sD: 
dP
sP
end of file treatment


tOF : 12:25:07:615
wavfile=SR2_20180102_060612_000.wav
c:
g=10
sfte=192000
cF
cN
sD: 
dP
sP
end of file treatment


tOF : 12:25:07:705
wavfile=SR2_20180102_061608_000.wav
c:
g=10
sfte=192000
cF
nff = 2614 sur 6393
cN
sD: 
dP
sP
end of file treatment


tOF : 12:25:07:833
wavfile=SR2_20180102_062340_000.wav
c:
g=10
sfte=192000
cF
cN
sD: 
dP
sP
end of file treatment


tOF : 12:25:07:940
wavfile=SR2_20180102_064030_000.wav
c:
g=10
sfte=192000
cF
cN
sD: 
dP
sP
end of file treatment


tOF : 12:25:08:083
wavfile=SR2_20180102_082524_000.wav
c:
g=10
sfte=192000
cF
cN
sD: 
dP
sP
end of file treatment


tOF : 12:25:08:153
wavfile=SR2_20180102_214852_000.wav
c:
g=10
sfte=192000
cF
nff = 32 sur 6097
cN
sD: 
dP
sP
end of file treatment


tOF : 12:25:08:284
wavfile=SR2_20180102_215251_000.wav
c:
g=10
sfte=192000
cF
cN
sD: 
dP
sP
end of file treatment


tOF : 12:25:08:419
wavfile=SR2_20180102_220806_000.wav
c:
g=10
sfte=192000
cF
cN
sD: 
dP
sP
end of file treatment


tOF : 12:25:08:682
wavfile=SR2_20180102_224541_000.wav
c:
g=10
sfte=192000
cF
nff = 5374 sur 10049
cN
sD: 
dP
sP
end of file treatment


tOF : 12:25:08:908
wavfile=SR2_20180102_225704_000.wav
c:
g=10
sfte=192000
cF
cN
sD: 
dP
sP
end of file treatment


tOF : 12:25:09:074
wavfile=SR2_20180102_230639_000.wav
c:
g=10
sfte=192000
cF
nff = 1 sur 6121
cN
sD: 
dP
sP
end of file treatment


tOF : 12:25:09:210
wavfile=SR2_20180102_231559_000.wav
c:
g=10
sfte=192000
cF
cN
sD: 
dP
sP
end of file treatment


tOF : 12:25:09:302
wavfile=SR2_20180102_231801_000.wav
c:
g=10
sfte=192000
cF
nff = 1111 sur 6049
cN
sD: 
dP
sP
end of file treatment


tOF : 12:25:09:484
wavfile=SR2_20180102_232148_000.wav
c:
g=10
sfte=192000
cF
nff = 2091 sur 6049
cN
sD: 
dP
sP
end of file treatment


tOF : 12:25:09:649
wavfile=SR2_20180102_232231_000.wav
c:
g=10
sfte=192000
cF
nff = 4248 sur 6513
cN
sD: 
dP
sP
end of file treatment


tOF : 12:25:09:850
wavfile=SR2_20180102_232425_000.wav
c:
g=10
sfte=192000
cF
cN
sD: 
dP
sP
end of file treatment


tOF : 12:25:10:014
wavfile=SR2_20180102_233047_000.wav
c:
g=10
sfte=192000
cF
nff = 5798 sur 10521
cN
sD: 
dP
sP
end of file treatment


tOF : 12:25:10:212
wavfile=SR2_20180102_233604_000.wav
c:
g=10
sfte=192000
cF
nff = 3106 sur 8289
cN
sD: 
dP
sP
end of file treatment


tOF : 12:25:10:439
wavfile=SR2_20180102_234018_000.wav
c:
g=10
sfte=192000
cF
cN
sD: 
dP
sP
end of file treatment


tOF : 12:25:10:654
wavfile=SR2_20180102_235512_000.wav
c:
g=10
sfte=192000
cF
nff = 2533 sur 6313
cN
sD: 
dP
sP
end of file treatment


tOF : 12:25:10:828
wavfile=SR2_20180102_235931_000.wav
c:
g=10
sfte=192000
cF
nff = 2419 sur 10617
cN
sD: 
dP
sP
end of file treatment


tOF : 12:25:11:155
wavfile=SR2_20180103_000136_000.wav
c:
g=10
sfte=192000
cF
nff = 2267 sur 6225
cN
sD: 
dP
sP
end of file treatment


tOF : 12:25:11:303
wavfile=SR2_20180103_000240_000.wav
c:
g=10
sfte=192000
cF
nff = 34 sur 10929
cN
sD: 
dP
sP
end of file treatment


tOF : 12:25:11:647
wavfile=SR2_20180103_000422_000.wav
c:
g=10
sfte=192000
cF
cN
sD: 
dP
sP
end of file treatment


tOF : 12:25:11:844
wavfile=SR2_20180103_000719_000.wav
c:
g=10
sfte=192000
cF
nff = 1782 sur 15545
cN
sD: 
dP
sP
end of file treatment


tOF : 12:25:12:263
wavfile=SR2_20180103_000803_000.wav
c:
g=10
sfte=192000
cF
cN
sD: 
dP
sP
end of file treatment


tOF : 12:25:12:497
wavfile=SR2_20180103_000953_000.wav
c:
g=10
sfte=192000
cF
cN
sD: 
dP
sP
end of file treatment


tOF : 12:25:12:675
wavfile=SR2_20180103_002418_000.wav
c:
g=10
sfte=192000
cF
nff = 5674 sur 8297
cN
sD: 
dP
sP
end of file treatment


tOF : 12:25:12:783
wavfile=SR2_20180103_004433_000.wav
c:
g=10
sfte=192000
cF
cN
sD: 
dP
sP
end of file treatment


tOF : 12:25:12:876
wavfile=SR2_20180103_012949_000.wav
c:
g=10
sfte=192000
cF
nff = 7 sur 6025
cN
sD: 
dP
sP
end of file treatment


tOF : 12:25:12:955
wavfile=SR2_20180103_022437_000.wav
c:
g=10
sfte=192000
cF
nff = 12 sur 6161
cN
sD: 
dP
sP
end of file treatment


tOF : 12:25:13:050
wavfile=SR2_20180103_023204_000.wav
c:
g=10
sfte=192000
cF
cN
sD: 
dP
sP
end of file treatment


tOF : 12:25:13:170
wavfile=SR2_20180103_082425_000.wav
c:
g=10
sfte=192000
cF
cN
sD: 
dP
sP
end of file treatment


tOF : 12:25:13:342
wavfile=SR2_20180103_082451_000.wav
c:
g=10
sfte=192000
cF
cN
sD: 
dP
sP
end of file treatment


tOF : 12:25:13:491
wavfile=SR2_20180104_180203_000.wav
c:
g=10
sfte=192000
cF
cN
sD: 
dP
sP
end of file treatment


tOF : 12:25:13:648
wavfile=SR2_20180106_195622_000.wav
c:
g=10
sfte=192000
cF
cN
sD: 
dP
sP
end of file treatment


tOF : 12:25:13:776
wavfile=SR2_20180106_195859_000.wav
c:
g=10
sfte=192000
cF
cN
sD: 
dP
sP
end of file treatment


tOF : 12:25:13:915
wavfile=SR2_20180106_200347_000.wav
c:
g=10
sfte=192000
cF
nff = 330 sur 6033
cN
sD: 
dP
sP
end of file treatment


tOF : 12:25:14:005
wavfile=SR2_20180106_200447_000.wav
c:
g=10
sfte=192000
cF
nff = 2330 sur 7313
cN
sD: 
dP
sP
end of file treatment


tOF : 12:25:14:241
wavfile=SR2_20180106_200727_000.wav
c:
g=10
sfte=192000
cF
cN
sD: 
dP
sP
end of file treatment


tOF : 12:25:14:435
wavfile=SR2_20180106_201258_000.wav
c:
g=10
sfte=192000
cF
nff = 2417 sur 6177
cN
sD: 
dP
sP
end of file treatment


tOF : 12:25:14:600
wavfile=SR2_20180106_201757_000.wav
c:
g=10
sfte=192000
cF
cN
sD: 
dP
sP
end of file treatment


tOF : 12:25:14:803
wavfile=SR2_20180106_214119_000.wav
c:
g=10
sfte=192000
cF
cN
sD: 
dP
sP
end of file treatment


tOF : 12:25:14:914
wavfile=SR2_20180106_220841_000.wav
c:
g=10
sfte=192000
cF
cN
sD: 
dP
sP
end of file treatment


tOF : 12:25:14:968
wavfile=SR2_20180106_223652_000.wav
c:
g=10
sfte=192000
cF
cN
sD: 
dP
sP
end of file treatment


tOF : 12:25:15:085
wavfile=SR2_20180107_021313_000.wav
c:
g=10
sfte=192000
cF
cN
sD: 
dP
sP
end of file treatment


tOF : 12:25:15:140
wavfile=SR2_20180108_233549_000.wav
c:
g=10
sfte=192000
cF
cN
sD: 
dP
sP
end of file treatment


tOF : 12:25:15:371
wavfile=SR2_20180109_202854_000.wav
c:
g=10
sfte=192000
cF
cN
sD: 
dP
sP
end of file treatment


tOF : 12:25:15:435
wavfile=SR2_20180112_182432_000.wav
c:
g=10
sfte=192000
cF
cN
sD: 
dP
sP
end of file treatment


tOF : 12:25:15:749
wavfile=SR2_20180115_014717_000.wav
c:
g=10
sfte=192000
cF
cN
sD: 
dP
sP
end of file treatment


tOF : 12:25:15:955
wavfile=SR2_20180115_022116_000.wav
c:
g=10
sfte=192000
cF
cN
sD: 
dP
sP
end of file treatment


tOF : 12:25:15:978
wavfile=SR2_20180115_212302_000.wav
c:
g=10
sfte=192000
cF
cN
sD: 
dP
sP
end of file treatment


tOF : 12:25:16:108
wavfile=SR2_20180115_212356_000.wav
c:
g=10
sfte=192000
cF
cN
sD: 
dP
sP
end of file treatment


tOF : 12:25:16:288
wavfile=SR2_20180118_054637_000.wav
c:
g=10
sfte=192000
cF
cN
sD: 
dP
sP
end of file treatment


tOF : 12:25:16:348
wavfile=SR2_20180118_175657_000.wav
c:
g=10
sfte=192000
cF
cN
sD: 
dP
sP
end of file treatment


tOF : 12:25:16:657
wavfile=SR2_20180122_183148_000.wav
c:
g=10
sfte=192000
cF
cN
sD: 
dP
sP
end of file treatment


tOF : 12:25:16:940
wavfile=SR2_20180123_022629_000.wav
c:
g=10
sfte=192000
cF
cN
sD: 
dP
sP
end of file treatment


tOF : 12:25:17:095
wavfile=SR2_20180123_180451_000.wav
c:
g=10
sfte=192000
cF
cN
sD: 
dP
sP
end of file treatment


tOF : 12:25:17:245
wavfile=SR2_20180123_201326_000.wav
c:
g=10
sfte=192000
cF
cN
sD: 
dP
sP
end of file treatment


tOF : 12:25:17:442
wavfile=SR2_20180123_224808_000.wav
c:
g=10
sfte=192000
cF
cN
sD: 
dP
sP
end of file treatment


tOF : 12:25:17:613
wavfile=SR2_20180123_225240_000.wav
c:
g=10
sfte=192000
cF
cN
sD: 
dP
sP
end of file treatment


tOF : 12:25:17:844
wavfile=SR2_20180215_181713_000.wav
c:
g=10
sfte=192000
cF
cN
sD: 
dP
sP
end of file treatment


tOF : 12:25:18:143
wavfile=SR2_20180216_184213_000.wav
c:
g=10
sfte=192000
cF
cN
sD: 
dP
sP
end of file treatment


tOF : 12:25:18:506
wavfile=SR2_20180217_193304_000.wav
c:
g=10
sfte=192000
cF
cN
sD: 
dP
sP
end of file treatment


tOF : 12:25:18:660
wavfile=SR2_20180228_193007_000.wav
c:
g=10
sfte=192000
cF
cN
sD: 
dP
sP
end of file treatment


tOF : 12:25:19:022
wavfile=SR2_20180302_001134_000.wav
c:
g=10
sfte=192000
cF
cN
sD: 
dP
sP
end of file treatment


tOF : 12:25:19:188
wavfile=SR2_20180303_010652_000.wav
c:
g=10
sfte=192000
cF
cN
sD: 
dP
sP
end of file treatment


tOF : 12:25:19:356
wavfile=SR2_20180305_183050_000.wav
c:
g=10
sfte=192000
cF
cN
sD: 
dP
sP
end of file treatment


tOF : 12:25:19:466
wavfile=SR2_20180305_220136_000.wav
c:
g=10
sfte=192000
cF
cN
sD: 
dP
sP
end of file treatment


tOF : 12:25:19:734
wavfile=SR2_20180305_232601_000.wav
c:
g=10
sfte=192000
cF
cN
sD: 
dP
sP
end of file treatment


tOF : 12:25:19:908
wavfile=SR2_20180307_193530_000.wav
c:
g=10
sfte=192000
cF
cN
sD: 
dP
sP
end of file treatment


tOF : 12:25:20:168
wavfile=SR2_20180310_193117_000.wav
c:
g=10
sfte=192000
cF
cN
sD: 
dP
sP
end of file treatment


tOF : 12:25:20:303
wavfile=SR2_20180310_194533_000.wav
c:
g=10
sfte=192000
cF
cN
sD: 
dP
sP
end of file treatment


tOF : 12:25:20:472
wavfile=SR2_20180310_215308_000.wav
c:
g=10
sfte=192000
cF
cN
sD: 
dP
sP
end of file treatment


tOF : 12:25:20:762
wavfile=SR2_20180312_004317_000.wav
c:
g=10
sfte=192000
cF
cN
sD: 
dP
sP
end of file treatment
endDetec  IThread = 1
