dtt modefreq=1


tOF : 12:24:59:380
wavfile=SR2_20171226_152214_000.wav
c:
g=10
sfte=192000
cF
cN
sD: 
dP
sP
end of file treatment


tOF : 12:24:59:552
wavfile=SR2_20171228_064809_000.wav
c:
g=10
sfte=192000
cF
nff = 2232 sur 7289
cN
sD: 
dP
sP
end of file treatment


tOF : 12:24:59:795
wavfile=SR2_20171228_064836_000.wav
c:
g=10
sfte=192000
cF
nff = 1141 sur 14185
cN
sD: 
dP
sP
end of file treatment


tOF : 12:25:00:202
wavfile=SR2_20171228_064914_000.wav
c:
g=10
sfte=192000
cF
nff = 3553 sur 8721
cN
sD: 
dP
sP
end of file treatment


tOF : 12:25:00:554
wavfile=SR2_20171228_065043_000.wav
c:
g=10
sfte=192000
cF
nff = 2651 sur 6129
cN
sD: 
dP
sP
end of file treatment


tOF : 12:25:00:717
wavfile=SR2_20171228_065528_000.wav
c:
g=10
sfte=192000
cF
cN
sD: 
dP
sP
end of file treatment


tOF : 12:25:01:139
wavfile=SR2_20171228_070417_000.wav
c:
g=10
sfte=192000
cF
nff = 1 sur 6073
cN
sD: 
dP
sP
end of file treatment


tOF : 12:25:01:209
wavfile=SR2_20171228_070557_000.wav
c:
g=10
sfte=192000
cF
nff = 2892 sur 6201
cN
sD: 
dP
sP
end of file treatment


tOF : 12:25:01:494
wavfile=SR2_20171228_071026_000.wav
c:
g=10
sfte=192000
cF
cN
sD: 
dP
sP
end of file treatment


tOF : 12:25:01:597
wavfile=SR2_20171228_071516_000.wav
c:
g=10
sfte=192000
cF
nff = 13 sur 10473
cN
sD: 
dP
sP
end of file treatment


tOF : 12:25:01:814
wavfile=SR2_20171228_073638_000.wav
c:
g=10
sfte=192000
cF
cN
sD: 
dP
sP
end of file treatment


tOF : 12:25:01:928
wavfile=SR2_20171228_074607_000.wav
c:
g=10
sfte=192000
cF
nff = 2233 sur 10537
cN
sD: 
dP
sP
end of file treatment


tOF : 12:25:02:185
wavfile=SR2_20171228_075102_000.wav
c:
g=10
sfte=192000
cF
cN
sD: 
dP
sP
end of file treatment


tOF : 12:25:02:435
wavfile=SR2_20171228_075312_000.wav
c:
g=10
sfte=192000
cF
cN
sD: 
dP
sP
end of file treatment


tOF : 12:25:02:653
wavfile=SR2_20171228_075359_000.wav
c:
g=10
sfte=192000
cF
nff = 857 sur 6273
cN
sD: 
dP
sP
end of file treatment


tOF : 12:25:02:843
wavfile=SR2_20171228_075504_000.wav
c:
g=10
sfte=192000
cF
nff = 16 sur 6041
cN
sD: 
dP
sP
end of file treatment


tOF : 12:25:02:959
wavfile=SR2_20171228_080059_000.wav
c:
g=10
sfte=192000
cF
nff = 9944 sur 14993
cN
sD: 
dP
sP
end of file treatment


tOF : 12:25:03:272
wavfile=SR2_20171228_080411_000.wav
c:
g=10
sfte=192000
cF
cN
sD: 
dP
sP
end of file treatment


tOF : 12:25:03:386
wavfile=SR2_20171228_080637_000.wav
c:
g=10
sfte=192000
cF
nff = 2889 sur 6081
cN
sD: 
dP
sP
end of file treatment


tOF : 12:25:03:498
wavfile=SR2_20171228_080829_000.wav
c:
g=10
sfte=192000
cF
cN
sD: 
dP
sP
end of file treatment


tOF : 12:25:03:685
wavfile=SR2_20171228_081430_000.wav
c:
g=10
sfte=192000
cF
nff = 470 sur 9609
cN
sD: 
dP
sP
end of file treatment


tOF : 12:25:03:842
wavfile=SR2_20171228_082136_000.wav
c:
g=10
sfte=192000
cF
cN
sD: 
dP
sP
end of file treatment


tOF : 12:25:03:960
wavfile=SR2_20171228_083126_000.wav
c:
g=10
sfte=192000
cF
cN
sD: 
dP
sP
end of file treatment


tOF : 12:25:04:050
wavfile=SR2_20171228_083332_000.wav
c:
g=10
sfte=192000
cF
nff = 6702 sur 10449
cN
sD: 
dP
sP
end of file treatment


tOF : 12:25:04:287
wavfile=SR2_20171228_163509_000.wav
c:
g=10
sfte=192000
cF
cN
sD: 
dP
sP
end of file treatment


tOF : 12:25:04:410
wavfile=SR2_20171228_184425_000.wav
c:
g=10
sfte=192000
cF
cN
sD: 
dP
sP
end of file treatment


tOF : 12:25:04:570
wavfile=SR2_20171228_184554_000.wav
c:
g=10
sfte=192000
cF
cN
sD: 
dP
sP
end of file treatment


tOF : 12:25:04:782
wavfile=SR2_20171228_204834_000.wav
c:
g=10
sfte=192000
cF
cN
sD: 
dP
sP
end of file treatment


tOF : 12:25:05:208
wavfile=SR2_20171228_213202_000.wav
c:
g=10
sfte=192000
cF
cN
sD: 
dP
sP
end of file treatment


tOF : 12:25:05:312
wavfile=SR2_20171231_003859_000.wav
c:
g=10
sfte=192000
cF
cN
sD: 
dP
sP
end of file treatment


tOF : 12:25:05:425
wavfile=SR2_20180101_003317_000.wav
c:
g=10
sfte=192000
cF
cN
sD: 
dP
sP
end of file treatment


tOF : 12:25:05:541
wavfile=SR2_20180101_005335_000.wav
c:
g=10
sfte=192000
cF
cN
sD: 
dP
sP
end of file treatment


tOF : 12:25:05:620
wavfile=SR2_20180101_010121_000.wav
c:
g=10
sfte=192000
cF
nff = 256 sur 10577
cN
sD: 
dP
sP
end of file treatment


tOF : 12:25:05:845
wavfile=SR2_20180101_010903_000.wav
c:
g=10
sfte=192000
cF
nff = 4423 sur 8241
cN
sD: 
dP
sP
end of file treatment


tOF : 12:25:06:028
wavfile=SR2_20180101_011218_000.wav
c:
g=10
sfte=192000
cF
nff = 4668 sur 10841
cN
sD: 
dP
sP
end of file treatment


tOF : 12:25:06:250
wavfile=SR2_20180101_012027_000.wav
c:
g=10
sfte=192000
cF
cN
sD: 
dP
sP
end of file treatment


tOF : 12:25:06:365
wavfile=SR2_20180101_024036_000.wav
c:
g=10
sfte=192000
cF
nff = 3273 sur 6193
cN
sD: 
dP
sP
end of file treatment


tOF : 12:25:06:471
wavfile=SR2_20180101_074402_000.wav
c:
g=10
sfte=192000
cF
cN
sD: 
dP
sP
end of file treatment


tOF : 12:25:06:526
wavfile=SR2_20180101_074816_000.wav
c:
g=10
sfte=192000
cF
nff = 2774 sur 6233
cN
sD: 
dP
sP
end of file treatment


tOF : 12:25:06:816
wavfile=SR2_20180101_075652_000.wav
c:
g=10
sfte=192000
cF
cN
sD: 
dP
sP
end of file treatment


tOF : 12:25:07:088
wavfile=SR2_20180101_080134_000.wav
c:
g=10
sfte=192000
cF
nff = 2854 sur 6409
cN
sD: 
dP
sP
end of file treatment


tOF : 12:25:07:317
wavfile=SR2_20180101_080602_000.wav
c:
g=10
sfte=192000
cF
cN
sD: 
dP
sP
end of file treatment


tOF : 12:25:07:477
wavfile=SR2_20180101_175136_000.wav
c:
g=10
sfte=192000
cF
cN
sD: 
dP
sP
end of file treatment


tOF : 12:25:07:685
wavfile=SR2_20180102_060225_000.wav
c:
g=10
sfte=192000
cF
nff = 298 sur 10289
cN
sD: 
dP
sP
end of file treatment


tOF : 12:25:08:017
wavfile=SR2_20180102_061556_000.wav
c:
g=10
sfte=192000
cF
cN
sD: 
dP
sP
end of file treatment


tOF : 12:25:08:165
wavfile=SR2_20180102_062151_000.wav
c:
g=10
sfte=192000
cF
cN
sD: 
dP
sP
end of file treatment


tOF : 12:25:08:382
wavfile=SR2_20180102_062926_000.wav
c:
g=10
sfte=192000
cF
cN
sD: 
dP
sP
end of file treatment


tOF : 12:25:08:454
wavfile=SR2_20180102_082455_000.wav
c:
g=10
sfte=192000
cF
nff = 4895 sur 6105
cN
sD: 
dP
sP
end of file treatment


tOF : 12:25:08:598
wavfile=SR2_20180102_214805_000.wav
c:
g=10
sfte=192000
cF
cN
sD: 
dP
sP
end of file treatment


tOF : 12:25:08:765
wavfile=SR2_20180102_215043_000.wav
c:
g=10
sfte=192000
cF
nff = 15 sur 6345
cN
sD: 
dP
sP
end of file treatment


tOF : 12:25:08:928
wavfile=SR2_20180102_220442_000.wav
c:
g=10
sfte=192000
cF
cN
sD: 
dP
sP
end of file treatment


tOF : 12:25:09:136
wavfile=SR2_20180102_224324_000.wav
c:
g=10
sfte=192000
cF
cN
sD: 
dP
sP
end of file treatment


tOF : 12:25:09:244
wavfile=SR2_20180102_225555_000.wav
c:
g=10
sfte=192000
cF
cN
sD: 
dP
sP
end of file treatment


tOF : 12:25:09:335
wavfile=SR2_20180102_230634_000.wav
c:
g=10
sfte=192000
cF
cN
sD: 
dP
sP
end of file treatment


tOF : 12:25:09:594
wavfile=SR2_20180102_231408_000.wav
c:
g=10
sfte=192000
cF
nff = 3305 sur 10425
cN
sD: 
dP
sP
end of file treatment


tOF : 12:25:09:820
wavfile=SR2_20180102_231642_000.wav
c:
g=10
sfte=192000
cF
nff = 2360 sur 10617
cN
sD: 
dP
sP
end of file treatment


tOF : 12:25:10:049
wavfile=SR2_20180102_232024_000.wav
c:
g=10
sfte=192000
cF
nff = 7123 sur 9905
cN
sD: 
dP
sP
end of file treatment


tOF : 12:25:10:221
wavfile=SR2_20180102_232223_000.wav
c:
g=10
sfte=192000
cF
nff = 997 sur 6617
cN
sD: 
dP
sP
end of file treatment


tOF : 12:25:10:439
wavfile=SR2_20180102_232349_000.wav
c:
g=10
sfte=192000
cF
nff = 28 sur 8505
cN
sD: 
dP
sP
end of file treatment


tOF : 12:25:10:697
wavfile=SR2_20180102_232548_000.wav
c:
g=10
sfte=192000
cF
cN
sD: 
dP
sP
end of file treatment


tOF : 12:25:10:871
wavfile=SR2_20180102_233441_000.wav
c:
g=10
sfte=192000
cF
nff = 3 sur 6161
cN
sD: 
dP
sP
end of file treatment


tOF : 12:25:10:995
wavfile=SR2_20180102_233802_000.wav
c:
g=10
sfte=192000
cF
nff = 3842 sur 10969
cN
sD: 
dP
sP
end of file treatment


tOF : 12:25:11:157
wavfile=SR2_20180102_234621_000.wav
c:
g=10
sfte=192000
cF
nff = 1437 sur 6057
cN
sD: 
dP
sP
end of file treatment


tOF : 12:25:11:316
wavfile=SR2_20180102_235900_000.wav
c:
g=10
sfte=192000
cF
nff = 109 sur 7753
cN
sD: 
dP
sP
end of file treatment


tOF : 12:25:11:607
wavfile=SR2_20180103_000124_000.wav
c:
g=10
sfte=192000
cF
nff = 660 sur 6641
cN
sD: 
dP
sP
end of file treatment


tOF : 12:25:11:798
wavfile=SR2_20180103_000226_000.wav
c:
g=10
sfte=192000
cF
nff = 1825 sur 8377
cN
sD: 
dP
sP
end of file treatment


tOF : 12:25:12:058
wavfile=SR2_20180103_000419_000.wav
c:
g=10
sfte=192000
cF
nff = 2307 sur 7633
cN
sD: 
dP
sP
end of file treatment


tOF : 12:25:12:253
wavfile=SR2_20180103_000716_000.wav
c:
g=10
sfte=192000
cF
cN
sD: 
dP
sP
end of file treatment


tOF : 12:25:12:545
wavfile=SR2_20180103_000757_000.wav
c:
g=10
sfte=192000
cF
cN
sD: 
dP
sP
end of file treatment


tOF : 12:25:12:862
wavfile=SR2_20180103_000904_000.wav
c:
g=10
sfte=192000
cF
cN
sD: 
dP
sP
end of file treatment


tOF : 12:25:13:126
wavfile=SR2_20180103_001946_000.wav
c:
g=10
sfte=192000
cF
nff = 2011 sur 11097
cN
sD: 
dP
sP
end of file treatment


tOF : 12:25:13:441
wavfile=SR2_20180103_003612_000.wav
c:
g=10
sfte=192000
cF
cN
sD: 
dP
sP
end of file treatment


tOF : 12:25:13:511
wavfile=SR2_20180103_012842_000.wav
c:
g=10
sfte=192000
cF
nff = 6 sur 6193
cN
sD: 
dP
sP
end of file treatment


tOF : 12:25:13:587
wavfile=SR2_20180103_013500_000.wav
c:
g=10
sfte=192000
cF
cN
sD: 
dP
sP
end of file treatment


tOF : 12:25:13:680
wavfile=SR2_20180103_023200_000.wav
c:
g=10
sfte=192000
cF
cN
sD: 
dP
sP
end of file treatment


tOF : 12:25:13:758
wavfile=SR2_20180103_073532_000.wav
c:
g=10
sfte=192000
cF
cN
sD: 
dP
sP
end of file treatment


tOF : 12:25:13:818
wavfile=SR2_20180103_082436_000.wav
c:
g=10
sfte=192000
cF
cN
sD: 
dP
sP
end of file treatment


tOF : 12:25:13:935
wavfile=SR2_20180104_180158_000.wav
c:
g=10
sfte=192000
cF
cN
sD: 
dP
sP
end of file treatment


tOF : 12:25:14:327
wavfile=SR2_20180104_192836_000.wav
c:
g=10
sfte=192000
cF
cN
sD: 
dP
sP
end of file treatment


tOF : 12:25:14:404
wavfile=SR2_20180106_195856_000.wav
c:
g=10
sfte=192000
cF
cN
sD: 
dP
sP
end of file treatment


tOF : 12:25:14:511
wavfile=SR2_20180106_200313_000.wav
c:
g=10
sfte=192000
cF
cN
sD: 
dP
sP
end of file treatment


tOF : 12:25:14:596
wavfile=SR2_20180106_200445_000.wav
c:
g=10
sfte=192000
cF
nff = 8 sur 6089
cN
sD: 
dP
sP
end of file treatment


tOF : 12:25:14:700
wavfile=SR2_20180106_200702_000.wav
c:
g=10
sfte=192000
cF
cN
sD: 
dP
sP
end of file treatment


tOF : 12:25:14:801
wavfile=SR2_20180106_201038_000.wav
c:
g=10
sfte=192000
cF
nff = 4548 sur 8441
cN
sD: 
dP
sP
end of file treatment


tOF : 12:25:14:931
wavfile=SR2_20180106_201722_000.wav
c:
g=10
sfte=192000
cF
nff = 5751 sur 7873
cN
sD: 
dP
sP
end of file treatment


tOF : 12:25:15:039
wavfile=SR2_20180106_211346_000.wav
c:
g=10
sfte=192000
cF
cN
sD: 
dP
sP
end of file treatment


tOF : 12:25:15:208
wavfile=SR2_20180106_220643_000.wav
c:
g=10
sfte=192000
cF
cN
sD: 
dP
sP
end of file treatment


tOF : 12:25:15:301
wavfile=SR2_20180106_223338_000.wav
c:
g=10
sfte=192000
cF
cN
sD: 
dP
sP
end of file treatment


tOF : 12:25:15:437
wavfile=SR2_20180106_233635_000.wav
c:
g=10
sfte=192000
cF
cN
sD: 
dP
sP
end of file treatment


tOF : 12:25:15:515
wavfile=SR2_20180108_002359_000.wav
c:
g=10
sfte=192000
cF
cN
sD: 
dP
sP
end of file treatment


tOF : 12:25:15:617
wavfile=SR2_20180109_202849_000.wav
c:
g=10
sfte=192000
cF
cN
sD: 
dP
sP
end of file treatment


tOF : 12:25:15:951
wavfile=SR2_20180110_175756_000.wav
c:
g=10
sfte=192000
cF
cN
sD: 
dP
sP
end of file treatment


tOF : 12:25:15:972
wavfile=SR2_20180113_192641_000.wav
c:
g=10
sfte=192000
cF
cN
sD: 
dP
sP
end of file treatment


tOF : 12:25:16:063
wavfile=SR2_20180115_022111_000.wav
c:
g=10
sfte=192000
cF
cN
sD: 
dP
sP
end of file treatment


tOF : 12:25:16:396
wavfile=SR2_20180115_212257_000.wav
c:
g=10
sfte=192000
cF
cN
sD: 
dP
sP
end of file treatment


tOF : 12:25:16:728
wavfile=SR2_20180115_212345_000.wav
c:
g=10
sfte=192000
cF
cN
sD: 
dP
sP
end of file treatment


tOF : 12:25:16:892
wavfile=SR2_20180117_192226_000.wav
c:
g=10
sfte=192000
cF
cN
sD: 
dP
sP
end of file treatment


tOF : 12:25:16:942
wavfile=SR2_20180118_063352_000.wav
c:
g=10
sfte=192000
cF
cN
sD: 
dP
sP
end of file treatment


tOF : 12:25:17:022
wavfile=SR2_20180122_182040_000.wav
c:
g=10
sfte=192000
cF
cN
sD: 
dP
sP
end of file treatment


tOF : 12:25:17:072
wavfile=SR2_20180122_200101_000.wav
c:
g=10
sfte=192000
cF
cN
sD: 
dP
sP
end of file treatment


tOF : 12:25:17:327
wavfile=SR2_20180123_180444_000.wav
c:
g=10
sfte=192000
cF
cN
sD: 
dP
sP
end of file treatment


tOF : 12:25:17:504
wavfile=SR2_20180123_193441_000.wav
c:
g=10
sfte=192000
cF
cN
sD: 
dP
sP
end of file treatment


tOF : 12:25:17:728
wavfile=SR2_20180123_221351_000.wav
c:
g=10
sfte=192000
cF
cN
sD: 
dP
sP
end of file treatment


tOF : 12:25:17:991
wavfile=SR2_20180123_224833_000.wav
c:
g=10
sfte=192000
cF
cN
sD: 
dP
sP
end of file treatment


tOF : 12:25:18:050
wavfile=SR2_20180123_230026_000.wav
c:
g=10
sfte=192000
cF
cN
sD: 
dP
sP
end of file treatment


tOF : 12:25:18:275
wavfile=SR2_20180215_230652_000.wav
c:
g=10
sfte=192000
cF
cN
sD: 
dP
sP
end of file treatment


tOF : 12:25:18:438
wavfile=SR2_20180217_191225_000.wav
c:
g=10
sfte=192000
cF
cN
sD: 
dP
sP
end of file treatment


tOF : 12:25:18:650
wavfile=SR2_20180228_193002_000.wav
c:
g=10
sfte=192000
cF
cN
sD: 
dP
sP
end of file treatment


tOF : 12:25:19:057
wavfile=SR2_20180301_211032_000.wav
c:
g=10
sfte=192000
cF
cN
sD: 
dP
sP
end of file treatment


tOF : 12:25:19:184
wavfile=SR2_20180303_005349_000.wav
c:
g=10
sfte=192000
cF
cN
sD: 
dP
sP
end of file treatment


tOF : 12:25:19:424
wavfile=SR2_20180305_182706_000.wav
c:
g=10
sfte=192000
cF
cN
sD: 
dP
sP
end of file treatment


tOF : 12:25:19:611
wavfile=SR2_20180305_191200_000.wav
c:
g=10
sfte=192000
cF
cN
sD: 
dP
sP
end of file treatment


tOF : 12:25:19:765
wavfile=SR2_20180305_225735_000.wav
c:
g=10
sfte=192000
cF
cN
sD: 
dP
sP
end of file treatment


tOF : 12:25:19:947
wavfile=SR2_20180306_202711_000.wav
c:
g=10
sfte=192000
cF
cN
sD: 
dP
sP
end of file treatment


tOF : 12:25:20:137
wavfile=SR2_20180310_191404_000.wav
c:
g=10
sfte=192000
cF
cN
sD: 
dP
sP
end of file treatment


tOF : 12:25:20:278
wavfile=SR2_20180310_193736_000.wav
c:
g=10
sfte=192000
cF
cN
sD: 
dP
sP
end of file treatment


tOF : 12:25:20:436
wavfile=SR2_20180310_215008_000.wav
c:
g=10
sfte=192000
cF
cN
sD: 
dP
sP
end of file treatment


tOF : 12:25:20:644
wavfile=SR2_20180311_223509_000.wav
c:
g=10
sfte=192000
cF
cN
sD: 
dP
sP
end of file treatment
endDetec  IThread = 0
