dtt modefreq=1


tOF : 12:24:59:412
wavfile=SR2_20171228_064719_000.wav
c:
g=10
sfte=192000
cF
nff = 2065 sur 6025
cN
sD: 
dP
sP
end of file treatment


tOF : 12:24:59:630
wavfile=SR2_20171228_064830_000.wav
c:
g=10
sfte=192000
cF
nff = 1498 sur 6209
cN
sD: 
dP
sP
end of file treatment


tOF : 12:24:59:811
wavfile=SR2_20171228_064855_000.wav
c:
g=10
sfte=192000
cF
nff = 1907 sur 8289
cN
sD: 
dP
sP
end of file treatment


tOF : 12:25:00:045
wavfile=SR2_20171228_065022_000.wav
c:
g=10
sfte=192000
cF
cN
sD: 
dP
sP
end of file treatment


tOF : 12:25:00:248
wavfile=SR2_20171228_065401_000.wav
c:
g=10
sfte=192000
cF
nff = 165 sur 6769
cN
sD: 
dP
sP
end of file treatment


tOF : 12:25:00:564
wavfile=SR2_20171228_070327_000.wav
c:
g=10
sfte=192000
cF
nff = 17 sur 8265
cN
sD: 
dP
sP
end of file treatment


tOF : 12:25:00:799
wavfile=SR2_20171228_070512_000.wav
c:
g=10
sfte=192000
cF
nff = 4227 sur 8473
cN
sD: 
dP
sP
end of file treatment


tOF : 12:25:01:088
wavfile=SR2_20171228_070732_000.wav
c:
g=10
sfte=192000
cF
nff = 225 sur 6097
cN
sD: 
dP
sP
end of file treatment


tOF : 12:25:01:194
wavfile=SR2_20171228_071046_000.wav
c:
g=10
sfte=192000
cF
cN
sD: 
dP
sP
end of file treatment


tOF : 12:25:01:420
wavfile=SR2_20171228_072207_000.wav
c:
g=10
sfte=192000
cF
nff = 14 sur 8305
cN
sD: 
dP
sP
end of file treatment


tOF : 12:25:01:562
wavfile=SR2_20171228_073839_000.wav
c:
g=10
sfte=192000
cF
cN
sD: 
dP
sP
end of file treatment


tOF : 12:25:01:646
wavfile=SR2_20171228_074806_000.wav
c:
g=10
sfte=192000
cF
cN
sD: 
dP
sP
end of file treatment


tOF : 12:25:01:754
wavfile=SR2_20171228_075159_000.wav
c:
g=10
sfte=192000
cF
cN
sD: 
dP
sP
end of file treatment


tOF : 12:25:01:987
wavfile=SR2_20171228_075325_000.wav
c:
g=10
sfte=192000
cF
nff = 6 sur 6073
cN
sD: 
dP
sP
end of file treatment


tOF : 12:25:02:112
wavfile=SR2_20171228_075411_000.wav
c:
g=10
sfte=192000
cF
nff = 1146 sur 6513
cN
sD: 
dP
sP
end of file treatment


tOF : 12:25:02:362
wavfile=SR2_20171228_075551_000.wav
c:
g=10
sfte=192000
cF
nff = 2054 sur 8673
cN
sD: 
dP
sP
end of file treatment


tOF : 12:25:02:569
wavfile=SR2_20171228_080333_000.wav
c:
g=10
sfte=192000
cF
nff = 6296 sur 10449
cN
sD: 
dP
sP
end of file treatment


tOF : 12:25:02:744
wavfile=SR2_20171228_080545_000.wav
c:
g=10
sfte=192000
cF
cN
sD: 
dP
sP
end of file treatment


tOF : 12:25:02:911
wavfile=SR2_20171228_080755_000.wav
c:
g=10
sfte=192000
cF
nff = 363 sur 6465
cN
sD: 
dP
sP
end of file treatment


tOF : 12:25:03:046
wavfile=SR2_20171228_080958_000.wav
c:
g=10
sfte=192000
cF
cN
sD: 
dP
sP
end of file treatment


tOF : 12:25:03:286
wavfile=SR2_20171228_081534_000.wav
c:
g=10
sfte=192000
cF
cN
sD: 
dP
sP
end of file treatment


tOF : 12:25:03:505
wavfile=SR2_20171228_083105_000.wav
c:
g=10
sfte=192000
cF
cN
sD: 
dP
sP
end of file treatment


tOF : 12:25:03:689
wavfile=SR2_20171228_083230_000.wav
c:
g=10
sfte=192000
cF
nff = 10 sur 10433
cN
sD: 
dP
sP
end of file treatment


tOF : 12:25:03:919
wavfile=SR2_20171228_153539_000.wav
c:
g=10
sfte=192000
cF
nff = 183 sur 6145
cN
sD: 
dP
sP
end of file treatment


tOF : 12:25:04:036
wavfile=SR2_20171228_184259_000.wav
c:
g=10
sfte=192000
cF
cN
sD: 
dP
sP
end of file treatment


tOF : 12:25:04:291
wavfile=SR2_20171228_184544_000.wav
c:
g=10
sfte=192000
cF
cN
sD: 
dP
sP
end of file treatment


tOF : 12:25:04:804
wavfile=SR2_20171228_193634_000.wav
c:
g=10
sfte=192000
cF
cN
sD: 
dP
sP
end of file treatment


tOF : 12:25:05:067
wavfile=SR2_20171228_210414_000.wav
c:
g=10
sfte=192000
cF
cN
sD: 
dP
sP
end of file treatment


tOF : 12:25:05:134
wavfile=SR2_20171230_214644_000.wav
c:
g=10
sfte=192000
cF
cN
sD: 
dP
sP
end of file treatment


tOF : 12:25:05:313
wavfile=SR2_20180101_002217_000.wav
c:
g=10
sfte=192000
cF
nff = 7 sur 6505
cN
sD: 
dP
sP
end of file treatment


tOF : 12:25:05:458
wavfile=SR2_20180101_004939_000.wav
c:
g=10
sfte=192000
cF
cN
sD: 
dP
sP
end of file treatment


tOF : 12:25:05:552
wavfile=SR2_20180101_005819_000.wav
c:
g=10
sfte=192000
cF
cN
sD: 
dP
sP
end of file treatment


tOF : 12:25:05:761
wavfile=SR2_20180101_010855_000.wav
c:
g=10
sfte=192000
cF
cN
sD: 
dP
sP
end of file treatment


tOF : 12:25:05:900
wavfile=SR2_20180101_010910_000.wav
c:
g=10
sfte=192000
cF
nff = 1130 sur 11649
cN
sD: 
dP
sP
end of file treatment


tOF : 12:25:06:225
wavfile=SR2_20180101_011256_000.wav
c:
g=10
sfte=192000
cF
cN
sD: 
dP
sP
end of file treatment


tOF : 12:25:06:411
wavfile=SR2_20180101_012151_000.wav
c:
g=10
sfte=192000
cF
cN
sD: 
dP
sP
end of file treatment


tOF : 12:25:06:466
wavfile=SR2_20180101_074238_000.wav
c:
g=10
sfte=192000
cF
nff = 2 sur 6097
cN
sD: 
dP
sP
end of file treatment


tOF : 12:25:06:595
wavfile=SR2_20180101_074727_000.wav
c:
g=10
sfte=192000
cF
nff = 1895 sur 10841
cN
sD: 
dP
sP
end of file treatment


tOF : 12:25:06:864
wavfile=SR2_20180101_075559_000.wav
c:
g=10
sfte=192000
cF
cN
sD: 
dP
sP
end of file treatment


tOF : 12:25:07:098
wavfile=SR2_20180101_075848_000.wav
c:
g=10
sfte=192000
cF
nff = 2150 sur 8137
cN
sD: 
dP
sP
end of file treatment


tOF : 12:25:07:411
wavfile=SR2_20180101_080453_000.wav
c:
g=10
sfte=192000
cF
cN
sD: 
dP
sP
end of file treatment


tOF : 12:25:07:582
wavfile=SR2_20180101_080729_000.wav
c:
g=10
sfte=192000
cF
cN
sD: 
dP
sP
end of file treatment


tOF : 12:25:07:777
wavfile=SR2_20180102_060021_000.wav
c:
g=10
sfte=192000
cF
cN
sD: 
dP
sP
end of file treatment


tOF : 12:25:07:953
wavfile=SR2_20180102_060909_000.wav
c:
g=10
sfte=192000
cF
cN
sD: 
dP
sP
end of file treatment


tOF : 12:25:08:105
wavfile=SR2_20180102_061945_000.wav
c:
g=10
sfte=192000
cF
nff = 8818 sur 10577
cN
sD: 
dP
sP
end of file treatment


tOF : 12:25:08:254
wavfile=SR2_20180102_062447_000.wav
c:
g=10
sfte=192000
cF
cN
sD: 
dP
sP
end of file treatment


tOF : 12:25:08:382
wavfile=SR2_20180102_065242_000.wav
c:
g=10
sfte=192000
cF
cN
sD: 
dP
sP
end of file treatment


tOF : 12:25:08:493
wavfile=SR2_20180102_214703_000.wav
c:
g=10
sfte=192000
cF
cN
sD: 
dP
sP
end of file treatment


tOF : 12:25:08:618
wavfile=SR2_20180102_214910_000.wav
c:
g=10
sfte=192000
cF
cN
sD: 
dP
sP
end of file treatment


tOF : 12:25:08:786
wavfile=SR2_20180102_215606_000.wav
c:
g=10
sfte=192000
cF
nff = 20 sur 6025
cN
sD: 
dP
sP
end of file treatment


tOF : 12:25:08:945
wavfile=SR2_20180102_223146_000.wav
c:
g=10
sfte=192000
cF
nff = 3116 sur 6081
cN
sD: 
dP
sP
end of file treatment


tOF : 12:25:09:068
wavfile=SR2_20180102_224836_000.wav
c:
g=10
sfte=192000
cF
cN
sD: 
dP
sP
end of file treatment


tOF : 12:25:09:142
wavfile=SR2_20180102_230422_000.wav
c:
g=10
sfte=192000
cF
cN
sD: 
dP
sP
end of file treatment


tOF : 12:25:09:393
wavfile=SR2_20180102_231239_000.wav
c:
g=10
sfte=192000
cF
nff = 2324 sur 6049
cN
sD: 
dP
sP
end of file treatment


tOF : 12:25:09:531
wavfile=SR2_20180102_231606_000.wav
c:
g=10
sfte=192000
cF
nff = 3288 sur 10569
cN
sD: 
dP
sP
end of file treatment


tOF : 12:25:09:785
wavfile=SR2_20180102_231815_000.wav
c:
g=10
sfte=192000
cF
cN
sD: 
dP
sP
end of file treatment


tOF : 12:25:09:947
wavfile=SR2_20180102_232150_000.wav
c:
g=10
sfte=192000
cF
nff = 3251 sur 6033
cN
sD: 
dP
sP
end of file treatment


tOF : 12:25:10:132
wavfile=SR2_20180102_232302_000.wav
c:
g=10
sfte=192000
cF
cN
sD: 
dP
sP
end of file treatment


tOF : 12:25:10:303
wavfile=SR2_20180102_232438_000.wav
c:
g=10
sfte=192000
cF
nff = 4727 sur 15569
cN
sD: 
dP
sP
end of file treatment


tOF : 12:25:10:627
wavfile=SR2_20180102_233115_000.wav
c:
g=10
sfte=192000
cF
cN
sD: 
dP
sP
end of file treatment


tOF : 12:25:10:717
wavfile=SR2_20180102_233730_000.wav
c:
g=10
sfte=192000
cF
cN
sD: 
dP
sP
end of file treatment


tOF : 12:25:11:046
wavfile=SR2_20180102_234309_000.wav
c:
g=10
sfte=192000
cF
cN
sD: 
dP
sP
end of file treatment


tOF : 12:25:11:185
wavfile=SR2_20180102_235737_000.wav
c:
g=10
sfte=192000
cF
nff = 3785 sur 10761
cN
sD: 
dP
sP
end of file treatment


tOF : 12:25:11:443
wavfile=SR2_20180103_000100_000.wav
c:
g=10
sfte=192000
cF
nff = 1972 sur 7961
cN
sD: 
dP
sP
end of file treatment


tOF : 12:25:11:665
wavfile=SR2_20180103_000151_000.wav
c:
g=10
sfte=192000
cF
nff = 3058 sur 8849
cN
sD: 
dP
sP
end of file treatment


tOF : 12:25:11:950
wavfile=SR2_20180103_000338_000.wav
c:
g=10
sfte=192000
cF
cN
sD: 
dP
sP
end of file treatment


tOF : 12:25:12:183
wavfile=SR2_20180103_000555_000.wav
c:
g=10
sfte=192000
cF
nff = 293 sur 6137
cN
sD: 
dP
sP
end of file treatment


tOF : 12:25:12:374
wavfile=SR2_20180103_000730_000.wav
c:
g=10
sfte=192000
cF
cN
sD: 
dP
sP
end of file treatment


tOF : 12:25:12:550
wavfile=SR2_20180103_000808_000.wav
c:
g=10
sfte=192000
cF
cN
sD: 
dP
sP
end of file treatment


tOF : 12:25:12:885
wavfile=SR2_20180103_001416_000.wav
c:
g=10
sfte=192000
cF
cN
sD: 
dP
sP
end of file treatment


tOF : 12:25:13:119
wavfile=SR2_20180103_003416_000.wav
c:
g=10
sfte=192000
cF
cN
sD: 
dP
sP
end of file treatment


tOF : 12:25:13:168
wavfile=SR2_20180103_011216_000.wav
c:
g=10
sfte=192000
cF
nff = 7 sur 6257
cN
sD: 
dP
sP
end of file treatment


tOF : 12:25:13:340
wavfile=SR2_20180103_013311_000.wav
c:
g=10
sfte=192000
cF
nff = 1451 sur 6097
cN
sD: 
dP
sP
end of file treatment


tOF : 12:25:13:484
wavfile=SR2_20180103_023117_000.wav
c:
g=10
sfte=192000
cF
nff = 33 sur 17033
cN
sD: 
dP
sP
end of file treatment


tOF : 12:25:13:790
wavfile=SR2_20180103_025415_000.wav
c:
g=10
sfte=192000
cF
cN
sD: 
dP
sP
end of file treatment


tOF : 12:25:13:901
wavfile=SR2_20180103_082428_000.wav
c:
g=10
sfte=192000
cF
cN
sD: 
dP
sP
end of file treatment


tOF : 12:25:14:018
wavfile=SR2_20180103_082537_000.wav
c:
g=10
sfte=192000
cF
cN
sD: 
dP
sP
end of file treatment


tOF : 12:25:14:159
wavfile=SR2_20180104_180207_000.wav
c:
g=10
sfte=192000
cF
cN
sD: 
dP
sP
end of file treatment


tOF : 12:25:14:250
wavfile=SR2_20180106_195705_000.wav
c:
g=10
sfte=192000
cF
nff = 1191 sur 10473
cN
sD: 
dP
sP
end of file treatment


tOF : 12:25:14:416
wavfile=SR2_20180106_200151_000.wav
c:
g=10
sfte=192000
cF
nff = 6616 sur 8225
cN
sD: 
dP
sP
end of file treatment


tOF : 12:25:14:550
wavfile=SR2_20180106_200352_000.wav
c:
g=10
sfte=192000
cF
nff = 3948 sur 8217
cN
sD: 
dP
sP
end of file treatment


tOF : 12:25:14:729
wavfile=SR2_20180106_200603_000.wav
c:
g=10
sfte=192000
cF
cN
sD: 
dP
sP
end of file treatment


tOF : 12:25:14:824
wavfile=SR2_20180106_200820_000.wav
c:
g=10
sfte=192000
cF
cN
sD: 
dP
sP
end of file treatment


tOF : 12:25:14:922
wavfile=SR2_20180106_201321_000.wav
c:
g=10
sfte=192000
cF
nff = 3762 sur 6273
cN
sD: 
dP
sP
end of file treatment


tOF : 12:25:15:051
wavfile=SR2_20180106_201859_000.wav
c:
g=10
sfte=192000
cF
cN
sD: 
dP
sP
end of file treatment


tOF : 12:25:15:377
wavfile=SR2_20180106_215305_000.wav
c:
g=10
sfte=192000
cF
cN
sD: 
dP
sP
end of file treatment


tOF : 12:25:15:485
wavfile=SR2_20180106_223233_000.wav
c:
g=10
sfte=192000
cF
cN
sD: 
dP
sP
end of file treatment


tOF : 12:25:15:599
wavfile=SR2_20180106_224140_000.wav
c:
g=10
sfte=192000
cF
cN
sD: 
dP
sP
end of file treatment


tOF : 12:25:15:687
wavfile=SR2_20180107_063244_000.wav
c:
g=10
sfte=192000
cF
cN
sD: 
dP
sP
end of file treatment


tOF : 12:25:15:798
wavfile=SR2_20180108_233621_000.wav
c:
g=10
sfte=192000
cF
cN
sD: 
dP
sP
end of file treatment


tOF : 12:25:15:858
wavfile=SR2_20180110_171647_000.wav
c:
g=10
sfte=192000
cF
cN
sD: 
dP
sP
end of file treatment


tOF : 12:25:16:050
wavfile=SR2_20180112_194925_000.wav
c:
g=10
sfte=192000
cF
cN
sD: 
dP
sP
end of file treatment


tOF : 12:25:16:241
wavfile=SR2_20180115_014721_000.wav
c:
g=10
sfte=192000
cF
cN
sD: 
dP
sP
end of file treatment


tOF : 12:25:16:393
wavfile=SR2_20180115_211627_000.wav
c:
g=10
sfte=192000
cF
cN
sD: 
dP
sP
end of file treatment


tOF : 12:25:16:728
wavfile=SR2_20180115_212305_000.wav
c:
g=10
sfte=192000
cF
cN
sD: 
dP
sP
end of file treatment


tOF : 12:25:16:854
wavfile=SR2_20180116_045812_000.wav
c:
g=10
sfte=192000
cF
cN
sD: 
dP
sP
end of file treatment


tOF : 12:25:16:984
wavfile=SR2_20180118_060821_000.wav
c:
g=10
sfte=192000
cF
cN
sD: 
dP
sP
end of file treatment


tOF : 12:25:17:046
wavfile=SR2_20180118_175702_000.wav
c:
g=10
sfte=192000
cF
cN
sD: 
dP
sP
end of file treatment


tOF : 12:25:17:150
wavfile=SR2_20180122_184052_000.wav
c:
g=10
sfte=192000
cF
cN
sD: 
dP
sP
end of file treatment


tOF : 12:25:17:248
wavfile=SR2_20180123_174821_000.wav
c:
g=10
sfte=192000
cF
cN
sD: 
dP
sP
end of file treatment


tOF : 12:25:17:565
wavfile=SR2_20180123_192428_000.wav
c:
g=10
sfte=192000
cF
cN
sD: 
dP
sP
end of file treatment


tOF : 12:25:17:818
wavfile=SR2_20180123_211026_000.wav
c:
g=10
sfte=192000
cF
cN
sD: 
dP
sP
end of file treatment


tOF : 12:25:17:955
wavfile=SR2_20180123_224818_000.wav
c:
g=10
sfte=192000
cF
cN
sD: 
dP
sP
end of file treatment


tOF : 12:25:18:047
wavfile=SR2_20180123_230021_000.wav
c:
g=10
sfte=192000
cF
cN
sD: 
dP
sP
end of file treatment


tOF : 12:25:18:139
wavfile=SR2_20180215_181718_000.wav
c:
g=10
sfte=192000
cF
cN
sD: 
dP
sP
end of file treatment


tOF : 12:25:18:233
wavfile=SR2_20180216_184218_000.wav
c:
g=10
sfte=192000
cF
cN
sD: 
dP
sP
end of file treatment


tOF : 12:25:18:309
wavfile=SR2_20180224_171337_000.wav
c:
g=10
sfte=192000
cF
cN
sD: 
dP
sP
end of file treatment


tOF : 12:25:18:416
wavfile=SR2_20180228_193012_000.wav
c:
g=10
sfte=192000
cF
cN
sD: 
dP
sP
end of file treatment


tOF : 12:25:18:863
wavfile=SR2_20180302_012520_000.wav
c:
g=10
sfte=192000
cF
cN
sD: 
dP
sP
end of file treatment


tOF : 12:25:18:972
wavfile=SR2_20180305_011750_000.wav
c:
g=10
sfte=192000
cF
cN
sD: 
dP
sP
end of file treatment


tOF : 12:25:19:207
wavfile=SR2_20180305_190049_000.wav
c:
g=10
sfte=192000
cF
cN
sD: 
dP
sP
end of file treatment


tOF : 12:25:19:677
wavfile=SR2_20180305_222744_000.wav
c:
g=10
sfte=192000
cF
cN
sD: 
dP
sP
end of file treatment


tOF : 12:25:19:869
wavfile=SR2_20180306_000717_000.wav
c:
g=10
sfte=192000
cF
cN
sD: 
dP
sP
end of file treatment


tOF : 12:25:20:243
wavfile=SR2_20180307_225116_000.wav
c:
g=10
sfte=192000
cF
cN
sD: 
dP
sP
end of file treatment


tOF : 12:25:20:497
wavfile=SR2_20180310_193322_000.wav
c:
g=10
sfte=192000
cF
cN
sD: 
dP
sP
end of file treatment


tOF : 12:25:20:586
wavfile=SR2_20180310_201829_000.wav
c:
g=10
sfte=192000
cF
cN
sD: 
dP
sP
end of file treatment


tOF : 12:25:20:769
wavfile=SR2_20180310_215313_000.wav
c:
g=10
sfte=192000
cF
cN
sD: 
dP
sP
end of file treatment


tOF : 12:25:20:978
wavfile=SR2_20180312_232024_000.wav
c:
g=10
sfte=192000
cF
cN
sD: 
dP
sP
end of file treatment
endDetec  IThread = 2
