dtt modefreq=1


tOF : 12:24:59:443
wavfile=SR2_20171228_064732_000.wav
c:
g=10
sfte=192000
cF
nff = 6203 sur 10441
cN
sD: 
dP
sP
end of file treatment


tOF : 12:24:59:740
wavfile=SR2_20171228_064833_000.wav
c:
g=10
sfte=192000
cF
nff = 2121 sur 7337
cN
sD: 
dP
sP
end of file treatment


tOF : 12:25:00:014
wavfile=SR2_20171228_064859_000.wav
c:
g=10
sfte=192000
cF
nff = 284 sur 6409
cN
sD: 
dP
sP
end of file treatment


tOF : 12:25:00:202
wavfile=SR2_20171228_065038_000.wav
c:
g=10
sfte=192000
cF
nff = 2543 sur 10473
cN
sD: 
dP
sP
end of file treatment


tOF : 12:25:00:498
wavfile=SR2_20171228_065403_000.wav
c:
g=10
sfte=192000
cF
nff = 9 sur 6361
cN
sD: 
dP
sP
end of file treatment


tOF : 12:25:00:690
wavfile=SR2_20171228_070401_000.wav
c:
g=10
sfte=192000
cF
cN
sD: 
dP
sP
end of file treatment


tOF : 12:25:00:804
wavfile=SR2_20171228_070542_000.wav
c:
g=10
sfte=192000
cF
nff = 534 sur 6081
cN
sD: 
dP
sP
end of file treatment


tOF : 12:25:01:055
wavfile=SR2_20171228_070757_000.wav
c:
g=10
sfte=192000
cF
cN
sD: 
dP
sP
end of file treatment


tOF : 12:25:01:205
wavfile=SR2_20171228_071132_000.wav
c:
g=10
sfte=192000
cF
cN
sD: 
dP
sP
end of file treatment


tOF : 12:25:01:361
wavfile=SR2_20171228_072521_000.wav
c:
g=10
sfte=192000
cF
cN
sD: 
dP
sP
end of file treatment


tOF : 12:25:01:550
wavfile=SR2_20171228_074447_000.wav
c:
g=10
sfte=192000
cF
cN
sD: 
dP
sP
end of file treatment


tOF : 12:25:01:720
wavfile=SR2_20171228_075038_000.wav
c:
g=10
sfte=192000
cF
nff = 350 sur 10513
cN
sD: 
dP
sP
end of file treatment


tOF : 12:25:01:962
wavfile=SR2_20171228_075225_000.wav
c:
g=10
sfte=192000
cF
nff = 6098 sur 8345
cN
sD: 
dP
sP
end of file treatment


tOF : 12:25:02:134
wavfile=SR2_20171228_075327_000.wav
c:
g=10
sfte=192000
cF
cN
sD: 
dP
sP
end of file treatment


tOF : 12:25:02:316
wavfile=SR2_20171228_075502_000.wav
c:
g=10
sfte=192000
cF
nff = 2992 sur 6145
cN
sD: 
dP
sP
end of file treatment


tOF : 12:25:02:450
wavfile=SR2_20171228_075906_000.wav
c:
g=10
sfte=192000
cF
cN
sD: 
dP
sP
end of file treatment


tOF : 12:25:02:630
wavfile=SR2_20171228_080341_000.wav
c:
g=10
sfte=192000
cF
cN
sD: 
dP
sP
end of file treatment


tOF : 12:25:02:729
wavfile=SR2_20171228_080604_000.wav
c:
g=10
sfte=192000
cF
nff = 1 sur 8233
cN
sD: 
dP
sP
end of file treatment


tOF : 12:25:02:868
wavfile=SR2_20171228_080826_000.wav
c:
g=10
sfte=192000
cF
nff = 2403 sur 6025
cN
sD: 
dP
sP
end of file treatment


tOF : 12:25:03:070
wavfile=SR2_20171228_081032_000.wav
c:
g=10
sfte=192000
cF
nff = 2470 sur 10521
cN
sD: 
dP
sP
end of file treatment


tOF : 12:25:03:313
wavfile=SR2_20171228_081852_000.wav
c:
g=10
sfte=192000
cF
cN
sD: 
dP
sP
end of file treatment


tOF : 12:25:03:403
wavfile=SR2_20171228_083116_000.wav
c:
g=10
sfte=192000
cF
nff = 2891 sur 6097
cN
sD: 
dP
sP
end of file treatment


tOF : 12:25:03:494
wavfile=SR2_20171228_083313_000.wav
c:
g=10
sfte=192000
cF
cN
sD: 
dP
sP
end of file treatment


tOF : 12:25:03:687
wavfile=SR2_20171228_153813_000.wav
c:
g=10
sfte=192000
cF
cN
sD: 
dP
sP
end of file treatment


tOF : 12:25:03:816
wavfile=SR2_20171228_184305_000.wav
c:
g=10
sfte=192000
cF
nff = 17 sur 17313
cN
sD: 
dP
sP
end of file treatment


tOF : 12:25:04:268
wavfile=SR2_20171228_184551_000.wav
c:
g=10
sfte=192000
cF
cN
sD: 
dP
sP
end of file treatment


tOF : 12:25:04:629
wavfile=SR2_20171228_202309_000.wav
c:
g=10
sfte=192000
cF
cN
sD: 
dP
sP
end of file treatment


tOF : 12:25:04:899
wavfile=SR2_20171228_213122_000.wav
c:
g=10
sfte=192000
cF
cN
sD: 
dP
sP
end of file treatment


tOF : 12:25:05:198
wavfile=SR2_20171231_003854_000.wav
c:
g=10
sfte=192000
cF
cN
sD: 
dP
sP
end of file treatment


tOF : 12:25:05:472
wavfile=SR2_20180101_002220_000.wav
c:
g=10
sfte=192000
cF
nff = 1903 sur 10809
cN
sD: 
dP
sP
end of file treatment


tOF : 12:25:05:688
wavfile=SR2_20180101_005230_000.wav
c:
g=10
sfte=192000
cF
cN
sD: 
dP
sP
end of file treatment


tOF : 12:25:05:807
wavfile=SR2_20180101_010033_000.wav
c:
g=10
sfte=192000
cF
nff = 11 sur 6249
cN
sD: 
dP
sP
end of file treatment


tOF : 12:25:06:030
wavfile=SR2_20180101_010858_000.wav
c:
g=10
sfte=192000
cF
nff = 2897 sur 10201
cN
sD: 
dP
sP
end of file treatment


tOF : 12:25:06:292
wavfile=SR2_20180101_011202_000.wav
c:
g=10
sfte=192000
cF
nff = 12 sur 8449
cN
sD: 
dP
sP
end of file treatment


tOF : 12:25:06:444
wavfile=SR2_20180101_011958_000.wav
c:
g=10
sfte=192000
cF
nff = 3753 sur 6201
cN
sD: 
dP
sP
end of file treatment


tOF : 12:25:06:620
wavfile=SR2_20180101_012841_000.wav
c:
g=10
sfte=192000
cF
cN
sD: 
dP
sP
end of file treatment


tOF : 12:25:06:700
wavfile=SR2_20180101_074334_000.wav
c:
g=10
sfte=192000
cF
cN
sD: 
dP
sP
end of file treatment


tOF : 12:25:06:960
wavfile=SR2_20180101_074733_000.wav
c:
g=10
sfte=192000
cF
nff = 7502 sur 10553
cN
sD: 
dP
sP
end of file treatment


tOF : 12:25:07:125
wavfile=SR2_20180101_075643_000.wav
c:
g=10
sfte=192000
cF
nff = 973 sur 6025
cN
sD: 
dP
sP
end of file treatment


tOF : 12:25:07:333
wavfile=SR2_20180101_080129_000.wav
c:
g=10
sfte=192000
cF
cN
sD: 
dP
sP
end of file treatment


tOF : 12:25:07:582
wavfile=SR2_20180101_080559_000.wav
c:
g=10
sfte=192000
cF
nff = 2652 sur 8313
cN
sD: 
dP
sP
end of file treatment


tOF : 12:25:07:854
wavfile=SR2_20180101_080747_000.wav
c:
g=10
sfte=192000
cF
cN
sD: 
dP
sP
end of file treatment


tOF : 12:25:07:960
wavfile=SR2_20180102_060108_000.wav
c:
g=10
sfte=192000
cF
cN
sD: 
dP
sP
end of file treatment


tOF : 12:25:08:175
wavfile=SR2_20180102_061539_000.wav
c:
g=10
sfte=192000
cF
nff = 2724 sur 6033
cN
sD: 
dP
sP
end of file treatment


tOF : 12:25:08:302
wavfile=SR2_20180102_061958_000.wav
c:
g=10
sfte=192000
cF
nff = 5686 sur 10505
cN
sD: 
dP
sP
end of file treatment


tOF : 12:25:08:472
wavfile=SR2_20180102_062844_000.wav
c:
g=10
sfte=192000
cF
cN
sD: 
dP
sP
end of file treatment


tOF : 12:25:08:675
wavfile=SR2_20180102_073349_000.wav
c:
g=10
sfte=192000
cF
cN
sD: 
dP
sP
end of file treatment


tOF : 12:25:08:775
wavfile=SR2_20180102_214752_000.wav
c:
g=10
sfte=192000
cF
nff = 898 sur 10537
cN
sD: 
dP
sP
end of file treatment


tOF : 12:25:09:070
wavfile=SR2_20180102_214914_000.wav
c:
g=10
sfte=192000
cF
nff = 1653 sur 6329
cN
sD: 
dP
sP
end of file treatment


tOF : 12:25:09:179
wavfile=SR2_20180102_220300_000.wav
c:
g=10
sfte=192000
cF
cN
sD: 
dP
sP
end of file treatment


tOF : 12:25:09:311
wavfile=SR2_20180102_223342_000.wav
c:
g=10
sfte=192000
cF
nff = 436 sur 6041
cN
sD: 
dP
sP
end of file treatment


tOF : 12:25:09:510
wavfile=SR2_20180102_225324_000.wav
c:
g=10
sfte=192000
cF
cN
sD: 
dP
sP
end of file treatment


tOF : 12:25:09:605
wavfile=SR2_20180102_230513_000.wav
c:
g=10
sfte=192000
cF
cN
sD: 
dP
sP
end of file treatment


tOF : 12:25:09:855
wavfile=SR2_20180102_231316_000.wav
c:
g=10
sfte=192000
cF
nff = 4154 sur 6169
cN
sD: 
dP
sP
end of file treatment


tOF : 12:25:10:002
wavfile=SR2_20180102_231638_000.wav
c:
g=10
sfte=192000
cF
cN
sD: 
dP
sP
end of file treatment


tOF : 12:25:10:153
wavfile=SR2_20180102_231914_000.wav
c:
g=10
sfte=192000
cF
nff = 1168 sur 6697
cN
sD: 
dP
sP
end of file treatment


tOF : 12:25:10:264
wavfile=SR2_20180102_232156_000.wav
c:
g=10
sfte=192000
cF
nff = 772 sur 6217
cN
sD: 
dP
sP
end of file treatment


tOF : 12:25:10:404
wavfile=SR2_20180102_232312_000.wav
c:
g=10
sfte=192000
cF
nff = 4404 sur 12665
cN
sD: 
dP
sP
end of file treatment


tOF : 12:25:10:732
wavfile=SR2_20180102_232541_000.wav
c:
g=10
sfte=192000
cF
cN
sD: 
dP
sP
end of file treatment


tOF : 12:25:10:868
wavfile=SR2_20180102_233208_000.wav
c:
g=10
sfte=192000
cF
cN
sD: 
dP
sP
end of file treatment


tOF : 12:25:10:940
wavfile=SR2_20180102_233740_000.wav
c:
g=10
sfte=192000
cF
nff = 11323 sur 16153
cN
sD: 
dP
sP
end of file treatment


tOF : 12:25:11:199
wavfile=SR2_20180102_234519_000.wav
c:
g=10
sfte=192000
cF
nff = 3113 sur 6121
cN
sD: 
dP
sP
end of file treatment


tOF : 12:25:11:357
wavfile=SR2_20180102_235850_000.wav
c:
g=10
sfte=192000
cF
nff = 392 sur 6249
cN
sD: 
dP
sP
end of file treatment


tOF : 12:25:11:543
wavfile=SR2_20180103_000115_000.wav
c:
g=10
sfte=192000
cF
nff = 2176 sur 9601
cN
sD: 
dP
sP
end of file treatment


tOF : 12:25:11:825
wavfile=SR2_20180103_000155_000.wav
c:
g=10
sfte=192000
cF
nff = 949 sur 9801
cN
sD: 
dP
sP
end of file treatment


tOF : 12:25:12:107
wavfile=SR2_20180103_000402_000.wav
c:
g=10
sfte=192000
cF
nff = 1190 sur 8121
cN
limited to 300000 pixels
sD: 
dP
sP
end of file treatment


tOF : 12:25:12:319
wavfile=SR2_20180103_000600_000.wav
c:
g=10
sfte=192000
cF
nff = 1028 sur 10425
cN
limited to 300000 pixels
sD: 
dP
sP
end of file treatment


tOF : 12:25:12:628
wavfile=SR2_20180103_000735_000.wav
c:
g=10
sfte=192000
cF
cN
sD: 
dP
sP
end of file treatment


tOF : 12:25:12:917
wavfile=SR2_20180103_000846_000.wav
c:
g=10
sfte=192000
cF
cN
sD: 
dP
sP
end of file treatment


tOF : 12:25:13:099
wavfile=SR2_20180103_001829_000.wav
c:
g=10
sfte=192000
cF
cN
sD: 
dP
sP
end of file treatment


tOF : 12:25:13:153
wavfile=SR2_20180103_003418_000.wav
c:
g=10
sfte=192000
cF
cN
sD: 
dP
sP
end of file treatment


tOF : 12:25:13:211
wavfile=SR2_20180103_011738_000.wav
c:
g=10
sfte=192000
cF
cN
sD: 
dP
sP
end of file treatment


tOF : 12:25:13:271
wavfile=SR2_20180103_013314_000.wav
c:
g=10
sfte=192000
cF
nff = 1283 sur 6241
cN
sD: 
dP
sP
end of file treatment


tOF : 12:25:13:448
wavfile=SR2_20180103_023139_000.wav
c:
g=10
sfte=192000
cF
cN
sD: 
dP
sP
end of file treatment


tOF : 12:25:13:657
wavfile=SR2_20180103_032943_000.wav
c:
g=10
sfte=192000
cF
cN
sD: 
dP
sP
end of file treatment


tOF : 12:25:13:735
wavfile=SR2_20180103_082431_000.wav
c:
g=10
sfte=192000
cF
cN
sD: 
dP
sP
end of file treatment


tOF : 12:25:13:841
wavfile=SR2_20180104_173503_000.wav
c:
g=10
sfte=192000
cF
cN
sD: 
dP
sP
end of file treatment


tOF : 12:25:14:073
wavfile=SR2_20180104_191619_000.wav
c:
g=10
sfte=192000
cF
cN
sD: 
dP
sP
end of file treatment


tOF : 12:25:14:191
wavfile=SR2_20180106_195722_000.wav
c:
g=10
sfte=192000
cF
cN
sD: 
dP
sP
end of file treatment


tOF : 12:25:14:312
wavfile=SR2_20180106_200206_000.wav
c:
g=10
sfte=192000
cF
nff = 2474 sur 8241
cN
sD: 
dP
sP
end of file treatment


tOF : 12:25:14:460
wavfile=SR2_20180106_200415_000.wav
c:
g=10
sfte=192000
cF
cN
sD: 
dP
sP
end of file treatment


tOF : 12:25:14:616
wavfile=SR2_20180106_200637_000.wav
c:
g=10
sfte=192000
cF
nff = 5694 sur 8377
cN
sD: 
dP
sP
end of file treatment


tOF : 12:25:14:786
wavfile=SR2_20180106_200856_000.wav
c:
g=10
sfte=192000
cF
cN
sD: 
dP
sP
end of file treatment


tOF : 12:25:14:848
wavfile=SR2_20180106_201606_000.wav
c:
g=10
sfte=192000
cF
nff = 610 sur 6057
cN
sD: 
dP
sP
end of file treatment


tOF : 12:25:15:029
wavfile=SR2_20180106_210828_000.wav
c:
g=10
sfte=192000
cF
cN
sD: 
dP
sP
end of file treatment


tOF : 12:25:15:122
wavfile=SR2_20180106_220621_000.wav
c:
g=10
sfte=192000
cF
nff = 1926 sur 6105
cN
sD: 
dP
sP
end of file treatment


tOF : 12:25:15:278
wavfile=SR2_20180106_223327_000.wav
c:
g=10
sfte=192000
cF
cN
sD: 
dP
sP
end of file treatment


tOF : 12:25:15:347
wavfile=SR2_20180106_224958_000.wav
c:
g=10
sfte=192000
cF
cN
sD: 
dP
sP
end of file treatment


tOF : 12:25:15:434
wavfile=SR2_20180108_001838_000.wav
c:
g=10
sfte=192000
cF
cN
sD: 
dP
sP
end of file treatment


tOF : 12:25:15:584
wavfile=SR2_20180109_202314_000.wav
c:
g=10
sfte=192000
cF
cN
sD: 
dP
sP
end of file treatment


tOF : 12:25:15:887
wavfile=SR2_20180110_175751_000.wav
c:
g=10
sfte=192000
cF
cN
sD: 
dP
sP
end of file treatment


tOF : 12:25:16:226
wavfile=SR2_20180113_192636_000.wav
c:
g=10
sfte=192000
cF
cN
sD: 
dP
sP
end of file treatment


tOF : 12:25:16:508
wavfile=SR2_20180115_014755_000.wav
c:
g=10
sfte=192000
cF
cN
sD: 
dP
sP
end of file treatment


tOF : 12:25:16:593
wavfile=SR2_20180115_211632_000.wav
c:
g=10
sfte=192000
cF
cN
sD: 
dP
sP
end of file treatment


tOF : 12:25:16:737
wavfile=SR2_20180115_212318_000.wav
c:
g=10
sfte=192000
cF
cN
sD: 
dP
sP
end of file treatment


tOF : 12:25:16:877
wavfile=SR2_20180116_074205_000.wav
c:
g=10
sfte=192000
cF
cN
sD: 
dP
sP
end of file treatment


tOF : 12:25:17:011
wavfile=SR2_20180118_062343_000.wav
c:
g=10
sfte=192000
cF
cN
sD: 
dP
sP
end of file treatment


tOF : 12:25:17:107
wavfile=SR2_20180122_182035_000.wav
c:
g=10
sfte=192000
cF
cN
sD: 
dP
sP
end of file treatment


tOF : 12:25:17:413
wavfile=SR2_20180122_184055_000.wav
c:
g=10
sfte=192000
cF
cN
sD: 
dP
sP
end of file treatment


tOF : 12:25:17:564
wavfile=SR2_20180123_174826_000.wav
c:
g=10
sfte=192000
cF
cN
sD: 
dP
sP
end of file treatment


tOF : 12:25:17:604
wavfile=SR2_20180123_192433_000.wav
c:
g=10
sfte=192000
cF
cN
sD: 
dP
sP
end of file treatment


tOF : 12:25:17:626
wavfile=SR2_20180123_211029_000.wav
c:
g=10
sfte=192000
cF
cN
sD: 
dP
sP
end of file treatment


tOF : 12:25:17:777
wavfile=SR2_20180123_224828_000.wav
c:
g=10
sfte=192000
cF
cN
sD: 
dP
sP
end of file treatment


tOF : 12:25:18:189
wavfile=SR2_20180123_230023_000.wav
c:
g=10
sfte=192000
cF
cN
sD: 
dP
sP
end of file treatment


tOF : 12:25:18:298
wavfile=SR2_20180215_203454_000.wav
c:
g=10
sfte=192000
cF
cN
sD: 
dP
sP
end of file treatment


tOF : 12:25:18:403
wavfile=SR2_20180217_191221_000.wav
c:
g=10
sfte=192000
cF
cN
sD: 
dP
sP
end of file treatment


tOF : 12:25:18:520
wavfile=SR2_20180228_182247_000.wav
c:
g=10
sfte=192000
cF
cN
sD: 
dP
sP
end of file treatment


tOF : 12:25:18:749
wavfile=SR2_20180228_193017_000.wav
c:
g=10
sfte=192000
cF
cN
sD: 
dP
sP
end of file treatment


tOF : 12:25:18:885
wavfile=SR2_20180302_063218_000.wav
c:
g=10
sfte=192000
cF
cN
sD: 
dP
sP
end of file treatment


tOF : 12:25:18:987
wavfile=SR2_20180305_011753_000.wav
c:
g=10
sfte=192000
cF
cN
sD: 
dP
sP
end of file treatment


tOF : 12:25:19:188
wavfile=SR2_20180305_190133_000.wav
c:
g=10
sfte=192000
cF
cN
sD: 
dP
sP
end of file treatment


tOF : 12:25:19:427
wavfile=SR2_20180305_224930_000.wav
c:
g=10
sfte=192000
cF
cN
sD: 
dP
sP
end of file treatment


tOF : 12:25:19:687
wavfile=SR2_20180306_184712_000.wav
c:
g=10
sfte=192000
cF
cN
sD: 
dP
sP
end of file treatment


tOF : 12:25:19:867
wavfile=SR2_20180307_225124_000.wav
c:
g=10
sfte=192000
cF
cN
sD: 
dP
sP
end of file treatment


tOF : 12:25:20:034
wavfile=SR2_20180310_193523_000.wav
c:
g=10
sfte=192000
cF
cN
sD: 
dP
sP
end of file treatment


tOF : 12:25:20:163
wavfile=SR2_20180310_211348_000.wav
c:
g=10
sfte=192000
cF
cN
sD: 
dP
sP
end of file treatment


tOF : 12:25:20:365
wavfile=SR2_20180311_014152_000.wav
c:
g=10
sfte=192000
cF
cN
sD: 
dP
sP
end of file treatment


tOF : 12:25:20:605
wavfile=SR2_20180313_215540_000.wav
c:
g=10
sfte=192000
cF
cN
sD: 
dP
sP
end of file treatment
endDetec  IThread = 3
