dtt modefreq=1


tOF : 12:06:41:313
wavfile=SR2_20160314_173920_427.wav
c:
g=10
sfte=192000
cF
cN
sD: 
dP
sP
end of file treatment


tOF : 12:06:41:391
wavfile=SR2_20160314_175401_071.wav
c:
g=10
sfte=192000
cF
cN
sD: 
dP
sP
end of file treatment


tOF : 12:06:41:506
wavfile=SR2_20160314_175802_000.wav
c:
g=10
sfte=192000
cF
cN
sD: 
dP
sP
end of file treatment


tOF : 12:06:41:615
wavfile=SR2_20160314_192804_000.wav
c:
g=10
sfte=192000
cF
cN
sD: 
dP
sP
end of file treatment


tOF : 12:06:41:810
wavfile=SR2_20160314_195824_503.wav
c:
g=10
sfte=192000
cF
cN
sD: 
dP
sP
end of file treatment


tOF : 12:06:41:920
wavfile=SR2_20160314_200522_941.wav
c:
g=10
sfte=192000
cF
cN
sD: 
dP
sP
end of file treatment


tOF : 12:06:42:142
wavfile=SR2_20160314_202804_000.wav
c:
g=10
sfte=192000
cF
cN
sD: 
dP
sP
end of file treatment


tOF : 12:06:42:204
wavfile=SR2_20160314_211134_112.wav
c:
g=10
sfte=192000
cF
cN
sD: 
dP
sP
end of file treatment


tOF : 12:06:42:345
wavfile=SR2_20160314_211242_073.wav
c:
g=10
sfte=192000
cF
cN
sD: 
dP
sP
end of file treatment


tOF : 12:06:42:483
wavfile=SR2_20160314_222156_413.wav
c:
g=10
sfte=192000
cF
cN
sD: 
dP
sP
end of file treatment


tOF : 12:06:42:629
wavfile=SR2_20160314_222804_000.wav
c:
g=10
sfte=192000
cF
cN
sD: 
dP
sP
end of file treatment


tOF : 12:06:42:739
wavfile=SR2_20160314_225825_521.wav
c:
g=10
sfte=192000
cF
cN
sD: 
dP
sP
end of file treatment


tOF : 12:06:42:889
wavfile=SR2_20160314_231803_441.wav
c:
g=10
sfte=192000
cF
cN
sD: 
dP
sP
end of file treatment


tOF : 12:06:43:045
wavfile=SR2_20160314_235051_629.wav
c:
g=10
sfte=192000
cF
cN
sD: 
dP
sP
end of file treatment


tOF : 12:06:43:123
wavfile=SR2_20160315_010446_507.wav
c:
g=10
sfte=192000
cF
cN
sD: 
dP
sP
end of file treatment


tOF : 12:06:43:232
wavfile=SR2_20160315_020924_493.wav
c:
g=10
sfte=192000
cF
cN
sD: 
dP
sP
end of file treatment


tOF : 12:06:43:357
wavfile=SR2_20160315_024423_472.wav
c:
g=10
sfte=192000
cF
cN
sD: 
dP
sP
end of file treatment


tOF : 12:06:43:572
wavfile=SR2_20160315_024441_280.wav
c:
g=10
sfte=192000
cF
cN
sD: 
dP
sP
end of file treatment


tOF : 12:06:43:666
wavfile=SR2_20160315_025806_000.wav
c:
g=10
sfte=192000
cF
cN
sD: 
dP
sP
end of file treatment


tOF : 12:06:43:779
wavfile=SR2_20160315_040636_392.wav
c:
g=10
sfte=192000
cF
cN
sD: 
dP
sP
end of file treatment


tOF : 12:06:43:951
wavfile=SR2_20160315_040652_109.wav
c:
g=10
sfte=192000
cF
cN
sD: 
dP
sP
end of file treatment


tOF : 12:06:44:170
wavfile=SR2_20160315_042806_000.wav
c:
g=10
sfte=192000
cF
cN
sD: 
dP
sP
end of file treatment


tOF : 12:06:44:248
wavfile=SR2_20160315_055151_463.wav
c:
g=10
sfte=192000
cF
cN
sD: 
dP
sP
end of file treatment


tOF : 12:06:44:424
wavfile=SR2_20160315_173000_000.wav
c:
g=10
sfte=192000
cF
cN
sD: 
dP
sP
end of file treatment


tOF : 12:06:44:518
wavfile=SR2_20160315_190004_000.wav
c:
g=10
sfte=192000
cF
cN
sD: 
dP
sP
end of file treatment


tOF : 12:06:44:607
wavfile=SR2_20160315_195844_504.wav
c:
g=10
sfte=192000
cF
cN
sD: 
dP
sP
end of file treatment


tOF : 12:06:44:793
wavfile=SR2_20160315_204017_969.wav
c:
g=10
sfte=192000
cF
cN
sD: 
dP
sP
end of file treatment


tOF : 12:06:44:894
wavfile=SR2_20160315_205114_217.wav
c:
g=10
sfte=192000
cF
cN
sD: 
dP
sP
end of file treatment


tOF : 12:06:45:013
wavfile=SR2_20160315_210832_317.wav
c:
g=10
sfte=192000
cF
cN
sD: 
dP
sP
end of file treatment


tOF : 12:06:45:093
wavfile=SR2_20160315_215807_348.wav
c:
g=10
sfte=192000
cF
cN
sD: 
dP
sP
end of file treatment


tOF : 12:06:45:157
wavfile=SR2_20160315_220641_749.wav
c:
g=10
sfte=192000
cF
cN
sD: 
dP
sP
end of file treatment


tOF : 12:06:45:242
wavfile=SR2_20160315_232534_188.wav
c:
g=10
sfte=192000
cF
cN
sD: 
dP
sP
end of file treatment


tOF : 12:06:45:470
wavfile=SR2_20160315_233004_000.wav
c:
g=10
sfte=192000
cF
cN
sD: 
dP
sP
end of file treatment


tOF : 12:06:45:568
wavfile=SR2_20160316_001452_705.wav
c:
g=10
sfte=192000
cF
cN
sD: 
dP
sP
end of file treatment


tOF : 12:06:45:662
wavfile=SR2_20160316_020004_000.wav
c:
g=10
sfte=192000
cF
cN
sD: 
dP
sP
end of file treatment


tOF : 12:06:45:726
wavfile=SR2_20160316_033004_000.wav
c:
g=10
sfte=192000
cF
cN
sD: 
dP
sP
end of file treatment


tOF : 12:06:45:797
wavfile=SR2_20160316_043004_000.wav
c:
g=10
sfte=192000
cF
cN
sD: 
dP
sP
end of file treatment


tOF : 12:06:45:919
wavfile=SR2_20160316_060004_000.wav
c:
g=10
sfte=192000
cF
cN
sD: 
dP
sP
end of file treatment


tOF : 12:06:46:085
wavfile=SR2_20160316_180202_000.wav
c:
g=10
sfte=192000
cF
cN
sD: 
dP
sP
end of file treatment


tOF : 12:06:46:225
wavfile=SR2_20160316_180421_511.wav
c:
g=10
sfte=192000
cF
cN
sD: 
dP
sP
end of file treatment


tOF : 12:06:46:392
wavfile=SR2_20160316_190204_000.wav
c:
g=10
sfte=192000
cF
cN
sD: 
dP
sP
end of file treatment


tOF : 12:06:46:522
wavfile=SR2_20160316_210204_000.wav
c:
g=10
sfte=192000
cF
cN
sD: 
dP
sP
end of file treatment


tOF : 12:06:46:594
wavfile=SR2_20160316_230204_000.wav
c:
g=10
sfte=192000
cF
cN
sD: 
dP
sP
end of file treatment


tOF : 12:06:46:711
wavfile=SR2_20160317_003204_000.wav
c:
g=10
sfte=192000
cF
cN
sD: 
dP
sP
end of file treatment


tOF : 12:06:46:849
wavfile=SR2_20160317_023204_000.wav
c:
g=10
sfte=192000
cF
cN
sD: 
dP
sP
end of file treatment


tOF : 12:06:47:012
wavfile=SR2_20160317_043204_000.wav
c:
g=10
sfte=192000
cF
cN
sD: 
dP
sP
end of file treatment


tOF : 12:06:47:191
wavfile=SR2_20160317_063204_000.wav
c:
g=10
sfte=192000
cF
cN
sD: 
dP
sP
end of file treatment


tOF : 12:06:47:335
wavfile=SR2_20160317_175151_197.wav
c:
g=10
sfte=192000
cF
cN
sD: 
dP
sP
end of file treatment


tOF : 12:06:47:467
wavfile=SR2_20160317_180018_709.wav
c:
g=10
sfte=192000
cF
cN
sD: 
dP
sP
end of file treatment


tOF : 12:06:47:665
wavfile=SR2_20160317_180402_000.wav
c:
g=10
sfte=192000
cF
cN
sD: 
dP
sP
end of file treatment


tOF : 12:06:47:784
wavfile=SR2_20160317_195759_032.wav
c:
g=10
sfte=192000
cF
cN
sD: 
dP
sP
end of file treatment


tOF : 12:06:47:938
wavfile=SR2_20160317_195953_468.wav
c:
g=10
sfte=192000
cF
cN
sD: 
dP
sP
end of file treatment


tOF : 12:06:48:034
wavfile=SR2_20160317_213404_000.wav
c:
g=10
sfte=192000
cF
cN
sD: 
dP
sP
end of file treatment


tOF : 12:06:48:107
wavfile=SR2_20160317_233404_000.wav
c:
g=10
sfte=192000
cF
cN
sD: 
dP
sP
end of file treatment


tOF : 12:06:48:232
wavfile=SR2_20160318_013404_000.wav
c:
g=10
sfte=192000
cF
cN
sD: 
dP
sP
end of file treatment


tOF : 12:06:48:345
wavfile=SR2_20160318_033404_000.wav
c:
g=10
sfte=192000
cF
cN
sD: 
dP
sP
end of file treatment


tOF : 12:06:48:535
wavfile=SR2_20160318_053404_000.wav
c:
g=10
sfte=192000
cF
cN
sD: 
dP
sP
end of file treatment


tOF : 12:06:48:683
wavfile=SR2_20160318_175341_040.wav
c:
g=10
sfte=192000
cF
cN
sD: 
dP
sP
end of file treatment


tOF : 12:06:48:930
wavfile=SR2_20160318_183504_000.wav
c:
g=10
sfte=192000
cF
cN
sD: 
dP
sP
end of file treatment


tOF : 12:06:48:998
wavfile=SR2_20160318_203504_000.wav
c:
g=10
sfte=192000
cF
cN
sD: 
dP
sP
end of file treatment


tOF : 12:06:49:159
wavfile=SR2_20160318_223504_000.wav
c:
g=10
sfte=192000
cF
cN
sD: 
dP
sP
end of file treatment


tOF : 12:06:49:306
wavfile=SR2_20160319_000504_000.wav
c:
g=10
sfte=192000
cF
cN
sD: 
dP
sP
end of file treatment


tOF : 12:06:49:432
wavfile=SR2_20160319_020504_000.wav
c:
g=10
sfte=192000
cF
cN
sD: 
dP
sP
end of file treatment


tOF : 12:06:49:593
wavfile=SR2_20160319_040504_000.wav
c:
g=10
sfte=192000
cF
cN
sD: 
dP
sP
end of file treatment


tOF : 12:06:49:708
wavfile=SR2_20160319_060504_000.wav
c:
g=10
sfte=192000
cF
cN
sD: 
dP
sP
end of file treatment


tOF : 12:06:49:856
wavfile=SR2_20160319_180702_000.wav
c:
g=10
sfte=192000
cF
cN
sD: 
dP
sP
end of file treatment


tOF : 12:06:49:980
wavfile=SR2_20160319_200704_000.wav
c:
g=10
sfte=192000
cF
cN
sD: 
dP
sP
end of file treatment


tOF : 12:06:50:127
wavfile=SR2_20160319_210704_000.wav
c:
g=10
sfte=192000
cF
cN
sD: 
dP
sP
end of file treatment


tOF : 12:06:50:221
wavfile=SR2_20160319_212237_344.wav
c:
g=10
sfte=192000
cF
cN
sD: 
dP
sP
end of file treatment


tOF : 12:06:50:363
wavfile=SR2_20160319_213704_000.wav
c:
g=10
sfte=192000
cF
cN
sD: 
dP
sP
end of file treatment


tOF : 12:06:50:440
wavfile=SR2_20160319_223704_000.wav
c:
g=10
sfte=192000
cF
cN
sD: 
dP
sP
end of file treatment


tOF : 12:06:50:531
wavfile=SR2_20160319_233736_984.wav
c:
g=10
sfte=192000
cF
cN
sD: 
dP
sP
end of file treatment


tOF : 12:06:50:604
wavfile=SR2_20160320_005710_628.wav
c:
g=10
sfte=192000
cF
cN
sD: 
dP
sP
end of file treatment


tOF : 12:06:50:692
wavfile=SR2_20160320_005728_225.wav
c:
g=10
sfte=192000
cF
cN
sD: 
dP
sP
end of file treatment


tOF : 12:06:50:844
wavfile=SR2_20160320_005834_952.wav
c:
g=10
sfte=192000
cF
cN
sD: 
dP
sP
end of file treatment


tOF : 12:06:50:930
wavfile=SR2_20160320_013704_000.wav
c:
g=10
sfte=192000
cF
cN
sD: 
dP
sP
end of file treatment


tOF : 12:06:51:065
wavfile=SR2_20160320_033704_000.wav
c:
g=10
sfte=192000
cF
cN
sD: 
dP
sP
end of file treatment


tOF : 12:06:51:158
wavfile=SR2_20160320_050704_000.wav
c:
g=10
sfte=192000
cF
cN
sD: 
dP
sP
end of file treatment


tOF : 12:06:51:215
wavfile=SR2_20160320_174044_391.wav
c:
g=10
sfte=192000
cF
cN
sD: 
dP
sP
end of file treatment


tOF : 12:06:51:291
wavfile=SR2_20160320_174302_076.wav
c:
g=10
sfte=192000
cF
cN
sD: 
dP
sP
end of file treatment


tOF : 12:06:51:421
wavfile=SR2_20160320_174526_632.wav
c:
g=10
sfte=192000
cF
cN
sD: 
dP
sP
end of file treatment


tOF : 12:06:51:576
wavfile=SR2_20160320_175804_439.wav
c:
g=10
sfte=192000
cF
cN
sD: 
dP
sP
end of file treatment


tOF : 12:06:51:669
wavfile=SR2_20160320_180845_659.wav
c:
g=10
sfte=192000
cF
cN
sD: 
dP
sP
end of file treatment


tOF : 12:06:51:835
wavfile=SR2_20160320_193904_000.wav
c:
g=10
sfte=192000
cF
cN
sD: 
dP
sP
end of file treatment


tOF : 12:06:51:900
wavfile=SR2_20160320_210904_000.wav
c:
g=10
sfte=192000
cF
cN
sD: 
dP
sP
end of file treatment


tOF : 12:06:51:980
wavfile=SR2_20160320_230904_000.wav
c:
g=10
sfte=192000
cF
cN
sD: 
dP
sP
end of file treatment


tOF : 12:06:52:050
wavfile=SR2_20160321_010333_611.wav
c:
g=10
sfte=192000
cF
cN
sD: 
dP
sP
end of file treatment


tOF : 12:06:52:374
wavfile=SR2_20160321_020904_000.wav
c:
g=10
sfte=192000
cF
cN
sD: 
dP
sP
end of file treatment


tOF : 12:06:52:459
wavfile=SR2_20160321_040904_000.wav
c:
g=10
sfte=192000
cF
cN
sD: 
dP
sP
end of file treatment


tOF : 12:06:52:523
wavfile=SR2_20160321_060904_000.wav
c:
g=10
sfte=192000
cF
cN
sD: 
dP
sP
end of file treatment


tOF : 12:06:52:621
wavfile=SR2_20160321_180013_387.wav
c:
g=10
sfte=192000
cF
cN
sD: 
dP
sP
end of file treatment


tOF : 12:06:52:814
wavfile=SR2_20160321_181350_707.wav
c:
g=10
sfte=192000
cF
cN
sD: 
dP
sP
end of file treatment


tOF : 12:06:52:872
wavfile=SR2_20160321_201104_000.wav
c:
g=10
sfte=192000
cF
cN
sD: 
dP
sP
end of file treatment


tOF : 12:06:52:962
wavfile=SR2_20160321_214104_000.wav
c:
g=10
sfte=192000
cF
cN
sD: 
dP
sP
end of file treatment


tOF : 12:06:53:063
wavfile=SR2_20160321_231104_000.wav
c:
g=10
sfte=192000
cF
cN
sD: 
dP
sP
end of file treatment


tOF : 12:06:53:116
wavfile=SR2_20160322_004104_000.wav
c:
g=10
sfte=192000
cF
cN
sD: 
dP
sP
end of file treatment


tOF : 12:06:53:212
wavfile=SR2_20160322_024104_000.wav
c:
g=10
sfte=192000
cF
cN
sD: 
dP
sP
end of file treatment


tOF : 12:06:53:297
wavfile=SR2_20160322_044104_000.wav
c:
g=10
sfte=192000
cF
cN
sD: 
dP
sP
end of file treatment


tOF : 12:06:53:392
wavfile=SR2_20160322_061104_000.wav
c:
g=10
sfte=192000
cF
cN
sD: 
dP
sP
end of file treatment


tOF : 12:06:53:485
wavfile=SR2_20160322_174919_392.wav
c:
g=10
sfte=192000
cF
cN
sD: 
dP
sP
end of file treatment


tOF : 12:06:53:566
wavfile=SR2_20160322_175350_976.wav
c:
g=10
sfte=192000
cF
cN
sD: 
dP
sP
end of file treatment


tOF : 12:06:53:652
wavfile=SR2_20160322_180112_815.wav
c:
g=10
sfte=192000
cF
cN
sD: 
dP
sP
end of file treatment


tOF : 12:06:53:760
wavfile=SR2_20160322_180906_837.wav
c:
g=10
sfte=192000
cF
cN
sD: 
dP
sP
end of file treatment


tOF : 12:06:53:848
wavfile=SR2_20160322_181625_464.wav
c:
g=10
sfte=192000
cF
cN
sD: 
dP
sP
end of file treatment


tOF : 12:06:53:917
wavfile=SR2_20160322_182148_965.wav
c:
g=10
sfte=192000
cF
cN
sD: 
dP
sP
end of file treatment


tOF : 12:06:54:027
wavfile=SR2_20160322_194204_000.wav
c:
g=10
sfte=192000
cF
cN
sD: 
dP
sP
end of file treatment


tOF : 12:06:54:102
wavfile=SR2_20160322_214204_000.wav
c:
g=10
sfte=192000
cF
cN
sD: 
dP
sP
end of file treatment


tOF : 12:06:54:230
wavfile=SR2_20160322_231204_000.wav
c:
g=10
sfte=192000
cF
cN
sD: 
dP
sP
end of file treatment


tOF : 12:06:54:393
wavfile=SR2_20160323_011204_000.wav
c:
g=10
sfte=192000
cF
cN
sD: 
dP
sP
end of file treatment


tOF : 12:06:54:467
wavfile=SR2_20160323_021226_448.wav
c:
g=10
sfte=192000
cF
cN
sD: 
dP
sP
end of file treatment


tOF : 12:06:54:820
wavfile=SR2_20160323_024204_000.wav
c:
g=10
sfte=192000
cF
cN
sD: 
dP
sP
end of file treatment


tOF : 12:06:54:929
wavfile=SR2_20160323_044204_000.wav
c:
g=10
sfte=192000
cF
cN
sD: 
dP
sP
end of file treatment


tOF : 12:06:54:999
wavfile=SR2_20160323_061204_000.wav
c:
g=10
sfte=192000
cF
cN
sD: 
dP
sP
end of file treatment


tOF : 12:06:55:084
wavfile=SR2_20160323_184404_000.wav
c:
g=10
sfte=192000
cF
cN
sD: 
dP
sP
end of file treatment


tOF : 12:06:55:175
wavfile=SR2_20160323_194404_000.wav
c:
g=10
sfte=192000
cF
cN
sD: 
dP
sP
end of file treatment


tOF : 12:06:55:262
wavfile=SR2_20160323_204404_000.wav
c:
g=10
sfte=192000
cF
cN
sD: 
dP
sP
end of file treatment


tOF : 12:06:55:315
wavfile=SR2_20160323_213939_507.wav
c:
g=10
sfte=192000
cF
cN
sD: 
dP
sP
end of file treatment


tOF : 12:06:55:458
wavfile=SR2_20160323_214223_552.wav
c:
g=10
sfte=192000
cF
cN
sD: 
dP
sP
end of file treatment


tOF : 12:06:55:761
wavfile=SR2_20160323_215633_991.wav
c:
g=10
sfte=192000
cF
cN
sD: 
dP
sP
end of file treatment


tOF : 12:06:55:926
wavfile=SR2_20160323_224404_000.wav
c:
g=10
sfte=192000
cF
cN
sD: 
dP
sP
end of file treatment


tOF : 12:06:56:062
wavfile=SR2_20160323_225121_691.wav
c:
g=10
sfte=192000
cF
cN
sD: 
dP
sP
end of file treatment


tOF : 12:06:56:270
wavfile=SR2_20160323_234404_000.wav
c:
g=10
sfte=192000
cF
cN
sD: 
dP
sP
end of file treatment


tOF : 12:06:56:373
wavfile=SR2_20160324_002520_059.wav
c:
g=10
sfte=192000
cF
cN
sD: 
dP
sP
end of file treatment


tOF : 12:06:56:640
wavfile=SR2_20160324_011404_000.wav
c:
g=10
sfte=192000
cF
cN
sD: 
dP
sP
end of file treatment


tOF : 12:06:56:762
wavfile=SR2_20160324_022811_320.wav
c:
g=10
sfte=192000
cF
cN
sD: 
dP
sP
end of file treatment


tOF : 12:06:57:052
wavfile=SR2_20160324_024404_000.wav
c:
g=10
sfte=192000
cF
cN
sD: 
dP
sP
end of file treatment


tOF : 12:06:57:184
wavfile=SR2_20160324_044404_000.wav
c:
g=10
sfte=192000
cF
cN
sD: 
dP
sP
end of file treatment


tOF : 12:06:57:281
wavfile=SR2_20160324_174600_000.wav
c:
g=10
sfte=192000
cF
cN
sD: 
dP
sP
end of file treatment


tOF : 12:06:57:412
wavfile=SR2_20160324_183547_191.wav
c:
g=10
sfte=192000
cF
cN
sD: 
dP
sP
end of file treatment


tOF : 12:06:57:549
wavfile=SR2_20160324_194604_000.wav
c:
g=10
sfte=192000
cF
cN
sD: 
dP
sP
end of file treatment


tOF : 12:06:57:678
wavfile=SR2_20160324_211604_000.wav
c:
g=10
sfte=192000
cF
cN
sD: 
dP
sP
end of file treatment


tOF : 12:06:57:765
wavfile=SR2_20160324_224604_000.wav
c:
g=10
sfte=192000
cF
cN
sD: 
dP
sP
end of file treatment


tOF : 12:06:57:887
wavfile=SR2_20160324_234604_000.wav
c:
g=10
sfte=192000
cF
cN
sD: 
dP
sP
end of file treatment


tOF : 12:06:57:971
wavfile=SR2_20160324_235208_320.wav
c:
g=10
sfte=192000
cF
cN
sD: 
dP
sP
end of file treatment


tOF : 12:06:58:153
wavfile=SR2_20160324_235957_671.wav
c:
g=10
sfte=192000
cF
cN
sD: 
dP
sP
end of file treatment


tOF : 12:06:58:316
wavfile=SR2_20160325_000958_173.wav
c:
g=10
sfte=192000
cF
cN
sD: 
dP
sP
end of file treatment


tOF : 12:06:58:635
wavfile=SR2_20160325_001456_699.wav
c:
g=10
sfte=192000
cF
cN
sD: 
dP
sP
end of file treatment


tOF : 12:06:58:782
wavfile=SR2_20160325_001742_163.wav
c:
g=10
sfte=192000
cF
cN
sD: 
dP
sP
end of file treatment


tOF : 12:06:58:883
wavfile=SR2_20160325_002039_355.wav
c:
g=10
sfte=192000
cF
cN
sD: 
dP
sP
end of file treatment


tOF : 12:06:59:011
wavfile=SR2_20160325_003150_297.wav
c:
g=10
sfte=192000
cF
cN
sD: 
dP
sP
end of file treatment


tOF : 12:06:59:095
wavfile=SR2_20160325_003440_589.wav
c:
g=10
sfte=192000
cF
cN
sD: 
dP
sP
end of file treatment


tOF : 12:06:59:214
wavfile=SR2_20160325_003702_016.wav
c:
g=10
sfte=192000
cF
cN
sD: 
dP
sP
end of file treatment


tOF : 12:06:59:323
wavfile=SR2_20160325_010028_035.wav
c:
g=10
sfte=192000
cF
cN
sD: 
dP
sP
end of file treatment


tOF : 12:06:59:436
wavfile=SR2_20160325_014604_000.wav
c:
g=10
sfte=192000
cF
cN
sD: 
dP
sP
end of file treatment


tOF : 12:06:59:548
wavfile=SR2_20160325_031604_000.wav
c:
g=10
sfte=192000
cF
cN
sD: 
dP
sP
end of file treatment


tOF : 12:06:59:683
wavfile=SR2_20160325_045300_855.wav
c:
g=10
sfte=192000
cF
cN
sD: 
dP
sP
end of file treatment


tOF : 12:06:59:794
wavfile=SR2_20160325_174800_000.wav
c:
g=10
sfte=192000
cF
cN
sD: 
dP
sP
end of file treatment


tOF : 12:06:59:967
wavfile=SR2_20160325_181007_164.wav
c:
g=10
sfte=192000
cF
cN
sD: 
dP
sP
end of file treatment


tOF : 12:07:00:044
wavfile=SR2_20160325_181555_076.wav
c:
g=10
sfte=192000
cF
cN
sD: 
dP
sP
end of file treatment


tOF : 12:07:00:143
wavfile=SR2_20160325_181948_788.wav
c:
g=10
sfte=192000
cF
cN
sD: 
dP
sP
end of file treatment


tOF : 12:07:00:281
wavfile=SR2_20160325_193026_265.wav
c:
g=10
sfte=192000
cF
cN
sD: 
dP
sP
end of file treatment


tOF : 12:07:00:436
wavfile=SR2_20160325_200005_567.wav
c:
g=10
sfte=192000
cF
cN
sD: 
dP
sP
end of file treatment


tOF : 12:07:00:849
wavfile=SR2_20160325_211804_000.wav
c:
g=10
sfte=192000
cF
cN
sD: 
dP
sP
end of file treatment


tOF : 12:07:00:926
wavfile=SR2_20160325_231804_000.wav
c:
g=10
sfte=192000
cF
cN
sD: 
dP
sP
end of file treatment


tOF : 12:07:01:015
wavfile=SR2_20160326_011804_000.wav
c:
g=10
sfte=192000
cF
cN
sD: 
dP
sP
end of file treatment


tOF : 12:07:01:095
wavfile=SR2_20160326_031804_000.wav
c:
g=10
sfte=192000
cF
cN
sD: 
dP
sP
end of file treatment


tOF : 12:07:01:187
wavfile=SR2_20160326_051804_000.wav
c:
g=10
sfte=192000
cF
cN
sD: 
dP
sP
end of file treatment


tOF : 12:07:01:289
wavfile=SR2_20160326_175632_379.wav
c:
g=10
sfte=192000
cF
cN
sD: 
dP
sP
end of file treatment


tOF : 12:07:01:429
wavfile=SR2_20160326_180247_649.wav
c:
g=10
sfte=192000
cF
cN
sD: 
dP
sP
end of file treatment


tOF : 12:07:01:533
wavfile=SR2_20160326_182815_197.wav
c:
g=10
sfte=192000
cF
cN
sD: 
dP
sP
end of file treatment


tOF : 12:07:01:630
wavfile=SR2_20160326_194014_285.wav
c:
g=10
sfte=192000
cF
cN
sD: 
dP
sP
end of file treatment


tOF : 12:07:01:743
wavfile=SR2_20160326_195023_040.wav
c:
g=10
sfte=192000
cF
cN
sD: 
dP
sP
end of file treatment


tOF : 12:07:01:840
wavfile=SR2_20160326_195111_571.wav
c:
g=10
sfte=192000
cF
cN
sD: 
dP
sP
end of file treatment


tOF : 12:07:01:936
wavfile=SR2_20160326_195132_913.wav
c:
g=10
sfte=192000
cF
cN
sD: 
dP
sP
end of file treatment


tOF : 12:07:02:128
wavfile=SR2_20160326_195245_808.wav
c:
g=10
sfte=192000
cF
cN
sD: 
dP
sP
end of file treatment


tOF : 12:07:02:194
wavfile=SR2_20160326_195517_760.wav
c:
g=10
sfte=192000
cF
cN
sD: 
dP
sP
end of file treatment


tOF : 12:07:02:257
wavfile=SR2_20160326_195717_548.wav
c:
g=10
sfte=192000
cF
cN
sD: 
dP
sP
end of file treatment


tOF : 12:07:02:332
wavfile=SR2_20160326_195748_393.wav
c:
g=10
sfte=192000
cF
cN
sD: 
dP
sP
end of file treatment


tOF : 12:07:02:392
wavfile=SR2_20160326_195805_560.wav
c:
g=10
sfte=192000
cF
cN
sD: 
dP
sP
end of file treatment


tOF : 12:07:02:467
wavfile=SR2_20160326_195836_012.wav
c:
g=10
sfte=192000
cF
cN
sD: 
dP
sP
end of file treatment


tOF : 12:07:02:563
wavfile=SR2_20160326_195854_864.wav
c:
g=10
sfte=192000
cF
cN
sD: 
dP
sP
end of file treatment


tOF : 12:07:02:821
wavfile=SR2_20160326_195905_432.wav
c:
g=10
sfte=192000
cF
cN
sD: 
dP
sP
end of file treatment


tOF : 12:07:02:949
wavfile=SR2_20160326_195916_475.wav
c:
g=10
sfte=192000
cF
cN
sD: 
dP
sP
end of file treatment


tOF : 12:07:03:119
wavfile=SR2_20160326_195935_605.wav
c:
g=10
sfte=192000
cF
cN
sD: 
dP
sP
end of file treatment


tOF : 12:07:03:224
wavfile=SR2_20160326_200004_284.wav
c:
g=10
sfte=192000
cF
cN
sD: 
dP
sP
end of file treatment


tOF : 12:07:03:314
wavfile=SR2_20160326_200046_677.wav
c:
g=10
sfte=192000
cF
cN
sD: 
dP
sP
end of file treatment


tOF : 12:07:03:550
wavfile=SR2_20160326_200105_913.wav
c:
g=10
sfte=192000
cF
cN
sD: 
dP
sP
end of file treatment


tOF : 12:07:03:686
wavfile=SR2_20160326_200115_188.wav
c:
g=10
sfte=192000
cF
cN
sD: 
dP
sP
end of file treatment


tOF : 12:07:03:791
wavfile=SR2_20160326_200200_900.wav
c:
g=10
sfte=192000
cF
cN
sD: 
dP
sP
end of file treatment


tOF : 12:07:04:079
wavfile=SR2_20160326_200231_169.wav
c:
g=10
sfte=192000
cF
cN
sD: 
dP
sP
end of file treatment


tOF : 12:07:04:302
wavfile=SR2_20160326_200335_333.wav
c:
g=10
sfte=192000
cF
cN
sD: 
dP
sP
end of file treatment


tOF : 12:07:04:523
wavfile=SR2_20160326_200357_633.wav
c:
g=10
sfte=192000
cF
cN
sD: 
dP
sP
end of file treatment


tOF : 12:07:04:802
wavfile=SR2_20160326_200411_429.wav
c:
g=10
sfte=192000
cF
cN
sD: 
dP
sP
end of file treatment


tOF : 12:07:04:971
wavfile=SR2_20160326_200458_365.wav
c:
g=10
sfte=192000
cF
cN
sD: 
dP
sP
end of file treatment


tOF : 12:07:05:156
wavfile=SR2_20160326_200533_499.wav
c:
g=10
sfte=192000
cF
cN
sD: 
dP
sP
end of file treatment


tOF : 12:07:05:256
wavfile=SR2_20160326_200549_815.wav
c:
g=10
sfte=192000
cF
cN
sD: 
dP
sP
end of file treatment


tOF : 12:07:05:438
wavfile=SR2_20160326_200621_036.wav
c:
g=10
sfte=192000
cF
cN
sD: 
dP
sP
end of file treatment


tOF : 12:07:05:579
wavfile=SR2_20160326_200643_429.wav
c:
g=10
sfte=192000
cF
cN
sD: 
dP
sP
end of file treatment


tOF : 12:07:05:948
wavfile=SR2_20160326_200701_501.wav
c:
g=10
sfte=192000
cF
cN
sD: 
dP
sP
end of file treatment


tOF : 12:07:06:049
wavfile=SR2_20160326_200749_555.wav
c:
g=10
sfte=192000
cF
cN
sD: 
dP
sP
end of file treatment


tOF : 12:07:06:178
wavfile=SR2_20160326_200829_617.wav
c:
g=10
sfte=192000
cF
cN
sD: 
dP
sP
end of file treatment


tOF : 12:07:06:317
wavfile=SR2_20160326_200900_300.wav
c:
g=10
sfte=192000
cF
cN
sD: 
dP
sP
end of file treatment


tOF : 12:07:06:578
wavfile=SR2_20160326_201041_076.wav
c:
g=10
sfte=192000
cF
cN
sD: 
dP
sP
end of file treatment


tOF : 12:07:06:807
wavfile=SR2_20160326_201118_513.wav
c:
g=10
sfte=192000
cF
cN
sD: 
dP
sP
end of file treatment


tOF : 12:07:06:953
wavfile=SR2_20160326_201127_488.wav
c:
g=10
sfte=192000
cF
cN
sD: 
dP
sP
end of file treatment


tOF : 12:07:07:096
wavfile=SR2_20160326_201137_531.wav
c:
g=10
sfte=192000
cF
cN
sD: 
dP
sP
end of file treatment


tOF : 12:07:07:251
wavfile=SR2_20160326_201150_635.wav
c:
g=10
sfte=192000
cF
cN
sD: 
dP
sP
end of file treatment


tOF : 12:07:07:410
wavfile=SR2_20160326_201229_683.wav
c:
g=10
sfte=192000
cF
cN
sD: 
dP
sP
end of file treatment


tOF : 12:07:07:521
wavfile=SR2_20160326_201327_404.wav
c:
g=10
sfte=192000
cF
cN
sD: 
dP
sP
end of file treatment


tOF : 12:07:07:655
wavfile=SR2_20160326_201353_064.wav
c:
g=10
sfte=192000
cF
cN
sD: 
dP
sP
end of file treatment


tOF : 12:07:07:749
wavfile=SR2_20160326_201428_416.wav
c:
g=10
sfte=192000
cF
cN
sD: 
dP
sP
end of file treatment


tOF : 12:07:07:840
wavfile=SR2_20160326_201539_980.wav
c:
g=10
sfte=192000
cF
cN
sD: 
dP
sP
end of file treatment


tOF : 12:07:07:949
wavfile=SR2_20160326_201623_161.wav
c:
g=10
sfte=192000
cF
cN
sD: 
dP
sP
end of file treatment


tOF : 12:07:08:042
wavfile=SR2_20160326_201726_107.wav
c:
g=10
sfte=192000
cF
cN
sD: 
dP
sP
end of file treatment


tOF : 12:07:08:156
wavfile=SR2_20160326_201906_000.wav
c:
g=10
sfte=192000
cF
cN
sD: 
dP
sP
end of file treatment


tOF : 12:07:08:322
wavfile=SR2_20160326_202841_644.wav
c:
g=10
sfte=192000
cF
cN
sD: 
dP
sP
end of file treatment


tOF : 12:07:08:592
wavfile=SR2_20160326_204853_493.wav
c:
g=10
sfte=192000
cF
cN
sD: 
dP
sP
end of file treatment


tOF : 12:07:08:681
wavfile=SR2_20160326_205236_183.wav
c:
g=10
sfte=192000
cF
cN
sD: 
dP
sP
end of file treatment


tOF : 12:07:08:795
wavfile=SR2_20160326_205417_359.wav
c:
g=10
sfte=192000
cF
cN
sD: 
dP
sP
end of file treatment


tOF : 12:07:08:865
wavfile=SR2_20160326_205708_251.wav
c:
g=10
sfte=192000
cF
cN
sD: 
dP
sP
end of file treatment


tOF : 12:07:08:928
wavfile=SR2_20160326_210206_687.wav
c:
g=10
sfte=192000
cF
cN
sD: 
dP
sP
end of file treatment


tOF : 12:07:08:991
wavfile=SR2_20160326_211012_552.wav
c:
g=10
sfte=192000
cF
cN
sD: 
dP
sP
end of file treatment


tOF : 12:07:09:108
wavfile=SR2_20160326_211905_000.wav
c:
g=10
sfte=192000
cF
cN
sD: 
dP
sP
end of file treatment


tOF : 12:07:09:212
wavfile=SR2_20160326_214904_000.wav
c:
g=10
sfte=192000
cF
cN
sD: 
dP
sP
end of file treatment


tOF : 12:07:09:281
wavfile=SR2_20160326_224904_000.wav
c:
g=10
sfte=192000
cF
cN
sD: 
dP
sP
end of file treatment


tOF : 12:07:09:353
wavfile=SR2_20160327_004904_000.wav
c:
g=10
sfte=192000
cF
cN
sD: 
dP
sP
end of file treatment


tOF : 12:07:09:425
wavfile=SR2_20160327_021904_000.wav
c:
g=10
sfte=192000
cF
cN
sD: 
dP
sP
end of file treatment


tOF : 12:07:09:698
wavfile=SR2_20160327_035720_031.wav
c:
g=10
sfte=192000
cF
cN
sD: 
dP
sP
end of file treatment


tOF : 12:07:09:882
wavfile=SR2_20160327_054904_000.wav
c:
g=10
sfte=192000
cF
cN
sD: 
dP
sP
end of file treatment


tOF : 12:07:09:975
wavfile=SR2_20160327_180659_217.wav
c:
g=10
sfte=192000
cF
cN
sD: 
dP
sP
end of file treatment


tOF : 12:07:10:071
wavfile=SR2_20160327_185104_000.wav
c:
g=10
sfte=192000
cF
cN
sD: 
dP
sP
end of file treatment


tOF : 12:07:10:145
wavfile=SR2_20160327_195104_000.wav
c:
g=10
sfte=192000
cF
cN
sD: 
dP
sP
end of file treatment


tOF : 12:07:10:247
wavfile=SR2_20160327_205104_000.wav
c:
g=10
sfte=192000
cF
cN
sD: 
dP
sP
end of file treatment


tOF : 12:07:10:393
wavfile=SR2_20160327_222104_000.wav
c:
g=10
sfte=192000
cF
cN
sD: 
dP
sP
end of file treatment


tOF : 12:07:10:534
wavfile=SR2_20160327_225349_315.wav
c:
g=10
sfte=192000
cF
cN
sD: 
dP
sP
end of file treatment


tOF : 12:07:10:773
wavfile=SR2_20160327_225504_327.wav
c:
g=10
sfte=192000
cF
cN
sD: 
dP
sP
end of file treatment


tOF : 12:07:10:900
wavfile=SR2_20160327_225843_835.wav
c:
g=10
sfte=192000
cF
cN
sD: 
dP
sP
end of file treatment


tOF : 12:07:11:022
wavfile=SR2_20160327_231244_931.wav
c:
g=10
sfte=192000
cF
cN
sD: 
dP
sP
end of file treatment


tOF : 12:07:11:208
wavfile=SR2_20160327_232057_265.wav
c:
g=10
sfte=192000
cF
cN
sD: 
dP
sP
end of file treatment


tOF : 12:07:11:285
wavfile=SR2_20160327_232202_380.wav
c:
g=10
sfte=192000
cF
cN
sD: 
dP
sP
end of file treatment


tOF : 12:07:11:425
wavfile=SR2_20160327_233214_004.wav
c:
g=10
sfte=192000
cF
cN
sD: 
dP
sP
end of file treatment


tOF : 12:07:11:598
wavfile=SR2_20160327_233539_397.wav
c:
g=10
sfte=192000
cF
cN
sD: 
dP
sP
end of file treatment


tOF : 12:07:11:675
wavfile=SR2_20160327_233943_427.wav
c:
g=10
sfte=192000
cF
cN
sD: 
dP
sP
end of file treatment


tOF : 12:07:11:890
wavfile=SR2_20160327_234400_672.wav
c:
g=10
sfte=192000
cF
cN
sD: 
dP
sP
end of file treatment


tOF : 12:07:12:088
wavfile=SR2_20160327_235017_288.wav
c:
g=10
sfte=192000
cF
cN
sD: 
dP
sP
end of file treatment


tOF : 12:07:12:278
wavfile=SR2_20160327_235254_939.wav
c:
g=10
sfte=192000
cF
cN
sD: 
dP
sP
end of file treatment


tOF : 12:07:12:354
wavfile=SR2_20160327_235312_259.wav
c:
g=10
sfte=192000
cF
cN
sD: 
dP
sP
end of file treatment


tOF : 12:07:12:459
wavfile=SR2_20160327_235516_612.wav
c:
g=10
sfte=192000
cF
cN
sD: 
dP
sP
end of file treatment


tOF : 12:07:12:611
wavfile=SR2_20160327_235833_607.wav
c:
g=10
sfte=192000
cF
cN
sD: 
dP
sP
end of file treatment


tOF : 12:07:12:755
wavfile=SR2_20160328_000416_169.wav
c:
g=10
sfte=192000
cF
cN
sD: 
dP
sP
end of file treatment


tOF : 12:07:12:876
wavfile=SR2_20160328_000617_937.wav
c:
g=10
sfte=192000
cF
cN
sD: 
dP
sP
end of file treatment


tOF : 12:07:13:013
wavfile=SR2_20160328_000644_728.wav
c:
g=10
sfte=192000
cF
cN
sD: 
dP
sP
end of file treatment


tOF : 12:07:13:184
wavfile=SR2_20160328_000732_539.wav
c:
g=10
sfte=192000
cF
cN
sD: 
dP
sP
end of file treatment


tOF : 12:07:13:315
wavfile=SR2_20160328_001004_224.wav
c:
g=10
sfte=192000
cF
cN
sD: 
dP
sP
end of file treatment


tOF : 12:07:13:409
wavfile=SR2_20160328_001025_465.wav
c:
g=10
sfte=192000
cF
cN
sD: 
dP
sP
end of file treatment


tOF : 12:07:13:646
wavfile=SR2_20160328_001259_196.wav
c:
g=10
sfte=192000
cF
cN
sD: 
dP
sP
end of file treatment


tOF : 12:07:13:737
wavfile=SR2_20160328_001721_713.wav
c:
g=10
sfte=192000
cF
cN
sD: 
dP
sP
end of file treatment


tOF : 12:07:13:929
wavfile=SR2_20160328_002120_475.wav
c:
g=10
sfte=192000
cF
cN
sD: 
dP
sP
end of file treatment


tOF : 12:07:14:080
wavfile=SR2_20160328_002452_335.wav
c:
g=10
sfte=192000
cF
cN
sD: 
dP
sP
end of file treatment


tOF : 12:07:14:226
wavfile=SR2_20160328_002826_787.wav
c:
g=10
sfte=192000
cF
cN
sD: 
dP
sP
end of file treatment


tOF : 12:07:14:389
wavfile=SR2_20160328_002921_735.wav
c:
g=10
sfte=192000
cF
cN
sD: 
dP
sP
end of file treatment


tOF : 12:07:14:637
wavfile=SR2_20160328_003619_728.wav
c:
g=10
sfte=192000
cF
cN
sD: 
dP
sP
end of file treatment


tOF : 12:07:14:945
wavfile=SR2_20160328_003707_716.wav
c:
g=10
sfte=192000
cF
cN
sD: 
dP
sP
end of file treatment


tOF : 12:07:15:197
wavfile=SR2_20160328_003925_155.wav
c:
g=10
sfte=192000
cF
cN
sD: 
dP
sP
end of file treatment


tOF : 12:07:15:311
wavfile=SR2_20160328_004010_013.wav
c:
g=10
sfte=192000
cF
cN
sD: 
dP
sP
end of file treatment


tOF : 12:07:15:444
wavfile=SR2_20160328_004242_700.wav
c:
g=10
sfte=192000
cF
cN
sD: 
dP
sP
end of file treatment


tOF : 12:07:15:544
wavfile=SR2_20160328_004504_645.wav
c:
g=10
sfte=192000
cF
cN
sD: 
dP
sP
end of file treatment


tOF : 12:07:15:624
wavfile=SR2_20160328_004914_596.wav
c:
g=10
sfte=192000
cF
cN
sD: 
dP
sP
end of file treatment


tOF : 12:07:15:696
wavfile=SR2_20160328_005145_609.wav
c:
g=10
sfte=192000
cF
cN
sD: 
dP
sP
end of file treatment


tOF : 12:07:15:833
wavfile=SR2_20160328_005346_508.wav
c:
g=10
sfte=192000
cF
cN
sD: 
dP
sP
end of file treatment


tOF : 12:07:15:945
wavfile=SR2_20160328_005613_520.wav
c:
g=10
sfte=192000
cF
cN
sD: 
dP
sP
end of file treatment


tOF : 12:07:16:076
wavfile=SR2_20160328_005756_655.wav
c:
g=10
sfte=192000
cF
cN
sD: 
dP
sP
end of file treatment


tOF : 12:07:16:153
wavfile=SR2_20160328_005946_755.wav
c:
g=10
sfte=192000
cF
cN
sD: 
dP
sP
end of file treatment


tOF : 12:07:16:418
wavfile=SR2_20160328_010108_416.wav
c:
g=10
sfte=192000
cF
cN
sD: 
dP
sP
end of file treatment


tOF : 12:07:16:597
wavfile=SR2_20160328_010119_557.wav
c:
g=10
sfte=192000
cF
cN
sD: 
dP
sP
end of file treatment


tOF : 12:07:16:691
wavfile=SR2_20160328_010252_853.wav
c:
g=10
sfte=192000
cF
cN
sD: 
dP
sP
end of file treatment


tOF : 12:07:16:840
wavfile=SR2_20160328_010344_360.wav
c:
g=10
sfte=192000
cF
cN
sD: 
dP
sP
end of file treatment


tOF : 12:07:16:942
wavfile=SR2_20160328_010405_159.wav
c:
g=10
sfte=192000
cF
cN
sD: 
dP
sP
end of file treatment


tOF : 12:07:17:074
wavfile=SR2_20160328_010525_095.wav
c:
g=10
sfte=192000
cF
cN
sD: 
dP
sP
end of file treatment


tOF : 12:07:17:172
wavfile=SR2_20160328_010709_155.wav
c:
g=10
sfte=192000
cF
cN
sD: 
dP
sP
end of file treatment


tOF : 12:07:17:278
wavfile=SR2_20160328_010753_592.wav
c:
g=10
sfte=192000
cF
cN
sD: 
dP
sP
end of file treatment


tOF : 12:07:17:358
wavfile=SR2_20160328_010930_785.wav
c:
g=10
sfte=192000
cF
cN
sD: 
dP
sP
end of file treatment


tOF : 12:07:17:505
wavfile=SR2_20160328_011010_731.wav
c:
g=10
sfte=192000
cF
cN
sD: 
dP
sP
end of file treatment


tOF : 12:07:17:574
wavfile=SR2_20160328_011247_280.wav
c:
g=10
sfte=192000
cF
cN
sD: 
dP
sP
end of file treatment


tOF : 12:07:17:701
wavfile=SR2_20160328_011337_023.wav
c:
g=10
sfte=192000
cF
cN
sD: 
dP
sP
end of file treatment


tOF : 12:07:17:882
wavfile=SR2_20160328_011535_623.wav
c:
g=10
sfte=192000
cF
cN
sD: 
dP
sP
end of file treatment


tOF : 12:07:18:012
wavfile=SR2_20160328_011709_420.wav
c:
g=10
sfte=192000
cF
cN
sD: 
dP
sP
end of file treatment


tOF : 12:07:18:195
wavfile=SR2_20160328_011753_707.wav
c:
g=10
sfte=192000
cF
cN
sD: 
dP
sP
end of file treatment


tOF : 12:07:18:314
wavfile=SR2_20160328_011832_833.wav
c:
g=10
sfte=192000
cF
cN
sD: 
dP
sP
end of file treatment


tOF : 12:07:18:448
wavfile=SR2_20160328_011943_237.wav
c:
g=10
sfte=192000
cF
cN
sD: 
dP
sP
end of file treatment


tOF : 12:07:18:570
wavfile=SR2_20160328_011951_201.wav
c:
g=10
sfte=192000
cF
cN
sD: 
dP
sP
end of file treatment


tOF : 12:07:18:715
wavfile=SR2_20160328_012035_632.wav
c:
g=10
sfte=192000
cF
cN
sD: 
dP
sP
end of file treatment


tOF : 12:07:18:893
wavfile=SR2_20160328_012122_844.wav
c:
g=10
sfte=192000
cF
cN
sD: 
dP
sP
end of file treatment


tOF : 12:07:19:052
wavfile=SR2_20160328_012142_087.wav
c:
g=10
sfte=192000
cF
cN
sD: 
dP
sP
end of file treatment


tOF : 12:07:19:214
wavfile=SR2_20160328_012246_239.wav
c:
g=10
sfte=192000
cF
cN
sD: 
dP
sP
end of file treatment


tOF : 12:07:19:341
wavfile=SR2_20160328_012318_952.wav
c:
g=10
sfte=192000
cF
cN
sD: 
dP
sP
end of file treatment


tOF : 12:07:19:441
wavfile=SR2_20160328_012350_767.wav
c:
g=10
sfte=192000
cF
cN
sD: 
dP
sP
end of file treatment


tOF : 12:07:19:543
wavfile=SR2_20160328_012421_949.wav
c:
g=10
sfte=192000
cF
cN
sD: 
dP
sP
end of file treatment


tOF : 12:07:19:619
wavfile=SR2_20160328_012505_231.wav
c:
g=10
sfte=192000
cF
cN
sD: 
dP
sP
end of file treatment


tOF : 12:07:19:788
wavfile=SR2_20160328_012524_568.wav
c:
g=10
sfte=192000
cF
cN
sD: 
dP
sP
end of file treatment


tOF : 12:07:19:875
wavfile=SR2_20160328_012631_635.wav
c:
g=10
sfte=192000
cF
cN
sD: 
dP
sP
end of file treatment


tOF : 12:07:20:062
wavfile=SR2_20160328_012721_925.wav
c:
g=10
sfte=192000
cF
cN
sD: 
dP
sP
end of file treatment


tOF : 12:07:20:173
wavfile=SR2_20160328_012853_193.wav
c:
g=10
sfte=192000
cF
cN
sD: 
dP
sP
end of file treatment


tOF : 12:07:20:252
wavfile=SR2_20160328_012947_443.wav
c:
g=10
sfte=192000
cF
cN
sD: 
dP
sP
end of file treatment


tOF : 12:07:20:362
wavfile=SR2_20160328_013029_385.wav
c:
g=10
sfte=192000
cF
cN
sD: 
dP
sP
end of file treatment


tOF : 12:07:20:440
wavfile=SR2_20160328_013107_003.wav
c:
g=10
sfte=192000
cF
cN
sD: 
dP
sP
end of file treatment


tOF : 12:07:20:617
wavfile=SR2_20160328_013203_675.wav
c:
g=10
sfte=192000
cF
cN
sD: 
dP
sP
end of file treatment


tOF : 12:07:20:711
wavfile=SR2_20160328_013358_083.wav
c:
g=10
sfte=192000
cF
cN
sD: 
dP
sP
end of file treatment


tOF : 12:07:20:844
wavfile=SR2_20160328_013416_263.wav
c:
g=10
sfte=192000
cF
cN
sD: 
dP
sP
end of file treatment


tOF : 12:07:20:971
wavfile=SR2_20160328_013441_507.wav
c:
g=10
sfte=192000
cF
cN
sD: 
dP
sP
end of file treatment


tOF : 12:07:21:069
wavfile=SR2_20160328_013523_853.wav
c:
g=10
sfte=192000
cF
cN
sD: 
dP
sP
end of file treatment


tOF : 12:07:21:182
wavfile=SR2_20160328_013605_120.wav
c:
g=10
sfte=192000
cF
cN
sD: 
dP
sP
end of file treatment


tOF : 12:07:21:272
wavfile=SR2_20160328_013708_067.wav
c:
g=10
sfte=192000
cF
cN
sD: 
dP
sP
end of file treatment


tOF : 12:07:21:358
wavfile=SR2_20160328_013820_767.wav
c:
g=10
sfte=192000
cF
cN
sD: 
dP
sP
end of file treatment


tOF : 12:07:21:527
wavfile=SR2_20160328_013925_408.wav
c:
g=10
sfte=192000
cF
cN
sD: 
dP
sP
end of file treatment


tOF : 12:07:21:604
wavfile=SR2_20160328_014003_647.wav
c:
g=10
sfte=192000
cF
cN
sD: 
dP
sP
end of file treatment


tOF : 12:07:21:889
wavfile=SR2_20160328_014146_545.wav
c:
g=10
sfte=192000
cF
cN
sD: 
dP
sP
end of file treatment


tOF : 12:07:21:988
wavfile=SR2_20160328_014206_657.wav
c:
g=10
sfte=192000
cF
cN
sD: 
dP
sP
end of file treatment


tOF : 12:07:22:084
wavfile=SR2_20160328_014228_928.wav
c:
g=10
sfte=192000
cF
cN
sD: 
dP
sP
end of file treatment


tOF : 12:07:22:182
wavfile=SR2_20160328_014319_815.wav
c:
g=10
sfte=192000
cF
cN
sD: 
dP
sP
end of file treatment


tOF : 12:07:22:295
wavfile=SR2_20160328_014356_372.wav
c:
g=10
sfte=192000
cF
cN
sD: 
dP
sP
end of file treatment


tOF : 12:07:22:412
wavfile=SR2_20160328_014417_828.wav
c:
g=10
sfte=192000
cF
cN
sD: 
dP
sP
end of file treatment


tOF : 12:07:22:547
wavfile=SR2_20160328_014459_419.wav
c:
g=10
sfte=192000
cF
cN
sD: 
dP
sP
end of file treatment


tOF : 12:07:22:687
wavfile=SR2_20160328_014519_543.wav
c:
g=10
sfte=192000
cF
cN
sD: 
dP
sP
end of file treatment


tOF : 12:07:22:808
wavfile=SR2_20160328_014554_499.wav
c:
g=10
sfte=192000
cF
cN
sD: 
dP
sP
end of file treatment


tOF : 12:07:23:004
wavfile=SR2_20160328_014706_396.wav
c:
g=10
sfte=192000
cF
cN
sD: 
dP
sP
end of file treatment


tOF : 12:07:23:153
wavfile=SR2_20160328_014723_881.wav
c:
g=10
sfte=192000
cF
cN
sD: 
dP
sP
end of file treatment


tOF : 12:07:23:300
wavfile=SR2_20160328_014744_316.wav
c:
g=10
sfte=192000
cF
cN
sD: 
dP
sP
end of file treatment


tOF : 12:07:23:419
wavfile=SR2_20160328_014852_931.wav
c:
g=10
sfte=192000
cF
cN
sD: 
dP
sP
end of file treatment


tOF : 12:07:23:550
wavfile=SR2_20160328_014916_215.wav
c:
g=10
sfte=192000
cF
cN
sD: 
dP
sP
end of file treatment


tOF : 12:07:23:750
wavfile=SR2_20160328_014951_820.wav
c:
g=10
sfte=192000
cF
cN
sD: 
dP
sP
end of file treatment


tOF : 12:07:23:913
wavfile=SR2_20160328_015049_724.wav
c:
g=10
sfte=192000
cF
cN
sD: 
dP
sP
end of file treatment


tOF : 12:07:24:091
wavfile=SR2_20160328_015108_959.wav
c:
g=10
sfte=192000
cF
cN
sD: 
dP
sP
end of file treatment


tOF : 12:07:24:226
wavfile=SR2_20160328_015147_661.wav
c:
g=10
sfte=192000
cF
cN
sD: 
dP
sP
end of file treatment


tOF : 12:07:24:356
wavfile=SR2_20160328_015238_404.wav
c:
g=10
sfte=192000
cF
cN
sD: 
dP
sP
end of file treatment


tOF : 12:07:24:476
wavfile=SR2_20160328_015329_721.wav
c:
g=10
sfte=192000
cF
cN
sD: 
dP
sP
end of file treatment


tOF : 12:07:24:618
wavfile=SR2_20160328_015407_049.wav
c:
g=10
sfte=192000
cF
cN
sD: 
dP
sP
end of file treatment


tOF : 12:07:24:838
wavfile=SR2_20160328_015513_744.wav
c:
g=10
sfte=192000
cF
cN
sD: 
dP
sP
end of file treatment


tOF : 12:07:24:964
wavfile=SR2_20160328_015618_017.wav
c:
g=10
sfte=192000
cF
cN
sD: 
dP
sP
end of file treatment


tOF : 12:07:25:279
wavfile=SR2_20160328_015635_221.wav
c:
g=10
sfte=192000
cF
cN
sD: 
dP
sP
end of file treatment


tOF : 12:07:25:547
wavfile=SR2_20160328_015733_144.wav
c:
g=10
sfte=192000
cF
cN
sD: 
dP
sP
end of file treatment


tOF : 12:07:25:660
wavfile=SR2_20160328_015819_607.wav
c:
g=10
sfte=192000
cF
cN
sD: 
dP
sP
end of file treatment


tOF : 12:07:25:954
wavfile=SR2_20160328_020038_477.wav
c:
g=10
sfte=192000
cF
cN
sD: 
dP
sP
end of file treatment


tOF : 12:07:26:086
wavfile=SR2_20160328_020206_397.wav
c:
g=10
sfte=192000
cF
cN
sD: 
dP
sP
end of file treatment


tOF : 12:07:26:164
wavfile=SR2_20160328_020325_495.wav
c:
g=10
sfte=192000
cF
cN
sD: 
dP
sP
end of file treatment


tOF : 12:07:26:358
wavfile=SR2_20160328_020419_972.wav
c:
g=10
sfte=192000
cF
cN
sD: 
dP
sP
end of file treatment


tOF : 12:07:26:554
wavfile=SR2_20160328_020554_331.wav
c:
g=10
sfte=192000
cF
cN
sD: 
dP
sP
end of file treatment


tOF : 12:07:26:664
wavfile=SR2_20160328_021714_832.wav
c:
g=10
sfte=192000
cF
cN
sD: 
dP
sP
end of file treatment


tOF : 12:07:26:746
wavfile=SR2_20160328_022118_875.wav
c:
g=10
sfte=192000
cF
cN
sD: 
dP
sP
end of file treatment


tOF : 12:07:26:946
wavfile=SR2_20160328_022226_965.wav
c:
g=10
sfte=192000
cF
cN
sD: 
dP
sP
end of file treatment


tOF : 12:07:27:026
wavfile=SR2_20160328_022330_337.wav
c:
g=10
sfte=192000
cF
cN
sD: 
dP
sP
end of file treatment


tOF : 12:07:27:132
wavfile=SR2_20160328_022526_485.wav
c:
g=10
sfte=192000
cF
cN
sD: 
dP
sP
end of file treatment


tOF : 12:07:27:234
wavfile=SR2_20160328_022646_752.wav
c:
g=10
sfte=192000
cF
cN
sD: 
dP
sP
end of file treatment


tOF : 12:07:27:426
wavfile=SR2_20160328_022718_647.wav
c:
g=10
sfte=192000
cF
cN
sD: 
dP
sP
end of file treatment


tOF : 12:07:27:500
wavfile=SR2_20160328_022727_512.wav
c:
g=10
sfte=192000
cF
cN
sD: 
dP
sP
end of file treatment


tOF : 12:07:27:574
wavfile=SR2_20160328_022748_567.wav
c:
g=10
sfte=192000
cF
cN
sD: 
dP
sP
end of file treatment


tOF : 12:07:27:669
wavfile=SR2_20160328_023002_127.wav
c:
g=10
sfte=192000
cF
cN
sD: 
dP
sP
end of file treatment


tOF : 12:07:27:769
wavfile=SR2_20160328_023100_973.wav
c:
g=10
sfte=192000
cF
cN
sD: 
dP
sP
end of file treatment


tOF : 12:07:28:050
wavfile=SR2_20160328_023142_791.wav
c:
g=10
sfte=192000
cF
cN
sD: 
dP
sP
end of file treatment


tOF : 12:07:28:126
wavfile=SR2_20160328_023211_752.wav
c:
g=10
sfte=192000
cF
cN
sD: 
dP
sP
end of file treatment


tOF : 12:07:28:232
wavfile=SR2_20160328_023334_727.wav
c:
g=10
sfte=192000
cF
cN
sD: 
dP
sP
end of file treatment


tOF : 12:07:28:343
wavfile=SR2_20160328_023501_320.wav
c:
g=10
sfte=192000
cF
cN
sD: 
dP
sP
end of file treatment


tOF : 12:07:28:412
wavfile=SR2_20160328_023720_416.wav
c:
g=10
sfte=192000
cF
cN
sD: 
dP
sP
end of file treatment


tOF : 12:07:28:536
wavfile=SR2_20160328_023856_159.wav
c:
g=10
sfte=192000
cF
cN
sD: 
dP
sP
end of file treatment


tOF : 12:07:28:616
wavfile=SR2_20160328_024116_547.wav
c:
g=10
sfte=192000
cF
cN
sD: 
dP
sP
end of file treatment


tOF : 12:07:28:700
wavfile=SR2_20160328_024201_093.wav
c:
g=10
sfte=192000
cF
cN
sD: 
dP
sP
end of file treatment


tOF : 12:07:28:893
wavfile=SR2_20160328_024455_351.wav
c:
g=10
sfte=192000
cF
cN
sD: 
dP
sP
end of file treatment


tOF : 12:07:29:070
wavfile=SR2_20160328_024712_567.wav
c:
g=10
sfte=192000
cF
cN
sD: 
dP
sP
end of file treatment


tOF : 12:07:29:136
wavfile=SR2_20160328_025016_047.wav
c:
g=10
sfte=192000
cF
cN
sD: 
dP
sP
end of file treatment


tOF : 12:07:29:253
wavfile=SR2_20160328_025406_433.wav
c:
g=10
sfte=192000
cF
cN
sD: 
dP
sP
end of file treatment


tOF : 12:07:29:341
wavfile=SR2_20160328_030807_727.wav
c:
g=10
sfte=192000
cF
cN
sD: 
dP
sP
end of file treatment


tOF : 12:07:29:436
wavfile=SR2_20160328_031811_757.wav
c:
g=10
sfte=192000
cF
cN
sD: 
dP
sP
end of file treatment


tOF : 12:07:29:535
wavfile=SR2_20160328_032615_409.wav
c:
g=10
sfte=192000
cF
cN
sD: 
dP
sP
end of file treatment


tOF : 12:07:29:655
wavfile=SR2_20160328_032633_867.wav
c:
g=10
sfte=192000
cF
cN
sD: 
dP
sP
end of file treatment


tOF : 12:07:29:733
wavfile=SR2_20160328_032820_905.wav
c:
g=10
sfte=192000
cF
cN
sD: 
dP
sP
end of file treatment


tOF : 12:07:29:871
wavfile=SR2_20160328_032914_353.wav
c:
g=10
sfte=192000
cF
cN
sD: 
dP
sP
end of file treatment


tOF : 12:07:30:349
wavfile=SR2_20160328_033051_641.wav
c:
g=10
sfte=192000
cF
cN
sD: 
dP
sP
end of file treatment


tOF : 12:07:30:429
wavfile=SR2_20160328_040107_731.wav
c:
g=10
sfte=192000
cF
cN
sD: 
dP
sP
end of file treatment


tOF : 12:07:30:569
wavfile=SR2_20160328_040913_883.wav
c:
g=10
sfte=192000
cF
cN
sD: 
dP
sP
end of file treatment


tOF : 12:07:30:634
wavfile=SR2_20160328_042046_255.wav
c:
g=10
sfte=192000
cF
cN
sD: 
dP
sP
end of file treatment


tOF : 12:07:30:723
wavfile=SR2_20160328_050705_365.wav
c:
g=10
sfte=192000
cF
cN
sD: 
dP
sP
end of file treatment


tOF : 12:07:30:796
wavfile=SR2_20160328_051333_847.wav
c:
g=10
sfte=192000
cF
cN
sD: 
dP
sP
end of file treatment


tOF : 12:07:30:948
wavfile=SR2_20160328_051534_663.wav
c:
g=10
sfte=192000
cF
cN
sD: 
dP
sP
end of file treatment


tOF : 12:07:31:076
wavfile=SR2_20160328_051622_005.wav
c:
g=10
sfte=192000
cF
cN
sD: 
dP
sP
end of file treatment


tOF : 12:07:31:194
wavfile=SR2_20160328_051833_159.wav
c:
g=10
sfte=192000
cF
cN
sD: 
dP
sP
end of file treatment


tOF : 12:07:31:298
wavfile=SR2_20160328_052401_751.wav
c:
g=10
sfte=192000
cF
cN
sD: 
dP
sP
end of file treatment


tOF : 12:07:31:364
wavfile=SR2_20160328_053245_467.wav
c:
g=10
sfte=192000
cF
cN
sD: 
dP
sP
end of file treatment


tOF : 12:07:31:581
wavfile=SR2_20160328_053414_905.wav
c:
g=10
sfte=192000
cF
cN
sD: 
dP
sP
end of file treatment


tOF : 12:07:31:742
wavfile=SR2_20160328_054452_565.wav
c:
g=10
sfte=192000
cF
cN
sD: 
dP
sP
end of file treatment


tOF : 12:07:31:947
wavfile=SR2_20160328_054705_924.wav
c:
g=10
sfte=192000
cF
cN
sD: 
dP
sP
end of file treatment


tOF : 12:07:32:326
wavfile=SR2_20160328_180712_580.wav
c:
g=10
sfte=192000
cF
cN
sD: 
dP
sP
end of file treatment


tOF : 12:07:32:537
wavfile=SR2_20160328_184512_568.wav
c:
g=10
sfte=192000
cF
cN
sD: 
dP
sP
end of file treatment


tOF : 12:07:32:707
wavfile=SR2_20160328_192304_000.wav
c:
g=10
sfte=192000
cF
cN
sD: 
dP
sP
end of file treatment


tOF : 12:07:32:795
wavfile=SR2_20160328_205304_000.wav
c:
g=10
sfte=192000
cF
cN
sD: 
dP
sP
end of file treatment


tOF : 12:07:32:869
wavfile=SR2_20160328_215304_000.wav
c:
g=10
sfte=192000
cF
cN
sD: 
dP
sP
end of file treatment


tOF : 12:07:32:971
wavfile=SR2_20160328_235304_000.wav
c:
g=10
sfte=192000
cF
cN
sD: 
dP
sP
end of file treatment


tOF : 12:07:33:073
wavfile=SR2_20160329_015304_000.wav
c:
g=10
sfte=192000
cF
cN
sD: 
dP
sP
end of file treatment


tOF : 12:07:33:173
wavfile=SR2_20160329_035304_000.wav
c:
g=10
sfte=192000
cF
cN
sD: 
dP
sP
end of file treatment


tOF : 12:07:33:324
wavfile=SR2_20160329_055304_000.wav
c:
g=10
sfte=192000
cF
cN
sD: 
dP
sP
end of file treatment


tOF : 12:07:33:503
wavfile=SR2_20160329_180018_237.wav
c:
g=10
sfte=192000
cF
cN
sD: 
dP
sP
end of file treatment


tOF : 12:07:33:640
wavfile=SR2_20160329_180252_736.wav
c:
g=10
sfte=192000
cF
cN
sD: 
dP
sP
end of file treatment


tOF : 12:07:33:869
wavfile=SR2_20160329_180357_069.wav
c:
g=10
sfte=192000
cF
cN
sD: 
dP
sP
end of file treatment


tOF : 12:07:34:014
wavfile=SR2_20160329_191450_883.wav
c:
g=10
sfte=192000
cF
cN
sD: 
dP
sP
end of file treatment


tOF : 12:07:34:097
wavfile=SR2_20160329_191644_665.wav
c:
g=10
sfte=192000
cF
cN
sD: 
dP
sP
end of file treatment


tOF : 12:07:34:213
wavfile=SR2_20160329_192029_996.wav
c:
g=10
sfte=192000
cF
cN
sD: 
dP
sP
end of file treatment


tOF : 12:07:34:334
wavfile=SR2_20160329_192740_305.wav
c:
g=10
sfte=192000
cF
cN
sD: 
dP
sP
end of file treatment


tOF : 12:07:34:474
wavfile=SR2_20160329_192838_967.wav
c:
g=10
sfte=192000
cF
cN
sD: 
dP
sP
end of file treatment


tOF : 12:07:34:641
wavfile=SR2_20160329_193211_083.wav
c:
g=10
sfte=192000
cF
cN
sD: 
dP
sP
end of file treatment


tOF : 12:07:34:729
wavfile=SR2_20160329_193509_459.wav
c:
g=10
sfte=192000
cF
cN
sD: 
dP
sP
end of file treatment


tOF : 12:07:34:874
wavfile=SR2_20160329_193643_555.wav
c:
g=10
sfte=192000
cF
cN
sD: 
dP
sP
end of file treatment


tOF : 12:07:34:986
wavfile=SR2_20160329_193754_161.wav
c:
g=10
sfte=192000
cF
cN
sD: 
dP
sP
end of file treatment


tOF : 12:07:35:128
wavfile=SR2_20160329_193819_553.wav
c:
g=10
sfte=192000
cF
cN
sD: 
dP
sP
end of file treatment


tOF : 12:07:35:214
wavfile=SR2_20160329_194036_659.wav
c:
g=10
sfte=192000
cF
cN
sD: 
dP
sP
end of file treatment


tOF : 12:07:35:427
wavfile=SR2_20160329_194139_243.wav
c:
g=10
sfte=192000
cF
cN
sD: 
dP
sP
end of file treatment


tOF : 12:07:35:578
wavfile=SR2_20160329_194258_559.wav
c:
g=10
sfte=192000
cF
cN
sD: 
dP
sP
end of file treatment


tOF : 12:07:35:667
wavfile=SR2_20160329_194353_427.wav
c:
g=10
sfte=192000
cF
cN
sD: 
dP
sP
end of file treatment


tOF : 12:07:35:788
wavfile=SR2_20160329_194442_931.wav
c:
g=10
sfte=192000
cF
cN
sD: 
dP
sP
end of file treatment


tOF : 12:07:35:968
wavfile=SR2_20160329_194503_021.wav
c:
g=10
sfte=192000
cF
cN
sD: 
dP
sP
end of file treatment


tOF : 12:07:36:063
wavfile=SR2_20160329_194533_025.wav
c:
g=10
sfte=192000
cF
cN
sD: 
dP
sP
end of file treatment


tOF : 12:07:36:181
wavfile=SR2_20160329_194608_451.wav
c:
g=10
sfte=192000
cF
cN
sD: 
dP
sP
end of file treatment


tOF : 12:07:36:299
wavfile=SR2_20160329_194649_345.wav
c:
g=10
sfte=192000
cF
cN
sD: 
dP
sP
end of file treatment


tOF : 12:07:36:438
wavfile=SR2_20160329_194723_071.wav
c:
g=10
sfte=192000
cF
cN
sD: 
dP
sP
end of file treatment


tOF : 12:07:36:607
wavfile=SR2_20160329_194753_532.wav
c:
g=10
sfte=192000
cF
cN
sD: 
dP
sP
end of file treatment


tOF : 12:07:36:774
wavfile=SR2_20160329_194803_071.wav
c:
g=10
sfte=192000
cF
cN
sD: 
dP
sP
end of file treatment


tOF : 12:07:36:901
wavfile=SR2_20160329_194857_852.wav
c:
g=10
sfte=192000
cF
cN
sD: 
dP
sP
end of file treatment


tOF : 12:07:37:021
wavfile=SR2_20160329_194953_915.wav
c:
g=10
sfte=192000
cF
cN
sD: 
dP
sP
end of file treatment


tOF : 12:07:37:164
wavfile=SR2_20160329_195056_965.wav
c:
g=10
sfte=192000
cF
cN
sD: 
dP
sP
end of file treatment


tOF : 12:07:37:277
wavfile=SR2_20160329_195120_117.wav
c:
g=10
sfte=192000
cF
cN
sD: 
dP
sP
end of file treatment


tOF : 12:07:37:385
wavfile=SR2_20160329_195246_980.wav
c:
g=10
sfte=192000
cF
cN
sD: 
dP
sP
end of file treatment


tOF : 12:07:37:513
wavfile=SR2_20160329_195253_365.wav
c:
g=10
sfte=192000
cF
cN
sD: 
dP
sP
end of file treatment


tOF : 12:07:37:683
wavfile=SR2_20160329_195335_875.wav
c:
g=10
sfte=192000
cF
cN
sD: 
dP
sP
end of file treatment


tOF : 12:07:37:841
wavfile=SR2_20160329_195429_747.wav
c:
g=10
sfte=192000
cF
cN
sD: 
dP
sP
end of file treatment


tOF : 12:07:38:023
wavfile=SR2_20160329_195506_000.wav
c:
g=10
sfte=192000
cF
cN
sD: 
dP
sP
end of file treatment


tOF : 12:07:38:133
wavfile=SR2_20160329_195532_143.wav
c:
g=10
sfte=192000
cF
cN
sD: 
dP
sP
end of file treatment


tOF : 12:07:38:286
wavfile=SR2_20160329_195635_080.wav
c:
g=10
sfte=192000
cF
cN
sD: 
dP
sP
end of file treatment


tOF : 12:07:38:406
wavfile=SR2_20160329_195727_881.wav
c:
g=10
sfte=192000
cF
cN
sD: 
dP
sP
end of file treatment


tOF : 12:07:38:560
wavfile=SR2_20160329_195941_047.wav
c:
g=10
sfte=192000
cF
cN
sD: 
dP
sP
end of file treatment


tOF : 12:07:38:671
wavfile=SR2_20160329_200019_308.wav
c:
g=10
sfte=192000
cF
cN
sD: 
dP
sP
end of file treatment


tOF : 12:07:38:841
wavfile=SR2_20160329_200130_811.wav
c:
g=10
sfte=192000
cF
cN
sD: 
dP
sP
end of file treatment


tOF : 12:07:39:048
wavfile=SR2_20160329_200352_345.wav
c:
g=10
sfte=192000
cF
cN
sD: 
dP
sP
end of file treatment


tOF : 12:07:39:185
wavfile=SR2_20160329_200543_093.wav
c:
g=10
sfte=192000
cF
cN
sD: 
dP
sP
end of file treatment


tOF : 12:07:39:310
wavfile=SR2_20160329_200706_023.wav
c:
g=10
sfte=192000
cF
cN
sD: 
dP
sP
end of file treatment


tOF : 12:07:39:473
wavfile=SR2_20160329_201000_644.wav
c:
g=10
sfte=192000
cF
cN
sD: 
dP
sP
end of file treatment


tOF : 12:07:39:557
wavfile=SR2_20160329_202517_755.wav
c:
g=10
sfte=192000
cF
cN
sD: 
dP
sP
end of file treatment


tOF : 12:07:39:728
wavfile=SR2_20160329_215504_000.wav
c:
g=10
sfte=192000
cF
cN
sD: 
dP
sP
end of file treatment


tOF : 12:07:39:812
wavfile=SR2_20160329_235504_000.wav
c:
g=10
sfte=192000
cF
cN
sD: 
dP
sP
end of file treatment


tOF : 12:07:39:950
wavfile=SR2_20160330_015504_000.wav
c:
g=10
sfte=192000
cF
cN
sD: 
dP
sP
end of file treatment


tOF : 12:07:40:110
wavfile=SR2_20160330_035504_000.wav
c:
g=10
sfte=192000
cF
cN
sD: 
dP
sP
end of file treatment


tOF : 12:07:40:257
wavfile=SR2_20160330_055504_000.wav
c:
g=10
sfte=192000
cF
cN
sD: 
dP
sP
end of file treatment


tOF : 12:07:40:389
wavfile=SR2_20160330_180016_244.wav
c:
g=10
sfte=192000
cF
cN
sD: 
dP
sP
end of file treatment


tOF : 12:07:40:520
wavfile=SR2_20160330_182858_733.wav
c:
g=10
sfte=192000
cF
cN
sD: 
dP
sP
end of file treatment


tOF : 12:07:40:642
wavfile=SR2_20160330_195604_000.wav
c:
g=10
sfte=192000
cF
cN
sD: 
dP
sP
end of file treatment


tOF : 12:07:40:742
wavfile=SR2_20160330_215604_000.wav
c:
g=10
sfte=192000
cF
cN
sD: 
dP
sP
end of file treatment


tOF : 12:07:40:901
wavfile=SR2_20160330_235604_000.wav
c:
g=10
sfte=192000
cF
cN
sD: 
dP
sP
end of file treatment


tOF : 12:07:41:000
wavfile=SR2_20160331_015604_000.wav
c:
g=10
sfte=192000
cF
cN
sD: 
dP
sP
end of file treatment


tOF : 12:07:41:232
wavfile=SR2_20160331_035604_000.wav
c:
g=10
sfte=192000
cF
cN
sD: 
dP
sP
end of file treatment


tOF : 12:07:41:345
wavfile=SR2_20160331_055604_000.wav
c:
g=10
sfte=192000
cF
cN
sD: 
dP
sP
end of file treatment


tOF : 12:07:41:436
wavfile=SR2_20160331_175948_220.wav
c:
g=10
sfte=192000
cF
cN
sD: 
dP
sP
end of file treatment


tOF : 12:07:41:518
wavfile=SR2_20160331_180611_980.wav
c:
g=10
sfte=192000
cF
cN
sD: 
dP
sP
end of file treatment


tOF : 12:07:41:861
wavfile=SR2_20160331_181349_323.wav
c:
g=10
sfte=192000
cF
cN
sD: 
dP
sP
end of file treatment


tOF : 12:07:42:007
wavfile=SR2_20160331_182802_000.wav
c:
g=10
sfte=192000
cF
cN
sD: 
dP
sP
end of file treatment


tOF : 12:07:42:150
wavfile=SR2_20160331_202804_000.wav
c:
g=10
sfte=192000
cF
cN
sD: 
dP
sP
end of file treatment


tOF : 12:07:42:290
wavfile=SR2_20160331_214146_172.wav
c:
g=10
sfte=192000
cF
cN
sD: 
dP
sP
end of file treatment


tOF : 12:07:42:444
wavfile=SR2_20160331_225617_612.wav
c:
g=10
sfte=192000
cF
cN
sD: 
dP
sP
end of file treatment


tOF : 12:07:42:625
wavfile=SR2_20160401_000553_655.wav
c:
g=10
sfte=192000
cF
cN
sD: 
dP
sP
end of file treatment


tOF : 12:07:42:793
wavfile=SR2_20160401_001117_431.wav
c:
g=10
sfte=192000
cF
cN
sD: 
dP
sP
end of file treatment


tOF : 12:07:42:934
wavfile=SR2_20160401_001517_496.wav
c:
g=10
sfte=192000
cF
cN
sD: 
dP
sP
end of file treatment


tOF : 12:07:43:047
wavfile=SR2_20160401_012143_143.wav
c:
g=10
sfte=192000
cF
cN
sD: 
dP
sP
end of file treatment


tOF : 12:07:43:243
wavfile=SR2_20160401_013247_833.wav
c:
g=10
sfte=192000
cF
cN
sD: 
dP
sP
end of file treatment


tOF : 12:07:43:525
wavfile=SR2_20160401_022804_000.wav
c:
g=10
sfte=192000
cF
cN
sD: 
dP
sP
end of file treatment


tOF : 12:07:43:624
wavfile=SR2_20160401_042508_223.wav
c:
g=10
sfte=192000
cF
cN
sD: 
dP
sP
end of file treatment


tOF : 12:07:43:747
wavfile=SR2_20160401_045804_000.wav
c:
g=10
sfte=192000
cF
cN
sD: 
dP
sP
end of file treatment


tOF : 12:07:43:925
wavfile=SR2_20160401_180000_000.wav
c:
g=10
sfte=192000
cF
cN
sD: 
dP
sP
end of file treatment


tOF : 12:07:44:087
wavfile=SR2_20160401_193539_895.wav
c:
g=10
sfte=192000
cF
cN
sD: 
dP
sP
end of file treatment


tOF : 12:07:44:196
wavfile=SR2_20160401_193854_880.wav
c:
g=10
sfte=192000
cF
cN
sD: 
dP
sP
end of file treatment


tOF : 12:07:44:350
wavfile=SR2_20160401_194459_008.wav
c:
g=10
sfte=192000
cF
cN
sD: 
dP
sP
end of file treatment


tOF : 12:07:44:494
wavfile=SR2_20160401_195156_408.wav
c:
g=10
sfte=192000
cF
cN
sD: 
dP
sP
end of file treatment


tOF : 12:07:44:705
wavfile=SR2_20160401_200617_320.wav
c:
g=10
sfte=192000
cF
cN
sD: 
dP
sP
end of file treatment


tOF : 12:07:44:933
wavfile=SR2_20160401_213004_000.wav
c:
g=10
sfte=192000
cF
cN
sD: 
dP
sP
end of file treatment


tOF : 12:07:45:027
wavfile=SR2_20160401_231505_733.wav
c:
g=10
sfte=192000
cF
cN
sD: 
dP
sP
end of file treatment


tOF : 12:07:45:266
wavfile=SR2_20160401_232750_907.wav
c:
g=10
sfte=192000
cF
cN
sD: 
dP
sP
end of file treatment


tOF : 12:07:45:419
wavfile=SR2_20160402_003004_000.wav
c:
g=10
sfte=192000
cF
cN
sD: 
dP
sP
end of file treatment


tOF : 12:07:45:587
wavfile=SR2_20160402_010151_307.wav
c:
g=10
sfte=192000
cF
cN
sD: 
dP
sP
end of file treatment


tOF : 12:07:45:788
wavfile=SR2_20160402_024540_801.wav
c:
g=10
sfte=192000
cF
cN
sD: 
dP
sP
end of file treatment


tOF : 12:07:45:973
wavfile=SR2_20160402_040004_000.wav
c:
g=10
sfte=192000
cF
cN
sD: 
dP
sP
end of file treatment


tOF : 12:07:46:188
wavfile=SR2_20160402_053411_727.wav
c:
g=10
sfte=192000
cF
cN
sD: 
dP
sP
end of file treatment


tOF : 12:07:46:270
wavfile=SR2_20160402_180341_591.wav
c:
g=10
sfte=192000
cF
cN
sD: 
dP
sP
end of file treatment


tOF : 12:07:46:346
wavfile=SR2_20160402_181924_979.wav
c:
g=10
sfte=192000
cF
cN
sD: 
dP
sP
end of file treatment


tOF : 12:07:46:503
wavfile=SR2_20160402_183059_273.wav
c:
g=10
sfte=192000
cF
cN
sD: 
dP
sP
end of file treatment


tOF : 12:07:46:588
wavfile=SR2_20160402_185116_619.wav
c:
g=10
sfte=192000
cF
cN
sD: 
dP
sP
end of file treatment


tOF : 12:07:46:694
wavfile=SR2_20160402_190933_339.wav
c:
g=10
sfte=192000
cF
cN
sD: 
dP
sP
end of file treatment


tOF : 12:07:46:842
wavfile=SR2_20160402_192346_367.wav
c:
g=10
sfte=192000
cF
cN
sD: 
dP
sP
end of file treatment


tOF : 12:07:46:977
wavfile=SR2_20160402_193158_880.wav
c:
g=10
sfte=192000
cF
cN
sD: 
dP
sP
end of file treatment


tOF : 12:07:47:102
wavfile=SR2_20160402_193240_160.wav
c:
g=10
sfte=192000
cF
cN
sD: 
dP
sP
end of file treatment


tOF : 12:07:47:217
wavfile=SR2_20160402_193546_579.wav
c:
g=10
sfte=192000
cF
cN
sD: 
dP
sP
end of file treatment


tOF : 12:07:47:357
wavfile=SR2_20160402_193953_760.wav
c:
g=10
sfte=192000
cF
cN
sD: 
dP
sP
end of file treatment


tOF : 12:07:47:504
wavfile=SR2_20160402_194453_403.wav
c:
g=10
sfte=192000
cF
cN
sD: 
dP
sP
end of file treatment


tOF : 12:07:47:720
wavfile=SR2_20160402_194955_907.wav
c:
g=10
sfte=192000
cF
cN
sD: 
dP
sP
end of file treatment


tOF : 12:07:47:853
wavfile=SR2_20160402_195155_285.wav
c:
g=10
sfte=192000
cF
cN
sD: 
dP
sP
end of file treatment


tOF : 12:07:48:003
wavfile=SR2_20160402_195350_443.wav
c:
g=10
sfte=192000
cF
cN
sD: 
dP
sP
end of file treatment


tOF : 12:07:48:209
wavfile=SR2_20160402_195425_409.wav
c:
g=10
sfte=192000
cF
cN
sD: 
dP
sP
end of file treatment


tOF : 12:07:48:378
wavfile=SR2_20160402_195543_745.wav
c:
g=10
sfte=192000
cF
cN
sD: 
dP
sP
end of file treatment


tOF : 12:07:48:515
wavfile=SR2_20160402_195801_983.wav
c:
g=10
sfte=192000
cF
cN
sD: 
dP
sP
end of file treatment


tOF : 12:07:48:630
wavfile=SR2_20160402_195944_927.wav
c:
g=10
sfte=192000
cF
cN
sD: 
dP
sP
end of file treatment


tOF : 12:07:48:802
wavfile=SR2_20160402_200046_296.wav
c:
g=10
sfte=192000
cF
cN
sD: 
dP
sP
end of file treatment


tOF : 12:07:49:054
wavfile=SR2_20160402_200128_932.wav
c:
g=10
sfte=192000
cF
cN
sD: 
dP
sP
end of file treatment


tOF : 12:07:49:198
wavfile=SR2_20160402_200230_099.wav
c:
g=10
sfte=192000
cF
cN
sD: 
dP
sP
end of file treatment


tOF : 12:07:49:309
wavfile=SR2_20160402_200335_004.wav
c:
g=10
sfte=192000
cF
cN
sD: 
dP
sP
end of file treatment


tOF : 12:07:49:446
wavfile=SR2_20160402_200455_097.wav
c:
g=10
sfte=192000
cF
cN
sD: 
dP
sP
end of file treatment


tOF : 12:07:49:702
wavfile=SR2_20160402_200615_083.wav
c:
g=10
sfte=192000
cF
cN
sD: 
dP
sP
end of file treatment


tOF : 12:07:49:890
wavfile=SR2_20160402_200742_683.wav
c:
g=10
sfte=192000
cF
cN
sD: 
dP
sP
end of file treatment


tOF : 12:07:50:090
wavfile=SR2_20160402_200907_499.wav
c:
g=10
sfte=192000
cF
cN
sD: 
dP
sP
end of file treatment


tOF : 12:07:50:299
wavfile=SR2_20160402_201048_888.wav
c:
g=10
sfte=192000
cF
cN
sD: 
dP
sP
end of file treatment


tOF : 12:07:50:428
wavfile=SR2_20160402_201240_597.wav
c:
g=10
sfte=192000
cF
cN
sD: 
dP
sP
end of file treatment


tOF : 12:07:50:545
wavfile=SR2_20160402_201653_604.wav
c:
g=10
sfte=192000
cF
cN
sD: 
dP
sP
end of file treatment


tOF : 12:07:50:654
wavfile=SR2_20160402_202218_716.wav
c:
g=10
sfte=192000
cF
cN
sD: 
dP
sP
end of file treatment


tOF : 12:07:50:816
wavfile=SR2_20160402_202530_959.wav
c:
g=10
sfte=192000
cF
cN
sD: 
dP
sP
end of file treatment


tOF : 12:07:50:887
wavfile=SR2_20160402_202909_847.wav
c:
g=10
sfte=192000
cF
cN
sD: 
dP
sP
end of file treatment


tOF : 12:07:51:034
wavfile=SR2_20160402_203009_040.wav
c:
g=10
sfte=192000
cF
cN
sD: 
dP
sP
end of file treatment


tOF : 12:07:51:220
wavfile=SR2_20160402_203157_923.wav
c:
g=10
sfte=192000
cF
cN
sD: 
dP
sP
end of file treatment


tOF : 12:07:51:361
wavfile=SR2_20160402_203214_676.wav
c:
g=10
sfte=192000
cF
cN
sD: 
dP
sP
end of file treatment


tOF : 12:07:51:457
wavfile=SR2_20160402_203316_737.wav
c:
g=10
sfte=192000
cF
cN
sD: 
dP
sP
end of file treatment


tOF : 12:07:51:557
wavfile=SR2_20160402_203741_356.wav
c:
g=10
sfte=192000
cF
cN
sD: 
dP
sP
end of file treatment


tOF : 12:07:51:653
wavfile=SR2_20160402_204050_021.wav
c:
g=10
sfte=192000
cF
cN
sD: 
dP
sP
end of file treatment


tOF : 12:07:51:766
wavfile=SR2_20160402_204237_783.wav
c:
g=10
sfte=192000
cF
cN
sD: 
dP
sP
end of file treatment


tOF : 12:07:51:914
wavfile=SR2_20160402_204446_240.wav
c:
g=10
sfte=192000
cF
cN
sD: 
dP
sP
end of file treatment


tOF : 12:07:52:036
wavfile=SR2_20160402_204625_915.wav
c:
g=10
sfte=192000
cF
cN
sD: 
dP
sP
end of file treatment


tOF : 12:07:52:195
wavfile=SR2_20160402_204736_205.wav
c:
g=10
sfte=192000
cF
cN
sD: 
dP
sP
end of file treatment


tOF : 12:07:52:395
wavfile=SR2_20160402_204813_681.wav
c:
g=10
sfte=192000
cF
cN
sD: 
dP
sP
end of file treatment


tOF : 12:07:52:489
wavfile=SR2_20160402_205329_801.wav
c:
g=10
sfte=192000
cF
cN
sD: 
dP
sP
end of file treatment


tOF : 12:07:52:629
wavfile=SR2_20160402_205512_979.wav
c:
g=10
sfte=192000
cF
cN
sD: 
dP
sP
end of file treatment


tOF : 12:07:52:723
wavfile=SR2_20160402_205759_521.wav
c:
g=10
sfte=192000
cF
cN
sD: 
dP
sP
end of file treatment


tOF : 12:07:52:812
wavfile=SR2_20160402_205924_491.wav
c:
g=10
sfte=192000
cF
cN
sD: 
dP
sP
end of file treatment


tOF : 12:07:52:923
wavfile=SR2_20160402_210013_673.wav
c:
g=10
sfte=192000
cF
cN
sD: 
dP
sP
end of file treatment


tOF : 12:07:52:995
wavfile=SR2_20160402_210206_000.wav
c:
g=10
sfte=192000
cF
cN
sD: 
dP
sP
end of file treatment


tOF : 12:07:53:119
wavfile=SR2_20160402_210315_724.wav
c:
g=10
sfte=192000
cF
cN
sD: 
dP
sP
end of file treatment


tOF : 12:07:53:225
wavfile=SR2_20160402_210426_883.wav
c:
g=10
sfte=192000
cF
cN
sD: 
dP
sP
end of file treatment


tOF : 12:07:53:368
wavfile=SR2_20160402_210642_831.wav
c:
g=10
sfte=192000
cF
cN
sD: 
dP
sP
end of file treatment


tOF : 12:07:53:608
wavfile=SR2_20160402_210843_595.wav
c:
g=10
sfte=192000
cF
cN
sD: 
dP
sP
end of file treatment


tOF : 12:07:53:711
wavfile=SR2_20160402_211351_433.wav
c:
g=10
sfte=192000
cF
cN
sD: 
dP
sP
end of file treatment


tOF : 12:07:53:887
wavfile=SR2_20160402_211648_700.wav
c:
g=10
sfte=192000
cF
cN
sD: 
dP
sP
end of file treatment


tOF : 12:07:54:019
wavfile=SR2_20160402_211843_968.wav
c:
g=10
sfte=192000
cF
cN
sD: 
dP
sP
end of file treatment


tOF : 12:07:54:142
wavfile=SR2_20160402_212050_048.wav
c:
g=10
sfte=192000
cF
cN
sD: 
dP
sP
end of file treatment


tOF : 12:07:54:257
wavfile=SR2_20160402_212207_724.wav
c:
g=10
sfte=192000
cF
cN
sD: 
dP
sP
end of file treatment


tOF : 12:07:54:381
wavfile=SR2_20160402_212328_211.wav
c:
g=10
sfte=192000
cF
cN
sD: 
dP
sP
end of file treatment


tOF : 12:07:54:621
wavfile=SR2_20160402_212445_147.wav
c:
g=10
sfte=192000
cF
cN
sD: 
dP
sP
end of file treatment


tOF : 12:07:54:690
wavfile=SR2_20160402_212906_711.wav
c:
g=10
sfte=192000
cF
cN
sD: 
dP
sP
end of file treatment


tOF : 12:07:54:856
wavfile=SR2_20160402_213227_267.wav
c:
g=10
sfte=192000
cF
cN
sD: 
dP
sP
end of file treatment


tOF : 12:07:54:971
wavfile=SR2_20160402_213710_877.wav
c:
g=10
sfte=192000
cF
cN
sD: 
dP
sP
end of file treatment


tOF : 12:07:55:072
wavfile=SR2_20160402_214407_999.wav
c:
g=10
sfte=192000
cF
cN
sD: 
dP
sP
end of file treatment


tOF : 12:07:55:349
wavfile=SR2_20160402_221040_940.wav
c:
g=10
sfte=192000
cF
cN
sD: 
dP
sP
end of file treatment


tOF : 12:07:55:474
wavfile=SR2_20160402_223204_000.wav
c:
g=10
sfte=192000
cF
cN
sD: 
dP
sP
end of file treatment


tOF : 12:07:55:547
wavfile=SR2_20160402_223455_329.wav
c:
g=10
sfte=192000
cF
cN
sD: 
dP
sP
end of file treatment


tOF : 12:07:55:626
wavfile=SR2_20160402_223948_443.wav
c:
g=10
sfte=192000
cF
cN
sD: 
dP
sP
end of file treatment


tOF : 12:07:55:702
wavfile=SR2_20160402_224350_952.wav
c:
g=10
sfte=192000
cF
cN
sD: 
dP
sP
end of file treatment


tOF : 12:07:55:769
wavfile=SR2_20160402_224743_339.wav
c:
g=10
sfte=192000
cF
cN
sD: 
dP
sP
end of file treatment


tOF : 12:07:55:873
wavfile=SR2_20160402_225010_840.wav
c:
g=10
sfte=192000
cF
cN
sD: 
dP
sP
end of file treatment


tOF : 12:07:55:940
wavfile=SR2_20160402_225248_951.wav
c:
g=10
sfte=192000
cF
cN
sD: 
dP
sP
end of file treatment


tOF : 12:07:56:007
wavfile=SR2_20160402_230916_713.wav
c:
g=10
sfte=192000
cF
cN
sD: 
dP
sP
end of file treatment


tOF : 12:07:56:222
wavfile=SR2_20160403_000204_000.wav
c:
g=10
sfte=192000
cF
cN
sD: 
dP
sP
end of file treatment


tOF : 12:07:56:277
wavfile=SR2_20160403_010204_000.wav
c:
g=10
sfte=192000
cF
cN
sD: 
dP
sP
end of file treatment


tOF : 12:07:56:364
wavfile=SR2_20160403_023204_000.wav
c:
g=10
sfte=192000
cF
cN
sD: 
dP
sP
end of file treatment


tOF : 12:07:56:418
wavfile=SR2_20160403_043204_000.wav
c:
g=10
sfte=192000
cF
cN
sD: 
dP
sP
end of file treatment


tOF : 12:07:56:499
wavfile=SR2_20160403_183302_000.wav
c:
g=10
sfte=192000
cF
cN
sD: 
dP
sP
end of file treatment


tOF : 12:07:56:579
wavfile=SR2_20160403_201043_512.wav
c:
g=10
sfte=192000
cF
cN
sD: 
dP
sP
end of file treatment


tOF : 12:07:56:731
wavfile=SR2_20160403_202609_979.wav
c:
g=10
sfte=192000
cF
cN
sD: 
dP
sP
end of file treatment


tOF : 12:07:57:003
wavfile=SR2_20160403_210304_000.wav
c:
g=10
sfte=192000
cF
cN
sD: 
dP
sP
end of file treatment


tOF : 12:07:57:102
wavfile=SR2_20160403_215352_536.wav
c:
g=10
sfte=192000
cF
cN
sD: 
dP
sP
end of file treatment


tOF : 12:07:57:252
wavfile=SR2_20160403_215833_829.wav
c:
g=10
sfte=192000
cF
cN
sD: 
dP
sP
end of file treatment


tOF : 12:07:57:633
wavfile=SR2_20160403_220758_069.wav
c:
g=10
sfte=192000
cF
cN
sD: 
dP
sP
end of file treatment


tOF : 12:07:57:751
wavfile=SR2_20160403_220851_243.wav
c:
g=10
sfte=192000
cF
cN
sD: 
dP
sP
end of file treatment


tOF : 12:07:57:905
wavfile=SR2_20160403_221021_917.wav
c:
g=10
sfte=192000
cF
cN
sD: 
dP
sP
end of file treatment


tOF : 12:07:57:998
wavfile=SR2_20160403_221252_939.wav
c:
g=10
sfte=192000
cF
cN
sD: 
dP
sP
end of file treatment


tOF : 12:07:58:084
wavfile=SR2_20160403_221542_476.wav
c:
g=10
sfte=192000
cF
cN
sD: 
dP
sP
end of file treatment


tOF : 12:07:58:166
wavfile=SR2_20160403_221741_847.wav
c:
g=10
sfte=192000
cF
cN
sD: 
dP
sP
end of file treatment


tOF : 12:07:58:364
wavfile=SR2_20160403_221758_503.wav
c:
g=10
sfte=192000
cF
cN
sD: 
dP
sP
end of file treatment


tOF : 12:07:58:437
wavfile=SR2_20160403_221822_808.wav
c:
g=10
sfte=192000
cF
cN
sD: 
dP
sP
end of file treatment


tOF : 12:07:58:516
wavfile=SR2_20160403_221859_557.wav
c:
g=10
sfte=192000
cF
cN
sD: 
dP
sP
end of file treatment


tOF : 12:07:58:602
wavfile=SR2_20160403_221919_565.wav
c:
g=10
sfte=192000
cF
cN
sD: 
dP
sP
end of file treatment


tOF : 12:07:58:691
wavfile=SR2_20160403_221957_377.wav
c:
g=10
sfte=192000
cF
cN
sD: 
dP
sP
end of file treatment


tOF : 12:07:58:800
wavfile=SR2_20160403_222023_429.wav
c:
g=10
sfte=192000
cF
cN
sD: 
dP
sP
end of file treatment


tOF : 12:07:58:906
wavfile=SR2_20160403_222032_451.wav
c:
g=10
sfte=192000
cF
cN
sD: 
dP
sP
end of file treatment


tOF : 12:07:59:050
wavfile=SR2_20160403_222120_612.wav
c:
g=10
sfte=192000
cF
cN
sD: 
dP
sP
end of file treatment


tOF : 12:07:59:125
wavfile=SR2_20160403_222139_019.wav
c:
g=10
sfte=192000
cF
cN
sD: 
dP
sP
end of file treatment


tOF : 12:07:59:230
wavfile=SR2_20160403_222207_064.wav
c:
g=10
sfte=192000
cF
cN
sD: 
dP
sP
end of file treatment


tOF : 12:07:59:361
wavfile=SR2_20160403_222244_656.wav
c:
g=10
sfte=192000
cF
cN
sD: 
dP
sP
end of file treatment


tOF : 12:07:59:567
wavfile=SR2_20160403_222311_603.wav
c:
g=10
sfte=192000
cF
cN
sD: 
dP
sP
end of file treatment


tOF : 12:07:59:742
wavfile=SR2_20160403_222340_500.wav
c:
g=10
sfte=192000
cF
cN
sD: 
dP
sP
end of file treatment


tOF : 12:07:59:818
wavfile=SR2_20160403_222424_548.wav
c:
g=10
sfte=192000
cF
cN
sD: 
dP
sP
end of file treatment


tOF : 12:07:59:912
wavfile=SR2_20160403_222441_841.wav
c:
g=10
sfte=192000
cF
cN
sD: 
dP
sP
end of file treatment


tOF : 12:08:00:062
wavfile=SR2_20160403_222508_271.wav
c:
g=10
sfte=192000
cF
cN
sD: 
dP
sP
end of file treatment


tOF : 12:08:00:376
wavfile=SR2_20160403_222535_681.wav
c:
g=10
sfte=192000
cF
cN
sD: 
dP
sP
end of file treatment


tOF : 12:08:00:630
wavfile=SR2_20160403_222655_756.wav
c:
g=10
sfte=192000
cF
cN
sD: 
dP
sP
end of file treatment


tOF : 12:08:00:800
wavfile=SR2_20160403_222846_595.wav
c:
g=10
sfte=192000
cF
cN
sD: 
dP
sP
end of file treatment


tOF : 12:08:01:026
wavfile=SR2_20160403_223140_992.wav
c:
g=10
sfte=192000
cF
cN
sD: 
dP
sP
end of file treatment


tOF : 12:08:01:225
wavfile=SR2_20160403_223306_000.wav
c:
g=10
sfte=192000
cF
cN
sD: 
dP
sP
end of file treatment


tOF : 12:08:01:312
wavfile=SR2_20160403_223408_032.wav
c:
g=10
sfte=192000
cF
cN
sD: 
dP
sP
end of file treatment


tOF : 12:08:01:440
wavfile=SR2_20160403_223705_616.wav
c:
g=10
sfte=192000
cF
cN
sD: 
dP
sP
end of file treatment


tOF : 12:08:01:519
wavfile=SR2_20160403_223826_561.wav
c:
g=10
sfte=192000
cF
cN
sD: 
dP
sP
end of file treatment


tOF : 12:08:01:620
wavfile=SR2_20160403_223916_281.wav
c:
g=10
sfte=192000
cF
cN
sD: 
dP
sP
end of file treatment


tOF : 12:08:01:699
wavfile=SR2_20160403_224809_835.wav
c:
g=10
sfte=192000
cF
cN
sD: 
dP
sP
end of file treatment


tOF : 12:08:01:821
wavfile=SR2_20160403_225108_184.wav
c:
g=10
sfte=192000
cF
cN
sD: 
dP
sP
end of file treatment


tOF : 12:08:02:255
wavfile=SR2_20160403_225234_796.wav
c:
g=10
sfte=192000
cF
cN
sD: 
dP
sP
end of file treatment


tOF : 12:08:02:328
wavfile=SR2_20160403_225413_119.wav
c:
g=10
sfte=192000
cF
cN
sD: 
dP
sP
end of file treatment


tOF : 12:08:02:445
wavfile=SR2_20160403_225611_988.wav
c:
g=10
sfte=192000
cF
cN
sD: 
dP
sP
end of file treatment


tOF : 12:08:02:554
wavfile=SR2_20160403_225649_020.wav
c:
g=10
sfte=192000
cF
cN
sD: 
dP
sP
end of file treatment


tOF : 12:08:02:674
wavfile=SR2_20160403_225719_661.wav
c:
g=10
sfte=192000
cF
cN
sD: 
dP
sP
end of file treatment


tOF : 12:08:02:772
wavfile=SR2_20160403_225841_399.wav
c:
g=10
sfte=192000
cF
cN
sD: 
dP
sP
end of file treatment


tOF : 12:08:02:889
wavfile=SR2_20160403_230130_276.wav
c:
g=10
sfte=192000
cF
cN
sD: 
dP
sP
end of file treatment


tOF : 12:08:02:982
wavfile=SR2_20160403_230248_585.wav
c:
g=10
sfte=192000
cF
cN
sD: 
dP
sP
end of file treatment


tOF : 12:08:03:228
wavfile=SR2_20160403_230356_632.wav
c:
g=10
sfte=192000
cF
cN
sD: 
dP
sP
end of file treatment


tOF : 12:08:03:323
wavfile=SR2_20160403_230501_181.wav
c:
g=10
sfte=192000
cF
cN
sD: 
dP
sP
end of file treatment


tOF : 12:08:03:452
wavfile=SR2_20160403_230742_711.wav
c:
g=10
sfte=192000
cF
cN
sD: 
dP
sP
end of file treatment


tOF : 12:08:03:556
wavfile=SR2_20160403_230850_832.wav
c:
g=10
sfte=192000
cF
cN
sD: 
dP
sP
end of file treatment


tOF : 12:08:03:675
wavfile=SR2_20160403_231006_091.wav
c:
g=10
sfte=192000
cF
cN
sD: 
dP
sP
end of file treatment


tOF : 12:08:03:757
wavfile=SR2_20160403_231357_243.wav
c:
g=10
sfte=192000
cF
cN
sD: 
dP
sP
end of file treatment


tOF : 12:08:03:836
wavfile=SR2_20160403_231452_988.wav
c:
g=10
sfte=192000
cF
cN
sD: 
dP
sP
end of file treatment


tOF : 12:08:03:922
wavfile=SR2_20160403_231713_920.wav
c:
g=10
sfte=192000
cF
cN
sD: 
dP
sP
end of file treatment


tOF : 12:08:04:014
wavfile=SR2_20160403_231939_211.wav
c:
g=10
sfte=192000
cF
cN
sD: 
dP
sP
end of file treatment


tOF : 12:08:04:142
wavfile=SR2_20160403_234808_491.wav
c:
g=10
sfte=192000
cF
cN
sD: 
dP
sP
end of file treatment


tOF : 12:08:04:595
wavfile=SR2_20160404_001004_107.wav
c:
g=10
sfte=192000
cF
cN
sD: 
dP
sP
end of file treatment


tOF : 12:08:04:653
wavfile=SR2_20160404_001557_763.wav
c:
g=10
sfte=192000
cF
cN
sD: 
dP
sP
end of file treatment


tOF : 12:08:04:734
wavfile=SR2_20160404_001915_009.wav
c:
g=10
sfte=192000
cF
cN
sD: 
dP
sP
end of file treatment


tOF : 12:08:04:810
wavfile=SR2_20160404_020304_000.wav
c:
g=10
sfte=192000
cF
cN
sD: 
dP
sP
end of file treatment


tOF : 12:08:04:887
wavfile=SR2_20160404_040304_000.wav
c:
g=10
sfte=192000
cF
cN
sD: 
dP
sP
end of file treatment


tOF : 12:08:04:958
wavfile=SR2_20160404_180500_000.wav
c:
g=10
sfte=192000
cF
cN
sD: 
dP
sP
end of file treatment


tOF : 12:08:05:060
wavfile=SR2_20160404_190344_417.wav
c:
g=10
sfte=192000
cF
cN
sD: 
dP
sP
end of file treatment


tOF : 12:08:05:291
wavfile=SR2_20160404_193218_117.wav
c:
g=10
sfte=192000
cF
cN
sD: 
dP
sP
end of file treatment


tOF : 12:08:05:420
wavfile=SR2_20160404_195823_515.wav
c:
g=10
sfte=192000
cF
cN
sD: 
dP
sP
end of file treatment


tOF : 12:08:05:725
wavfile=SR2_20160404_203722_861.wav
c:
g=10
sfte=192000
cF
cN
sD: 
dP
sP
end of file treatment


tOF : 12:08:06:024
wavfile=SR2_20160404_210504_000.wav
c:
g=10
sfte=192000
cF
cN
sD: 
dP
sP
end of file treatment


tOF : 12:08:06:198
wavfile=SR2_20160404_215216_368.wav
c:
g=10
sfte=192000
cF
cN
sD: 
dP
sP
end of file treatment


tOF : 12:08:06:360
wavfile=SR2_20160404_230504_000.wav
c:
g=10
sfte=192000
cF
cN
sD: 
dP
sP
end of file treatment


tOF : 12:08:06:504
wavfile=SR2_20160405_003504_000.wav
c:
g=10
sfte=192000
cF
cN
sD: 
dP
sP
end of file treatment


tOF : 12:08:06:626
wavfile=SR2_20160405_023504_000.wav
c:
g=10
sfte=192000
cF
cN
sD: 
dP
sP
end of file treatment


tOF : 12:08:06:705
wavfile=SR2_20160405_043504_000.wav
c:
g=10
sfte=192000
cF
cN
sD: 
dP
sP
end of file treatment


tOF : 12:08:06:836
wavfile=SR2_20160405_180700_000.wav
c:
g=10
sfte=192000
cF
cN
sD: 
dP
sP
end of file treatment


tOF : 12:08:06:959
wavfile=SR2_20160405_183702_000.wav
c:
g=10
sfte=192000
cF
cN
sD: 
dP
sP
end of file treatment


tOF : 12:08:07:077
wavfile=SR2_20160405_200748_780.wav
c:
g=10
sfte=192000
cF
cN
sD: 
dP
sP
end of file treatment


tOF : 12:08:07:169
wavfile=SR2_20160405_220704_000.wav
c:
g=10
sfte=192000
cF
cN
sD: 
dP
sP
end of file treatment


tOF : 12:08:07:302
wavfile=SR2_20160405_233704_000.wav
c:
g=10
sfte=192000
cF
cN
sD: 
dP
sP
end of file treatment


tOF : 12:08:07:476
wavfile=SR2_20160406_013704_000.wav
c:
g=10
sfte=192000
cF
cN
sD: 
dP
sP
end of file treatment


tOF : 12:08:07:583
wavfile=SR2_20160406_033704_000.wav
c:
g=10
sfte=192000
cF
cN
sD: 
dP
sP
end of file treatment


tOF : 12:08:07:700
wavfile=SR2_20160406_053704_000.wav
c:
g=10
sfte=192000
cF
cN
sD: 
dP
sP
end of file treatment


tOF : 12:08:07:768
wavfile=SR2_20160406_182854_685.wav
c:
g=10
sfte=192000
cF
cN
sD: 
dP
sP
end of file treatment


tOF : 12:08:08:306
wavfile=SR2_20160406_191212_696.wav
c:
g=10
sfte=192000
cF
cN
sD: 
dP
sP
end of file treatment


tOF : 12:08:08:468
wavfile=SR2_20160406_195457_991.wav
c:
g=10
sfte=192000
cF
cN
sD: 
dP
sP
end of file treatment


tOF : 12:08:08:728
wavfile=SR2_20160406_200904_000.wav
c:
g=10
sfte=192000
cF
cN
sD: 
dP
sP
end of file treatment


tOF : 12:08:08:834
wavfile=SR2_20160406_201524_047.wav
c:
g=10
sfte=192000
cF
cN
sD: 
dP
sP
end of file treatment


tOF : 12:08:09:057
wavfile=SR2_20160406_213904_000.wav
c:
g=10
sfte=192000
cF
cN
sD: 
dP
sP
end of file treatment


tOF : 12:08:09:224
wavfile=SR2_20160406_221325_615.wav
c:
g=10
sfte=192000
cF
cN
sD: 
dP
sP
end of file treatment


tOF : 12:08:09:492
wavfile=SR2_20160406_230542_284.wav
c:
g=10
sfte=192000
cF
cN
sD: 
dP
sP
end of file treatment


tOF : 12:08:09:622
wavfile=SR2_20160406_234949_704.wav
c:
g=10
sfte=192000
cF
cN
sD: 
dP
sP
end of file treatment


tOF : 12:08:09:705
wavfile=SR2_20160407_013904_000.wav
c:
g=10
sfte=192000
cF
cN
sD: 
dP
sP
end of file treatment


tOF : 12:08:09:812
wavfile=SR2_20160407_033904_000.wav
c:
g=10
sfte=192000
cF
cN
sD: 
dP
sP
end of file treatment


tOF : 12:08:09:937
wavfile=SR2_20160407_051342_544.wav
c:
g=10
sfte=192000
cF
cN
sD: 
dP
sP
end of file treatment


tOF : 12:08:10:164
wavfile=SR2_20160407_184002_000.wav
c:
g=10
sfte=192000
cF
cN
sD: 
dP
sP
end of file treatment


tOF : 12:08:10:337
wavfile=SR2_20160407_200839_312.wav
c:
g=10
sfte=192000
cF
cN
sD: 
dP
sP
end of file treatment


tOF : 12:08:10:475
wavfile=SR2_20160407_214004_000.wav
c:
g=10
sfte=192000
cF
cN
sD: 
dP
sP
end of file treatment


tOF : 12:08:10:571
wavfile=SR2_20160407_224918_924.wav
c:
g=10
sfte=192000
cF
cN
sD: 
dP
sP
end of file treatment


tOF : 12:08:10:755
wavfile=SR2_20160408_004004_000.wav
c:
g=10
sfte=192000
cF
cN
sD: 
dP
sP
end of file treatment


tOF : 12:08:10:846
wavfile=SR2_20160408_024004_000.wav
c:
g=10
sfte=192000
cF
cN
sD: 
dP
sP
end of file treatment


tOF : 12:08:10:956
wavfile=SR2_20160408_044004_000.wav
c:
g=10
sfte=192000
cF
cN
sD: 
dP
sP
end of file treatment


tOF : 12:08:11:076
wavfile=SR2_20160408_181606_072.wav
c:
g=10
sfte=192000
cF
cN
sD: 
dP
sP
end of file treatment


tOF : 12:08:11:306
wavfile=SR2_20160408_192436_541.wav
c:
g=10
sfte=192000
cF
cN
sD: 
dP
sP
end of file treatment


tOF : 12:08:11:591
wavfile=SR2_20160408_201204_000.wav
c:
g=10
sfte=192000
cF
cN
sD: 
dP
sP
end of file treatment


tOF : 12:08:11:739
wavfile=SR2_20160408_212448_153.wav
c:
g=10
sfte=192000
cF
cN
sD: 
dP
sP
end of file treatment


tOF : 12:08:12:101
wavfile=SR2_20160408_221204_000.wav
c:
g=10
sfte=192000
cF
cN
sD: 
dP
sP
end of file treatment


tOF : 12:08:12:210
wavfile=SR2_20160408_234204_000.wav
c:
g=10
sfte=192000
cF
cN
sD: 
dP
sP
end of file treatment


tOF : 12:08:12:371
wavfile=SR2_20160409_014204_000.wav
c:
g=10
sfte=192000
cF
cN
sD: 
dP
sP
end of file treatment


tOF : 12:08:12:506
wavfile=SR2_20160409_034204_000.wav
c:
g=10
sfte=192000
cF
cN
sD: 
dP
sP
end of file treatment


tOF : 12:08:12:681
wavfile=SR2_20160409_181400_000.wav
c:
g=10
sfte=192000
cF
cN
sD: 
dP
sP
end of file treatment


tOF : 12:08:12:832
wavfile=SR2_20160409_193512_153.wav
c:
g=10
sfte=192000
cF
cN
sD: 
dP
sP
end of file treatment


tOF : 12:08:13:102
wavfile=SR2_20160409_203329_869.wav
c:
g=10
sfte=192000
cF
cN
sD: 
dP
sP
end of file treatment


tOF : 12:08:13:503
wavfile=SR2_20160409_221404_000.wav
c:
g=10
sfte=192000
cF
cN
sD: 
dP
sP
end of file treatment


tOF : 12:08:13:628
wavfile=SR2_20160409_234404_000.wav
c:
g=10
sfte=192000
cF
cN
sD: 
dP
sP
end of file treatment


tOF : 12:08:13:762
wavfile=SR2_20160410_014404_000.wav
c:
g=10
sfte=192000
cF
cN
sD: 
dP
sP
end of file treatment


tOF : 12:08:13:869
wavfile=SR2_20160410_034404_000.wav
c:
g=10
sfte=192000
cF
cN
sD: 
dP
sP
end of file treatment


tOF : 12:08:13:983
wavfile=SR2_20160410_050330_903.wav
c:
g=10
sfte=192000
cF
cN
sD: 
dP
sP
end of file treatment


tOF : 12:08:14:161
wavfile=SR2_20160410_184602_000.wav
c:
g=10
sfte=192000
cF
cN
sD: 
dP
sP
end of file treatment


tOF : 12:08:14:351
wavfile=SR2_20160410_202447_280.wav
c:
g=10
sfte=192000
cF
cN
sD: 
dP
sP
end of file treatment


tOF : 12:08:14:485
wavfile=SR2_20160410_204604_000.wav
c:
g=10
sfte=192000
cF
cN
sD: 
dP
sP
end of file treatment


tOF : 12:08:14:594
wavfile=SR2_20160410_214604_000.wav
c:
g=10
sfte=192000
cF
cN
sD: 
dP
sP
end of file treatment


tOF : 12:08:14:735
wavfile=SR2_20160410_234604_000.wav
c:
g=10
sfte=192000
cF
cN
sD: 
dP
sP
end of file treatment


tOF : 12:08:14:850
wavfile=SR2_20160411_014604_000.wav
c:
g=10
sfte=192000
cF
cN
sD: 
dP
sP
end of file treatment


tOF : 12:08:14:919
wavfile=SR2_20160411_031604_000.wav
c:
g=10
sfte=192000
cF
cN
sD: 
dP
sP
end of file treatment


tOF : 12:08:15:008
wavfile=SR2_20160411_045523_989.wav
c:
g=10
sfte=192000
cF
cN
sD: 
dP
sP
end of file treatment


tOF : 12:08:15:117
wavfile=SR2_20160411_181700_000.wav
c:
g=10
sfte=192000
cF
cN
sD: 
dP
sP
end of file treatment


tOF : 12:08:15:221
wavfile=SR2_20160411_191737_860.wav
c:
g=10
sfte=192000
cF
cN
sD: 
dP
sP
end of file treatment


tOF : 12:08:15:298
wavfile=SR2_20160411_191831_327.wav
c:
g=10
sfte=192000
cF
cN
sD: 
dP
sP
end of file treatment


tOF : 12:08:15:392
wavfile=SR2_20160411_193117_144.wav
c:
g=10
sfte=192000
cF
cN
sD: 
dP
sP
end of file treatment


tOF : 12:08:15:567
wavfile=SR2_20160411_195135_217.wav
c:
g=10
sfte=192000
cF
cN
sD: 
dP
sP
end of file treatment


tOF : 12:08:15:904
wavfile=SR2_20160411_200149_325.wav
c:
g=10
sfte=192000
cF
cN
sD: 
dP
sP
end of file treatment


tOF : 12:08:16:105
wavfile=SR2_20160411_202919_229.wav
c:
g=10
sfte=192000
cF
cN
sD: 
dP
sP
end of file treatment


tOF : 12:08:16:189
wavfile=SR2_20160411_215146_261.wav
c:
g=10
sfte=192000
cF
cN
sD: 
dP
sP
end of file treatment


tOF : 12:08:16:479
wavfile=SR2_20160411_234704_000.wav
c:
g=10
sfte=192000
cF
cN
sD: 
dP
sP
end of file treatment


tOF : 12:08:16:623
wavfile=SR2_20160412_011704_000.wav
c:
g=10
sfte=192000
cF
cN
sD: 
dP
sP
end of file treatment


tOF : 12:08:16:748
wavfile=SR2_20160412_024704_000.wav
c:
g=10
sfte=192000
cF
cN
sD: 
dP
sP
end of file treatment


tOF : 12:08:16:830
wavfile=SR2_20160412_025338_961.wav
c:
g=10
sfte=192000
cF
cN
sD: 
dP
sP
end of file treatment


tOF : 12:08:17:083
wavfile=SR2_20160412_034704_000.wav
c:
g=10
sfte=192000
cF
cN
sD: 
dP
sP
end of file treatment


tOF : 12:08:17:366
wavfile=SR2_20160412_051704_000.wav
c:
g=10
sfte=192000
cF
cN
sD: 
dP
sP
end of file treatment


tOF : 12:08:17:443
wavfile=SR2_20160412_184902_000.wav
c:
g=10
sfte=192000
cF
cN
sD: 
dP
sP
end of file treatment


tOF : 12:08:17:534
wavfile=SR2_20160412_195233_593.wav
c:
g=10
sfte=192000
cF
cN
sD: 
dP
sP
end of file treatment


tOF : 12:08:17:670
wavfile=SR2_20160412_210027_573.wav
c:
g=10
sfte=192000
cF
cN
sD: 
dP
sP
end of file treatment


tOF : 12:08:17:876
wavfile=SR2_20160412_214904_000.wav
c:
g=10
sfte=192000
cF
cN
sD: 
dP
sP
end of file treatment


tOF : 12:08:18:247
wavfile=SR2_20160412_224504_959.wav
c:
g=10
sfte=192000
cF
cN
sD: 
dP
sP
end of file treatment


tOF : 12:08:18:526
wavfile=SR2_20160413_001904_000.wav
c:
g=10
sfte=192000
cF
cN
sD: 
dP
sP
end of file treatment


tOF : 12:08:18:610
wavfile=SR2_20160413_013434_963.wav
c:
g=10
sfte=192000
cF
cN
sD: 
dP
sP
end of file treatment


tOF : 12:08:18:685
wavfile=SR2_20160413_031904_000.wav
c:
g=10
sfte=192000
cF
cN
sD: 
dP
sP
end of file treatment
endDetec  IThread = 1
