dtt modefreq=1


tOF : 12:06:41:297
wavfile=SR2_20160314_172800_000.wav
c:
g=10
sfte=192000
cF
cN
sD: 
dP
sP
end of file treatment


tOF : 12:06:41:375
wavfile=SR2_20160314_175359_004.wav
c:
g=10
sfte=192000
cF
cN
sD: 
dP
sP
end of file treatment


tOF : 12:06:41:569
wavfile=SR2_20160314_175642_063.wav
c:
g=10
sfte=192000
cF
cN
sD: 
dP
sP
end of file treatment


tOF : 12:06:41:708
wavfile=SR2_20160314_185804_000.wav
c:
g=10
sfte=192000
cF
cN
sD: 
dP
sP
end of file treatment


tOF : 12:06:41:795
wavfile=SR2_20160314_195804_000.wav
c:
g=10
sfte=192000
cF
cN
sD: 
dP
sP
end of file treatment


tOF : 12:06:41:857
wavfile=SR2_20160314_200051_145.wav
c:
g=10
sfte=192000
cF
cN
sD: 
dP
sP
end of file treatment


tOF : 12:06:41:986
wavfile=SR2_20160314_202504_095.wav
c:
g=10
sfte=192000
cF
cN
sD: 
dP
sP
end of file treatment


tOF : 12:06:42:142
wavfile=SR2_20160314_210408_759.wav
c:
g=10
sfte=192000
cF
cN
sD: 
dP
sP
end of file treatment


tOF : 12:06:42:236
wavfile=SR2_20160314_211240_241.wav
c:
g=10
sfte=192000
cF
cN
sD: 
dP
sP
end of file treatment


tOF : 12:06:42:361
wavfile=SR2_20160314_215804_000.wav
c:
g=10
sfte=192000
cF
cN
sD: 
dP
sP
end of file treatment


tOF : 12:06:42:479
wavfile=SR2_20160314_222422_035.wav
c:
g=10
sfte=192000
cF
cN
sD: 
dP
sP
end of file treatment


tOF : 12:06:42:645
wavfile=SR2_20160314_225804_000.wav
c:
g=10
sfte=192000
cF
cN
sD: 
dP
sP
end of file treatment


tOF : 12:06:42:739
wavfile=SR2_20160314_230837_352.wav
c:
g=10
sfte=192000
cF
cN
sD: 
dP
sP
end of file treatment


tOF : 12:06:42:983
wavfile=SR2_20160314_235012_855.wav
c:
g=10
sfte=192000
cF
cN
sD: 
dP
sP
end of file treatment


tOF : 12:06:43:108
wavfile=SR2_20160315_005804_000.wav
c:
g=10
sfte=192000
cF
cN
sD: 
dP
sP
end of file treatment


tOF : 12:06:43:186
wavfile=SR2_20160315_015804_000.wav
c:
g=10
sfte=192000
cF
cN
sD: 
dP
sP
end of file treatment


tOF : 12:06:43:279
wavfile=SR2_20160315_022804_000.wav
c:
g=10
sfte=192000
cF
cN
sD: 
dP
sP
end of file treatment


tOF : 12:06:43:342
wavfile=SR2_20160315_024436_280.wav
c:
g=10
sfte=192000
cF
cN
sD: 
dP
sP
end of file treatment


tOF : 12:06:43:681
wavfile=SR2_20160315_024511_181.wav
c:
g=10
sfte=192000
cF
cN
sD: 
dP
sP
end of file treatment


tOF : 12:06:43:795
wavfile=SR2_20160315_035804_000.wav
c:
g=10
sfte=192000
cF
cN
sD: 
dP
sP
end of file treatment


tOF : 12:06:43:920
wavfile=SR2_20160315_040648_613.wav
c:
g=10
sfte=192000
cF
cN
sD: 
dP
sP
end of file treatment


tOF : 12:06:43:998
wavfile=SR2_20160315_041323_040.wav
c:
g=10
sfte=192000
cF
cN
sD: 
dP
sP
end of file treatment


tOF : 12:06:44:092
wavfile=SR2_20160315_054221_077.wav
c:
g=10
sfte=192000
cF
cN
sD: 
dP
sP
end of file treatment


tOF : 12:06:44:232
wavfile=SR2_20160315_062804_000.wav
c:
g=10
sfte=192000
cF
cN
sD: 
dP
sP
end of file treatment


tOF : 12:06:44:321
wavfile=SR2_20160315_183004_000.wav
c:
g=10
sfte=192000
cF
cN
sD: 
dP
sP
end of file treatment


tOF : 12:06:44:420
wavfile=SR2_20160315_193004_000.wav
c:
g=10
sfte=192000
cF
cN
sD: 
dP
sP
end of file treatment


tOF : 12:06:44:484
wavfile=SR2_20160315_203408_355.wav
c:
g=10
sfte=192000
cF
cN
sD: 
dP
sP
end of file treatment


tOF : 12:06:44:586
wavfile=SR2_20160315_204922_908.wav
c:
g=10
sfte=192000
cF
cN
sD: 
dP
sP
end of file treatment


tOF : 12:06:44:939
wavfile=SR2_20160315_210829_091.wav
c:
g=10
sfte=192000
cF
cN
sD: 
dP
sP
end of file treatment


tOF : 12:06:45:050
wavfile=SR2_20160315_215806_153.wav
c:
g=10
sfte=192000
cF
cN
sD: 
dP
sP
end of file treatment


tOF : 12:06:45:125
wavfile=SR2_20160315_220004_000.wav
c:
g=10
sfte=192000
cF
cN
sD: 
dP
sP
end of file treatment


tOF : 12:06:45:207
wavfile=SR2_20160315_230004_000.wav
c:
g=10
sfte=192000
cF
cN
sD: 
dP
sP
end of file treatment


tOF : 12:06:45:263
wavfile=SR2_20160315_232818_963.wav
c:
g=10
sfte=192000
cF
cN
sD: 
dP
sP
end of file treatment


tOF : 12:06:45:422
wavfile=SR2_20160316_001449_935.wav
c:
g=10
sfte=192000
cF
cN
sD: 
dP
sP
end of file treatment


tOF : 12:06:45:535
wavfile=SR2_20160316_013004_000.wav
c:
g=10
sfte=192000
cF
cN
sD: 
dP
sP
end of file treatment


tOF : 12:06:45:626
wavfile=SR2_20160316_030004_000.wav
c:
g=10
sfte=192000
cF
cN
sD: 
dP
sP
end of file treatment


tOF : 12:06:45:701
wavfile=SR2_20160316_040004_000.wav
c:
g=10
sfte=192000
cF
cN
sD: 
dP
sP
end of file treatment


tOF : 12:06:45:762
wavfile=SR2_20160316_054058_419.wav
c:
g=10
sfte=192000
cF
cN
sD: 
dP
sP
end of file treatment


tOF : 12:06:45:927
wavfile=SR2_20160316_175556_705.wav
c:
g=10
sfte=192000
cF
cN
sD: 
dP
sP
end of file treatment


tOF : 12:06:46:139
wavfile=SR2_20160316_180420_273.wav
c:
g=10
sfte=192000
cF
cN
sD: 
dP
sP
end of file treatment


tOF : 12:06:46:359
wavfile=SR2_20160316_183204_000.wav
c:
g=10
sfte=192000
cF
cN
sD: 
dP
sP
end of file treatment


tOF : 12:06:46:485
wavfile=SR2_20160316_203204_000.wav
c:
g=10
sfte=192000
cF
cN
sD: 
dP
sP
end of file treatment


tOF : 12:06:46:689
wavfile=SR2_20160316_223204_000.wav
c:
g=10
sfte=192000
cF
cN
sD: 
dP
sP
end of file treatment


tOF : 12:06:46:825
wavfile=SR2_20160317_000204_000.wav
c:
g=10
sfte=192000
cF
cN
sD: 
dP
sP
end of file treatment


tOF : 12:06:46:956
wavfile=SR2_20160317_020204_000.wav
c:
g=10
sfte=192000
cF
cN
sD: 
dP
sP
end of file treatment


tOF : 12:06:47:154
wavfile=SR2_20160317_040204_000.wav
c:
g=10
sfte=192000
cF
cN
sD: 
dP
sP
end of file treatment


tOF : 12:06:47:265
wavfile=SR2_20160317_060204_000.wav
c:
g=10
sfte=192000
cF
cN
sD: 
dP
sP
end of file treatment


tOF : 12:06:47:394
wavfile=SR2_20160317_175137_523.wav
c:
g=10
sfte=192000
cF
cN
sD: 
dP
sP
end of file treatment


tOF : 12:06:47:562
wavfile=SR2_20160317_175852_568.wav
c:
g=10
sfte=192000
cF
cN
sD: 
dP
sP
end of file treatment


tOF : 12:06:47:678
wavfile=SR2_20160317_180113_408.wav
c:
g=10
sfte=192000
cF
cN
sD: 
dP
sP
end of file treatment


tOF : 12:06:47:767
wavfile=SR2_20160317_193404_000.wav
c:
g=10
sfte=192000
cF
cN
sD: 
dP
sP
end of file treatment


tOF : 12:06:47:905
wavfile=SR2_20160317_195825_728.wav
c:
g=10
sfte=192000
cF
cN
sD: 
dP
sP
end of file treatment


tOF : 12:06:48:085
wavfile=SR2_20160317_210404_000.wav
c:
g=10
sfte=192000
cF
cN
sD: 
dP
sP
end of file treatment


tOF : 12:06:48:212
wavfile=SR2_20160317_230404_000.wav
c:
g=10
sfte=192000
cF
cN
sD: 
dP
sP
end of file treatment


tOF : 12:06:48:310
wavfile=SR2_20160318_010404_000.wav
c:
g=10
sfte=192000
cF
cN
sD: 
dP
sP
end of file treatment


tOF : 12:06:48:429
wavfile=SR2_20160318_030404_000.wav
c:
g=10
sfte=192000
cF
cN
sD: 
dP
sP
end of file treatment


tOF : 12:06:48:532
wavfile=SR2_20160318_050404_000.wav
c:
g=10
sfte=192000
cF
cN
sD: 
dP
sP
end of file treatment


tOF : 12:06:48:668
wavfile=SR2_20160318_174332_965.wav
c:
g=10
sfte=192000
cF
cN
sD: 
dP
sP
end of file treatment


tOF : 12:06:48:845
wavfile=SR2_20160318_180502_000.wav
c:
g=10
sfte=192000
cF
cN
sD: 
dP
sP
end of file treatment


tOF : 12:06:48:980
wavfile=SR2_20160318_200504_000.wav
c:
g=10
sfte=192000
cF
cN
sD: 
dP
sP
end of file treatment


tOF : 12:06:49:154
wavfile=SR2_20160318_220504_000.wav
c:
g=10
sfte=192000
cF
cN
sD: 
dP
sP
end of file treatment


tOF : 12:06:49:319
wavfile=SR2_20160318_233717_077.wav
c:
g=10
sfte=192000
cF
cN
sD: 
dP
sP
end of file treatment


tOF : 12:06:49:441
wavfile=SR2_20160319_013504_000.wav
c:
g=10
sfte=192000
cF
cN
sD: 
dP
sP
end of file treatment


tOF : 12:06:49:596
wavfile=SR2_20160319_033504_000.wav
c:
g=10
sfte=192000
cF
cN
sD: 
dP
sP
end of file treatment


tOF : 12:06:49:757
wavfile=SR2_20160319_053504_000.wav
c:
g=10
sfte=192000
cF
cN
sD: 
dP
sP
end of file treatment


tOF : 12:06:49:909
wavfile=SR2_20160319_174553_023.wav
c:
g=10
sfte=192000
cF
cN
sD: 
dP
sP
end of file treatment


tOF : 12:06:49:994
wavfile=SR2_20160319_193704_000.wav
c:
g=10
sfte=192000
cF
cN
sD: 
dP
sP
end of file treatment


tOF : 12:06:50:127
wavfile=SR2_20160319_204823_548.wav
c:
g=10
sfte=192000
cF
cN
sD: 
dP
sP
end of file treatment


tOF : 12:06:50:263
wavfile=SR2_20160319_212235_855.wav
c:
g=10
sfte=192000
cF
cN
sD: 
dP
sP
end of file treatment


tOF : 12:06:50:368
wavfile=SR2_20160319_212618_167.wav
c:
g=10
sfte=192000
cF
cN
sD: 
dP
sP
end of file treatment


tOF : 12:06:50:553
wavfile=SR2_20160319_220704_000.wav
c:
g=10
sfte=192000
cF
cN
sD: 
dP
sP
end of file treatment


tOF : 12:06:50:646
wavfile=SR2_20160319_233704_000.wav
c:
g=10
sfte=192000
cF
cN
sD: 
dP
sP
end of file treatment


tOF : 12:06:50:711
wavfile=SR2_20160320_005425_819.wav
c:
g=10
sfte=192000
cF
cN
sD: 
dP
sP
end of file treatment


tOF : 12:06:50:828
wavfile=SR2_20160320_005717_565.wav
c:
g=10
sfte=192000
cF
cN
sD: 
dP
sP
end of file treatment


tOF : 12:06:50:890
wavfile=SR2_20160320_005823_415.wav
c:
g=10
sfte=192000
cF
cN
sD: 
dP
sP
end of file treatment


tOF : 12:06:50:987
wavfile=SR2_20160320_010704_000.wav
c:
g=10
sfte=192000
cF
cN
sD: 
dP
sP
end of file treatment


tOF : 12:06:51:093
wavfile=SR2_20160320_030704_000.wav
c:
g=10
sfte=192000
cF
cN
sD: 
dP
sP
end of file treatment


tOF : 12:06:51:168
wavfile=SR2_20160320_043704_000.wav
c:
g=10
sfte=192000
cF
cN
sD: 
dP
sP
end of file treatment


tOF : 12:06:51:252
wavfile=SR2_20160320_173900_000.wav
c:
g=10
sfte=192000
cF
cN
sD: 
dP
sP
end of file treatment


tOF : 12:06:51:420
wavfile=SR2_20160320_174248_431.wav
c:
g=10
sfte=192000
cF
cN
sD: 
dP
sP
end of file treatment


tOF : 12:06:51:576
wavfile=SR2_20160320_174341_237.wav
c:
g=10
sfte=192000
cF
cN
sD: 
dP
sP
end of file treatment


tOF : 12:06:51:712
wavfile=SR2_20160320_175648_616.wav
c:
g=10
sfte=192000
cF
cN
sD: 
dP
sP
end of file treatment


tOF : 12:06:51:801
wavfile=SR2_20160320_180141_956.wav
c:
g=10
sfte=192000
cF
cN
sD: 
dP
sP
end of file treatment


tOF : 12:06:51:875
wavfile=SR2_20160320_190904_000.wav
c:
g=10
sfte=192000
cF
cN
sD: 
dP
sP
end of file treatment


tOF : 12:06:51:949
wavfile=SR2_20160320_203904_000.wav
c:
g=10
sfte=192000
cF
cN
sD: 
dP
sP
end of file treatment


tOF : 12:06:52:036
wavfile=SR2_20160320_223904_000.wav
c:
g=10
sfte=192000
cF
cN
sD: 
dP
sP
end of file treatment


tOF : 12:06:52:092
wavfile=SR2_20160321_003904_000.wav
c:
g=10
sfte=192000
cF
cN
sD: 
dP
sP
end of file treatment


tOF : 12:06:52:149
wavfile=SR2_20160321_013904_000.wav
c:
g=10
sfte=192000
cF
cN
sD: 
dP
sP
end of file treatment


tOF : 12:06:52:274
wavfile=SR2_20160321_033904_000.wav
c:
g=10
sfte=192000
cF
cN
sD: 
dP
sP
end of file treatment


tOF : 12:06:52:353
wavfile=SR2_20160321_053904_000.wav
c:
g=10
sfte=192000
cF
cN
sD: 
dP
sP
end of file treatment


tOF : 12:06:52:470
wavfile=SR2_20160321_174619_715.wav
c:
g=10
sfte=192000
cF
cN
sD: 
dP
sP
end of file treatment


tOF : 12:06:52:675
wavfile=SR2_20160321_181249_524.wav
c:
g=10
sfte=192000
cF
cN
sD: 
dP
sP
end of file treatment


tOF : 12:06:52:797
wavfile=SR2_20160321_194104_000.wav
c:
g=10
sfte=192000
cF
cN
sD: 
dP
sP
end of file treatment


tOF : 12:06:52:865
wavfile=SR2_20160321_211104_000.wav
c:
g=10
sfte=192000
cF
cN
sD: 
dP
sP
end of file treatment


tOF : 12:06:52:968
wavfile=SR2_20160321_224104_000.wav
c:
g=10
sfte=192000
cF
cN
sD: 
dP
sP
end of file treatment


tOF : 12:06:53:087
wavfile=SR2_20160322_004021_701.wav
c:
g=10
sfte=192000
cF
cN
sD: 
dP
sP
end of file treatment


tOF : 12:06:53:165
wavfile=SR2_20160322_021104_000.wav
c:
g=10
sfte=192000
cF
cN
sD: 
dP
sP
end of file treatment


tOF : 12:06:53:223
wavfile=SR2_20160322_041104_000.wav
c:
g=10
sfte=192000
cF
cN
sD: 
dP
sP
end of file treatment


tOF : 12:06:53:328
wavfile=SR2_20160322_060052_661.wav
c:
g=10
sfte=192000
cF
cN
sD: 
dP
sP
end of file treatment


tOF : 12:06:53:407
wavfile=SR2_20160322_174559_177.wav
c:
g=10
sfte=192000
cF
cN
sD: 
dP
sP
end of file treatment


tOF : 12:06:53:638
wavfile=SR2_20160322_175058_420.wav
c:
g=10
sfte=192000
cF
cN
sD: 
dP
sP
end of file treatment


tOF : 12:06:53:765
wavfile=SR2_20160322_175825_244.wav
c:
g=10
sfte=192000
cF
cN
sD: 
dP
sP
end of file treatment


tOF : 12:06:53:902
wavfile=SR2_20160322_180645_147.wav
c:
g=10
sfte=192000
cF
cN
sD: 
dP
sP
end of file treatment


tOF : 12:06:53:999
wavfile=SR2_20160322_181209_424.wav
c:
g=10
sfte=192000
cF
cN
sD: 
dP
sP
end of file treatment


tOF : 12:06:54:080
wavfile=SR2_20160322_182052_860.wav
c:
g=10
sfte=192000
cF
cN
sD: 
dP
sP
end of file treatment


tOF : 12:06:54:130
wavfile=SR2_20160322_191204_000.wav
c:
g=10
sfte=192000
cF
cN
sD: 
dP
sP
end of file treatment


tOF : 12:06:54:197
wavfile=SR2_20160322_211204_000.wav
c:
g=10
sfte=192000
cF
cN
sD: 
dP
sP
end of file treatment


tOF : 12:06:54:345
wavfile=SR2_20160322_224204_000.wav
c:
g=10
sfte=192000
cF
cN
sD: 
dP
sP
end of file treatment


tOF : 12:06:54:414
wavfile=SR2_20160323_004204_000.wav
c:
g=10
sfte=192000
cF
cN
sD: 
dP
sP
end of file treatment


tOF : 12:06:54:487
wavfile=SR2_20160323_021204_000.wav
c:
g=10
sfte=192000
cF
cN
sD: 
dP
sP
end of file treatment


tOF : 12:06:54:548
wavfile=SR2_20160323_023002_215.wav
c:
g=10
sfte=192000
cF
cN
sD: 
dP
sP
end of file treatment


tOF : 12:06:54:723
wavfile=SR2_20160323_041204_000.wav
c:
g=10
sfte=192000
cF
cN
sD: 
dP
sP
end of file treatment


tOF : 12:06:54:834
wavfile=SR2_20160323_055402_893.wav
c:
g=10
sfte=192000
cF
cN
sD: 
dP
sP
end of file treatment


tOF : 12:06:54:935
wavfile=SR2_20160323_181402_000.wav
c:
g=10
sfte=192000
cF
cN
sD: 
dP
sP
end of file treatment


tOF : 12:06:55:013
wavfile=SR2_20160323_194101_065.wav
c:
g=10
sfte=192000
cF
cN
sD: 
dP
sP
end of file treatment


tOF : 12:06:55:271
wavfile=SR2_20160323_201404_000.wav
c:
g=10
sfte=192000
cF
cN
sD: 
dP
sP
end of file treatment


tOF : 12:06:55:399
wavfile=SR2_20160323_211959_345.wav
c:
g=10
sfte=192000
cF
cN
sD: 
dP
sP
end of file treatment


tOF : 12:06:55:673
wavfile=SR2_20160323_214218_060.wav
c:
g=10
sfte=192000
cF
cN
sD: 
dP
sP
end of file treatment


tOF : 12:06:55:823
wavfile=SR2_20160323_214825_939.wav
c:
g=10
sfte=192000
cF
cN
sD: 
dP
sP
end of file treatment


tOF : 12:06:56:004
wavfile=SR2_20160323_223937_084.wav
c:
g=10
sfte=192000
cF
cN
sD: 
dP
sP
end of file treatment


tOF : 12:06:56:139
wavfile=SR2_20160323_225105_183.wav
c:
g=10
sfte=192000
cF
cN
sD: 
dP
sP
end of file treatment


tOF : 12:06:56:380
wavfile=SR2_20160323_232921_171.wav
c:
g=10
sfte=192000
cF
cN
sD: 
dP
sP
end of file treatment


tOF : 12:06:56:624
wavfile=SR2_20160324_002334_017.wav
c:
g=10
sfte=192000
cF
cN
sD: 
dP
sP
end of file treatment


tOF : 12:06:56:932
wavfile=SR2_20160324_011222_377.wav
c:
g=10
sfte=192000
cF
cN
sD: 
dP
sP
end of file treatment


tOF : 12:06:56:995
wavfile=SR2_20160324_021404_000.wav
c:
g=10
sfte=192000
cF
cN
sD: 
dP
sP
end of file treatment


tOF : 12:06:57:091
wavfile=SR2_20160324_023338_075.wav
c:
g=10
sfte=192000
cF
cN
sD: 
dP
sP
end of file treatment


tOF : 12:06:57:331
wavfile=SR2_20160324_041404_000.wav
c:
g=10
sfte=192000
cF
cN
sD: 
dP
sP
end of file treatment


tOF : 12:06:57:403
wavfile=SR2_20160324_061404_000.wav
c:
g=10
sfte=192000
cF
cN
sD: 
dP
sP
end of file treatment


tOF : 12:06:57:541
wavfile=SR2_20160324_181602_000.wav
c:
g=10
sfte=192000
cF
cN
sD: 
dP
sP
end of file treatment


tOF : 12:06:57:651
wavfile=SR2_20160324_191604_000.wav
c:
g=10
sfte=192000
cF
cN
sD: 
dP
sP
end of file treatment


tOF : 12:06:57:709
wavfile=SR2_20160324_204604_000.wav
c:
g=10
sfte=192000
cF
cN
sD: 
dP
sP
end of file treatment


tOF : 12:06:57:871
wavfile=SR2_20160324_221604_000.wav
c:
g=10
sfte=192000
cF
cN
sD: 
dP
sP
end of file treatment


tOF : 12:06:57:959
wavfile=SR2_20160324_234323_089.wav
c:
g=10
sfte=192000
cF
cN
sD: 
dP
sP
end of file treatment


tOF : 12:06:58:091
wavfile=SR2_20160324_234943_108.wav
c:
g=10
sfte=192000
cF
cN
sD: 
dP
sP
end of file treatment


tOF : 12:06:58:528
wavfile=SR2_20160324_235954_180.wav
c:
g=10
sfte=192000
cF
cN
sD: 
dP
sP
end of file treatment


tOF : 12:06:58:654
wavfile=SR2_20160325_000857_983.wav
c:
g=10
sfte=192000
cF
cN
sD: 
dP
sP
end of file treatment


tOF : 12:06:58:798
wavfile=SR2_20160325_001454_461.wav
c:
g=10
sfte=192000
cF
cN
sD: 
dP
sP
end of file treatment


tOF : 12:06:58:927
wavfile=SR2_20160325_001615_248.wav
c:
g=10
sfte=192000
cF
cN
sD: 
dP
sP
end of file treatment


tOF : 12:06:59:041
wavfile=SR2_20160325_002017_052.wav
c:
g=10
sfte=192000
cF
cN
sD: 
dP
sP
end of file treatment


tOF : 12:06:59:170
wavfile=SR2_20160325_003050_101.wav
c:
g=10
sfte=192000
cF
cN
sD: 
dP
sP
end of file treatment


tOF : 12:06:59:324
wavfile=SR2_20160325_003407_909.wav
c:
g=10
sfte=192000
cF
cN
sD: 
dP
sP
end of file treatment


tOF : 12:06:59:413
wavfile=SR2_20160325_003619_588.wav
c:
g=10
sfte=192000
cF
cN
sD: 
dP
sP
end of file treatment


tOF : 12:06:59:509
wavfile=SR2_20160325_005942_335.wav
c:
g=10
sfte=192000
cF
cN
sD: 
dP
sP
end of file treatment


tOF : 12:06:59:701
wavfile=SR2_20160325_011604_000.wav
c:
g=10
sfte=192000
cF
cN
sD: 
dP
sP
end of file treatment


tOF : 12:06:59:833
wavfile=SR2_20160325_024604_000.wav
c:
g=10
sfte=192000
cF
cN
sD: 
dP
sP
end of file treatment


tOF : 12:06:59:982
wavfile=SR2_20160325_044604_000.wav
c:
g=10
sfte=192000
cF
cN
sD: 
dP
sP
end of file treatment


tOF : 12:07:00:066
wavfile=SR2_20160325_054604_000.wav
c:
g=10
sfte=192000
cF
cN
sD: 
dP
sP
end of file treatment


tOF : 12:07:00:144
wavfile=SR2_20160325_180802_825.wav
c:
g=10
sfte=192000
cF
cN
sD: 
dP
sP
end of file treatment


tOF : 12:07:00:351
wavfile=SR2_20160325_181139_820.wav
c:
g=10
sfte=192000
cF
cN
sD: 
dP
sP
end of file treatment


tOF : 12:07:00:419
wavfile=SR2_20160325_181802_000.wav
c:
g=10
sfte=192000
cF
cN
sD: 
dP
sP
end of file treatment


tOF : 12:07:00:559
wavfile=SR2_20160325_191804_000.wav
c:
g=10
sfte=192000
cF
cN
sD: 
dP
sP
end of file treatment


tOF : 12:07:00:626
wavfile=SR2_20160325_194804_000.wav
c:
g=10
sfte=192000
cF
cN
sD: 
dP
sP
end of file treatment


tOF : 12:07:00:738
wavfile=SR2_20160325_204804_000.wav
c:
g=10
sfte=192000
cF
cN
sD: 
dP
sP
end of file treatment


tOF : 12:07:00:830
wavfile=SR2_20160325_224804_000.wav
c:
g=10
sfte=192000
cF
cN
sD: 
dP
sP
end of file treatment


tOF : 12:07:00:923
wavfile=SR2_20160326_004804_000.wav
c:
g=10
sfte=192000
cF
cN
sD: 
dP
sP
end of file treatment


tOF : 12:07:01:055
wavfile=SR2_20160326_024804_000.wav
c:
g=10
sfte=192000
cF
cN
sD: 
dP
sP
end of file treatment


tOF : 12:07:01:135
wavfile=SR2_20160326_044804_000.wav
c:
g=10
sfte=192000
cF
cN
sD: 
dP
sP
end of file treatment


tOF : 12:07:01:333
wavfile=SR2_20160326_175107_152.wav
c:
g=10
sfte=192000
cF
cN
sD: 
dP
sP
end of file treatment


tOF : 12:07:01:417
wavfile=SR2_20160326_180222_793.wav
c:
g=10
sfte=192000
cF
cN
sD: 
dP
sP
end of file treatment


tOF : 12:07:01:576
wavfile=SR2_20160326_181902_000.wav
c:
g=10
sfte=192000
cF
cN
sD: 
dP
sP
end of file treatment


tOF : 12:07:01:715
wavfile=SR2_20160326_193830_141.wav
c:
g=10
sfte=192000
cF
cN
sD: 
dP
sP
end of file treatment


tOF : 12:07:01:821
wavfile=SR2_20160326_194904_000.wav
c:
g=10
sfte=192000
cF
cN
sD: 
dP
sP
end of file treatment


tOF : 12:07:01:922
wavfile=SR2_20160326_195033_239.wav
c:
g=10
sfte=192000
cF
cN
sD: 
dP
sP
end of file treatment


tOF : 12:07:02:173
wavfile=SR2_20160326_195129_909.wav
c:
g=10
sfte=192000
cF
cN
sD: 
dP
sP
end of file treatment


tOF : 12:07:02:287
wavfile=SR2_20160326_195241_736.wav
c:
g=10
sfte=192000
cF
cN
sD: 
dP
sP
end of file treatment


tOF : 12:07:02:389
wavfile=SR2_20160326_195514_599.wav
c:
g=10
sfte=192000
cF
cN
sD: 
dP
sP
end of file treatment


tOF : 12:07:02:446
wavfile=SR2_20160326_195655_401.wav
c:
g=10
sfte=192000
cF
cN
sD: 
dP
sP
end of file treatment


tOF : 12:07:02:591
wavfile=SR2_20160326_195743_064.wav
c:
g=10
sfte=192000
cF
cN
sD: 
dP
sP
end of file treatment


tOF : 12:07:02:664
wavfile=SR2_20160326_195802_867.wav
c:
g=10
sfte=192000
cF
cN
sD: 
dP
sP
end of file treatment


tOF : 12:07:02:768
wavfile=SR2_20160326_195832_848.wav
c:
g=10
sfte=192000
cF
cN
sD: 
dP
sP
end of file treatment


tOF : 12:07:02:831
wavfile=SR2_20160326_195851_367.wav
c:
g=10
sfte=192000
cF
cN
sD: 
dP
sP
end of file treatment


tOF : 12:07:02:911
wavfile=SR2_20160326_195903_912.wav
c:
g=10
sfte=192000
cF
cN
sD: 
dP
sP
end of file treatment


tOF : 12:07:02:980
wavfile=SR2_20160326_195913_744.wav
c:
g=10
sfte=192000
cF
cN
sD: 
dP
sP
end of file treatment


tOF : 12:07:03:116
wavfile=SR2_20160326_195934_156.wav
c:
g=10
sfte=192000
cF
cN
sD: 
dP
sP
end of file treatment


tOF : 12:07:03:268
wavfile=SR2_20160326_195951_169.wav
c:
g=10
sfte=192000
cF
cN
sD: 
dP
sP
end of file treatment


tOF : 12:07:03:371
wavfile=SR2_20160326_200042_259.wav
c:
g=10
sfte=192000
cF
cN
sD: 
dP
sP
end of file treatment


tOF : 12:07:03:519
wavfile=SR2_20160326_200102_933.wav
c:
g=10
sfte=192000
cF
cN
sD: 
dP
sP
end of file treatment


tOF : 12:07:03:707
wavfile=SR2_20160326_200113_185.wav
c:
g=10
sfte=192000
cF
cN
sD: 
dP
sP
end of file treatment


tOF : 12:07:04:035
wavfile=SR2_20160326_200149_060.wav
c:
g=10
sfte=192000
cF
cN
sD: 
dP
sP
end of file treatment


tOF : 12:07:04:140
wavfile=SR2_20160326_200211_983.wav
c:
g=10
sfte=192000
cF
cN
sD: 
dP
sP
end of file treatment


tOF : 12:07:04:303
wavfile=SR2_20160326_200333_807.wav
c:
g=10
sfte=192000
cF
cN
sD: 
dP
sP
end of file treatment


tOF : 12:07:04:575
wavfile=SR2_20160326_200356_304.wav
c:
g=10
sfte=192000
cF
cN
sD: 
dP
sP
end of file treatment


tOF : 12:07:04:851
wavfile=SR2_20160326_200408_627.wav
c:
g=10
sfte=192000
cF
cN
sD: 
dP
sP
end of file treatment


tOF : 12:07:04:953
wavfile=SR2_20160326_200433_504.wav
c:
g=10
sfte=192000
cF
cN
sD: 
dP
sP
end of file treatment


tOF : 12:07:05:102
wavfile=SR2_20160326_200516_395.wav
c:
g=10
sfte=192000
cF
cN
sD: 
dP
sP
end of file treatment


tOF : 12:07:05:261
wavfile=SR2_20160326_200546_507.wav
c:
g=10
sfte=192000
cF
cN
sD: 
dP
sP
end of file treatment


tOF : 12:07:05:400
wavfile=SR2_20160326_200614_269.wav
c:
g=10
sfte=192000
cF
cN
sD: 
dP
sP
end of file treatment


tOF : 12:07:05:540
wavfile=SR2_20160326_200638_423.wav
c:
g=10
sfte=192000
cF
cN
sD: 
dP
sP
end of file treatment


tOF : 12:07:05:727
wavfile=SR2_20160326_200652_940.wav
c:
g=10
sfte=192000
cF
cN
sD: 
dP
sP
end of file treatment


tOF : 12:07:05:894
wavfile=SR2_20160326_200721_071.wav
c:
g=10
sfte=192000
cF
cN
sD: 
dP
sP
end of file treatment


tOF : 12:07:05:989
wavfile=SR2_20160326_200820_147.wav
c:
g=10
sfte=192000
cF
cN
sD: 
dP
sP
end of file treatment


tOF : 12:07:06:100
wavfile=SR2_20160326_200840_007.wav
c:
g=10
sfte=192000
cF
cN
sD: 
dP
sP
end of file treatment


tOF : 12:07:06:289
wavfile=SR2_20160326_201022_860.wav
c:
g=10
sfte=192000
cF
cN
sD: 
dP
sP
end of file treatment


tOF : 12:07:06:395
wavfile=SR2_20160326_201114_655.wav
c:
g=10
sfte=192000
cF
cN
sD: 
dP
sP
end of file treatment


tOF : 12:07:06:579
wavfile=SR2_20160326_201125_555.wav
c:
g=10
sfte=192000
cF
cN
sD: 
dP
sP
end of file treatment


tOF : 12:07:06:799
wavfile=SR2_20160326_201134_560.wav
c:
g=10
sfte=192000
cF
cN
sD: 
dP
sP
end of file treatment


tOF : 12:07:07:221
wavfile=SR2_20160326_201148_597.wav
c:
g=10
sfte=192000
cF
cN
sD: 
dP
sP
end of file treatment


tOF : 12:07:07:294
wavfile=SR2_20160326_201202_963.wav
c:
g=10
sfte=192000
cF
cN
sD: 
dP
sP
end of file treatment


tOF : 12:07:07:425
wavfile=SR2_20160326_201308_613.wav
c:
g=10
sfte=192000
cF
cN
sD: 
dP
sP
end of file treatment


tOF : 12:07:07:530
wavfile=SR2_20160326_201351_721.wav
c:
g=10
sfte=192000
cF
cN
sD: 
dP
sP
end of file treatment


tOF : 12:07:07:715
wavfile=SR2_20160326_201425_888.wav
c:
g=10
sfte=192000
cF
cN
sD: 
dP
sP
end of file treatment


tOF : 12:07:07:880
wavfile=SR2_20160326_201514_469.wav
c:
g=10
sfte=192000
cF
cN
sD: 
dP
sP
end of file treatment


tOF : 12:07:08:004
wavfile=SR2_20160326_201553_256.wav
c:
g=10
sfte=192000
cF
cN
sD: 
dP
sP
end of file treatment


tOF : 12:07:08:291
wavfile=SR2_20160326_201724_745.wav
c:
g=10
sfte=192000
cF
cN
sD: 
dP
sP
end of file treatment


tOF : 12:07:08:550
wavfile=SR2_20160326_201852_409.wav
c:
g=10
sfte=192000
cF
cN
sD: 
dP
sP
end of file treatment


tOF : 12:07:08:662
wavfile=SR2_20160326_202429_361.wav
c:
g=10
sfte=192000
cF
cN
sD: 
dP
sP
end of file treatment


tOF : 12:07:08:847
wavfile=SR2_20160326_204833_633.wav
c:
g=10
sfte=192000
cF
cN
sD: 
dP
sP
end of file treatment


tOF : 12:07:08:958
wavfile=SR2_20160326_205155_977.wav
c:
g=10
sfte=192000
cF
cN
sD: 
dP
sP
end of file treatment


tOF : 12:07:09:113
wavfile=SR2_20160326_205351_911.wav
c:
g=10
sfte=192000
cF
cN
sD: 
dP
sP
end of file treatment


tOF : 12:07:09:213
wavfile=SR2_20160326_205555_195.wav
c:
g=10
sfte=192000
cF
cN
sD: 
dP
sP
end of file treatment


tOF : 12:07:09:319
wavfile=SR2_20160326_210000_512.wav
c:
g=10
sfte=192000
cF
cN
sD: 
dP
sP
end of file treatment


tOF : 12:07:09:373
wavfile=SR2_20160326_210953_612.wav
c:
g=10
sfte=192000
cF
cN
sD: 
dP
sP
end of file treatment


tOF : 12:07:09:457
wavfile=SR2_20160326_211320_311.wav
c:
g=10
sfte=192000
cF
cN
sD: 
dP
sP
end of file treatment


tOF : 12:07:09:652
wavfile=SR2_20160326_214115_445.wav
c:
g=10
sfte=192000
cF
cN
sD: 
dP
sP
end of file treatment


tOF : 12:07:09:721
wavfile=SR2_20160326_221904_000.wav
c:
g=10
sfte=192000
cF
cN
sD: 
dP
sP
end of file treatment


tOF : 12:07:09:966
wavfile=SR2_20160327_001904_000.wav
c:
g=10
sfte=192000
cF
cN
sD: 
dP
sP
end of file treatment


tOF : 12:07:10:104
wavfile=SR2_20160327_014904_000.wav
c:
g=10
sfte=192000
cF
cN
sD: 
dP
sP
end of file treatment


tOF : 12:07:10:190
wavfile=SR2_20160327_034904_000.wav
c:
g=10
sfte=192000
cF
cN
sD: 
dP
sP
end of file treatment


tOF : 12:07:10:241
wavfile=SR2_20160327_051905_000.wav
c:
g=10
sfte=192000
cF
cN
sD: 
dP
sP
end of file treatment


tOF : 12:07:10:353
wavfile=SR2_20160327_175852_000.wav
c:
g=10
sfte=192000
cF
cN
sD: 
dP
sP
end of file treatment


tOF : 12:07:10:496
wavfile=SR2_20160327_182102_000.wav
c:
g=10
sfte=192000
cF
cN
sD: 
dP
sP
end of file treatment


tOF : 12:07:10:554
wavfile=SR2_20160327_194910_249.wav
c:
g=10
sfte=192000
cF
cN
sD: 
dP
sP
end of file treatment


tOF : 12:07:10:786
wavfile=SR2_20160327_202104_000.wav
c:
g=10
sfte=192000
cF
cN
sD: 
dP
sP
end of file treatment


tOF : 12:07:10:984
wavfile=SR2_20160327_215104_000.wav
c:
g=10
sfte=192000
cF
cN
sD: 
dP
sP
end of file treatment


tOF : 12:07:11:067
wavfile=SR2_20160327_225329_804.wav
c:
g=10
sfte=192000
cF
cN
sD: 
dP
sP
end of file treatment


tOF : 12:07:11:241
wavfile=SR2_20160327_225422_524.wav
c:
g=10
sfte=192000
cF
cN
sD: 
dP
sP
end of file treatment


tOF : 12:07:11:438
wavfile=SR2_20160327_225527_216.wav
c:
g=10
sfte=192000
cF
cN
sD: 
dP
sP
end of file treatment


tOF : 12:07:11:643
wavfile=SR2_20160327_231243_424.wav
c:
g=10
sfte=192000
cF
cN
sD: 
dP
sP
end of file treatment


tOF : 12:07:11:830
wavfile=SR2_20160327_231947_611.wav
c:
g=10
sfte=192000
cF
cN
sD: 
dP
sP
end of file treatment


tOF : 12:07:12:060
wavfile=SR2_20160327_232145_329.wav
c:
g=10
sfte=192000
cF
cN
sD: 
dP
sP
end of file treatment


tOF : 12:07:12:204
wavfile=SR2_20160327_233151_680.wav
c:
g=10
sfte=192000
cF
cN
sD: 
dP
sP
end of file treatment


tOF : 12:07:12:375
wavfile=SR2_20160327_233502_220.wav
c:
g=10
sfte=192000
cF
cN
sD: 
dP
sP
end of file treatment


tOF : 12:07:12:591
wavfile=SR2_20160327_233933_339.wav
c:
g=10
sfte=192000
cF
cN
sD: 
dP
sP
end of file treatment


tOF : 12:07:12:752
wavfile=SR2_20160327_234243_587.wav
c:
g=10
sfte=192000
cF
cN
sD: 
dP
sP
end of file treatment


tOF : 12:07:12:890
wavfile=SR2_20160327_234915_315.wav
c:
g=10
sfte=192000
cF
cN
sD: 
dP
sP
end of file treatment


tOF : 12:07:13:149
wavfile=SR2_20160327_235242_312.wav
c:
g=10
sfte=192000
cF
cN
sD: 
dP
sP
end of file treatment


tOF : 12:07:13:278
wavfile=SR2_20160327_235310_587.wav
c:
g=10
sfte=192000
cF
cN
sD: 
dP
sP
end of file treatment


tOF : 12:07:13:389
wavfile=SR2_20160327_235413_309.wav
c:
g=10
sfte=192000
cF
cN
sD: 
dP
sP
end of file treatment


tOF : 12:07:13:511
wavfile=SR2_20160327_235701_987.wav
c:
g=10
sfte=192000
cF
cN
sD: 
dP
sP
end of file treatment


tOF : 12:07:13:636
wavfile=SR2_20160328_000405_568.wav
c:
g=10
sfte=192000
cF
cN
sD: 
dP
sP
end of file treatment


tOF : 12:07:13:903
wavfile=SR2_20160328_000542_644.wav
c:
g=10
sfte=192000
cF
cN
sD: 
dP
sP
end of file treatment


tOF : 12:07:14:044
wavfile=SR2_20160328_000640_869.wav
c:
g=10
sfte=192000
cF
cN
sD: 
dP
sP
end of file treatment


tOF : 12:07:14:198
wavfile=SR2_20160328_000708_093.wav
c:
g=10
sfte=192000
cF
cN
sD: 
dP
sP
end of file treatment


tOF : 12:07:14:285
wavfile=SR2_20160328_000929_165.wav
c:
g=10
sfte=192000
cF
cN
sD: 
dP
sP
end of file treatment


tOF : 12:07:14:367
wavfile=SR2_20160328_001023_881.wav
c:
g=10
sfte=192000
cF
cN
sD: 
dP
sP
end of file treatment


tOF : 12:07:14:458
wavfile=SR2_20160328_001226_251.wav
c:
g=10
sfte=192000
cF
cN
sD: 
dP
sP
end of file treatment


tOF : 12:07:14:997
wavfile=SR2_20160328_001646_115.wav
c:
g=10
sfte=192000
cF
cN
sD: 
dP
sP
end of file treatment


tOF : 12:07:15:222
wavfile=SR2_20160328_002106_000.wav
c:
g=10
sfte=192000
cF
cN
sD: 
dP
sP
end of file treatment


tOF : 12:07:15:336
wavfile=SR2_20160328_002300_887.wav
c:
g=10
sfte=192000
cF
cN
sD: 
dP
sP
end of file treatment


tOF : 12:07:15:476
wavfile=SR2_20160328_002521_707.wav
c:
g=10
sfte=192000
cF
cN
sD: 
dP
sP
end of file treatment


tOF : 12:07:15:563
wavfile=SR2_20160328_002853_393.wav
c:
g=10
sfte=192000
cF
cN
sD: 
dP
sP
end of file treatment


tOF : 12:07:15:646
wavfile=SR2_20160328_003520_892.wav
c:
g=10
sfte=192000
cF
cN
sD: 
dP
sP
end of file treatment


tOF : 12:07:15:794
wavfile=SR2_20160328_003702_199.wav
c:
g=10
sfte=192000
cF
cN
sD: 
dP
sP
end of file treatment


tOF : 12:07:15:885
wavfile=SR2_20160328_003732_960.wav
c:
g=10
sfte=192000
cF
cN
sD: 
dP
sP
end of file treatment


tOF : 12:07:15:995
wavfile=SR2_20160328_004003_355.wav
c:
g=10
sfte=192000
cF
cN
sD: 
dP
sP
end of file treatment


tOF : 12:07:16:112
wavfile=SR2_20160328_004200_609.wav
c:
g=10
sfte=192000
cF
cN
sD: 
dP
sP
end of file treatment


tOF : 12:07:16:206
wavfile=SR2_20160328_004422_683.wav
c:
g=10
sfte=192000
cF
cN
sD: 
dP
sP
end of file treatment


tOF : 12:07:16:301
wavfile=SR2_20160328_004810_856.wav
c:
g=10
sfte=192000
cF
cN
sD: 
dP
sP
end of file treatment


tOF : 12:07:16:551
wavfile=SR2_20160328_005106_000.wav
c:
g=10
sfte=192000
cF
cN
sD: 
dP
sP
end of file treatment


tOF : 12:07:16:673
wavfile=SR2_20160328_005345_108.wav
c:
g=10
sfte=192000
cF
cN
sD: 
dP
sP
end of file treatment


tOF : 12:07:16:820
wavfile=SR2_20160328_005606_829.wav
c:
g=10
sfte=192000
cF
cN
sD: 
dP
sP
end of file treatment


tOF : 12:07:16:955
wavfile=SR2_20160328_005732_684.wav
c:
g=10
sfte=192000
cF
cN
sD: 
dP
sP
end of file treatment


tOF : 12:07:17:079
wavfile=SR2_20160328_005942_639.wav
c:
g=10
sfte=192000
cF
cN
sD: 
dP
sP
end of file treatment


tOF : 12:07:17:219
wavfile=SR2_20160328_010101_900.wav
c:
g=10
sfte=192000
cF
cN
sD: 
dP
sP
end of file treatment


tOF : 12:07:17:292
wavfile=SR2_20160328_010117_997.wav
c:
g=10
sfte=192000
cF
cN
sD: 
dP
sP
end of file treatment


tOF : 12:07:17:392
wavfile=SR2_20160328_010249_168.wav
c:
g=10
sfte=192000
cF
cN
sD: 
dP
sP
end of file treatment


tOF : 12:07:17:519
wavfile=SR2_20160328_010323_256.wav
c:
g=10
sfte=192000
cF
cN
sD: 
dP
sP
end of file treatment


tOF : 12:07:17:592
wavfile=SR2_20160328_010354_960.wav
c:
g=10
sfte=192000
cF
cN
sD: 
dP
sP
end of file treatment


tOF : 12:07:17:687
wavfile=SR2_20160328_010449_311.wav
c:
g=10
sfte=192000
cF
cN
sD: 
dP
sP
end of file treatment


tOF : 12:07:17:846
wavfile=SR2_20160328_010701_947.wav
c:
g=10
sfte=192000
cF
cN
sD: 
dP
sP
end of file treatment


tOF : 12:07:17:917
wavfile=SR2_20160328_010747_783.wav
c:
g=10
sfte=192000
cF
cN
sD: 
dP
sP
end of file treatment


tOF : 12:07:18:061
wavfile=SR2_20160328_010858_919.wav
c:
g=10
sfte=192000
cF
cN
sD: 
dP
sP
end of file treatment


tOF : 12:07:18:166
wavfile=SR2_20160328_010951_093.wav
c:
g=10
sfte=192000
cF
cN
sD: 
dP
sP
end of file treatment


tOF : 12:07:18:297
wavfile=SR2_20160328_011238_580.wav
c:
g=10
sfte=192000
cF
cN
sD: 
dP
sP
end of file treatment


tOF : 12:07:18:371
wavfile=SR2_20160328_011331_724.wav
c:
g=10
sfte=192000
cF
cN
sD: 
dP
sP
end of file treatment


tOF : 12:07:18:459
wavfile=SR2_20160328_011532_812.wav
c:
g=10
sfte=192000
cF
cN
sD: 
dP
sP
end of file treatment


tOF : 12:07:18:600
wavfile=SR2_20160328_011635_124.wav
c:
g=10
sfte=192000
cF
cN
sD: 
dP
sP
end of file treatment


tOF : 12:07:18:720
wavfile=SR2_20160328_011750_771.wav
c:
g=10
sfte=192000
cF
cN
sD: 
dP
sP
end of file treatment


tOF : 12:07:18:787
wavfile=SR2_20160328_011828_973.wav
c:
g=10
sfte=192000
cF
cN
sD: 
dP
sP
end of file treatment


tOF : 12:07:18:866
wavfile=SR2_20160328_011924_865.wav
c:
g=10
sfte=192000
cF
cN
sD: 
dP
sP
end of file treatment


tOF : 12:07:18:967
wavfile=SR2_20160328_011948_944.wav
c:
g=10
sfte=192000
cF
cN
sD: 
dP
sP
end of file treatment


tOF : 12:07:19:092
wavfile=SR2_20160328_012034_063.wav
c:
g=10
sfte=192000
cF
cN
sD: 
dP
sP
end of file treatment


tOF : 12:07:19:266
wavfile=SR2_20160328_012118_109.wav
c:
g=10
sfte=192000
cF
cN
sD: 
dP
sP
end of file treatment


tOF : 12:07:19:391
wavfile=SR2_20160328_012140_885.wav
c:
g=10
sfte=192000
cF
cN
sD: 
dP
sP
end of file treatment


tOF : 12:07:19:621
wavfile=SR2_20160328_012238_101.wav
c:
g=10
sfte=192000
cF
cN
sD: 
dP
sP
end of file treatment


tOF : 12:07:19:827
wavfile=SR2_20160328_012315_421.wav
c:
g=10
sfte=192000
cF
cN
sD: 
dP
sP
end of file treatment


tOF : 12:07:19:954
wavfile=SR2_20160328_012349_208.wav
c:
g=10
sfte=192000
cF
cN
sD: 
dP
sP
end of file treatment


tOF : 12:07:20:025
wavfile=SR2_20160328_012409_940.wav
c:
g=10
sfte=192000
cF
cN
sD: 
dP
sP
end of file treatment


tOF : 12:07:20:120
wavfile=SR2_20160328_012446_780.wav
c:
g=10
sfte=192000
cF
cN
sD: 
dP
sP
end of file treatment


tOF : 12:07:20:276
wavfile=SR2_20160328_012522_632.wav
c:
g=10
sfte=192000
cF
cN
sD: 
dP
sP
end of file treatment


tOF : 12:07:20:355
wavfile=SR2_20160328_012612_159.wav
c:
g=10
sfte=192000
cF
cN
sD: 
dP
sP
end of file treatment


tOF : 12:07:20:424
wavfile=SR2_20160328_012719_892.wav
c:
g=10
sfte=192000
cF
cN
sD: 
dP
sP
end of file treatment


tOF : 12:07:20:572
wavfile=SR2_20160328_012801_339.wav
c:
g=10
sfte=192000
cF
cN
sD: 
dP
sP
end of file treatment


tOF : 12:07:20:653
wavfile=SR2_20160328_012945_135.wav
c:
g=10
sfte=192000
cF
cN
sD: 
dP
sP
end of file treatment


tOF : 12:07:20:923
wavfile=SR2_20160328_013023_421.wav
c:
g=10
sfte=192000
cF
cN
sD: 
dP
sP
end of file treatment


tOF : 12:07:21:074
wavfile=SR2_20160328_013058_140.wav
c:
g=10
sfte=192000
cF
cN
sD: 
dP
sP
end of file treatment


tOF : 12:07:21:206
wavfile=SR2_20160328_013159_280.wav
c:
g=10
sfte=192000
cF
cN
sD: 
dP
sP
end of file treatment


tOF : 12:07:21:277
wavfile=SR2_20160328_013356_844.wav
c:
g=10
sfte=192000
cF
cN
sD: 
dP
sP
end of file treatment


tOF : 12:07:21:441
wavfile=SR2_20160328_013414_755.wav
c:
g=10
sfte=192000
cF
cN
sD: 
dP
sP
end of file treatment


tOF : 12:07:21:550
wavfile=SR2_20160328_013439_696.wav
c:
g=10
sfte=192000
cF
cN
sD: 
dP
sP
end of file treatment


tOF : 12:07:21:650
wavfile=SR2_20160328_013519_697.wav
c:
g=10
sfte=192000
cF
cN
sD: 
dP
sP
end of file treatment


tOF : 12:07:21:980
wavfile=SR2_20160328_013551_637.wav
c:
g=10
sfte=192000
cF
cN
sD: 
dP
sP
end of file treatment


tOF : 12:07:22:215
wavfile=SR2_20160328_013638_755.wav
c:
g=10
sfte=192000
cF
cN
sD: 
dP
sP
end of file treatment


tOF : 12:07:22:363
wavfile=SR2_20160328_013740_188.wav
c:
g=10
sfte=192000
cF
cN
sD: 
dP
sP
end of file treatment


tOF : 12:07:22:508
wavfile=SR2_20160328_013901_589.wav
c:
g=10
sfte=192000
cF
cN
sD: 
dP
sP
end of file treatment


tOF : 12:07:22:634
wavfile=SR2_20160328_013956_529.wav
c:
g=10
sfte=192000
cF
cN
sD: 
dP
sP
end of file treatment


tOF : 12:07:22:791
wavfile=SR2_20160328_014127_029.wav
c:
g=10
sfte=192000
cF
cN
sD: 
dP
sP
end of file treatment


tOF : 12:07:23:014
wavfile=SR2_20160328_014205_203.wav
c:
g=10
sfte=192000
cF
cN
sD: 
dP
sP
end of file treatment


tOF : 12:07:23:095
wavfile=SR2_20160328_014226_735.wav
c:
g=10
sfte=192000
cF
cN
sD: 
dP
sP
end of file treatment


tOF : 12:07:23:182
wavfile=SR2_20160328_014251_220.wav
c:
g=10
sfte=192000
cF
cN
sD: 
dP
sP
end of file treatment


tOF : 12:07:23:324
wavfile=SR2_20160328_014350_600.wav
c:
g=10
sfte=192000
cF
cN
sD: 
dP
sP
end of file treatment


tOF : 12:07:23:528
wavfile=SR2_20160328_014414_589.wav
c:
g=10
sfte=192000
cF
cN
sD: 
dP
sP
end of file treatment


tOF : 12:07:23:740
wavfile=SR2_20160328_014457_313.wav
c:
g=10
sfte=192000
cF
cN
sD: 
dP
sP
end of file treatment


tOF : 12:07:23:997
wavfile=SR2_20160328_014518_101.wav
c:
g=10
sfte=192000
cF
cN
sD: 
dP
sP
end of file treatment


tOF : 12:07:24:193
wavfile=SR2_20160328_014534_860.wav
c:
g=10
sfte=192000
cF
cN
sD: 
dP
sP
end of file treatment


tOF : 12:07:24:533
wavfile=SR2_20160328_014705_237.wav
c:
g=10
sfte=192000
cF
cN
sD: 
dP
sP
end of file treatment


tOF : 12:07:24:714
wavfile=SR2_20160328_014720_980.wav
c:
g=10
sfte=192000
cF
cN
sD: 
dP
sP
end of file treatment


tOF : 12:07:24:864
wavfile=SR2_20160328_014741_516.wav
c:
g=10
sfte=192000
cF
cN
sD: 
dP
sP
end of file treatment


tOF : 12:07:25:127
wavfile=SR2_20160328_014835_425.wav
c:
g=10
sfte=192000
cF
cN
sD: 
dP
sP
end of file treatment


tOF : 12:07:25:278
wavfile=SR2_20160328_014907_713.wav
c:
g=10
sfte=192000
cF
cN
sD: 
dP
sP
end of file treatment


tOF : 12:07:25:395
wavfile=SR2_20160328_014946_616.wav
c:
g=10
sfte=192000
cF
cN
sD: 
dP
sP
end of file treatment


tOF : 12:07:25:547
wavfile=SR2_20160328_015040_820.wav
c:
g=10
sfte=192000
cF
cN
sD: 
dP
sP
end of file treatment


tOF : 12:07:25:690
wavfile=SR2_20160328_015107_000.wav
c:
g=10
sfte=192000
cF
cN
sD: 
dP
sP
end of file treatment


tOF : 12:07:25:934
wavfile=SR2_20160328_015145_901.wav
c:
g=10
sfte=192000
cF
cN
sD: 
dP
sP
end of file treatment


tOF : 12:07:26:051
wavfile=SR2_20160328_015209_601.wav
c:
g=10
sfte=192000
cF
cN
sD: 
dP
sP
end of file treatment


tOF : 12:07:26:162
wavfile=SR2_20160328_015303_616.wav
c:
g=10
sfte=192000
cF
cN
sD: 
dP
sP
end of file treatment


tOF : 12:07:26:528
wavfile=SR2_20160328_015343_155.wav
c:
g=10
sfte=192000
cF
cN
sD: 
dP
sP
end of file treatment


tOF : 12:07:26:602
wavfile=SR2_20160328_015436_512.wav
c:
g=10
sfte=192000
cF
cN
sD: 
dP
sP
end of file treatment


tOF : 12:07:26:729
wavfile=SR2_20160328_015538_355.wav
c:
g=10
sfte=192000
cF
cN
sD: 
dP
sP
end of file treatment


tOF : 12:07:26:817
wavfile=SR2_20160328_015633_768.wav
c:
g=10
sfte=192000
cF
cN
sD: 
dP
sP
end of file treatment


tOF : 12:07:26:981
wavfile=SR2_20160328_015731_928.wav
c:
g=10
sfte=192000
cF
cN
sD: 
dP
sP
end of file treatment


tOF : 12:07:27:128
wavfile=SR2_20160328_015812_839.wav
c:
g=10
sfte=192000
cF
cN
sD: 
dP
sP
end of file treatment


tOF : 12:07:27:239
wavfile=SR2_20160328_015959_048.wav
c:
g=10
sfte=192000
cF
cN
sD: 
dP
sP
end of file treatment


tOF : 12:07:27:357
wavfile=SR2_20160328_020159_916.wav
c:
g=10
sfte=192000
cF
cN
sD: 
dP
sP
end of file treatment


tOF : 12:07:27:428
wavfile=SR2_20160328_020317_248.wav
c:
g=10
sfte=192000
cF
cN
sD: 
dP
sP
end of file treatment


tOF : 12:07:27:508
wavfile=SR2_20160328_020406_587.wav
c:
g=10
sfte=192000
cF
cN
sD: 
dP
sP
end of file treatment


tOF : 12:07:27:640
wavfile=SR2_20160328_020548_799.wav
c:
g=10
sfte=192000
cF
cN
sD: 
dP
sP
end of file treatment


tOF : 12:07:27:779
wavfile=SR2_20160328_021701_973.wav
c:
g=10
sfte=192000
cF
cN
sD: 
dP
sP
end of file treatment


tOF : 12:07:27:901
wavfile=SR2_20160328_022105_000.wav
c:
g=10
sfte=192000
cF
cN
sD: 
dP
sP
end of file treatment


tOF : 12:07:27:991
wavfile=SR2_20160328_022225_251.wav
c:
g=10
sfte=192000
cF
cN
sD: 
dP
sP
end of file treatment


tOF : 12:07:28:072
wavfile=SR2_20160328_022311_616.wav
c:
g=10
sfte=192000
cF
cN
sD: 
dP
sP
end of file treatment


tOF : 12:07:28:175
wavfile=SR2_20160328_022510_080.wav
c:
g=10
sfte=192000
cF
cN
sD: 
dP
sP
end of file treatment


tOF : 12:07:28:260
wavfile=SR2_20160328_022644_904.wav
c:
g=10
sfte=192000
cF
cN
sD: 
dP
sP
end of file treatment


tOF : 12:07:28:361
wavfile=SR2_20160328_022712_997.wav
c:
g=10
sfte=192000
cF
cN
sD: 
dP
sP
end of file treatment


tOF : 12:07:28:469
wavfile=SR2_20160328_022724_501.wav
c:
g=10
sfte=192000
cF
cN
sD: 
dP
sP
end of file treatment


tOF : 12:07:28:551
wavfile=SR2_20160328_022745_357.wav
c:
g=10
sfte=192000
cF
cN
sD: 
dP
sP
end of file treatment


tOF : 12:07:28:730
wavfile=SR2_20160328_022946_161.wav
c:
g=10
sfte=192000
cF
cN
sD: 
dP
sP
end of file treatment


tOF : 12:07:28:850
wavfile=SR2_20160328_023036_243.wav
c:
g=10
sfte=192000
cF
cN
sD: 
dP
sP
end of file treatment


tOF : 12:07:28:965
wavfile=SR2_20160328_023116_369.wav
c:
g=10
sfte=192000
cF
cN
sD: 
dP
sP
end of file treatment


tOF : 12:07:29:079
wavfile=SR2_20160328_023208_287.wav
c:
g=10
sfte=192000
cF
cN
sD: 
dP
sP
end of file treatment


tOF : 12:07:29:176
wavfile=SR2_20160328_023329_568.wav
c:
g=10
sfte=192000
cF
cN
sD: 
dP
sP
end of file treatment


tOF : 12:07:29:312
wavfile=SR2_20160328_023459_029.wav
c:
g=10
sfte=192000
cF
cN
sD: 
dP
sP
end of file treatment


tOF : 12:07:29:434
wavfile=SR2_20160328_023712_184.wav
c:
g=10
sfte=192000
cF
cN
sD: 
dP
sP
end of file treatment


tOF : 12:07:29:574
wavfile=SR2_20160328_023839_880.wav
c:
g=10
sfte=192000
cF
cN
sD: 
dP
sP
end of file treatment


tOF : 12:07:29:670
wavfile=SR2_20160328_024109_027.wav
c:
g=10
sfte=192000
cF
cN
sD: 
dP
sP
end of file treatment


tOF : 12:07:29:752
wavfile=SR2_20160328_024158_703.wav
c:
g=10
sfte=192000
cF
cN
sD: 
dP
sP
end of file treatment


tOF : 12:07:29:932
wavfile=SR2_20160328_024444_447.wav
c:
g=10
sfte=192000
cF
cN
sD: 
dP
sP
end of file treatment


tOF : 12:07:30:288
wavfile=SR2_20160328_024707_937.wav
c:
g=10
sfte=192000
cF
cN
sD: 
dP
sP
end of file treatment


tOF : 12:07:30:396
wavfile=SR2_20160328_024948_999.wav
c:
g=10
sfte=192000
cF
cN
sD: 
dP
sP
end of file treatment


tOF : 12:07:30:481
wavfile=SR2_20160328_025335_945.wav
c:
g=10
sfte=192000
cF
cN
sD: 
dP
sP
end of file treatment


tOF : 12:07:30:595
wavfile=SR2_20160328_030159_579.wav
c:
g=10
sfte=192000
cF
cN
sD: 
dP
sP
end of file treatment


tOF : 12:07:30:751
wavfile=SR2_20160328_031447_377.wav
c:
g=10
sfte=192000
cF
cN
sD: 
dP
sP
end of file treatment


tOF : 12:07:30:848
wavfile=SR2_20160328_032505_977.wav
c:
g=10
sfte=192000
cF
cN
sD: 
dP
sP
end of file treatment


tOF : 12:07:30:954
wavfile=SR2_20160328_032632_681.wav
c:
g=10
sfte=192000
cF
cN
sD: 
dP
sP
end of file treatment


tOF : 12:07:31:081
wavfile=SR2_20160328_032806_216.wav
c:
g=10
sfte=192000
cF
cN
sD: 
dP
sP
end of file treatment


tOF : 12:07:31:172
wavfile=SR2_20160328_032905_680.wav
c:
g=10
sfte=192000
cF
cN
sD: 
dP
sP
end of file treatment


tOF : 12:07:31:358
wavfile=SR2_20160328_033022_783.wav
c:
g=10
sfte=192000
cF
cN
sD: 
dP
sP
end of file treatment


tOF : 12:07:31:560
wavfile=SR2_20160328_035106_000.wav
c:
g=10
sfte=192000
cF
cN
sD: 
dP
sP
end of file treatment


tOF : 12:07:31:652
wavfile=SR2_20160328_040911_697.wav
c:
g=10
sfte=192000
cF
cN
sD: 
dP
sP
end of file treatment


tOF : 12:07:31:748
wavfile=SR2_20160328_042022_244.wav
c:
g=10
sfte=192000
cF
cN
sD: 
dP
sP
end of file treatment


tOF : 12:07:31:823
wavfile=SR2_20160328_050035_684.wav
c:
g=10
sfte=192000
cF
cN
sD: 
dP
sP
end of file treatment


tOF : 12:07:31:898
wavfile=SR2_20160328_051325_397.wav
c:
g=10
sfte=192000
cF
cN
sD: 
dP
sP
end of file treatment


tOF : 12:07:32:306
wavfile=SR2_20160328_051513_371.wav
c:
g=10
sfte=192000
cF
cN
sD: 
dP
sP
end of file treatment


tOF : 12:07:32:514
wavfile=SR2_20160328_051604_477.wav
c:
g=10
sfte=192000
cF
cN
sD: 
dP
sP
end of file treatment


tOF : 12:07:32:664
wavfile=SR2_20160328_051702_511.wav
c:
g=10
sfte=192000
cF
cN
sD: 
dP
sP
end of file treatment


tOF : 12:07:32:786
wavfile=SR2_20160328_052356_971.wav
c:
g=10
sfte=192000
cF
cN
sD: 
dP
sP
end of file treatment


tOF : 12:07:32:912
wavfile=SR2_20160328_053242_224.wav
c:
g=10
sfte=192000
cF
cN
sD: 
dP
sP
end of file treatment


tOF : 12:07:33:055
wavfile=SR2_20160328_053333_049.wav
c:
g=10
sfte=192000
cF
cN
sD: 
dP
sP
end of file treatment


tOF : 12:07:33:192
wavfile=SR2_20160328_054340_415.wav
c:
g=10
sfte=192000
cF
cN
sD: 
dP
sP
end of file treatment


tOF : 12:07:33:352
wavfile=SR2_20160328_054621_057.wav
c:
g=10
sfte=192000
cF
cN
sD: 
dP
sP
end of file treatment


tOF : 12:07:33:548
wavfile=SR2_20160328_175300_000.wav
c:
g=10
sfte=192000
cF
cN
sD: 
dP
sP
end of file treatment


tOF : 12:07:33:721
wavfile=SR2_20160328_182330_971.wav
c:
g=10
sfte=192000
cF
cN
sD: 
dP
sP
end of file treatment


tOF : 12:07:33:825
wavfile=SR2_20160328_185304_000.wav
c:
g=10
sfte=192000
cF
cN
sD: 
dP
sP
end of file treatment


tOF : 12:07:33:925
wavfile=SR2_20160328_202304_000.wav
c:
g=10
sfte=192000
cF
cN
sD: 
dP
sP
end of file treatment


tOF : 12:07:33:999
wavfile=SR2_20160328_214251_228.wav
c:
g=10
sfte=192000
cF
cN
sD: 
dP
sP
end of file treatment


tOF : 12:07:34:168
wavfile=SR2_20160328_232304_000.wav
c:
g=10
sfte=192000
cF
cN
sD: 
dP
sP
end of file treatment


tOF : 12:07:34:325
wavfile=SR2_20160329_012304_000.wav
c:
g=10
sfte=192000
cF
cN
sD: 
dP
sP
end of file treatment


tOF : 12:07:34:470
wavfile=SR2_20160329_032304_000.wav
c:
g=10
sfte=192000
cF
cN
sD: 
dP
sP
end of file treatment


tOF : 12:07:34:715
wavfile=SR2_20160329_052305_000.wav
c:
g=10
sfte=192000
cF
cN
sD: 
dP
sP
end of file treatment


tOF : 12:07:34:843
wavfile=SR2_20160329_175908_167.wav
c:
g=10
sfte=192000
cF
cN
sD: 
dP
sP
end of file treatment


tOF : 12:07:34:933
wavfile=SR2_20160329_180214_437.wav
c:
g=10
sfte=192000
cF
cN
sD: 
dP
sP
end of file treatment


tOF : 12:07:35:181
wavfile=SR2_20160329_180352_968.wav
c:
g=10
sfte=192000
cF
cN
sD: 
dP
sP
end of file treatment


tOF : 12:07:35:275
wavfile=SR2_20160329_191234_599.wav
c:
g=10
sfte=192000
cF
cN
sD: 
dP
sP
end of file treatment


tOF : 12:07:35:395
wavfile=SR2_20160329_191631_008.wav
c:
g=10
sfte=192000
cF
cN
sD: 
dP
sP
end of file treatment


tOF : 12:07:35:528
wavfile=SR2_20160329_191926_179.wav
c:
g=10
sfte=192000
cF
cN
sD: 
dP
sP
end of file treatment


tOF : 12:07:35:627
wavfile=SR2_20160329_192737_463.wav
c:
g=10
sfte=192000
cF
cN
sD: 
dP
sP
end of file treatment


tOF : 12:07:35:772
wavfile=SR2_20160329_192834_004.wav
c:
g=10
sfte=192000
cF
cN
sD: 
dP
sP
end of file treatment


tOF : 12:07:35:904
wavfile=SR2_20160329_193151_185.wav
c:
g=10
sfte=192000
cF
cN
sD: 
dP
sP
end of file treatment


tOF : 12:07:36:034
wavfile=SR2_20160329_193344_925.wav
c:
g=10
sfte=192000
cF
cN
sD: 
dP
sP
end of file treatment


tOF : 12:07:36:124
wavfile=SR2_20160329_193601_781.wav
c:
g=10
sfte=192000
cF
cN
sD: 
dP
sP
end of file treatment


tOF : 12:07:36:300
wavfile=SR2_20160329_193741_731.wav
c:
g=10
sfte=192000
cF
cN
sD: 
dP
sP
end of file treatment


tOF : 12:07:36:423
wavfile=SR2_20160329_193811_729.wav
c:
g=10
sfte=192000
cF
cN
sD: 
dP
sP
end of file treatment


tOF : 12:07:36:607
wavfile=SR2_20160329_194009_993.wav
c:
g=10
sfte=192000
cF
cN
sD: 
dP
sP
end of file treatment


tOF : 12:07:36:739
wavfile=SR2_20160329_194134_719.wav
c:
g=10
sfte=192000
cF
cN
sD: 
dP
sP
end of file treatment


tOF : 12:07:36:848
wavfile=SR2_20160329_194229_640.wav
c:
g=10
sfte=192000
cF
cN
sD: 
dP
sP
end of file treatment


tOF : 12:07:36:995
wavfile=SR2_20160329_194350_816.wav
c:
g=10
sfte=192000
cF
cN
sD: 
dP
sP
end of file treatment


tOF : 12:07:37:227
wavfile=SR2_20160329_194436_585.wav
c:
g=10
sfte=192000
cF
cN
sD: 
dP
sP
end of file treatment


tOF : 12:07:37:426
wavfile=SR2_20160329_194501_943.wav
c:
g=10
sfte=192000
cF
cN
sD: 
dP
sP
end of file treatment


tOF : 12:07:37:558
wavfile=SR2_20160329_194520_576.wav
c:
g=10
sfte=192000
cF
cN
sD: 
dP
sP
end of file treatment


tOF : 12:07:37:852
wavfile=SR2_20160329_194547_159.wav
c:
g=10
sfte=192000
cF
cN
sD: 
dP
sP
end of file treatment


tOF : 12:07:37:973
wavfile=SR2_20160329_194645_300.wav
c:
g=10
sfte=192000
cF
cN
sD: 
dP
sP
end of file treatment


tOF : 12:07:38:139
wavfile=SR2_20160329_194716_209.wav
c:
g=10
sfte=192000
cF
cN
sD: 
dP
sP
end of file treatment


tOF : 12:07:38:277
wavfile=SR2_20160329_194747_235.wav
c:
g=10
sfte=192000
cF
cN
sD: 
dP
sP
end of file treatment


tOF : 12:07:38:394
wavfile=SR2_20160329_194800_800.wav
c:
g=10
sfte=192000
cF
cN
sD: 
dP
sP
end of file treatment


tOF : 12:07:38:571
wavfile=SR2_20160329_194840_528.wav
c:
g=10
sfte=192000
cF
cN
sD: 
dP
sP
end of file treatment


tOF : 12:07:38:716
wavfile=SR2_20160329_194939_101.wav
c:
g=10
sfte=192000
cF
cN
sD: 
dP
sP
end of file treatment


tOF : 12:07:38:903
wavfile=SR2_20160329_195042_101.wav
c:
g=10
sfte=192000
cF
cN
sD: 
dP
sP
end of file treatment


tOF : 12:07:39:166
wavfile=SR2_20160329_195118_812.wav
c:
g=10
sfte=192000
cF
cN
sD: 
dP
sP
end of file treatment


tOF : 12:07:39:328
wavfile=SR2_20160329_195241_287.wav
c:
g=10
sfte=192000
cF
cN
sD: 
dP
sP
end of file treatment


tOF : 12:07:39:435
wavfile=SR2_20160329_195251_824.wav
c:
g=10
sfte=192000
cF
cN
sD: 
dP
sP
end of file treatment


tOF : 12:07:39:542
wavfile=SR2_20160329_195321_180.wav
c:
g=10
sfte=192000
cF
cN
sD: 
dP
sP
end of file treatment


tOF : 12:07:39:689
wavfile=SR2_20160329_195415_539.wav
c:
g=10
sfte=192000
cF
cN
sD: 
dP
sP
end of file treatment


tOF : 12:07:39:838
wavfile=SR2_20160329_195453_357.wav
c:
g=10
sfte=192000
cF
cN
sD: 
dP
sP
end of file treatment


tOF : 12:07:39:973
wavfile=SR2_20160329_195524_537.wav
c:
g=10
sfte=192000
cF
cN
sD: 
dP
sP
end of file treatment


tOF : 12:07:40:169
wavfile=SR2_20160329_195611_920.wav
c:
g=10
sfte=192000
cF
cN
sD: 
dP
sP
end of file treatment


tOF : 12:07:40:278
wavfile=SR2_20160329_195705_851.wav
c:
g=10
sfte=192000
cF
cN
sD: 
dP
sP
end of file treatment


tOF : 12:07:40:469
wavfile=SR2_20160329_195831_904.wav
c:
g=10
sfte=192000
cF
cN
sD: 
dP
sP
end of file treatment


tOF : 12:07:40:584
wavfile=SR2_20160329_200009_899.wav
c:
g=10
sfte=192000
cF
cN
sD: 
dP
sP
end of file treatment


tOF : 12:07:40:726
wavfile=SR2_20160329_200124_481.wav
c:
g=10
sfte=192000
cF
cN
sD: 
dP
sP
end of file treatment


tOF : 12:07:40:848
wavfile=SR2_20160329_200250_724.wav
c:
g=10
sfte=192000
cF
cN
sD: 
dP
sP
end of file treatment


tOF : 12:07:40:966
wavfile=SR2_20160329_200508_613.wav
c:
g=10
sfte=192000
cF
cN
sD: 
dP
sP
end of file treatment


tOF : 12:07:41:088
wavfile=SR2_20160329_200654_668.wav
c:
g=10
sfte=192000
cF
cN
sD: 
dP
sP
end of file treatment


tOF : 12:07:41:247
wavfile=SR2_20160329_200946_473.wav
c:
g=10
sfte=192000
cF
cN
sD: 
dP
sP
end of file treatment


tOF : 12:07:41:358
wavfile=SR2_20160329_202506_000.wav
c:
g=10
sfte=192000
cF
cN
sD: 
dP
sP
end of file treatment


tOF : 12:07:41:481
wavfile=SR2_20160329_212504_000.wav
c:
g=10
sfte=192000
cF
cN
sD: 
dP
sP
end of file treatment


tOF : 12:07:41:605
wavfile=SR2_20160329_232504_000.wav
c:
g=10
sfte=192000
cF
cN
sD: 
dP
sP
end of file treatment


tOF : 12:07:41:755
wavfile=SR2_20160330_012504_000.wav
c:
g=10
sfte=192000
cF
cN
sD: 
dP
sP
end of file treatment


tOF : 12:07:41:853
wavfile=SR2_20160330_032504_000.wav
c:
g=10
sfte=192000
cF
cN
sD: 
dP
sP
end of file treatment


tOF : 12:07:42:013
wavfile=SR2_20160330_052504_000.wav
c:
g=10
sfte=192000
cF
cN
sD: 
dP
sP
end of file treatment


tOF : 12:07:42:159
wavfile=SR2_20160330_175901_559.wav
c:
g=10
sfte=192000
cF
cN
sD: 
dP
sP
end of file treatment


tOF : 12:07:42:291
wavfile=SR2_20160330_182602_000.wav
c:
g=10
sfte=192000
cF
cN
sD: 
dP
sP
end of file treatment


tOF : 12:07:42:448
wavfile=SR2_20160330_192604_000.wav
c:
g=10
sfte=192000
cF
cN
sD: 
dP
sP
end of file treatment


tOF : 12:07:42:619
wavfile=SR2_20160330_212604_000.wav
c:
g=10
sfte=192000
cF
cN
sD: 
dP
sP
end of file treatment


tOF : 12:07:42:754
wavfile=SR2_20160330_232604_000.wav
c:
g=10
sfte=192000
cF
cN
sD: 
dP
sP
end of file treatment


tOF : 12:07:42:889
wavfile=SR2_20160331_012604_000.wav
c:
g=10
sfte=192000
cF
cN
sD: 
dP
sP
end of file treatment


tOF : 12:07:43:001
wavfile=SR2_20160331_032604_000.wav
c:
g=10
sfte=192000
cF
cN
sD: 
dP
sP
end of file treatment


tOF : 12:07:43:145
wavfile=SR2_20160331_052604_000.wav
c:
g=10
sfte=192000
cF
cN
sD: 
dP
sP
end of file treatment


tOF : 12:07:43:375
wavfile=SR2_20160331_175847_644.wav
c:
g=10
sfte=192000
cF
cN
sD: 
dP
sP
end of file treatment


tOF : 12:07:43:526
wavfile=SR2_20160331_180504_424.wav
c:
g=10
sfte=192000
cF
cN
sD: 
dP
sP
end of file treatment


tOF : 12:07:43:645
wavfile=SR2_20160331_181139_268.wav
c:
g=10
sfte=192000
cF
cN
sD: 
dP
sP
end of file treatment


tOF : 12:07:43:773
wavfile=SR2_20160331_181651_632.wav
c:
g=10
sfte=192000
cF
cN
sD: 
dP
sP
end of file treatment


tOF : 12:07:43:930
wavfile=SR2_20160331_195804_000.wav
c:
g=10
sfte=192000
cF
cN
sD: 
dP
sP
end of file treatment


tOF : 12:07:44:087
wavfile=SR2_20160331_214128_891.wav
c:
g=10
sfte=192000
cF
cN
sD: 
dP
sP
end of file treatment


tOF : 12:07:44:236
wavfile=SR2_20160331_225227_319.wav
c:
g=10
sfte=192000
cF
cN
sD: 
dP
sP
end of file treatment


tOF : 12:07:44:318
wavfile=SR2_20160331_235804_000.wav
c:
g=10
sfte=192000
cF
cN
sD: 
dP
sP
end of file treatment


tOF : 12:07:44:404
wavfile=SR2_20160401_001115_071.wav
c:
g=10
sfte=192000
cF
cN
sD: 
dP
sP
end of file treatment


tOF : 12:07:44:505
wavfile=SR2_20160401_001325_309.wav
c:
g=10
sfte=192000
cF
cN
sD: 
dP
sP
end of file treatment


tOF : 12:07:44:745
wavfile=SR2_20160401_005804_000.wav
c:
g=10
sfte=192000
cF
cN
sD: 
dP
sP
end of file treatment


tOF : 12:07:44:817
wavfile=SR2_20160401_012804_000.wav
c:
g=10
sfte=192000
cF
cN
sD: 
dP
sP
end of file treatment


tOF : 12:07:44:912
wavfile=SR2_20160401_020055_155.wav
c:
g=10
sfte=192000
cF
cN
sD: 
dP
sP
end of file treatment


tOF : 12:07:45:060
wavfile=SR2_20160401_035804_000.wav
c:
g=10
sfte=192000
cF
cN
sD: 
dP
sP
end of file treatment


tOF : 12:07:45:167
wavfile=SR2_20160401_042804_000.wav
c:
g=10
sfte=192000
cF
cN
sD: 
dP
sP
end of file treatment


tOF : 12:07:45:249
wavfile=SR2_20160401_055804_000.wav
c:
g=10
sfte=192000
cF
cN
sD: 
dP
sP
end of file treatment


tOF : 12:07:45:371
wavfile=SR2_20160401_193004_000.wav
c:
g=10
sfte=192000
cF
cN
sD: 
dP
sP
end of file treatment


tOF : 12:07:45:440
wavfile=SR2_20160401_193611_121.wav
c:
g=10
sfte=192000
cF
cN
sD: 
dP
sP
end of file treatment


tOF : 12:07:45:544
wavfile=SR2_20160401_194254_527.wav
c:
g=10
sfte=192000
cF
cN
sD: 
dP
sP
end of file treatment


tOF : 12:07:45:662
wavfile=SR2_20160401_194515_888.wav
c:
g=10
sfte=192000
cF
cN
sD: 
dP
sP
end of file treatment


tOF : 12:07:45:756
wavfile=SR2_20160401_200238_060.wav
c:
g=10
sfte=192000
cF
cN
sD: 
dP
sP
end of file treatment


tOF : 12:07:46:024
wavfile=SR2_20160401_210004_000.wav
c:
g=10
sfte=192000
cF
cN
sD: 
dP
sP
end of file treatment


tOF : 12:07:46:228
wavfile=SR2_20160401_230004_000.wav
c:
g=10
sfte=192000
cF
cN
sD: 
dP
sP
end of file treatment


tOF : 12:07:46:349
wavfile=SR2_20160401_232749_081.wav
c:
g=10
sfte=192000
cF
cN
sD: 
dP
sP
end of file treatment


tOF : 12:07:46:530
wavfile=SR2_20160402_000004_000.wav
c:
g=10
sfte=192000
cF
cN
sD: 
dP
sP
end of file treatment


tOF : 12:07:46:649
wavfile=SR2_20160402_010004_000.wav
c:
g=10
sfte=192000
cF
cN
sD: 
dP
sP
end of file treatment


tOF : 12:07:46:790
wavfile=SR2_20160402_023004_000.wav
c:
g=10
sfte=192000
cF
cN
sD: 
dP
sP
end of file treatment


tOF : 12:07:46:915
wavfile=SR2_20160402_033004_000.wav
c:
g=10
sfte=192000
cF
cN
sD: 
dP
sP
end of file treatment


tOF : 12:07:47:006
wavfile=SR2_20160402_053004_000.wav
c:
g=10
sfte=192000
cF
cN
sD: 
dP
sP
end of file treatment


tOF : 12:07:47:111
wavfile=SR2_20160402_180312_229.wav
c:
g=10
sfte=192000
cF
cN
sD: 
dP
sP
end of file treatment


tOF : 12:07:47:263
wavfile=SR2_20160402_181655_299.wav
c:
g=10
sfte=192000
cF
cN
sD: 
dP
sP
end of file treatment


tOF : 12:07:47:477
wavfile=SR2_20160402_182232_453.wav
c:
g=10
sfte=192000
cF
cN
sD: 
dP
sP
end of file treatment


tOF : 12:07:47:603
wavfile=SR2_20160402_184140_460.wav
c:
g=10
sfte=192000
cF
cN
sD: 
dP
sP
end of file treatment


tOF : 12:07:47:769
wavfile=SR2_20160402_190712_464.wav
c:
g=10
sfte=192000
cF
cN
sD: 
dP
sP
end of file treatment


tOF : 12:07:47:847
wavfile=SR2_20160402_192257_676.wav
c:
g=10
sfte=192000
cF
cN
sD: 
dP
sP
end of file treatment


tOF : 12:07:47:988
wavfile=SR2_20160402_193127_277.wav
c:
g=10
sfte=192000
cF
cN
sD: 
dP
sP
end of file treatment


tOF : 12:07:48:207
wavfile=SR2_20160402_193213_983.wav
c:
g=10
sfte=192000
cF
cN
sD: 
dP
sP
end of file treatment


tOF : 12:07:48:311
wavfile=SR2_20160402_193544_284.wav
c:
g=10
sfte=192000
cF
cN
sD: 
dP
sP
end of file treatment


tOF : 12:07:48:523
wavfile=SR2_20160402_193811_763.wav
c:
g=10
sfte=192000
cF
cN
sD: 
dP
sP
end of file treatment


tOF : 12:07:48:737
wavfile=SR2_20160402_194436_661.wav
c:
g=10
sfte=192000
cF
cN
sD: 
dP
sP
end of file treatment


tOF : 12:07:48:987
wavfile=SR2_20160402_194907_992.wav
c:
g=10
sfte=192000
cF
cN
sD: 
dP
sP
end of file treatment


tOF : 12:07:49:099
wavfile=SR2_20160402_195123_379.wav
c:
g=10
sfte=192000
cF
cN
sD: 
dP
sP
end of file treatment


tOF : 12:07:49:201
wavfile=SR2_20160402_195334_452.wav
c:
g=10
sfte=192000
cF
cN
sD: 
dP
sP
end of file treatment


tOF : 12:07:49:408
wavfile=SR2_20160402_195415_875.wav
c:
g=10
sfte=192000
cF
cN
sD: 
dP
sP
end of file treatment


tOF : 12:07:49:615
wavfile=SR2_20160402_195531_741.wav
c:
g=10
sfte=192000
cF
cN
sD: 
dP
sP
end of file treatment


tOF : 12:07:49:750
wavfile=SR2_20160402_195736_265.wav
c:
g=10
sfte=192000
cF
cN
sD: 
dP
sP
end of file treatment


tOF : 12:07:49:890
wavfile=SR2_20160402_195936_867.wav
c:
g=10
sfte=192000
cF
cN
sD: 
dP
sP
end of file treatment


tOF : 12:07:50:040
wavfile=SR2_20160402_200027_149.wav
c:
g=10
sfte=192000
cF
cN
sD: 
dP
sP
end of file treatment


tOF : 12:07:50:148
wavfile=SR2_20160402_200110_376.wav
c:
g=10
sfte=192000
cF
cN
sD: 
dP
sP
end of file treatment


tOF : 12:07:50:301
wavfile=SR2_20160402_200210_005.wav
c:
g=10
sfte=192000
cF
cN
sD: 
dP
sP
end of file treatment


tOF : 12:07:50:404
wavfile=SR2_20160402_200319_685.wav
c:
g=10
sfte=192000
cF
cN
sD: 
dP
sP
end of file treatment


tOF : 12:07:50:486
wavfile=SR2_20160402_200444_457.wav
c:
g=10
sfte=192000
cF
cN
sD: 
dP
sP
end of file treatment


tOF : 12:07:50:590
wavfile=SR2_20160402_200607_269.wav
c:
g=10
sfte=192000
cF
cN
sD: 
dP
sP
end of file treatment


tOF : 12:07:50:711
wavfile=SR2_20160402_200722_011.wav
c:
g=10
sfte=192000
cF
cN
sD: 
dP
sP
end of file treatment


tOF : 12:07:50:864
wavfile=SR2_20160402_200854_749.wav
c:
g=10
sfte=192000
cF
cN
sD: 
dP
sP
end of file treatment


tOF : 12:07:51:021
wavfile=SR2_20160402_201021_081.wav
c:
g=10
sfte=192000
cF
cN
sD: 
dP
sP
end of file treatment


tOF : 12:07:51:221
wavfile=SR2_20160402_201228_988.wav
c:
g=10
sfte=192000
cF
cN
sD: 
dP
sP
end of file treatment


tOF : 12:07:51:413
wavfile=SR2_20160402_201618_161.wav
c:
g=10
sfte=192000
cF
cN
sD: 
dP
sP
end of file treatment


tOF : 12:07:51:602
wavfile=SR2_20160402_202148_828.wav
c:
g=10
sfte=192000
cF
cN
sD: 
dP
sP
end of file treatment


tOF : 12:07:51:713
wavfile=SR2_20160402_202423_509.wav
c:
g=10
sfte=192000
cF
cN
sD: 
dP
sP
end of file treatment


tOF : 12:07:51:786
wavfile=SR2_20160402_202834_143.wav
c:
g=10
sfte=192000
cF
cN
sD: 
dP
sP
end of file treatment


tOF : 12:07:51:886
wavfile=SR2_20160402_203004_521.wav
c:
g=10
sfte=192000
cF
cN
sD: 
dP
sP
end of file treatment


tOF : 12:07:51:988
wavfile=SR2_20160402_203135_121.wav
c:
g=10
sfte=192000
cF
cN
sD: 
dP
sP
end of file treatment


tOF : 12:07:52:077
wavfile=SR2_20160402_203208_024.wav
c:
g=10
sfte=192000
cF
cN
sD: 
dP
sP
end of file treatment


tOF : 12:07:52:206
wavfile=SR2_20160402_203257_739.wav
c:
g=10
sfte=192000
cF
cN
sD: 
dP
sP
end of file treatment


tOF : 12:07:52:360
wavfile=SR2_20160402_203545_219.wav
c:
g=10
sfte=192000
cF
cN
sD: 
dP
sP
end of file treatment


tOF : 12:07:52:505
wavfile=SR2_20160402_204004_276.wav
c:
g=10
sfte=192000
cF
cN
sD: 
dP
sP
end of file treatment


tOF : 12:07:52:618
wavfile=SR2_20160402_204236_571.wav
c:
g=10
sfte=192000
cF
cN
sD: 
dP
sP
end of file treatment


tOF : 12:07:52:830
wavfile=SR2_20160402_204440_473.wav
c:
g=10
sfte=192000
cF
cN
sD: 
dP
sP
end of file treatment


tOF : 12:07:52:975
wavfile=SR2_20160402_204559_769.wav
c:
g=10
sfte=192000
cF
cN
sD: 
dP
sP
end of file treatment


tOF : 12:07:53:087
wavfile=SR2_20160402_204731_304.wav
c:
g=10
sfte=192000
cF
cN
sD: 
dP
sP
end of file treatment


tOF : 12:07:53:209
wavfile=SR2_20160402_204755_637.wav
c:
g=10
sfte=192000
cF
cN
sD: 
dP
sP
end of file treatment


tOF : 12:07:53:375
wavfile=SR2_20160402_205157_551.wav
c:
g=10
sfte=192000
cF
cN
sD: 
dP
sP
end of file treatment


tOF : 12:07:53:473
wavfile=SR2_20160402_205421_436.wav
c:
g=10
sfte=192000
cF
cN
sD: 
dP
sP
end of file treatment


tOF : 12:07:53:600
wavfile=SR2_20160402_205729_524.wav
c:
g=10
sfte=192000
cF
cN
sD: 
dP
sP
end of file treatment


tOF : 12:07:53:700
wavfile=SR2_20160402_205921_159.wav
c:
g=10
sfte=192000
cF
cN
sD: 
dP
sP
end of file treatment


tOF : 12:07:53:841
wavfile=SR2_20160402_210004_899.wav
c:
g=10
sfte=192000
cF
cN
sD: 
dP
sP
end of file treatment


tOF : 12:07:53:922
wavfile=SR2_20160402_210137_981.wav
c:
g=10
sfte=192000
cF
cN
sD: 
dP
sP
end of file treatment


tOF : 12:07:53:988
wavfile=SR2_20160402_210308_873.wav
c:
g=10
sfte=192000
cF
cN
sD: 
dP
sP
end of file treatment


tOF : 12:07:54:131
wavfile=SR2_20160402_210423_941.wav
c:
g=10
sfte=192000
cF
cN
sD: 
dP
sP
end of file treatment


tOF : 12:07:54:285
wavfile=SR2_20160402_210633_789.wav
c:
g=10
sfte=192000
cF
cN
sD: 
dP
sP
end of file treatment


tOF : 12:07:54:374
wavfile=SR2_20160402_210831_525.wav
c:
g=10
sfte=192000
cF
cN
sD: 
dP
sP
end of file treatment


tOF : 12:07:54:502
wavfile=SR2_20160402_211256_471.wav
c:
g=10
sfte=192000
cF
cN
sD: 
dP
sP
end of file treatment


tOF : 12:07:54:656
wavfile=SR2_20160402_211602_536.wav
c:
g=10
sfte=192000
cF
cN
sD: 
dP
sP
end of file treatment


tOF : 12:07:54:849
wavfile=SR2_20160402_211838_140.wav
c:
g=10
sfte=192000
cF
cN
sD: 
dP
sP
end of file treatment


tOF : 12:07:55:084
wavfile=SR2_20160402_212048_819.wav
c:
g=10
sfte=192000
cF
cN
sD: 
dP
sP
end of file treatment


tOF : 12:07:55:478
wavfile=SR2_20160402_212144_325.wav
c:
g=10
sfte=192000
cF
cN
sD: 
dP
sP
end of file treatment


tOF : 12:07:55:630
wavfile=SR2_20160402_212324_332.wav
c:
g=10
sfte=192000
cF
cN
sD: 
dP
sP
end of file treatment


tOF : 12:07:55:725
wavfile=SR2_20160402_212435_615.wav
c:
g=10
sfte=192000
cF
cN
sD: 
dP
sP
end of file treatment


tOF : 12:07:55:798
wavfile=SR2_20160402_212815_923.wav
c:
g=10
sfte=192000
cF
cN
sD: 
dP
sP
end of file treatment


tOF : 12:07:55:875
wavfile=SR2_20160402_213205_000.wav
c:
g=10
sfte=192000
cF
cN
sD: 
dP
sP
end of file treatment


tOF : 12:07:56:008
wavfile=SR2_20160402_213419_157.wav
c:
g=10
sfte=192000
cF
cN
sD: 
dP
sP
end of file treatment


tOF : 12:07:56:147
wavfile=SR2_20160402_214217_753.wav
c:
g=10
sfte=192000
cF
cN
sD: 
dP
sP
end of file treatment


tOF : 12:07:56:252
wavfile=SR2_20160402_220547_068.wav
c:
g=10
sfte=192000
cF
cN
sD: 
dP
sP
end of file treatment


tOF : 12:07:56:312
wavfile=SR2_20160402_223155_905.wav
c:
g=10
sfte=192000
cF
cN
sD: 
dP
sP
end of file treatment


tOF : 12:07:56:436
wavfile=SR2_20160402_223445_288.wav
c:
g=10
sfte=192000
cF
cN
sD: 
dP
sP
end of file treatment


tOF : 12:07:56:604
wavfile=SR2_20160402_223755_195.wav
c:
g=10
sfte=192000
cF
cN
sD: 
dP
sP
end of file treatment


tOF : 12:07:56:734
wavfile=SR2_20160402_224337_140.wav
c:
g=10
sfte=192000
cF
cN
sD: 
dP
sP
end of file treatment


tOF : 12:07:56:840
wavfile=SR2_20160402_224717_189.wav
c:
g=10
sfte=192000
cF
cN
sD: 
dP
sP
end of file treatment


tOF : 12:07:56:996
wavfile=SR2_20160402_224942_040.wav
c:
g=10
sfte=192000
cF
cN
sD: 
dP
sP
end of file treatment


tOF : 12:07:57:120
wavfile=SR2_20160402_225233_935.wav
c:
g=10
sfte=192000
cF
cN
sD: 
dP
sP
end of file treatment


tOF : 12:07:57:209
wavfile=SR2_20160402_230205_000.wav
c:
g=10
sfte=192000
cF
cN
sD: 
dP
sP
end of file treatment


tOF : 12:07:57:344
wavfile=SR2_20160402_233204_000.wav
c:
g=10
sfte=192000
cF
cN
sD: 
dP
sP
end of file treatment


tOF : 12:07:57:398
wavfile=SR2_20160403_010004_999.wav
c:
g=10
sfte=192000
cF
cN
sD: 
dP
sP
end of file treatment


tOF : 12:07:57:471
wavfile=SR2_20160403_020204_000.wav
c:
g=10
sfte=192000
cF
cN
sD: 
dP
sP
end of file treatment


tOF : 12:07:57:561
wavfile=SR2_20160403_040204_000.wav
c:
g=10
sfte=192000
cF
cN
sD: 
dP
sP
end of file treatment


tOF : 12:07:57:625
wavfile=SR2_20160403_180300_000.wav
c:
g=10
sfte=192000
cF
cN
sD: 
dP
sP
end of file treatment


tOF : 12:07:57:738
wavfile=SR2_20160403_200304_000.wav
c:
g=10
sfte=192000
cF
cN
sD: 
dP
sP
end of file treatment


tOF : 12:07:57:810
wavfile=SR2_20160403_202604_524.wav
c:
g=10
sfte=192000
cF
cN
sD: 
dP
sP
end of file treatment


tOF : 12:07:57:890
wavfile=SR2_20160403_203304_000.wav
c:
g=10
sfte=192000
cF
cN
sD: 
dP
sP
end of file treatment


tOF : 12:07:57:941
wavfile=SR2_20160403_215228_476.wav
c:
g=10
sfte=192000
cF
cN
sD: 
dP
sP
end of file treatment


tOF : 12:07:58:018
wavfile=SR2_20160403_215404_149.wav
c:
g=10
sfte=192000
cF
cN
sD: 
dP
sP
end of file treatment


tOF : 12:07:58:176
wavfile=SR2_20160403_220526_271.wav
c:
g=10
sfte=192000
cF
cN
sD: 
dP
sP
end of file treatment


tOF : 12:07:58:393
wavfile=SR2_20160403_220822_209.wav
c:
g=10
sfte=192000
cF
cN
sD: 
dP
sP
end of file treatment


tOF : 12:07:58:485
wavfile=SR2_20160403_220919_980.wav
c:
g=10
sfte=192000
cF
cN
sD: 
dP
sP
end of file treatment


tOF : 12:07:58:569
wavfile=SR2_20160403_221249_673.wav
c:
g=10
sfte=192000
cF
cN
sD: 
dP
sP
end of file treatment


tOF : 12:07:58:641
wavfile=SR2_20160403_221332_780.wav
c:
g=10
sfte=192000
cF
cN
sD: 
dP
sP
end of file treatment


tOF : 12:07:58:711
wavfile=SR2_20160403_221723_103.wav
c:
g=10
sfte=192000
cF
cN
sD: 
dP
sP
end of file treatment


tOF : 12:07:58:810
wavfile=SR2_20160403_221753_799.wav
c:
g=10
sfte=192000
cF
cN
sD: 
dP
sP
end of file treatment


tOF : 12:07:58:920
wavfile=SR2_20160403_221819_279.wav
c:
g=10
sfte=192000
cF
cN
sD: 
dP
sP
end of file treatment


tOF : 12:07:59:134
wavfile=SR2_20160403_221840_825.wav
c:
g=10
sfte=192000
cF
cN
sD: 
dP
sP
end of file treatment


tOF : 12:07:59:235
wavfile=SR2_20160403_221910_451.wav
c:
g=10
sfte=192000
cF
cN
sD: 
dP
sP
end of file treatment


tOF : 12:07:59:366
wavfile=SR2_20160403_221951_200.wav
c:
g=10
sfte=192000
cF
cN
sD: 
dP
sP
end of file treatment


tOF : 12:07:59:504
wavfile=SR2_20160403_222019_797.wav
c:
g=10
sfte=192000
cF
cN
sD: 
dP
sP
end of file treatment


tOF : 12:07:59:628
wavfile=SR2_20160403_222031_101.wav
c:
g=10
sfte=192000
cF
cN
sD: 
dP
sP
end of file treatment


tOF : 12:07:59:730
wavfile=SR2_20160403_222055_397.wav
c:
g=10
sfte=192000
cF
cN
sD: 
dP
sP
end of file treatment


tOF : 12:07:59:810
wavfile=SR2_20160403_222128_428.wav
c:
g=10
sfte=192000
cF
cN
sD: 
dP
sP
end of file treatment


tOF : 12:07:59:890
wavfile=SR2_20160403_222156_417.wav
c:
g=10
sfte=192000
cF
cN
sD: 
dP
sP
end of file treatment


tOF : 12:07:59:961
wavfile=SR2_20160403_222227_683.wav
c:
g=10
sfte=192000
cF
cN
sD: 
dP
sP
end of file treatment


tOF : 12:08:00:047
wavfile=SR2_20160403_222308_428.wav
c:
g=10
sfte=192000
cF
cN
sD: 
dP
sP
end of file treatment


tOF : 12:08:00:107
wavfile=SR2_20160403_222334_020.wav
c:
g=10
sfte=192000
cF
cN
sD: 
dP
sP
end of file treatment


tOF : 12:08:00:412
wavfile=SR2_20160403_222417_644.wav
c:
g=10
sfte=192000
cF
cN
sD: 
dP
sP
end of file treatment


tOF : 12:08:00:640
wavfile=SR2_20160403_222436_584.wav
c:
g=10
sfte=192000
cF
cN
sD: 
dP
sP
end of file treatment


tOF : 12:08:00:799
wavfile=SR2_20160403_222459_507.wav
c:
g=10
sfte=192000
cF
cN
sD: 
dP
sP
end of file treatment


tOF : 12:08:01:024
wavfile=SR2_20160403_222526_524.wav
c:
g=10
sfte=192000
cF
cN
sD: 
dP
sP
end of file treatment


tOF : 12:08:01:163
wavfile=SR2_20160403_222649_851.wav
c:
g=10
sfte=192000
cF
cN
sD: 
dP
sP
end of file treatment


tOF : 12:08:01:267
wavfile=SR2_20160403_222806_883.wav
c:
g=10
sfte=192000
cF
cN
sD: 
dP
sP
end of file treatment


tOF : 12:08:01:386
wavfile=SR2_20160403_223011_756.wav
c:
g=10
sfte=192000
cF
cN
sD: 
dP
sP
end of file treatment


tOF : 12:08:01:486
wavfile=SR2_20160403_223252_449.wav
c:
g=10
sfte=192000
cF
cN
sD: 
dP
sP
end of file treatment


tOF : 12:08:01:632
wavfile=SR2_20160403_223402_188.wav
c:
g=10
sfte=192000
cF
cN
sD: 
dP
sP
end of file treatment


tOF : 12:08:01:800
wavfile=SR2_20160403_223625_553.wav
c:
g=10
sfte=192000
cF
cN
sD: 
dP
sP
end of file treatment


tOF : 12:08:01:887
wavfile=SR2_20160403_223758_269.wav
c:
g=10
sfte=192000
cF
cN
sD: 
dP
sP
end of file treatment


tOF : 12:08:02:270
wavfile=SR2_20160403_223905_044.wav
c:
g=10
sfte=192000
cF
cN
sD: 
dP
sP
end of file treatment


tOF : 12:08:02:354
wavfile=SR2_20160403_224738_487.wav
c:
g=10
sfte=192000
cF
cN
sD: 
dP
sP
end of file treatment


tOF : 12:08:02:457
wavfile=SR2_20160403_225032_139.wav
c:
g=10
sfte=192000
cF
cN
sD: 
dP
sP
end of file treatment


tOF : 12:08:02:549
wavfile=SR2_20160403_225232_597.wav
c:
g=10
sfte=192000
cF
cN
sD: 
dP
sP
end of file treatment


tOF : 12:08:02:659
wavfile=SR2_20160403_225347_815.wav
c:
g=10
sfte=192000
cF
cN
sD: 
dP
sP
end of file treatment


tOF : 12:08:02:757
wavfile=SR2_20160403_225555_937.wav
c:
g=10
sfte=192000
cF
cN
sD: 
dP
sP
end of file treatment


tOF : 12:08:02:896
wavfile=SR2_20160403_225641_588.wav
c:
g=10
sfte=192000
cF
cN
sD: 
dP
sP
end of file treatment


tOF : 12:08:02:986
wavfile=SR2_20160403_225714_857.wav
c:
g=10
sfte=192000
cF
cN
sD: 
dP
sP
end of file treatment


tOF : 12:08:03:141
wavfile=SR2_20160403_225837_656.wav
c:
g=10
sfte=192000
cF
cN
sD: 
dP
sP
end of file treatment


tOF : 12:08:03:244
wavfile=SR2_20160403_230106_201.wav
c:
g=10
sfte=192000
cF
cN
sD: 
dP
sP
end of file treatment


tOF : 12:08:03:353
wavfile=SR2_20160403_230241_073.wav
c:
g=10
sfte=192000
cF
cN
sD: 
dP
sP
end of file treatment


tOF : 12:08:03:436
wavfile=SR2_20160403_230328_053.wav
c:
g=10
sfte=192000
cF
cN
sD: 
dP
sP
end of file treatment


tOF : 12:08:03:532
wavfile=SR2_20160403_230448_640.wav
c:
g=10
sfte=192000
cF
cN
sD: 
dP
sP
end of file treatment


tOF : 12:08:03:716
wavfile=SR2_20160403_230728_571.wav
c:
g=10
sfte=192000
cF
cN
sD: 
dP
sP
end of file treatment


tOF : 12:08:03:822
wavfile=SR2_20160403_230813_251.wav
c:
g=10
sfte=192000
cF
cN
sD: 
dP
sP
end of file treatment


tOF : 12:08:03:928
wavfile=SR2_20160403_230939_520.wav
c:
g=10
sfte=192000
cF
cN
sD: 
dP
sP
end of file treatment


tOF : 12:08:04:032
wavfile=SR2_20160403_231334_724.wav
c:
g=10
sfte=192000
cF
cN
sD: 
dP
sP
end of file treatment


tOF : 12:08:04:146
wavfile=SR2_20160403_231425_333.wav
c:
g=10
sfte=192000
cF
cN
sD: 
dP
sP
end of file treatment


tOF : 12:08:04:229
wavfile=SR2_20160403_231620_353.wav
c:
g=10
sfte=192000
cF
cN
sD: 
dP
sP
end of file treatment


tOF : 12:08:04:406
wavfile=SR2_20160403_231852_573.wav
c:
g=10
sfte=192000
cF
cN
sD: 
dP
sP
end of file treatment


tOF : 12:08:04:505
wavfile=SR2_20160403_233937_553.wav
c:
g=10
sfte=192000
cF
cN
sD: 
dP
sP
end of file treatment


tOF : 12:08:04:699
wavfile=SR2_20160404_000906_372.wav
c:
g=10
sfte=192000
cF
cN
sD: 
dP
sP
end of file treatment


tOF : 12:08:04:939
wavfile=SR2_20160404_001546_436.wav
c:
g=10
sfte=192000
cF
cN
sD: 
dP
sP
end of file treatment


tOF : 12:08:05:046
wavfile=SR2_20160404_001639_529.wav
c:
g=10
sfte=192000
cF
cN
sD: 
dP
sP
end of file treatment


tOF : 12:08:05:293
wavfile=SR2_20160404_013304_000.wav
c:
g=10
sfte=192000
cF
cN
sD: 
dP
sP
end of file treatment


tOF : 12:08:05:373
wavfile=SR2_20160404_033304_000.wav
c:
g=10
sfte=192000
cF
cN
sD: 
dP
sP
end of file treatment


tOF : 12:08:05:440
wavfile=SR2_20160404_053304_000.wav
c:
g=10
sfte=192000
cF
cN
sD: 
dP
sP
end of file treatment


tOF : 12:08:05:570
wavfile=SR2_20160404_183502_000.wav
c:
g=10
sfte=192000
cF
cN
sD: 
dP
sP
end of file treatment


tOF : 12:08:05:646
wavfile=SR2_20160404_193213_117.wav
c:
g=10
sfte=192000
cF
cN
sD: 
dP
sP
end of file treatment


tOF : 12:08:06:033
wavfile=SR2_20160404_195816_755.wav
c:
g=10
sfte=192000
cF
cN
sD: 
dP
sP
end of file treatment


tOF : 12:08:06:335
wavfile=SR2_20160404_203504_000.wav
c:
g=10
sfte=192000
cF
cN
sD: 
dP
sP
end of file treatment


tOF : 12:08:06:509
wavfile=SR2_20160404_205507_500.wav
c:
g=10
sfte=192000
cF
cN
sD: 
dP
sP
end of file treatment


tOF : 12:08:06:688
wavfile=SR2_20160404_215214_675.wav
c:
g=10
sfte=192000
cF
cN
sD: 
dP
sP
end of file treatment


tOF : 12:08:06:809
wavfile=SR2_20160404_223504_000.wav
c:
g=10
sfte=192000
cF
cN
sD: 
dP
sP
end of file treatment


tOF : 12:08:06:947
wavfile=SR2_20160405_001518_044.wav
c:
g=10
sfte=192000
cF
cN
sD: 
dP
sP
end of file treatment


tOF : 12:08:07:110
wavfile=SR2_20160405_020504_000.wav
c:
g=10
sfte=192000
cF
cN
sD: 
dP
sP
end of file treatment


tOF : 12:08:07:212
wavfile=SR2_20160405_040504_000.wav
c:
g=10
sfte=192000
cF
cN
sD: 
dP
sP
end of file treatment


tOF : 12:08:07:307
wavfile=SR2_20160405_053504_000.wav
c:
g=10
sfte=192000
cF
cN
sD: 
dP
sP
end of file treatment


tOF : 12:08:07:457
wavfile=SR2_20160405_182153_352.wav
c:
g=10
sfte=192000
cF
cN
sD: 
dP
sP
end of file treatment


tOF : 12:08:07:598
wavfile=SR2_20160405_200704_000.wav
c:
g=10
sfte=192000
cF
cN
sD: 
dP
sP
end of file treatment


tOF : 12:08:07:720
wavfile=SR2_20160405_213704_000.wav
c:
g=10
sfte=192000
cF
cN
sD: 
dP
sP
end of file treatment


tOF : 12:08:08:186
wavfile=SR2_20160405_232019_345.wav
c:
g=10
sfte=192000
cF
cN
sD: 
dP
sP
end of file treatment


tOF : 12:08:08:428
wavfile=SR2_20160406_010704_000.wav
c:
g=10
sfte=192000
cF
cN
sD: 
dP
sP
end of file treatment


tOF : 12:08:08:527
wavfile=SR2_20160406_030704_000.wav
c:
g=10
sfte=192000
cF
cN
sD: 
dP
sP
end of file treatment


tOF : 12:08:08:601
wavfile=SR2_20160406_050704_000.wav
c:
g=10
sfte=192000
cF
cN
sD: 
dP
sP
end of file treatment


tOF : 12:08:08:679
wavfile=SR2_20160406_182850_884.wav
c:
g=10
sfte=192000
cF
cN
sD: 
dP
sP
end of file treatment


tOF : 12:08:08:810
wavfile=SR2_20160406_190904_000.wav
c:
g=10
sfte=192000
cF
cN
sD: 
dP
sP
end of file treatment


tOF : 12:08:08:921
wavfile=SR2_20160406_195454_052.wav
c:
g=10
sfte=192000
cF
cN
sD: 
dP
sP
end of file treatment


tOF : 12:08:09:098
wavfile=SR2_20160406_200537_148.wav
c:
g=10
sfte=192000
cF
cN
sD: 
dP
sP
end of file treatment


tOF : 12:08:09:212
wavfile=SR2_20160406_201520_619.wav
c:
g=10
sfte=192000
cF
cN
sD: 
dP
sP
end of file treatment


tOF : 12:08:09:618
wavfile=SR2_20160406_212635_739.wav
c:
g=10
sfte=192000
cF
cN
sD: 
dP
sP
end of file treatment


tOF : 12:08:09:801
wavfile=SR2_20160406_221234_396.wav
c:
g=10
sfte=192000
cF
cN
sD: 
dP
sP
end of file treatment


tOF : 12:08:09:880
wavfile=SR2_20160406_223904_000.wav
c:
g=10
sfte=192000
cF
cN
sD: 
dP
sP
end of file treatment


tOF : 12:08:10:086
wavfile=SR2_20160406_233904_000.wav
c:
g=10
sfte=192000
cF
cN
sD: 
dP
sP
end of file treatment


tOF : 12:08:10:166
wavfile=SR2_20160407_010904_000.wav
c:
g=10
sfte=192000
cF
cN
sD: 
dP
sP
end of file treatment


tOF : 12:08:10:339
wavfile=SR2_20160407_030904_000.wav
c:
g=10
sfte=192000
cF
cN
sD: 
dP
sP
end of file treatment


tOF : 12:08:10:456
wavfile=SR2_20160407_050904_000.wav
c:
g=10
sfte=192000
cF
cN
sD: 
dP
sP
end of file treatment


tOF : 12:08:10:576
wavfile=SR2_20160407_181000_000.wav
c:
g=10
sfte=192000
cF
cN
sD: 
dP
sP
end of file treatment


tOF : 12:08:10:723
wavfile=SR2_20160407_195052_235.wav
c:
g=10
sfte=192000
cF
cN
sD: 
dP
sP
end of file treatment


tOF : 12:08:10:835
wavfile=SR2_20160407_211004_000.wav
c:
g=10
sfte=192000
cF
cN
sD: 
dP
sP
end of file treatment


tOF : 12:08:10:896
wavfile=SR2_20160407_224754_249.wav
c:
g=10
sfte=192000
cF
cN
sD: 
dP
sP
end of file treatment


tOF : 12:08:11:091
wavfile=SR2_20160408_001004_000.wav
c:
g=10
sfte=192000
cF
cN
sD: 
dP
sP
end of file treatment


tOF : 12:08:11:194
wavfile=SR2_20160408_021004_000.wav
c:
g=10
sfte=192000
cF
cN
sD: 
dP
sP
end of file treatment


tOF : 12:08:11:270
wavfile=SR2_20160408_041004_000.wav
c:
g=10
sfte=192000
cF
cN
sD: 
dP
sP
end of file treatment


tOF : 12:08:11:404
wavfile=SR2_20160408_181200_000.wav
c:
g=10
sfte=192000
cF
cN
sD: 
dP
sP
end of file treatment


tOF : 12:08:11:485
wavfile=SR2_20160408_191204_000.wav
c:
g=10
sfte=192000
cF
cN
sD: 
dP
sP
end of file treatment


tOF : 12:08:11:584
wavfile=SR2_20160408_200942_432.wav
c:
g=10
sfte=192000
cF
cN
sD: 
dP
sP
end of file treatment


tOF : 12:08:11:766
wavfile=SR2_20160408_211204_000.wav
c:
g=10
sfte=192000
cF
cN
sD: 
dP
sP
end of file treatment


tOF : 12:08:11:906
wavfile=SR2_20160408_214204_000.wav
c:
g=10
sfte=192000
cF
cN
sD: 
dP
sP
end of file treatment


tOF : 12:08:12:047
wavfile=SR2_20160408_233556_191.wav
c:
g=10
sfte=192000
cF
cN
sD: 
dP
sP
end of file treatment


tOF : 12:08:12:330
wavfile=SR2_20160409_011204_000.wav
c:
g=10
sfte=192000
cF
cN
sD: 
dP
sP
end of file treatment


tOF : 12:08:12:451
wavfile=SR2_20160409_031204_000.wav
c:
g=10
sfte=192000
cF
cN
sD: 
dP
sP
end of file treatment


tOF : 12:08:12:608
wavfile=SR2_20160409_051204_000.wav
c:
g=10
sfte=192000
cF
cN
sD: 
dP
sP
end of file treatment


tOF : 12:08:12:685
wavfile=SR2_20160409_191404_000.wav
c:
g=10
sfte=192000
cF
cN
sD: 
dP
sP
end of file treatment


tOF : 12:08:12:796
wavfile=SR2_20160409_201404_000.wav
c:
g=10
sfte=192000
cF
cN
sD: 
dP
sP
end of file treatment


tOF : 12:08:12:935
wavfile=SR2_20160409_214405_000.wav
c:
g=10
sfte=192000
cF
cN
sD: 
dP
sP
end of file treatment


tOF : 12:08:13:069
wavfile=SR2_20160409_231404_000.wav
c:
g=10
sfte=192000
cF
cN
sD: 
dP
sP
end of file treatment


tOF : 12:08:13:159
wavfile=SR2_20160410_011404_000.wav
c:
g=10
sfte=192000
cF
cN
sD: 
dP
sP
end of file treatment


tOF : 12:08:13:284
wavfile=SR2_20160410_031404_000.wav
c:
g=10
sfte=192000
cF
cN
sD: 
dP
sP
end of file treatment


tOF : 12:08:13:401
wavfile=SR2_20160410_044404_000.wav
c:
g=10
sfte=192000
cF
cN
sD: 
dP
sP
end of file treatment


tOF : 12:08:13:506
wavfile=SR2_20160410_183110_309.wav
c:
g=10
sfte=192000
cF
cN
sD: 
dP
sP
end of file treatment


tOF : 12:08:13:648
wavfile=SR2_20160410_201604_000.wav
c:
g=10
sfte=192000
cF
cN
sD: 
dP
sP
end of file treatment


tOF : 12:08:13:739
wavfile=SR2_20160410_202955_304.wav
c:
g=10
sfte=192000
cF
cN
sD: 
dP
sP
end of file treatment


tOF : 12:08:13:824
wavfile=SR2_20160410_213352_093.wav
c:
g=10
sfte=192000
cF
cN
sD: 
dP
sP
end of file treatment


tOF : 12:08:13:977
wavfile=SR2_20160410_231604_000.wav
c:
g=10
sfte=192000
cF
cN
sD: 
dP
sP
end of file treatment


tOF : 12:08:14:089
wavfile=SR2_20160411_011604_000.wav
c:
g=10
sfte=192000
cF
cN
sD: 
dP
sP
end of file treatment


tOF : 12:08:14:202
wavfile=SR2_20160411_024604_000.wav
c:
g=10
sfte=192000
cF
cN
sD: 
dP
sP
end of file treatment


tOF : 12:08:14:348
wavfile=SR2_20160411_044604_000.wav
c:
g=10
sfte=192000
cF
cN
sD: 
dP
sP
end of file treatment


tOF : 12:08:14:516
wavfile=SR2_20160411_051604_000.wav
c:
g=10
sfte=192000
cF
cN
sD: 
dP
sP
end of file treatment


tOF : 12:08:14:626
wavfile=SR2_20160411_191734_217.wav
c:
g=10
sfte=192000
cF
cN
sD: 
dP
sP
end of file treatment


tOF : 12:08:14:746
wavfile=SR2_20160411_191812_381.wav
c:
g=10
sfte=192000
cF
cN
sD: 
dP
sP
end of file treatment


tOF : 12:08:14:896
wavfile=SR2_20160411_192734_103.wav
c:
g=10
sfte=192000
cF
cN
sD: 
dP
sP
end of file treatment


tOF : 12:08:15:023
wavfile=SR2_20160411_195118_977.wav
c:
g=10
sfte=192000
cF
cN
sD: 
dP
sP
end of file treatment


tOF : 12:08:15:123
wavfile=SR2_20160411_200017_637.wav
c:
g=10
sfte=192000
cF
cN
sD: 
dP
sP
end of file treatment


tOF : 12:08:15:265
wavfile=SR2_20160411_201704_000.wav
c:
g=10
sfte=192000
cF
cN
sD: 
dP
sP
end of file treatment


tOF : 12:08:15:361
wavfile=SR2_20160411_214704_000.wav
c:
g=10
sfte=192000
cF
cN
sD: 
dP
sP
end of file treatment


tOF : 12:08:15:507
wavfile=SR2_20160411_231704_000.wav
c:
g=10
sfte=192000
cF
cN
sD: 
dP
sP
end of file treatment


tOF : 12:08:15:642
wavfile=SR2_20160412_004704_000.wav
c:
g=10
sfte=192000
cF
cN
sD: 
dP
sP
end of file treatment


tOF : 12:08:15:896
wavfile=SR2_20160412_024647_260.wav
c:
g=10
sfte=192000
cF
cN
sD: 
dP
sP
end of file treatment


tOF : 12:08:16:189
wavfile=SR2_20160412_024738_056.wav
c:
g=10
sfte=192000
cF
cN
sD: 
dP
sP
end of file treatment


tOF : 12:08:16:324
wavfile=SR2_20160412_031704_000.wav
c:
g=10
sfte=192000
cF
cN
sD: 
dP
sP
end of file treatment


tOF : 12:08:16:426
wavfile=SR2_20160412_044704_000.wav
c:
g=10
sfte=192000
cF
cN
sD: 
dP
sP
end of file treatment


tOF : 12:08:16:556
wavfile=SR2_20160412_183201_933.wav
c:
g=10
sfte=192000
cF
cN
sD: 
dP
sP
end of file treatment


tOF : 12:08:16:626
wavfile=SR2_20160412_194904_000.wav
c:
g=10
sfte=192000
cF
cN
sD: 
dP
sP
end of file treatment


tOF : 12:08:16:794
wavfile=SR2_20160412_204904_000.wav
c:
g=10
sfte=192000
cF
cN
sD: 
dP
sP
end of file treatment


tOF : 12:08:16:876
wavfile=SR2_20160412_214857_633.wav
c:
g=10
sfte=192000
cF
cN
sD: 
dP
sP
end of file treatment


tOF : 12:08:17:454
wavfile=SR2_20160412_221904_000.wav
c:
g=10
sfte=192000
cF
cN
sD: 
dP
sP
end of file treatment


tOF : 12:08:17:554
wavfile=SR2_20160412_234904_000.wav
c:
g=10
sfte=192000
cF
cN
sD: 
dP
sP
end of file treatment


tOF : 12:08:17:678
wavfile=SR2_20160413_012241_813.wav
c:
g=10
sfte=192000
cF
cN
sD: 
dP
sP
end of file treatment


tOF : 12:08:17:784
wavfile=SR2_20160413_024904_000.wav
c:
g=10
sfte=192000
cF
cN
sD: 
dP
sP
end of file treatment
endDetec  IThread = 0
