dtt modefreq=1


tOF : 09:47:58:177
wavfile=ECC_20181006_181904_000.wav
c:
g=1
sfte=192000
cF
cN
sD: 
dP
sP
end of file treatment


tOF : 09:47:58:271
wavfile=ECC_20181006_211904_000.wav
c:
g=1
sfte=192000
cF
cN
sD: 
dP
sP
end of file treatment


tOF : 09:47:58:334
wavfile=ECC_20181007_001904_000.wav
c:
g=1
sfte=192000
cF
cN
sD: 
dP
sP
end of file treatment


tOF : 09:47:58:412
wavfile=ECC_20181007_031904_000.wav
c:
g=1
sfte=192000
cF
cN
sD: 
dP
sP
end of file treatment


tOF : 09:47:58:474
wavfile=ECC_20181007_061904_000.wav
c:
g=1
sfte=192000
cF
cN
sD: 
dP
sP
end of file treatment


tOF : 09:47:58:553
wavfile=ECC_20181007_181152_889.wav
c:
g=1
sfte=192000
cF
cN
sD: 
dP
sP
end of file treatment


tOF : 09:47:58:631
wavfile=ECC_20181007_194709_000.wav
c:
g=1
sfte=192000
cF
cN
sD: 
dP
sP
end of file treatment


tOF : 09:47:58:693
wavfile=ECC_20181007_224704_000.wav
c:
g=1
sfte=192000
cF
cN
sD: 
dP
sP
end of file treatment


tOF : 09:47:58:756
wavfile=ECC_20181008_014704_000.wav
c:
g=1
sfte=192000
cF
cN
sD: 
dP
sP
end of file treatment


tOF : 09:47:58:818
wavfile=ECC_20181008_044707_000.wav
c:
g=1
sfte=192000
cF
cN
sD: 
dP
sP
end of file treatment


tOF : 09:47:58:881
wavfile=ECC_20181008_174504_000.wav
c:
g=1
sfte=192000
cF
cN
sD: 
dP
sP
end of file treatment


tOF : 09:47:58:959
wavfile=ECC_20181008_183738_063.wav
c:
g=1
sfte=192000
cF
cN
sD: 
dP
sP
end of file treatment


tOF : 09:47:59:021
wavfile=ECC_20181008_184605_849.wav
c:
g=1
sfte=192000
cF
cN
sD: 
dP
sP
end of file treatment


tOF : 09:47:59:099
wavfile=ECC_20181008_205044_257.wav
c:
g=1
sfte=192000
cF
cN
sD: 
dP
sP
end of file treatment


tOF : 09:47:59:162
wavfile=ECC_20181008_211505_000.wav
c:
g=1
sfte=192000
cF
cN
sD: 
dP
sP
end of file treatment


tOF : 09:47:59:224
wavfile=ECC_20181008_212140_369.wav
c:
g=1
sfte=192000
cF
cN
sD: 
dP
sP
end of file treatment


tOF : 09:47:59:287
wavfile=ECC_20181008_212235_633.wav
c:
g=1
sfte=192000
cF
cN
sD: 
dP
sP
end of file treatment


tOF : 09:47:59:381
wavfile=ECC_20181008_212353_823.wav
c:
g=1
sfte=192000
cF
cN
sD: 
dP
sP
end of file treatment


tOF : 09:47:59:434
wavfile=ECC_20181008_212438_899.wav
c:
g=1
sfte=192000
cF
cN
sD: 
dP
sP
end of file treatment


tOF : 09:47:59:496
wavfile=ECC_20181008_213022_795.wav
c:
g=1
sfte=192000
cF
cN
sD: 
dP
sP
end of file treatment


tOF : 09:47:59:567
wavfile=ECC_20181008_221852_112.wav
c:
g=1
sfte=192000
cF
cN
sD: 
dP
sP
end of file treatment


tOF : 09:47:59:619
wavfile=ECC_20181008_230219_375.wav
c:
g=1
sfte=192000
cF
cN
sD: 
dP
sP
end of file treatment


tOF : 09:47:59:686
wavfile=ECC_20181008_230334_344.wav
c:
g=1
sfte=192000
cF
cN
sD: 
dP
sP
end of file treatment


tOF : 09:47:59:739
wavfile=ECC_20181008_232438_329.wav
c:
g=1
sfte=192000
cF
cN
sD: 
dP
sP
end of file treatment


tOF : 09:47:59:816
wavfile=ECC_20181009_015135_503.wav
c:
g=1
sfte=192000
cF
cN
sD: 
dP
sP
end of file treatment


tOF : 09:47:59:869
wavfile=ECC_20181009_015239_908.wav
c:
g=1
sfte=192000
cF
cN
sD: 
dP
sP
end of file treatment


tOF : 09:47:59:922
wavfile=ECC_20181009_015358_041.wav
c:
g=1
sfte=192000
cF
cN
sD: 
dP
sP
end of file treatment


tOF : 09:48:00:001
wavfile=ECC_20181009_015539_552.wav
c:
g=1
sfte=192000
cF
cN
sD: 
dP
sP
end of file treatment


tOF : 09:48:00:070
wavfile=ECC_20181009_015655_975.wav
c:
g=1
sfte=192000
cF
cN
sD: 
dP
sP
end of file treatment


tOF : 09:48:00:170
wavfile=ECC_20181009_031504_000.wav
c:
g=1
sfte=192000
cF
cN
sD: 
dP
sP
end of file treatment


tOF : 09:48:00:221
wavfile=ECC_20181009_061504_000.wav
c:
g=1
sfte=192000
cF
cN
sD: 
dP
sP
end of file treatment


tOF : 09:48:00:294
wavfile=ECC_20181009_180716_615.wav
c:
g=1
sfte=192000
cF
cN
sD: 
dP
sP
end of file treatment


tOF : 09:48:00:353
wavfile=ECC_20181009_181058_376.wav
c:
g=1
sfte=192000
cF
cN
sD: 
dP
sP
end of file treatment


tOF : 09:48:00:456
wavfile=ECC_20181009_181142_813.wav
c:
g=1
sfte=192000
cF
cN
sD: 
dP
sP
end of file treatment


tOF : 09:48:00:522
wavfile=ECC_20181009_181234_668.wav
c:
g=1
sfte=192000
cF
cN
sD: 
dP
sP
end of file treatment


tOF : 09:48:00:601
wavfile=ECC_20181009_181317_927.wav
c:
g=1
sfte=192000
cF
cN
sD: 
dP
sP
end of file treatment


tOF : 09:48:00:670
wavfile=ECC_20181009_181358_816.wav
c:
g=1
sfte=192000
cF
cN
sD: 
dP
sP
end of file treatment


tOF : 09:48:00:771
wavfile=ECC_20181009_184204_000.wav
c:
g=1
sfte=192000
cF
cN
sD: 
dP
sP
end of file treatment


tOF : 09:48:00:823
wavfile=ECC_20181009_185759_485.wav
c:
g=1
sfte=192000
cF
cN
sD: 
dP
sP
end of file treatment


tOF : 09:48:00:936
wavfile=ECC_20181009_204204_000.wav
c:
g=1
sfte=192000
cF
cN
sD: 
dP
sP
end of file treatment


tOF : 09:48:00:999
wavfile=ECC_20181009_231204_000.wav
c:
g=1
sfte=192000
cF
cN
sD: 
dP
sP
end of file treatment


tOF : 09:48:01:073
wavfile=ECC_20181010_021204_000.wav
c:
g=1
sfte=192000
cF
cN
sD: 
dP
sP
end of file treatment


tOF : 09:48:01:131
wavfile=ECC_20181010_051204_000.wav
c:
g=1
sfte=192000
cF
cN
sD: 
dP
sP
end of file treatment


tOF : 09:48:01:185
wavfile=ECC_20181010_175820_608.wav
c:
g=1
sfte=192000
cF
cN
sD: 
dP
sP
end of file treatment


tOF : 09:48:01:251
wavfile=ECC_20181010_182707_496.wav
c:
g=1
sfte=192000
cF
cN
sD: 
dP
sP
end of file treatment


tOF : 09:48:01:375
wavfile=ECC_20181010_182731_809.wav
c:
g=1
sfte=192000
cF
cN
sD: 
dP
sP
end of file treatment


tOF : 09:48:01:458
wavfile=ECC_20181010_182803_897.wav
c:
g=1
sfte=192000
cF
cN
sD: 
dP
sP
end of file treatment


tOF : 09:48:01:585
wavfile=ECC_20181010_182843_564.wav
c:
g=1
sfte=192000
cF
cN
sD: 
dP
sP
end of file treatment


tOF : 09:48:01:650
wavfile=ECC_20181010_182931_565.wav
c:
g=1
sfte=192000
cF
cN
sD: 
dP
sP
end of file treatment


tOF : 09:48:01:721
wavfile=ECC_20181010_191010_000.wav
c:
g=1
sfte=192000
cF
cN
sD: 
dP
sP
end of file treatment


tOF : 09:48:01:777
wavfile=ECC_20181010_192149_108.wav
c:
g=1
sfte=192000
cF
cN
sD: 
dP
sP
end of file treatment


tOF : 09:48:01:856
wavfile=ECC_20181010_192217_797.wav
c:
g=1
sfte=192000
cF
cN
sD: 
dP
sP
end of file treatment


tOF : 09:48:01:937
wavfile=ECC_20181010_192534_737.wav
c:
g=1
sfte=192000
cF
cN
sD: 
dP
sP
end of file treatment


tOF : 09:48:02:037
wavfile=ECC_20181010_214004_000.wav
c:
g=1
sfte=192000
cF
cN
sD: 
dP
sP
end of file treatment


tOF : 09:48:02:132
wavfile=ECC_20181011_001005_000.wav
c:
g=1
sfte=192000
cF
cN
sD: 
dP
sP
end of file treatment


tOF : 09:48:02:184
wavfile=ECC_20181011_024004_000.wav
c:
g=1
sfte=192000
cF
cN
sD: 
dP
sP
end of file treatment


tOF : 09:48:02:235
wavfile=ECC_20181011_054004_000.wav
c:
g=1
sfte=192000
cF
cN
sD: 
dP
sP
end of file treatment


tOF : 09:48:02:338
wavfile=ECC_20181011_180804_000.wav
c:
g=1
sfte=192000
cF
cN
sD: 
dP
sP
end of file treatment


tOF : 09:48:02:396
wavfile=ECC_20181011_193412_511.wav
c:
g=1
sfte=192000
cF
cN
sD: 
dP
sP
end of file treatment


tOF : 09:48:02:478
wavfile=ECC_20181011_200713_432.wav
c:
g=1
sfte=192000
cF
cN
sD: 
dP
sP
end of file treatment


tOF : 09:48:02:530
wavfile=ECC_20181011_200915_012.wav
c:
g=1
sfte=192000
cF
cN
sD: 
dP
sP
end of file treatment


tOF : 09:48:02:587
wavfile=ECC_20181011_201022_804.wav
c:
g=1
sfte=192000
cF
cN
sD: 
dP
sP
end of file treatment


tOF : 09:48:02:659
wavfile=ECC_20181011_201047_335.wav
c:
g=1
sfte=192000
cF
cN
sD: 
dP
sP
end of file treatment


tOF : 09:48:02:709
wavfile=ECC_20181011_203355_988.wav
c:
g=1
sfte=192000
cF
cN
sD: 
dP
sP
end of file treatment


tOF : 09:48:02:772
wavfile=ECC_20181011_220804_000.wav
c:
g=1
sfte=192000
cF
cN
sD: 
dP
sP
end of file treatment


tOF : 09:48:02:829
wavfile=ECC_20181011_224042_519.wav
c:
g=1
sfte=192000
cF
cN
sD: 
dP
sP
end of file treatment


tOF : 09:48:02:888
wavfile=ECC_20181011_233804_000.wav
c:
g=1
sfte=192000
cF
cN
sD: 
dP
sP
end of file treatment


tOF : 09:48:02:940
wavfile=ECC_20181012_004411_515.wav
c:
g=1
sfte=192000
cF
cN
sD: 
dP
sP
end of file treatment


tOF : 09:48:02:993
wavfile=ECC_20181012_013804_000.wav
c:
g=1
sfte=192000
cF
cN
sD: 
dP
sP
end of file treatment


tOF : 09:48:03:053
wavfile=ECC_20181012_040804_000.wav
c:
g=1
sfte=192000
cF
cN
sD: 
dP
sP
end of file treatment


tOF : 09:48:03:104
wavfile=ECC_20181012_163600_000.wav
c:
g=1
sfte=192000
cF
cN
sD: 
dP
sP
end of file treatment


tOF : 09:48:03:171
wavfile=ECC_20181012_193606_000.wav
c:
g=1
sfte=192000
cF
cN
sD: 
dP
sP
end of file treatment


tOF : 09:48:03:222
wavfile=ECC_20181012_223604_000.wav
c:
g=1
sfte=192000
cF
cN
sD: 
dP
sP
end of file treatment


tOF : 09:48:03:291
wavfile=ECC_20181013_003001_336.wav
c:
g=1
sfte=192000
cF
cN
sD: 
dP
sP
end of file treatment


tOF : 09:48:03:341
wavfile=ECC_20181013_003022_644.wav
c:
g=1
sfte=192000
cF
cN
sD: 
dP
sP
end of file treatment


tOF : 09:48:03:391
wavfile=ECC_20181013_003108_959.wav
c:
g=1
sfte=192000
cF
cN
sD: 
dP
sP
end of file treatment


tOF : 09:48:03:453
wavfile=ECC_20181013_003137_547.wav
c:
g=1
sfte=192000
cF
cN
sD: 
dP
sP
end of file treatment


tOF : 09:48:03:505
wavfile=ECC_20181013_003159_091.wav
c:
g=1
sfte=192000
cF
cN
sD: 
dP
sP
end of file treatment


tOF : 09:48:03:571
wavfile=ECC_20181013_003224_635.wav
c:
g=1
sfte=192000
cF
cN
sD: 
dP
sP
end of file treatment


tOF : 09:48:03:634
wavfile=ECC_20181013_003254_264.wav
c:
g=1
sfte=192000
cF
cN
sD: 
dP
sP
end of file treatment


tOF : 09:48:03:707
wavfile=ECC_20181013_003327_977.wav
c:
g=1
sfte=192000
cF
cN
sD: 
dP
sP
end of file treatment


tOF : 09:48:03:759
wavfile=ECC_20181013_003348_833.wav
c:
g=1
sfte=192000
cF
cN
sD: 
dP
sP
end of file treatment


tOF : 09:48:03:819
wavfile=ECC_20181013_003417_516.wav
c:
g=1
sfte=192000
cF
cN
sD: 
dP
sP
end of file treatment


tOF : 09:48:03:900
wavfile=ECC_20181013_003601_455.wav
c:
g=1
sfte=192000
cF
cN
sD: 
dP
sP
end of file treatment


tOF : 09:48:03:932
wavfile=ECC_20181013_003636_112.wav
c:
g=1
sfte=192000
cF
cN
sD: 
dP
sP
end of file treatment


tOF : 09:48:03:990
wavfile=ECC_20181013_003657_957.wav
c:
g=1
sfte=192000
cF
cN
sD: 
dP
sP
end of file treatment


tOF : 09:48:04:054
wavfile=ECC_20181013_003832_791.wav
c:
g=1
sfte=192000
cF
cN
sD: 
dP
sP
end of file treatment


tOF : 09:48:04:116
wavfile=ECC_20181013_003953_660.wav
c:
g=1
sfte=192000
cF
cN
sD: 
dP
sP
end of file treatment


tOF : 09:48:04:187
wavfile=ECC_20181013_004026_959.wav
c:
g=1
sfte=192000
cF
cN
sD: 
dP
sP
end of file treatment


tOF : 09:48:04:239
wavfile=ECC_20181013_004104_620.wav
c:
g=1
sfte=192000
cF
cN
sD: 
dP
sP
end of file treatment


tOF : 09:48:04:305
wavfile=ECC_20181013_004123_136.wav
c:
g=1
sfte=192000
cF
cN
sD: 
dP
sP
end of file treatment


tOF : 09:48:04:366
wavfile=ECC_20181013_004141_977.wav
c:
g=1
sfte=192000
cF
cN
sD: 
dP
sP
end of file treatment


tOF : 09:48:04:415
wavfile=ECC_20181013_004225_757.wav
c:
g=1
sfte=192000
cF
cN
sD: 
dP
sP
end of file treatment


tOF : 09:48:04:485
wavfile=ECC_20181013_004258_885.wav
c:
g=1
sfte=192000
cF
cN
sD: 
dP
sP
end of file treatment


tOF : 09:48:04:535
wavfile=ECC_20181013_004349_980.wav
c:
g=1
sfte=192000
cF
cN
sD: 
dP
sP
end of file treatment


tOF : 09:48:04:597
wavfile=ECC_20181013_004408_048.wav
c:
g=1
sfte=192000
cF
cN
sD: 
dP
sP
end of file treatment


tOF : 09:48:04:648
wavfile=ECC_20181013_010604_000.wav
c:
g=1
sfte=192000
cF
cN
sD: 
dP
sP
end of file treatment


tOF : 09:48:04:700
wavfile=ECC_20181013_033631_401.wav
c:
g=1
sfte=192000
cF
cN
sD: 
dP
sP
end of file treatment


tOF : 09:48:04:768
wavfile=ECC_20181013_033728_635.wav
c:
g=1
sfte=192000
cF
cN
sD: 
dP
sP
end of file treatment


tOF : 09:48:04:818
wavfile=ECC_20181013_033757_336.wav
c:
g=1
sfte=192000
cF
cN
sD: 
dP
sP
end of file treatment


tOF : 09:48:04:888
wavfile=ECC_20181013_033816_991.wav
c:
g=1
sfte=192000
cF
cN
sD: 
dP
sP
end of file treatment


tOF : 09:48:04:940
wavfile=ECC_20181013_033836_877.wav
c:
g=1
sfte=192000
cF
cN
sD: 
dP
sP
end of file treatment


tOF : 09:48:04:989
wavfile=ECC_20181013_033858_536.wav
c:
g=1
sfte=192000
cF
cN
sD: 
dP
sP
end of file treatment


tOF : 09:48:05:072
wavfile=ECC_20181013_033924_124.wav
c:
g=1
sfte=192000
cF
cN
sD: 
dP
sP
end of file treatment


tOF : 09:48:05:124
wavfile=ECC_20181013_033942_705.wav
c:
g=1
sfte=192000
cF
cN
sD: 
dP
sP
end of file treatment


tOF : 09:48:05:188
wavfile=ECC_20181013_034009_024.wav
c:
g=1
sfte=192000
cF
cN
sD: 
dP
sP
end of file treatment


tOF : 09:48:05:254
wavfile=ECC_20181013_034031_705.wav
c:
g=1
sfte=192000
cF
cN
sD: 
dP
sP
end of file treatment


tOF : 09:48:05:325
wavfile=ECC_20181013_034052_144.wav
c:
g=1
sfte=192000
cF
cN
sD: 
dP
sP
end of file treatment


tOF : 09:48:05:375
wavfile=ECC_20181013_034113_975.wav
c:
g=1
sfte=192000
cF
cN
sD: 
dP
sP
end of file treatment


tOF : 09:48:05:435
wavfile=ECC_20181013_034130_571.wav
c:
g=1
sfte=192000
cF
cN
sD: 
dP
sP
end of file treatment


tOF : 09:48:05:527
wavfile=ECC_20181013_034152_273.wav
c:
g=1
sfte=192000
cF
cN
sD: 
dP
sP
end of file treatment


tOF : 09:48:05:588
wavfile=ECC_20181013_034220_649.wav
c:
g=1
sfte=192000
cF
cN
sD: 
dP
sP
end of file treatment


tOF : 09:48:05:655
wavfile=ECC_20181013_043605_000.wav
c:
g=1
sfte=192000
cF
cN
sD: 
dP
sP
end of file treatment


tOF : 09:48:05:706
wavfile=ECC_20181013_170302_000.wav
c:
g=1
sfte=192000
cF
cN
sD: 
dP
sP
end of file treatment


tOF : 09:48:05:757
wavfile=ECC_20181013_200304_000.wav
c:
g=1
sfte=192000
cF
cN
sD: 
dP
sP
end of file treatment


tOF : 09:48:05:815
wavfile=ECC_20181013_230304_000.wav
c:
g=1
sfte=192000
cF
cN
sD: 
dP
sP
end of file treatment


tOF : 09:48:05:867
wavfile=ECC_20181014_002905_523.wav
c:
g=1
sfte=192000
cF
cN
sD: 
dP
sP
end of file treatment


tOF : 09:48:05:940
wavfile=ECC_20181014_013304_000.wav
c:
g=1
sfte=192000
cF
cN
sD: 
dP
sP
end of file treatment


tOF : 09:48:05:991
wavfile=ECC_20181014_040304_000.wav
c:
g=1
sfte=192000
cF
cN
sD: 
dP
sP
end of file treatment


tOF : 09:48:06:075
wavfile=ECC_20181014_063304_000.wav
c:
g=1
sfte=192000
cF
cN
sD: 
dP
sP
end of file treatment


tOF : 09:48:06:132
wavfile=ECC_20181014_190104_000.wav
c:
g=1
sfte=192000
cF
cN
sD: 
dP
sP
end of file treatment


tOF : 09:48:06:188
wavfile=ECC_20181014_220104_000.wav
c:
g=1
sfte=192000
cF
cN
sD: 
dP
sP
end of file treatment


tOF : 09:48:06:269
wavfile=ECC_20181015_010104_000.wav
c:
g=1
sfte=192000
cF
cN
sD: 
dP
sP
end of file treatment


tOF : 09:48:06:322
wavfile=ECC_20181015_030104_000.wav
c:
g=1
sfte=192000
cF
cN
sD: 
dP
sP
end of file treatment


tOF : 09:48:06:389
wavfile=ECC_20181015_060104_000.wav
c:
g=1
sfte=192000
cF
cN
sD: 
dP
sP
end of file treatment


tOF : 09:48:06:440
wavfile=ECC_20181015_182904_000.wav
c:
g=1
sfte=192000
cF
cN
sD: 
dP
sP
end of file treatment


tOF : 09:48:06:518
wavfile=ECC_20181015_212904_000.wav
c:
g=1
sfte=192000
cF
cN
sD: 
dP
sP
end of file treatment


tOF : 09:48:06:568
wavfile=ECC_20181015_233742_129.wav
c:
g=1
sfte=192000
cF
cN
sD: 
dP
sP
end of file treatment


tOF : 09:48:06:622
wavfile=ECC_20181016_002904_000.wav
c:
g=1
sfte=192000
cF
cN
sD: 
dP
sP
end of file treatment


tOF : 09:48:06:700
wavfile=ECC_20181016_032904_000.wav
c:
g=1
sfte=192000
cF
cN
sD: 
dP
sP
end of file treatment


tOF : 09:48:06:767
wavfile=ECC_20181016_062904_000.wav
c:
g=1
sfte=192000
cF
cN
sD: 
dP
sP
end of file treatment


tOF : 09:48:06:848
wavfile=ECC_20181016_174451_548.wav
c:
g=1
sfte=192000
cF
cN
sD: 
dP
sP
end of file treatment


tOF : 09:48:06:909
wavfile=ECC_20181016_180741_316.wav
c:
g=1
sfte=192000
cF
cN
sD: 
dP
sP
end of file treatment


tOF : 09:48:07:005
wavfile=ECC_20181016_185103_860.wav
c:
g=1
sfte=192000
cF
cN
sD: 
dP
sP
end of file treatment


tOF : 09:48:07:083
wavfile=ECC_20181016_185449_581.wav
c:
g=1
sfte=192000
cF
cN
sD: 
dP
sP
end of file treatment


tOF : 09:48:07:281
wavfile=ECC_20181016_190929_531.wav
c:
g=1
sfte=192000
cF
cN
sD: 
dP
sP
end of file treatment


tOF : 09:48:07:463
wavfile=ECC_20181016_191404_549.wav
c:
g=1
sfte=192000
cF
cN
sD: 
dP
sP
end of file treatment


tOF : 09:48:07:531
wavfile=ECC_20181016_191457_956.wav
c:
g=1
sfte=192000
cF
cN
sD: 
dP
sP
end of file treatment


tOF : 09:48:07:621
wavfile=ECC_20181016_191602_589.wav
c:
g=1
sfte=192000
cF
cN
sD: 
dP
sP
end of file treatment


tOF : 09:48:07:691
wavfile=ECC_20181016_191632_401.wav
c:
g=1
sfte=192000
cF
cN
sD: 
dP
sP
end of file treatment


tOF : 09:48:07:783
wavfile=ECC_20181016_191745_665.wav
c:
g=1
sfte=192000
cF
cN
sD: 
dP
sP
end of file treatment


tOF : 09:48:07:839
wavfile=ECC_20181016_193858_400.wav
c:
g=1
sfte=192000
cF
cN
sD: 
dP
sP
end of file treatment


tOF : 09:48:07:923
wavfile=ECC_20181016_202610_085.wav
c:
g=1
sfte=192000
cF
cN
sD: 
dP
sP
end of file treatment


tOF : 09:48:07:981
wavfile=ECC_20181016_205041_541.wav
c:
g=1
sfte=192000
cF
cN
sD: 
dP
sP
end of file treatment


tOF : 09:48:08:036
wavfile=ECC_20181016_210132_519.wav
c:
g=1
sfte=192000
cF
cN
sD: 
dP
sP
end of file treatment


tOF : 09:48:08:098
wavfile=ECC_20181016_210209_697.wav
c:
g=1
sfte=192000
cF
cN
sD: 
dP
sP
end of file treatment


tOF : 09:48:08:152
wavfile=ECC_20181016_210307_496.wav
c:
g=1
sfte=192000
cF
cN
sD: 
dP
sP
end of file treatment


tOF : 09:48:08:249
wavfile=ECC_20181016_210403_376.wav
c:
g=1
sfte=192000
cF
cN
sD: 
dP
sP
end of file treatment


tOF : 09:48:08:319
wavfile=ECC_20181016_210450_641.wav
c:
g=1
sfte=192000
cF
cN
sD: 
dP
sP
end of file treatment


tOF : 09:48:08:419
wavfile=ECC_20181016_210519_776.wav
c:
g=1
sfte=192000
cF
cN
sD: 
dP
sP
end of file treatment


tOF : 09:48:08:518
wavfile=ECC_20181016_210553_964.wav
c:
g=1
sfte=192000
cF
cN
sD: 
dP
sP
end of file treatment


tOF : 09:48:08:583
wavfile=ECC_20181016_210626_653.wav
c:
g=1
sfte=192000
cF
cN
sD: 
dP
sP
end of file treatment


tOF : 09:48:08:643
wavfile=ECC_20181016_210650_852.wav
c:
g=1
sfte=192000
cF
cN
sD: 
dP
sP
end of file treatment


tOF : 09:48:08:715
wavfile=ECC_20181016_210725_661.wav
c:
g=1
sfte=192000
cF
cN
sD: 
dP
sP
end of file treatment


tOF : 09:48:08:782
wavfile=ECC_20181016_210807_109.wav
c:
g=1
sfte=192000
cF
cN
sD: 
dP
sP
end of file treatment


tOF : 09:48:08:856
wavfile=ECC_20181016_210830_968.wav
c:
g=1
sfte=192000
cF
cN
sD: 
dP
sP
end of file treatment


tOF : 09:48:08:914
wavfile=ECC_20181016_210902_933.wav
c:
g=1
sfte=192000
cF
cN
sD: 
dP
sP
end of file treatment


tOF : 09:48:08:979
wavfile=ECC_20181016_210929_369.wav
c:
g=1
sfte=192000
cF
cN
sD: 
dP
sP
end of file treatment


tOF : 09:48:09:041
wavfile=ECC_20181016_211005_676.wav
c:
g=1
sfte=192000
cF
cN
sD: 
dP
sP
end of file treatment


tOF : 09:48:09:096
wavfile=ECC_20181016_211033_360.wav
c:
g=1
sfte=192000
cF
cN
sD: 
dP
sP
end of file treatment


tOF : 09:48:09:155
wavfile=ECC_20181016_211100_268.wav
c:
g=1
sfte=192000
cF
cN
sD: 
dP
sP
end of file treatment


tOF : 09:48:09:241
wavfile=ECC_20181016_211137_256.wav
c:
g=1
sfte=192000
cF
cN
sD: 
dP
sP
end of file treatment


tOF : 09:48:09:298
wavfile=ECC_20181016_211204_964.wav
c:
g=1
sfte=192000
cF
cN
sD: 
dP
sP
end of file treatment


tOF : 09:48:09:373
wavfile=ECC_20181016_211257_795.wav
c:
g=1
sfte=192000
cF
cN
sD: 
dP
sP
end of file treatment


tOF : 09:48:09:436
wavfile=ECC_20181016_211328_083.wav
c:
g=1
sfte=192000
cF
cN
sD: 
dP
sP
end of file treatment


tOF : 09:48:09:518
wavfile=ECC_20181016_211356_809.wav
c:
g=1
sfte=192000
cF
cN
sD: 
dP
sP
end of file treatment


tOF : 09:48:09:592
wavfile=ECC_20181016_211427_561.wav
c:
g=1
sfte=192000
cF
cN
sD: 
dP
sP
end of file treatment


tOF : 09:48:09:658
wavfile=ECC_20181016_211455_536.wav
c:
g=1
sfte=192000
cF
cN
sD: 
dP
sP
end of file treatment


tOF : 09:48:09:719
wavfile=ECC_20181016_211520_259.wav
c:
g=1
sfte=192000
cF
cN
sD: 
dP
sP
end of file treatment


tOF : 09:48:09:785
wavfile=ECC_20181016_211551_817.wav
c:
g=1
sfte=192000
cF
cN
sD: 
dP
sP
end of file treatment


tOF : 09:48:09:845
wavfile=ECC_20181016_211616_501.wav
c:
g=1
sfte=192000
cF
cN
sD: 
dP
sP
end of file treatment


tOF : 09:48:09:918
wavfile=ECC_20181016_211654_155.wav
c:
g=1
sfte=192000
cF
cN
sD: 
dP
sP
end of file treatment


tOF : 09:48:09:992
wavfile=ECC_20181016_211721_629.wav
c:
g=1
sfte=192000
cF
cN
sD: 
dP
sP
end of file treatment


tOF : 09:48:10:049
wavfile=ECC_20181016_211750_401.wav
c:
g=1
sfte=192000
cF
cN
sD: 
dP
sP
end of file treatment


tOF : 09:48:10:109
wavfile=ECC_20181016_211818_448.wav
c:
g=1
sfte=192000
cF
cN
sD: 
dP
sP
end of file treatment


tOF : 09:48:10:210
wavfile=ECC_20181016_211846_980.wav
c:
g=1
sfte=192000
cF
cN
sD: 
dP
sP
end of file treatment


tOF : 09:48:10:287
wavfile=ECC_20181016_211928_716.wav
c:
g=1
sfte=192000
cF
cN
sD: 
dP
sP
end of file treatment


tOF : 09:48:10:360
wavfile=ECC_20181016_212017_779.wav
c:
g=1
sfte=192000
cF
cN
sD: 
dP
sP
end of file treatment


tOF : 09:48:10:415
wavfile=ECC_20181016_212205_347.wav
c:
g=1
sfte=192000
cF
cN
sD: 
dP
sP
end of file treatment


tOF : 09:48:10:485
wavfile=ECC_20181016_212240_040.wav
c:
g=1
sfte=192000
cF
cN
sD: 
dP
sP
end of file treatment


tOF : 09:48:10:551
wavfile=ECC_20181016_212313_772.wav
c:
g=1
sfte=192000
cF
cN
sD: 
dP
sP
end of file treatment


tOF : 09:48:10:613
wavfile=ECC_20181016_212339_575.wav
c:
g=1
sfte=192000
cF
cN
sD: 
dP
sP
end of file treatment


tOF : 09:48:10:670
wavfile=ECC_20181016_212403_423.wav
c:
g=1
sfte=192000
cF
cN
sD: 
dP
sP
end of file treatment


tOF : 09:48:10:728
wavfile=ECC_20181016_212428_088.wav
c:
g=1
sfte=192000
cF
cN
sD: 
dP
sP
end of file treatment


tOF : 09:48:10:790
wavfile=ECC_20181016_212453_433.wav
c:
g=1
sfte=192000
cF
cN
sD: 
dP
sP
end of file treatment


tOF : 09:48:10:870
wavfile=ECC_20181016_212516_529.wav
c:
g=1
sfte=192000
cF
cN
sD: 
dP
sP
end of file treatment


tOF : 09:48:10:932
wavfile=ECC_20181016_212549_663.wav
c:
g=1
sfte=192000
cF
cN
sD: 
dP
sP
end of file treatment


tOF : 09:48:10:992
wavfile=ECC_20181016_212654_803.wav
c:
g=1
sfte=192000
cF
cN
sD: 
dP
sP
end of file treatment


tOF : 09:48:11:052
wavfile=ECC_20181016_212820_613.wav
c:
g=1
sfte=192000
cF
cN
sD: 
dP
sP
end of file treatment


tOF : 09:48:11:106
wavfile=ECC_20181016_213033_817.wav
c:
g=1
sfte=192000
cF
cN
sD: 
dP
sP
end of file treatment


tOF : 09:48:11:168
wavfile=ECC_20181016_213554_269.wav
c:
g=1
sfte=192000
cF
cN
sD: 
dP
sP
end of file treatment


tOF : 09:48:11:238
wavfile=ECC_20181016_213658_657.wav
c:
g=1
sfte=192000
cF
cN
sD: 
dP
sP
end of file treatment


tOF : 09:48:11:306
wavfile=ECC_20181016_215047_317.wav
c:
g=1
sfte=192000
cF
cN
sD: 
dP
sP
end of file treatment


tOF : 09:48:11:381
wavfile=ECC_20181016_231242_672.wav
c:
g=1
sfte=192000
cF
cN
sD: 
dP
sP
end of file treatment


tOF : 09:48:11:438
wavfile=ECC_20181016_231902_176.wav
c:
g=1
sfte=192000
cF
cN
sD: 
dP
sP
end of file treatment


tOF : 09:48:11:531
wavfile=ECC_20181016_232144_455.wav
c:
g=1
sfte=192000
cF
cN
sD: 
dP
sP
end of file treatment


tOF : 09:48:11:650
wavfile=ECC_20181016_232306_543.wav
c:
g=1
sfte=192000
cF
cN
sD: 
dP
sP
end of file treatment


tOF : 09:48:11:748
wavfile=ECC_20181016_232335_369.wav
c:
g=1
sfte=192000
cF
cN
sD: 
dP
sP
end of file treatment


tOF : 09:48:11:798
wavfile=ECC_20181016_232507_472.wav
c:
g=1
sfte=192000
cF
cN
sD: 
dP
sP
end of file treatment


tOF : 09:48:11:906
wavfile=ECC_20181016_232542_768.wav
c:
g=1
sfte=192000
cF
cN
sD: 
dP
sP
end of file treatment


tOF : 09:48:12:024
wavfile=ECC_20181016_234009_699.wav
c:
g=1
sfte=192000
cF
cN
sD: 
dP
sP
end of file treatment


tOF : 09:48:12:096
wavfile=ECC_20181016_235043_773.wav
c:
g=1
sfte=192000
cF
cN
sD: 
dP
sP
end of file treatment


tOF : 09:48:12:179
wavfile=ECC_20181016_235257_636.wav
c:
g=1
sfte=192000
cF
cN
sD: 
dP
sP
end of file treatment


tOF : 09:48:12:236
wavfile=ECC_20181016_235353_457.wav
c:
g=1
sfte=192000
cF
cN
sD: 
dP
sP
end of file treatment


tOF : 09:48:12:294
wavfile=ECC_20181016_235557_867.wav
c:
g=1
sfte=192000
cF
cN
sD: 
dP
sP
end of file treatment


tOF : 09:48:12:356
wavfile=ECC_20181016_235722_543.wav
c:
g=1
sfte=192000
cF
cN
sD: 
dP
sP
end of file treatment


tOF : 09:48:12:419
wavfile=ECC_20181016_235830_033.wav
c:
g=1
sfte=192000
cF
cN
sD: 
dP
sP
end of file treatment


tOF : 09:48:12:483
wavfile=ECC_20181017_000037_955.wav
c:
g=1
sfte=192000
cF
cN
sD: 
dP
sP
end of file treatment


tOF : 09:48:12:564
wavfile=ECC_20181017_000225_604.wav
c:
g=1
sfte=192000
cF
cN
sD: 
dP
sP
end of file treatment


tOF : 09:48:12:627
wavfile=ECC_20181017_000303_705.wav
c:
g=1
sfte=192000
cF
cN
sD: 
dP
sP
end of file treatment


tOF : 09:48:12:690
wavfile=ECC_20181017_000348_692.wav
c:
g=1
sfte=192000
cF
cN
sD: 
dP
sP
end of file treatment


tOF : 09:48:12:746
wavfile=ECC_20181017_000825_468.wav
c:
g=1
sfte=192000
cF
cN
sD: 
dP
sP
end of file treatment


tOF : 09:48:12:812
wavfile=ECC_20181017_001021_036.wav
c:
g=1
sfte=192000
cF
cN
sD: 
dP
sP
end of file treatment


tOF : 09:48:12:865
wavfile=ECC_20181017_001211_491.wav
c:
g=1
sfte=192000
cF
cN
sD: 
dP
sP
end of file treatment


tOF : 09:48:12:925
wavfile=ECC_20181017_001256_627.wav
c:
g=1
sfte=192000
cF
cN
sD: 
dP
sP
end of file treatment


tOF : 09:48:12:994
wavfile=ECC_20181017_001327_448.wav
c:
g=1
sfte=192000
cF
cN
sD: 
dP
sP
end of file treatment


tOF : 09:48:13:096
wavfile=ECC_20181017_001357_600.wav
c:
g=1
sfte=192000
cF
cN
sD: 
dP
sP
end of file treatment


tOF : 09:48:13:167
wavfile=ECC_20181017_001436_767.wav
c:
g=1
sfte=192000
cF
cN
sD: 
dP
sP
end of file treatment


tOF : 09:48:13:234
wavfile=ECC_20181017_001516_476.wav
c:
g=1
sfte=192000
cF
cN
sD: 
dP
sP
end of file treatment


tOF : 09:48:13:300
wavfile=ECC_20181017_001609_504.wav
c:
g=1
sfte=192000
cF
cN
sD: 
dP
sP
end of file treatment


tOF : 09:48:13:365
wavfile=ECC_20181017_001650_709.wav
c:
g=1
sfte=192000
cF
cN
sD: 
dP
sP
end of file treatment


tOF : 09:48:13:427
wavfile=ECC_20181017_001731_143.wav
c:
g=1
sfte=192000
cF
cN
sD: 
dP
sP
end of file treatment


tOF : 09:48:13:488
wavfile=ECC_20181017_001828_403.wav
c:
g=1
sfte=192000
cF
cN
sD: 
dP
sP
end of file treatment


tOF : 09:48:13:631
wavfile=ECC_20181017_002651_192.wav
c:
g=1
sfte=192000
cF
cN
sD: 
dP
sP
end of file treatment


tOF : 09:48:13:698
wavfile=ECC_20181017_002952_851.wav
c:
g=1
sfte=192000
cF
cN
sD: 
dP
sP
end of file treatment


tOF : 09:48:13:764
wavfile=ECC_20181017_003056_083.wav
c:
g=1
sfte=192000
cF
cN
sD: 
dP
sP
end of file treatment


tOF : 09:48:13:822
wavfile=ECC_20181017_003134_052.wav
c:
g=1
sfte=192000
cF
cN
sD: 
dP
sP
end of file treatment


tOF : 09:48:13:879
wavfile=ECC_20181017_003205_913.wav
c:
g=1
sfte=192000
cF
cN
sD: 
dP
sP
end of file treatment


tOF : 09:48:13:947
wavfile=ECC_20181017_003248_749.wav
c:
g=1
sfte=192000
cF
cN
sD: 
dP
sP
end of file treatment


tOF : 09:48:14:031
wavfile=ECC_20181017_003311_073.wav
c:
g=1
sfte=192000
cF
cN
sD: 
dP
sP
end of file treatment


tOF : 09:48:14:084
wavfile=ECC_20181017_003336_459.wav
c:
g=1
sfte=192000
cF
cN
sD: 
dP
sP
end of file treatment


tOF : 09:48:14:151
wavfile=ECC_20181017_003403_688.wav
c:
g=1
sfte=192000
cF
cN
sD: 
dP
sP
end of file treatment


tOF : 09:48:14:214
wavfile=ECC_20181017_003434_031.wav
c:
g=1
sfte=192000
cF
cN
sD: 
dP
sP
end of file treatment


tOF : 09:48:14:275
wavfile=ECC_20181017_003507_576.wav
c:
g=1
sfte=192000
cF
cN
sD: 
dP
sP
end of file treatment


tOF : 09:48:14:353
wavfile=ECC_20181017_003534_551.wav
c:
g=1
sfte=192000
cF
cN
sD: 
dP
sP
end of file treatment


tOF : 09:48:14:412
wavfile=ECC_20181017_003600_571.wav
c:
g=1
sfte=192000
cF
cN
sD: 
dP
sP
end of file treatment


tOF : 09:48:14:480
wavfile=ECC_20181017_003626_936.wav
c:
g=1
sfte=192000
cF
cN
sD: 
dP
sP
end of file treatment


tOF : 09:48:14:538
wavfile=ECC_20181017_003653_951.wav
c:
g=1
sfte=192000
cF
cN
sD: 
dP
sP
end of file treatment


tOF : 09:48:14:591
wavfile=ECC_20181017_003720_217.wav
c:
g=1
sfte=192000
cF
cN
sD: 
dP
sP
end of file treatment


tOF : 09:48:14:658
wavfile=ECC_20181017_003745_952.wav
c:
g=1
sfte=192000
cF
cN
sD: 
dP
sP
end of file treatment


tOF : 09:48:14:729
wavfile=ECC_20181017_003811_541.wav
c:
g=1
sfte=192000
cF
cN
sD: 
dP
sP
end of file treatment


tOF : 09:48:14:803
wavfile=ECC_20181017_003835_413.wav
c:
g=1
sfte=192000
cF
cN
sD: 
dP
sP
end of file treatment


tOF : 09:48:14:867
wavfile=ECC_20181017_003859_800.wav
c:
g=1
sfte=192000
cF
cN
sD: 
dP
sP
end of file treatment


tOF : 09:48:14:928
wavfile=ECC_20181017_003925_161.wav
c:
g=1
sfte=192000
cF
cN
sD: 
dP
sP
end of file treatment


tOF : 09:48:15:012
wavfile=ECC_20181017_003950_391.wav
c:
g=1
sfte=192000
cF
cN
sD: 
dP
sP
end of file treatment


tOF : 09:48:15:078
wavfile=ECC_20181017_004016_907.wav
c:
g=1
sfte=192000
cF
cN
sD: 
dP
sP
end of file treatment


tOF : 09:48:15:142
wavfile=ECC_20181017_004039_679.wav
c:
g=1
sfte=192000
cF
cN
sD: 
dP
sP
end of file treatment


tOF : 09:48:15:212
wavfile=ECC_20181017_004102_483.wav
c:
g=1
sfte=192000
cF
cN
sD: 
dP
sP
end of file treatment


tOF : 09:48:15:282
wavfile=ECC_20181017_004127_771.wav
c:
g=1
sfte=192000
cF
cN
sD: 
dP
sP
end of file treatment


tOF : 09:48:15:361
wavfile=ECC_20181017_004154_737.wav
c:
g=1
sfte=192000
cF
cN
sD: 
dP
sP
end of file treatment


tOF : 09:48:15:427
wavfile=ECC_20181017_004221_179.wav
c:
g=1
sfte=192000
cF
cN
sD: 
dP
sP
end of file treatment


tOF : 09:48:15:501
wavfile=ECC_20181017_004249_133.wav
c:
g=1
sfte=192000
cF
cN
sD: 
dP
sP
end of file treatment


tOF : 09:48:15:565
wavfile=ECC_20181017_004316_781.wav
c:
g=1
sfte=192000
cF
cN
sD: 
dP
sP
end of file treatment


tOF : 09:48:15:652
wavfile=ECC_20181017_004344_132.wav
c:
g=1
sfte=192000
cF
cN
sD: 
dP
sP
end of file treatment


tOF : 09:48:15:721
wavfile=ECC_20181017_004411_047.wav
c:
g=1
sfte=192000
cF
cN
sD: 
dP
sP
end of file treatment


tOF : 09:48:15:777
wavfile=ECC_20181017_004438_300.wav
c:
g=1
sfte=192000
cF
cN
sD: 
dP
sP
end of file treatment


tOF : 09:48:15:834
wavfile=ECC_20181017_004505_592.wav
c:
g=1
sfte=192000
cF
cN
sD: 
dP
sP
end of file treatment


tOF : 09:48:15:894
wavfile=ECC_20181017_004533_309.wav
c:
g=1
sfte=192000
cF
cN
sD: 
dP
sP
end of file treatment


tOF : 09:48:15:963
wavfile=ECC_20181017_004559_728.wav
c:
g=1
sfte=192000
cF
cN
sD: 
dP
sP
end of file treatment


tOF : 09:48:16:033
wavfile=ECC_20181017_004629_823.wav
c:
g=1
sfte=192000
cF
cN
sD: 
dP
sP
end of file treatment


tOF : 09:48:16:161
wavfile=ECC_20181017_004703_839.wav
c:
g=1
sfte=192000
cF
cN
sD: 
dP
sP
end of file treatment


tOF : 09:48:16:219
wavfile=ECC_20181017_004744_611.wav
c:
g=1
sfte=192000
cF
cN
sD: 
dP
sP
end of file treatment


tOF : 09:48:16:293
wavfile=ECC_20181017_004819_840.wav
c:
g=1
sfte=192000
cF
cN
sD: 
dP
sP
end of file treatment


tOF : 09:48:16:360
wavfile=ECC_20181017_004855_281.wav
c:
g=1
sfte=192000
cF
cN
sD: 
dP
sP
end of file treatment


tOF : 09:48:16:429
wavfile=ECC_20181017_004927_167.wav
c:
g=1
sfte=192000
cF
cN
sD: 
dP
sP
end of file treatment


tOF : 09:48:16:495
wavfile=ECC_20181017_005137_077.wav
c:
g=1
sfte=192000
cF
cN
sD: 
dP
sP
end of file treatment


tOF : 09:48:16:565
wavfile=ECC_20181017_005727_800.wav
c:
g=1
sfte=192000
cF
cN
sD: 
dP
sP
end of file treatment


tOF : 09:48:16:634
wavfile=ECC_20181017_005808_819.wav
c:
g=1
sfte=192000
cF
cN
sD: 
dP
sP
end of file treatment


tOF : 09:48:16:704
wavfile=ECC_20181017_005846_657.wav
c:
g=1
sfte=192000
cF
cN
sD: 
dP
sP
end of file treatment


tOF : 09:48:16:766
wavfile=ECC_20181017_005945_732.wav
c:
g=1
sfte=192000
cF
cN
sD: 
dP
sP
end of file treatment


tOF : 09:48:16:826
wavfile=ECC_20181017_010028_081.wav
c:
g=1
sfte=192000
cF
cN
sD: 
dP
sP
end of file treatment


tOF : 09:48:16:893
wavfile=ECC_20181017_010059_549.wav
c:
g=1
sfte=192000
cF
cN
sD: 
dP
sP
end of file treatment


tOF : 09:48:16:968
wavfile=ECC_20181017_010709_868.wav
c:
g=1
sfte=192000
cF
cN
sD: 
dP
sP
end of file treatment


tOF : 09:48:17:036
wavfile=ECC_20181017_012704_000.wav
c:
g=1
sfte=192000
cF
cN
sD: 
dP
sP
end of file treatment


tOF : 09:48:17:100
wavfile=ECC_20181017_025012_751.wav
c:
g=1
sfte=192000
cF
cN
sD: 
dP
sP
end of file treatment


tOF : 09:48:17:243
wavfile=ECC_20181017_032704_000.wav
c:
g=1
sfte=192000
cF
cN
sD: 
dP
sP
end of file treatment


tOF : 09:48:17:309
wavfile=ECC_20181017_042042_947.wav
c:
g=1
sfte=192000
cF
cN
sD: 
dP
sP
end of file treatment


tOF : 09:48:17:371
wavfile=ECC_20181017_042333_828.wav
c:
g=1
sfte=192000
cF
cN
sD: 
dP
sP
end of file treatment


tOF : 09:48:17:443
wavfile=ECC_20181017_042540_232.wav
c:
g=1
sfte=192000
cF
cN
sD: 
dP
sP
end of file treatment


tOF : 09:48:17:503
wavfile=ECC_20181017_042640_904.wav
c:
g=1
sfte=192000
cF
cN
sD: 
dP
sP
end of file treatment


tOF : 09:48:17:579
wavfile=ECC_20181017_043131_635.wav
c:
g=1
sfte=192000
cF
cN
sD: 
dP
sP
end of file treatment


tOF : 09:48:17:636
wavfile=ECC_20181017_043214_383.wav
c:
g=1
sfte=192000
cF
cN
sD: 
dP
sP
end of file treatment


tOF : 09:48:17:700
wavfile=ECC_20181017_043306_844.wav
c:
g=1
sfte=192000
cF
cN
sD: 
dP
sP
end of file treatment


tOF : 09:48:17:767
wavfile=ECC_20181017_043421_423.wav
c:
g=1
sfte=192000
cF
cN
sD: 
dP
sP
end of file treatment


tOF : 09:48:17:824
wavfile=ECC_20181017_043739_704.wav
c:
g=1
sfte=192000
cF
cN
sD: 
dP
sP
end of file treatment


tOF : 09:48:17:890
wavfile=ECC_20181017_043900_029.wav
c:
g=1
sfte=192000
cF
cN
sD: 
dP
sP
end of file treatment


tOF : 09:48:17:950
wavfile=ECC_20181017_044404_219.wav
c:
g=1
sfte=192000
cF
cN
sD: 
dP
sP
end of file treatment


tOF : 09:48:18:015
wavfile=ECC_20181017_045446_040.wav
c:
g=1
sfte=192000
cF
cN
sD: 
dP
sP
end of file treatment


tOF : 09:48:18:073
wavfile=ECC_20181017_062704_000.wav
c:
g=1
sfte=192000
cF
cN
sD: 
dP
sP
end of file treatment


tOF : 09:48:18:150
wavfile=ECC_20181017_173000_265.wav
c:
g=1
sfte=192000
cF
cN
sD: 
dP
sP
end of file treatment


tOF : 09:48:18:272
wavfile=ECC_20181017_173958_688.wav
c:
g=1
sfte=192000
cF
cN
sD: 
dP
sP
end of file treatment


tOF : 09:48:18:346
wavfile=ECC_20181017_174110_169.wav
c:
g=1
sfte=192000
cF
cN
sD: 
dP
sP
end of file treatment


tOF : 09:48:18:411
wavfile=ECC_20181017_174229_340.wav
c:
g=1
sfte=192000
cF
cN
sD: 
dP
sP
end of file treatment


tOF : 09:48:18:476
wavfile=ECC_20181017_174329_899.wav
c:
g=1
sfte=192000
cF
cN
sD: 
dP
sP
end of file treatment


tOF : 09:48:18:547
wavfile=ECC_20181017_174616_949.wav
c:
g=1
sfte=192000
cF
cN
sD: 
dP
sP
end of file treatment


tOF : 09:48:18:667
wavfile=ECC_20181017_174809_071.wav
c:
g=1
sfte=192000
cF
cN
sD: 
dP
sP
end of file treatment


tOF : 09:48:18:733
wavfile=ECC_20181017_174930_484.wav
c:
g=1
sfte=192000
cF
cN
sD: 
dP
sP
end of file treatment


tOF : 09:48:18:790
wavfile=ECC_20181017_175213_497.wav
c:
g=1
sfte=192000
cF
cN
sD: 
dP
sP
end of file treatment


tOF : 09:48:18:850
wavfile=ECC_20181017_175329_224.wav
c:
g=1
sfte=192000
cF
cN
sD: 
dP
sP
end of file treatment


tOF : 09:48:18:913
wavfile=ECC_20181017_175404_000.wav
c:
g=1
sfte=192000
cF
cN
sD: 
dP
sP
end of file treatment


tOF : 09:48:18:975
wavfile=ECC_20181017_175435_379.wav
c:
g=1
sfte=192000
cF
cN
sD: 
dP
sP
end of file treatment


tOF : 09:48:19:066
wavfile=ECC_20181017_175511_923.wav
c:
g=1
sfte=192000
cF
cN
sD: 
dP
sP
end of file treatment


tOF : 09:48:19:148
wavfile=ECC_20181017_175553_965.wav
c:
g=1
sfte=192000
cF
cN
sD: 
dP
sP
end of file treatment


tOF : 09:48:19:214
wavfile=ECC_20181017_175643_725.wav
c:
g=1
sfte=192000
cF
cN
sD: 
dP
sP
end of file treatment


tOF : 09:48:19:272
wavfile=ECC_20181017_175722_580.wav
c:
g=1
sfte=192000
cF
cN
sD: 
dP
sP
end of file treatment


tOF : 09:48:19:337
wavfile=ECC_20181017_175801_433.wav
c:
g=1
sfte=192000
cF
cN
sD: 
dP
sP
end of file treatment


tOF : 09:48:19:551
wavfile=ECC_20181017_175832_271.wav
c:
g=1
sfte=192000
cF
cN
sD: 
dP
sP
end of file treatment


tOF : 09:48:19:734
wavfile=ECC_20181017_175911_141.wav
c:
g=1
sfte=192000
cF
cN
sD: 
dP
sP
end of file treatment


tOF : 09:48:19:795
wavfile=ECC_20181017_175958_708.wav
c:
g=1
sfte=192000
cF
cN
sD: 
dP
sP
end of file treatment


tOF : 09:48:19:852
wavfile=ECC_20181017_180211_428.wav
c:
g=1
sfte=192000
cF
cN
sD: 
dP
sP
end of file treatment


tOF : 09:48:19:917
wavfile=ECC_20181017_180430_669.wav
c:
g=1
sfte=192000
cF
cN
sD: 
dP
sP
end of file treatment


tOF : 09:48:19:974
wavfile=ECC_20181017_181104_103.wav
c:
g=1
sfte=192000
cF
cN
sD: 
dP
sP
end of file treatment


tOF : 09:48:20:040
wavfile=ECC_20181017_182404_000.wav
c:
g=1
sfte=192000
cF
cN
sD: 
dP
sP
end of file treatment


tOF : 09:48:20:139
wavfile=ECC_20181017_182833_027.wav
c:
g=1
sfte=192000
cF
cN
sD: 
dP
sP
end of file treatment


tOF : 09:48:20:206
wavfile=ECC_20181017_182946_752.wav
c:
g=1
sfte=192000
cF
cN
sD: 
dP
sP
end of file treatment


tOF : 09:48:20:278
wavfile=ECC_20181017_183125_913.wav
c:
g=1
sfte=192000
cF
cN
sD: 
dP
sP
end of file treatment


tOF : 09:48:20:366
wavfile=ECC_20181017_183214_865.wav
c:
g=1
sfte=192000
cF
cN
sD: 
dP
sP
end of file treatment


tOF : 09:48:20:431
wavfile=ECC_20181017_183639_524.wav
c:
g=1
sfte=192000
cF
cN
sD: 
dP
sP
end of file treatment


tOF : 09:48:20:493
wavfile=ECC_20181017_183723_445.wav
c:
g=1
sfte=192000
cF
cN
sD: 
dP
sP
end of file treatment


tOF : 09:48:20:551
wavfile=ECC_20181017_183828_615.wav
c:
g=1
sfte=192000
cF
cN
sD: 
dP
sP
end of file treatment


tOF : 09:48:20:635
wavfile=ECC_20181017_183938_441.wav
c:
g=1
sfte=192000
cF
cN
sD: 
dP
sP
end of file treatment


tOF : 09:48:20:692
wavfile=ECC_20181017_184016_487.wav
c:
g=1
sfte=192000
cF
cN
sD: 
dP
sP
end of file treatment


tOF : 09:48:20:766
wavfile=ECC_20181017_184056_476.wav
c:
g=1
sfte=192000
cF
cN
sD: 
dP
sP
end of file treatment


tOF : 09:48:20:829
wavfile=ECC_20181017_184136_637.wav
c:
g=1
sfte=192000
cF
cN
sD: 
dP
sP
end of file treatment


tOF : 09:48:20:896
wavfile=ECC_20181017_184209_187.wav
c:
g=1
sfte=192000
cF
cN
sD: 
dP
sP
end of file treatment


tOF : 09:48:20:971
wavfile=ECC_20181017_184242_133.wav
c:
g=1
sfte=192000
cF
cN
sD: 
dP
sP
end of file treatment


tOF : 09:48:21:041
wavfile=ECC_20181017_184313_815.wav
c:
g=1
sfte=192000
cF
cN
sD: 
dP
sP
end of file treatment


tOF : 09:48:21:168
wavfile=ECC_20181017_184349_700.wav
c:
g=1
sfte=192000
cF
cN
sD: 
dP
sP
end of file treatment


tOF : 09:48:21:251
wavfile=ECC_20181017_184428_025.wav
c:
g=1
sfte=192000
cF
cN
sD: 
dP
sP
end of file treatment


tOF : 09:48:21:316
wavfile=ECC_20181017_184502_416.wav
c:
g=1
sfte=192000
cF
cN
sD: 
dP
sP
end of file treatment


tOF : 09:48:21:380
wavfile=ECC_20181017_184537_513.wav
c:
g=1
sfte=192000
cF
cN
sD: 
dP
sP
end of file treatment


tOF : 09:48:21:448
wavfile=ECC_20181017_184617_149.wav
c:
g=1
sfte=192000
cF
cN
sD: 
dP
sP
end of file treatment


tOF : 09:48:21:510
wavfile=ECC_20181017_184657_945.wav
c:
g=1
sfte=192000
cF
cN
sD: 
dP
sP
end of file treatment


tOF : 09:48:21:586
wavfile=ECC_20181017_184731_775.wav
c:
g=1
sfte=192000
cF
cN
sD: 
dP
sP
end of file treatment


tOF : 09:48:21:657
wavfile=ECC_20181017_184823_573.wav
c:
g=1
sfte=192000
cF
cN
sD: 
dP
sP
end of file treatment


tOF : 09:48:21:723
wavfile=ECC_20181017_184905_509.wav
c:
g=1
sfte=192000
cF
cN
sD: 
dP
sP
end of file treatment


tOF : 09:48:21:782
wavfile=ECC_20181017_184948_852.wav
c:
g=1
sfte=192000
cF
cN
sD: 
dP
sP
end of file treatment


tOF : 09:48:21:848
wavfile=ECC_20181017_185051_787.wav
c:
g=1
sfte=192000
cF
cN
sD: 
dP
sP
end of file treatment


tOF : 09:48:21:911
wavfile=ECC_20181017_185141_653.wav
c:
g=1
sfte=192000
cF
cN
sD: 
dP
sP
end of file treatment


tOF : 09:48:21:967
wavfile=ECC_20181017_185504_961.wav
c:
g=1
sfte=192000
cF
cN
sD: 
dP
sP
end of file treatment


tOF : 09:48:22:037
wavfile=ECC_20181017_185604_907.wav
c:
g=1
sfte=192000
cF
cN
sD: 
dP
sP
end of file treatment


tOF : 09:48:22:099
wavfile=ECC_20181017_190114_240.wav
c:
g=1
sfte=192000
cF
cN
sD: 
dP
sP
end of file treatment


tOF : 09:48:22:157
wavfile=ECC_20181017_190147_897.wav
c:
g=1
sfte=192000
cF
cN
sD: 
dP
sP
end of file treatment


tOF : 09:48:22:219
wavfile=ECC_20181017_190919_648.wav
c:
g=1
sfte=192000
cF
cN
sD: 
dP
sP
end of file treatment


tOF : 09:48:22:381
wavfile=ECC_20181017_191141_145.wav
c:
g=1
sfte=192000
cF
cN
sD: 
dP
sP
end of file treatment


tOF : 09:48:22:447
wavfile=ECC_20181017_191225_777.wav
c:
g=1
sfte=192000
cF
cN
sD: 
dP
sP
end of file treatment


tOF : 09:48:22:511
wavfile=ECC_20181017_191328_261.wav
c:
g=1
sfte=192000
cF
cN
sD: 
dP
sP
end of file treatment


tOF : 09:48:22:580
wavfile=ECC_20181017_191513_585.wav
c:
g=1
sfte=192000
cF
cN
sD: 
dP
sP
end of file treatment


tOF : 09:48:22:677
wavfile=ECC_20181017_192228_744.wav
c:
g=1
sfte=192000
cF
cN
sD: 
dP
sP
end of file treatment


tOF : 09:48:22:736
wavfile=ECC_20181017_192338_041.wav
c:
g=1
sfte=192000
cF
cN
sD: 
dP
sP
end of file treatment


tOF : 09:48:22:798
wavfile=ECC_20181017_192406_293.wav
c:
g=1
sfte=192000
cF
cN
sD: 
dP
sP
end of file treatment


tOF : 09:48:22:868
wavfile=ECC_20181017_192510_200.wav
c:
g=1
sfte=192000
cF
cN
sD: 
dP
sP
end of file treatment


tOF : 09:48:22:927
wavfile=ECC_20181017_192545_136.wav
c:
g=1
sfte=192000
cF
cN
sD: 
dP
sP
end of file treatment


tOF : 09:48:22:992
wavfile=ECC_20181017_192903_908.wav
c:
g=1
sfte=192000
cF
cN
sD: 
dP
sP
end of file treatment


tOF : 09:48:23:054
wavfile=ECC_20181017_193036_353.wav
c:
g=1
sfte=192000
cF
cN
sD: 
dP
sP
end of file treatment


tOF : 09:48:23:151
wavfile=ECC_20181017_193216_120.wav
c:
g=1
sfte=192000
cF
cN
sD: 
dP
sP
end of file treatment


tOF : 09:48:23:216
wavfile=ECC_20181017_193253_881.wav
c:
g=1
sfte=192000
cF
cN
sD: 
dP
sP
end of file treatment


tOF : 09:48:23:280
wavfile=ECC_20181017_193344_172.wav
c:
g=1
sfte=192000
cF
cN
sD: 
dP
sP
end of file treatment


tOF : 09:48:23:343
wavfile=ECC_20181017_193420_925.wav
c:
g=1
sfte=192000
cF
cN
sD: 
dP
sP
end of file treatment


tOF : 09:48:23:401
wavfile=ECC_20181017_193456_101.wav
c:
g=1
sfte=192000
cF
cN
sD: 
dP
sP
end of file treatment


tOF : 09:48:23:464
wavfile=ECC_20181017_193542_765.wav
c:
g=1
sfte=192000
cF
cN
sD: 
dP
sP
end of file treatment


tOF : 09:48:23:531
wavfile=ECC_20181017_193651_907.wav
c:
g=1
sfte=192000
cF
cN
sD: 
dP
sP
end of file treatment


tOF : 09:48:23:660
wavfile=ECC_20181017_193724_355.wav
c:
g=1
sfte=192000
cF
cN
sD: 
dP
sP
end of file treatment


tOF : 09:48:23:746
wavfile=ECC_20181017_193758_443.wav
c:
g=1
sfte=192000
cF
cN
sD: 
dP
sP
end of file treatment


tOF : 09:48:23:851
wavfile=ECC_20181017_193839_457.wav
c:
g=1
sfte=192000
cF
cN
sD: 
dP
sP
end of file treatment


tOF : 09:48:23:927
wavfile=ECC_20181017_193958_588.wav
c:
g=1
sfte=192000
cF
cN
sD: 
dP
sP
end of file treatment


tOF : 09:48:23:983
wavfile=ECC_20181017_194035_736.wav
c:
g=1
sfte=192000
cF
cN
sD: 
dP
sP
end of file treatment


tOF : 09:48:24:046
wavfile=ECC_20181017_194108_783.wav
c:
g=1
sfte=192000
cF
cN
sD: 
dP
sP
end of file treatment


tOF : 09:48:24:135
wavfile=ECC_20181017_194142_477.wav
c:
g=1
sfte=192000
cF
cN
sD: 
dP
sP
end of file treatment


tOF : 09:48:24:198
wavfile=ECC_20181017_194205_249.wav
c:
g=1
sfte=192000
cF
cN
sD: 
dP
sP
end of file treatment


tOF : 09:48:24:259
wavfile=ECC_20181017_194233_615.wav
c:
g=1
sfte=192000
cF
cN
sD: 
dP
sP
end of file treatment


tOF : 09:48:24:322
wavfile=ECC_20181017_194303_609.wav
c:
g=1
sfte=192000
cF
cN
sD: 
dP
sP
end of file treatment


tOF : 09:48:24:391
wavfile=ECC_20181017_194335_117.wav
c:
g=1
sfte=192000
cF
cN
sD: 
dP
sP
end of file treatment


tOF : 09:48:24:452
wavfile=ECC_20181017_194410_977.wav
c:
g=1
sfte=192000
cF
cN
sD: 
dP
sP
end of file treatment


tOF : 09:48:24:512
wavfile=ECC_20181017_194440_808.wav
c:
g=1
sfte=192000
cF
cN
sD: 
dP
sP
end of file treatment


tOF : 09:48:24:575
wavfile=ECC_20181017_194513_568.wav
c:
g=1
sfte=192000
cF
cN
sD: 
dP
sP
end of file treatment


tOF : 09:48:24:638
wavfile=ECC_20181017_194548_941.wav
c:
g=1
sfte=192000
cF
cN
sD: 
dP
sP
end of file treatment


tOF : 09:48:24:702
wavfile=ECC_20181017_194633_729.wav
c:
g=1
sfte=192000
cF
cN
sD: 
dP
sP
end of file treatment


tOF : 09:48:24:776
wavfile=ECC_20181017_194718_761.wav
c:
g=1
sfte=192000
cF
cN
sD: 
dP
sP
end of file treatment


tOF : 09:48:24:831
wavfile=ECC_20181017_194917_561.wav
c:
g=1
sfte=192000
cF
cN
sD: 
dP
sP
end of file treatment


tOF : 09:48:24:908
wavfile=ECC_20181017_194951_985.wav
c:
g=1
sfte=192000
cF
cN
sD: 
dP
sP
end of file treatment


tOF : 09:48:24:965
wavfile=ECC_20181017_195028_891.wav
c:
g=1
sfte=192000
cF
cN
sD: 
dP
sP
end of file treatment


tOF : 09:48:25:088
wavfile=ECC_20181017_195105_055.wav
c:
g=1
sfte=192000
cF
cN
sD: 
dP
sP
end of file treatment


tOF : 09:48:25:159
wavfile=ECC_20181017_195137_544.wav
c:
g=1
sfte=192000
cF
cN
sD: 
dP
sP
end of file treatment


tOF : 09:48:25:214
wavfile=ECC_20181017_195208_699.wav
c:
g=1
sfte=192000
cF
cN
sD: 
dP
sP
end of file treatment


tOF : 09:48:25:275
wavfile=ECC_20181017_195242_423.wav
c:
g=1
sfte=192000
cF
cN
sD: 
dP
sP
end of file treatment


tOF : 09:48:25:351
wavfile=ECC_20181017_195317_196.wav
c:
g=1
sfte=192000
cF
cN
sD: 
dP
sP
end of file treatment


tOF : 09:48:25:422
wavfile=ECC_20181017_195350_573.wav
c:
g=1
sfte=192000
cF
cN
sD: 
dP
sP
end of file treatment


tOF : 09:48:25:480
wavfile=ECC_20181017_195420_833.wav
c:
g=1
sfte=192000
cF
cN
sD: 
dP
sP
end of file treatment


tOF : 09:48:25:539
wavfile=ECC_20181017_195456_077.wav
c:
g=1
sfte=192000
cF
cN
sD: 
dP
sP
end of file treatment


tOF : 09:48:25:626
wavfile=ECC_20181017_195529_752.wav
c:
g=1
sfte=192000
cF
cN
sD: 
dP
sP
end of file treatment


tOF : 09:48:25:693
wavfile=ECC_20181017_195605_545.wav
c:
g=1
sfte=192000
cF
cN
sD: 
dP
sP
end of file treatment


tOF : 09:48:25:773
wavfile=ECC_20181017_195642_840.wav
c:
g=1
sfte=192000
cF
cN
sD: 
dP
sP
end of file treatment


tOF : 09:48:25:838
wavfile=ECC_20181017_195721_353.wav
c:
g=1
sfte=192000
cF
cN
sD: 
dP
sP
end of file treatment


tOF : 09:48:25:900
wavfile=ECC_20181017_195756_392.wav
c:
g=1
sfte=192000
cF
cN
sD: 
dP
sP
end of file treatment


tOF : 09:48:25:960
wavfile=ECC_20181017_195834_564.wav
c:
g=1
sfte=192000
cF
cN
sD: 
dP
sP
end of file treatment


tOF : 09:48:26:025
wavfile=ECC_20181017_195909_516.wav
c:
g=1
sfte=192000
cF
cN
sD: 
dP
sP
end of file treatment


tOF : 09:48:26:087
wavfile=ECC_20181017_195946_803.wav
c:
g=1
sfte=192000
cF
cN
sD: 
dP
sP
end of file treatment


tOF : 09:48:26:210
wavfile=ECC_20181017_200035_616.wav
c:
g=1
sfte=192000
cF
cN
sD: 
dP
sP
end of file treatment


tOF : 09:48:26:272
wavfile=ECC_20181017_200119_763.wav
c:
g=1
sfte=192000
cF
cN
sD: 
dP
sP
end of file treatment


tOF : 09:48:26:347
wavfile=ECC_20181017_200155_773.wav
c:
g=1
sfte=192000
cF
cN
sD: 
dP
sP
end of file treatment


tOF : 09:48:26:440
wavfile=ECC_20181017_200236_095.wav
c:
g=1
sfte=192000
cF
cN
sD: 
dP
sP
end of file treatment


tOF : 09:48:26:501
wavfile=ECC_20181017_200310_284.wav
c:
g=1
sfte=192000
cF
cN
sD: 
dP
sP
end of file treatment


tOF : 09:48:26:567
wavfile=ECC_20181017_200344_565.wav
c:
g=1
sfte=192000
cF
cN
sD: 
dP
sP
end of file treatment


tOF : 09:48:26:636
wavfile=ECC_20181017_200416_307.wav
c:
g=1
sfte=192000
cF
cN
sD: 
dP
sP
end of file treatment


tOF : 09:48:26:722
wavfile=ECC_20181017_200448_323.wav
c:
g=1
sfte=192000
cF
cN
sD: 
dP
sP
end of file treatment


tOF : 09:48:26:785
wavfile=ECC_20181017_200525_527.wav
c:
g=1
sfte=192000
cF
cN
sD: 
dP
sP
end of file treatment


tOF : 09:48:26:855
wavfile=ECC_20181017_200558_451.wav
c:
g=1
sfte=192000
cF
cN
sD: 
dP
sP
end of file treatment


tOF : 09:48:26:921
wavfile=ECC_20181017_200630_733.wav
c:
g=1
sfte=192000
cF
cN
sD: 
dP
sP
end of file treatment


tOF : 09:48:27:005
wavfile=ECC_20181017_200704_621.wav
c:
g=1
sfte=192000
cF
cN
sD: 
dP
sP
end of file treatment


tOF : 09:48:27:076
wavfile=ECC_20181017_200735_197.wav
c:
g=1
sfte=192000
cF
cN
sD: 
dP
sP
end of file treatment


tOF : 09:48:27:164
wavfile=ECC_20181017_200810_095.wav
c:
g=1
sfte=192000
cF
cN
sD: 
dP
sP
end of file treatment


tOF : 09:48:27:230
wavfile=ECC_20181017_200841_455.wav
c:
g=1
sfte=192000
cF
cN
sD: 
dP
sP
end of file treatment


tOF : 09:48:27:313
wavfile=ECC_20181017_200911_471.wav
c:
g=1
sfte=192000
cF
cN
sD: 
dP
sP
end of file treatment


tOF : 09:48:27:379
wavfile=ECC_20181017_200942_244.wav
c:
g=1
sfte=192000
cF
cN
sD: 
dP
sP
end of file treatment


tOF : 09:48:27:442
wavfile=ECC_20181017_201013_819.wav
c:
g=1
sfte=192000
cF
cN
sD: 
dP
sP
end of file treatment


tOF : 09:48:27:524
wavfile=ECC_20181017_201044_172.wav
c:
g=1
sfte=192000
cF
cN
sD: 
dP
sP
end of file treatment


tOF : 09:48:27:581
wavfile=ECC_20181017_201117_760.wav
c:
g=1
sfte=192000
cF
cN
sD: 
dP
sP
end of file treatment


tOF : 09:48:27:638
wavfile=ECC_20181017_201149_119.wav
c:
g=1
sfte=192000
cF
cN
sD: 
dP
sP
end of file treatment


tOF : 09:48:27:703
wavfile=ECC_20181017_201222_351.wav
c:
g=1
sfte=192000
cF
cN
sD: 
dP
sP
end of file treatment


tOF : 09:48:27:770
wavfile=ECC_20181017_201256_796.wav
c:
g=1
sfte=192000
cF
cN
sD: 
dP
sP
end of file treatment


tOF : 09:48:27:844
wavfile=ECC_20181017_201335_303.wav
c:
g=1
sfte=192000
cF
cN
sD: 
dP
sP
end of file treatment


tOF : 09:48:27:909
wavfile=ECC_20181017_201415_077.wav
c:
g=1
sfte=192000
cF
cN
sD: 
dP
sP
end of file treatment


tOF : 09:48:27:979
wavfile=ECC_20181017_201451_448.wav
c:
g=1
sfte=192000
cF
cN
sD: 
dP
sP
end of file treatment


tOF : 09:48:28:041
wavfile=ECC_20181017_201531_297.wav
c:
g=1
sfte=192000
cF
cN
sD: 
dP
sP
end of file treatment


tOF : 09:48:28:111
wavfile=ECC_20181017_201618_904.wav
c:
g=1
sfte=192000
cF
cN
sD: 
dP
sP
end of file treatment


tOF : 09:48:28:198
wavfile=ECC_20181017_201700_881.wav
c:
g=1
sfte=192000
cF
cN
sD: 
dP
sP
end of file treatment


tOF : 09:48:28:260
wavfile=ECC_20181017_201737_845.wav
c:
g=1
sfte=192000
cF
cN
sD: 
dP
sP
end of file treatment


tOF : 09:48:28:326
wavfile=ECC_20181017_201810_396.wav
c:
g=1
sfte=192000
cF
cN
sD: 
dP
sP
end of file treatment


tOF : 09:48:28:411
wavfile=ECC_20181017_201854_333.wav
c:
g=1
sfte=192000
cF
cN
sD: 
dP
sP
end of file treatment


tOF : 09:48:28:473
wavfile=ECC_20181017_201937_785.wav
c:
g=1
sfte=192000
cF
cN
sD: 
dP
sP
end of file treatment


tOF : 09:48:28:532
wavfile=ECC_20181017_202019_352.wav
c:
g=1
sfte=192000
cF
cN
sD: 
dP
sP
end of file treatment


tOF : 09:48:28:602
wavfile=ECC_20181017_202102_491.wav
c:
g=1
sfte=192000
cF
cN
sD: 
dP
sP
end of file treatment


tOF : 09:48:28:679
wavfile=ECC_20181017_202141_151.wav
c:
g=1
sfte=192000
cF
cN
sD: 
dP
sP
end of file treatment


tOF : 09:48:28:778
wavfile=ECC_20181017_202219_412.wav
c:
g=1
sfte=192000
cF
cN
sD: 
dP
sP
end of file treatment


tOF : 09:48:28:842
wavfile=ECC_20181017_202258_605.wav
c:
g=1
sfte=192000
cF
cN
sD: 
dP
sP
end of file treatment


tOF : 09:48:28:911
wavfile=ECC_20181017_202330_481.wav
c:
g=1
sfte=192000
cF
cN
sD: 
dP
sP
end of file treatment


tOF : 09:48:28:973
wavfile=ECC_20181017_202417_796.wav
c:
g=1
sfte=192000
cF
cN
sD: 
dP
sP
end of file treatment


tOF : 09:48:29:033
wavfile=ECC_20181017_202504_951.wav
c:
g=1
sfte=192000
cF
cN
sD: 
dP
sP
end of file treatment


tOF : 09:48:29:108
wavfile=ECC_20181017_202639_537.wav
c:
g=1
sfte=192000
cF
cN
sD: 
dP
sP
end of file treatment


tOF : 09:48:29:183
wavfile=ECC_20181017_202718_848.wav
c:
g=1
sfte=192000
cF
cN
sD: 
dP
sP
end of file treatment


tOF : 09:48:29:254
wavfile=ECC_20181017_202807_931.wav
c:
g=1
sfte=192000
cF
cN
sD: 
dP
sP
end of file treatment


tOF : 09:48:29:315
wavfile=ECC_20181017_202900_179.wav
c:
g=1
sfte=192000
cF
cN
sD: 
dP
sP
end of file treatment


tOF : 09:48:29:373
wavfile=ECC_20181017_202938_184.wav
c:
g=1
sfte=192000
cF
cN
sD: 
dP
sP
end of file treatment


tOF : 09:48:29:427
wavfile=ECC_20181017_203017_425.wav
c:
g=1
sfte=192000
cF
cN
sD: 
dP
sP
end of file treatment


tOF : 09:48:29:488
wavfile=ECC_20181017_203110_408.wav
c:
g=1
sfte=192000
cF
cN
sD: 
dP
sP
end of file treatment


tOF : 09:48:29:559
wavfile=ECC_20181017_203225_243.wav
c:
g=1
sfte=192000
cF
cN
sD: 
dP
sP
end of file treatment


tOF : 09:48:29:618
wavfile=ECC_20181017_203307_704.wav
c:
g=1
sfte=192000
cF
cN
sD: 
dP
sP
end of file treatment


tOF : 09:48:29:698
wavfile=ECC_20181017_203340_396.wav
c:
g=1
sfte=192000
cF
cN
sD: 
dP
sP
end of file treatment


tOF : 09:48:29:760
wavfile=ECC_20181017_203416_431.wav
c:
g=1
sfte=192000
cF
cN
sD: 
dP
sP
end of file treatment


tOF : 09:48:29:828
wavfile=ECC_20181017_203457_071.wav
c:
g=1
sfte=192000
cF
cN
sD: 
dP
sP
end of file treatment


tOF : 09:48:29:881
wavfile=ECC_20181017_203534_671.wav
c:
g=1
sfte=192000
cF
cN
sD: 
dP
sP
end of file treatment


tOF : 09:48:29:942
wavfile=ECC_20181017_203606_044.wav
c:
g=1
sfte=192000
cF
cN
sD: 
dP
sP
end of file treatment


tOF : 09:48:30:009
wavfile=ECC_20181017_203810_665.wav
c:
g=1
sfte=192000
cF
cN
sD: 
dP
sP
end of file treatment


tOF : 09:48:30:082
wavfile=ECC_20181017_204004_565.wav
c:
g=1
sfte=192000
cF
cN
sD: 
dP
sP
end of file treatment


tOF : 09:48:30:155
wavfile=ECC_20181017_204042_021.wav
c:
g=1
sfte=192000
cF
cN
sD: 
dP
sP
end of file treatment


tOF : 09:48:30:230
wavfile=ECC_20181017_204112_383.wav
c:
g=1
sfte=192000
cF
cN
sD: 
dP
sP
end of file treatment


tOF : 09:48:30:298
wavfile=ECC_20181017_204203_629.wav
c:
g=1
sfte=192000
cF
cN
sD: 
dP
sP
end of file treatment


tOF : 09:48:30:380
wavfile=ECC_20181017_204243_815.wav
c:
g=1
sfte=192000
cF
cN
sD: 
dP
sP
end of file treatment


tOF : 09:48:30:449
wavfile=ECC_20181017_204356_092.wav
c:
g=1
sfte=192000
cF
cN
sD: 
dP
sP
end of file treatment


tOF : 09:48:30:503
wavfile=ECC_20181017_204457_745.wav
c:
g=1
sfte=192000
cF
cN
sD: 
dP
sP
end of file treatment


tOF : 09:48:30:567
wavfile=ECC_20181017_204535_992.wav
c:
g=1
sfte=192000
cF
cN
sD: 
dP
sP
end of file treatment


tOF : 09:48:30:631
wavfile=ECC_20181017_204611_920.wav
c:
g=1
sfte=192000
cF
cN
sD: 
dP
sP
end of file treatment


tOF : 09:48:30:705
wavfile=ECC_20181017_204646_407.wav
c:
g=1
sfte=192000
cF
cN
sD: 
dP
sP
end of file treatment


tOF : 09:48:30:780
wavfile=ECC_20181017_204733_016.wav
c:
g=1
sfte=192000
cF
cN
sD: 
dP
sP
end of file treatment


tOF : 09:48:30:851
wavfile=ECC_20181017_204810_684.wav
c:
g=1
sfte=192000
cF
cN
sD: 
dP
sP
end of file treatment


tOF : 09:48:30:920
wavfile=ECC_20181017_204846_061.wav
c:
g=1
sfte=192000
cF
cN
sD: 
dP
sP
end of file treatment


tOF : 09:48:30:978
wavfile=ECC_20181017_204922_311.wav
c:
g=1
sfte=192000
cF
cN
sD: 
dP
sP
end of file treatment


tOF : 09:48:31:056
wavfile=ECC_20181017_204955_364.wav
c:
g=1
sfte=192000
cF
cN
sD: 
dP
sP
end of file treatment


tOF : 09:48:31:116
wavfile=ECC_20181017_205026_899.wav
c:
g=1
sfte=192000
cF
cN
sD: 
dP
sP
end of file treatment


tOF : 09:48:31:196
wavfile=ECC_20181017_205105_253.wav
c:
g=1
sfte=192000
cF
cN
sD: 
dP
sP
end of file treatment


tOF : 09:48:31:304
wavfile=ECC_20181017_205144_723.wav
c:
g=1
sfte=192000
cF
cN
sD: 
dP
sP
end of file treatment


tOF : 09:48:31:371
wavfile=ECC_20181017_205221_925.wav
c:
g=1
sfte=192000
cF
cN
sD: 
dP
sP
end of file treatment


tOF : 09:48:31:432
wavfile=ECC_20181017_205307_149.wav
c:
g=1
sfte=192000
cF
cN
sD: 
dP
sP
end of file treatment


tOF : 09:48:31:495
wavfile=ECC_20181017_205345_649.wav
c:
g=1
sfte=192000
cF
cN
sD: 
dP
sP
end of file treatment


tOF : 09:48:31:566
wavfile=ECC_20181017_205527_437.wav
c:
g=1
sfte=192000
cF
cN
sD: 
dP
sP
end of file treatment


tOF : 09:48:31:693
wavfile=ECC_20181017_205601_520.wav
c:
g=1
sfte=192000
cF
cN
sD: 
dP
sP
end of file treatment


tOF : 09:48:31:770
wavfile=ECC_20181017_205632_872.wav
c:
g=1
sfte=192000
cF
cN
sD: 
dP
sP
end of file treatment


tOF : 09:48:31:827
wavfile=ECC_20181017_205749_123.wav
c:
g=1
sfte=192000
cF
cN
sD: 
dP
sP
end of file treatment


tOF : 09:48:31:896
wavfile=ECC_20181017_210113_091.wav
c:
g=1
sfte=192000
cF
cN
sD: 
dP
sP
end of file treatment


tOF : 09:48:31:950
wavfile=ECC_20181017_210149_908.wav
c:
g=1
sfte=192000
cF
cN
sD: 
dP
sP
end of file treatment


tOF : 09:48:32:020
wavfile=ECC_20181017_210223_552.wav
c:
g=1
sfte=192000
cF
cN
sD: 
dP
sP
end of file treatment


tOF : 09:48:32:082
wavfile=ECC_20181017_210257_032.wav
c:
g=1
sfte=192000
cF
cN
sD: 
dP
sP
end of file treatment


tOF : 09:48:32:149
wavfile=ECC_20181017_210331_663.wav
c:
g=1
sfte=192000
cF
cN
sD: 
dP
sP
end of file treatment


tOF : 09:48:32:212
wavfile=ECC_20181017_210419_531.wav
c:
g=1
sfte=192000
cF
cN
sD: 
dP
sP
end of file treatment


tOF : 09:48:32:286
wavfile=ECC_20181017_210555_059.wav
c:
g=1
sfte=192000
cF
cN
sD: 
dP
sP
end of file treatment


tOF : 09:48:32:342
wavfile=ECC_20181017_210723_519.wav
c:
g=1
sfte=192000
cF
cN
sD: 
dP
sP
end of file treatment


tOF : 09:48:32:400
wavfile=ECC_20181017_211607_096.wav
c:
g=1
sfte=192000
cF
cN
sD: 
dP
sP
end of file treatment


tOF : 09:48:32:455
wavfile=ECC_20181017_212242_892.wav
c:
g=1
sfte=192000
cF
cN
sD: 
dP
sP
end of file treatment


tOF : 09:48:32:510
wavfile=ECC_20181017_212427_971.wav
c:
g=1
sfte=192000
cF
cN
sD: 
dP
sP
end of file treatment


tOF : 09:48:32:595
wavfile=ECC_20181017_214022_468.wav
c:
g=1
sfte=192000
cF
cN
sD: 
dP
sP
end of file treatment


tOF : 09:48:32:658
wavfile=ECC_20181017_214056_988.wav
c:
g=1
sfte=192000
cF
cN
sD: 
dP
sP
end of file treatment


tOF : 09:48:32:733
wavfile=ECC_20181017_214127_917.wav
c:
g=1
sfte=192000
cF
cN
sD: 
dP
sP
end of file treatment


tOF : 09:48:32:804
wavfile=ECC_20181017_214202_289.wav
c:
g=1
sfte=192000
cF
cN
sD: 
dP
sP
end of file treatment


tOF : 09:48:32:865
wavfile=ECC_20181017_214237_813.wav
c:
g=1
sfte=192000
cF
cN
sD: 
dP
sP
end of file treatment


tOF : 09:48:32:930
wavfile=ECC_20181017_214339_867.wav
c:
g=1
sfte=192000
cF
cN
sD: 
dP
sP
end of file treatment


tOF : 09:48:32:990
wavfile=ECC_20181017_214416_453.wav
c:
g=1
sfte=192000
cF
cN
sD: 
dP
sP
end of file treatment


tOF : 09:48:33:060
wavfile=ECC_20181017_214451_085.wav
c:
g=1
sfte=192000
cF
cN
sD: 
dP
sP
end of file treatment


tOF : 09:48:33:133
wavfile=ECC_20181017_214529_225.wav
c:
g=1
sfte=192000
cF
cN
sD: 
dP
sP
end of file treatment


tOF : 09:48:33:215
wavfile=ECC_20181017_214610_568.wav
c:
g=1
sfte=192000
cF
cN
sD: 
dP
sP
end of file treatment


tOF : 09:48:33:271
wavfile=ECC_20181017_214755_305.wav
c:
g=1
sfte=192000
cF
cN
sD: 
dP
sP
end of file treatment


tOF : 09:48:33:345
wavfile=ECC_20181017_214857_877.wav
c:
g=1
sfte=192000
cF
cN
sD: 
dP
sP
end of file treatment


tOF : 09:48:33:415
wavfile=ECC_20181017_215033_932.wav
c:
g=1
sfte=192000
cF
cN
sD: 
dP
sP
end of file treatment


tOF : 09:48:33:474
wavfile=ECC_20181017_225959_599.wav
c:
g=1
sfte=192000
cF
cN
sD: 
dP
sP
end of file treatment


tOF : 09:48:33:534
wavfile=ECC_20181018_005404_000.wav
c:
g=1
sfte=192000
cF
cN
sD: 
dP
sP
end of file treatment


tOF : 09:48:33:605
wavfile=ECC_20181018_022404_000.wav
c:
g=1
sfte=192000
cF
cN
sD: 
dP
sP
end of file treatment


tOF : 09:48:33:662
wavfile=ECC_20181018_025445_853.wav
c:
g=1
sfte=192000
cF
cN
sD: 
dP
sP
end of file treatment


tOF : 09:48:33:760
wavfile=ECC_20181018_025731_804.wav
c:
g=1
sfte=192000
cF
cN
sD: 
dP
sP
end of file treatment


tOF : 09:48:33:834
wavfile=ECC_20181018_030253_828.wav
c:
g=1
sfte=192000
cF
cN
sD: 
dP
sP
end of file treatment


tOF : 09:48:33:903
wavfile=ECC_20181018_030643_099.wav
c:
g=1
sfte=192000
cF
cN
sD: 
dP
sP
end of file treatment


tOF : 09:48:33:964
wavfile=ECC_20181018_031311_332.wav
c:
g=1
sfte=192000
cF
cN
sD: 
dP
sP
end of file treatment


tOF : 09:48:34:027
wavfile=ECC_20181018_032404_000.wav
c:
g=1
sfte=192000
cF
cN
sD: 
dP
sP
end of file treatment


tOF : 09:48:34:092
wavfile=ECC_20181018_042643_817.wav
c:
g=1
sfte=192000
cF
cN
sD: 
dP
sP
end of file treatment


tOF : 09:48:34:168
wavfile=ECC_20181018_043607_292.wav
c:
g=1
sfte=192000
cF
cN
sD: 
dP
sP
end of file treatment


tOF : 09:48:34:264
wavfile=ECC_20181018_044117_413.wav
c:
g=1
sfte=192000
cF
cN
sD: 
dP
sP
end of file treatment


tOF : 09:48:34:325
wavfile=ECC_20181018_044202_069.wav
c:
g=1
sfte=192000
cF
cN
sD: 
dP
sP
end of file treatment


tOF : 09:48:34:387
wavfile=ECC_20181018_044634_232.wav
c:
g=1
sfte=192000
cF
cN
sD: 
dP
sP
end of file treatment


tOF : 09:48:34:455
wavfile=ECC_20181018_044945_507.wav
c:
g=1
sfte=192000
cF
cN
sD: 
dP
sP
end of file treatment


tOF : 09:48:34:532
wavfile=ECC_20181018_045038_827.wav
c:
g=1
sfte=192000
cF
cN
sD: 
dP
sP
end of file treatment


tOF : 09:48:34:595
wavfile=ECC_20181018_045143_703.wav
c:
g=1
sfte=192000
cF
cN
sD: 
dP
sP
end of file treatment


tOF : 09:48:34:660
wavfile=ECC_20181018_045304_416.wav
c:
g=1
sfte=192000
cF
cN
sD: 
dP
sP
end of file treatment


tOF : 09:48:34:720
wavfile=ECC_20181018_045557_452.wav
c:
g=1
sfte=192000
cF
cN
sD: 
dP
sP
end of file treatment


tOF : 09:48:34:797
wavfile=ECC_20181018_045958_975.wav
c:
g=1
sfte=192000
cF
cN
sD: 
dP
sP
end of file treatment


tOF : 09:48:34:860
wavfile=ECC_20181018_050242_767.wav
c:
g=1
sfte=192000
cF
cN
sD: 
dP
sP
end of file treatment


tOF : 09:48:34:919
wavfile=ECC_20181018_050331_239.wav
c:
g=1
sfte=192000
cF
cN
sD: 
dP
sP
end of file treatment


tOF : 09:48:34:986
wavfile=ECC_20181018_050414_029.wav
c:
g=1
sfte=192000
cF
cN
sD: 
dP
sP
end of file treatment


tOF : 09:48:35:055
wavfile=ECC_20181018_050506_284.wav
c:
g=1
sfte=192000
cF
cN
sD: 
dP
sP
end of file treatment


tOF : 09:48:35:113
wavfile=ECC_20181018_050732_891.wav
c:
g=1
sfte=192000
cF
cN
sD: 
dP
sP
end of file treatment


tOF : 09:48:35:175
wavfile=ECC_20181018_050818_655.wav
c:
g=1
sfte=192000
cF
cN
sD: 
dP
sP
end of file treatment


tOF : 09:48:35:239
wavfile=ECC_20181018_050930_747.wav
c:
g=1
sfte=192000
cF
cN
sD: 
dP
sP
end of file treatment


tOF : 09:48:35:311
wavfile=ECC_20181018_051009_644.wav
c:
g=1
sfte=192000
cF
cN
sD: 
dP
sP
end of file treatment


tOF : 09:48:35:385
wavfile=ECC_20181018_051605_252.wav
c:
g=1
sfte=192000
cF
cN
sD: 
dP
sP
end of file treatment


tOF : 09:48:35:438
wavfile=ECC_20181018_052026_535.wav
c:
g=1
sfte=192000
cF
cN
sD: 
dP
sP
end of file treatment


tOF : 09:48:35:513
wavfile=ECC_20181018_052602_225.wav
c:
g=1
sfte=192000
cF
cN
sD: 
dP
sP
end of file treatment


tOF : 09:48:35:583
wavfile=ECC_20181018_052657_456.wav
c:
g=1
sfte=192000
cF
cN
sD: 
dP
sP
end of file treatment


tOF : 09:48:35:640
wavfile=ECC_20181018_052745_164.wav
c:
g=1
sfte=192000
cF
cN
sD: 
dP
sP
end of file treatment


tOF : 09:48:35:698
wavfile=ECC_20181018_053215_696.wav
c:
g=1
sfte=192000
cF
cN
sD: 
dP
sP
end of file treatment


tOF : 09:48:35:786
wavfile=ECC_20181018_053253_157.wav
c:
g=1
sfte=192000
cF
cN
sD: 
dP
sP
end of file treatment


tOF : 09:48:35:855
wavfile=ECC_20181018_053453_211.wav
c:
g=1
sfte=192000
cF
cN
sD: 
dP
sP
end of file treatment


tOF : 09:48:35:922
wavfile=ECC_20181018_053611_108.wav
c:
g=1
sfte=192000
cF
cN
sD: 
dP
sP
end of file treatment


tOF : 09:48:35:992
wavfile=ECC_20181018_053734_127.wav
c:
g=1
sfte=192000
cF
cN
sD: 
dP
sP
end of file treatment


tOF : 09:48:36:061
wavfile=ECC_20181018_064245_936.wav
c:
g=1
sfte=192000
cF
cN
sD: 
dP
sP
end of file treatment


tOF : 09:48:36:118
wavfile=ECC_20181018_175204_000.wav
c:
g=1
sfte=192000
cF
cN
sD: 
dP
sP
end of file treatment


tOF : 09:48:36:187
wavfile=ECC_20181018_205204_000.wav
c:
g=1
sfte=192000
cF
cN
sD: 
dP
sP
end of file treatment


tOF : 09:48:36:297
wavfile=ECC_20181018_235204_000.wav
c:
g=1
sfte=192000
cF
cN
sD: 
dP
sP
end of file treatment


tOF : 09:48:36:363
wavfile=ECC_20181019_022204_000.wav
c:
g=1
sfte=192000
cF
cN
sD: 
dP
sP
end of file treatment


tOF : 09:48:36:434
wavfile=ECC_20181019_052204_000.wav
c:
g=1
sfte=192000
cF
cN
sD: 
dP
sP
end of file treatment


tOF : 09:48:36:500
wavfile=ECC_20181019_172004_000.wav
c:
g=1
sfte=192000
cF
cN
sD: 
dP
sP
end of file treatment


tOF : 09:48:36:561
wavfile=ECC_20181019_192004_000.wav
c:
g=1
sfte=192000
cF
cN
sD: 
dP
sP
end of file treatment


tOF : 09:48:36:630
wavfile=ECC_20181019_222004_000.wav
c:
g=1
sfte=192000
cF
cN
sD: 
dP
sP
end of file treatment


tOF : 09:48:36:681
wavfile=ECC_20181020_012004_000.wav
c:
g=1
sfte=192000
cF
cN
sD: 
dP
sP
end of file treatment


tOF : 09:48:36:776
wavfile=ECC_20181020_042004_000.wav
c:
g=1
sfte=192000
cF
cN
sD: 
dP
sP
end of file treatment


tOF : 09:48:36:850
wavfile=ECC_20181020_161800_000.wav
c:
g=1
sfte=192000
cF
cN
sD: 
dP
sP
end of file treatment


tOF : 09:48:36:914
wavfile=ECC_20181020_173829_533.wav
c:
g=1
sfte=192000
cF
cN
sD: 
dP
sP
end of file treatment


tOF : 09:48:36:977
wavfile=ECC_20181020_184804_000.wav
c:
g=1
sfte=192000
cF
cN
sD: 
dP
sP
end of file treatment


tOF : 09:48:37:042
wavfile=ECC_20181020_214804_000.wav
c:
g=1
sfte=192000
cF
cN
sD: 
dP
sP
end of file treatment


tOF : 09:48:37:104
wavfile=ECC_20181021_004809_000.wav
c:
g=1
sfte=192000
cF
cN
sD: 
dP
sP
end of file treatment


tOF : 09:48:37:174
wavfile=ECC_20181021_034813_000.wav
c:
g=1
sfte=192000
cF
cN
sD: 
dP
sP
end of file treatment


tOF : 09:48:37:231
wavfile=ECC_20181021_064804_000.wav
c:
g=1
sfte=192000
cF
cN
sD: 
dP
sP
end of file treatment


tOF : 09:48:37:313
wavfile=ECC_20181021_172144_159.wav
c:
g=1
sfte=192000
cF
cN
sD: 
dP
sP
end of file treatment


tOF : 09:48:37:375
wavfile=ECC_20181021_174604_000.wav
c:
g=1
sfte=192000
cF
cN
sD: 
dP
sP
end of file treatment


tOF : 09:48:37:432
wavfile=ECC_20181021_190515_596.wav
c:
g=1
sfte=192000
cF
cN
sD: 
dP
sP
end of file treatment


tOF : 09:48:37:542
wavfile=ECC_20181021_190725_863.wav
c:
g=1
sfte=192000
cF
cN
sD: 
dP
sP
end of file treatment


tOF : 09:48:37:642
wavfile=ECC_20181021_214604_000.wav
c:
g=1
sfte=192000
cF
cN
sD: 
dP
sP
end of file treatment


tOF : 09:48:37:712
wavfile=ECC_20181022_004604_000.wav
c:
g=1
sfte=192000
cF
cN
sD: 
dP
sP
end of file treatment


tOF : 09:48:37:791
wavfile=ECC_20181022_034604_000.wav
c:
g=1
sfte=192000
cF
cN
sD: 
dP
sP
end of file treatment


tOF : 09:48:37:877
wavfile=ECC_20181022_064604_000.wav
c:
g=1
sfte=192000
cF
cN
sD: 
dP
sP
end of file treatment


tOF : 09:48:37:951
wavfile=ECC_20181022_184404_000.wav
c:
g=1
sfte=192000
cF
cN
sD: 
dP
sP
end of file treatment


tOF : 09:48:38:015
wavfile=ECC_20181022_214404_000.wav
c:
g=1
sfte=192000
cF
cN
sD: 
dP
sP
end of file treatment


tOF : 09:48:38:077
wavfile=ECC_20181023_004404_000.wav
c:
g=1
sfte=192000
cF
cN
sD: 
dP
sP
end of file treatment


tOF : 09:48:38:137
wavfile=ECC_20181023_034404_000.wav
c:
g=1
sfte=192000
cF
cN
sD: 
dP
sP
end of file treatment


tOF : 09:48:38:196
wavfile=ECC_20181023_064404_000.wav
c:
g=1
sfte=192000
cF
cN
sD: 
dP
sP
end of file treatment


tOF : 09:48:38:283
wavfile=ECC_20181023_184104_000.wav
c:
g=1
sfte=192000
cF
cN
sD: 
dP
sP
end of file treatment


tOF : 09:48:38:352
wavfile=ECC_20181023_214104_000.wav
c:
g=1
sfte=192000
cF
cN
sD: 
dP
sP
end of file treatment


tOF : 09:48:38:413
wavfile=ECC_20181024_004104_000.wav
c:
g=1
sfte=192000
cF
cN
sD: 
dP
sP
end of file treatment


tOF : 09:48:38:478
wavfile=ECC_20181024_034104_000.wav
c:
g=1
sfte=192000
cF
cN
sD: 
dP
sP
end of file treatment


tOF : 09:48:38:542
wavfile=ECC_20181024_064104_000.wav
c:
g=1
sfte=192000
cF
cN
sD: 
dP
sP
end of file treatment


tOF : 09:48:38:596
wavfile=ECC_20181024_182015_777.wav
c:
g=1
sfte=192000
cF
cN
sD: 
dP
sP
end of file treatment


tOF : 09:48:38:651
wavfile=ECC_20181024_203904_000.wav
c:
g=1
sfte=192000
cF
cN
sD: 
dP
sP
end of file treatment


tOF : 09:48:38:735
wavfile=ECC_20181024_233904_000.wav
c:
g=1
sfte=192000
cF
cN
sD: 
dP
sP
end of file treatment


tOF : 09:48:38:844
wavfile=ECC_20181025_023904_000.wav
c:
g=1
sfte=192000
cF
cN
sD: 
dP
sP
end of file treatment


tOF : 09:48:38:893
wavfile=ECC_20181025_053904_000.wav
c:
g=1
sfte=192000
cF
cN
sD: 
dP
sP
end of file treatment
endDetec  IThread = 3
