dtt modefreq=1


tOF : 09:48:57:326
wavfile=ECC_20181105_172427_000.wav
c:
g=1
sfte=192000
cF
cN
sD: 
dP
sP
end of file treatment


tOF : 09:48:57:411
wavfile=ECC_20181110_173036_000.wav
c:
g=1
sfte=192000
cF
cN
sD: 
dP
sP
end of file treatment


tOF : 09:48:57:494
wavfile=ECC_20181115_180642_000.wav
c:
g=1
sfte=192000
cF
cN
sD: 
dP
sP
end of file treatment


tOF : 09:48:57:620
wavfile=ECC_20181208_053619_000.wav
c:
g=1
sfte=192000
cF
cN
sD: 
dP
sP
end of file treatment


tOF : 09:48:57:773
wavfile=ECC_20181215_174322_000.wav
c:
g=1
sfte=192000
cF
cN
sD: 
dP
sP
end of file treatment
endDetec  IThread = 2
