dtt modefreq=1


tOF : 09:48:57:393
wavfile=ECC_20181105_211036_000.wav
c:
g=1
sfte=192000
cF
cN
sD: 
dP
sP
end of file treatment


tOF : 09:48:57:545
wavfile=ECC_20181113_173136_000.wav
c:
g=1
sfte=192000
cF
cN
sD: 
dP
sP
end of file treatment


tOF : 09:48:57:602
wavfile=ECC_20181201_222744_000.wav
c:
g=1
sfte=192000
cF
cN
sD: 
dP
sP
end of file treatment


tOF : 09:48:57:886
wavfile=ECC_20181215_151933_000.wav
c:
g=1
sfte=192000
cF
cN
sD: 
dP
sP
end of file treatment


tOF : 09:48:57:957
wavfile=ECC_20181226_230539_000.wav
c:
g=1
sfte=192000
cF
cN
sD: 
dP
sP
end of file treatment
endDetec  IThread = 5
