dtt modefreq=1


tOF : 09:48:57:288
wavfile=ECC_20181025_183842_000.wav
c:
g=1
sfte=192000
cF
cN
sD: 
dP
sP
end of file treatment


tOF : 09:48:57:366
wavfile=ECC_20181107_234630_000.wav
c:
g=1
sfte=192000
cF
cN
sD: 
dP
sP
end of file treatment


tOF : 09:48:57:557
wavfile=ECC_20181115_165520_000.wav
c:
g=1
sfte=192000
cF
cN
sD: 
dP
sP
end of file treatment


tOF : 09:48:57:726
wavfile=ECC_20181201_222749_000.wav
c:
g=1
sfte=192000
cF
cN
sD: 
dP
sP
end of file treatment


tOF : 09:48:57:739
wavfile=ECC_20181215_162326_000.wav
c:
g=1
sfte=192000
cF
cN
sD: 
dP
sP
end of file treatment
endDetec  IThread = 0
